[2026-01-10 12:31:45,455] {taskinstance.py:903} INFO - Dependencies all met for <TaskInstance: load_transport_data.create_tables 2026-01-10T12:26:39.133989+00:00 [queued]>
[2026-01-10 12:31:45,473] {taskinstance.py:903} INFO - Dependencies all met for <TaskInstance: load_transport_data.create_tables 2026-01-10T12:26:39.133989+00:00 [queued]>
[2026-01-10 12:31:45,473] {taskinstance.py:1094} INFO - 
--------------------------------------------------------------------------------
[2026-01-10 12:31:45,473] {taskinstance.py:1095} INFO - Starting attempt 2 of 2
[2026-01-10 12:31:45,473] {taskinstance.py:1096} INFO - 
--------------------------------------------------------------------------------
[2026-01-10 12:31:45,482] {taskinstance.py:1114} INFO - Executing <Task(PostgresOperator): create_tables> on 2026-01-10T12:26:39.133989+00:00
[2026-01-10 12:31:45,488] {standard_task_runner.py:52} INFO - Started process 431 to run task
[2026-01-10 12:31:45,494] {standard_task_runner.py:76} INFO - Running: ['***', 'tasks', 'run', 'load_transport_data', 'create_tables', '2026-01-10T12:26:39.133989+00:00', '--job-id', '8', '--pool', 'default_pool', '--raw', '--subdir', 'DAGS_FOLDER/load_transport_data.py', '--cfg-path', '/tmp/tmpvua9w2ez', '--error-file', '/tmp/tmphowzcwum']
[2026-01-10 12:31:45,494] {standard_task_runner.py:77} INFO - Job 8: Subtask create_tables
[2026-01-10 12:31:45,556] {logging_mixin.py:109} INFO - Running <TaskInstance: load_transport_data.create_tables 2026-01-10T12:26:39.133989+00:00 [running]> on host 40ff045a51cd
[2026-01-10 12:31:45,623] {taskinstance.py:1253} INFO - Exporting the following env vars:
AIRFLOW_CTX_DAG_OWNER=data-engineer
AIRFLOW_CTX_DAG_ID=load_transport_data
AIRFLOW_CTX_TASK_ID=create_tables
AIRFLOW_CTX_EXECUTION_DATE=2026-01-10T12:26:39.133989+00:00
AIRFLOW_CTX_DAG_RUN_ID=manual__2026-01-10T12:26:39.133989+00:00
[2026-01-10 12:31:45,623] {postgres.py:68} INFO - Executing: 
    CREATE TABLE IF NOT EXISTS main_id (
        globalid BIGINT PRIMARY KEY,
        name TEXT
    );
    CREATE TABLE IF NOT EXISTS transport_nodes (
        globalid BIGINT PRIMARY KEY,
        name TEXT,
        type TEXT,
        lon DECIMAL(10,8),
        lat DECIMAL(10,8)
    );
    CREATE TABLE IF NOT EXISTS difficult_node (
        tpuname TEXT,
        admarea TEXT,
        district TEXT,
        nearstation TEXT,
        holder TEXT,
        globalid BIGINT REFERENCES main_id(globalid),
        lon DECIMAL(10,8),
        lat DECIMAL(10,8)
    );
    CREATE TABLE IF NOT EXISTS pass_mes (
        id BIGINT PRIMARY KEY,
        year INT,
        month INT,
        transporttype TEXT,
        passengertraffic BIGINT,
        globalid BIGINT REFERENCES main_id(globalid),
        monthnum INT,
        data DATE
    );
    CREATE TABLE IF NOT EXISTS zapravki (
        id BIGINT PRIMARY KEY,
        globalid BIGINT REFERENCES main_id(globalid),
        name TEXT,
        shortname TEXT,
        admarea TEXT,
        district TEXT,
        address TEXT,
        owner TEXT,
        testdate DATE,
        lon DECIMAL(10,8),
        lat DECIMAL(10,8)
    );

    CREATE TABLE IF NOT EXISTS nerovnosti (
        name TEXT,
        globalid BIGINT REFERENCES main_id(globalid),
        admarea TEXT,
        district TEXT,
        location TEXT,
        lon DECIMAL(10,8),
        lat DECIMAL(10,8),
        material TEXT
    );
    
    CREATE TABLE IF NOT EXISTS zariad (
        globalid BIGINT REFERENCES main_id(globalid),
        name TEXT,
        balanceholder TEXT,
        admarea TEXT,
        district TEXT,
        address TEXT,
        lon DECIMAL(10,8),
        lat DECIMAL(10,8)
    );
    
    CREATE TABLE IF NOT EXISTS parking (
        id BIGINT PRIMARY KEY,
        name TEXT,
        placeid TEXT,
        admarea TEXT,
        district TEXT,
        address TEXT,
        countspaces INT,
        globalid BIGINT REFERENCES main_id(globalid),
        lon DECIMAL(10,8),
        lat DECIMAL(10,8),
        type_park TEXT
    );
    
    
    
[2026-01-10 12:31:45,644] {taskinstance.py:1462} ERROR - Task failed with exception
Traceback (most recent call last):
  File "/home/airflow/.local/lib/python3.6/site-packages/airflow/models/taskinstance.py", line 1164, in _run_raw_task
    self._prepare_and_execute_task_with_callbacks(context, task)
  File "/home/airflow/.local/lib/python3.6/site-packages/airflow/models/taskinstance.py", line 1282, in _prepare_and_execute_task_with_callbacks
    result = self._execute_task(context, task_copy)
  File "/home/airflow/.local/lib/python3.6/site-packages/airflow/models/taskinstance.py", line 1312, in _execute_task
    result = task_copy.execute(context=context)
  File "/home/airflow/.local/lib/python3.6/site-packages/airflow/providers/postgres/operators/postgres.py", line 70, in execute
    self.hook.run(self.sql, self.autocommit, parameters=self.parameters)
  File "/home/airflow/.local/lib/python3.6/site-packages/airflow/hooks/dbapi.py", line 177, in run
    with closing(self.get_conn()) as conn:
  File "/home/airflow/.local/lib/python3.6/site-packages/airflow/providers/postgres/hooks/postgres.py", line 88, in get_conn
    conn = deepcopy(self.connection or self.get_connection(conn_id))
  File "/home/airflow/.local/lib/python3.6/site-packages/airflow/hooks/base.py", line 68, in get_connection
    conn = Connection.get_connection_from_secrets(conn_id)
  File "/home/airflow/.local/lib/python3.6/site-packages/airflow/models/connection.py", line 379, in get_connection_from_secrets
    raise AirflowNotFoundException(f"The conn_id `{conn_id}` isn't defined")
airflow.exceptions.AirflowNotFoundException: The conn_id `postgres_default` isn't defined
[2026-01-10 12:31:45,647] {taskinstance.py:1512} INFO - Marking task as FAILED. dag_id=load_transport_data, task_id=create_tables, execution_date=20260110T122639, start_date=20260110T123145, end_date=20260110T123145
[2026-01-10 12:31:45,672] {local_task_job.py:151} INFO - Task exited with return code 1
[2026-01-10 12:31:45,707] {local_task_job.py:261} INFO - 0 downstream tasks scheduled from follow-on schedule check
