[2026-01-10 09:28:45,333] {processor.py:162} INFO - Started process (PID=228) to work on /home/airflow/.local/lib/python3.6/site-packages/airflow/example_dags/example_nested_branch_dag.py
[2026-01-10 09:28:45,336] {processor.py:613} INFO - Processing file /home/airflow/.local/lib/python3.6/site-packages/airflow/example_dags/example_nested_branch_dag.py for tasks to queue
[2026-01-10 09:28:45,339] {logging_mixin.py:109} INFO - [2026-01-10 09:28:45,339] {dagbag.py:496} INFO - Filling up the DagBag from /home/airflow/.local/lib/python3.6/site-packages/airflow/example_dags/example_nested_branch_dag.py
[2026-01-10 09:28:45,373] {processor.py:623} INFO - DAG(s) dict_keys(['example_nested_branch_dag']) retrieved from /home/airflow/.local/lib/python3.6/site-packages/airflow/example_dags/example_nested_branch_dag.py
[2026-01-10 09:28:49,921] {logging_mixin.py:109} INFO - [2026-01-10 09:28:49,917] {dag.py:1833} INFO - Sync 1 DAGs
[2026-01-10 09:28:49,939] {logging_mixin.py:109} INFO - [2026-01-10 09:28:49,936] {dag.py:1852} INFO - Creating ORM DAG for example_nested_branch_dag
[2026-01-10 09:28:49,956] {logging_mixin.py:109} INFO - [2026-01-10 09:28:49,954] {dag.py:2306} INFO - Setting next_dagrun for example_nested_branch_dag to 2026-01-08 00:00:00+00:00
[2026-01-10 09:28:49,975] {processor.py:170} INFO - Processing /home/airflow/.local/lib/python3.6/site-packages/airflow/example_dags/example_nested_branch_dag.py took 4.651 seconds
[2026-01-10 09:29:20,566] {processor.py:162} INFO - Started process (PID=300) to work on /home/airflow/.local/lib/python3.6/site-packages/airflow/example_dags/example_nested_branch_dag.py
[2026-01-10 09:29:20,569] {processor.py:613} INFO - Processing file /home/airflow/.local/lib/python3.6/site-packages/airflow/example_dags/example_nested_branch_dag.py for tasks to queue
[2026-01-10 09:29:20,570] {logging_mixin.py:109} INFO - [2026-01-10 09:29:20,570] {dagbag.py:496} INFO - Filling up the DagBag from /home/airflow/.local/lib/python3.6/site-packages/airflow/example_dags/example_nested_branch_dag.py
[2026-01-10 09:29:20,589] {processor.py:623} INFO - DAG(s) dict_keys(['example_nested_branch_dag']) retrieved from /home/airflow/.local/lib/python3.6/site-packages/airflow/example_dags/example_nested_branch_dag.py
[2026-01-10 09:29:20,620] {logging_mixin.py:109} INFO - [2026-01-10 09:29:20,620] {dag.py:1833} INFO - Sync 1 DAGs
[2026-01-10 09:29:20,658] {logging_mixin.py:109} INFO - [2026-01-10 09:29:20,658] {dag.py:2306} INFO - Setting next_dagrun for example_nested_branch_dag to 2026-01-08 00:00:00+00:00
[2026-01-10 09:29:20,672] {processor.py:170} INFO - Processing /home/airflow/.local/lib/python3.6/site-packages/airflow/example_dags/example_nested_branch_dag.py took 0.111 seconds
[2026-01-10 09:29:50,723] {processor.py:162} INFO - Started process (PID=351) to work on /home/airflow/.local/lib/python3.6/site-packages/airflow/example_dags/example_nested_branch_dag.py
[2026-01-10 09:29:50,725] {processor.py:613} INFO - Processing file /home/airflow/.local/lib/python3.6/site-packages/airflow/example_dags/example_nested_branch_dag.py for tasks to queue
[2026-01-10 09:29:50,726] {logging_mixin.py:109} INFO - [2026-01-10 09:29:50,726] {dagbag.py:496} INFO - Filling up the DagBag from /home/airflow/.local/lib/python3.6/site-packages/airflow/example_dags/example_nested_branch_dag.py
[2026-01-10 09:29:50,754] {processor.py:623} INFO - DAG(s) dict_keys(['example_nested_branch_dag']) retrieved from /home/airflow/.local/lib/python3.6/site-packages/airflow/example_dags/example_nested_branch_dag.py
[2026-01-10 09:29:50,780] {logging_mixin.py:109} INFO - [2026-01-10 09:29:50,780] {dag.py:1833} INFO - Sync 1 DAGs
[2026-01-10 09:29:50,807] {logging_mixin.py:109} INFO - [2026-01-10 09:29:50,807] {dag.py:2306} INFO - Setting next_dagrun for example_nested_branch_dag to 2026-01-08 00:00:00+00:00
[2026-01-10 09:29:50,818] {processor.py:170} INFO - Processing /home/airflow/.local/lib/python3.6/site-packages/airflow/example_dags/example_nested_branch_dag.py took 0.104 seconds
[2026-01-10 09:30:20,964] {processor.py:162} INFO - Started process (PID=402) to work on /home/airflow/.local/lib/python3.6/site-packages/airflow/example_dags/example_nested_branch_dag.py
[2026-01-10 09:30:20,965] {processor.py:613} INFO - Processing file /home/airflow/.local/lib/python3.6/site-packages/airflow/example_dags/example_nested_branch_dag.py for tasks to queue
[2026-01-10 09:30:20,965] {logging_mixin.py:109} INFO - [2026-01-10 09:30:20,965] {dagbag.py:496} INFO - Filling up the DagBag from /home/airflow/.local/lib/python3.6/site-packages/airflow/example_dags/example_nested_branch_dag.py
[2026-01-10 09:30:20,991] {processor.py:623} INFO - DAG(s) dict_keys(['example_nested_branch_dag']) retrieved from /home/airflow/.local/lib/python3.6/site-packages/airflow/example_dags/example_nested_branch_dag.py
[2026-01-10 09:30:21,026] {logging_mixin.py:109} INFO - [2026-01-10 09:30:21,025] {dag.py:1833} INFO - Sync 1 DAGs
[2026-01-10 09:30:21,054] {logging_mixin.py:109} INFO - [2026-01-10 09:30:21,054] {dag.py:2306} INFO - Setting next_dagrun for example_nested_branch_dag to 2026-01-08 00:00:00+00:00
[2026-01-10 09:30:21,072] {processor.py:170} INFO - Processing /home/airflow/.local/lib/python3.6/site-packages/airflow/example_dags/example_nested_branch_dag.py took 0.113 seconds
[2026-01-10 09:30:51,272] {processor.py:162} INFO - Started process (PID=461) to work on /home/airflow/.local/lib/python3.6/site-packages/airflow/example_dags/example_nested_branch_dag.py
[2026-01-10 09:30:51,274] {processor.py:613} INFO - Processing file /home/airflow/.local/lib/python3.6/site-packages/airflow/example_dags/example_nested_branch_dag.py for tasks to queue
[2026-01-10 09:30:51,274] {logging_mixin.py:109} INFO - [2026-01-10 09:30:51,274] {dagbag.py:496} INFO - Filling up the DagBag from /home/airflow/.local/lib/python3.6/site-packages/airflow/example_dags/example_nested_branch_dag.py
[2026-01-10 09:30:51,300] {processor.py:623} INFO - DAG(s) dict_keys(['example_nested_branch_dag']) retrieved from /home/airflow/.local/lib/python3.6/site-packages/airflow/example_dags/example_nested_branch_dag.py
[2026-01-10 09:30:51,406] {logging_mixin.py:109} INFO - [2026-01-10 09:30:51,405] {dag.py:1833} INFO - Sync 1 DAGs
[2026-01-10 09:30:51,437] {logging_mixin.py:109} INFO - [2026-01-10 09:30:51,436] {dag.py:2306} INFO - Setting next_dagrun for example_nested_branch_dag to 2026-01-08 00:00:00+00:00
[2026-01-10 09:30:51,450] {processor.py:170} INFO - Processing /home/airflow/.local/lib/python3.6/site-packages/airflow/example_dags/example_nested_branch_dag.py took 0.187 seconds
[2026-01-10 09:31:21,676] {processor.py:162} INFO - Started process (PID=513) to work on /home/airflow/.local/lib/python3.6/site-packages/airflow/example_dags/example_nested_branch_dag.py
[2026-01-10 09:31:21,679] {processor.py:613} INFO - Processing file /home/airflow/.local/lib/python3.6/site-packages/airflow/example_dags/example_nested_branch_dag.py for tasks to queue
[2026-01-10 09:31:21,680] {logging_mixin.py:109} INFO - [2026-01-10 09:31:21,680] {dagbag.py:496} INFO - Filling up the DagBag from /home/airflow/.local/lib/python3.6/site-packages/airflow/example_dags/example_nested_branch_dag.py
[2026-01-10 09:31:21,710] {processor.py:623} INFO - DAG(s) dict_keys(['example_nested_branch_dag']) retrieved from /home/airflow/.local/lib/python3.6/site-packages/airflow/example_dags/example_nested_branch_dag.py
[2026-01-10 09:31:21,751] {logging_mixin.py:109} INFO - [2026-01-10 09:31:21,751] {dag.py:1833} INFO - Sync 1 DAGs
[2026-01-10 09:31:21,786] {logging_mixin.py:109} INFO - [2026-01-10 09:31:21,786] {dag.py:2306} INFO - Setting next_dagrun for example_nested_branch_dag to 2026-01-08 00:00:00+00:00
[2026-01-10 09:31:21,811] {processor.py:170} INFO - Processing /home/airflow/.local/lib/python3.6/site-packages/airflow/example_dags/example_nested_branch_dag.py took 0.139 seconds
[2026-01-10 09:31:52,168] {processor.py:162} INFO - Started process (PID=564) to work on /home/airflow/.local/lib/python3.6/site-packages/airflow/example_dags/example_nested_branch_dag.py
[2026-01-10 09:31:52,171] {processor.py:613} INFO - Processing file /home/airflow/.local/lib/python3.6/site-packages/airflow/example_dags/example_nested_branch_dag.py for tasks to queue
[2026-01-10 09:31:52,171] {logging_mixin.py:109} INFO - [2026-01-10 09:31:52,171] {dagbag.py:496} INFO - Filling up the DagBag from /home/airflow/.local/lib/python3.6/site-packages/airflow/example_dags/example_nested_branch_dag.py
[2026-01-10 09:31:52,193] {processor.py:623} INFO - DAG(s) dict_keys(['example_nested_branch_dag']) retrieved from /home/airflow/.local/lib/python3.6/site-packages/airflow/example_dags/example_nested_branch_dag.py
[2026-01-10 09:31:52,227] {logging_mixin.py:109} INFO - [2026-01-10 09:31:52,227] {dag.py:1833} INFO - Sync 1 DAGs
[2026-01-10 09:31:52,261] {logging_mixin.py:109} INFO - [2026-01-10 09:31:52,261] {dag.py:2306} INFO - Setting next_dagrun for example_nested_branch_dag to 2026-01-08 00:00:00+00:00
[2026-01-10 09:31:52,278] {processor.py:170} INFO - Processing /home/airflow/.local/lib/python3.6/site-packages/airflow/example_dags/example_nested_branch_dag.py took 0.114 seconds
[2026-01-10 09:32:22,388] {processor.py:162} INFO - Started process (PID=615) to work on /home/airflow/.local/lib/python3.6/site-packages/airflow/example_dags/example_nested_branch_dag.py
[2026-01-10 09:32:22,390] {processor.py:613} INFO - Processing file /home/airflow/.local/lib/python3.6/site-packages/airflow/example_dags/example_nested_branch_dag.py for tasks to queue
[2026-01-10 09:32:22,390] {logging_mixin.py:109} INFO - [2026-01-10 09:32:22,390] {dagbag.py:496} INFO - Filling up the DagBag from /home/airflow/.local/lib/python3.6/site-packages/airflow/example_dags/example_nested_branch_dag.py
[2026-01-10 09:32:22,413] {processor.py:623} INFO - DAG(s) dict_keys(['example_nested_branch_dag']) retrieved from /home/airflow/.local/lib/python3.6/site-packages/airflow/example_dags/example_nested_branch_dag.py
[2026-01-10 09:32:22,439] {logging_mixin.py:109} INFO - [2026-01-10 09:32:22,439] {dag.py:1833} INFO - Sync 1 DAGs
[2026-01-10 09:32:22,466] {logging_mixin.py:109} INFO - [2026-01-10 09:32:22,466] {dag.py:2306} INFO - Setting next_dagrun for example_nested_branch_dag to 2026-01-08 00:00:00+00:00
[2026-01-10 09:32:22,484] {processor.py:170} INFO - Processing /home/airflow/.local/lib/python3.6/site-packages/airflow/example_dags/example_nested_branch_dag.py took 0.100 seconds
[2026-01-10 09:32:52,688] {processor.py:162} INFO - Started process (PID=666) to work on /home/airflow/.local/lib/python3.6/site-packages/airflow/example_dags/example_nested_branch_dag.py
[2026-01-10 09:32:52,690] {processor.py:613} INFO - Processing file /home/airflow/.local/lib/python3.6/site-packages/airflow/example_dags/example_nested_branch_dag.py for tasks to queue
[2026-01-10 09:32:52,691] {logging_mixin.py:109} INFO - [2026-01-10 09:32:52,691] {dagbag.py:496} INFO - Filling up the DagBag from /home/airflow/.local/lib/python3.6/site-packages/airflow/example_dags/example_nested_branch_dag.py
[2026-01-10 09:32:52,711] {processor.py:623} INFO - DAG(s) dict_keys(['example_nested_branch_dag']) retrieved from /home/airflow/.local/lib/python3.6/site-packages/airflow/example_dags/example_nested_branch_dag.py
[2026-01-10 09:32:52,744] {logging_mixin.py:109} INFO - [2026-01-10 09:32:52,744] {dag.py:1833} INFO - Sync 1 DAGs
[2026-01-10 09:32:52,766] {logging_mixin.py:109} INFO - [2026-01-10 09:32:52,766] {dag.py:2306} INFO - Setting next_dagrun for example_nested_branch_dag to 2026-01-08 00:00:00+00:00
[2026-01-10 09:32:52,790] {processor.py:170} INFO - Processing /home/airflow/.local/lib/python3.6/site-packages/airflow/example_dags/example_nested_branch_dag.py took 0.108 seconds
[2026-01-10 09:33:23,488] {processor.py:162} INFO - Started process (PID=717) to work on /home/airflow/.local/lib/python3.6/site-packages/airflow/example_dags/example_nested_branch_dag.py
[2026-01-10 09:33:23,489] {processor.py:613} INFO - Processing file /home/airflow/.local/lib/python3.6/site-packages/airflow/example_dags/example_nested_branch_dag.py for tasks to queue
[2026-01-10 09:33:23,490] {logging_mixin.py:109} INFO - [2026-01-10 09:33:23,489] {dagbag.py:496} INFO - Filling up the DagBag from /home/airflow/.local/lib/python3.6/site-packages/airflow/example_dags/example_nested_branch_dag.py
[2026-01-10 09:33:23,506] {processor.py:623} INFO - DAG(s) dict_keys(['example_nested_branch_dag']) retrieved from /home/airflow/.local/lib/python3.6/site-packages/airflow/example_dags/example_nested_branch_dag.py
[2026-01-10 09:33:23,541] {logging_mixin.py:109} INFO - [2026-01-10 09:33:23,541] {dag.py:1833} INFO - Sync 1 DAGs
[2026-01-10 09:33:23,572] {logging_mixin.py:109} INFO - [2026-01-10 09:33:23,572] {dag.py:2306} INFO - Setting next_dagrun for example_nested_branch_dag to 2026-01-08 00:00:00+00:00
[2026-01-10 09:33:23,593] {processor.py:170} INFO - Processing /home/airflow/.local/lib/python3.6/site-packages/airflow/example_dags/example_nested_branch_dag.py took 0.108 seconds
[2026-01-10 09:33:53,669] {processor.py:162} INFO - Started process (PID=766) to work on /home/airflow/.local/lib/python3.6/site-packages/airflow/example_dags/example_nested_branch_dag.py
[2026-01-10 09:33:53,671] {processor.py:613} INFO - Processing file /home/airflow/.local/lib/python3.6/site-packages/airflow/example_dags/example_nested_branch_dag.py for tasks to queue
[2026-01-10 09:33:53,671] {logging_mixin.py:109} INFO - [2026-01-10 09:33:53,671] {dagbag.py:496} INFO - Filling up the DagBag from /home/airflow/.local/lib/python3.6/site-packages/airflow/example_dags/example_nested_branch_dag.py
[2026-01-10 09:33:53,686] {processor.py:623} INFO - DAG(s) dict_keys(['example_nested_branch_dag']) retrieved from /home/airflow/.local/lib/python3.6/site-packages/airflow/example_dags/example_nested_branch_dag.py
[2026-01-10 09:33:53,717] {logging_mixin.py:109} INFO - [2026-01-10 09:33:53,717] {dag.py:1833} INFO - Sync 1 DAGs
[2026-01-10 09:33:53,740] {logging_mixin.py:109} INFO - [2026-01-10 09:33:53,740] {dag.py:2306} INFO - Setting next_dagrun for example_nested_branch_dag to 2026-01-08 00:00:00+00:00
[2026-01-10 09:33:53,752] {processor.py:170} INFO - Processing /home/airflow/.local/lib/python3.6/site-packages/airflow/example_dags/example_nested_branch_dag.py took 0.086 seconds
[2026-01-10 09:34:23,845] {processor.py:162} INFO - Started process (PID=826) to work on /home/airflow/.local/lib/python3.6/site-packages/airflow/example_dags/example_nested_branch_dag.py
[2026-01-10 09:34:23,847] {processor.py:613} INFO - Processing file /home/airflow/.local/lib/python3.6/site-packages/airflow/example_dags/example_nested_branch_dag.py for tasks to queue
[2026-01-10 09:34:23,848] {logging_mixin.py:109} INFO - [2026-01-10 09:34:23,848] {dagbag.py:496} INFO - Filling up the DagBag from /home/airflow/.local/lib/python3.6/site-packages/airflow/example_dags/example_nested_branch_dag.py
[2026-01-10 09:34:23,870] {processor.py:623} INFO - DAG(s) dict_keys(['example_nested_branch_dag']) retrieved from /home/airflow/.local/lib/python3.6/site-packages/airflow/example_dags/example_nested_branch_dag.py
[2026-01-10 09:34:23,908] {logging_mixin.py:109} INFO - [2026-01-10 09:34:23,908] {dag.py:1833} INFO - Sync 1 DAGs
[2026-01-10 09:34:23,939] {logging_mixin.py:109} INFO - [2026-01-10 09:34:23,939] {dag.py:2306} INFO - Setting next_dagrun for example_nested_branch_dag to 2026-01-08 00:00:00+00:00
[2026-01-10 09:34:23,967] {processor.py:170} INFO - Processing /home/airflow/.local/lib/python3.6/site-packages/airflow/example_dags/example_nested_branch_dag.py took 0.125 seconds
[2026-01-10 09:34:54,237] {processor.py:162} INFO - Started process (PID=878) to work on /home/airflow/.local/lib/python3.6/site-packages/airflow/example_dags/example_nested_branch_dag.py
[2026-01-10 09:34:54,239] {processor.py:613} INFO - Processing file /home/airflow/.local/lib/python3.6/site-packages/airflow/example_dags/example_nested_branch_dag.py for tasks to queue
[2026-01-10 09:34:54,241] {logging_mixin.py:109} INFO - [2026-01-10 09:34:54,240] {dagbag.py:496} INFO - Filling up the DagBag from /home/airflow/.local/lib/python3.6/site-packages/airflow/example_dags/example_nested_branch_dag.py
[2026-01-10 09:34:54,289] {processor.py:623} INFO - DAG(s) dict_keys(['example_nested_branch_dag']) retrieved from /home/airflow/.local/lib/python3.6/site-packages/airflow/example_dags/example_nested_branch_dag.py
[2026-01-10 09:34:54,341] {logging_mixin.py:109} INFO - [2026-01-10 09:34:54,341] {dag.py:1833} INFO - Sync 1 DAGs
[2026-01-10 09:34:54,391] {logging_mixin.py:109} INFO - [2026-01-10 09:34:54,391] {dag.py:2306} INFO - Setting next_dagrun for example_nested_branch_dag to 2026-01-08 00:00:00+00:00
[2026-01-10 09:34:54,416] {processor.py:170} INFO - Processing /home/airflow/.local/lib/python3.6/site-packages/airflow/example_dags/example_nested_branch_dag.py took 0.188 seconds
[2026-01-10 09:35:24,483] {processor.py:162} INFO - Started process (PID=929) to work on /home/airflow/.local/lib/python3.6/site-packages/airflow/example_dags/example_nested_branch_dag.py
[2026-01-10 09:35:24,484] {processor.py:613} INFO - Processing file /home/airflow/.local/lib/python3.6/site-packages/airflow/example_dags/example_nested_branch_dag.py for tasks to queue
[2026-01-10 09:35:24,485] {logging_mixin.py:109} INFO - [2026-01-10 09:35:24,485] {dagbag.py:496} INFO - Filling up the DagBag from /home/airflow/.local/lib/python3.6/site-packages/airflow/example_dags/example_nested_branch_dag.py
[2026-01-10 09:35:24,507] {processor.py:623} INFO - DAG(s) dict_keys(['example_nested_branch_dag']) retrieved from /home/airflow/.local/lib/python3.6/site-packages/airflow/example_dags/example_nested_branch_dag.py
[2026-01-10 09:35:24,534] {logging_mixin.py:109} INFO - [2026-01-10 09:35:24,533] {dag.py:1833} INFO - Sync 1 DAGs
[2026-01-10 09:35:24,555] {logging_mixin.py:109} INFO - [2026-01-10 09:35:24,555] {dag.py:2306} INFO - Setting next_dagrun for example_nested_branch_dag to 2026-01-08 00:00:00+00:00
[2026-01-10 09:35:24,568] {processor.py:170} INFO - Processing /home/airflow/.local/lib/python3.6/site-packages/airflow/example_dags/example_nested_branch_dag.py took 0.090 seconds
[2026-01-10 09:35:55,425] {processor.py:162} INFO - Started process (PID=980) to work on /home/airflow/.local/lib/python3.6/site-packages/airflow/example_dags/example_nested_branch_dag.py
[2026-01-10 09:35:55,426] {processor.py:613} INFO - Processing file /home/airflow/.local/lib/python3.6/site-packages/airflow/example_dags/example_nested_branch_dag.py for tasks to queue
[2026-01-10 09:35:55,427] {logging_mixin.py:109} INFO - [2026-01-10 09:35:55,427] {dagbag.py:496} INFO - Filling up the DagBag from /home/airflow/.local/lib/python3.6/site-packages/airflow/example_dags/example_nested_branch_dag.py
[2026-01-10 09:35:55,458] {processor.py:623} INFO - DAG(s) dict_keys(['example_nested_branch_dag']) retrieved from /home/airflow/.local/lib/python3.6/site-packages/airflow/example_dags/example_nested_branch_dag.py
[2026-01-10 09:35:55,492] {logging_mixin.py:109} INFO - [2026-01-10 09:35:55,492] {dag.py:1833} INFO - Sync 1 DAGs
[2026-01-10 09:35:55,522] {logging_mixin.py:109} INFO - [2026-01-10 09:35:55,521] {dag.py:2306} INFO - Setting next_dagrun for example_nested_branch_dag to 2026-01-08 00:00:00+00:00
[2026-01-10 09:35:55,539] {processor.py:170} INFO - Processing /home/airflow/.local/lib/python3.6/site-packages/airflow/example_dags/example_nested_branch_dag.py took 0.120 seconds
[2026-01-10 09:36:26,394] {processor.py:162} INFO - Started process (PID=1029) to work on /home/airflow/.local/lib/python3.6/site-packages/airflow/example_dags/example_nested_branch_dag.py
[2026-01-10 09:36:26,396] {processor.py:613} INFO - Processing file /home/airflow/.local/lib/python3.6/site-packages/airflow/example_dags/example_nested_branch_dag.py for tasks to queue
[2026-01-10 09:36:26,398] {logging_mixin.py:109} INFO - [2026-01-10 09:36:26,398] {dagbag.py:496} INFO - Filling up the DagBag from /home/airflow/.local/lib/python3.6/site-packages/airflow/example_dags/example_nested_branch_dag.py
[2026-01-10 09:36:26,429] {processor.py:623} INFO - DAG(s) dict_keys(['example_nested_branch_dag']) retrieved from /home/airflow/.local/lib/python3.6/site-packages/airflow/example_dags/example_nested_branch_dag.py
[2026-01-10 09:36:26,512] {logging_mixin.py:109} INFO - [2026-01-10 09:36:26,511] {dag.py:1833} INFO - Sync 1 DAGs
[2026-01-10 09:36:26,571] {logging_mixin.py:109} INFO - [2026-01-10 09:36:26,571] {dag.py:2306} INFO - Setting next_dagrun for example_nested_branch_dag to 2026-01-08 00:00:00+00:00
[2026-01-10 09:36:26,609] {processor.py:170} INFO - Processing /home/airflow/.local/lib/python3.6/site-packages/airflow/example_dags/example_nested_branch_dag.py took 0.221 seconds
[2026-01-10 09:36:56,690] {processor.py:162} INFO - Started process (PID=1071) to work on /home/airflow/.local/lib/python3.6/site-packages/airflow/example_dags/example_nested_branch_dag.py
[2026-01-10 09:36:56,693] {processor.py:613} INFO - Processing file /home/airflow/.local/lib/python3.6/site-packages/airflow/example_dags/example_nested_branch_dag.py for tasks to queue
[2026-01-10 09:36:56,694] {logging_mixin.py:109} INFO - [2026-01-10 09:36:56,693] {dagbag.py:496} INFO - Filling up the DagBag from /home/airflow/.local/lib/python3.6/site-packages/airflow/example_dags/example_nested_branch_dag.py
[2026-01-10 09:36:56,768] {processor.py:623} INFO - DAG(s) dict_keys(['example_nested_branch_dag']) retrieved from /home/airflow/.local/lib/python3.6/site-packages/airflow/example_dags/example_nested_branch_dag.py
[2026-01-10 09:36:56,863] {logging_mixin.py:109} INFO - [2026-01-10 09:36:56,863] {dag.py:1833} INFO - Sync 1 DAGs
[2026-01-10 09:36:56,905] {logging_mixin.py:109} INFO - [2026-01-10 09:36:56,905] {dag.py:2306} INFO - Setting next_dagrun for example_nested_branch_dag to 2026-01-08 00:00:00+00:00
[2026-01-10 09:36:56,926] {processor.py:170} INFO - Processing /home/airflow/.local/lib/python3.6/site-packages/airflow/example_dags/example_nested_branch_dag.py took 0.244 seconds
[2026-01-10 09:37:27,115] {processor.py:162} INFO - Started process (PID=1121) to work on /home/airflow/.local/lib/python3.6/site-packages/airflow/example_dags/example_nested_branch_dag.py
[2026-01-10 09:37:27,118] {processor.py:613} INFO - Processing file /home/airflow/.local/lib/python3.6/site-packages/airflow/example_dags/example_nested_branch_dag.py for tasks to queue
[2026-01-10 09:37:27,119] {logging_mixin.py:109} INFO - [2026-01-10 09:37:27,119] {dagbag.py:496} INFO - Filling up the DagBag from /home/airflow/.local/lib/python3.6/site-packages/airflow/example_dags/example_nested_branch_dag.py
[2026-01-10 09:37:27,373] {processor.py:623} INFO - DAG(s) dict_keys(['example_nested_branch_dag']) retrieved from /home/airflow/.local/lib/python3.6/site-packages/airflow/example_dags/example_nested_branch_dag.py
[2026-01-10 09:37:27,540] {logging_mixin.py:109} INFO - [2026-01-10 09:37:27,540] {dag.py:1833} INFO - Sync 1 DAGs
[2026-01-10 09:37:27,693] {logging_mixin.py:109} INFO - [2026-01-10 09:37:27,693] {dag.py:2306} INFO - Setting next_dagrun for example_nested_branch_dag to 2026-01-08 00:00:00+00:00
[2026-01-10 09:37:27,784] {processor.py:170} INFO - Processing /home/airflow/.local/lib/python3.6/site-packages/airflow/example_dags/example_nested_branch_dag.py took 0.697 seconds
[2026-01-10 09:37:58,305] {processor.py:162} INFO - Started process (PID=1171) to work on /home/airflow/.local/lib/python3.6/site-packages/airflow/example_dags/example_nested_branch_dag.py
[2026-01-10 09:37:58,306] {processor.py:613} INFO - Processing file /home/airflow/.local/lib/python3.6/site-packages/airflow/example_dags/example_nested_branch_dag.py for tasks to queue
[2026-01-10 09:37:58,307] {logging_mixin.py:109} INFO - [2026-01-10 09:37:58,307] {dagbag.py:496} INFO - Filling up the DagBag from /home/airflow/.local/lib/python3.6/site-packages/airflow/example_dags/example_nested_branch_dag.py
[2026-01-10 09:37:58,329] {processor.py:623} INFO - DAG(s) dict_keys(['example_nested_branch_dag']) retrieved from /home/airflow/.local/lib/python3.6/site-packages/airflow/example_dags/example_nested_branch_dag.py
[2026-01-10 09:37:58,356] {logging_mixin.py:109} INFO - [2026-01-10 09:37:58,356] {dag.py:1833} INFO - Sync 1 DAGs
[2026-01-10 09:37:58,388] {logging_mixin.py:109} INFO - [2026-01-10 09:37:58,388] {dag.py:2306} INFO - Setting next_dagrun for example_nested_branch_dag to 2026-01-08 00:00:00+00:00
[2026-01-10 09:37:58,403] {processor.py:170} INFO - Processing /home/airflow/.local/lib/python3.6/site-packages/airflow/example_dags/example_nested_branch_dag.py took 0.103 seconds
[2026-01-10 09:38:28,790] {processor.py:162} INFO - Started process (PID=1222) to work on /home/airflow/.local/lib/python3.6/site-packages/airflow/example_dags/example_nested_branch_dag.py
[2026-01-10 09:38:28,792] {processor.py:613} INFO - Processing file /home/airflow/.local/lib/python3.6/site-packages/airflow/example_dags/example_nested_branch_dag.py for tasks to queue
[2026-01-10 09:38:28,793] {logging_mixin.py:109} INFO - [2026-01-10 09:38:28,792] {dagbag.py:496} INFO - Filling up the DagBag from /home/airflow/.local/lib/python3.6/site-packages/airflow/example_dags/example_nested_branch_dag.py
[2026-01-10 09:38:28,821] {processor.py:623} INFO - DAG(s) dict_keys(['example_nested_branch_dag']) retrieved from /home/airflow/.local/lib/python3.6/site-packages/airflow/example_dags/example_nested_branch_dag.py
[2026-01-10 09:38:28,855] {logging_mixin.py:109} INFO - [2026-01-10 09:38:28,855] {dag.py:1833} INFO - Sync 1 DAGs
[2026-01-10 09:38:28,884] {logging_mixin.py:109} INFO - [2026-01-10 09:38:28,884] {dag.py:2306} INFO - Setting next_dagrun for example_nested_branch_dag to 2026-01-08 00:00:00+00:00
[2026-01-10 09:38:28,898] {processor.py:170} INFO - Processing /home/airflow/.local/lib/python3.6/site-packages/airflow/example_dags/example_nested_branch_dag.py took 0.113 seconds
[2026-01-10 09:38:58,954] {processor.py:162} INFO - Started process (PID=1273) to work on /home/airflow/.local/lib/python3.6/site-packages/airflow/example_dags/example_nested_branch_dag.py
[2026-01-10 09:38:58,956] {processor.py:613} INFO - Processing file /home/airflow/.local/lib/python3.6/site-packages/airflow/example_dags/example_nested_branch_dag.py for tasks to queue
[2026-01-10 09:38:58,957] {logging_mixin.py:109} INFO - [2026-01-10 09:38:58,957] {dagbag.py:496} INFO - Filling up the DagBag from /home/airflow/.local/lib/python3.6/site-packages/airflow/example_dags/example_nested_branch_dag.py
[2026-01-10 09:38:58,980] {processor.py:623} INFO - DAG(s) dict_keys(['example_nested_branch_dag']) retrieved from /home/airflow/.local/lib/python3.6/site-packages/airflow/example_dags/example_nested_branch_dag.py
[2026-01-10 09:38:59,018] {logging_mixin.py:109} INFO - [2026-01-10 09:38:59,017] {dag.py:1833} INFO - Sync 1 DAGs
[2026-01-10 09:38:59,051] {logging_mixin.py:109} INFO - [2026-01-10 09:38:59,051] {dag.py:2306} INFO - Setting next_dagrun for example_nested_branch_dag to 2026-01-08 00:00:00+00:00
[2026-01-10 09:38:59,071] {processor.py:170} INFO - Processing /home/airflow/.local/lib/python3.6/site-packages/airflow/example_dags/example_nested_branch_dag.py took 0.121 seconds
[2026-01-10 09:39:30,063] {processor.py:162} INFO - Started process (PID=1324) to work on /home/airflow/.local/lib/python3.6/site-packages/airflow/example_dags/example_nested_branch_dag.py
[2026-01-10 09:39:30,064] {processor.py:613} INFO - Processing file /home/airflow/.local/lib/python3.6/site-packages/airflow/example_dags/example_nested_branch_dag.py for tasks to queue
[2026-01-10 09:39:30,065] {logging_mixin.py:109} INFO - [2026-01-10 09:39:30,065] {dagbag.py:496} INFO - Filling up the DagBag from /home/airflow/.local/lib/python3.6/site-packages/airflow/example_dags/example_nested_branch_dag.py
[2026-01-10 09:39:30,088] {processor.py:623} INFO - DAG(s) dict_keys(['example_nested_branch_dag']) retrieved from /home/airflow/.local/lib/python3.6/site-packages/airflow/example_dags/example_nested_branch_dag.py
[2026-01-10 09:39:30,119] {logging_mixin.py:109} INFO - [2026-01-10 09:39:30,119] {dag.py:1833} INFO - Sync 1 DAGs
[2026-01-10 09:39:30,149] {logging_mixin.py:109} INFO - [2026-01-10 09:39:30,149] {dag.py:2306} INFO - Setting next_dagrun for example_nested_branch_dag to 2026-01-08 00:00:00+00:00
[2026-01-10 09:39:30,162] {processor.py:170} INFO - Processing /home/airflow/.local/lib/python3.6/site-packages/airflow/example_dags/example_nested_branch_dag.py took 0.104 seconds
[2026-01-10 09:40:00,386] {processor.py:162} INFO - Started process (PID=1382) to work on /home/airflow/.local/lib/python3.6/site-packages/airflow/example_dags/example_nested_branch_dag.py
[2026-01-10 09:40:00,388] {processor.py:613} INFO - Processing file /home/airflow/.local/lib/python3.6/site-packages/airflow/example_dags/example_nested_branch_dag.py for tasks to queue
[2026-01-10 09:40:00,389] {logging_mixin.py:109} INFO - [2026-01-10 09:40:00,388] {dagbag.py:496} INFO - Filling up the DagBag from /home/airflow/.local/lib/python3.6/site-packages/airflow/example_dags/example_nested_branch_dag.py
[2026-01-10 09:40:00,415] {processor.py:623} INFO - DAG(s) dict_keys(['example_nested_branch_dag']) retrieved from /home/airflow/.local/lib/python3.6/site-packages/airflow/example_dags/example_nested_branch_dag.py
[2026-01-10 09:40:00,449] {logging_mixin.py:109} INFO - [2026-01-10 09:40:00,449] {dag.py:1833} INFO - Sync 1 DAGs
[2026-01-10 09:40:00,483] {logging_mixin.py:109} INFO - [2026-01-10 09:40:00,483] {dag.py:2306} INFO - Setting next_dagrun for example_nested_branch_dag to 2026-01-08 00:00:00+00:00
[2026-01-10 09:40:00,501] {processor.py:170} INFO - Processing /home/airflow/.local/lib/python3.6/site-packages/airflow/example_dags/example_nested_branch_dag.py took 0.121 seconds
[2026-01-10 09:40:30,729] {processor.py:162} INFO - Started process (PID=1433) to work on /home/airflow/.local/lib/python3.6/site-packages/airflow/example_dags/example_nested_branch_dag.py
[2026-01-10 09:40:30,730] {processor.py:613} INFO - Processing file /home/airflow/.local/lib/python3.6/site-packages/airflow/example_dags/example_nested_branch_dag.py for tasks to queue
[2026-01-10 09:40:30,737] {logging_mixin.py:109} INFO - [2026-01-10 09:40:30,737] {dagbag.py:496} INFO - Filling up the DagBag from /home/airflow/.local/lib/python3.6/site-packages/airflow/example_dags/example_nested_branch_dag.py
[2026-01-10 09:40:30,856] {processor.py:623} INFO - DAG(s) dict_keys(['example_nested_branch_dag']) retrieved from /home/airflow/.local/lib/python3.6/site-packages/airflow/example_dags/example_nested_branch_dag.py
[2026-01-10 09:40:31,038] {logging_mixin.py:109} INFO - [2026-01-10 09:40:31,038] {dag.py:1833} INFO - Sync 1 DAGs
[2026-01-10 09:40:31,172] {logging_mixin.py:109} INFO - [2026-01-10 09:40:31,172] {dag.py:2306} INFO - Setting next_dagrun for example_nested_branch_dag to 2026-01-08 00:00:00+00:00
[2026-01-10 09:40:31,209] {processor.py:170} INFO - Processing /home/airflow/.local/lib/python3.6/site-packages/airflow/example_dags/example_nested_branch_dag.py took 0.534 seconds
[2026-01-10 09:41:01,293] {processor.py:162} INFO - Started process (PID=1482) to work on /home/airflow/.local/lib/python3.6/site-packages/airflow/example_dags/example_nested_branch_dag.py
[2026-01-10 09:41:01,303] {processor.py:613} INFO - Processing file /home/airflow/.local/lib/python3.6/site-packages/airflow/example_dags/example_nested_branch_dag.py for tasks to queue
[2026-01-10 09:41:01,307] {logging_mixin.py:109} INFO - [2026-01-10 09:41:01,307] {dagbag.py:496} INFO - Filling up the DagBag from /home/airflow/.local/lib/python3.6/site-packages/airflow/example_dags/example_nested_branch_dag.py
[2026-01-10 09:41:01,388] {processor.py:623} INFO - DAG(s) dict_keys(['example_nested_branch_dag']) retrieved from /home/airflow/.local/lib/python3.6/site-packages/airflow/example_dags/example_nested_branch_dag.py
[2026-01-10 09:41:01,475] {logging_mixin.py:109} INFO - [2026-01-10 09:41:01,475] {dag.py:1833} INFO - Sync 1 DAGs
[2026-01-10 09:41:01,575] {logging_mixin.py:109} INFO - [2026-01-10 09:41:01,575] {dag.py:2306} INFO - Setting next_dagrun for example_nested_branch_dag to 2026-01-08 00:00:00+00:00
[2026-01-10 09:41:01,638] {processor.py:170} INFO - Processing /home/airflow/.local/lib/python3.6/site-packages/airflow/example_dags/example_nested_branch_dag.py took 0.384 seconds
[2026-01-10 09:41:32,319] {processor.py:162} INFO - Started process (PID=1534) to work on /home/airflow/.local/lib/python3.6/site-packages/airflow/example_dags/example_nested_branch_dag.py
[2026-01-10 09:41:32,331] {processor.py:613} INFO - Processing file /home/airflow/.local/lib/python3.6/site-packages/airflow/example_dags/example_nested_branch_dag.py for tasks to queue
[2026-01-10 09:41:32,353] {logging_mixin.py:109} INFO - [2026-01-10 09:41:32,353] {dagbag.py:496} INFO - Filling up the DagBag from /home/airflow/.local/lib/python3.6/site-packages/airflow/example_dags/example_nested_branch_dag.py
[2026-01-10 09:41:32,408] {processor.py:623} INFO - DAG(s) dict_keys(['example_nested_branch_dag']) retrieved from /home/airflow/.local/lib/python3.6/site-packages/airflow/example_dags/example_nested_branch_dag.py
[2026-01-10 09:41:32,507] {logging_mixin.py:109} INFO - [2026-01-10 09:41:32,507] {dag.py:1833} INFO - Sync 1 DAGs
[2026-01-10 09:41:32,615] {logging_mixin.py:109} INFO - [2026-01-10 09:41:32,615] {dag.py:2306} INFO - Setting next_dagrun for example_nested_branch_dag to 2026-01-08 00:00:00+00:00
[2026-01-10 09:41:32,635] {processor.py:170} INFO - Processing /home/airflow/.local/lib/python3.6/site-packages/airflow/example_dags/example_nested_branch_dag.py took 0.351 seconds
[2026-01-10 09:42:03,015] {processor.py:162} INFO - Started process (PID=1585) to work on /home/airflow/.local/lib/python3.6/site-packages/airflow/example_dags/example_nested_branch_dag.py
[2026-01-10 09:42:03,017] {processor.py:613} INFO - Processing file /home/airflow/.local/lib/python3.6/site-packages/airflow/example_dags/example_nested_branch_dag.py for tasks to queue
[2026-01-10 09:42:03,018] {logging_mixin.py:109} INFO - [2026-01-10 09:42:03,017] {dagbag.py:496} INFO - Filling up the DagBag from /home/airflow/.local/lib/python3.6/site-packages/airflow/example_dags/example_nested_branch_dag.py
[2026-01-10 09:42:03,043] {processor.py:623} INFO - DAG(s) dict_keys(['example_nested_branch_dag']) retrieved from /home/airflow/.local/lib/python3.6/site-packages/airflow/example_dags/example_nested_branch_dag.py
[2026-01-10 09:42:03,077] {logging_mixin.py:109} INFO - [2026-01-10 09:42:03,077] {dag.py:1833} INFO - Sync 1 DAGs
[2026-01-10 09:42:03,109] {logging_mixin.py:109} INFO - [2026-01-10 09:42:03,109] {dag.py:2306} INFO - Setting next_dagrun for example_nested_branch_dag to 2026-01-08 00:00:00+00:00
[2026-01-10 09:42:03,122] {processor.py:170} INFO - Processing /home/airflow/.local/lib/python3.6/site-packages/airflow/example_dags/example_nested_branch_dag.py took 0.112 seconds
[2026-01-10 09:42:33,151] {processor.py:162} INFO - Started process (PID=1636) to work on /home/airflow/.local/lib/python3.6/site-packages/airflow/example_dags/example_nested_branch_dag.py
[2026-01-10 09:42:33,152] {processor.py:613} INFO - Processing file /home/airflow/.local/lib/python3.6/site-packages/airflow/example_dags/example_nested_branch_dag.py for tasks to queue
[2026-01-10 09:42:33,154] {logging_mixin.py:109} INFO - [2026-01-10 09:42:33,153] {dagbag.py:496} INFO - Filling up the DagBag from /home/airflow/.local/lib/python3.6/site-packages/airflow/example_dags/example_nested_branch_dag.py
[2026-01-10 09:42:33,176] {processor.py:623} INFO - DAG(s) dict_keys(['example_nested_branch_dag']) retrieved from /home/airflow/.local/lib/python3.6/site-packages/airflow/example_dags/example_nested_branch_dag.py
[2026-01-10 09:42:33,215] {logging_mixin.py:109} INFO - [2026-01-10 09:42:33,215] {dag.py:1833} INFO - Sync 1 DAGs
[2026-01-10 09:42:33,250] {logging_mixin.py:109} INFO - [2026-01-10 09:42:33,250] {dag.py:2306} INFO - Setting next_dagrun for example_nested_branch_dag to 2026-01-08 00:00:00+00:00
[2026-01-10 09:42:33,274] {processor.py:170} INFO - Processing /home/airflow/.local/lib/python3.6/site-packages/airflow/example_dags/example_nested_branch_dag.py took 0.127 seconds
[2026-01-10 09:43:03,845] {processor.py:162} INFO - Started process (PID=1694) to work on /home/airflow/.local/lib/python3.6/site-packages/airflow/example_dags/example_nested_branch_dag.py
[2026-01-10 09:43:03,846] {processor.py:613} INFO - Processing file /home/airflow/.local/lib/python3.6/site-packages/airflow/example_dags/example_nested_branch_dag.py for tasks to queue
[2026-01-10 09:43:03,847] {logging_mixin.py:109} INFO - [2026-01-10 09:43:03,847] {dagbag.py:496} INFO - Filling up the DagBag from /home/airflow/.local/lib/python3.6/site-packages/airflow/example_dags/example_nested_branch_dag.py
[2026-01-10 09:43:03,892] {processor.py:623} INFO - DAG(s) dict_keys(['example_nested_branch_dag']) retrieved from /home/airflow/.local/lib/python3.6/site-packages/airflow/example_dags/example_nested_branch_dag.py
[2026-01-10 09:43:03,942] {logging_mixin.py:109} INFO - [2026-01-10 09:43:03,942] {dag.py:1833} INFO - Sync 1 DAGs
[2026-01-10 09:43:03,982] {logging_mixin.py:109} INFO - [2026-01-10 09:43:03,982] {dag.py:2306} INFO - Setting next_dagrun for example_nested_branch_dag to 2026-01-08 00:00:00+00:00
[2026-01-10 09:43:03,999] {processor.py:170} INFO - Processing /home/airflow/.local/lib/python3.6/site-packages/airflow/example_dags/example_nested_branch_dag.py took 0.163 seconds
[2026-01-10 09:43:34,247] {processor.py:162} INFO - Started process (PID=1748) to work on /home/airflow/.local/lib/python3.6/site-packages/airflow/example_dags/example_nested_branch_dag.py
[2026-01-10 09:43:34,249] {processor.py:613} INFO - Processing file /home/airflow/.local/lib/python3.6/site-packages/airflow/example_dags/example_nested_branch_dag.py for tasks to queue
[2026-01-10 09:43:34,250] {logging_mixin.py:109} INFO - [2026-01-10 09:43:34,250] {dagbag.py:496} INFO - Filling up the DagBag from /home/airflow/.local/lib/python3.6/site-packages/airflow/example_dags/example_nested_branch_dag.py
[2026-01-10 09:43:34,279] {processor.py:623} INFO - DAG(s) dict_keys(['example_nested_branch_dag']) retrieved from /home/airflow/.local/lib/python3.6/site-packages/airflow/example_dags/example_nested_branch_dag.py
[2026-01-10 09:43:34,329] {logging_mixin.py:109} INFO - [2026-01-10 09:43:34,328] {dag.py:1833} INFO - Sync 1 DAGs
[2026-01-10 09:43:34,363] {logging_mixin.py:109} INFO - [2026-01-10 09:43:34,363] {dag.py:2306} INFO - Setting next_dagrun for example_nested_branch_dag to 2026-01-08 00:00:00+00:00
[2026-01-10 09:43:34,376] {processor.py:170} INFO - Processing /home/airflow/.local/lib/python3.6/site-packages/airflow/example_dags/example_nested_branch_dag.py took 0.134 seconds
[2026-01-10 09:44:04,450] {processor.py:162} INFO - Started process (PID=1799) to work on /home/airflow/.local/lib/python3.6/site-packages/airflow/example_dags/example_nested_branch_dag.py
[2026-01-10 09:44:04,453] {processor.py:613} INFO - Processing file /home/airflow/.local/lib/python3.6/site-packages/airflow/example_dags/example_nested_branch_dag.py for tasks to queue
[2026-01-10 09:44:04,456] {logging_mixin.py:109} INFO - [2026-01-10 09:44:04,454] {dagbag.py:496} INFO - Filling up the DagBag from /home/airflow/.local/lib/python3.6/site-packages/airflow/example_dags/example_nested_branch_dag.py
[2026-01-10 09:44:04,485] {processor.py:623} INFO - DAG(s) dict_keys(['example_nested_branch_dag']) retrieved from /home/airflow/.local/lib/python3.6/site-packages/airflow/example_dags/example_nested_branch_dag.py
[2026-01-10 09:44:04,518] {logging_mixin.py:109} INFO - [2026-01-10 09:44:04,518] {dag.py:1833} INFO - Sync 1 DAGs
[2026-01-10 09:44:04,543] {logging_mixin.py:109} INFO - [2026-01-10 09:44:04,543] {dag.py:2306} INFO - Setting next_dagrun for example_nested_branch_dag to 2026-01-08 00:00:00+00:00
[2026-01-10 09:44:04,562] {processor.py:170} INFO - Processing /home/airflow/.local/lib/python3.6/site-packages/airflow/example_dags/example_nested_branch_dag.py took 0.118 seconds
[2026-01-10 09:44:34,864] {processor.py:162} INFO - Started process (PID=1850) to work on /home/airflow/.local/lib/python3.6/site-packages/airflow/example_dags/example_nested_branch_dag.py
[2026-01-10 09:44:34,867] {processor.py:613} INFO - Processing file /home/airflow/.local/lib/python3.6/site-packages/airflow/example_dags/example_nested_branch_dag.py for tasks to queue
[2026-01-10 09:44:34,868] {logging_mixin.py:109} INFO - [2026-01-10 09:44:34,868] {dagbag.py:496} INFO - Filling up the DagBag from /home/airflow/.local/lib/python3.6/site-packages/airflow/example_dags/example_nested_branch_dag.py
[2026-01-10 09:44:34,910] {processor.py:623} INFO - DAG(s) dict_keys(['example_nested_branch_dag']) retrieved from /home/airflow/.local/lib/python3.6/site-packages/airflow/example_dags/example_nested_branch_dag.py
[2026-01-10 09:44:34,958] {logging_mixin.py:109} INFO - [2026-01-10 09:44:34,958] {dag.py:1833} INFO - Sync 1 DAGs
[2026-01-10 09:44:34,997] {logging_mixin.py:109} INFO - [2026-01-10 09:44:34,997] {dag.py:2306} INFO - Setting next_dagrun for example_nested_branch_dag to 2026-01-08 00:00:00+00:00
[2026-01-10 09:44:35,025] {processor.py:170} INFO - Processing /home/airflow/.local/lib/python3.6/site-packages/airflow/example_dags/example_nested_branch_dag.py took 0.170 seconds
[2026-01-10 09:45:05,217] {processor.py:162} INFO - Started process (PID=1899) to work on /home/airflow/.local/lib/python3.6/site-packages/airflow/example_dags/example_nested_branch_dag.py
[2026-01-10 09:45:05,218] {processor.py:613} INFO - Processing file /home/airflow/.local/lib/python3.6/site-packages/airflow/example_dags/example_nested_branch_dag.py for tasks to queue
[2026-01-10 09:45:05,219] {logging_mixin.py:109} INFO - [2026-01-10 09:45:05,219] {dagbag.py:496} INFO - Filling up the DagBag from /home/airflow/.local/lib/python3.6/site-packages/airflow/example_dags/example_nested_branch_dag.py
[2026-01-10 09:45:05,245] {processor.py:623} INFO - DAG(s) dict_keys(['example_nested_branch_dag']) retrieved from /home/airflow/.local/lib/python3.6/site-packages/airflow/example_dags/example_nested_branch_dag.py
[2026-01-10 09:45:05,280] {logging_mixin.py:109} INFO - [2026-01-10 09:45:05,280] {dag.py:1833} INFO - Sync 1 DAGs
[2026-01-10 09:45:05,325] {logging_mixin.py:109} INFO - [2026-01-10 09:45:05,325] {dag.py:2306} INFO - Setting next_dagrun for example_nested_branch_dag to 2026-01-08 00:00:00+00:00
[2026-01-10 09:45:05,340] {processor.py:170} INFO - Processing /home/airflow/.local/lib/python3.6/site-packages/airflow/example_dags/example_nested_branch_dag.py took 0.126 seconds
[2026-01-10 09:45:36,154] {processor.py:162} INFO - Started process (PID=1951) to work on /home/airflow/.local/lib/python3.6/site-packages/airflow/example_dags/example_nested_branch_dag.py
[2026-01-10 09:45:36,156] {processor.py:613} INFO - Processing file /home/airflow/.local/lib/python3.6/site-packages/airflow/example_dags/example_nested_branch_dag.py for tasks to queue
[2026-01-10 09:45:36,157] {logging_mixin.py:109} INFO - [2026-01-10 09:45:36,157] {dagbag.py:496} INFO - Filling up the DagBag from /home/airflow/.local/lib/python3.6/site-packages/airflow/example_dags/example_nested_branch_dag.py
[2026-01-10 09:45:36,198] {processor.py:623} INFO - DAG(s) dict_keys(['example_nested_branch_dag']) retrieved from /home/airflow/.local/lib/python3.6/site-packages/airflow/example_dags/example_nested_branch_dag.py
[2026-01-10 09:45:36,233] {logging_mixin.py:109} INFO - [2026-01-10 09:45:36,233] {dag.py:1833} INFO - Sync 1 DAGs
[2026-01-10 09:45:36,271] {logging_mixin.py:109} INFO - [2026-01-10 09:45:36,271] {dag.py:2306} INFO - Setting next_dagrun for example_nested_branch_dag to 2026-01-08 00:00:00+00:00
[2026-01-10 09:45:36,294] {processor.py:170} INFO - Processing /home/airflow/.local/lib/python3.6/site-packages/airflow/example_dags/example_nested_branch_dag.py took 0.145 seconds
[2026-01-10 09:46:07,175] {processor.py:162} INFO - Started process (PID=2001) to work on /home/airflow/.local/lib/python3.6/site-packages/airflow/example_dags/example_nested_branch_dag.py
[2026-01-10 09:46:07,176] {processor.py:613} INFO - Processing file /home/airflow/.local/lib/python3.6/site-packages/airflow/example_dags/example_nested_branch_dag.py for tasks to queue
[2026-01-10 09:46:07,177] {logging_mixin.py:109} INFO - [2026-01-10 09:46:07,177] {dagbag.py:496} INFO - Filling up the DagBag from /home/airflow/.local/lib/python3.6/site-packages/airflow/example_dags/example_nested_branch_dag.py
[2026-01-10 09:46:07,207] {processor.py:623} INFO - DAG(s) dict_keys(['example_nested_branch_dag']) retrieved from /home/airflow/.local/lib/python3.6/site-packages/airflow/example_dags/example_nested_branch_dag.py
[2026-01-10 09:46:07,248] {logging_mixin.py:109} INFO - [2026-01-10 09:46:07,248] {dag.py:1833} INFO - Sync 1 DAGs
[2026-01-10 09:46:07,298] {logging_mixin.py:109} INFO - [2026-01-10 09:46:07,298] {dag.py:2306} INFO - Setting next_dagrun for example_nested_branch_dag to 2026-01-08 00:00:00+00:00
[2026-01-10 09:46:07,324] {processor.py:170} INFO - Processing /home/airflow/.local/lib/python3.6/site-packages/airflow/example_dags/example_nested_branch_dag.py took 0.155 seconds
[2026-01-10 09:46:37,536] {processor.py:162} INFO - Started process (PID=2050) to work on /home/airflow/.local/lib/python3.6/site-packages/airflow/example_dags/example_nested_branch_dag.py
[2026-01-10 09:46:37,538] {processor.py:613} INFO - Processing file /home/airflow/.local/lib/python3.6/site-packages/airflow/example_dags/example_nested_branch_dag.py for tasks to queue
[2026-01-10 09:46:37,538] {logging_mixin.py:109} INFO - [2026-01-10 09:46:37,538] {dagbag.py:496} INFO - Filling up the DagBag from /home/airflow/.local/lib/python3.6/site-packages/airflow/example_dags/example_nested_branch_dag.py
[2026-01-10 09:46:37,558] {processor.py:623} INFO - DAG(s) dict_keys(['example_nested_branch_dag']) retrieved from /home/airflow/.local/lib/python3.6/site-packages/airflow/example_dags/example_nested_branch_dag.py
[2026-01-10 09:46:37,588] {logging_mixin.py:109} INFO - [2026-01-10 09:46:37,587] {dag.py:1833} INFO - Sync 1 DAGs
[2026-01-10 09:46:37,608] {logging_mixin.py:109} INFO - [2026-01-10 09:46:37,608] {dag.py:2306} INFO - Setting next_dagrun for example_nested_branch_dag to 2026-01-08 00:00:00+00:00
[2026-01-10 09:46:37,618] {processor.py:170} INFO - Processing /home/airflow/.local/lib/python3.6/site-packages/airflow/example_dags/example_nested_branch_dag.py took 0.085 seconds
[2026-01-10 09:47:08,125] {processor.py:162} INFO - Started process (PID=2101) to work on /home/airflow/.local/lib/python3.6/site-packages/airflow/example_dags/example_nested_branch_dag.py
[2026-01-10 09:47:08,128] {processor.py:613} INFO - Processing file /home/airflow/.local/lib/python3.6/site-packages/airflow/example_dags/example_nested_branch_dag.py for tasks to queue
[2026-01-10 09:47:08,133] {logging_mixin.py:109} INFO - [2026-01-10 09:47:08,133] {dagbag.py:496} INFO - Filling up the DagBag from /home/airflow/.local/lib/python3.6/site-packages/airflow/example_dags/example_nested_branch_dag.py
[2026-01-10 09:47:08,180] {processor.py:623} INFO - DAG(s) dict_keys(['example_nested_branch_dag']) retrieved from /home/airflow/.local/lib/python3.6/site-packages/airflow/example_dags/example_nested_branch_dag.py
[2026-01-10 09:47:08,234] {logging_mixin.py:109} INFO - [2026-01-10 09:47:08,234] {dag.py:1833} INFO - Sync 1 DAGs
[2026-01-10 09:47:08,284] {logging_mixin.py:109} INFO - [2026-01-10 09:47:08,284] {dag.py:2306} INFO - Setting next_dagrun for example_nested_branch_dag to 2026-01-08 00:00:00+00:00
[2026-01-10 09:47:08,310] {processor.py:170} INFO - Processing /home/airflow/.local/lib/python3.6/site-packages/airflow/example_dags/example_nested_branch_dag.py took 0.191 seconds
[2026-01-10 09:47:38,776] {processor.py:162} INFO - Started process (PID=2142) to work on /home/airflow/.local/lib/python3.6/site-packages/airflow/example_dags/example_nested_branch_dag.py
[2026-01-10 09:47:38,778] {processor.py:613} INFO - Processing file /home/airflow/.local/lib/python3.6/site-packages/airflow/example_dags/example_nested_branch_dag.py for tasks to queue
[2026-01-10 09:47:38,779] {logging_mixin.py:109} INFO - [2026-01-10 09:47:38,779] {dagbag.py:496} INFO - Filling up the DagBag from /home/airflow/.local/lib/python3.6/site-packages/airflow/example_dags/example_nested_branch_dag.py
[2026-01-10 09:47:38,813] {processor.py:623} INFO - DAG(s) dict_keys(['example_nested_branch_dag']) retrieved from /home/airflow/.local/lib/python3.6/site-packages/airflow/example_dags/example_nested_branch_dag.py
[2026-01-10 09:47:38,841] {logging_mixin.py:109} INFO - [2026-01-10 09:47:38,841] {dag.py:1833} INFO - Sync 1 DAGs
[2026-01-10 09:47:38,863] {logging_mixin.py:109} INFO - [2026-01-10 09:47:38,863] {dag.py:2306} INFO - Setting next_dagrun for example_nested_branch_dag to 2026-01-08 00:00:00+00:00
[2026-01-10 09:47:38,872] {processor.py:170} INFO - Processing /home/airflow/.local/lib/python3.6/site-packages/airflow/example_dags/example_nested_branch_dag.py took 0.103 seconds
[2026-01-10 09:48:08,977] {processor.py:162} INFO - Started process (PID=2183) to work on /home/airflow/.local/lib/python3.6/site-packages/airflow/example_dags/example_nested_branch_dag.py
[2026-01-10 09:48:08,982] {processor.py:613} INFO - Processing file /home/airflow/.local/lib/python3.6/site-packages/airflow/example_dags/example_nested_branch_dag.py for tasks to queue
[2026-01-10 09:48:08,986] {logging_mixin.py:109} INFO - [2026-01-10 09:48:08,986] {dagbag.py:496} INFO - Filling up the DagBag from /home/airflow/.local/lib/python3.6/site-packages/airflow/example_dags/example_nested_branch_dag.py
[2026-01-10 09:48:09,057] {processor.py:623} INFO - DAG(s) dict_keys(['example_nested_branch_dag']) retrieved from /home/airflow/.local/lib/python3.6/site-packages/airflow/example_dags/example_nested_branch_dag.py
[2026-01-10 09:48:09,092] {logging_mixin.py:109} INFO - [2026-01-10 09:48:09,092] {dag.py:1833} INFO - Sync 1 DAGs
[2026-01-10 09:48:09,190] {logging_mixin.py:109} INFO - [2026-01-10 09:48:09,190] {dag.py:2306} INFO - Setting next_dagrun for example_nested_branch_dag to 2026-01-08 00:00:00+00:00
[2026-01-10 09:48:09,206] {processor.py:170} INFO - Processing /home/airflow/.local/lib/python3.6/site-packages/airflow/example_dags/example_nested_branch_dag.py took 0.236 seconds
[2026-01-10 09:48:39,835] {processor.py:162} INFO - Started process (PID=2224) to work on /home/airflow/.local/lib/python3.6/site-packages/airflow/example_dags/example_nested_branch_dag.py
[2026-01-10 09:48:39,838] {processor.py:613} INFO - Processing file /home/airflow/.local/lib/python3.6/site-packages/airflow/example_dags/example_nested_branch_dag.py for tasks to queue
[2026-01-10 09:48:39,839] {logging_mixin.py:109} INFO - [2026-01-10 09:48:39,839] {dagbag.py:496} INFO - Filling up the DagBag from /home/airflow/.local/lib/python3.6/site-packages/airflow/example_dags/example_nested_branch_dag.py
[2026-01-10 09:48:39,876] {processor.py:623} INFO - DAG(s) dict_keys(['example_nested_branch_dag']) retrieved from /home/airflow/.local/lib/python3.6/site-packages/airflow/example_dags/example_nested_branch_dag.py
[2026-01-10 09:48:39,921] {logging_mixin.py:109} INFO - [2026-01-10 09:48:39,921] {dag.py:1833} INFO - Sync 1 DAGs
[2026-01-10 09:48:39,960] {logging_mixin.py:109} INFO - [2026-01-10 09:48:39,960] {dag.py:2306} INFO - Setting next_dagrun for example_nested_branch_dag to 2026-01-08 00:00:00+00:00
[2026-01-10 09:48:39,977] {processor.py:170} INFO - Processing /home/airflow/.local/lib/python3.6/site-packages/airflow/example_dags/example_nested_branch_dag.py took 0.151 seconds
[2026-01-10 09:49:19,791] {processor.py:162} INFO - Started process (PID=2263) to work on /home/airflow/.local/lib/python3.6/site-packages/airflow/example_dags/example_nested_branch_dag.py
[2026-01-10 09:49:19,801] {processor.py:613} INFO - Processing file /home/airflow/.local/lib/python3.6/site-packages/airflow/example_dags/example_nested_branch_dag.py for tasks to queue
[2026-01-10 09:49:19,802] {logging_mixin.py:109} INFO - [2026-01-10 09:49:19,802] {dagbag.py:496} INFO - Filling up the DagBag from /home/airflow/.local/lib/python3.6/site-packages/airflow/example_dags/example_nested_branch_dag.py
[2026-01-10 09:49:19,838] {processor.py:623} INFO - DAG(s) dict_keys(['example_nested_branch_dag']) retrieved from /home/airflow/.local/lib/python3.6/site-packages/airflow/example_dags/example_nested_branch_dag.py
[2026-01-10 09:49:19,877] {logging_mixin.py:109} INFO - [2026-01-10 09:49:19,877] {dag.py:1833} INFO - Sync 1 DAGs
[2026-01-10 09:49:19,911] {logging_mixin.py:109} INFO - [2026-01-10 09:49:19,911] {dag.py:2306} INFO - Setting next_dagrun for example_nested_branch_dag to 2026-01-08 00:00:00+00:00
[2026-01-10 09:49:19,929] {processor.py:170} INFO - Processing /home/airflow/.local/lib/python3.6/site-packages/airflow/example_dags/example_nested_branch_dag.py took 0.144 seconds
[2026-01-10 09:49:50,050] {processor.py:162} INFO - Started process (PID=2314) to work on /home/airflow/.local/lib/python3.6/site-packages/airflow/example_dags/example_nested_branch_dag.py
[2026-01-10 09:49:50,052] {processor.py:613} INFO - Processing file /home/airflow/.local/lib/python3.6/site-packages/airflow/example_dags/example_nested_branch_dag.py for tasks to queue
[2026-01-10 09:49:50,054] {logging_mixin.py:109} INFO - [2026-01-10 09:49:50,053] {dagbag.py:496} INFO - Filling up the DagBag from /home/airflow/.local/lib/python3.6/site-packages/airflow/example_dags/example_nested_branch_dag.py
[2026-01-10 09:49:50,089] {processor.py:623} INFO - DAG(s) dict_keys(['example_nested_branch_dag']) retrieved from /home/airflow/.local/lib/python3.6/site-packages/airflow/example_dags/example_nested_branch_dag.py
[2026-01-10 09:49:50,132] {logging_mixin.py:109} INFO - [2026-01-10 09:49:50,131] {dag.py:1833} INFO - Sync 1 DAGs
[2026-01-10 09:49:50,171] {logging_mixin.py:109} INFO - [2026-01-10 09:49:50,171] {dag.py:2306} INFO - Setting next_dagrun for example_nested_branch_dag to 2026-01-08 00:00:00+00:00
[2026-01-10 09:49:50,191] {processor.py:170} INFO - Processing /home/airflow/.local/lib/python3.6/site-packages/airflow/example_dags/example_nested_branch_dag.py took 0.148 seconds
[2026-01-10 09:50:21,010] {processor.py:162} INFO - Started process (PID=2356) to work on /home/airflow/.local/lib/python3.6/site-packages/airflow/example_dags/example_nested_branch_dag.py
[2026-01-10 09:50:21,015] {processor.py:613} INFO - Processing file /home/airflow/.local/lib/python3.6/site-packages/airflow/example_dags/example_nested_branch_dag.py for tasks to queue
[2026-01-10 09:50:21,016] {logging_mixin.py:109} INFO - [2026-01-10 09:50:21,016] {dagbag.py:496} INFO - Filling up the DagBag from /home/airflow/.local/lib/python3.6/site-packages/airflow/example_dags/example_nested_branch_dag.py
[2026-01-10 09:50:21,045] {processor.py:623} INFO - DAG(s) dict_keys(['example_nested_branch_dag']) retrieved from /home/airflow/.local/lib/python3.6/site-packages/airflow/example_dags/example_nested_branch_dag.py
[2026-01-10 09:50:21,077] {logging_mixin.py:109} INFO - [2026-01-10 09:50:21,077] {dag.py:1833} INFO - Sync 1 DAGs
[2026-01-10 09:50:21,106] {logging_mixin.py:109} INFO - [2026-01-10 09:50:21,106] {dag.py:2306} INFO - Setting next_dagrun for example_nested_branch_dag to 2026-01-08 00:00:00+00:00
[2026-01-10 09:50:21,117] {processor.py:170} INFO - Processing /home/airflow/.local/lib/python3.6/site-packages/airflow/example_dags/example_nested_branch_dag.py took 0.114 seconds
[2026-01-10 09:50:52,077] {processor.py:162} INFO - Started process (PID=2416) to work on /home/airflow/.local/lib/python3.6/site-packages/airflow/example_dags/example_nested_branch_dag.py
[2026-01-10 09:50:52,080] {processor.py:613} INFO - Processing file /home/airflow/.local/lib/python3.6/site-packages/airflow/example_dags/example_nested_branch_dag.py for tasks to queue
[2026-01-10 09:50:52,082] {logging_mixin.py:109} INFO - [2026-01-10 09:50:52,081] {dagbag.py:496} INFO - Filling up the DagBag from /home/airflow/.local/lib/python3.6/site-packages/airflow/example_dags/example_nested_branch_dag.py
[2026-01-10 09:50:52,120] {processor.py:623} INFO - DAG(s) dict_keys(['example_nested_branch_dag']) retrieved from /home/airflow/.local/lib/python3.6/site-packages/airflow/example_dags/example_nested_branch_dag.py
[2026-01-10 09:50:52,177] {logging_mixin.py:109} INFO - [2026-01-10 09:50:52,176] {dag.py:1833} INFO - Sync 1 DAGs
[2026-01-10 09:50:52,216] {logging_mixin.py:109} INFO - [2026-01-10 09:50:52,216] {dag.py:2306} INFO - Setting next_dagrun for example_nested_branch_dag to 2026-01-08 00:00:00+00:00
[2026-01-10 09:50:52,234] {processor.py:170} INFO - Processing /home/airflow/.local/lib/python3.6/site-packages/airflow/example_dags/example_nested_branch_dag.py took 0.162 seconds
[2026-01-10 09:51:22,929] {processor.py:162} INFO - Started process (PID=2467) to work on /home/airflow/.local/lib/python3.6/site-packages/airflow/example_dags/example_nested_branch_dag.py
[2026-01-10 09:51:22,931] {processor.py:613} INFO - Processing file /home/airflow/.local/lib/python3.6/site-packages/airflow/example_dags/example_nested_branch_dag.py for tasks to queue
[2026-01-10 09:51:22,935] {logging_mixin.py:109} INFO - [2026-01-10 09:51:22,934] {dagbag.py:496} INFO - Filling up the DagBag from /home/airflow/.local/lib/python3.6/site-packages/airflow/example_dags/example_nested_branch_dag.py
[2026-01-10 09:51:22,980] {processor.py:623} INFO - DAG(s) dict_keys(['example_nested_branch_dag']) retrieved from /home/airflow/.local/lib/python3.6/site-packages/airflow/example_dags/example_nested_branch_dag.py
[2026-01-10 09:51:23,041] {logging_mixin.py:109} INFO - [2026-01-10 09:51:23,040] {dag.py:1833} INFO - Sync 1 DAGs
[2026-01-10 09:51:23,076] {logging_mixin.py:109} INFO - [2026-01-10 09:51:23,076] {dag.py:2306} INFO - Setting next_dagrun for example_nested_branch_dag to 2026-01-08 00:00:00+00:00
[2026-01-10 09:51:23,092] {processor.py:170} INFO - Processing /home/airflow/.local/lib/python3.6/site-packages/airflow/example_dags/example_nested_branch_dag.py took 0.168 seconds
[2026-01-10 09:51:54,028] {processor.py:162} INFO - Started process (PID=2517) to work on /home/airflow/.local/lib/python3.6/site-packages/airflow/example_dags/example_nested_branch_dag.py
[2026-01-10 09:51:54,031] {processor.py:613} INFO - Processing file /home/airflow/.local/lib/python3.6/site-packages/airflow/example_dags/example_nested_branch_dag.py for tasks to queue
[2026-01-10 09:51:54,032] {logging_mixin.py:109} INFO - [2026-01-10 09:51:54,032] {dagbag.py:496} INFO - Filling up the DagBag from /home/airflow/.local/lib/python3.6/site-packages/airflow/example_dags/example_nested_branch_dag.py
[2026-01-10 09:51:54,069] {processor.py:623} INFO - DAG(s) dict_keys(['example_nested_branch_dag']) retrieved from /home/airflow/.local/lib/python3.6/site-packages/airflow/example_dags/example_nested_branch_dag.py
[2026-01-10 09:51:54,125] {logging_mixin.py:109} INFO - [2026-01-10 09:51:54,125] {dag.py:1833} INFO - Sync 1 DAGs
[2026-01-10 09:51:54,161] {logging_mixin.py:109} INFO - [2026-01-10 09:51:54,161] {dag.py:2306} INFO - Setting next_dagrun for example_nested_branch_dag to 2026-01-08 00:00:00+00:00
[2026-01-10 09:51:54,175] {processor.py:170} INFO - Processing /home/airflow/.local/lib/python3.6/site-packages/airflow/example_dags/example_nested_branch_dag.py took 0.153 seconds
[2026-01-10 09:52:24,781] {processor.py:162} INFO - Started process (PID=2558) to work on /home/airflow/.local/lib/python3.6/site-packages/airflow/example_dags/example_nested_branch_dag.py
[2026-01-10 09:52:24,782] {processor.py:613} INFO - Processing file /home/airflow/.local/lib/python3.6/site-packages/airflow/example_dags/example_nested_branch_dag.py for tasks to queue
[2026-01-10 09:52:24,783] {logging_mixin.py:109} INFO - [2026-01-10 09:52:24,783] {dagbag.py:496} INFO - Filling up the DagBag from /home/airflow/.local/lib/python3.6/site-packages/airflow/example_dags/example_nested_branch_dag.py
[2026-01-10 09:52:24,811] {processor.py:623} INFO - DAG(s) dict_keys(['example_nested_branch_dag']) retrieved from /home/airflow/.local/lib/python3.6/site-packages/airflow/example_dags/example_nested_branch_dag.py
[2026-01-10 09:52:24,849] {logging_mixin.py:109} INFO - [2026-01-10 09:52:24,849] {dag.py:1833} INFO - Sync 1 DAGs
[2026-01-10 09:52:24,885] {logging_mixin.py:109} INFO - [2026-01-10 09:52:24,885] {dag.py:2306} INFO - Setting next_dagrun for example_nested_branch_dag to 2026-01-08 00:00:00+00:00
[2026-01-10 09:52:24,904] {processor.py:170} INFO - Processing /home/airflow/.local/lib/python3.6/site-packages/airflow/example_dags/example_nested_branch_dag.py took 0.127 seconds
[2026-01-10 09:52:55,632] {processor.py:162} INFO - Started process (PID=2608) to work on /home/airflow/.local/lib/python3.6/site-packages/airflow/example_dags/example_nested_branch_dag.py
[2026-01-10 09:52:55,634] {processor.py:613} INFO - Processing file /home/airflow/.local/lib/python3.6/site-packages/airflow/example_dags/example_nested_branch_dag.py for tasks to queue
[2026-01-10 09:52:55,635] {logging_mixin.py:109} INFO - [2026-01-10 09:52:55,635] {dagbag.py:496} INFO - Filling up the DagBag from /home/airflow/.local/lib/python3.6/site-packages/airflow/example_dags/example_nested_branch_dag.py
[2026-01-10 09:52:55,664] {processor.py:623} INFO - DAG(s) dict_keys(['example_nested_branch_dag']) retrieved from /home/airflow/.local/lib/python3.6/site-packages/airflow/example_dags/example_nested_branch_dag.py
[2026-01-10 09:52:55,721] {logging_mixin.py:109} INFO - [2026-01-10 09:52:55,721] {dag.py:1833} INFO - Sync 1 DAGs
[2026-01-10 09:52:55,771] {logging_mixin.py:109} INFO - [2026-01-10 09:52:55,770] {dag.py:2306} INFO - Setting next_dagrun for example_nested_branch_dag to 2026-01-08 00:00:00+00:00
[2026-01-10 09:52:55,803] {processor.py:170} INFO - Processing /home/airflow/.local/lib/python3.6/site-packages/airflow/example_dags/example_nested_branch_dag.py took 0.177 seconds
[2026-01-10 09:53:26,169] {processor.py:162} INFO - Started process (PID=2650) to work on /home/airflow/.local/lib/python3.6/site-packages/airflow/example_dags/example_nested_branch_dag.py
[2026-01-10 09:53:26,191] {processor.py:613} INFO - Processing file /home/airflow/.local/lib/python3.6/site-packages/airflow/example_dags/example_nested_branch_dag.py for tasks to queue
[2026-01-10 09:53:26,205] {logging_mixin.py:109} INFO - [2026-01-10 09:53:26,205] {dagbag.py:496} INFO - Filling up the DagBag from /home/airflow/.local/lib/python3.6/site-packages/airflow/example_dags/example_nested_branch_dag.py
[2026-01-10 09:53:26,324] {processor.py:623} INFO - DAG(s) dict_keys(['example_nested_branch_dag']) retrieved from /home/airflow/.local/lib/python3.6/site-packages/airflow/example_dags/example_nested_branch_dag.py
[2026-01-10 09:53:27,000] {logging_mixin.py:109} INFO - [2026-01-10 09:53:27,000] {dag.py:1833} INFO - Sync 1 DAGs
[2026-01-10 09:53:27,062] {logging_mixin.py:109} INFO - [2026-01-10 09:53:27,061] {dag.py:2306} INFO - Setting next_dagrun for example_nested_branch_dag to 2026-01-08 00:00:00+00:00
[2026-01-10 09:53:27,090] {processor.py:170} INFO - Processing /home/airflow/.local/lib/python3.6/site-packages/airflow/example_dags/example_nested_branch_dag.py took 0.955 seconds
[2026-01-10 09:53:57,282] {processor.py:162} INFO - Started process (PID=2692) to work on /home/airflow/.local/lib/python3.6/site-packages/airflow/example_dags/example_nested_branch_dag.py
[2026-01-10 09:53:57,284] {processor.py:613} INFO - Processing file /home/airflow/.local/lib/python3.6/site-packages/airflow/example_dags/example_nested_branch_dag.py for tasks to queue
[2026-01-10 09:53:57,285] {logging_mixin.py:109} INFO - [2026-01-10 09:53:57,285] {dagbag.py:496} INFO - Filling up the DagBag from /home/airflow/.local/lib/python3.6/site-packages/airflow/example_dags/example_nested_branch_dag.py
[2026-01-10 09:53:57,351] {processor.py:623} INFO - DAG(s) dict_keys(['example_nested_branch_dag']) retrieved from /home/airflow/.local/lib/python3.6/site-packages/airflow/example_dags/example_nested_branch_dag.py
[2026-01-10 09:53:57,389] {logging_mixin.py:109} INFO - [2026-01-10 09:53:57,389] {dag.py:1833} INFO - Sync 1 DAGs
[2026-01-10 09:53:57,429] {logging_mixin.py:109} INFO - [2026-01-10 09:53:57,429] {dag.py:2306} INFO - Setting next_dagrun for example_nested_branch_dag to 2026-01-08 00:00:00+00:00
[2026-01-10 09:53:57,444] {processor.py:170} INFO - Processing /home/airflow/.local/lib/python3.6/site-packages/airflow/example_dags/example_nested_branch_dag.py took 0.168 seconds
[2026-01-10 09:54:27,539] {processor.py:162} INFO - Started process (PID=2733) to work on /home/airflow/.local/lib/python3.6/site-packages/airflow/example_dags/example_nested_branch_dag.py
[2026-01-10 09:54:27,544] {processor.py:613} INFO - Processing file /home/airflow/.local/lib/python3.6/site-packages/airflow/example_dags/example_nested_branch_dag.py for tasks to queue
[2026-01-10 09:54:27,546] {logging_mixin.py:109} INFO - [2026-01-10 09:54:27,546] {dagbag.py:496} INFO - Filling up the DagBag from /home/airflow/.local/lib/python3.6/site-packages/airflow/example_dags/example_nested_branch_dag.py
[2026-01-10 09:54:27,566] {processor.py:623} INFO - DAG(s) dict_keys(['example_nested_branch_dag']) retrieved from /home/airflow/.local/lib/python3.6/site-packages/airflow/example_dags/example_nested_branch_dag.py
[2026-01-10 09:54:27,602] {logging_mixin.py:109} INFO - [2026-01-10 09:54:27,601] {dag.py:1833} INFO - Sync 1 DAGs
[2026-01-10 09:54:27,631] {logging_mixin.py:109} INFO - [2026-01-10 09:54:27,631] {dag.py:2306} INFO - Setting next_dagrun for example_nested_branch_dag to 2026-01-08 00:00:00+00:00
[2026-01-10 09:54:27,648] {processor.py:170} INFO - Processing /home/airflow/.local/lib/python3.6/site-packages/airflow/example_dags/example_nested_branch_dag.py took 0.114 seconds
[2026-01-10 09:54:57,883] {processor.py:162} INFO - Started process (PID=2784) to work on /home/airflow/.local/lib/python3.6/site-packages/airflow/example_dags/example_nested_branch_dag.py
[2026-01-10 09:54:57,890] {processor.py:613} INFO - Processing file /home/airflow/.local/lib/python3.6/site-packages/airflow/example_dags/example_nested_branch_dag.py for tasks to queue
[2026-01-10 09:54:57,897] {logging_mixin.py:109} INFO - [2026-01-10 09:54:57,897] {dagbag.py:496} INFO - Filling up the DagBag from /home/airflow/.local/lib/python3.6/site-packages/airflow/example_dags/example_nested_branch_dag.py
[2026-01-10 09:54:57,951] {processor.py:623} INFO - DAG(s) dict_keys(['example_nested_branch_dag']) retrieved from /home/airflow/.local/lib/python3.6/site-packages/airflow/example_dags/example_nested_branch_dag.py
[2026-01-10 09:54:58,140] {logging_mixin.py:109} INFO - [2026-01-10 09:54:58,140] {dag.py:1833} INFO - Sync 1 DAGs
[2026-01-10 09:54:58,261] {logging_mixin.py:109} INFO - [2026-01-10 09:54:58,260] {dag.py:2306} INFO - Setting next_dagrun for example_nested_branch_dag to 2026-01-08 00:00:00+00:00
[2026-01-10 09:54:58,328] {processor.py:170} INFO - Processing /home/airflow/.local/lib/python3.6/site-packages/airflow/example_dags/example_nested_branch_dag.py took 0.459 seconds
[2026-01-10 09:55:28,432] {processor.py:162} INFO - Started process (PID=2815) to work on /home/airflow/.local/lib/python3.6/site-packages/airflow/example_dags/example_nested_branch_dag.py
[2026-01-10 09:55:28,434] {processor.py:613} INFO - Processing file /home/airflow/.local/lib/python3.6/site-packages/airflow/example_dags/example_nested_branch_dag.py for tasks to queue
[2026-01-10 09:55:28,434] {logging_mixin.py:109} INFO - [2026-01-10 09:55:28,434] {dagbag.py:496} INFO - Filling up the DagBag from /home/airflow/.local/lib/python3.6/site-packages/airflow/example_dags/example_nested_branch_dag.py
[2026-01-10 09:55:28,467] {processor.py:623} INFO - DAG(s) dict_keys(['example_nested_branch_dag']) retrieved from /home/airflow/.local/lib/python3.6/site-packages/airflow/example_dags/example_nested_branch_dag.py
[2026-01-10 09:55:28,503] {logging_mixin.py:109} INFO - [2026-01-10 09:55:28,503] {dag.py:1833} INFO - Sync 1 DAGs
[2026-01-10 09:55:28,537] {logging_mixin.py:109} INFO - [2026-01-10 09:55:28,537] {dag.py:2306} INFO - Setting next_dagrun for example_nested_branch_dag to 2026-01-08 00:00:00+00:00
[2026-01-10 09:55:28,556] {processor.py:170} INFO - Processing /home/airflow/.local/lib/python3.6/site-packages/airflow/example_dags/example_nested_branch_dag.py took 0.129 seconds
[2026-01-10 09:55:58,696] {processor.py:162} INFO - Started process (PID=2863) to work on /home/airflow/.local/lib/python3.6/site-packages/airflow/example_dags/example_nested_branch_dag.py
[2026-01-10 09:55:58,699] {processor.py:613} INFO - Processing file /home/airflow/.local/lib/python3.6/site-packages/airflow/example_dags/example_nested_branch_dag.py for tasks to queue
[2026-01-10 09:55:58,700] {logging_mixin.py:109} INFO - [2026-01-10 09:55:58,700] {dagbag.py:496} INFO - Filling up the DagBag from /home/airflow/.local/lib/python3.6/site-packages/airflow/example_dags/example_nested_branch_dag.py
[2026-01-10 09:55:58,765] {processor.py:623} INFO - DAG(s) dict_keys(['example_nested_branch_dag']) retrieved from /home/airflow/.local/lib/python3.6/site-packages/airflow/example_dags/example_nested_branch_dag.py
[2026-01-10 09:55:58,821] {logging_mixin.py:109} INFO - [2026-01-10 09:55:58,821] {dag.py:1833} INFO - Sync 1 DAGs
[2026-01-10 09:55:58,860] {logging_mixin.py:109} INFO - [2026-01-10 09:55:58,860] {dag.py:2306} INFO - Setting next_dagrun for example_nested_branch_dag to 2026-01-08 00:00:00+00:00
[2026-01-10 09:55:58,875] {processor.py:170} INFO - Processing /home/airflow/.local/lib/python3.6/site-packages/airflow/example_dags/example_nested_branch_dag.py took 0.186 seconds
[2026-01-10 09:56:40,573] {processor.py:162} INFO - Started process (PID=2907) to work on /home/airflow/.local/lib/python3.6/site-packages/airflow/example_dags/example_nested_branch_dag.py
[2026-01-10 09:56:40,576] {processor.py:613} INFO - Processing file /home/airflow/.local/lib/python3.6/site-packages/airflow/example_dags/example_nested_branch_dag.py for tasks to queue
[2026-01-10 09:56:40,577] {logging_mixin.py:109} INFO - [2026-01-10 09:56:40,577] {dagbag.py:496} INFO - Filling up the DagBag from /home/airflow/.local/lib/python3.6/site-packages/airflow/example_dags/example_nested_branch_dag.py
[2026-01-10 09:56:40,620] {processor.py:623} INFO - DAG(s) dict_keys(['example_nested_branch_dag']) retrieved from /home/airflow/.local/lib/python3.6/site-packages/airflow/example_dags/example_nested_branch_dag.py
[2026-01-10 09:56:40,673] {logging_mixin.py:109} INFO - [2026-01-10 09:56:40,673] {dag.py:1833} INFO - Sync 1 DAGs
[2026-01-10 09:56:40,711] {logging_mixin.py:109} INFO - [2026-01-10 09:56:40,709] {dag.py:2306} INFO - Setting next_dagrun for example_nested_branch_dag to 2026-01-08 00:00:00+00:00
[2026-01-10 09:56:40,727] {processor.py:170} INFO - Processing /home/airflow/.local/lib/python3.6/site-packages/airflow/example_dags/example_nested_branch_dag.py took 0.159 seconds
[2026-01-10 09:57:11,918] {processor.py:162} INFO - Started process (PID=2957) to work on /home/airflow/.local/lib/python3.6/site-packages/airflow/example_dags/example_nested_branch_dag.py
[2026-01-10 09:57:11,928] {processor.py:613} INFO - Processing file /home/airflow/.local/lib/python3.6/site-packages/airflow/example_dags/example_nested_branch_dag.py for tasks to queue
[2026-01-10 09:57:11,929] {logging_mixin.py:109} INFO - [2026-01-10 09:57:11,929] {dagbag.py:496} INFO - Filling up the DagBag from /home/airflow/.local/lib/python3.6/site-packages/airflow/example_dags/example_nested_branch_dag.py
[2026-01-10 09:57:11,995] {processor.py:623} INFO - DAG(s) dict_keys(['example_nested_branch_dag']) retrieved from /home/airflow/.local/lib/python3.6/site-packages/airflow/example_dags/example_nested_branch_dag.py
[2026-01-10 09:57:12,347] {logging_mixin.py:109} INFO - [2026-01-10 09:57:12,346] {dag.py:1833} INFO - Sync 1 DAGs
[2026-01-10 09:57:12,415] {logging_mixin.py:109} INFO - [2026-01-10 09:57:12,404] {dag.py:2306} INFO - Setting next_dagrun for example_nested_branch_dag to 2026-01-08 00:00:00+00:00
[2026-01-10 09:57:12,463] {processor.py:170} INFO - Processing /home/airflow/.local/lib/python3.6/site-packages/airflow/example_dags/example_nested_branch_dag.py took 0.549 seconds
[2026-01-10 09:58:05,188] {processor.py:162} INFO - Started process (PID=2988) to work on /home/airflow/.local/lib/python3.6/site-packages/airflow/example_dags/example_nested_branch_dag.py
[2026-01-10 09:58:05,190] {processor.py:613} INFO - Processing file /home/airflow/.local/lib/python3.6/site-packages/airflow/example_dags/example_nested_branch_dag.py for tasks to queue
[2026-01-10 09:58:05,191] {logging_mixin.py:109} INFO - [2026-01-10 09:58:05,191] {dagbag.py:496} INFO - Filling up the DagBag from /home/airflow/.local/lib/python3.6/site-packages/airflow/example_dags/example_nested_branch_dag.py
[2026-01-10 09:58:05,230] {processor.py:623} INFO - DAG(s) dict_keys(['example_nested_branch_dag']) retrieved from /home/airflow/.local/lib/python3.6/site-packages/airflow/example_dags/example_nested_branch_dag.py
[2026-01-10 09:58:05,290] {logging_mixin.py:109} INFO - [2026-01-10 09:58:05,290] {dag.py:1833} INFO - Sync 1 DAGs
[2026-01-10 09:58:05,336] {logging_mixin.py:109} INFO - [2026-01-10 09:58:05,335] {dag.py:2306} INFO - Setting next_dagrun for example_nested_branch_dag to 2026-01-08 00:00:00+00:00
[2026-01-10 09:58:05,357] {processor.py:170} INFO - Processing /home/airflow/.local/lib/python3.6/site-packages/airflow/example_dags/example_nested_branch_dag.py took 0.176 seconds
[2026-01-10 09:59:33,077] {processor.py:162} INFO - Started process (PID=3030) to work on /home/airflow/.local/lib/python3.6/site-packages/airflow/example_dags/example_nested_branch_dag.py
[2026-01-10 09:59:33,079] {processor.py:613} INFO - Processing file /home/airflow/.local/lib/python3.6/site-packages/airflow/example_dags/example_nested_branch_dag.py for tasks to queue
[2026-01-10 09:59:33,084] {logging_mixin.py:109} INFO - [2026-01-10 09:59:33,084] {dagbag.py:496} INFO - Filling up the DagBag from /home/airflow/.local/lib/python3.6/site-packages/airflow/example_dags/example_nested_branch_dag.py
[2026-01-10 09:59:33,118] {processor.py:623} INFO - DAG(s) dict_keys(['example_nested_branch_dag']) retrieved from /home/airflow/.local/lib/python3.6/site-packages/airflow/example_dags/example_nested_branch_dag.py
[2026-01-10 09:59:33,154] {logging_mixin.py:109} INFO - [2026-01-10 09:59:33,154] {dag.py:1833} INFO - Sync 1 DAGs
[2026-01-10 09:59:33,193] {logging_mixin.py:109} INFO - [2026-01-10 09:59:33,193] {dag.py:2306} INFO - Setting next_dagrun for example_nested_branch_dag to 2026-01-08 00:00:00+00:00
[2026-01-10 09:59:33,210] {processor.py:170} INFO - Processing /home/airflow/.local/lib/python3.6/site-packages/airflow/example_dags/example_nested_branch_dag.py took 0.145 seconds
[2026-01-10 10:00:04,175] {processor.py:162} INFO - Started process (PID=3071) to work on /home/airflow/.local/lib/python3.6/site-packages/airflow/example_dags/example_nested_branch_dag.py
[2026-01-10 10:00:04,179] {processor.py:613} INFO - Processing file /home/airflow/.local/lib/python3.6/site-packages/airflow/example_dags/example_nested_branch_dag.py for tasks to queue
[2026-01-10 10:00:04,180] {logging_mixin.py:109} INFO - [2026-01-10 10:00:04,180] {dagbag.py:496} INFO - Filling up the DagBag from /home/airflow/.local/lib/python3.6/site-packages/airflow/example_dags/example_nested_branch_dag.py
[2026-01-10 10:00:04,218] {processor.py:623} INFO - DAG(s) dict_keys(['example_nested_branch_dag']) retrieved from /home/airflow/.local/lib/python3.6/site-packages/airflow/example_dags/example_nested_branch_dag.py
[2026-01-10 10:00:04,292] {logging_mixin.py:109} INFO - [2026-01-10 10:00:04,291] {dag.py:1833} INFO - Sync 1 DAGs
[2026-01-10 10:00:04,427] {logging_mixin.py:109} INFO - [2026-01-10 10:00:04,426] {dag.py:2306} INFO - Setting next_dagrun for example_nested_branch_dag to 2026-01-08 00:00:00+00:00
[2026-01-10 10:00:04,447] {processor.py:170} INFO - Processing /home/airflow/.local/lib/python3.6/site-packages/airflow/example_dags/example_nested_branch_dag.py took 0.287 seconds
[2026-01-10 10:01:00,114] {processor.py:162} INFO - Started process (PID=3118) to work on /home/airflow/.local/lib/python3.6/site-packages/airflow/example_dags/example_nested_branch_dag.py
[2026-01-10 10:01:00,117] {processor.py:613} INFO - Processing file /home/airflow/.local/lib/python3.6/site-packages/airflow/example_dags/example_nested_branch_dag.py for tasks to queue
[2026-01-10 10:01:00,118] {logging_mixin.py:109} INFO - [2026-01-10 10:01:00,118] {dagbag.py:496} INFO - Filling up the DagBag from /home/airflow/.local/lib/python3.6/site-packages/airflow/example_dags/example_nested_branch_dag.py
[2026-01-10 10:01:00,147] {processor.py:623} INFO - DAG(s) dict_keys(['example_nested_branch_dag']) retrieved from /home/airflow/.local/lib/python3.6/site-packages/airflow/example_dags/example_nested_branch_dag.py
[2026-01-10 10:01:00,187] {logging_mixin.py:109} INFO - [2026-01-10 10:01:00,187] {dag.py:1833} INFO - Sync 1 DAGs
[2026-01-10 10:01:00,217] {logging_mixin.py:109} INFO - [2026-01-10 10:01:00,217] {dag.py:2306} INFO - Setting next_dagrun for example_nested_branch_dag to 2026-01-08 00:00:00+00:00
[2026-01-10 10:01:00,252] {processor.py:170} INFO - Processing /home/airflow/.local/lib/python3.6/site-packages/airflow/example_dags/example_nested_branch_dag.py took 0.142 seconds
[2026-01-10 10:02:27,193] {processor.py:162} INFO - Started process (PID=3162) to work on /home/airflow/.local/lib/python3.6/site-packages/airflow/example_dags/example_nested_branch_dag.py
[2026-01-10 10:02:27,194] {processor.py:613} INFO - Processing file /home/airflow/.local/lib/python3.6/site-packages/airflow/example_dags/example_nested_branch_dag.py for tasks to queue
[2026-01-10 10:02:27,195] {logging_mixin.py:109} INFO - [2026-01-10 10:02:27,195] {dagbag.py:496} INFO - Filling up the DagBag from /home/airflow/.local/lib/python3.6/site-packages/airflow/example_dags/example_nested_branch_dag.py
[2026-01-10 10:02:27,221] {processor.py:623} INFO - DAG(s) dict_keys(['example_nested_branch_dag']) retrieved from /home/airflow/.local/lib/python3.6/site-packages/airflow/example_dags/example_nested_branch_dag.py
[2026-01-10 10:02:27,249] {logging_mixin.py:109} INFO - [2026-01-10 10:02:27,249] {dag.py:1833} INFO - Sync 1 DAGs
[2026-01-10 10:02:27,275] {logging_mixin.py:109} INFO - [2026-01-10 10:02:27,274] {dag.py:2306} INFO - Setting next_dagrun for example_nested_branch_dag to 2026-01-08 00:00:00+00:00
[2026-01-10 10:02:27,292] {processor.py:170} INFO - Processing /home/airflow/.local/lib/python3.6/site-packages/airflow/example_dags/example_nested_branch_dag.py took 0.105 seconds
[2026-01-10 10:15:19,389] {processor.py:162} INFO - Started process (PID=81) to work on /home/airflow/.local/lib/python3.6/site-packages/airflow/example_dags/example_nested_branch_dag.py
[2026-01-10 10:15:19,398] {processor.py:613} INFO - Processing file /home/airflow/.local/lib/python3.6/site-packages/airflow/example_dags/example_nested_branch_dag.py for tasks to queue
[2026-01-10 10:15:19,399] {logging_mixin.py:109} INFO - [2026-01-10 10:15:19,399] {dagbag.py:496} INFO - Filling up the DagBag from /home/airflow/.local/lib/python3.6/site-packages/airflow/example_dags/example_nested_branch_dag.py
[2026-01-10 10:15:19,569] {processor.py:623} INFO - DAG(s) dict_keys(['example_nested_branch_dag']) retrieved from /home/airflow/.local/lib/python3.6/site-packages/airflow/example_dags/example_nested_branch_dag.py
[2026-01-10 10:15:19,752] {logging_mixin.py:109} INFO - [2026-01-10 10:15:19,752] {dag.py:1833} INFO - Sync 1 DAGs
[2026-01-10 10:15:19,955] {logging_mixin.py:109} INFO - [2026-01-10 10:15:19,955] {dag.py:2306} INFO - Setting next_dagrun for example_nested_branch_dag to 2026-01-08 00:00:00+00:00
[2026-01-10 10:15:20,036] {processor.py:170} INFO - Processing /home/airflow/.local/lib/python3.6/site-packages/airflow/example_dags/example_nested_branch_dag.py took 0.674 seconds
[2026-01-10 10:15:51,145] {processor.py:162} INFO - Started process (PID=132) to work on /home/airflow/.local/lib/python3.6/site-packages/airflow/example_dags/example_nested_branch_dag.py
[2026-01-10 10:15:51,149] {processor.py:613} INFO - Processing file /home/airflow/.local/lib/python3.6/site-packages/airflow/example_dags/example_nested_branch_dag.py for tasks to queue
[2026-01-10 10:15:51,151] {logging_mixin.py:109} INFO - [2026-01-10 10:15:51,150] {dagbag.py:496} INFO - Filling up the DagBag from /home/airflow/.local/lib/python3.6/site-packages/airflow/example_dags/example_nested_branch_dag.py
[2026-01-10 10:15:51,226] {processor.py:623} INFO - DAG(s) dict_keys(['example_nested_branch_dag']) retrieved from /home/airflow/.local/lib/python3.6/site-packages/airflow/example_dags/example_nested_branch_dag.py
[2026-01-10 10:15:51,357] {logging_mixin.py:109} INFO - [2026-01-10 10:15:51,357] {dag.py:1833} INFO - Sync 1 DAGs
[2026-01-10 10:15:51,498] {logging_mixin.py:109} INFO - [2026-01-10 10:15:51,498] {dag.py:2306} INFO - Setting next_dagrun for example_nested_branch_dag to 2026-01-08 00:00:00+00:00
[2026-01-10 10:15:51,574] {processor.py:170} INFO - Processing /home/airflow/.local/lib/python3.6/site-packages/airflow/example_dags/example_nested_branch_dag.py took 0.439 seconds
[2026-01-10 10:16:21,904] {processor.py:162} INFO - Started process (PID=173) to work on /home/airflow/.local/lib/python3.6/site-packages/airflow/example_dags/example_nested_branch_dag.py
[2026-01-10 10:16:21,916] {processor.py:613} INFO - Processing file /home/airflow/.local/lib/python3.6/site-packages/airflow/example_dags/example_nested_branch_dag.py for tasks to queue
[2026-01-10 10:16:21,934] {logging_mixin.py:109} INFO - [2026-01-10 10:16:21,917] {dagbag.py:496} INFO - Filling up the DagBag from /home/airflow/.local/lib/python3.6/site-packages/airflow/example_dags/example_nested_branch_dag.py
[2026-01-10 10:16:22,096] {processor.py:623} INFO - DAG(s) dict_keys(['example_nested_branch_dag']) retrieved from /home/airflow/.local/lib/python3.6/site-packages/airflow/example_dags/example_nested_branch_dag.py
[2026-01-10 10:16:22,234] {logging_mixin.py:109} INFO - [2026-01-10 10:16:22,233] {dag.py:1833} INFO - Sync 1 DAGs
[2026-01-10 10:16:22,429] {logging_mixin.py:109} INFO - [2026-01-10 10:16:22,429] {dag.py:2306} INFO - Setting next_dagrun for example_nested_branch_dag to 2026-01-08 00:00:00+00:00
[2026-01-10 10:16:22,492] {processor.py:170} INFO - Processing /home/airflow/.local/lib/python3.6/site-packages/airflow/example_dags/example_nested_branch_dag.py took 0.610 seconds
[2026-01-10 10:16:52,619] {processor.py:162} INFO - Started process (PID=224) to work on /home/airflow/.local/lib/python3.6/site-packages/airflow/example_dags/example_nested_branch_dag.py
[2026-01-10 10:16:52,623] {processor.py:613} INFO - Processing file /home/airflow/.local/lib/python3.6/site-packages/airflow/example_dags/example_nested_branch_dag.py for tasks to queue
[2026-01-10 10:16:52,624] {logging_mixin.py:109} INFO - [2026-01-10 10:16:52,623] {dagbag.py:496} INFO - Filling up the DagBag from /home/airflow/.local/lib/python3.6/site-packages/airflow/example_dags/example_nested_branch_dag.py
[2026-01-10 10:16:52,669] {processor.py:623} INFO - DAG(s) dict_keys(['example_nested_branch_dag']) retrieved from /home/airflow/.local/lib/python3.6/site-packages/airflow/example_dags/example_nested_branch_dag.py
[2026-01-10 10:16:52,786] {logging_mixin.py:109} INFO - [2026-01-10 10:16:52,786] {dag.py:1833} INFO - Sync 1 DAGs
[2026-01-10 10:16:52,841] {logging_mixin.py:109} INFO - [2026-01-10 10:16:52,841] {dag.py:2306} INFO - Setting next_dagrun for example_nested_branch_dag to 2026-01-08 00:00:00+00:00
[2026-01-10 10:16:52,858] {processor.py:170} INFO - Processing /home/airflow/.local/lib/python3.6/site-packages/airflow/example_dags/example_nested_branch_dag.py took 0.243 seconds
[2026-01-10 10:17:23,148] {processor.py:162} INFO - Started process (PID=275) to work on /home/airflow/.local/lib/python3.6/site-packages/airflow/example_dags/example_nested_branch_dag.py
[2026-01-10 10:17:23,149] {processor.py:613} INFO - Processing file /home/airflow/.local/lib/python3.6/site-packages/airflow/example_dags/example_nested_branch_dag.py for tasks to queue
[2026-01-10 10:17:23,150] {logging_mixin.py:109} INFO - [2026-01-10 10:17:23,150] {dagbag.py:496} INFO - Filling up the DagBag from /home/airflow/.local/lib/python3.6/site-packages/airflow/example_dags/example_nested_branch_dag.py
[2026-01-10 10:17:23,185] {processor.py:623} INFO - DAG(s) dict_keys(['example_nested_branch_dag']) retrieved from /home/airflow/.local/lib/python3.6/site-packages/airflow/example_dags/example_nested_branch_dag.py
[2026-01-10 10:17:23,229] {logging_mixin.py:109} INFO - [2026-01-10 10:17:23,229] {dag.py:1833} INFO - Sync 1 DAGs
[2026-01-10 10:17:23,269] {logging_mixin.py:109} INFO - [2026-01-10 10:17:23,269] {dag.py:2306} INFO - Setting next_dagrun for example_nested_branch_dag to 2026-01-08 00:00:00+00:00
[2026-01-10 10:17:23,286] {processor.py:170} INFO - Processing /home/airflow/.local/lib/python3.6/site-packages/airflow/example_dags/example_nested_branch_dag.py took 0.143 seconds
[2026-01-10 10:17:53,839] {processor.py:162} INFO - Started process (PID=327) to work on /home/airflow/.local/lib/python3.6/site-packages/airflow/example_dags/example_nested_branch_dag.py
[2026-01-10 10:17:53,849] {processor.py:613} INFO - Processing file /home/airflow/.local/lib/python3.6/site-packages/airflow/example_dags/example_nested_branch_dag.py for tasks to queue
[2026-01-10 10:17:53,858] {logging_mixin.py:109} INFO - [2026-01-10 10:17:53,855] {dagbag.py:496} INFO - Filling up the DagBag from /home/airflow/.local/lib/python3.6/site-packages/airflow/example_dags/example_nested_branch_dag.py
[2026-01-10 10:17:54,032] {processor.py:623} INFO - DAG(s) dict_keys(['example_nested_branch_dag']) retrieved from /home/airflow/.local/lib/python3.6/site-packages/airflow/example_dags/example_nested_branch_dag.py
[2026-01-10 10:17:54,173] {logging_mixin.py:109} INFO - [2026-01-10 10:17:54,173] {dag.py:1833} INFO - Sync 1 DAGs
[2026-01-10 10:17:54,304] {logging_mixin.py:109} INFO - [2026-01-10 10:17:54,304] {dag.py:2306} INFO - Setting next_dagrun for example_nested_branch_dag to 2026-01-08 00:00:00+00:00
[2026-01-10 10:17:54,354] {processor.py:170} INFO - Processing /home/airflow/.local/lib/python3.6/site-packages/airflow/example_dags/example_nested_branch_dag.py took 0.539 seconds
[2026-01-10 10:18:24,446] {processor.py:162} INFO - Started process (PID=378) to work on /home/airflow/.local/lib/python3.6/site-packages/airflow/example_dags/example_nested_branch_dag.py
[2026-01-10 10:18:24,451] {processor.py:613} INFO - Processing file /home/airflow/.local/lib/python3.6/site-packages/airflow/example_dags/example_nested_branch_dag.py for tasks to queue
[2026-01-10 10:18:24,456] {logging_mixin.py:109} INFO - [2026-01-10 10:18:24,456] {dagbag.py:496} INFO - Filling up the DagBag from /home/airflow/.local/lib/python3.6/site-packages/airflow/example_dags/example_nested_branch_dag.py
[2026-01-10 10:18:24,552] {processor.py:623} INFO - DAG(s) dict_keys(['example_nested_branch_dag']) retrieved from /home/airflow/.local/lib/python3.6/site-packages/airflow/example_dags/example_nested_branch_dag.py
[2026-01-10 10:18:24,610] {logging_mixin.py:109} INFO - [2026-01-10 10:18:24,610] {dag.py:1833} INFO - Sync 1 DAGs
[2026-01-10 10:18:24,681] {logging_mixin.py:109} INFO - [2026-01-10 10:18:24,679] {dag.py:2306} INFO - Setting next_dagrun for example_nested_branch_dag to 2026-01-08 00:00:00+00:00
[2026-01-10 10:18:24,758] {processor.py:170} INFO - Processing /home/airflow/.local/lib/python3.6/site-packages/airflow/example_dags/example_nested_branch_dag.py took 0.319 seconds
[2026-01-10 10:18:55,232] {processor.py:162} INFO - Started process (PID=420) to work on /home/airflow/.local/lib/python3.6/site-packages/airflow/example_dags/example_nested_branch_dag.py
[2026-01-10 10:18:55,234] {processor.py:613} INFO - Processing file /home/airflow/.local/lib/python3.6/site-packages/airflow/example_dags/example_nested_branch_dag.py for tasks to queue
[2026-01-10 10:18:55,235] {logging_mixin.py:109} INFO - [2026-01-10 10:18:55,234] {dagbag.py:496} INFO - Filling up the DagBag from /home/airflow/.local/lib/python3.6/site-packages/airflow/example_dags/example_nested_branch_dag.py
[2026-01-10 10:18:55,252] {processor.py:623} INFO - DAG(s) dict_keys(['example_nested_branch_dag']) retrieved from /home/airflow/.local/lib/python3.6/site-packages/airflow/example_dags/example_nested_branch_dag.py
[2026-01-10 10:18:55,279] {logging_mixin.py:109} INFO - [2026-01-10 10:18:55,279] {dag.py:1833} INFO - Sync 1 DAGs
[2026-01-10 10:18:55,312] {logging_mixin.py:109} INFO - [2026-01-10 10:18:55,312] {dag.py:2306} INFO - Setting next_dagrun for example_nested_branch_dag to 2026-01-08 00:00:00+00:00
[2026-01-10 10:18:55,330] {processor.py:170} INFO - Processing /home/airflow/.local/lib/python3.6/site-packages/airflow/example_dags/example_nested_branch_dag.py took 0.101 seconds
[2026-01-10 10:19:25,675] {processor.py:162} INFO - Started process (PID=480) to work on /home/airflow/.local/lib/python3.6/site-packages/airflow/example_dags/example_nested_branch_dag.py
[2026-01-10 10:19:25,676] {processor.py:613} INFO - Processing file /home/airflow/.local/lib/python3.6/site-packages/airflow/example_dags/example_nested_branch_dag.py for tasks to queue
[2026-01-10 10:19:25,677] {logging_mixin.py:109} INFO - [2026-01-10 10:19:25,677] {dagbag.py:496} INFO - Filling up the DagBag from /home/airflow/.local/lib/python3.6/site-packages/airflow/example_dags/example_nested_branch_dag.py
[2026-01-10 10:19:25,700] {processor.py:623} INFO - DAG(s) dict_keys(['example_nested_branch_dag']) retrieved from /home/airflow/.local/lib/python3.6/site-packages/airflow/example_dags/example_nested_branch_dag.py
[2026-01-10 10:19:25,732] {logging_mixin.py:109} INFO - [2026-01-10 10:19:25,732] {dag.py:1833} INFO - Sync 1 DAGs
[2026-01-10 10:19:25,767] {logging_mixin.py:109} INFO - [2026-01-10 10:19:25,767] {dag.py:2306} INFO - Setting next_dagrun for example_nested_branch_dag to 2026-01-08 00:00:00+00:00
[2026-01-10 10:19:25,784] {processor.py:170} INFO - Processing /home/airflow/.local/lib/python3.6/site-packages/airflow/example_dags/example_nested_branch_dag.py took 0.114 seconds
[2026-01-10 10:19:56,313] {processor.py:162} INFO - Started process (PID=533) to work on /home/airflow/.local/lib/python3.6/site-packages/airflow/example_dags/example_nested_branch_dag.py
[2026-01-10 10:19:56,314] {processor.py:613} INFO - Processing file /home/airflow/.local/lib/python3.6/site-packages/airflow/example_dags/example_nested_branch_dag.py for tasks to queue
[2026-01-10 10:19:56,315] {logging_mixin.py:109} INFO - [2026-01-10 10:19:56,315] {dagbag.py:496} INFO - Filling up the DagBag from /home/airflow/.local/lib/python3.6/site-packages/airflow/example_dags/example_nested_branch_dag.py
[2026-01-10 10:19:56,332] {processor.py:623} INFO - DAG(s) dict_keys(['example_nested_branch_dag']) retrieved from /home/airflow/.local/lib/python3.6/site-packages/airflow/example_dags/example_nested_branch_dag.py
[2026-01-10 10:19:56,366] {logging_mixin.py:109} INFO - [2026-01-10 10:19:56,365] {dag.py:1833} INFO - Sync 1 DAGs
[2026-01-10 10:19:56,395] {logging_mixin.py:109} INFO - [2026-01-10 10:19:56,395] {dag.py:2306} INFO - Setting next_dagrun for example_nested_branch_dag to 2026-01-08 00:00:00+00:00
[2026-01-10 10:19:56,408] {processor.py:170} INFO - Processing /home/airflow/.local/lib/python3.6/site-packages/airflow/example_dags/example_nested_branch_dag.py took 0.100 seconds
[2026-01-10 10:20:26,858] {processor.py:162} INFO - Started process (PID=585) to work on /home/airflow/.local/lib/python3.6/site-packages/airflow/example_dags/example_nested_branch_dag.py
[2026-01-10 10:20:26,860] {processor.py:613} INFO - Processing file /home/airflow/.local/lib/python3.6/site-packages/airflow/example_dags/example_nested_branch_dag.py for tasks to queue
[2026-01-10 10:20:26,861] {logging_mixin.py:109} INFO - [2026-01-10 10:20:26,860] {dagbag.py:496} INFO - Filling up the DagBag from /home/airflow/.local/lib/python3.6/site-packages/airflow/example_dags/example_nested_branch_dag.py
[2026-01-10 10:20:26,889] {processor.py:623} INFO - DAG(s) dict_keys(['example_nested_branch_dag']) retrieved from /home/airflow/.local/lib/python3.6/site-packages/airflow/example_dags/example_nested_branch_dag.py
[2026-01-10 10:20:26,949] {logging_mixin.py:109} INFO - [2026-01-10 10:20:26,949] {dag.py:1833} INFO - Sync 1 DAGs
[2026-01-10 10:20:26,998] {logging_mixin.py:109} INFO - [2026-01-10 10:20:26,998] {dag.py:2306} INFO - Setting next_dagrun for example_nested_branch_dag to 2026-01-08 00:00:00+00:00
[2026-01-10 10:20:27,035] {processor.py:170} INFO - Processing /home/airflow/.local/lib/python3.6/site-packages/airflow/example_dags/example_nested_branch_dag.py took 0.182 seconds
