[2026-01-10 09:27:22,304] {processor.py:162} INFO - Started process (PID=73) to work on /home/airflow/.local/lib/python3.6/site-packages/airflow/example_dags/example_task_group.py
[2026-01-10 09:27:22,319] {processor.py:613} INFO - Processing file /home/airflow/.local/lib/python3.6/site-packages/airflow/example_dags/example_task_group.py for tasks to queue
[2026-01-10 09:27:22,323] {logging_mixin.py:109} INFO - [2026-01-10 09:27:22,323] {dagbag.py:496} INFO - Filling up the DagBag from /home/airflow/.local/lib/python3.6/site-packages/airflow/example_dags/example_task_group.py
[2026-01-10 09:27:22,427] {processor.py:623} INFO - DAG(s) dict_keys(['example_task_group']) retrieved from /home/airflow/.local/lib/python3.6/site-packages/airflow/example_dags/example_task_group.py
[2026-01-10 09:27:33,929] {logging_mixin.py:109} INFO - [2026-01-10 09:27:33,922] {dag.py:1833} INFO - Sync 1 DAGs
[2026-01-10 09:27:33,957] {logging_mixin.py:109} INFO - [2026-01-10 09:27:33,954] {dag.py:1852} INFO - Creating ORM DAG for example_task_group
[2026-01-10 09:27:33,970] {logging_mixin.py:109} INFO - [2026-01-10 09:27:33,969] {dag.py:2306} INFO - Setting next_dagrun for example_task_group to 2026-01-08 00:00:00+00:00
[2026-01-10 09:27:34,032] {processor.py:170} INFO - Processing /home/airflow/.local/lib/python3.6/site-packages/airflow/example_dags/example_task_group.py took 11.750 seconds
[2026-01-10 09:29:01,251] {processor.py:162} INFO - Started process (PID=267) to work on /home/airflow/.local/lib/python3.6/site-packages/airflow/example_dags/example_task_group.py
[2026-01-10 09:29:01,255] {processor.py:613} INFO - Processing file /home/airflow/.local/lib/python3.6/site-packages/airflow/example_dags/example_task_group.py for tasks to queue
[2026-01-10 09:29:01,262] {logging_mixin.py:109} INFO - [2026-01-10 09:29:01,260] {dagbag.py:496} INFO - Filling up the DagBag from /home/airflow/.local/lib/python3.6/site-packages/airflow/example_dags/example_task_group.py
[2026-01-10 09:29:01,300] {processor.py:623} INFO - DAG(s) dict_keys(['example_task_group']) retrieved from /home/airflow/.local/lib/python3.6/site-packages/airflow/example_dags/example_task_group.py
[2026-01-10 09:29:01,339] {logging_mixin.py:109} INFO - [2026-01-10 09:29:01,339] {dag.py:1833} INFO - Sync 1 DAGs
[2026-01-10 09:29:01,375] {logging_mixin.py:109} INFO - [2026-01-10 09:29:01,375] {dag.py:2306} INFO - Setting next_dagrun for example_task_group to 2026-01-08 00:00:00+00:00
[2026-01-10 09:29:01,405] {processor.py:170} INFO - Processing /home/airflow/.local/lib/python3.6/site-packages/airflow/example_dags/example_task_group.py took 0.165 seconds
[2026-01-10 09:29:32,306] {processor.py:162} INFO - Started process (PID=317) to work on /home/airflow/.local/lib/python3.6/site-packages/airflow/example_dags/example_task_group.py
[2026-01-10 09:29:32,309] {processor.py:613} INFO - Processing file /home/airflow/.local/lib/python3.6/site-packages/airflow/example_dags/example_task_group.py for tasks to queue
[2026-01-10 09:29:32,310] {logging_mixin.py:109} INFO - [2026-01-10 09:29:32,310] {dagbag.py:496} INFO - Filling up the DagBag from /home/airflow/.local/lib/python3.6/site-packages/airflow/example_dags/example_task_group.py
[2026-01-10 09:29:32,338] {processor.py:623} INFO - DAG(s) dict_keys(['example_task_group']) retrieved from /home/airflow/.local/lib/python3.6/site-packages/airflow/example_dags/example_task_group.py
[2026-01-10 09:29:32,385] {logging_mixin.py:109} INFO - [2026-01-10 09:29:32,385] {dag.py:1833} INFO - Sync 1 DAGs
[2026-01-10 09:29:32,419] {logging_mixin.py:109} INFO - [2026-01-10 09:29:32,419] {dag.py:2306} INFO - Setting next_dagrun for example_task_group to 2026-01-08 00:00:00+00:00
[2026-01-10 09:29:32,455] {processor.py:170} INFO - Processing /home/airflow/.local/lib/python3.6/site-packages/airflow/example_dags/example_task_group.py took 0.153 seconds
[2026-01-10 09:30:02,575] {processor.py:162} INFO - Started process (PID=368) to work on /home/airflow/.local/lib/python3.6/site-packages/airflow/example_dags/example_task_group.py
[2026-01-10 09:30:02,577] {processor.py:613} INFO - Processing file /home/airflow/.local/lib/python3.6/site-packages/airflow/example_dags/example_task_group.py for tasks to queue
[2026-01-10 09:30:02,577] {logging_mixin.py:109} INFO - [2026-01-10 09:30:02,577] {dagbag.py:496} INFO - Filling up the DagBag from /home/airflow/.local/lib/python3.6/site-packages/airflow/example_dags/example_task_group.py
[2026-01-10 09:30:02,606] {processor.py:623} INFO - DAG(s) dict_keys(['example_task_group']) retrieved from /home/airflow/.local/lib/python3.6/site-packages/airflow/example_dags/example_task_group.py
[2026-01-10 09:30:02,641] {logging_mixin.py:109} INFO - [2026-01-10 09:30:02,641] {dag.py:1833} INFO - Sync 1 DAGs
[2026-01-10 09:30:02,667] {logging_mixin.py:109} INFO - [2026-01-10 09:30:02,667] {dag.py:2306} INFO - Setting next_dagrun for example_task_group to 2026-01-08 00:00:00+00:00
[2026-01-10 09:30:02,687] {processor.py:170} INFO - Processing /home/airflow/.local/lib/python3.6/site-packages/airflow/example_dags/example_task_group.py took 0.118 seconds
[2026-01-10 09:30:33,482] {processor.py:162} INFO - Started process (PID=419) to work on /home/airflow/.local/lib/python3.6/site-packages/airflow/example_dags/example_task_group.py
[2026-01-10 09:30:33,485] {processor.py:613} INFO - Processing file /home/airflow/.local/lib/python3.6/site-packages/airflow/example_dags/example_task_group.py for tasks to queue
[2026-01-10 09:30:33,485] {logging_mixin.py:109} INFO - [2026-01-10 09:30:33,485] {dagbag.py:496} INFO - Filling up the DagBag from /home/airflow/.local/lib/python3.6/site-packages/airflow/example_dags/example_task_group.py
[2026-01-10 09:30:33,515] {processor.py:623} INFO - DAG(s) dict_keys(['example_task_group']) retrieved from /home/airflow/.local/lib/python3.6/site-packages/airflow/example_dags/example_task_group.py
[2026-01-10 09:30:33,553] {logging_mixin.py:109} INFO - [2026-01-10 09:30:33,553] {dag.py:1833} INFO - Sync 1 DAGs
[2026-01-10 09:30:33,587] {logging_mixin.py:109} INFO - [2026-01-10 09:30:33,587] {dag.py:2306} INFO - Setting next_dagrun for example_task_group to 2026-01-08 00:00:00+00:00
[2026-01-10 09:30:33,604] {processor.py:170} INFO - Processing /home/airflow/.local/lib/python3.6/site-packages/airflow/example_dags/example_task_group.py took 0.127 seconds
[2026-01-10 09:31:03,909] {processor.py:162} INFO - Started process (PID=469) to work on /home/airflow/.local/lib/python3.6/site-packages/airflow/example_dags/example_task_group.py
[2026-01-10 09:31:03,911] {processor.py:613} INFO - Processing file /home/airflow/.local/lib/python3.6/site-packages/airflow/example_dags/example_task_group.py for tasks to queue
[2026-01-10 09:31:03,912] {logging_mixin.py:109} INFO - [2026-01-10 09:31:03,912] {dagbag.py:496} INFO - Filling up the DagBag from /home/airflow/.local/lib/python3.6/site-packages/airflow/example_dags/example_task_group.py
[2026-01-10 09:31:03,933] {processor.py:623} INFO - DAG(s) dict_keys(['example_task_group']) retrieved from /home/airflow/.local/lib/python3.6/site-packages/airflow/example_dags/example_task_group.py
[2026-01-10 09:31:03,968] {logging_mixin.py:109} INFO - [2026-01-10 09:31:03,968] {dag.py:1833} INFO - Sync 1 DAGs
[2026-01-10 09:31:03,997] {logging_mixin.py:109} INFO - [2026-01-10 09:31:03,997] {dag.py:2306} INFO - Setting next_dagrun for example_task_group to 2026-01-08 00:00:00+00:00
[2026-01-10 09:31:04,013] {processor.py:170} INFO - Processing /home/airflow/.local/lib/python3.6/site-packages/airflow/example_dags/example_task_group.py took 0.109 seconds
[2026-01-10 09:31:34,373] {processor.py:162} INFO - Started process (PID=529) to work on /home/airflow/.local/lib/python3.6/site-packages/airflow/example_dags/example_task_group.py
[2026-01-10 09:31:34,377] {processor.py:613} INFO - Processing file /home/airflow/.local/lib/python3.6/site-packages/airflow/example_dags/example_task_group.py for tasks to queue
[2026-01-10 09:31:34,381] {logging_mixin.py:109} INFO - [2026-01-10 09:31:34,381] {dagbag.py:496} INFO - Filling up the DagBag from /home/airflow/.local/lib/python3.6/site-packages/airflow/example_dags/example_task_group.py
[2026-01-10 09:31:34,409] {processor.py:623} INFO - DAG(s) dict_keys(['example_task_group']) retrieved from /home/airflow/.local/lib/python3.6/site-packages/airflow/example_dags/example_task_group.py
[2026-01-10 09:31:34,452] {logging_mixin.py:109} INFO - [2026-01-10 09:31:34,452] {dag.py:1833} INFO - Sync 1 DAGs
[2026-01-10 09:31:34,489] {logging_mixin.py:109} INFO - [2026-01-10 09:31:34,488] {dag.py:2306} INFO - Setting next_dagrun for example_task_group to 2026-01-08 00:00:00+00:00
[2026-01-10 09:31:34,506] {processor.py:170} INFO - Processing /home/airflow/.local/lib/python3.6/site-packages/airflow/example_dags/example_task_group.py took 0.139 seconds
[2026-01-10 09:32:04,590] {processor.py:162} INFO - Started process (PID=581) to work on /home/airflow/.local/lib/python3.6/site-packages/airflow/example_dags/example_task_group.py
[2026-01-10 09:32:04,597] {processor.py:613} INFO - Processing file /home/airflow/.local/lib/python3.6/site-packages/airflow/example_dags/example_task_group.py for tasks to queue
[2026-01-10 09:32:04,598] {logging_mixin.py:109} INFO - [2026-01-10 09:32:04,598] {dagbag.py:496} INFO - Filling up the DagBag from /home/airflow/.local/lib/python3.6/site-packages/airflow/example_dags/example_task_group.py
[2026-01-10 09:32:04,633] {processor.py:623} INFO - DAG(s) dict_keys(['example_task_group']) retrieved from /home/airflow/.local/lib/python3.6/site-packages/airflow/example_dags/example_task_group.py
[2026-01-10 09:32:04,675] {logging_mixin.py:109} INFO - [2026-01-10 09:32:04,675] {dag.py:1833} INFO - Sync 1 DAGs
[2026-01-10 09:32:04,704] {logging_mixin.py:109} INFO - [2026-01-10 09:32:04,704] {dag.py:2306} INFO - Setting next_dagrun for example_task_group to 2026-01-08 00:00:00+00:00
[2026-01-10 09:32:04,728] {processor.py:170} INFO - Processing /home/airflow/.local/lib/python3.6/site-packages/airflow/example_dags/example_task_group.py took 0.144 seconds
[2026-01-10 09:32:34,911] {processor.py:162} INFO - Started process (PID=632) to work on /home/airflow/.local/lib/python3.6/site-packages/airflow/example_dags/example_task_group.py
[2026-01-10 09:32:34,913] {processor.py:613} INFO - Processing file /home/airflow/.local/lib/python3.6/site-packages/airflow/example_dags/example_task_group.py for tasks to queue
[2026-01-10 09:32:34,915] {logging_mixin.py:109} INFO - [2026-01-10 09:32:34,914] {dagbag.py:496} INFO - Filling up the DagBag from /home/airflow/.local/lib/python3.6/site-packages/airflow/example_dags/example_task_group.py
[2026-01-10 09:32:34,947] {processor.py:623} INFO - DAG(s) dict_keys(['example_task_group']) retrieved from /home/airflow/.local/lib/python3.6/site-packages/airflow/example_dags/example_task_group.py
[2026-01-10 09:32:34,989] {logging_mixin.py:109} INFO - [2026-01-10 09:32:34,989] {dag.py:1833} INFO - Sync 1 DAGs
[2026-01-10 09:32:35,039] {logging_mixin.py:109} INFO - [2026-01-10 09:32:35,039] {dag.py:2306} INFO - Setting next_dagrun for example_task_group to 2026-01-08 00:00:00+00:00
[2026-01-10 09:32:35,059] {processor.py:170} INFO - Processing /home/airflow/.local/lib/python3.6/site-packages/airflow/example_dags/example_task_group.py took 0.152 seconds
[2026-01-10 09:33:05,443] {processor.py:162} INFO - Started process (PID=683) to work on /home/airflow/.local/lib/python3.6/site-packages/airflow/example_dags/example_task_group.py
[2026-01-10 09:33:05,448] {processor.py:613} INFO - Processing file /home/airflow/.local/lib/python3.6/site-packages/airflow/example_dags/example_task_group.py for tasks to queue
[2026-01-10 09:33:05,449] {logging_mixin.py:109} INFO - [2026-01-10 09:33:05,449] {dagbag.py:496} INFO - Filling up the DagBag from /home/airflow/.local/lib/python3.6/site-packages/airflow/example_dags/example_task_group.py
[2026-01-10 09:33:05,509] {processor.py:623} INFO - DAG(s) dict_keys(['example_task_group']) retrieved from /home/airflow/.local/lib/python3.6/site-packages/airflow/example_dags/example_task_group.py
[2026-01-10 09:33:05,636] {logging_mixin.py:109} INFO - [2026-01-10 09:33:05,636] {dag.py:1833} INFO - Sync 1 DAGs
[2026-01-10 09:33:05,719] {logging_mixin.py:109} INFO - [2026-01-10 09:33:05,715] {dag.py:2306} INFO - Setting next_dagrun for example_task_group to 2026-01-08 00:00:00+00:00
[2026-01-10 09:33:05,762] {processor.py:170} INFO - Processing /home/airflow/.local/lib/python3.6/site-packages/airflow/example_dags/example_task_group.py took 0.329 seconds
[2026-01-10 09:33:36,725] {processor.py:162} INFO - Started process (PID=733) to work on /home/airflow/.local/lib/python3.6/site-packages/airflow/example_dags/example_task_group.py
[2026-01-10 09:33:36,726] {processor.py:613} INFO - Processing file /home/airflow/.local/lib/python3.6/site-packages/airflow/example_dags/example_task_group.py for tasks to queue
[2026-01-10 09:33:36,729] {logging_mixin.py:109} INFO - [2026-01-10 09:33:36,729] {dagbag.py:496} INFO - Filling up the DagBag from /home/airflow/.local/lib/python3.6/site-packages/airflow/example_dags/example_task_group.py
[2026-01-10 09:33:36,757] {processor.py:623} INFO - DAG(s) dict_keys(['example_task_group']) retrieved from /home/airflow/.local/lib/python3.6/site-packages/airflow/example_dags/example_task_group.py
[2026-01-10 09:33:36,789] {logging_mixin.py:109} INFO - [2026-01-10 09:33:36,789] {dag.py:1833} INFO - Sync 1 DAGs
[2026-01-10 09:33:36,814] {logging_mixin.py:109} INFO - [2026-01-10 09:33:36,814] {dag.py:2306} INFO - Setting next_dagrun for example_task_group to 2026-01-08 00:00:00+00:00
[2026-01-10 09:33:36,834] {processor.py:170} INFO - Processing /home/airflow/.local/lib/python3.6/site-packages/airflow/example_dags/example_task_group.py took 0.114 seconds
[2026-01-10 09:34:07,125] {processor.py:162} INFO - Started process (PID=784) to work on /home/airflow/.local/lib/python3.6/site-packages/airflow/example_dags/example_task_group.py
[2026-01-10 09:34:07,127] {processor.py:613} INFO - Processing file /home/airflow/.local/lib/python3.6/site-packages/airflow/example_dags/example_task_group.py for tasks to queue
[2026-01-10 09:34:07,128] {logging_mixin.py:109} INFO - [2026-01-10 09:34:07,128] {dagbag.py:496} INFO - Filling up the DagBag from /home/airflow/.local/lib/python3.6/site-packages/airflow/example_dags/example_task_group.py
[2026-01-10 09:34:07,152] {processor.py:623} INFO - DAG(s) dict_keys(['example_task_group']) retrieved from /home/airflow/.local/lib/python3.6/site-packages/airflow/example_dags/example_task_group.py
[2026-01-10 09:34:07,177] {logging_mixin.py:109} INFO - [2026-01-10 09:34:07,177] {dag.py:1833} INFO - Sync 1 DAGs
[2026-01-10 09:34:07,205] {logging_mixin.py:109} INFO - [2026-01-10 09:34:07,205] {dag.py:2306} INFO - Setting next_dagrun for example_task_group to 2026-01-08 00:00:00+00:00
[2026-01-10 09:34:07,219] {processor.py:170} INFO - Processing /home/airflow/.local/lib/python3.6/site-packages/airflow/example_dags/example_task_group.py took 0.099 seconds
[2026-01-10 09:34:37,537] {processor.py:162} INFO - Started process (PID=844) to work on /home/airflow/.local/lib/python3.6/site-packages/airflow/example_dags/example_task_group.py
[2026-01-10 09:34:37,540] {processor.py:613} INFO - Processing file /home/airflow/.local/lib/python3.6/site-packages/airflow/example_dags/example_task_group.py for tasks to queue
[2026-01-10 09:34:37,541] {logging_mixin.py:109} INFO - [2026-01-10 09:34:37,541] {dagbag.py:496} INFO - Filling up the DagBag from /home/airflow/.local/lib/python3.6/site-packages/airflow/example_dags/example_task_group.py
[2026-01-10 09:34:37,577] {processor.py:623} INFO - DAG(s) dict_keys(['example_task_group']) retrieved from /home/airflow/.local/lib/python3.6/site-packages/airflow/example_dags/example_task_group.py
[2026-01-10 09:34:37,627] {logging_mixin.py:109} INFO - [2026-01-10 09:34:37,626] {dag.py:1833} INFO - Sync 1 DAGs
[2026-01-10 09:34:37,661] {logging_mixin.py:109} INFO - [2026-01-10 09:34:37,661] {dag.py:2306} INFO - Setting next_dagrun for example_task_group to 2026-01-08 00:00:00+00:00
[2026-01-10 09:34:37,690] {processor.py:170} INFO - Processing /home/airflow/.local/lib/python3.6/site-packages/airflow/example_dags/example_task_group.py took 0.160 seconds
[2026-01-10 09:35:07,921] {processor.py:162} INFO - Started process (PID=896) to work on /home/airflow/.local/lib/python3.6/site-packages/airflow/example_dags/example_task_group.py
[2026-01-10 09:35:07,923] {processor.py:613} INFO - Processing file /home/airflow/.local/lib/python3.6/site-packages/airflow/example_dags/example_task_group.py for tasks to queue
[2026-01-10 09:35:07,925] {logging_mixin.py:109} INFO - [2026-01-10 09:35:07,925] {dagbag.py:496} INFO - Filling up the DagBag from /home/airflow/.local/lib/python3.6/site-packages/airflow/example_dags/example_task_group.py
[2026-01-10 09:35:07,967] {processor.py:623} INFO - DAG(s) dict_keys(['example_task_group']) retrieved from /home/airflow/.local/lib/python3.6/site-packages/airflow/example_dags/example_task_group.py
[2026-01-10 09:35:08,086] {logging_mixin.py:109} INFO - [2026-01-10 09:35:08,086] {dag.py:1833} INFO - Sync 1 DAGs
[2026-01-10 09:35:08,143] {logging_mixin.py:109} INFO - [2026-01-10 09:35:08,143] {dag.py:2306} INFO - Setting next_dagrun for example_task_group to 2026-01-08 00:00:00+00:00
[2026-01-10 09:35:08,164] {processor.py:170} INFO - Processing /home/airflow/.local/lib/python3.6/site-packages/airflow/example_dags/example_task_group.py took 0.248 seconds
[2026-01-10 09:35:38,258] {processor.py:162} INFO - Started process (PID=947) to work on /home/airflow/.local/lib/python3.6/site-packages/airflow/example_dags/example_task_group.py
[2026-01-10 09:35:38,260] {processor.py:613} INFO - Processing file /home/airflow/.local/lib/python3.6/site-packages/airflow/example_dags/example_task_group.py for tasks to queue
[2026-01-10 09:35:38,261] {logging_mixin.py:109} INFO - [2026-01-10 09:35:38,261] {dagbag.py:496} INFO - Filling up the DagBag from /home/airflow/.local/lib/python3.6/site-packages/airflow/example_dags/example_task_group.py
[2026-01-10 09:35:38,315] {processor.py:623} INFO - DAG(s) dict_keys(['example_task_group']) retrieved from /home/airflow/.local/lib/python3.6/site-packages/airflow/example_dags/example_task_group.py
[2026-01-10 09:35:38,357] {logging_mixin.py:109} INFO - [2026-01-10 09:35:38,357] {dag.py:1833} INFO - Sync 1 DAGs
[2026-01-10 09:35:38,386] {logging_mixin.py:109} INFO - [2026-01-10 09:35:38,386] {dag.py:2306} INFO - Setting next_dagrun for example_task_group to 2026-01-08 00:00:00+00:00
[2026-01-10 09:35:38,407] {processor.py:170} INFO - Processing /home/airflow/.local/lib/python3.6/site-packages/airflow/example_dags/example_task_group.py took 0.153 seconds
[2026-01-10 09:36:08,685] {processor.py:162} INFO - Started process (PID=998) to work on /home/airflow/.local/lib/python3.6/site-packages/airflow/example_dags/example_task_group.py
[2026-01-10 09:36:08,686] {processor.py:613} INFO - Processing file /home/airflow/.local/lib/python3.6/site-packages/airflow/example_dags/example_task_group.py for tasks to queue
[2026-01-10 09:36:08,699] {logging_mixin.py:109} INFO - [2026-01-10 09:36:08,687] {dagbag.py:496} INFO - Filling up the DagBag from /home/airflow/.local/lib/python3.6/site-packages/airflow/example_dags/example_task_group.py
[2026-01-10 09:36:08,802] {processor.py:623} INFO - DAG(s) dict_keys(['example_task_group']) retrieved from /home/airflow/.local/lib/python3.6/site-packages/airflow/example_dags/example_task_group.py
[2026-01-10 09:36:08,931] {logging_mixin.py:109} INFO - [2026-01-10 09:36:08,931] {dag.py:1833} INFO - Sync 1 DAGs
[2026-01-10 09:36:09,086] {logging_mixin.py:109} INFO - [2026-01-10 09:36:09,085] {dag.py:2306} INFO - Setting next_dagrun for example_task_group to 2026-01-08 00:00:00+00:00
[2026-01-10 09:36:09,263] {processor.py:170} INFO - Processing /home/airflow/.local/lib/python3.6/site-packages/airflow/example_dags/example_task_group.py took 0.628 seconds
[2026-01-10 09:36:40,258] {processor.py:162} INFO - Started process (PID=1038) to work on /home/airflow/.local/lib/python3.6/site-packages/airflow/example_dags/example_task_group.py
[2026-01-10 09:36:40,259] {processor.py:613} INFO - Processing file /home/airflow/.local/lib/python3.6/site-packages/airflow/example_dags/example_task_group.py for tasks to queue
[2026-01-10 09:36:40,261] {logging_mixin.py:109} INFO - [2026-01-10 09:36:40,261] {dagbag.py:496} INFO - Filling up the DagBag from /home/airflow/.local/lib/python3.6/site-packages/airflow/example_dags/example_task_group.py
[2026-01-10 09:36:40,346] {processor.py:623} INFO - DAG(s) dict_keys(['example_task_group']) retrieved from /home/airflow/.local/lib/python3.6/site-packages/airflow/example_dags/example_task_group.py
[2026-01-10 09:36:40,391] {logging_mixin.py:109} INFO - [2026-01-10 09:36:40,391] {dag.py:1833} INFO - Sync 1 DAGs
[2026-01-10 09:36:40,432] {logging_mixin.py:109} INFO - [2026-01-10 09:36:40,432] {dag.py:2306} INFO - Setting next_dagrun for example_task_group to 2026-01-08 00:00:00+00:00
[2026-01-10 09:36:40,451] {processor.py:170} INFO - Processing /home/airflow/.local/lib/python3.6/site-packages/airflow/example_dags/example_task_group.py took 0.199 seconds
[2026-01-10 09:37:10,584] {processor.py:162} INFO - Started process (PID=1089) to work on /home/airflow/.local/lib/python3.6/site-packages/airflow/example_dags/example_task_group.py
[2026-01-10 09:37:10,589] {processor.py:613} INFO - Processing file /home/airflow/.local/lib/python3.6/site-packages/airflow/example_dags/example_task_group.py for tasks to queue
[2026-01-10 09:37:10,594] {logging_mixin.py:109} INFO - [2026-01-10 09:37:10,594] {dagbag.py:496} INFO - Filling up the DagBag from /home/airflow/.local/lib/python3.6/site-packages/airflow/example_dags/example_task_group.py
[2026-01-10 09:37:10,655] {processor.py:623} INFO - DAG(s) dict_keys(['example_task_group']) retrieved from /home/airflow/.local/lib/python3.6/site-packages/airflow/example_dags/example_task_group.py
[2026-01-10 09:37:10,759] {logging_mixin.py:109} INFO - [2026-01-10 09:37:10,759] {dag.py:1833} INFO - Sync 1 DAGs
[2026-01-10 09:37:10,818] {logging_mixin.py:109} INFO - [2026-01-10 09:37:10,818] {dag.py:2306} INFO - Setting next_dagrun for example_task_group to 2026-01-08 00:00:00+00:00
[2026-01-10 09:37:10,852] {processor.py:170} INFO - Processing /home/airflow/.local/lib/python3.6/site-packages/airflow/example_dags/example_task_group.py took 0.287 seconds
[2026-01-10 09:37:41,198] {processor.py:162} INFO - Started process (PID=1133) to work on /home/airflow/.local/lib/python3.6/site-packages/airflow/example_dags/example_task_group.py
[2026-01-10 09:37:41,199] {processor.py:613} INFO - Processing file /home/airflow/.local/lib/python3.6/site-packages/airflow/example_dags/example_task_group.py for tasks to queue
[2026-01-10 09:37:41,201] {logging_mixin.py:109} INFO - [2026-01-10 09:37:41,200] {dagbag.py:496} INFO - Filling up the DagBag from /home/airflow/.local/lib/python3.6/site-packages/airflow/example_dags/example_task_group.py
[2026-01-10 09:37:41,233] {processor.py:623} INFO - DAG(s) dict_keys(['example_task_group']) retrieved from /home/airflow/.local/lib/python3.6/site-packages/airflow/example_dags/example_task_group.py
[2026-01-10 09:37:41,273] {logging_mixin.py:109} INFO - [2026-01-10 09:37:41,273] {dag.py:1833} INFO - Sync 1 DAGs
[2026-01-10 09:37:41,304] {logging_mixin.py:109} INFO - [2026-01-10 09:37:41,304] {dag.py:2306} INFO - Setting next_dagrun for example_task_group to 2026-01-08 00:00:00+00:00
[2026-01-10 09:37:41,331] {processor.py:170} INFO - Processing /home/airflow/.local/lib/python3.6/site-packages/airflow/example_dags/example_task_group.py took 0.138 seconds
[2026-01-10 09:38:11,614] {processor.py:162} INFO - Started process (PID=1186) to work on /home/airflow/.local/lib/python3.6/site-packages/airflow/example_dags/example_task_group.py
[2026-01-10 09:38:11,616] {processor.py:613} INFO - Processing file /home/airflow/.local/lib/python3.6/site-packages/airflow/example_dags/example_task_group.py for tasks to queue
[2026-01-10 09:38:11,617] {logging_mixin.py:109} INFO - [2026-01-10 09:38:11,617] {dagbag.py:496} INFO - Filling up the DagBag from /home/airflow/.local/lib/python3.6/site-packages/airflow/example_dags/example_task_group.py
[2026-01-10 09:38:11,643] {processor.py:623} INFO - DAG(s) dict_keys(['example_task_group']) retrieved from /home/airflow/.local/lib/python3.6/site-packages/airflow/example_dags/example_task_group.py
[2026-01-10 09:38:11,685] {logging_mixin.py:109} INFO - [2026-01-10 09:38:11,685] {dag.py:1833} INFO - Sync 1 DAGs
[2026-01-10 09:38:11,713] {logging_mixin.py:109} INFO - [2026-01-10 09:38:11,713] {dag.py:2306} INFO - Setting next_dagrun for example_task_group to 2026-01-08 00:00:00+00:00
[2026-01-10 09:38:11,725] {processor.py:170} INFO - Processing /home/airflow/.local/lib/python3.6/site-packages/airflow/example_dags/example_task_group.py took 0.115 seconds
[2026-01-10 09:38:41,981] {processor.py:162} INFO - Started process (PID=1237) to work on /home/airflow/.local/lib/python3.6/site-packages/airflow/example_dags/example_task_group.py
[2026-01-10 09:38:41,984] {processor.py:613} INFO - Processing file /home/airflow/.local/lib/python3.6/site-packages/airflow/example_dags/example_task_group.py for tasks to queue
[2026-01-10 09:38:41,984] {logging_mixin.py:109} INFO - [2026-01-10 09:38:41,984] {dagbag.py:496} INFO - Filling up the DagBag from /home/airflow/.local/lib/python3.6/site-packages/airflow/example_dags/example_task_group.py
[2026-01-10 09:38:42,011] {processor.py:623} INFO - DAG(s) dict_keys(['example_task_group']) retrieved from /home/airflow/.local/lib/python3.6/site-packages/airflow/example_dags/example_task_group.py
[2026-01-10 09:38:42,047] {logging_mixin.py:109} INFO - [2026-01-10 09:38:42,046] {dag.py:1833} INFO - Sync 1 DAGs
[2026-01-10 09:38:42,075] {logging_mixin.py:109} INFO - [2026-01-10 09:38:42,075] {dag.py:2306} INFO - Setting next_dagrun for example_task_group to 2026-01-08 00:00:00+00:00
[2026-01-10 09:38:42,091] {processor.py:170} INFO - Processing /home/airflow/.local/lib/python3.6/site-packages/airflow/example_dags/example_task_group.py took 0.115 seconds
[2026-01-10 09:39:12,243] {processor.py:162} INFO - Started process (PID=1288) to work on /home/airflow/.local/lib/python3.6/site-packages/airflow/example_dags/example_task_group.py
[2026-01-10 09:39:12,245] {processor.py:613} INFO - Processing file /home/airflow/.local/lib/python3.6/site-packages/airflow/example_dags/example_task_group.py for tasks to queue
[2026-01-10 09:39:12,247] {logging_mixin.py:109} INFO - [2026-01-10 09:39:12,247] {dagbag.py:496} INFO - Filling up the DagBag from /home/airflow/.local/lib/python3.6/site-packages/airflow/example_dags/example_task_group.py
[2026-01-10 09:39:12,272] {processor.py:623} INFO - DAG(s) dict_keys(['example_task_group']) retrieved from /home/airflow/.local/lib/python3.6/site-packages/airflow/example_dags/example_task_group.py
[2026-01-10 09:39:12,332] {logging_mixin.py:109} INFO - [2026-01-10 09:39:12,332] {dag.py:1833} INFO - Sync 1 DAGs
[2026-01-10 09:39:12,364] {logging_mixin.py:109} INFO - [2026-01-10 09:39:12,363] {dag.py:2306} INFO - Setting next_dagrun for example_task_group to 2026-01-08 00:00:00+00:00
[2026-01-10 09:39:12,384] {processor.py:170} INFO - Processing /home/airflow/.local/lib/python3.6/site-packages/airflow/example_dags/example_task_group.py took 0.146 seconds
[2026-01-10 09:39:42,482] {processor.py:162} INFO - Started process (PID=1339) to work on /home/airflow/.local/lib/python3.6/site-packages/airflow/example_dags/example_task_group.py
[2026-01-10 09:39:42,483] {processor.py:613} INFO - Processing file /home/airflow/.local/lib/python3.6/site-packages/airflow/example_dags/example_task_group.py for tasks to queue
[2026-01-10 09:39:42,484] {logging_mixin.py:109} INFO - [2026-01-10 09:39:42,484] {dagbag.py:496} INFO - Filling up the DagBag from /home/airflow/.local/lib/python3.6/site-packages/airflow/example_dags/example_task_group.py
[2026-01-10 09:39:42,510] {processor.py:623} INFO - DAG(s) dict_keys(['example_task_group']) retrieved from /home/airflow/.local/lib/python3.6/site-packages/airflow/example_dags/example_task_group.py
[2026-01-10 09:39:42,548] {logging_mixin.py:109} INFO - [2026-01-10 09:39:42,547] {dag.py:1833} INFO - Sync 1 DAGs
[2026-01-10 09:39:42,576] {logging_mixin.py:109} INFO - [2026-01-10 09:39:42,576] {dag.py:2306} INFO - Setting next_dagrun for example_task_group to 2026-01-08 00:00:00+00:00
[2026-01-10 09:39:42,592] {processor.py:170} INFO - Processing /home/airflow/.local/lib/python3.6/site-packages/airflow/example_dags/example_task_group.py took 0.116 seconds
[2026-01-10 09:40:12,851] {processor.py:162} INFO - Started process (PID=1395) to work on /home/airflow/.local/lib/python3.6/site-packages/airflow/example_dags/example_task_group.py
[2026-01-10 09:40:12,852] {processor.py:613} INFO - Processing file /home/airflow/.local/lib/python3.6/site-packages/airflow/example_dags/example_task_group.py for tasks to queue
[2026-01-10 09:40:12,853] {logging_mixin.py:109} INFO - [2026-01-10 09:40:12,853] {dagbag.py:496} INFO - Filling up the DagBag from /home/airflow/.local/lib/python3.6/site-packages/airflow/example_dags/example_task_group.py
[2026-01-10 09:40:12,882] {processor.py:623} INFO - DAG(s) dict_keys(['example_task_group']) retrieved from /home/airflow/.local/lib/python3.6/site-packages/airflow/example_dags/example_task_group.py
[2026-01-10 09:40:12,916] {logging_mixin.py:109} INFO - [2026-01-10 09:40:12,915] {dag.py:1833} INFO - Sync 1 DAGs
[2026-01-10 09:40:12,942] {logging_mixin.py:109} INFO - [2026-01-10 09:40:12,942] {dag.py:2306} INFO - Setting next_dagrun for example_task_group to 2026-01-08 00:00:00+00:00
[2026-01-10 09:40:12,997] {processor.py:170} INFO - Processing /home/airflow/.local/lib/python3.6/site-packages/airflow/example_dags/example_task_group.py took 0.155 seconds
[2026-01-10 09:40:43,150] {processor.py:162} INFO - Started process (PID=1446) to work on /home/airflow/.local/lib/python3.6/site-packages/airflow/example_dags/example_task_group.py
[2026-01-10 09:40:43,154] {processor.py:613} INFO - Processing file /home/airflow/.local/lib/python3.6/site-packages/airflow/example_dags/example_task_group.py for tasks to queue
[2026-01-10 09:40:43,156] {logging_mixin.py:109} INFO - [2026-01-10 09:40:43,156] {dagbag.py:496} INFO - Filling up the DagBag from /home/airflow/.local/lib/python3.6/site-packages/airflow/example_dags/example_task_group.py
[2026-01-10 09:40:43,195] {processor.py:623} INFO - DAG(s) dict_keys(['example_task_group']) retrieved from /home/airflow/.local/lib/python3.6/site-packages/airflow/example_dags/example_task_group.py
[2026-01-10 09:40:43,238] {logging_mixin.py:109} INFO - [2026-01-10 09:40:43,238] {dag.py:1833} INFO - Sync 1 DAGs
[2026-01-10 09:40:43,264] {logging_mixin.py:109} INFO - [2026-01-10 09:40:43,264] {dag.py:2306} INFO - Setting next_dagrun for example_task_group to 2026-01-08 00:00:00+00:00
[2026-01-10 09:40:43,288] {processor.py:170} INFO - Processing /home/airflow/.local/lib/python3.6/site-packages/airflow/example_dags/example_task_group.py took 0.147 seconds
[2026-01-10 09:41:13,586] {processor.py:162} INFO - Started process (PID=1490) to work on /home/airflow/.local/lib/python3.6/site-packages/airflow/example_dags/example_task_group.py
[2026-01-10 09:41:13,588] {processor.py:613} INFO - Processing file /home/airflow/.local/lib/python3.6/site-packages/airflow/example_dags/example_task_group.py for tasks to queue
[2026-01-10 09:41:13,589] {logging_mixin.py:109} INFO - [2026-01-10 09:41:13,589] {dagbag.py:496} INFO - Filling up the DagBag from /home/airflow/.local/lib/python3.6/site-packages/airflow/example_dags/example_task_group.py
[2026-01-10 09:41:13,625] {processor.py:623} INFO - DAG(s) dict_keys(['example_task_group']) retrieved from /home/airflow/.local/lib/python3.6/site-packages/airflow/example_dags/example_task_group.py
[2026-01-10 09:41:13,659] {logging_mixin.py:109} INFO - [2026-01-10 09:41:13,659] {dag.py:1833} INFO - Sync 1 DAGs
[2026-01-10 09:41:13,684] {logging_mixin.py:109} INFO - [2026-01-10 09:41:13,683] {dag.py:2306} INFO - Setting next_dagrun for example_task_group to 2026-01-08 00:00:00+00:00
[2026-01-10 09:41:13,697] {processor.py:170} INFO - Processing /home/airflow/.local/lib/python3.6/site-packages/airflow/example_dags/example_task_group.py took 0.117 seconds
[2026-01-10 09:41:44,020] {processor.py:162} INFO - Started process (PID=1549) to work on /home/airflow/.local/lib/python3.6/site-packages/airflow/example_dags/example_task_group.py
[2026-01-10 09:41:44,022] {processor.py:613} INFO - Processing file /home/airflow/.local/lib/python3.6/site-packages/airflow/example_dags/example_task_group.py for tasks to queue
[2026-01-10 09:41:44,022] {logging_mixin.py:109} INFO - [2026-01-10 09:41:44,022] {dagbag.py:496} INFO - Filling up the DagBag from /home/airflow/.local/lib/python3.6/site-packages/airflow/example_dags/example_task_group.py
[2026-01-10 09:41:44,050] {processor.py:623} INFO - DAG(s) dict_keys(['example_task_group']) retrieved from /home/airflow/.local/lib/python3.6/site-packages/airflow/example_dags/example_task_group.py
[2026-01-10 09:41:44,085] {logging_mixin.py:109} INFO - [2026-01-10 09:41:44,085] {dag.py:1833} INFO - Sync 1 DAGs
[2026-01-10 09:41:44,112] {logging_mixin.py:109} INFO - [2026-01-10 09:41:44,112] {dag.py:2306} INFO - Setting next_dagrun for example_task_group to 2026-01-08 00:00:00+00:00
[2026-01-10 09:41:44,129] {processor.py:170} INFO - Processing /home/airflow/.local/lib/python3.6/site-packages/airflow/example_dags/example_task_group.py took 0.115 seconds
[2026-01-10 09:42:14,351] {processor.py:162} INFO - Started process (PID=1601) to work on /home/airflow/.local/lib/python3.6/site-packages/airflow/example_dags/example_task_group.py
[2026-01-10 09:42:14,353] {processor.py:613} INFO - Processing file /home/airflow/.local/lib/python3.6/site-packages/airflow/example_dags/example_task_group.py for tasks to queue
[2026-01-10 09:42:14,354] {logging_mixin.py:109} INFO - [2026-01-10 09:42:14,354] {dagbag.py:496} INFO - Filling up the DagBag from /home/airflow/.local/lib/python3.6/site-packages/airflow/example_dags/example_task_group.py
[2026-01-10 09:42:14,382] {processor.py:623} INFO - DAG(s) dict_keys(['example_task_group']) retrieved from /home/airflow/.local/lib/python3.6/site-packages/airflow/example_dags/example_task_group.py
[2026-01-10 09:42:14,414] {logging_mixin.py:109} INFO - [2026-01-10 09:42:14,414] {dag.py:1833} INFO - Sync 1 DAGs
[2026-01-10 09:42:14,445] {logging_mixin.py:109} INFO - [2026-01-10 09:42:14,445] {dag.py:2306} INFO - Setting next_dagrun for example_task_group to 2026-01-08 00:00:00+00:00
[2026-01-10 09:42:14,461] {processor.py:170} INFO - Processing /home/airflow/.local/lib/python3.6/site-packages/airflow/example_dags/example_task_group.py took 0.115 seconds
[2026-01-10 09:42:44,824] {processor.py:162} INFO - Started process (PID=1652) to work on /home/airflow/.local/lib/python3.6/site-packages/airflow/example_dags/example_task_group.py
[2026-01-10 09:42:44,825] {processor.py:613} INFO - Processing file /home/airflow/.local/lib/python3.6/site-packages/airflow/example_dags/example_task_group.py for tasks to queue
[2026-01-10 09:42:44,826] {logging_mixin.py:109} INFO - [2026-01-10 09:42:44,826] {dagbag.py:496} INFO - Filling up the DagBag from /home/airflow/.local/lib/python3.6/site-packages/airflow/example_dags/example_task_group.py
[2026-01-10 09:42:44,852] {processor.py:623} INFO - DAG(s) dict_keys(['example_task_group']) retrieved from /home/airflow/.local/lib/python3.6/site-packages/airflow/example_dags/example_task_group.py
[2026-01-10 09:42:44,880] {logging_mixin.py:109} INFO - [2026-01-10 09:42:44,880] {dag.py:1833} INFO - Sync 1 DAGs
[2026-01-10 09:42:44,907] {logging_mixin.py:109} INFO - [2026-01-10 09:42:44,907] {dag.py:2306} INFO - Setting next_dagrun for example_task_group to 2026-01-08 00:00:00+00:00
[2026-01-10 09:42:44,922] {processor.py:170} INFO - Processing /home/airflow/.local/lib/python3.6/site-packages/airflow/example_dags/example_task_group.py took 0.103 seconds
[2026-01-10 09:43:15,318] {processor.py:162} INFO - Started process (PID=1703) to work on /home/airflow/.local/lib/python3.6/site-packages/airflow/example_dags/example_task_group.py
[2026-01-10 09:43:15,320] {processor.py:613} INFO - Processing file /home/airflow/.local/lib/python3.6/site-packages/airflow/example_dags/example_task_group.py for tasks to queue
[2026-01-10 09:43:15,321] {logging_mixin.py:109} INFO - [2026-01-10 09:43:15,321] {dagbag.py:496} INFO - Filling up the DagBag from /home/airflow/.local/lib/python3.6/site-packages/airflow/example_dags/example_task_group.py
[2026-01-10 09:43:15,356] {processor.py:623} INFO - DAG(s) dict_keys(['example_task_group']) retrieved from /home/airflow/.local/lib/python3.6/site-packages/airflow/example_dags/example_task_group.py
[2026-01-10 09:43:15,393] {logging_mixin.py:109} INFO - [2026-01-10 09:43:15,393] {dag.py:1833} INFO - Sync 1 DAGs
[2026-01-10 09:43:15,422] {logging_mixin.py:109} INFO - [2026-01-10 09:43:15,422] {dag.py:2306} INFO - Setting next_dagrun for example_task_group to 2026-01-08 00:00:00+00:00
[2026-01-10 09:43:15,438] {processor.py:170} INFO - Processing /home/airflow/.local/lib/python3.6/site-packages/airflow/example_dags/example_task_group.py took 0.125 seconds
[2026-01-10 09:43:45,731] {processor.py:162} INFO - Started process (PID=1763) to work on /home/airflow/.local/lib/python3.6/site-packages/airflow/example_dags/example_task_group.py
[2026-01-10 09:43:45,734] {processor.py:613} INFO - Processing file /home/airflow/.local/lib/python3.6/site-packages/airflow/example_dags/example_task_group.py for tasks to queue
[2026-01-10 09:43:45,735] {logging_mixin.py:109} INFO - [2026-01-10 09:43:45,734] {dagbag.py:496} INFO - Filling up the DagBag from /home/airflow/.local/lib/python3.6/site-packages/airflow/example_dags/example_task_group.py
[2026-01-10 09:43:45,758] {processor.py:623} INFO - DAG(s) dict_keys(['example_task_group']) retrieved from /home/airflow/.local/lib/python3.6/site-packages/airflow/example_dags/example_task_group.py
[2026-01-10 09:43:45,790] {logging_mixin.py:109} INFO - [2026-01-10 09:43:45,789] {dag.py:1833} INFO - Sync 1 DAGs
[2026-01-10 09:43:45,812] {logging_mixin.py:109} INFO - [2026-01-10 09:43:45,812] {dag.py:2306} INFO - Setting next_dagrun for example_task_group to 2026-01-08 00:00:00+00:00
[2026-01-10 09:43:45,830] {processor.py:170} INFO - Processing /home/airflow/.local/lib/python3.6/site-packages/airflow/example_dags/example_task_group.py took 0.106 seconds
[2026-01-10 09:44:15,883] {processor.py:162} INFO - Started process (PID=1813) to work on /home/airflow/.local/lib/python3.6/site-packages/airflow/example_dags/example_task_group.py
[2026-01-10 09:44:15,888] {processor.py:613} INFO - Processing file /home/airflow/.local/lib/python3.6/site-packages/airflow/example_dags/example_task_group.py for tasks to queue
[2026-01-10 09:44:15,889] {logging_mixin.py:109} INFO - [2026-01-10 09:44:15,889] {dagbag.py:496} INFO - Filling up the DagBag from /home/airflow/.local/lib/python3.6/site-packages/airflow/example_dags/example_task_group.py
[2026-01-10 09:44:15,935] {processor.py:623} INFO - DAG(s) dict_keys(['example_task_group']) retrieved from /home/airflow/.local/lib/python3.6/site-packages/airflow/example_dags/example_task_group.py
[2026-01-10 09:44:15,990] {logging_mixin.py:109} INFO - [2026-01-10 09:44:15,990] {dag.py:1833} INFO - Sync 1 DAGs
[2026-01-10 09:44:16,038] {logging_mixin.py:109} INFO - [2026-01-10 09:44:16,038] {dag.py:2306} INFO - Setting next_dagrun for example_task_group to 2026-01-08 00:00:00+00:00
[2026-01-10 09:44:16,099] {processor.py:170} INFO - Processing /home/airflow/.local/lib/python3.6/site-packages/airflow/example_dags/example_task_group.py took 0.221 seconds
[2026-01-10 09:44:46,370] {processor.py:162} INFO - Started process (PID=1862) to work on /home/airflow/.local/lib/python3.6/site-packages/airflow/example_dags/example_task_group.py
[2026-01-10 09:44:46,372] {processor.py:613} INFO - Processing file /home/airflow/.local/lib/python3.6/site-packages/airflow/example_dags/example_task_group.py for tasks to queue
[2026-01-10 09:44:46,374] {logging_mixin.py:109} INFO - [2026-01-10 09:44:46,374] {dagbag.py:496} INFO - Filling up the DagBag from /home/airflow/.local/lib/python3.6/site-packages/airflow/example_dags/example_task_group.py
[2026-01-10 09:44:46,448] {processor.py:623} INFO - DAG(s) dict_keys(['example_task_group']) retrieved from /home/airflow/.local/lib/python3.6/site-packages/airflow/example_dags/example_task_group.py
[2026-01-10 09:44:46,502] {logging_mixin.py:109} INFO - [2026-01-10 09:44:46,502] {dag.py:1833} INFO - Sync 1 DAGs
[2026-01-10 09:44:46,531] {logging_mixin.py:109} INFO - [2026-01-10 09:44:46,531] {dag.py:2306} INFO - Setting next_dagrun for example_task_group to 2026-01-08 00:00:00+00:00
[2026-01-10 09:44:46,545] {processor.py:170} INFO - Processing /home/airflow/.local/lib/python3.6/site-packages/airflow/example_dags/example_task_group.py took 0.180 seconds
[2026-01-10 09:45:17,098] {processor.py:162} INFO - Started process (PID=1916) to work on /home/airflow/.local/lib/python3.6/site-packages/airflow/example_dags/example_task_group.py
[2026-01-10 09:45:17,100] {processor.py:613} INFO - Processing file /home/airflow/.local/lib/python3.6/site-packages/airflow/example_dags/example_task_group.py for tasks to queue
[2026-01-10 09:45:17,101] {logging_mixin.py:109} INFO - [2026-01-10 09:45:17,101] {dagbag.py:496} INFO - Filling up the DagBag from /home/airflow/.local/lib/python3.6/site-packages/airflow/example_dags/example_task_group.py
[2026-01-10 09:45:17,140] {processor.py:623} INFO - DAG(s) dict_keys(['example_task_group']) retrieved from /home/airflow/.local/lib/python3.6/site-packages/airflow/example_dags/example_task_group.py
[2026-01-10 09:45:17,184] {logging_mixin.py:109} INFO - [2026-01-10 09:45:17,184] {dag.py:1833} INFO - Sync 1 DAGs
[2026-01-10 09:45:17,208] {logging_mixin.py:109} INFO - [2026-01-10 09:45:17,208] {dag.py:2306} INFO - Setting next_dagrun for example_task_group to 2026-01-08 00:00:00+00:00
[2026-01-10 09:45:17,225] {processor.py:170} INFO - Processing /home/airflow/.local/lib/python3.6/site-packages/airflow/example_dags/example_task_group.py took 0.134 seconds
[2026-01-10 09:45:47,625] {processor.py:162} INFO - Started process (PID=1966) to work on /home/airflow/.local/lib/python3.6/site-packages/airflow/example_dags/example_task_group.py
[2026-01-10 09:45:47,627] {processor.py:613} INFO - Processing file /home/airflow/.local/lib/python3.6/site-packages/airflow/example_dags/example_task_group.py for tasks to queue
[2026-01-10 09:45:47,628] {logging_mixin.py:109} INFO - [2026-01-10 09:45:47,628] {dagbag.py:496} INFO - Filling up the DagBag from /home/airflow/.local/lib/python3.6/site-packages/airflow/example_dags/example_task_group.py
[2026-01-10 09:45:47,654] {processor.py:623} INFO - DAG(s) dict_keys(['example_task_group']) retrieved from /home/airflow/.local/lib/python3.6/site-packages/airflow/example_dags/example_task_group.py
[2026-01-10 09:45:47,692] {logging_mixin.py:109} INFO - [2026-01-10 09:45:47,692] {dag.py:1833} INFO - Sync 1 DAGs
[2026-01-10 09:45:47,722] {logging_mixin.py:109} INFO - [2026-01-10 09:45:47,721] {dag.py:2306} INFO - Setting next_dagrun for example_task_group to 2026-01-08 00:00:00+00:00
[2026-01-10 09:45:47,739] {processor.py:170} INFO - Processing /home/airflow/.local/lib/python3.6/site-packages/airflow/example_dags/example_task_group.py took 0.120 seconds
[2026-01-10 09:46:18,339] {processor.py:162} INFO - Started process (PID=2017) to work on /home/airflow/.local/lib/python3.6/site-packages/airflow/example_dags/example_task_group.py
[2026-01-10 09:46:18,342] {processor.py:613} INFO - Processing file /home/airflow/.local/lib/python3.6/site-packages/airflow/example_dags/example_task_group.py for tasks to queue
[2026-01-10 09:46:18,345] {logging_mixin.py:109} INFO - [2026-01-10 09:46:18,345] {dagbag.py:496} INFO - Filling up the DagBag from /home/airflow/.local/lib/python3.6/site-packages/airflow/example_dags/example_task_group.py
[2026-01-10 09:46:18,381] {processor.py:623} INFO - DAG(s) dict_keys(['example_task_group']) retrieved from /home/airflow/.local/lib/python3.6/site-packages/airflow/example_dags/example_task_group.py
[2026-01-10 09:46:18,419] {logging_mixin.py:109} INFO - [2026-01-10 09:46:18,419] {dag.py:1833} INFO - Sync 1 DAGs
[2026-01-10 09:46:18,448] {logging_mixin.py:109} INFO - [2026-01-10 09:46:18,448] {dag.py:2306} INFO - Setting next_dagrun for example_task_group to 2026-01-08 00:00:00+00:00
[2026-01-10 09:46:18,461] {processor.py:170} INFO - Processing /home/airflow/.local/lib/python3.6/site-packages/airflow/example_dags/example_task_group.py took 0.128 seconds
[2026-01-10 09:46:48,564] {processor.py:162} INFO - Started process (PID=2067) to work on /home/airflow/.local/lib/python3.6/site-packages/airflow/example_dags/example_task_group.py
[2026-01-10 09:46:48,566] {processor.py:613} INFO - Processing file /home/airflow/.local/lib/python3.6/site-packages/airflow/example_dags/example_task_group.py for tasks to queue
[2026-01-10 09:46:48,567] {logging_mixin.py:109} INFO - [2026-01-10 09:46:48,567] {dagbag.py:496} INFO - Filling up the DagBag from /home/airflow/.local/lib/python3.6/site-packages/airflow/example_dags/example_task_group.py
[2026-01-10 09:46:48,588] {processor.py:623} INFO - DAG(s) dict_keys(['example_task_group']) retrieved from /home/airflow/.local/lib/python3.6/site-packages/airflow/example_dags/example_task_group.py
[2026-01-10 09:46:48,616] {logging_mixin.py:109} INFO - [2026-01-10 09:46:48,616] {dag.py:1833} INFO - Sync 1 DAGs
[2026-01-10 09:46:48,640] {logging_mixin.py:109} INFO - [2026-01-10 09:46:48,640] {dag.py:2306} INFO - Setting next_dagrun for example_task_group to 2026-01-08 00:00:00+00:00
[2026-01-10 09:46:48,654] {processor.py:170} INFO - Processing /home/airflow/.local/lib/python3.6/site-packages/airflow/example_dags/example_task_group.py took 0.093 seconds
[2026-01-10 09:47:19,244] {processor.py:162} INFO - Started process (PID=2118) to work on /home/airflow/.local/lib/python3.6/site-packages/airflow/example_dags/example_task_group.py
[2026-01-10 09:47:19,258] {processor.py:613} INFO - Processing file /home/airflow/.local/lib/python3.6/site-packages/airflow/example_dags/example_task_group.py for tasks to queue
[2026-01-10 09:47:19,259] {logging_mixin.py:109} INFO - [2026-01-10 09:47:19,259] {dagbag.py:496} INFO - Filling up the DagBag from /home/airflow/.local/lib/python3.6/site-packages/airflow/example_dags/example_task_group.py
[2026-01-10 09:47:19,489] {processor.py:623} INFO - DAG(s) dict_keys(['example_task_group']) retrieved from /home/airflow/.local/lib/python3.6/site-packages/airflow/example_dags/example_task_group.py
[2026-01-10 09:47:29,721] {logging_mixin.py:109} INFO - [2026-01-10 09:47:29,721] {dag.py:1833} INFO - Sync 1 DAGs
[2026-01-10 09:47:29,827] {logging_mixin.py:109} INFO - [2026-01-10 09:47:29,827] {dag.py:2306} INFO - Setting next_dagrun for example_task_group to 2026-01-08 00:00:00+00:00
[2026-01-10 09:47:29,859] {processor.py:170} INFO - Processing /home/airflow/.local/lib/python3.6/site-packages/airflow/example_dags/example_task_group.py took 10.640 seconds
[2026-01-10 09:48:00,084] {processor.py:162} INFO - Started process (PID=2159) to work on /home/airflow/.local/lib/python3.6/site-packages/airflow/example_dags/example_task_group.py
[2026-01-10 09:48:00,088] {processor.py:613} INFO - Processing file /home/airflow/.local/lib/python3.6/site-packages/airflow/example_dags/example_task_group.py for tasks to queue
[2026-01-10 09:48:00,089] {logging_mixin.py:109} INFO - [2026-01-10 09:48:00,089] {dagbag.py:496} INFO - Filling up the DagBag from /home/airflow/.local/lib/python3.6/site-packages/airflow/example_dags/example_task_group.py
[2026-01-10 09:48:00,306] {processor.py:623} INFO - DAG(s) dict_keys(['example_task_group']) retrieved from /home/airflow/.local/lib/python3.6/site-packages/airflow/example_dags/example_task_group.py
[2026-01-10 09:48:00,744] {logging_mixin.py:109} INFO - [2026-01-10 09:48:00,744] {dag.py:1833} INFO - Sync 1 DAGs
[2026-01-10 09:48:00,858] {logging_mixin.py:109} INFO - [2026-01-10 09:48:00,858] {dag.py:2306} INFO - Setting next_dagrun for example_task_group to 2026-01-08 00:00:00+00:00
[2026-01-10 09:48:00,980] {processor.py:170} INFO - Processing /home/airflow/.local/lib/python3.6/site-packages/airflow/example_dags/example_task_group.py took 0.931 seconds
[2026-01-10 09:48:32,112] {processor.py:162} INFO - Started process (PID=2200) to work on /home/airflow/.local/lib/python3.6/site-packages/airflow/example_dags/example_task_group.py
[2026-01-10 09:48:32,114] {processor.py:613} INFO - Processing file /home/airflow/.local/lib/python3.6/site-packages/airflow/example_dags/example_task_group.py for tasks to queue
[2026-01-10 09:48:32,115] {logging_mixin.py:109} INFO - [2026-01-10 09:48:32,115] {dagbag.py:496} INFO - Filling up the DagBag from /home/airflow/.local/lib/python3.6/site-packages/airflow/example_dags/example_task_group.py
[2026-01-10 09:48:32,190] {processor.py:623} INFO - DAG(s) dict_keys(['example_task_group']) retrieved from /home/airflow/.local/lib/python3.6/site-packages/airflow/example_dags/example_task_group.py
[2026-01-10 09:48:32,265] {logging_mixin.py:109} INFO - [2026-01-10 09:48:32,265] {dag.py:1833} INFO - Sync 1 DAGs
[2026-01-10 09:48:32,375] {logging_mixin.py:109} INFO - [2026-01-10 09:48:32,373] {dag.py:2306} INFO - Setting next_dagrun for example_task_group to 2026-01-08 00:00:00+00:00
[2026-01-10 09:48:32,398] {processor.py:170} INFO - Processing /home/airflow/.local/lib/python3.6/site-packages/airflow/example_dags/example_task_group.py took 0.295 seconds
[2026-01-10 09:49:14,652] {processor.py:162} INFO - Started process (PID=2241) to work on /home/airflow/.local/lib/python3.6/site-packages/airflow/example_dags/example_task_group.py
[2026-01-10 09:49:14,654] {processor.py:613} INFO - Processing file /home/airflow/.local/lib/python3.6/site-packages/airflow/example_dags/example_task_group.py for tasks to queue
[2026-01-10 09:49:14,655] {logging_mixin.py:109} INFO - [2026-01-10 09:49:14,655] {dagbag.py:496} INFO - Filling up the DagBag from /home/airflow/.local/lib/python3.6/site-packages/airflow/example_dags/example_task_group.py
[2026-01-10 09:49:14,709] {processor.py:623} INFO - DAG(s) dict_keys(['example_task_group']) retrieved from /home/airflow/.local/lib/python3.6/site-packages/airflow/example_dags/example_task_group.py
[2026-01-10 09:49:14,955] {logging_mixin.py:109} INFO - [2026-01-10 09:49:14,955] {dag.py:1833} INFO - Sync 1 DAGs
[2026-01-10 09:49:14,985] {logging_mixin.py:109} INFO - [2026-01-10 09:49:14,985] {dag.py:2306} INFO - Setting next_dagrun for example_task_group to 2026-01-08 00:00:00+00:00
[2026-01-10 09:49:15,002] {processor.py:170} INFO - Processing /home/airflow/.local/lib/python3.6/site-packages/airflow/example_dags/example_task_group.py took 0.355 seconds
[2026-01-10 09:49:45,951] {processor.py:162} INFO - Started process (PID=2282) to work on /home/airflow/.local/lib/python3.6/site-packages/airflow/example_dags/example_task_group.py
[2026-01-10 09:49:45,955] {processor.py:613} INFO - Processing file /home/airflow/.local/lib/python3.6/site-packages/airflow/example_dags/example_task_group.py for tasks to queue
[2026-01-10 09:49:45,956] {logging_mixin.py:109} INFO - [2026-01-10 09:49:45,956] {dagbag.py:496} INFO - Filling up the DagBag from /home/airflow/.local/lib/python3.6/site-packages/airflow/example_dags/example_task_group.py
[2026-01-10 09:49:45,988] {processor.py:623} INFO - DAG(s) dict_keys(['example_task_group']) retrieved from /home/airflow/.local/lib/python3.6/site-packages/airflow/example_dags/example_task_group.py
[2026-01-10 09:49:46,033] {logging_mixin.py:109} INFO - [2026-01-10 09:49:46,033] {dag.py:1833} INFO - Sync 1 DAGs
[2026-01-10 09:49:46,057] {logging_mixin.py:109} INFO - [2026-01-10 09:49:46,057] {dag.py:2306} INFO - Setting next_dagrun for example_task_group to 2026-01-08 00:00:00+00:00
[2026-01-10 09:49:46,078] {processor.py:170} INFO - Processing /home/airflow/.local/lib/python3.6/site-packages/airflow/example_dags/example_task_group.py took 0.133 seconds
[2026-01-10 09:50:16,709] {processor.py:162} INFO - Started process (PID=2335) to work on /home/airflow/.local/lib/python3.6/site-packages/airflow/example_dags/example_task_group.py
[2026-01-10 09:50:16,711] {processor.py:613} INFO - Processing file /home/airflow/.local/lib/python3.6/site-packages/airflow/example_dags/example_task_group.py for tasks to queue
[2026-01-10 09:50:16,712] {logging_mixin.py:109} INFO - [2026-01-10 09:50:16,712] {dagbag.py:496} INFO - Filling up the DagBag from /home/airflow/.local/lib/python3.6/site-packages/airflow/example_dags/example_task_group.py
[2026-01-10 09:50:16,740] {processor.py:623} INFO - DAG(s) dict_keys(['example_task_group']) retrieved from /home/airflow/.local/lib/python3.6/site-packages/airflow/example_dags/example_task_group.py
[2026-01-10 09:50:16,781] {logging_mixin.py:109} INFO - [2026-01-10 09:50:16,781] {dag.py:1833} INFO - Sync 1 DAGs
[2026-01-10 09:50:16,813] {logging_mixin.py:109} INFO - [2026-01-10 09:50:16,813] {dag.py:2306} INFO - Setting next_dagrun for example_task_group to 2026-01-08 00:00:00+00:00
[2026-01-10 09:50:16,832] {processor.py:170} INFO - Processing /home/airflow/.local/lib/python3.6/site-packages/airflow/example_dags/example_task_group.py took 0.128 seconds
[2026-01-10 09:50:47,060] {processor.py:162} INFO - Started process (PID=2386) to work on /home/airflow/.local/lib/python3.6/site-packages/airflow/example_dags/example_task_group.py
[2026-01-10 09:50:47,063] {processor.py:613} INFO - Processing file /home/airflow/.local/lib/python3.6/site-packages/airflow/example_dags/example_task_group.py for tasks to queue
[2026-01-10 09:50:47,069] {logging_mixin.py:109} INFO - [2026-01-10 09:50:47,069] {dagbag.py:496} INFO - Filling up the DagBag from /home/airflow/.local/lib/python3.6/site-packages/airflow/example_dags/example_task_group.py
[2026-01-10 09:50:47,115] {processor.py:623} INFO - DAG(s) dict_keys(['example_task_group']) retrieved from /home/airflow/.local/lib/python3.6/site-packages/airflow/example_dags/example_task_group.py
[2026-01-10 09:50:47,154] {logging_mixin.py:109} INFO - [2026-01-10 09:50:47,154] {dag.py:1833} INFO - Sync 1 DAGs
[2026-01-10 09:50:47,189] {logging_mixin.py:109} INFO - [2026-01-10 09:50:47,189] {dag.py:2306} INFO - Setting next_dagrun for example_task_group to 2026-01-08 00:00:00+00:00
[2026-01-10 09:50:47,203] {processor.py:170} INFO - Processing /home/airflow/.local/lib/python3.6/site-packages/airflow/example_dags/example_task_group.py took 0.152 seconds
[2026-01-10 09:51:18,179] {processor.py:162} INFO - Started process (PID=2437) to work on /home/airflow/.local/lib/python3.6/site-packages/airflow/example_dags/example_task_group.py
[2026-01-10 09:51:18,181] {processor.py:613} INFO - Processing file /home/airflow/.local/lib/python3.6/site-packages/airflow/example_dags/example_task_group.py for tasks to queue
[2026-01-10 09:51:18,182] {logging_mixin.py:109} INFO - [2026-01-10 09:51:18,182] {dagbag.py:496} INFO - Filling up the DagBag from /home/airflow/.local/lib/python3.6/site-packages/airflow/example_dags/example_task_group.py
[2026-01-10 09:51:18,222] {processor.py:623} INFO - DAG(s) dict_keys(['example_task_group']) retrieved from /home/airflow/.local/lib/python3.6/site-packages/airflow/example_dags/example_task_group.py
[2026-01-10 09:51:18,264] {logging_mixin.py:109} INFO - [2026-01-10 09:51:18,264] {dag.py:1833} INFO - Sync 1 DAGs
[2026-01-10 09:51:18,288] {logging_mixin.py:109} INFO - [2026-01-10 09:51:18,288] {dag.py:2306} INFO - Setting next_dagrun for example_task_group to 2026-01-08 00:00:00+00:00
[2026-01-10 09:51:18,309] {processor.py:170} INFO - Processing /home/airflow/.local/lib/python3.6/site-packages/airflow/example_dags/example_task_group.py took 0.135 seconds
[2026-01-10 09:51:48,853] {processor.py:162} INFO - Started process (PID=2487) to work on /home/airflow/.local/lib/python3.6/site-packages/airflow/example_dags/example_task_group.py
[2026-01-10 09:51:48,855] {processor.py:613} INFO - Processing file /home/airflow/.local/lib/python3.6/site-packages/airflow/example_dags/example_task_group.py for tasks to queue
[2026-01-10 09:51:48,856] {logging_mixin.py:109} INFO - [2026-01-10 09:51:48,856] {dagbag.py:496} INFO - Filling up the DagBag from /home/airflow/.local/lib/python3.6/site-packages/airflow/example_dags/example_task_group.py
[2026-01-10 09:51:48,890] {processor.py:623} INFO - DAG(s) dict_keys(['example_task_group']) retrieved from /home/airflow/.local/lib/python3.6/site-packages/airflow/example_dags/example_task_group.py
[2026-01-10 09:51:48,931] {logging_mixin.py:109} INFO - [2026-01-10 09:51:48,931] {dag.py:1833} INFO - Sync 1 DAGs
[2026-01-10 09:51:48,960] {logging_mixin.py:109} INFO - [2026-01-10 09:51:48,960] {dag.py:2306} INFO - Setting next_dagrun for example_task_group to 2026-01-08 00:00:00+00:00
[2026-01-10 09:51:48,981] {processor.py:170} INFO - Processing /home/airflow/.local/lib/python3.6/site-packages/airflow/example_dags/example_task_group.py took 0.135 seconds
[2026-01-10 09:52:19,323] {processor.py:162} INFO - Started process (PID=2538) to work on /home/airflow/.local/lib/python3.6/site-packages/airflow/example_dags/example_task_group.py
[2026-01-10 09:52:19,325] {processor.py:613} INFO - Processing file /home/airflow/.local/lib/python3.6/site-packages/airflow/example_dags/example_task_group.py for tasks to queue
[2026-01-10 09:52:19,329] {logging_mixin.py:109} INFO - [2026-01-10 09:52:19,328] {dagbag.py:496} INFO - Filling up the DagBag from /home/airflow/.local/lib/python3.6/site-packages/airflow/example_dags/example_task_group.py
[2026-01-10 09:52:19,384] {processor.py:623} INFO - DAG(s) dict_keys(['example_task_group']) retrieved from /home/airflow/.local/lib/python3.6/site-packages/airflow/example_dags/example_task_group.py
[2026-01-10 09:52:19,421] {logging_mixin.py:109} INFO - [2026-01-10 09:52:19,421] {dag.py:1833} INFO - Sync 1 DAGs
[2026-01-10 09:52:19,449] {logging_mixin.py:109} INFO - [2026-01-10 09:52:19,449] {dag.py:2306} INFO - Setting next_dagrun for example_task_group to 2026-01-08 00:00:00+00:00
[2026-01-10 09:52:19,466] {processor.py:170} INFO - Processing /home/airflow/.local/lib/python3.6/site-packages/airflow/example_dags/example_task_group.py took 0.152 seconds
[2026-01-10 09:52:49,664] {processor.py:162} INFO - Started process (PID=2579) to work on /home/airflow/.local/lib/python3.6/site-packages/airflow/example_dags/example_task_group.py
[2026-01-10 09:52:49,668] {processor.py:613} INFO - Processing file /home/airflow/.local/lib/python3.6/site-packages/airflow/example_dags/example_task_group.py for tasks to queue
[2026-01-10 09:52:49,669] {logging_mixin.py:109} INFO - [2026-01-10 09:52:49,669] {dagbag.py:496} INFO - Filling up the DagBag from /home/airflow/.local/lib/python3.6/site-packages/airflow/example_dags/example_task_group.py
[2026-01-10 09:52:49,710] {processor.py:623} INFO - DAG(s) dict_keys(['example_task_group']) retrieved from /home/airflow/.local/lib/python3.6/site-packages/airflow/example_dags/example_task_group.py
[2026-01-10 09:52:49,752] {logging_mixin.py:109} INFO - [2026-01-10 09:52:49,752] {dag.py:1833} INFO - Sync 1 DAGs
[2026-01-10 09:52:49,786] {logging_mixin.py:109} INFO - [2026-01-10 09:52:49,786] {dag.py:2306} INFO - Setting next_dagrun for example_task_group to 2026-01-08 00:00:00+00:00
[2026-01-10 09:52:49,810] {processor.py:170} INFO - Processing /home/airflow/.local/lib/python3.6/site-packages/airflow/example_dags/example_task_group.py took 0.154 seconds
[2026-01-10 09:53:20,668] {processor.py:162} INFO - Started process (PID=2630) to work on /home/airflow/.local/lib/python3.6/site-packages/airflow/example_dags/example_task_group.py
[2026-01-10 09:53:20,671] {processor.py:613} INFO - Processing file /home/airflow/.local/lib/python3.6/site-packages/airflow/example_dags/example_task_group.py for tasks to queue
[2026-01-10 09:53:20,672] {logging_mixin.py:109} INFO - [2026-01-10 09:53:20,672] {dagbag.py:496} INFO - Filling up the DagBag from /home/airflow/.local/lib/python3.6/site-packages/airflow/example_dags/example_task_group.py
[2026-01-10 09:53:20,753] {processor.py:623} INFO - DAG(s) dict_keys(['example_task_group']) retrieved from /home/airflow/.local/lib/python3.6/site-packages/airflow/example_dags/example_task_group.py
[2026-01-10 09:53:20,816] {logging_mixin.py:109} INFO - [2026-01-10 09:53:20,816] {dag.py:1833} INFO - Sync 1 DAGs
[2026-01-10 09:53:20,842] {logging_mixin.py:109} INFO - [2026-01-10 09:53:20,842] {dag.py:2306} INFO - Setting next_dagrun for example_task_group to 2026-01-08 00:00:00+00:00
[2026-01-10 09:53:20,864] {processor.py:170} INFO - Processing /home/airflow/.local/lib/python3.6/site-packages/airflow/example_dags/example_task_group.py took 0.202 seconds
[2026-01-10 09:53:50,949] {processor.py:162} INFO - Started process (PID=2672) to work on /home/airflow/.local/lib/python3.6/site-packages/airflow/example_dags/example_task_group.py
[2026-01-10 09:53:50,953] {processor.py:613} INFO - Processing file /home/airflow/.local/lib/python3.6/site-packages/airflow/example_dags/example_task_group.py for tasks to queue
[2026-01-10 09:53:50,954] {logging_mixin.py:109} INFO - [2026-01-10 09:53:50,954] {dagbag.py:496} INFO - Filling up the DagBag from /home/airflow/.local/lib/python3.6/site-packages/airflow/example_dags/example_task_group.py
[2026-01-10 09:53:50,993] {processor.py:623} INFO - DAG(s) dict_keys(['example_task_group']) retrieved from /home/airflow/.local/lib/python3.6/site-packages/airflow/example_dags/example_task_group.py
[2026-01-10 09:53:51,042] {logging_mixin.py:109} INFO - [2026-01-10 09:53:51,042] {dag.py:1833} INFO - Sync 1 DAGs
[2026-01-10 09:53:51,108] {logging_mixin.py:109} INFO - [2026-01-10 09:53:51,107] {dag.py:2306} INFO - Setting next_dagrun for example_task_group to 2026-01-08 00:00:00+00:00
[2026-01-10 09:53:51,128] {processor.py:170} INFO - Processing /home/airflow/.local/lib/python3.6/site-packages/airflow/example_dags/example_task_group.py took 0.184 seconds
[2026-01-10 09:54:22,005] {processor.py:162} INFO - Started process (PID=2713) to work on /home/airflow/.local/lib/python3.6/site-packages/airflow/example_dags/example_task_group.py
[2026-01-10 09:54:22,008] {processor.py:613} INFO - Processing file /home/airflow/.local/lib/python3.6/site-packages/airflow/example_dags/example_task_group.py for tasks to queue
[2026-01-10 09:54:22,010] {logging_mixin.py:109} INFO - [2026-01-10 09:54:22,009] {dagbag.py:496} INFO - Filling up the DagBag from /home/airflow/.local/lib/python3.6/site-packages/airflow/example_dags/example_task_group.py
[2026-01-10 09:54:22,039] {processor.py:623} INFO - DAG(s) dict_keys(['example_task_group']) retrieved from /home/airflow/.local/lib/python3.6/site-packages/airflow/example_dags/example_task_group.py
[2026-01-10 09:54:22,097] {logging_mixin.py:109} INFO - [2026-01-10 09:54:22,097] {dag.py:1833} INFO - Sync 1 DAGs
[2026-01-10 09:54:22,128] {logging_mixin.py:109} INFO - [2026-01-10 09:54:22,128] {dag.py:2306} INFO - Setting next_dagrun for example_task_group to 2026-01-08 00:00:00+00:00
[2026-01-10 09:54:22,142] {processor.py:170} INFO - Processing /home/airflow/.local/lib/python3.6/site-packages/airflow/example_dags/example_task_group.py took 0.142 seconds
[2026-01-10 09:54:52,261] {processor.py:162} INFO - Started process (PID=2754) to work on /home/airflow/.local/lib/python3.6/site-packages/airflow/example_dags/example_task_group.py
[2026-01-10 09:54:52,263] {processor.py:613} INFO - Processing file /home/airflow/.local/lib/python3.6/site-packages/airflow/example_dags/example_task_group.py for tasks to queue
[2026-01-10 09:54:52,264] {logging_mixin.py:109} INFO - [2026-01-10 09:54:52,264] {dagbag.py:496} INFO - Filling up the DagBag from /home/airflow/.local/lib/python3.6/site-packages/airflow/example_dags/example_task_group.py
[2026-01-10 09:54:52,309] {processor.py:623} INFO - DAG(s) dict_keys(['example_task_group']) retrieved from /home/airflow/.local/lib/python3.6/site-packages/airflow/example_dags/example_task_group.py
[2026-01-10 09:54:52,421] {logging_mixin.py:109} INFO - [2026-01-10 09:54:52,420] {dag.py:1833} INFO - Sync 1 DAGs
[2026-01-10 09:54:52,447] {logging_mixin.py:109} INFO - [2026-01-10 09:54:52,447] {dag.py:2306} INFO - Setting next_dagrun for example_task_group to 2026-01-08 00:00:00+00:00
[2026-01-10 09:54:52,482] {processor.py:170} INFO - Processing /home/airflow/.local/lib/python3.6/site-packages/airflow/example_dags/example_task_group.py took 0.226 seconds
[2026-01-10 09:55:22,578] {processor.py:162} INFO - Started process (PID=2795) to work on /home/airflow/.local/lib/python3.6/site-packages/airflow/example_dags/example_task_group.py
[2026-01-10 09:55:22,582] {processor.py:613} INFO - Processing file /home/airflow/.local/lib/python3.6/site-packages/airflow/example_dags/example_task_group.py for tasks to queue
[2026-01-10 09:55:22,584] {logging_mixin.py:109} INFO - [2026-01-10 09:55:22,583] {dagbag.py:496} INFO - Filling up the DagBag from /home/airflow/.local/lib/python3.6/site-packages/airflow/example_dags/example_task_group.py
[2026-01-10 09:55:22,618] {processor.py:623} INFO - DAG(s) dict_keys(['example_task_group']) retrieved from /home/airflow/.local/lib/python3.6/site-packages/airflow/example_dags/example_task_group.py
[2026-01-10 09:55:22,650] {logging_mixin.py:109} INFO - [2026-01-10 09:55:22,650] {dag.py:1833} INFO - Sync 1 DAGs
[2026-01-10 09:55:22,671] {logging_mixin.py:109} INFO - [2026-01-10 09:55:22,671] {dag.py:2306} INFO - Setting next_dagrun for example_task_group to 2026-01-08 00:00:00+00:00
[2026-01-10 09:55:22,686] {processor.py:170} INFO - Processing /home/airflow/.local/lib/python3.6/site-packages/airflow/example_dags/example_task_group.py took 0.116 seconds
[2026-01-10 09:55:52,778] {processor.py:162} INFO - Started process (PID=2836) to work on /home/airflow/.local/lib/python3.6/site-packages/airflow/example_dags/example_task_group.py
[2026-01-10 09:55:52,779] {processor.py:613} INFO - Processing file /home/airflow/.local/lib/python3.6/site-packages/airflow/example_dags/example_task_group.py for tasks to queue
[2026-01-10 09:55:52,780] {logging_mixin.py:109} INFO - [2026-01-10 09:55:52,780] {dagbag.py:496} INFO - Filling up the DagBag from /home/airflow/.local/lib/python3.6/site-packages/airflow/example_dags/example_task_group.py
[2026-01-10 09:55:52,811] {processor.py:623} INFO - DAG(s) dict_keys(['example_task_group']) retrieved from /home/airflow/.local/lib/python3.6/site-packages/airflow/example_dags/example_task_group.py
[2026-01-10 09:55:52,840] {logging_mixin.py:109} INFO - [2026-01-10 09:55:52,840] {dag.py:1833} INFO - Sync 1 DAGs
[2026-01-10 09:55:52,858] {logging_mixin.py:109} INFO - [2026-01-10 09:55:52,858] {dag.py:2306} INFO - Setting next_dagrun for example_task_group to 2026-01-08 00:00:00+00:00
[2026-01-10 09:55:52,867] {processor.py:170} INFO - Processing /home/airflow/.local/lib/python3.6/site-packages/airflow/example_dags/example_task_group.py took 0.095 seconds
[2026-01-10 09:56:37,043] {processor.py:162} INFO - Started process (PID=2887) to work on /home/airflow/.local/lib/python3.6/site-packages/airflow/example_dags/example_task_group.py
[2026-01-10 09:56:37,047] {processor.py:613} INFO - Processing file /home/airflow/.local/lib/python3.6/site-packages/airflow/example_dags/example_task_group.py for tasks to queue
[2026-01-10 09:56:37,048] {logging_mixin.py:109} INFO - [2026-01-10 09:56:37,048] {dagbag.py:496} INFO - Filling up the DagBag from /home/airflow/.local/lib/python3.6/site-packages/airflow/example_dags/example_task_group.py
[2026-01-10 09:56:37,103] {processor.py:623} INFO - DAG(s) dict_keys(['example_task_group']) retrieved from /home/airflow/.local/lib/python3.6/site-packages/airflow/example_dags/example_task_group.py
[2026-01-10 09:56:37,641] {logging_mixin.py:109} INFO - [2026-01-10 09:56:37,641] {dag.py:1833} INFO - Sync 1 DAGs
[2026-01-10 09:56:37,669] {logging_mixin.py:109} INFO - [2026-01-10 09:56:37,669] {dag.py:2306} INFO - Setting next_dagrun for example_task_group to 2026-01-08 00:00:00+00:00
[2026-01-10 09:56:37,682] {processor.py:170} INFO - Processing /home/airflow/.local/lib/python3.6/site-packages/airflow/example_dags/example_task_group.py took 0.645 seconds
[2026-01-10 09:57:07,971] {processor.py:162} INFO - Started process (PID=2928) to work on /home/airflow/.local/lib/python3.6/site-packages/airflow/example_dags/example_task_group.py
[2026-01-10 09:57:07,976] {processor.py:613} INFO - Processing file /home/airflow/.local/lib/python3.6/site-packages/airflow/example_dags/example_task_group.py for tasks to queue
[2026-01-10 09:57:07,977] {logging_mixin.py:109} INFO - [2026-01-10 09:57:07,977] {dagbag.py:496} INFO - Filling up the DagBag from /home/airflow/.local/lib/python3.6/site-packages/airflow/example_dags/example_task_group.py
[2026-01-10 09:57:08,005] {processor.py:623} INFO - DAG(s) dict_keys(['example_task_group']) retrieved from /home/airflow/.local/lib/python3.6/site-packages/airflow/example_dags/example_task_group.py
[2026-01-10 09:57:08,041] {logging_mixin.py:109} INFO - [2026-01-10 09:57:08,041] {dag.py:1833} INFO - Sync 1 DAGs
[2026-01-10 09:57:08,070] {logging_mixin.py:109} INFO - [2026-01-10 09:57:08,069] {dag.py:2306} INFO - Setting next_dagrun for example_task_group to 2026-01-08 00:00:00+00:00
[2026-01-10 09:57:08,087] {processor.py:170} INFO - Processing /home/airflow/.local/lib/python3.6/site-packages/airflow/example_dags/example_task_group.py took 0.120 seconds
[2026-01-10 09:57:54,423] {processor.py:162} INFO - Started process (PID=2966) to work on /home/airflow/.local/lib/python3.6/site-packages/airflow/example_dags/example_task_group.py
[2026-01-10 09:57:54,427] {processor.py:613} INFO - Processing file /home/airflow/.local/lib/python3.6/site-packages/airflow/example_dags/example_task_group.py for tasks to queue
[2026-01-10 09:57:54,428] {logging_mixin.py:109} INFO - [2026-01-10 09:57:54,428] {dagbag.py:496} INFO - Filling up the DagBag from /home/airflow/.local/lib/python3.6/site-packages/airflow/example_dags/example_task_group.py
[2026-01-10 09:57:54,459] {processor.py:623} INFO - DAG(s) dict_keys(['example_task_group']) retrieved from /home/airflow/.local/lib/python3.6/site-packages/airflow/example_dags/example_task_group.py
[2026-01-10 09:57:54,984] {logging_mixin.py:109} INFO - [2026-01-10 09:57:54,984] {dag.py:1833} INFO - Sync 1 DAGs
[2026-01-10 09:57:55,017] {logging_mixin.py:109} INFO - [2026-01-10 09:57:55,017] {dag.py:2306} INFO - Setting next_dagrun for example_task_group to 2026-01-08 00:00:00+00:00
[2026-01-10 09:57:55,031] {processor.py:170} INFO - Processing /home/airflow/.local/lib/python3.6/site-packages/airflow/example_dags/example_task_group.py took 0.614 seconds
[2026-01-10 09:59:09,644] {processor.py:162} INFO - Started process (PID=3007) to work on /home/airflow/.local/lib/python3.6/site-packages/airflow/example_dags/example_task_group.py
[2026-01-10 09:59:09,648] {processor.py:613} INFO - Processing file /home/airflow/.local/lib/python3.6/site-packages/airflow/example_dags/example_task_group.py for tasks to queue
[2026-01-10 09:59:09,650] {logging_mixin.py:109} INFO - [2026-01-10 09:59:09,649] {dagbag.py:496} INFO - Filling up the DagBag from /home/airflow/.local/lib/python3.6/site-packages/airflow/example_dags/example_task_group.py
[2026-01-10 09:59:09,727] {processor.py:623} INFO - DAG(s) dict_keys(['example_task_group']) retrieved from /home/airflow/.local/lib/python3.6/site-packages/airflow/example_dags/example_task_group.py
[2026-01-10 09:59:12,154] {logging_mixin.py:109} INFO - [2026-01-10 09:59:12,154] {dag.py:1833} INFO - Sync 1 DAGs
[2026-01-10 09:59:12,175] {logging_mixin.py:109} INFO - [2026-01-10 09:59:12,175] {dag.py:2306} INFO - Setting next_dagrun for example_task_group to 2026-01-08 00:00:00+00:00
[2026-01-10 09:59:12,190] {processor.py:170} INFO - Processing /home/airflow/.local/lib/python3.6/site-packages/airflow/example_dags/example_task_group.py took 2.552 seconds
[2026-01-10 09:59:42,793] {processor.py:162} INFO - Started process (PID=3039) to work on /home/airflow/.local/lib/python3.6/site-packages/airflow/example_dags/example_task_group.py
[2026-01-10 09:59:42,794] {processor.py:613} INFO - Processing file /home/airflow/.local/lib/python3.6/site-packages/airflow/example_dags/example_task_group.py for tasks to queue
[2026-01-10 09:59:42,795] {logging_mixin.py:109} INFO - [2026-01-10 09:59:42,795] {dagbag.py:496} INFO - Filling up the DagBag from /home/airflow/.local/lib/python3.6/site-packages/airflow/example_dags/example_task_group.py
[2026-01-10 09:59:42,824] {processor.py:623} INFO - DAG(s) dict_keys(['example_task_group']) retrieved from /home/airflow/.local/lib/python3.6/site-packages/airflow/example_dags/example_task_group.py
[2026-01-10 09:59:42,860] {logging_mixin.py:109} INFO - [2026-01-10 09:59:42,860] {dag.py:1833} INFO - Sync 1 DAGs
[2026-01-10 09:59:42,893] {logging_mixin.py:109} INFO - [2026-01-10 09:59:42,893] {dag.py:2306} INFO - Setting next_dagrun for example_task_group to 2026-01-08 00:00:00+00:00
[2026-01-10 09:59:42,908] {processor.py:170} INFO - Processing /home/airflow/.local/lib/python3.6/site-packages/airflow/example_dags/example_task_group.py took 0.121 seconds
[2026-01-10 10:00:13,123] {processor.py:162} INFO - Started process (PID=3089) to work on /home/airflow/.local/lib/python3.6/site-packages/airflow/example_dags/example_task_group.py
[2026-01-10 10:00:13,136] {processor.py:613} INFO - Processing file /home/airflow/.local/lib/python3.6/site-packages/airflow/example_dags/example_task_group.py for tasks to queue
[2026-01-10 10:00:13,138] {logging_mixin.py:109} INFO - [2026-01-10 10:00:13,138] {dagbag.py:496} INFO - Filling up the DagBag from /home/airflow/.local/lib/python3.6/site-packages/airflow/example_dags/example_task_group.py
[2026-01-10 10:00:13,280] {processor.py:623} INFO - DAG(s) dict_keys(['example_task_group']) retrieved from /home/airflow/.local/lib/python3.6/site-packages/airflow/example_dags/example_task_group.py
[2026-01-10 10:00:13,595] {logging_mixin.py:109} INFO - [2026-01-10 10:00:13,595] {dag.py:1833} INFO - Sync 1 DAGs
[2026-01-10 10:00:13,626] {logging_mixin.py:109} INFO - [2026-01-10 10:00:13,626] {dag.py:2306} INFO - Setting next_dagrun for example_task_group to 2026-01-08 00:00:00+00:00
[2026-01-10 10:00:13,650] {processor.py:170} INFO - Processing /home/airflow/.local/lib/python3.6/site-packages/airflow/example_dags/example_task_group.py took 0.540 seconds
[2026-01-10 10:00:55,638] {processor.py:162} INFO - Started process (PID=3098) to work on /home/airflow/.local/lib/python3.6/site-packages/airflow/example_dags/example_task_group.py
[2026-01-10 10:00:55,639] {processor.py:613} INFO - Processing file /home/airflow/.local/lib/python3.6/site-packages/airflow/example_dags/example_task_group.py for tasks to queue
[2026-01-10 10:00:55,640] {logging_mixin.py:109} INFO - [2026-01-10 10:00:55,640] {dagbag.py:496} INFO - Filling up the DagBag from /home/airflow/.local/lib/python3.6/site-packages/airflow/example_dags/example_task_group.py
[2026-01-10 10:00:55,704] {processor.py:623} INFO - DAG(s) dict_keys(['example_task_group']) retrieved from /home/airflow/.local/lib/python3.6/site-packages/airflow/example_dags/example_task_group.py
[2026-01-10 10:00:56,847] {logging_mixin.py:109} INFO - [2026-01-10 10:00:56,846] {dag.py:1833} INFO - Sync 1 DAGs
[2026-01-10 10:00:56,876] {logging_mixin.py:109} INFO - [2026-01-10 10:00:56,876] {dag.py:2306} INFO - Setting next_dagrun for example_task_group to 2026-01-08 00:00:00+00:00
[2026-01-10 10:00:56,891] {processor.py:170} INFO - Processing /home/airflow/.local/lib/python3.6/site-packages/airflow/example_dags/example_task_group.py took 1.264 seconds
[2026-01-10 10:02:21,272] {processor.py:162} INFO - Started process (PID=3139) to work on /home/airflow/.local/lib/python3.6/site-packages/airflow/example_dags/example_task_group.py
[2026-01-10 10:02:21,274] {processor.py:613} INFO - Processing file /home/airflow/.local/lib/python3.6/site-packages/airflow/example_dags/example_task_group.py for tasks to queue
[2026-01-10 10:02:21,275] {logging_mixin.py:109} INFO - [2026-01-10 10:02:21,275] {dagbag.py:496} INFO - Filling up the DagBag from /home/airflow/.local/lib/python3.6/site-packages/airflow/example_dags/example_task_group.py
[2026-01-10 10:02:21,335] {processor.py:623} INFO - DAG(s) dict_keys(['example_task_group']) retrieved from /home/airflow/.local/lib/python3.6/site-packages/airflow/example_dags/example_task_group.py
[2026-01-10 10:02:21,840] {logging_mixin.py:109} INFO - [2026-01-10 10:02:21,840] {dag.py:1833} INFO - Sync 1 DAGs
[2026-01-10 10:02:21,869] {logging_mixin.py:109} INFO - [2026-01-10 10:02:21,869] {dag.py:2306} INFO - Setting next_dagrun for example_task_group to 2026-01-08 00:00:00+00:00
[2026-01-10 10:02:21,886] {processor.py:170} INFO - Processing /home/airflow/.local/lib/python3.6/site-packages/airflow/example_dags/example_task_group.py took 0.620 seconds
[2026-01-10 10:15:02,006] {processor.py:162} INFO - Started process (PID=44) to work on /home/airflow/.local/lib/python3.6/site-packages/airflow/example_dags/example_task_group.py
[2026-01-10 10:15:02,013] {processor.py:613} INFO - Processing file /home/airflow/.local/lib/python3.6/site-packages/airflow/example_dags/example_task_group.py for tasks to queue
[2026-01-10 10:15:02,014] {logging_mixin.py:109} INFO - [2026-01-10 10:15:02,013] {dagbag.py:496} INFO - Filling up the DagBag from /home/airflow/.local/lib/python3.6/site-packages/airflow/example_dags/example_task_group.py
[2026-01-10 10:15:02,057] {processor.py:623} INFO - DAG(s) dict_keys(['example_task_group']) retrieved from /home/airflow/.local/lib/python3.6/site-packages/airflow/example_dags/example_task_group.py
[2026-01-10 10:15:02,099] {logging_mixin.py:109} INFO - [2026-01-10 10:15:02,099] {dag.py:1833} INFO - Sync 1 DAGs
[2026-01-10 10:15:02,135] {logging_mixin.py:109} INFO - [2026-01-10 10:15:02,135] {dag.py:2306} INFO - Setting next_dagrun for example_task_group to 2026-01-08 00:00:00+00:00
[2026-01-10 10:15:02,161] {processor.py:170} INFO - Processing /home/airflow/.local/lib/python3.6/site-packages/airflow/example_dags/example_task_group.py took 0.163 seconds
[2026-01-10 10:15:32,736] {processor.py:162} INFO - Started process (PID=99) to work on /home/airflow/.local/lib/python3.6/site-packages/airflow/example_dags/example_task_group.py
[2026-01-10 10:15:32,739] {processor.py:613} INFO - Processing file /home/airflow/.local/lib/python3.6/site-packages/airflow/example_dags/example_task_group.py for tasks to queue
[2026-01-10 10:15:32,743] {logging_mixin.py:109} INFO - [2026-01-10 10:15:32,743] {dagbag.py:496} INFO - Filling up the DagBag from /home/airflow/.local/lib/python3.6/site-packages/airflow/example_dags/example_task_group.py
[2026-01-10 10:15:32,843] {processor.py:623} INFO - DAG(s) dict_keys(['example_task_group']) retrieved from /home/airflow/.local/lib/python3.6/site-packages/airflow/example_dags/example_task_group.py
[2026-01-10 10:15:32,997] {logging_mixin.py:109} INFO - [2026-01-10 10:15:32,993] {dag.py:1833} INFO - Sync 1 DAGs
[2026-01-10 10:15:33,069] {logging_mixin.py:109} INFO - [2026-01-10 10:15:33,068] {dag.py:2306} INFO - Setting next_dagrun for example_task_group to 2026-01-08 00:00:00+00:00
[2026-01-10 10:15:33,126] {processor.py:170} INFO - Processing /home/airflow/.local/lib/python3.6/site-packages/airflow/example_dags/example_task_group.py took 0.408 seconds
[2026-01-10 10:16:03,652] {processor.py:162} INFO - Started process (PID=147) to work on /home/airflow/.local/lib/python3.6/site-packages/airflow/example_dags/example_task_group.py
[2026-01-10 10:16:03,654] {processor.py:613} INFO - Processing file /home/airflow/.local/lib/python3.6/site-packages/airflow/example_dags/example_task_group.py for tasks to queue
[2026-01-10 10:16:03,658] {logging_mixin.py:109} INFO - [2026-01-10 10:16:03,658] {dagbag.py:496} INFO - Filling up the DagBag from /home/airflow/.local/lib/python3.6/site-packages/airflow/example_dags/example_task_group.py
[2026-01-10 10:16:03,900] {processor.py:623} INFO - DAG(s) dict_keys(['example_task_group']) retrieved from /home/airflow/.local/lib/python3.6/site-packages/airflow/example_dags/example_task_group.py
[2026-01-10 10:16:04,078] {logging_mixin.py:109} INFO - [2026-01-10 10:16:04,078] {dag.py:1833} INFO - Sync 1 DAGs
[2026-01-10 10:16:04,229] {logging_mixin.py:109} INFO - [2026-01-10 10:16:04,229] {dag.py:2306} INFO - Setting next_dagrun for example_task_group to 2026-01-08 00:00:00+00:00
[2026-01-10 10:16:04,244] {processor.py:170} INFO - Processing /home/airflow/.local/lib/python3.6/site-packages/airflow/example_dags/example_task_group.py took 0.655 seconds
[2026-01-10 10:16:35,072] {processor.py:162} INFO - Started process (PID=192) to work on /home/airflow/.local/lib/python3.6/site-packages/airflow/example_dags/example_task_group.py
[2026-01-10 10:16:35,088] {processor.py:613} INFO - Processing file /home/airflow/.local/lib/python3.6/site-packages/airflow/example_dags/example_task_group.py for tasks to queue
[2026-01-10 10:16:35,088] {logging_mixin.py:109} INFO - [2026-01-10 10:16:35,088] {dagbag.py:496} INFO - Filling up the DagBag from /home/airflow/.local/lib/python3.6/site-packages/airflow/example_dags/example_task_group.py
[2026-01-10 10:16:35,199] {processor.py:623} INFO - DAG(s) dict_keys(['example_task_group']) retrieved from /home/airflow/.local/lib/python3.6/site-packages/airflow/example_dags/example_task_group.py
[2026-01-10 10:16:35,321] {logging_mixin.py:109} INFO - [2026-01-10 10:16:35,320] {dag.py:1833} INFO - Sync 1 DAGs
[2026-01-10 10:16:35,456] {logging_mixin.py:109} INFO - [2026-01-10 10:16:35,456] {dag.py:2306} INFO - Setting next_dagrun for example_task_group to 2026-01-08 00:00:00+00:00
[2026-01-10 10:16:35,495] {processor.py:170} INFO - Processing /home/airflow/.local/lib/python3.6/site-packages/airflow/example_dags/example_task_group.py took 0.459 seconds
[2026-01-10 10:17:05,727] {processor.py:162} INFO - Started process (PID=243) to work on /home/airflow/.local/lib/python3.6/site-packages/airflow/example_dags/example_task_group.py
[2026-01-10 10:17:05,728] {processor.py:613} INFO - Processing file /home/airflow/.local/lib/python3.6/site-packages/airflow/example_dags/example_task_group.py for tasks to queue
[2026-01-10 10:17:05,732] {logging_mixin.py:109} INFO - [2026-01-10 10:17:05,732] {dagbag.py:496} INFO - Filling up the DagBag from /home/airflow/.local/lib/python3.6/site-packages/airflow/example_dags/example_task_group.py
[2026-01-10 10:17:05,788] {processor.py:623} INFO - DAG(s) dict_keys(['example_task_group']) retrieved from /home/airflow/.local/lib/python3.6/site-packages/airflow/example_dags/example_task_group.py
[2026-01-10 10:17:05,852] {logging_mixin.py:109} INFO - [2026-01-10 10:17:05,851] {dag.py:1833} INFO - Sync 1 DAGs
[2026-01-10 10:17:05,874] {logging_mixin.py:109} INFO - [2026-01-10 10:17:05,874] {dag.py:2306} INFO - Setting next_dagrun for example_task_group to 2026-01-08 00:00:00+00:00
[2026-01-10 10:17:05,894] {processor.py:170} INFO - Processing /home/airflow/.local/lib/python3.6/site-packages/airflow/example_dags/example_task_group.py took 0.180 seconds
[2026-01-10 10:17:36,812] {processor.py:162} INFO - Started process (PID=295) to work on /home/airflow/.local/lib/python3.6/site-packages/airflow/example_dags/example_task_group.py
[2026-01-10 10:17:36,814] {processor.py:613} INFO - Processing file /home/airflow/.local/lib/python3.6/site-packages/airflow/example_dags/example_task_group.py for tasks to queue
[2026-01-10 10:17:36,815] {logging_mixin.py:109} INFO - [2026-01-10 10:17:36,815] {dagbag.py:496} INFO - Filling up the DagBag from /home/airflow/.local/lib/python3.6/site-packages/airflow/example_dags/example_task_group.py
[2026-01-10 10:17:36,845] {processor.py:623} INFO - DAG(s) dict_keys(['example_task_group']) retrieved from /home/airflow/.local/lib/python3.6/site-packages/airflow/example_dags/example_task_group.py
[2026-01-10 10:17:36,887] {logging_mixin.py:109} INFO - [2026-01-10 10:17:36,886] {dag.py:1833} INFO - Sync 1 DAGs
[2026-01-10 10:17:36,918] {logging_mixin.py:109} INFO - [2026-01-10 10:17:36,918] {dag.py:2306} INFO - Setting next_dagrun for example_task_group to 2026-01-08 00:00:00+00:00
[2026-01-10 10:17:36,939] {processor.py:170} INFO - Processing /home/airflow/.local/lib/python3.6/site-packages/airflow/example_dags/example_task_group.py took 0.130 seconds
[2026-01-10 10:18:07,225] {processor.py:162} INFO - Started process (PID=346) to work on /home/airflow/.local/lib/python3.6/site-packages/airflow/example_dags/example_task_group.py
[2026-01-10 10:18:07,227] {processor.py:613} INFO - Processing file /home/airflow/.local/lib/python3.6/site-packages/airflow/example_dags/example_task_group.py for tasks to queue
[2026-01-10 10:18:07,228] {logging_mixin.py:109} INFO - [2026-01-10 10:18:07,228] {dagbag.py:496} INFO - Filling up the DagBag from /home/airflow/.local/lib/python3.6/site-packages/airflow/example_dags/example_task_group.py
[2026-01-10 10:18:07,260] {processor.py:623} INFO - DAG(s) dict_keys(['example_task_group']) retrieved from /home/airflow/.local/lib/python3.6/site-packages/airflow/example_dags/example_task_group.py
[2026-01-10 10:18:07,387] {logging_mixin.py:109} INFO - [2026-01-10 10:18:07,387] {dag.py:1833} INFO - Sync 1 DAGs
[2026-01-10 10:18:07,512] {logging_mixin.py:109} INFO - [2026-01-10 10:18:07,512] {dag.py:2306} INFO - Setting next_dagrun for example_task_group to 2026-01-08 00:00:00+00:00
[2026-01-10 10:18:07,609] {processor.py:170} INFO - Processing /home/airflow/.local/lib/python3.6/site-packages/airflow/example_dags/example_task_group.py took 0.401 seconds
[2026-01-10 10:18:37,698] {processor.py:162} INFO - Started process (PID=389) to work on /home/airflow/.local/lib/python3.6/site-packages/airflow/example_dags/example_task_group.py
[2026-01-10 10:18:37,699] {processor.py:613} INFO - Processing file /home/airflow/.local/lib/python3.6/site-packages/airflow/example_dags/example_task_group.py for tasks to queue
[2026-01-10 10:18:37,700] {logging_mixin.py:109} INFO - [2026-01-10 10:18:37,700] {dagbag.py:496} INFO - Filling up the DagBag from /home/airflow/.local/lib/python3.6/site-packages/airflow/example_dags/example_task_group.py
[2026-01-10 10:18:37,722] {processor.py:623} INFO - DAG(s) dict_keys(['example_task_group']) retrieved from /home/airflow/.local/lib/python3.6/site-packages/airflow/example_dags/example_task_group.py
[2026-01-10 10:18:37,753] {logging_mixin.py:109} INFO - [2026-01-10 10:18:37,752] {dag.py:1833} INFO - Sync 1 DAGs
[2026-01-10 10:18:37,781] {logging_mixin.py:109} INFO - [2026-01-10 10:18:37,781] {dag.py:2306} INFO - Setting next_dagrun for example_task_group to 2026-01-08 00:00:00+00:00
[2026-01-10 10:18:37,798] {processor.py:170} INFO - Processing /home/airflow/.local/lib/python3.6/site-packages/airflow/example_dags/example_task_group.py took 0.104 seconds
[2026-01-10 10:19:08,121] {processor.py:162} INFO - Started process (PID=439) to work on /home/airflow/.local/lib/python3.6/site-packages/airflow/example_dags/example_task_group.py
[2026-01-10 10:19:08,122] {processor.py:613} INFO - Processing file /home/airflow/.local/lib/python3.6/site-packages/airflow/example_dags/example_task_group.py for tasks to queue
[2026-01-10 10:19:08,123] {logging_mixin.py:109} INFO - [2026-01-10 10:19:08,123] {dagbag.py:496} INFO - Filling up the DagBag from /home/airflow/.local/lib/python3.6/site-packages/airflow/example_dags/example_task_group.py
[2026-01-10 10:19:08,138] {processor.py:623} INFO - DAG(s) dict_keys(['example_task_group']) retrieved from /home/airflow/.local/lib/python3.6/site-packages/airflow/example_dags/example_task_group.py
[2026-01-10 10:19:08,171] {logging_mixin.py:109} INFO - [2026-01-10 10:19:08,171] {dag.py:1833} INFO - Sync 1 DAGs
[2026-01-10 10:19:08,187] {logging_mixin.py:109} INFO - [2026-01-10 10:19:08,187] {dag.py:2306} INFO - Setting next_dagrun for example_task_group to 2026-01-08 00:00:00+00:00
[2026-01-10 10:19:08,197] {processor.py:170} INFO - Processing /home/airflow/.local/lib/python3.6/site-packages/airflow/example_dags/example_task_group.py took 0.080 seconds
[2026-01-10 10:19:38,760] {processor.py:162} INFO - Started process (PID=500) to work on /home/airflow/.local/lib/python3.6/site-packages/airflow/example_dags/example_task_group.py
[2026-01-10 10:19:38,761] {processor.py:613} INFO - Processing file /home/airflow/.local/lib/python3.6/site-packages/airflow/example_dags/example_task_group.py for tasks to queue
[2026-01-10 10:19:38,762] {logging_mixin.py:109} INFO - [2026-01-10 10:19:38,762] {dagbag.py:496} INFO - Filling up the DagBag from /home/airflow/.local/lib/python3.6/site-packages/airflow/example_dags/example_task_group.py
[2026-01-10 10:19:38,783] {processor.py:623} INFO - DAG(s) dict_keys(['example_task_group']) retrieved from /home/airflow/.local/lib/python3.6/site-packages/airflow/example_dags/example_task_group.py
[2026-01-10 10:19:38,815] {logging_mixin.py:109} INFO - [2026-01-10 10:19:38,815] {dag.py:1833} INFO - Sync 1 DAGs
[2026-01-10 10:19:38,839] {logging_mixin.py:109} INFO - [2026-01-10 10:19:38,839] {dag.py:2306} INFO - Setting next_dagrun for example_task_group to 2026-01-08 00:00:00+00:00
[2026-01-10 10:19:38,853] {processor.py:170} INFO - Processing /home/airflow/.local/lib/python3.6/site-packages/airflow/example_dags/example_task_group.py took 0.097 seconds
[2026-01-10 10:20:09,249] {processor.py:162} INFO - Started process (PID=553) to work on /home/airflow/.local/lib/python3.6/site-packages/airflow/example_dags/example_task_group.py
[2026-01-10 10:20:09,250] {processor.py:613} INFO - Processing file /home/airflow/.local/lib/python3.6/site-packages/airflow/example_dags/example_task_group.py for tasks to queue
[2026-01-10 10:20:09,255] {logging_mixin.py:109} INFO - [2026-01-10 10:20:09,251] {dagbag.py:496} INFO - Filling up the DagBag from /home/airflow/.local/lib/python3.6/site-packages/airflow/example_dags/example_task_group.py
[2026-01-10 10:20:09,311] {processor.py:623} INFO - DAG(s) dict_keys(['example_task_group']) retrieved from /home/airflow/.local/lib/python3.6/site-packages/airflow/example_dags/example_task_group.py
[2026-01-10 10:20:09,367] {logging_mixin.py:109} INFO - [2026-01-10 10:20:09,367] {dag.py:1833} INFO - Sync 1 DAGs
[2026-01-10 10:20:09,395] {logging_mixin.py:109} INFO - [2026-01-10 10:20:09,395] {dag.py:2306} INFO - Setting next_dagrun for example_task_group to 2026-01-08 00:00:00+00:00
[2026-01-10 10:20:09,416] {processor.py:170} INFO - Processing /home/airflow/.local/lib/python3.6/site-packages/airflow/example_dags/example_task_group.py took 0.183 seconds
[2026-01-10 10:20:39,470] {processor.py:162} INFO - Started process (PID=604) to work on /home/airflow/.local/lib/python3.6/site-packages/airflow/example_dags/example_task_group.py
[2026-01-10 10:20:39,472] {processor.py:613} INFO - Processing file /home/airflow/.local/lib/python3.6/site-packages/airflow/example_dags/example_task_group.py for tasks to queue
[2026-01-10 10:20:39,472] {logging_mixin.py:109} INFO - [2026-01-10 10:20:39,472] {dagbag.py:496} INFO - Filling up the DagBag from /home/airflow/.local/lib/python3.6/site-packages/airflow/example_dags/example_task_group.py
[2026-01-10 10:20:39,489] {processor.py:623} INFO - DAG(s) dict_keys(['example_task_group']) retrieved from /home/airflow/.local/lib/python3.6/site-packages/airflow/example_dags/example_task_group.py
[2026-01-10 10:20:39,513] {logging_mixin.py:109} INFO - [2026-01-10 10:20:39,513] {dag.py:1833} INFO - Sync 1 DAGs
[2026-01-10 10:20:39,537] {logging_mixin.py:109} INFO - [2026-01-10 10:20:39,537] {dag.py:2306} INFO - Setting next_dagrun for example_task_group to 2026-01-08 00:00:00+00:00
[2026-01-10 10:20:39,556] {processor.py:170} INFO - Processing /home/airflow/.local/lib/python3.6/site-packages/airflow/example_dags/example_task_group.py took 0.091 seconds
[2026-01-10 10:21:10,323] {processor.py:162} INFO - Started process (PID=655) to work on /home/airflow/.local/lib/python3.6/site-packages/airflow/example_dags/example_task_group.py
[2026-01-10 10:21:10,324] {processor.py:613} INFO - Processing file /home/airflow/.local/lib/python3.6/site-packages/airflow/example_dags/example_task_group.py for tasks to queue
[2026-01-10 10:21:10,325] {logging_mixin.py:109} INFO - [2026-01-10 10:21:10,324] {dagbag.py:496} INFO - Filling up the DagBag from /home/airflow/.local/lib/python3.6/site-packages/airflow/example_dags/example_task_group.py
[2026-01-10 10:21:10,340] {processor.py:623} INFO - DAG(s) dict_keys(['example_task_group']) retrieved from /home/airflow/.local/lib/python3.6/site-packages/airflow/example_dags/example_task_group.py
[2026-01-10 10:21:10,364] {logging_mixin.py:109} INFO - [2026-01-10 10:21:10,364] {dag.py:1833} INFO - Sync 1 DAGs
[2026-01-10 10:21:10,383] {logging_mixin.py:109} INFO - [2026-01-10 10:21:10,383] {dag.py:2306} INFO - Setting next_dagrun for example_task_group to 2026-01-08 00:00:00+00:00
[2026-01-10 10:21:10,399] {processor.py:170} INFO - Processing /home/airflow/.local/lib/python3.6/site-packages/airflow/example_dags/example_task_group.py took 0.079 seconds
