[2026-01-10 09:27:58,632] {processor.py:162} INFO - Started process (PID=131) to work on /home/airflow/.local/lib/python3.6/site-packages/airflow/example_dags/example_branch_operator.py
[2026-01-10 09:27:58,634] {processor.py:613} INFO - Processing file /home/airflow/.local/lib/python3.6/site-packages/airflow/example_dags/example_branch_operator.py for tasks to queue
[2026-01-10 09:27:58,635] {logging_mixin.py:109} INFO - [2026-01-10 09:27:58,635] {dagbag.py:496} INFO - Filling up the DagBag from /home/airflow/.local/lib/python3.6/site-packages/airflow/example_dags/example_branch_operator.py
[2026-01-10 09:27:58,673] {processor.py:623} INFO - DAG(s) dict_keys(['example_branch_operator']) retrieved from /home/airflow/.local/lib/python3.6/site-packages/airflow/example_dags/example_branch_operator.py
[2026-01-10 09:28:04,675] {logging_mixin.py:109} INFO - [2026-01-10 09:28:04,673] {dag.py:1833} INFO - Sync 1 DAGs
[2026-01-10 09:28:04,689] {logging_mixin.py:109} INFO - [2026-01-10 09:28:04,688] {dag.py:1852} INFO - Creating ORM DAG for example_branch_operator
[2026-01-10 09:28:04,703] {logging_mixin.py:109} INFO - [2026-01-10 09:28:04,703] {dag.py:2306} INFO - Setting next_dagrun for example_branch_operator to 2026-01-08 00:00:00+00:00
[2026-01-10 09:28:04,717] {processor.py:170} INFO - Processing /home/airflow/.local/lib/python3.6/site-packages/airflow/example_dags/example_branch_operator.py took 6.095 seconds
[2026-01-10 09:29:02,319] {processor.py:162} INFO - Started process (PID=275) to work on /home/airflow/.local/lib/python3.6/site-packages/airflow/example_dags/example_branch_operator.py
[2026-01-10 09:29:02,323] {processor.py:613} INFO - Processing file /home/airflow/.local/lib/python3.6/site-packages/airflow/example_dags/example_branch_operator.py for tasks to queue
[2026-01-10 09:29:02,324] {logging_mixin.py:109} INFO - [2026-01-10 09:29:02,324] {dagbag.py:496} INFO - Filling up the DagBag from /home/airflow/.local/lib/python3.6/site-packages/airflow/example_dags/example_branch_operator.py
[2026-01-10 09:29:02,356] {processor.py:623} INFO - DAG(s) dict_keys(['example_branch_operator']) retrieved from /home/airflow/.local/lib/python3.6/site-packages/airflow/example_dags/example_branch_operator.py
[2026-01-10 09:29:02,396] {logging_mixin.py:109} INFO - [2026-01-10 09:29:02,396] {dag.py:1833} INFO - Sync 1 DAGs
[2026-01-10 09:29:02,430] {logging_mixin.py:109} INFO - [2026-01-10 09:29:02,430] {dag.py:2306} INFO - Setting next_dagrun for example_branch_operator to 2026-01-08 00:00:00+00:00
[2026-01-10 09:29:02,448] {processor.py:170} INFO - Processing /home/airflow/.local/lib/python3.6/site-packages/airflow/example_dags/example_branch_operator.py took 0.135 seconds
[2026-01-10 09:29:33,161] {processor.py:162} INFO - Started process (PID=326) to work on /home/airflow/.local/lib/python3.6/site-packages/airflow/example_dags/example_branch_operator.py
[2026-01-10 09:29:33,163] {processor.py:613} INFO - Processing file /home/airflow/.local/lib/python3.6/site-packages/airflow/example_dags/example_branch_operator.py for tasks to queue
[2026-01-10 09:29:33,164] {logging_mixin.py:109} INFO - [2026-01-10 09:29:33,164] {dagbag.py:496} INFO - Filling up the DagBag from /home/airflow/.local/lib/python3.6/site-packages/airflow/example_dags/example_branch_operator.py
[2026-01-10 09:29:33,185] {processor.py:623} INFO - DAG(s) dict_keys(['example_branch_operator']) retrieved from /home/airflow/.local/lib/python3.6/site-packages/airflow/example_dags/example_branch_operator.py
[2026-01-10 09:29:33,226] {logging_mixin.py:109} INFO - [2026-01-10 09:29:33,226] {dag.py:1833} INFO - Sync 1 DAGs
[2026-01-10 09:29:33,262] {logging_mixin.py:109} INFO - [2026-01-10 09:29:33,261] {dag.py:2306} INFO - Setting next_dagrun for example_branch_operator to 2026-01-08 00:00:00+00:00
[2026-01-10 09:29:33,309] {processor.py:170} INFO - Processing /home/airflow/.local/lib/python3.6/site-packages/airflow/example_dags/example_branch_operator.py took 0.155 seconds
[2026-01-10 09:30:04,217] {processor.py:162} INFO - Started process (PID=376) to work on /home/airflow/.local/lib/python3.6/site-packages/airflow/example_dags/example_branch_operator.py
[2026-01-10 09:30:04,218] {processor.py:613} INFO - Processing file /home/airflow/.local/lib/python3.6/site-packages/airflow/example_dags/example_branch_operator.py for tasks to queue
[2026-01-10 09:30:04,218] {logging_mixin.py:109} INFO - [2026-01-10 09:30:04,218] {dagbag.py:496} INFO - Filling up the DagBag from /home/airflow/.local/lib/python3.6/site-packages/airflow/example_dags/example_branch_operator.py
[2026-01-10 09:30:04,251] {processor.py:623} INFO - DAG(s) dict_keys(['example_branch_operator']) retrieved from /home/airflow/.local/lib/python3.6/site-packages/airflow/example_dags/example_branch_operator.py
[2026-01-10 09:30:04,299] {logging_mixin.py:109} INFO - [2026-01-10 09:30:04,299] {dag.py:1833} INFO - Sync 1 DAGs
[2026-01-10 09:30:04,333] {logging_mixin.py:109} INFO - [2026-01-10 09:30:04,332] {dag.py:2306} INFO - Setting next_dagrun for example_branch_operator to 2026-01-08 00:00:00+00:00
[2026-01-10 09:30:04,351] {processor.py:170} INFO - Processing /home/airflow/.local/lib/python3.6/site-packages/airflow/example_dags/example_branch_operator.py took 0.138 seconds
[2026-01-10 09:30:35,060] {processor.py:162} INFO - Started process (PID=427) to work on /home/airflow/.local/lib/python3.6/site-packages/airflow/example_dags/example_branch_operator.py
[2026-01-10 09:30:35,066] {processor.py:613} INFO - Processing file /home/airflow/.local/lib/python3.6/site-packages/airflow/example_dags/example_branch_operator.py for tasks to queue
[2026-01-10 09:30:35,068] {logging_mixin.py:109} INFO - [2026-01-10 09:30:35,067] {dagbag.py:496} INFO - Filling up the DagBag from /home/airflow/.local/lib/python3.6/site-packages/airflow/example_dags/example_branch_operator.py
[2026-01-10 09:30:35,092] {processor.py:623} INFO - DAG(s) dict_keys(['example_branch_operator']) retrieved from /home/airflow/.local/lib/python3.6/site-packages/airflow/example_dags/example_branch_operator.py
[2026-01-10 09:30:35,131] {logging_mixin.py:109} INFO - [2026-01-10 09:30:35,131] {dag.py:1833} INFO - Sync 1 DAGs
[2026-01-10 09:30:35,164] {logging_mixin.py:109} INFO - [2026-01-10 09:30:35,164] {dag.py:2306} INFO - Setting next_dagrun for example_branch_operator to 2026-01-08 00:00:00+00:00
[2026-01-10 09:30:35,181] {processor.py:170} INFO - Processing /home/airflow/.local/lib/python3.6/site-packages/airflow/example_dags/example_branch_operator.py took 0.126 seconds
[2026-01-10 09:31:05,528] {processor.py:162} INFO - Started process (PID=486) to work on /home/airflow/.local/lib/python3.6/site-packages/airflow/example_dags/example_branch_operator.py
[2026-01-10 09:31:05,530] {processor.py:613} INFO - Processing file /home/airflow/.local/lib/python3.6/site-packages/airflow/example_dags/example_branch_operator.py for tasks to queue
[2026-01-10 09:31:05,531] {logging_mixin.py:109} INFO - [2026-01-10 09:31:05,531] {dagbag.py:496} INFO - Filling up the DagBag from /home/airflow/.local/lib/python3.6/site-packages/airflow/example_dags/example_branch_operator.py
[2026-01-10 09:31:05,563] {processor.py:623} INFO - DAG(s) dict_keys(['example_branch_operator']) retrieved from /home/airflow/.local/lib/python3.6/site-packages/airflow/example_dags/example_branch_operator.py
[2026-01-10 09:31:05,624] {logging_mixin.py:109} INFO - [2026-01-10 09:31:05,621] {dag.py:1833} INFO - Sync 1 DAGs
[2026-01-10 09:31:05,671] {logging_mixin.py:109} INFO - [2026-01-10 09:31:05,670] {dag.py:2306} INFO - Setting next_dagrun for example_branch_operator to 2026-01-08 00:00:00+00:00
[2026-01-10 09:31:05,690] {processor.py:170} INFO - Processing /home/airflow/.local/lib/python3.6/site-packages/airflow/example_dags/example_branch_operator.py took 0.169 seconds
[2026-01-10 09:31:36,007] {processor.py:162} INFO - Started process (PID=538) to work on /home/airflow/.local/lib/python3.6/site-packages/airflow/example_dags/example_branch_operator.py
[2026-01-10 09:31:36,009] {processor.py:613} INFO - Processing file /home/airflow/.local/lib/python3.6/site-packages/airflow/example_dags/example_branch_operator.py for tasks to queue
[2026-01-10 09:31:36,010] {logging_mixin.py:109} INFO - [2026-01-10 09:31:36,009] {dagbag.py:496} INFO - Filling up the DagBag from /home/airflow/.local/lib/python3.6/site-packages/airflow/example_dags/example_branch_operator.py
[2026-01-10 09:31:36,049] {processor.py:623} INFO - DAG(s) dict_keys(['example_branch_operator']) retrieved from /home/airflow/.local/lib/python3.6/site-packages/airflow/example_dags/example_branch_operator.py
[2026-01-10 09:31:36,090] {logging_mixin.py:109} INFO - [2026-01-10 09:31:36,089] {dag.py:1833} INFO - Sync 1 DAGs
[2026-01-10 09:31:36,136] {logging_mixin.py:109} INFO - [2026-01-10 09:31:36,136] {dag.py:2306} INFO - Setting next_dagrun for example_branch_operator to 2026-01-08 00:00:00+00:00
[2026-01-10 09:31:36,158] {processor.py:170} INFO - Processing /home/airflow/.local/lib/python3.6/site-packages/airflow/example_dags/example_branch_operator.py took 0.159 seconds
[2026-01-10 09:32:06,367] {processor.py:162} INFO - Started process (PID=589) to work on /home/airflow/.local/lib/python3.6/site-packages/airflow/example_dags/example_branch_operator.py
[2026-01-10 09:32:06,369] {processor.py:613} INFO - Processing file /home/airflow/.local/lib/python3.6/site-packages/airflow/example_dags/example_branch_operator.py for tasks to queue
[2026-01-10 09:32:06,369] {logging_mixin.py:109} INFO - [2026-01-10 09:32:06,369] {dagbag.py:496} INFO - Filling up the DagBag from /home/airflow/.local/lib/python3.6/site-packages/airflow/example_dags/example_branch_operator.py
[2026-01-10 09:32:06,402] {processor.py:623} INFO - DAG(s) dict_keys(['example_branch_operator']) retrieved from /home/airflow/.local/lib/python3.6/site-packages/airflow/example_dags/example_branch_operator.py
[2026-01-10 09:32:06,443] {logging_mixin.py:109} INFO - [2026-01-10 09:32:06,443] {dag.py:1833} INFO - Sync 1 DAGs
[2026-01-10 09:32:06,478] {logging_mixin.py:109} INFO - [2026-01-10 09:32:06,478] {dag.py:2306} INFO - Setting next_dagrun for example_branch_operator to 2026-01-08 00:00:00+00:00
[2026-01-10 09:32:06,495] {processor.py:170} INFO - Processing /home/airflow/.local/lib/python3.6/site-packages/airflow/example_dags/example_branch_operator.py took 0.131 seconds
[2026-01-10 09:32:36,578] {processor.py:162} INFO - Started process (PID=640) to work on /home/airflow/.local/lib/python3.6/site-packages/airflow/example_dags/example_branch_operator.py
[2026-01-10 09:32:36,581] {processor.py:613} INFO - Processing file /home/airflow/.local/lib/python3.6/site-packages/airflow/example_dags/example_branch_operator.py for tasks to queue
[2026-01-10 09:32:36,583] {logging_mixin.py:109} INFO - [2026-01-10 09:32:36,583] {dagbag.py:496} INFO - Filling up the DagBag from /home/airflow/.local/lib/python3.6/site-packages/airflow/example_dags/example_branch_operator.py
[2026-01-10 09:32:36,610] {processor.py:623} INFO - DAG(s) dict_keys(['example_branch_operator']) retrieved from /home/airflow/.local/lib/python3.6/site-packages/airflow/example_dags/example_branch_operator.py
[2026-01-10 09:32:36,646] {logging_mixin.py:109} INFO - [2026-01-10 09:32:36,646] {dag.py:1833} INFO - Sync 1 DAGs
[2026-01-10 09:32:36,686] {logging_mixin.py:109} INFO - [2026-01-10 09:32:36,686] {dag.py:2306} INFO - Setting next_dagrun for example_branch_operator to 2026-01-08 00:00:00+00:00
[2026-01-10 09:32:36,705] {processor.py:170} INFO - Processing /home/airflow/.local/lib/python3.6/site-packages/airflow/example_dags/example_branch_operator.py took 0.131 seconds
[2026-01-10 09:33:07,447] {processor.py:162} INFO - Started process (PID=691) to work on /home/airflow/.local/lib/python3.6/site-packages/airflow/example_dags/example_branch_operator.py
[2026-01-10 09:33:07,451] {processor.py:613} INFO - Processing file /home/airflow/.local/lib/python3.6/site-packages/airflow/example_dags/example_branch_operator.py for tasks to queue
[2026-01-10 09:33:07,452] {logging_mixin.py:109} INFO - [2026-01-10 09:33:07,452] {dagbag.py:496} INFO - Filling up the DagBag from /home/airflow/.local/lib/python3.6/site-packages/airflow/example_dags/example_branch_operator.py
[2026-01-10 09:33:07,495] {processor.py:623} INFO - DAG(s) dict_keys(['example_branch_operator']) retrieved from /home/airflow/.local/lib/python3.6/site-packages/airflow/example_dags/example_branch_operator.py
[2026-01-10 09:33:07,585] {logging_mixin.py:109} INFO - [2026-01-10 09:33:07,585] {dag.py:1833} INFO - Sync 1 DAGs
[2026-01-10 09:33:07,628] {logging_mixin.py:109} INFO - [2026-01-10 09:33:07,628] {dag.py:2306} INFO - Setting next_dagrun for example_branch_operator to 2026-01-08 00:00:00+00:00
[2026-01-10 09:33:07,649] {processor.py:170} INFO - Processing /home/airflow/.local/lib/python3.6/site-packages/airflow/example_dags/example_branch_operator.py took 0.220 seconds
[2026-01-10 09:33:38,432] {processor.py:162} INFO - Started process (PID=741) to work on /home/airflow/.local/lib/python3.6/site-packages/airflow/example_dags/example_branch_operator.py
[2026-01-10 09:33:38,434] {processor.py:613} INFO - Processing file /home/airflow/.local/lib/python3.6/site-packages/airflow/example_dags/example_branch_operator.py for tasks to queue
[2026-01-10 09:33:38,435] {logging_mixin.py:109} INFO - [2026-01-10 09:33:38,435] {dagbag.py:496} INFO - Filling up the DagBag from /home/airflow/.local/lib/python3.6/site-packages/airflow/example_dags/example_branch_operator.py
[2026-01-10 09:33:38,465] {processor.py:623} INFO - DAG(s) dict_keys(['example_branch_operator']) retrieved from /home/airflow/.local/lib/python3.6/site-packages/airflow/example_dags/example_branch_operator.py
[2026-01-10 09:33:38,518] {logging_mixin.py:109} INFO - [2026-01-10 09:33:38,518] {dag.py:1833} INFO - Sync 1 DAGs
[2026-01-10 09:33:38,547] {logging_mixin.py:109} INFO - [2026-01-10 09:33:38,547] {dag.py:2306} INFO - Setting next_dagrun for example_branch_operator to 2026-01-08 00:00:00+00:00
[2026-01-10 09:33:38,561] {processor.py:170} INFO - Processing /home/airflow/.local/lib/python3.6/site-packages/airflow/example_dags/example_branch_operator.py took 0.133 seconds
[2026-01-10 09:34:08,597] {processor.py:162} INFO - Started process (PID=792) to work on /home/airflow/.local/lib/python3.6/site-packages/airflow/example_dags/example_branch_operator.py
[2026-01-10 09:34:08,600] {processor.py:613} INFO - Processing file /home/airflow/.local/lib/python3.6/site-packages/airflow/example_dags/example_branch_operator.py for tasks to queue
[2026-01-10 09:34:08,601] {logging_mixin.py:109} INFO - [2026-01-10 09:34:08,601] {dagbag.py:496} INFO - Filling up the DagBag from /home/airflow/.local/lib/python3.6/site-packages/airflow/example_dags/example_branch_operator.py
[2026-01-10 09:34:08,628] {processor.py:623} INFO - DAG(s) dict_keys(['example_branch_operator']) retrieved from /home/airflow/.local/lib/python3.6/site-packages/airflow/example_dags/example_branch_operator.py
[2026-01-10 09:34:08,662] {logging_mixin.py:109} INFO - [2026-01-10 09:34:08,662] {dag.py:1833} INFO - Sync 1 DAGs
[2026-01-10 09:34:08,698] {logging_mixin.py:109} INFO - [2026-01-10 09:34:08,698] {dag.py:2306} INFO - Setting next_dagrun for example_branch_operator to 2026-01-08 00:00:00+00:00
[2026-01-10 09:34:08,708] {processor.py:170} INFO - Processing /home/airflow/.local/lib/python3.6/site-packages/airflow/example_dags/example_branch_operator.py took 0.115 seconds
[2026-01-10 09:34:39,379] {processor.py:162} INFO - Started process (PID=853) to work on /home/airflow/.local/lib/python3.6/site-packages/airflow/example_dags/example_branch_operator.py
[2026-01-10 09:34:39,385] {processor.py:613} INFO - Processing file /home/airflow/.local/lib/python3.6/site-packages/airflow/example_dags/example_branch_operator.py for tasks to queue
[2026-01-10 09:34:39,386] {logging_mixin.py:109} INFO - [2026-01-10 09:34:39,385] {dagbag.py:496} INFO - Filling up the DagBag from /home/airflow/.local/lib/python3.6/site-packages/airflow/example_dags/example_branch_operator.py
[2026-01-10 09:34:39,427] {processor.py:623} INFO - DAG(s) dict_keys(['example_branch_operator']) retrieved from /home/airflow/.local/lib/python3.6/site-packages/airflow/example_dags/example_branch_operator.py
[2026-01-10 09:34:39,476] {logging_mixin.py:109} INFO - [2026-01-10 09:34:39,476] {dag.py:1833} INFO - Sync 1 DAGs
[2026-01-10 09:34:39,508] {logging_mixin.py:109} INFO - [2026-01-10 09:34:39,508] {dag.py:2306} INFO - Setting next_dagrun for example_branch_operator to 2026-01-08 00:00:00+00:00
[2026-01-10 09:34:39,534] {processor.py:170} INFO - Processing /home/airflow/.local/lib/python3.6/site-packages/airflow/example_dags/example_branch_operator.py took 0.167 seconds
[2026-01-10 09:35:09,924] {processor.py:162} INFO - Started process (PID=904) to work on /home/airflow/.local/lib/python3.6/site-packages/airflow/example_dags/example_branch_operator.py
[2026-01-10 09:35:09,926] {processor.py:613} INFO - Processing file /home/airflow/.local/lib/python3.6/site-packages/airflow/example_dags/example_branch_operator.py for tasks to queue
[2026-01-10 09:35:09,927] {logging_mixin.py:109} INFO - [2026-01-10 09:35:09,926] {dagbag.py:496} INFO - Filling up the DagBag from /home/airflow/.local/lib/python3.6/site-packages/airflow/example_dags/example_branch_operator.py
[2026-01-10 09:35:09,952] {processor.py:623} INFO - DAG(s) dict_keys(['example_branch_operator']) retrieved from /home/airflow/.local/lib/python3.6/site-packages/airflow/example_dags/example_branch_operator.py
[2026-01-10 09:35:10,001] {logging_mixin.py:109} INFO - [2026-01-10 09:35:10,000] {dag.py:1833} INFO - Sync 1 DAGs
[2026-01-10 09:35:10,035] {logging_mixin.py:109} INFO - [2026-01-10 09:35:10,035] {dag.py:2306} INFO - Setting next_dagrun for example_branch_operator to 2026-01-08 00:00:00+00:00
[2026-01-10 09:35:10,048] {processor.py:170} INFO - Processing /home/airflow/.local/lib/python3.6/site-packages/airflow/example_dags/example_branch_operator.py took 0.128 seconds
[2026-01-10 09:35:40,380] {processor.py:162} INFO - Started process (PID=955) to work on /home/airflow/.local/lib/python3.6/site-packages/airflow/example_dags/example_branch_operator.py
[2026-01-10 09:35:40,381] {processor.py:613} INFO - Processing file /home/airflow/.local/lib/python3.6/site-packages/airflow/example_dags/example_branch_operator.py for tasks to queue
[2026-01-10 09:35:40,382] {logging_mixin.py:109} INFO - [2026-01-10 09:35:40,382] {dagbag.py:496} INFO - Filling up the DagBag from /home/airflow/.local/lib/python3.6/site-packages/airflow/example_dags/example_branch_operator.py
[2026-01-10 09:35:40,416] {processor.py:623} INFO - DAG(s) dict_keys(['example_branch_operator']) retrieved from /home/airflow/.local/lib/python3.6/site-packages/airflow/example_dags/example_branch_operator.py
[2026-01-10 09:35:40,460] {logging_mixin.py:109} INFO - [2026-01-10 09:35:40,460] {dag.py:1833} INFO - Sync 1 DAGs
[2026-01-10 09:35:40,490] {logging_mixin.py:109} INFO - [2026-01-10 09:35:40,490] {dag.py:2306} INFO - Setting next_dagrun for example_branch_operator to 2026-01-08 00:00:00+00:00
[2026-01-10 09:35:40,509] {processor.py:170} INFO - Processing /home/airflow/.local/lib/python3.6/site-packages/airflow/example_dags/example_branch_operator.py took 0.135 seconds
[2026-01-10 09:36:10,853] {processor.py:162} INFO - Started process (PID=1006) to work on /home/airflow/.local/lib/python3.6/site-packages/airflow/example_dags/example_branch_operator.py
[2026-01-10 09:36:10,859] {processor.py:613} INFO - Processing file /home/airflow/.local/lib/python3.6/site-packages/airflow/example_dags/example_branch_operator.py for tasks to queue
[2026-01-10 09:36:10,860] {logging_mixin.py:109} INFO - [2026-01-10 09:36:10,860] {dagbag.py:496} INFO - Filling up the DagBag from /home/airflow/.local/lib/python3.6/site-packages/airflow/example_dags/example_branch_operator.py
[2026-01-10 09:36:10,947] {processor.py:623} INFO - DAG(s) dict_keys(['example_branch_operator']) retrieved from /home/airflow/.local/lib/python3.6/site-packages/airflow/example_dags/example_branch_operator.py
[2026-01-10 09:36:11,110] {logging_mixin.py:109} INFO - [2026-01-10 09:36:11,109] {dag.py:1833} INFO - Sync 1 DAGs
[2026-01-10 09:36:11,234] {logging_mixin.py:109} INFO - [2026-01-10 09:36:11,233] {dag.py:2306} INFO - Setting next_dagrun for example_branch_operator to 2026-01-08 00:00:00+00:00
[2026-01-10 09:36:11,372] {processor.py:170} INFO - Processing /home/airflow/.local/lib/python3.6/site-packages/airflow/example_dags/example_branch_operator.py took 0.524 seconds
[2026-01-10 09:36:41,791] {processor.py:162} INFO - Started process (PID=1053) to work on /home/airflow/.local/lib/python3.6/site-packages/airflow/example_dags/example_branch_operator.py
[2026-01-10 09:36:41,799] {processor.py:613} INFO - Processing file /home/airflow/.local/lib/python3.6/site-packages/airflow/example_dags/example_branch_operator.py for tasks to queue
[2026-01-10 09:36:41,808] {logging_mixin.py:109} INFO - [2026-01-10 09:36:41,808] {dagbag.py:496} INFO - Filling up the DagBag from /home/airflow/.local/lib/python3.6/site-packages/airflow/example_dags/example_branch_operator.py
[2026-01-10 09:36:41,972] {processor.py:623} INFO - DAG(s) dict_keys(['example_branch_operator']) retrieved from /home/airflow/.local/lib/python3.6/site-packages/airflow/example_dags/example_branch_operator.py
[2026-01-10 09:36:42,119] {logging_mixin.py:109} INFO - [2026-01-10 09:36:42,118] {dag.py:1833} INFO - Sync 1 DAGs
[2026-01-10 09:36:42,224] {logging_mixin.py:109} INFO - [2026-01-10 09:36:42,224] {dag.py:2306} INFO - Setting next_dagrun for example_branch_operator to 2026-01-08 00:00:00+00:00
[2026-01-10 09:36:42,304] {processor.py:170} INFO - Processing /home/airflow/.local/lib/python3.6/site-packages/airflow/example_dags/example_branch_operator.py took 0.560 seconds
[2026-01-10 09:37:12,630] {processor.py:162} INFO - Started process (PID=1097) to work on /home/airflow/.local/lib/python3.6/site-packages/airflow/example_dags/example_branch_operator.py
[2026-01-10 09:37:12,638] {processor.py:613} INFO - Processing file /home/airflow/.local/lib/python3.6/site-packages/airflow/example_dags/example_branch_operator.py for tasks to queue
[2026-01-10 09:37:12,650] {logging_mixin.py:109} INFO - [2026-01-10 09:37:12,639] {dagbag.py:496} INFO - Filling up the DagBag from /home/airflow/.local/lib/python3.6/site-packages/airflow/example_dags/example_branch_operator.py
[2026-01-10 09:37:12,722] {processor.py:623} INFO - DAG(s) dict_keys(['example_branch_operator']) retrieved from /home/airflow/.local/lib/python3.6/site-packages/airflow/example_dags/example_branch_operator.py
[2026-01-10 09:37:12,882] {logging_mixin.py:109} INFO - [2026-01-10 09:37:12,882] {dag.py:1833} INFO - Sync 1 DAGs
[2026-01-10 09:37:12,979] {logging_mixin.py:109} INFO - [2026-01-10 09:37:12,978] {dag.py:2306} INFO - Setting next_dagrun for example_branch_operator to 2026-01-08 00:00:00+00:00
[2026-01-10 09:37:13,051] {processor.py:170} INFO - Processing /home/airflow/.local/lib/python3.6/site-packages/airflow/example_dags/example_branch_operator.py took 0.443 seconds
[2026-01-10 09:37:43,117] {processor.py:162} INFO - Started process (PID=1146) to work on /home/airflow/.local/lib/python3.6/site-packages/airflow/example_dags/example_branch_operator.py
[2026-01-10 09:37:43,118] {processor.py:613} INFO - Processing file /home/airflow/.local/lib/python3.6/site-packages/airflow/example_dags/example_branch_operator.py for tasks to queue
[2026-01-10 09:37:43,119] {logging_mixin.py:109} INFO - [2026-01-10 09:37:43,119] {dagbag.py:496} INFO - Filling up the DagBag from /home/airflow/.local/lib/python3.6/site-packages/airflow/example_dags/example_branch_operator.py
[2026-01-10 09:37:43,185] {processor.py:623} INFO - DAG(s) dict_keys(['example_branch_operator']) retrieved from /home/airflow/.local/lib/python3.6/site-packages/airflow/example_dags/example_branch_operator.py
[2026-01-10 09:37:43,226] {logging_mixin.py:109} INFO - [2026-01-10 09:37:43,226] {dag.py:1833} INFO - Sync 1 DAGs
[2026-01-10 09:37:43,273] {logging_mixin.py:109} INFO - [2026-01-10 09:37:43,273] {dag.py:2306} INFO - Setting next_dagrun for example_branch_operator to 2026-01-08 00:00:00+00:00
[2026-01-10 09:37:43,317] {processor.py:170} INFO - Processing /home/airflow/.local/lib/python3.6/site-packages/airflow/example_dags/example_branch_operator.py took 0.211 seconds
[2026-01-10 09:38:13,658] {processor.py:162} INFO - Started process (PID=1198) to work on /home/airflow/.local/lib/python3.6/site-packages/airflow/example_dags/example_branch_operator.py
[2026-01-10 09:38:13,661] {processor.py:613} INFO - Processing file /home/airflow/.local/lib/python3.6/site-packages/airflow/example_dags/example_branch_operator.py for tasks to queue
[2026-01-10 09:38:13,663] {logging_mixin.py:109} INFO - [2026-01-10 09:38:13,662] {dagbag.py:496} INFO - Filling up the DagBag from /home/airflow/.local/lib/python3.6/site-packages/airflow/example_dags/example_branch_operator.py
[2026-01-10 09:38:13,696] {processor.py:623} INFO - DAG(s) dict_keys(['example_branch_operator']) retrieved from /home/airflow/.local/lib/python3.6/site-packages/airflow/example_dags/example_branch_operator.py
[2026-01-10 09:38:13,733] {logging_mixin.py:109} INFO - [2026-01-10 09:38:13,733] {dag.py:1833} INFO - Sync 1 DAGs
[2026-01-10 09:38:13,770] {logging_mixin.py:109} INFO - [2026-01-10 09:38:13,770] {dag.py:2306} INFO - Setting next_dagrun for example_branch_operator to 2026-01-08 00:00:00+00:00
[2026-01-10 09:38:13,801] {processor.py:170} INFO - Processing /home/airflow/.local/lib/python3.6/site-packages/airflow/example_dags/example_branch_operator.py took 0.151 seconds
[2026-01-10 09:38:44,033] {processor.py:162} INFO - Started process (PID=1248) to work on /home/airflow/.local/lib/python3.6/site-packages/airflow/example_dags/example_branch_operator.py
[2026-01-10 09:38:44,035] {processor.py:613} INFO - Processing file /home/airflow/.local/lib/python3.6/site-packages/airflow/example_dags/example_branch_operator.py for tasks to queue
[2026-01-10 09:38:44,036] {logging_mixin.py:109} INFO - [2026-01-10 09:38:44,036] {dagbag.py:496} INFO - Filling up the DagBag from /home/airflow/.local/lib/python3.6/site-packages/airflow/example_dags/example_branch_operator.py
[2026-01-10 09:38:44,062] {processor.py:623} INFO - DAG(s) dict_keys(['example_branch_operator']) retrieved from /home/airflow/.local/lib/python3.6/site-packages/airflow/example_dags/example_branch_operator.py
[2026-01-10 09:38:44,091] {logging_mixin.py:109} INFO - [2026-01-10 09:38:44,091] {dag.py:1833} INFO - Sync 1 DAGs
[2026-01-10 09:38:44,120] {logging_mixin.py:109} INFO - [2026-01-10 09:38:44,119] {dag.py:2306} INFO - Setting next_dagrun for example_branch_operator to 2026-01-08 00:00:00+00:00
[2026-01-10 09:38:44,137] {processor.py:170} INFO - Processing /home/airflow/.local/lib/python3.6/site-packages/airflow/example_dags/example_branch_operator.py took 0.109 seconds
[2026-01-10 09:39:14,200] {processor.py:162} INFO - Started process (PID=1298) to work on /home/airflow/.local/lib/python3.6/site-packages/airflow/example_dags/example_branch_operator.py
[2026-01-10 09:39:14,201] {processor.py:613} INFO - Processing file /home/airflow/.local/lib/python3.6/site-packages/airflow/example_dags/example_branch_operator.py for tasks to queue
[2026-01-10 09:39:14,203] {logging_mixin.py:109} INFO - [2026-01-10 09:39:14,202] {dagbag.py:496} INFO - Filling up the DagBag from /home/airflow/.local/lib/python3.6/site-packages/airflow/example_dags/example_branch_operator.py
[2026-01-10 09:39:14,234] {processor.py:623} INFO - DAG(s) dict_keys(['example_branch_operator']) retrieved from /home/airflow/.local/lib/python3.6/site-packages/airflow/example_dags/example_branch_operator.py
[2026-01-10 09:39:14,273] {logging_mixin.py:109} INFO - [2026-01-10 09:39:14,272] {dag.py:1833} INFO - Sync 1 DAGs
[2026-01-10 09:39:14,317] {logging_mixin.py:109} INFO - [2026-01-10 09:39:14,317] {dag.py:2306} INFO - Setting next_dagrun for example_branch_operator to 2026-01-08 00:00:00+00:00
[2026-01-10 09:39:14,335] {processor.py:170} INFO - Processing /home/airflow/.local/lib/python3.6/site-packages/airflow/example_dags/example_branch_operator.py took 0.140 seconds
[2026-01-10 09:39:45,248] {processor.py:162} INFO - Started process (PID=1355) to work on /home/airflow/.local/lib/python3.6/site-packages/airflow/example_dags/example_branch_operator.py
[2026-01-10 09:39:45,249] {processor.py:613} INFO - Processing file /home/airflow/.local/lib/python3.6/site-packages/airflow/example_dags/example_branch_operator.py for tasks to queue
[2026-01-10 09:39:45,259] {logging_mixin.py:109} INFO - [2026-01-10 09:39:45,259] {dagbag.py:496} INFO - Filling up the DagBag from /home/airflow/.local/lib/python3.6/site-packages/airflow/example_dags/example_branch_operator.py
[2026-01-10 09:39:45,308] {processor.py:623} INFO - DAG(s) dict_keys(['example_branch_operator']) retrieved from /home/airflow/.local/lib/python3.6/site-packages/airflow/example_dags/example_branch_operator.py
[2026-01-10 09:39:45,402] {logging_mixin.py:109} INFO - [2026-01-10 09:39:45,402] {dag.py:1833} INFO - Sync 1 DAGs
[2026-01-10 09:39:45,463] {logging_mixin.py:109} INFO - [2026-01-10 09:39:45,463] {dag.py:2306} INFO - Setting next_dagrun for example_branch_operator to 2026-01-08 00:00:00+00:00
[2026-01-10 09:39:45,502] {processor.py:170} INFO - Processing /home/airflow/.local/lib/python3.6/site-packages/airflow/example_dags/example_branch_operator.py took 0.258 seconds
[2026-01-10 09:40:15,641] {processor.py:162} INFO - Started process (PID=1408) to work on /home/airflow/.local/lib/python3.6/site-packages/airflow/example_dags/example_branch_operator.py
[2026-01-10 09:40:15,642] {processor.py:613} INFO - Processing file /home/airflow/.local/lib/python3.6/site-packages/airflow/example_dags/example_branch_operator.py for tasks to queue
[2026-01-10 09:40:15,643] {logging_mixin.py:109} INFO - [2026-01-10 09:40:15,643] {dagbag.py:496} INFO - Filling up the DagBag from /home/airflow/.local/lib/python3.6/site-packages/airflow/example_dags/example_branch_operator.py
[2026-01-10 09:40:15,669] {processor.py:623} INFO - DAG(s) dict_keys(['example_branch_operator']) retrieved from /home/airflow/.local/lib/python3.6/site-packages/airflow/example_dags/example_branch_operator.py
[2026-01-10 09:40:15,701] {logging_mixin.py:109} INFO - [2026-01-10 09:40:15,701] {dag.py:1833} INFO - Sync 1 DAGs
[2026-01-10 09:40:15,731] {logging_mixin.py:109} INFO - [2026-01-10 09:40:15,731] {dag.py:2306} INFO - Setting next_dagrun for example_branch_operator to 2026-01-08 00:00:00+00:00
[2026-01-10 09:40:15,743] {processor.py:170} INFO - Processing /home/airflow/.local/lib/python3.6/site-packages/airflow/example_dags/example_branch_operator.py took 0.107 seconds
[2026-01-10 09:40:46,632] {processor.py:162} INFO - Started process (PID=1459) to work on /home/airflow/.local/lib/python3.6/site-packages/airflow/example_dags/example_branch_operator.py
[2026-01-10 09:40:46,636] {processor.py:613} INFO - Processing file /home/airflow/.local/lib/python3.6/site-packages/airflow/example_dags/example_branch_operator.py for tasks to queue
[2026-01-10 09:40:46,643] {logging_mixin.py:109} INFO - [2026-01-10 09:40:46,642] {dagbag.py:496} INFO - Filling up the DagBag from /home/airflow/.local/lib/python3.6/site-packages/airflow/example_dags/example_branch_operator.py
[2026-01-10 09:40:46,729] {processor.py:623} INFO - DAG(s) dict_keys(['example_branch_operator']) retrieved from /home/airflow/.local/lib/python3.6/site-packages/airflow/example_dags/example_branch_operator.py
[2026-01-10 09:40:46,848] {logging_mixin.py:109} INFO - [2026-01-10 09:40:46,848] {dag.py:1833} INFO - Sync 1 DAGs
[2026-01-10 09:40:46,890] {logging_mixin.py:109} INFO - [2026-01-10 09:40:46,890] {dag.py:2306} INFO - Setting next_dagrun for example_branch_operator to 2026-01-08 00:00:00+00:00
[2026-01-10 09:40:46,916] {processor.py:170} INFO - Processing /home/airflow/.local/lib/python3.6/site-packages/airflow/example_dags/example_branch_operator.py took 0.306 seconds
[2026-01-10 09:41:17,336] {processor.py:162} INFO - Started process (PID=1510) to work on /home/airflow/.local/lib/python3.6/site-packages/airflow/example_dags/example_branch_operator.py
[2026-01-10 09:41:17,340] {processor.py:613} INFO - Processing file /home/airflow/.local/lib/python3.6/site-packages/airflow/example_dags/example_branch_operator.py for tasks to queue
[2026-01-10 09:41:17,342] {logging_mixin.py:109} INFO - [2026-01-10 09:41:17,341] {dagbag.py:496} INFO - Filling up the DagBag from /home/airflow/.local/lib/python3.6/site-packages/airflow/example_dags/example_branch_operator.py
[2026-01-10 09:41:17,375] {processor.py:623} INFO - DAG(s) dict_keys(['example_branch_operator']) retrieved from /home/airflow/.local/lib/python3.6/site-packages/airflow/example_dags/example_branch_operator.py
[2026-01-10 09:41:17,420] {logging_mixin.py:109} INFO - [2026-01-10 09:41:17,420] {dag.py:1833} INFO - Sync 1 DAGs
[2026-01-10 09:41:17,460] {logging_mixin.py:109} INFO - [2026-01-10 09:41:17,460] {dag.py:2306} INFO - Setting next_dagrun for example_branch_operator to 2026-01-08 00:00:00+00:00
[2026-01-10 09:41:17,476] {processor.py:170} INFO - Processing /home/airflow/.local/lib/python3.6/site-packages/airflow/example_dags/example_branch_operator.py took 0.149 seconds
[2026-01-10 09:41:47,636] {processor.py:162} INFO - Started process (PID=1560) to work on /home/airflow/.local/lib/python3.6/site-packages/airflow/example_dags/example_branch_operator.py
[2026-01-10 09:41:47,637] {processor.py:613} INFO - Processing file /home/airflow/.local/lib/python3.6/site-packages/airflow/example_dags/example_branch_operator.py for tasks to queue
[2026-01-10 09:41:47,638] {logging_mixin.py:109} INFO - [2026-01-10 09:41:47,638] {dagbag.py:496} INFO - Filling up the DagBag from /home/airflow/.local/lib/python3.6/site-packages/airflow/example_dags/example_branch_operator.py
[2026-01-10 09:41:47,666] {processor.py:623} INFO - DAG(s) dict_keys(['example_branch_operator']) retrieved from /home/airflow/.local/lib/python3.6/site-packages/airflow/example_dags/example_branch_operator.py
[2026-01-10 09:41:47,701] {logging_mixin.py:109} INFO - [2026-01-10 09:41:47,701] {dag.py:1833} INFO - Sync 1 DAGs
[2026-01-10 09:41:47,728] {logging_mixin.py:109} INFO - [2026-01-10 09:41:47,728] {dag.py:2306} INFO - Setting next_dagrun for example_branch_operator to 2026-01-08 00:00:00+00:00
[2026-01-10 09:41:47,741] {processor.py:170} INFO - Processing /home/airflow/.local/lib/python3.6/site-packages/airflow/example_dags/example_branch_operator.py took 0.110 seconds
[2026-01-10 09:42:17,950] {processor.py:162} INFO - Started process (PID=1611) to work on /home/airflow/.local/lib/python3.6/site-packages/airflow/example_dags/example_branch_operator.py
[2026-01-10 09:42:17,952] {processor.py:613} INFO - Processing file /home/airflow/.local/lib/python3.6/site-packages/airflow/example_dags/example_branch_operator.py for tasks to queue
[2026-01-10 09:42:17,953] {logging_mixin.py:109} INFO - [2026-01-10 09:42:17,953] {dagbag.py:496} INFO - Filling up the DagBag from /home/airflow/.local/lib/python3.6/site-packages/airflow/example_dags/example_branch_operator.py
[2026-01-10 09:42:17,991] {processor.py:623} INFO - DAG(s) dict_keys(['example_branch_operator']) retrieved from /home/airflow/.local/lib/python3.6/site-packages/airflow/example_dags/example_branch_operator.py
[2026-01-10 09:42:18,026] {logging_mixin.py:109} INFO - [2026-01-10 09:42:18,026] {dag.py:1833} INFO - Sync 1 DAGs
[2026-01-10 09:42:18,055] {logging_mixin.py:109} INFO - [2026-01-10 09:42:18,055] {dag.py:2306} INFO - Setting next_dagrun for example_branch_operator to 2026-01-08 00:00:00+00:00
[2026-01-10 09:42:18,068] {processor.py:170} INFO - Processing /home/airflow/.local/lib/python3.6/site-packages/airflow/example_dags/example_branch_operator.py took 0.131 seconds
[2026-01-10 09:42:48,448] {processor.py:162} INFO - Started process (PID=1662) to work on /home/airflow/.local/lib/python3.6/site-packages/airflow/example_dags/example_branch_operator.py
[2026-01-10 09:42:48,449] {processor.py:613} INFO - Processing file /home/airflow/.local/lib/python3.6/site-packages/airflow/example_dags/example_branch_operator.py for tasks to queue
[2026-01-10 09:42:48,450] {logging_mixin.py:109} INFO - [2026-01-10 09:42:48,450] {dagbag.py:496} INFO - Filling up the DagBag from /home/airflow/.local/lib/python3.6/site-packages/airflow/example_dags/example_branch_operator.py
[2026-01-10 09:42:48,475] {processor.py:623} INFO - DAG(s) dict_keys(['example_branch_operator']) retrieved from /home/airflow/.local/lib/python3.6/site-packages/airflow/example_dags/example_branch_operator.py
[2026-01-10 09:42:48,506] {logging_mixin.py:109} INFO - [2026-01-10 09:42:48,506] {dag.py:1833} INFO - Sync 1 DAGs
[2026-01-10 09:42:48,535] {logging_mixin.py:109} INFO - [2026-01-10 09:42:48,535] {dag.py:2306} INFO - Setting next_dagrun for example_branch_operator to 2026-01-08 00:00:00+00:00
[2026-01-10 09:42:48,554] {processor.py:170} INFO - Processing /home/airflow/.local/lib/python3.6/site-packages/airflow/example_dags/example_branch_operator.py took 0.111 seconds
[2026-01-10 09:43:19,139] {processor.py:162} INFO - Started process (PID=1723) to work on /home/airflow/.local/lib/python3.6/site-packages/airflow/example_dags/example_branch_operator.py
[2026-01-10 09:43:19,142] {processor.py:613} INFO - Processing file /home/airflow/.local/lib/python3.6/site-packages/airflow/example_dags/example_branch_operator.py for tasks to queue
[2026-01-10 09:43:19,144] {logging_mixin.py:109} INFO - [2026-01-10 09:43:19,143] {dagbag.py:496} INFO - Filling up the DagBag from /home/airflow/.local/lib/python3.6/site-packages/airflow/example_dags/example_branch_operator.py
[2026-01-10 09:43:19,191] {processor.py:623} INFO - DAG(s) dict_keys(['example_branch_operator']) retrieved from /home/airflow/.local/lib/python3.6/site-packages/airflow/example_dags/example_branch_operator.py
[2026-01-10 09:43:19,222] {logging_mixin.py:109} INFO - [2026-01-10 09:43:19,222] {dag.py:1833} INFO - Sync 1 DAGs
[2026-01-10 09:43:19,250] {logging_mixin.py:109} INFO - [2026-01-10 09:43:19,250] {dag.py:2306} INFO - Setting next_dagrun for example_branch_operator to 2026-01-08 00:00:00+00:00
[2026-01-10 09:43:19,264] {processor.py:170} INFO - Processing /home/airflow/.local/lib/python3.6/site-packages/airflow/example_dags/example_branch_operator.py took 0.131 seconds
[2026-01-10 09:43:49,557] {processor.py:162} INFO - Started process (PID=1774) to work on /home/airflow/.local/lib/python3.6/site-packages/airflow/example_dags/example_branch_operator.py
[2026-01-10 09:43:49,559] {processor.py:613} INFO - Processing file /home/airflow/.local/lib/python3.6/site-packages/airflow/example_dags/example_branch_operator.py for tasks to queue
[2026-01-10 09:43:49,561] {logging_mixin.py:109} INFO - [2026-01-10 09:43:49,560] {dagbag.py:496} INFO - Filling up the DagBag from /home/airflow/.local/lib/python3.6/site-packages/airflow/example_dags/example_branch_operator.py
[2026-01-10 09:43:49,586] {processor.py:623} INFO - DAG(s) dict_keys(['example_branch_operator']) retrieved from /home/airflow/.local/lib/python3.6/site-packages/airflow/example_dags/example_branch_operator.py
[2026-01-10 09:43:49,614] {logging_mixin.py:109} INFO - [2026-01-10 09:43:49,614] {dag.py:1833} INFO - Sync 1 DAGs
[2026-01-10 09:43:49,634] {logging_mixin.py:109} INFO - [2026-01-10 09:43:49,634] {dag.py:2306} INFO - Setting next_dagrun for example_branch_operator to 2026-01-08 00:00:00+00:00
[2026-01-10 09:43:49,646] {processor.py:170} INFO - Processing /home/airflow/.local/lib/python3.6/site-packages/airflow/example_dags/example_branch_operator.py took 0.093 seconds
[2026-01-10 09:44:21,128] {processor.py:162} INFO - Started process (PID=1825) to work on /home/airflow/.local/lib/python3.6/site-packages/airflow/example_dags/example_branch_operator.py
[2026-01-10 09:44:21,131] {processor.py:613} INFO - Processing file /home/airflow/.local/lib/python3.6/site-packages/airflow/example_dags/example_branch_operator.py for tasks to queue
[2026-01-10 09:44:21,137] {logging_mixin.py:109} INFO - [2026-01-10 09:44:21,137] {dagbag.py:496} INFO - Filling up the DagBag from /home/airflow/.local/lib/python3.6/site-packages/airflow/example_dags/example_branch_operator.py
[2026-01-10 09:44:21,209] {processor.py:623} INFO - DAG(s) dict_keys(['example_branch_operator']) retrieved from /home/airflow/.local/lib/python3.6/site-packages/airflow/example_dags/example_branch_operator.py
[2026-01-10 09:44:21,382] {logging_mixin.py:109} INFO - [2026-01-10 09:44:21,382] {dag.py:1833} INFO - Sync 1 DAGs
[2026-01-10 09:44:21,453] {logging_mixin.py:109} INFO - [2026-01-10 09:44:21,453] {dag.py:2306} INFO - Setting next_dagrun for example_branch_operator to 2026-01-08 00:00:00+00:00
[2026-01-10 09:44:21,505] {processor.py:170} INFO - Processing /home/airflow/.local/lib/python3.6/site-packages/airflow/example_dags/example_branch_operator.py took 0.385 seconds
[2026-01-10 09:44:51,840] {processor.py:162} INFO - Started process (PID=1876) to work on /home/airflow/.local/lib/python3.6/site-packages/airflow/example_dags/example_branch_operator.py
[2026-01-10 09:44:51,843] {processor.py:613} INFO - Processing file /home/airflow/.local/lib/python3.6/site-packages/airflow/example_dags/example_branch_operator.py for tasks to queue
[2026-01-10 09:44:51,844] {logging_mixin.py:109} INFO - [2026-01-10 09:44:51,844] {dagbag.py:496} INFO - Filling up the DagBag from /home/airflow/.local/lib/python3.6/site-packages/airflow/example_dags/example_branch_operator.py
[2026-01-10 09:44:51,870] {processor.py:623} INFO - DAG(s) dict_keys(['example_branch_operator']) retrieved from /home/airflow/.local/lib/python3.6/site-packages/airflow/example_dags/example_branch_operator.py
[2026-01-10 09:44:51,902] {logging_mixin.py:109} INFO - [2026-01-10 09:44:51,902] {dag.py:1833} INFO - Sync 1 DAGs
[2026-01-10 09:44:51,933] {logging_mixin.py:109} INFO - [2026-01-10 09:44:51,933] {dag.py:2306} INFO - Setting next_dagrun for example_branch_operator to 2026-01-08 00:00:00+00:00
[2026-01-10 09:44:51,947] {processor.py:170} INFO - Processing /home/airflow/.local/lib/python3.6/site-packages/airflow/example_dags/example_branch_operator.py took 0.111 seconds
[2026-01-10 09:45:22,014] {processor.py:162} INFO - Started process (PID=1927) to work on /home/airflow/.local/lib/python3.6/site-packages/airflow/example_dags/example_branch_operator.py
[2026-01-10 09:45:22,016] {processor.py:613} INFO - Processing file /home/airflow/.local/lib/python3.6/site-packages/airflow/example_dags/example_branch_operator.py for tasks to queue
[2026-01-10 09:45:22,017] {logging_mixin.py:109} INFO - [2026-01-10 09:45:22,016] {dagbag.py:496} INFO - Filling up the DagBag from /home/airflow/.local/lib/python3.6/site-packages/airflow/example_dags/example_branch_operator.py
[2026-01-10 09:45:22,041] {processor.py:623} INFO - DAG(s) dict_keys(['example_branch_operator']) retrieved from /home/airflow/.local/lib/python3.6/site-packages/airflow/example_dags/example_branch_operator.py
[2026-01-10 09:45:22,067] {logging_mixin.py:109} INFO - [2026-01-10 09:45:22,066] {dag.py:1833} INFO - Sync 1 DAGs
[2026-01-10 09:45:22,101] {logging_mixin.py:109} INFO - [2026-01-10 09:45:22,101] {dag.py:2306} INFO - Setting next_dagrun for example_branch_operator to 2026-01-08 00:00:00+00:00
[2026-01-10 09:45:22,119] {processor.py:170} INFO - Processing /home/airflow/.local/lib/python3.6/site-packages/airflow/example_dags/example_branch_operator.py took 0.110 seconds
[2026-01-10 09:45:52,291] {processor.py:162} INFO - Started process (PID=1977) to work on /home/airflow/.local/lib/python3.6/site-packages/airflow/example_dags/example_branch_operator.py
[2026-01-10 09:45:52,296] {processor.py:613} INFO - Processing file /home/airflow/.local/lib/python3.6/site-packages/airflow/example_dags/example_branch_operator.py for tasks to queue
[2026-01-10 09:45:52,297] {logging_mixin.py:109} INFO - [2026-01-10 09:45:52,297] {dagbag.py:496} INFO - Filling up the DagBag from /home/airflow/.local/lib/python3.6/site-packages/airflow/example_dags/example_branch_operator.py
[2026-01-10 09:45:52,324] {processor.py:623} INFO - DAG(s) dict_keys(['example_branch_operator']) retrieved from /home/airflow/.local/lib/python3.6/site-packages/airflow/example_dags/example_branch_operator.py
[2026-01-10 09:45:52,370] {logging_mixin.py:109} INFO - [2026-01-10 09:45:52,370] {dag.py:1833} INFO - Sync 1 DAGs
[2026-01-10 09:45:52,403] {logging_mixin.py:109} INFO - [2026-01-10 09:45:52,403] {dag.py:2306} INFO - Setting next_dagrun for example_branch_operator to 2026-01-08 00:00:00+00:00
[2026-01-10 09:45:52,420] {processor.py:170} INFO - Processing /home/airflow/.local/lib/python3.6/site-packages/airflow/example_dags/example_branch_operator.py took 0.145 seconds
[2026-01-10 09:46:22,655] {processor.py:162} INFO - Started process (PID=2028) to work on /home/airflow/.local/lib/python3.6/site-packages/airflow/example_dags/example_branch_operator.py
[2026-01-10 09:46:22,656] {processor.py:613} INFO - Processing file /home/airflow/.local/lib/python3.6/site-packages/airflow/example_dags/example_branch_operator.py for tasks to queue
[2026-01-10 09:46:22,657] {logging_mixin.py:109} INFO - [2026-01-10 09:46:22,657] {dagbag.py:496} INFO - Filling up the DagBag from /home/airflow/.local/lib/python3.6/site-packages/airflow/example_dags/example_branch_operator.py
[2026-01-10 09:46:22,684] {processor.py:623} INFO - DAG(s) dict_keys(['example_branch_operator']) retrieved from /home/airflow/.local/lib/python3.6/site-packages/airflow/example_dags/example_branch_operator.py
[2026-01-10 09:46:22,717] {logging_mixin.py:109} INFO - [2026-01-10 09:46:22,717] {dag.py:1833} INFO - Sync 1 DAGs
[2026-01-10 09:46:22,746] {logging_mixin.py:109} INFO - [2026-01-10 09:46:22,746] {dag.py:2306} INFO - Setting next_dagrun for example_branch_operator to 2026-01-08 00:00:00+00:00
[2026-01-10 09:46:22,761] {processor.py:170} INFO - Processing /home/airflow/.local/lib/python3.6/site-packages/airflow/example_dags/example_branch_operator.py took 0.112 seconds
[2026-01-10 09:46:53,217] {processor.py:162} INFO - Started process (PID=2078) to work on /home/airflow/.local/lib/python3.6/site-packages/airflow/example_dags/example_branch_operator.py
[2026-01-10 09:46:53,218] {processor.py:613} INFO - Processing file /home/airflow/.local/lib/python3.6/site-packages/airflow/example_dags/example_branch_operator.py for tasks to queue
[2026-01-10 09:46:53,220] {logging_mixin.py:109} INFO - [2026-01-10 09:46:53,219] {dagbag.py:496} INFO - Filling up the DagBag from /home/airflow/.local/lib/python3.6/site-packages/airflow/example_dags/example_branch_operator.py
[2026-01-10 09:46:53,245] {processor.py:623} INFO - DAG(s) dict_keys(['example_branch_operator']) retrieved from /home/airflow/.local/lib/python3.6/site-packages/airflow/example_dags/example_branch_operator.py
[2026-01-10 09:46:53,279] {logging_mixin.py:109} INFO - [2026-01-10 09:46:53,279] {dag.py:1833} INFO - Sync 1 DAGs
[2026-01-10 09:46:53,313] {logging_mixin.py:109} INFO - [2026-01-10 09:46:53,313] {dag.py:2306} INFO - Setting next_dagrun for example_branch_operator to 2026-01-08 00:00:00+00:00
[2026-01-10 09:46:53,328] {processor.py:170} INFO - Processing /home/airflow/.local/lib/python3.6/site-packages/airflow/example_dags/example_branch_operator.py took 0.115 seconds
[2026-01-10 09:47:31,311] {processor.py:162} INFO - Started process (PID=2126) to work on /home/airflow/.local/lib/python3.6/site-packages/airflow/example_dags/example_branch_operator.py
[2026-01-10 09:47:31,314] {processor.py:613} INFO - Processing file /home/airflow/.local/lib/python3.6/site-packages/airflow/example_dags/example_branch_operator.py for tasks to queue
[2026-01-10 09:47:31,315] {logging_mixin.py:109} INFO - [2026-01-10 09:47:31,315] {dagbag.py:496} INFO - Filling up the DagBag from /home/airflow/.local/lib/python3.6/site-packages/airflow/example_dags/example_branch_operator.py
[2026-01-10 09:47:31,353] {processor.py:623} INFO - DAG(s) dict_keys(['example_branch_operator']) retrieved from /home/airflow/.local/lib/python3.6/site-packages/airflow/example_dags/example_branch_operator.py
[2026-01-10 09:47:31,442] {logging_mixin.py:109} INFO - [2026-01-10 09:47:31,441] {dag.py:1833} INFO - Sync 1 DAGs
[2026-01-10 09:47:31,609] {logging_mixin.py:109} INFO - [2026-01-10 09:47:31,609] {dag.py:2306} INFO - Setting next_dagrun for example_branch_operator to 2026-01-08 00:00:00+00:00
[2026-01-10 09:47:31,724] {processor.py:170} INFO - Processing /home/airflow/.local/lib/python3.6/site-packages/airflow/example_dags/example_branch_operator.py took 0.485 seconds
[2026-01-10 09:48:02,868] {processor.py:162} INFO - Started process (PID=2167) to work on /home/airflow/.local/lib/python3.6/site-packages/airflow/example_dags/example_branch_operator.py
[2026-01-10 09:48:02,874] {processor.py:613} INFO - Processing file /home/airflow/.local/lib/python3.6/site-packages/airflow/example_dags/example_branch_operator.py for tasks to queue
[2026-01-10 09:48:02,877] {logging_mixin.py:109} INFO - [2026-01-10 09:48:02,875] {dagbag.py:496} INFO - Filling up the DagBag from /home/airflow/.local/lib/python3.6/site-packages/airflow/example_dags/example_branch_operator.py
[2026-01-10 09:48:03,027] {processor.py:623} INFO - DAG(s) dict_keys(['example_branch_operator']) retrieved from /home/airflow/.local/lib/python3.6/site-packages/airflow/example_dags/example_branch_operator.py
[2026-01-10 09:48:03,153] {logging_mixin.py:109} INFO - [2026-01-10 09:48:03,153] {dag.py:1833} INFO - Sync 1 DAGs
[2026-01-10 09:48:03,224] {logging_mixin.py:109} INFO - [2026-01-10 09:48:03,224] {dag.py:2306} INFO - Setting next_dagrun for example_branch_operator to 2026-01-08 00:00:00+00:00
[2026-01-10 09:48:03,252] {processor.py:170} INFO - Processing /home/airflow/.local/lib/python3.6/site-packages/airflow/example_dags/example_branch_operator.py took 0.407 seconds
[2026-01-10 09:48:33,445] {processor.py:162} INFO - Started process (PID=2208) to work on /home/airflow/.local/lib/python3.6/site-packages/airflow/example_dags/example_branch_operator.py
[2026-01-10 09:48:33,451] {processor.py:613} INFO - Processing file /home/airflow/.local/lib/python3.6/site-packages/airflow/example_dags/example_branch_operator.py for tasks to queue
[2026-01-10 09:48:33,456] {logging_mixin.py:109} INFO - [2026-01-10 09:48:33,451] {dagbag.py:496} INFO - Filling up the DagBag from /home/airflow/.local/lib/python3.6/site-packages/airflow/example_dags/example_branch_operator.py
[2026-01-10 09:48:33,549] {processor.py:623} INFO - DAG(s) dict_keys(['example_branch_operator']) retrieved from /home/airflow/.local/lib/python3.6/site-packages/airflow/example_dags/example_branch_operator.py
[2026-01-10 09:48:33,647] {logging_mixin.py:109} INFO - [2026-01-10 09:48:33,647] {dag.py:1833} INFO - Sync 1 DAGs
[2026-01-10 09:48:33,696] {logging_mixin.py:109} INFO - [2026-01-10 09:48:33,696] {dag.py:2306} INFO - Setting next_dagrun for example_branch_operator to 2026-01-08 00:00:00+00:00
[2026-01-10 09:48:33,728] {processor.py:170} INFO - Processing /home/airflow/.local/lib/python3.6/site-packages/airflow/example_dags/example_branch_operator.py took 0.299 seconds
[2026-01-10 09:49:16,480] {processor.py:162} INFO - Started process (PID=2249) to work on /home/airflow/.local/lib/python3.6/site-packages/airflow/example_dags/example_branch_operator.py
[2026-01-10 09:49:16,483] {processor.py:613} INFO - Processing file /home/airflow/.local/lib/python3.6/site-packages/airflow/example_dags/example_branch_operator.py for tasks to queue
[2026-01-10 09:49:16,494] {logging_mixin.py:109} INFO - [2026-01-10 09:49:16,491] {dagbag.py:496} INFO - Filling up the DagBag from /home/airflow/.local/lib/python3.6/site-packages/airflow/example_dags/example_branch_operator.py
[2026-01-10 09:49:16,580] {processor.py:623} INFO - DAG(s) dict_keys(['example_branch_operator']) retrieved from /home/airflow/.local/lib/python3.6/site-packages/airflow/example_dags/example_branch_operator.py
[2026-01-10 09:49:16,632] {logging_mixin.py:109} INFO - [2026-01-10 09:49:16,631] {dag.py:1833} INFO - Sync 1 DAGs
[2026-01-10 09:49:16,686] {logging_mixin.py:109} INFO - [2026-01-10 09:49:16,686] {dag.py:2306} INFO - Setting next_dagrun for example_branch_operator to 2026-01-08 00:00:00+00:00
[2026-01-10 09:49:16,707] {processor.py:170} INFO - Processing /home/airflow/.local/lib/python3.6/site-packages/airflow/example_dags/example_branch_operator.py took 0.247 seconds
[2026-01-10 09:49:47,575] {processor.py:162} INFO - Started process (PID=2289) to work on /home/airflow/.local/lib/python3.6/site-packages/airflow/example_dags/example_branch_operator.py
[2026-01-10 09:49:47,578] {processor.py:613} INFO - Processing file /home/airflow/.local/lib/python3.6/site-packages/airflow/example_dags/example_branch_operator.py for tasks to queue
[2026-01-10 09:49:47,579] {logging_mixin.py:109} INFO - [2026-01-10 09:49:47,579] {dagbag.py:496} INFO - Filling up the DagBag from /home/airflow/.local/lib/python3.6/site-packages/airflow/example_dags/example_branch_operator.py
[2026-01-10 09:49:47,610] {processor.py:623} INFO - DAG(s) dict_keys(['example_branch_operator']) retrieved from /home/airflow/.local/lib/python3.6/site-packages/airflow/example_dags/example_branch_operator.py
[2026-01-10 09:49:47,652] {logging_mixin.py:109} INFO - [2026-01-10 09:49:47,652] {dag.py:1833} INFO - Sync 1 DAGs
[2026-01-10 09:49:47,688] {logging_mixin.py:109} INFO - [2026-01-10 09:49:47,688] {dag.py:2306} INFO - Setting next_dagrun for example_branch_operator to 2026-01-08 00:00:00+00:00
[2026-01-10 09:49:47,707] {processor.py:170} INFO - Processing /home/airflow/.local/lib/python3.6/site-packages/airflow/example_dags/example_branch_operator.py took 0.137 seconds
[2026-01-10 09:50:18,331] {processor.py:162} INFO - Started process (PID=2343) to work on /home/airflow/.local/lib/python3.6/site-packages/airflow/example_dags/example_branch_operator.py
[2026-01-10 09:50:18,334] {processor.py:613} INFO - Processing file /home/airflow/.local/lib/python3.6/site-packages/airflow/example_dags/example_branch_operator.py for tasks to queue
[2026-01-10 09:50:18,335] {logging_mixin.py:109} INFO - [2026-01-10 09:50:18,335] {dagbag.py:496} INFO - Filling up the DagBag from /home/airflow/.local/lib/python3.6/site-packages/airflow/example_dags/example_branch_operator.py
[2026-01-10 09:50:18,361] {processor.py:623} INFO - DAG(s) dict_keys(['example_branch_operator']) retrieved from /home/airflow/.local/lib/python3.6/site-packages/airflow/example_dags/example_branch_operator.py
[2026-01-10 09:50:18,397] {logging_mixin.py:109} INFO - [2026-01-10 09:50:18,397] {dag.py:1833} INFO - Sync 1 DAGs
[2026-01-10 09:50:18,429] {logging_mixin.py:109} INFO - [2026-01-10 09:50:18,428] {dag.py:2306} INFO - Setting next_dagrun for example_branch_operator to 2026-01-08 00:00:00+00:00
[2026-01-10 09:50:18,445] {processor.py:170} INFO - Processing /home/airflow/.local/lib/python3.6/site-packages/airflow/example_dags/example_branch_operator.py took 0.120 seconds
[2026-01-10 09:50:48,658] {processor.py:162} INFO - Started process (PID=2394) to work on /home/airflow/.local/lib/python3.6/site-packages/airflow/example_dags/example_branch_operator.py
[2026-01-10 09:50:48,660] {processor.py:613} INFO - Processing file /home/airflow/.local/lib/python3.6/site-packages/airflow/example_dags/example_branch_operator.py for tasks to queue
[2026-01-10 09:50:48,661] {logging_mixin.py:109} INFO - [2026-01-10 09:50:48,661] {dagbag.py:496} INFO - Filling up the DagBag from /home/airflow/.local/lib/python3.6/site-packages/airflow/example_dags/example_branch_operator.py
[2026-01-10 09:50:48,690] {processor.py:623} INFO - DAG(s) dict_keys(['example_branch_operator']) retrieved from /home/airflow/.local/lib/python3.6/site-packages/airflow/example_dags/example_branch_operator.py
[2026-01-10 09:50:48,733] {logging_mixin.py:109} INFO - [2026-01-10 09:50:48,732] {dag.py:1833} INFO - Sync 1 DAGs
[2026-01-10 09:50:48,768] {logging_mixin.py:109} INFO - [2026-01-10 09:50:48,768] {dag.py:2306} INFO - Setting next_dagrun for example_branch_operator to 2026-01-08 00:00:00+00:00
[2026-01-10 09:50:48,782] {processor.py:170} INFO - Processing /home/airflow/.local/lib/python3.6/site-packages/airflow/example_dags/example_branch_operator.py took 0.128 seconds
[2026-01-10 09:51:18,876] {processor.py:162} INFO - Started process (PID=2445) to work on /home/airflow/.local/lib/python3.6/site-packages/airflow/example_dags/example_branch_operator.py
[2026-01-10 09:51:18,879] {processor.py:613} INFO - Processing file /home/airflow/.local/lib/python3.6/site-packages/airflow/example_dags/example_branch_operator.py for tasks to queue
[2026-01-10 09:51:18,880] {logging_mixin.py:109} INFO - [2026-01-10 09:51:18,880] {dagbag.py:496} INFO - Filling up the DagBag from /home/airflow/.local/lib/python3.6/site-packages/airflow/example_dags/example_branch_operator.py
[2026-01-10 09:51:18,908] {processor.py:623} INFO - DAG(s) dict_keys(['example_branch_operator']) retrieved from /home/airflow/.local/lib/python3.6/site-packages/airflow/example_dags/example_branch_operator.py
[2026-01-10 09:51:18,969] {logging_mixin.py:109} INFO - [2026-01-10 09:51:18,969] {dag.py:1833} INFO - Sync 1 DAGs
[2026-01-10 09:51:19,002] {logging_mixin.py:109} INFO - [2026-01-10 09:51:19,002] {dag.py:2306} INFO - Setting next_dagrun for example_branch_operator to 2026-01-08 00:00:00+00:00
[2026-01-10 09:51:19,026] {processor.py:170} INFO - Processing /home/airflow/.local/lib/python3.6/site-packages/airflow/example_dags/example_branch_operator.py took 0.155 seconds
[2026-01-10 09:51:49,548] {processor.py:162} INFO - Started process (PID=2495) to work on /home/airflow/.local/lib/python3.6/site-packages/airflow/example_dags/example_branch_operator.py
[2026-01-10 09:51:49,551] {processor.py:613} INFO - Processing file /home/airflow/.local/lib/python3.6/site-packages/airflow/example_dags/example_branch_operator.py for tasks to queue
[2026-01-10 09:51:49,552] {logging_mixin.py:109} INFO - [2026-01-10 09:51:49,552] {dagbag.py:496} INFO - Filling up the DagBag from /home/airflow/.local/lib/python3.6/site-packages/airflow/example_dags/example_branch_operator.py
[2026-01-10 09:51:49,585] {processor.py:623} INFO - DAG(s) dict_keys(['example_branch_operator']) retrieved from /home/airflow/.local/lib/python3.6/site-packages/airflow/example_dags/example_branch_operator.py
[2026-01-10 09:51:49,626] {logging_mixin.py:109} INFO - [2026-01-10 09:51:49,625] {dag.py:1833} INFO - Sync 1 DAGs
[2026-01-10 09:51:49,666] {logging_mixin.py:109} INFO - [2026-01-10 09:51:49,665] {dag.py:2306} INFO - Setting next_dagrun for example_branch_operator to 2026-01-08 00:00:00+00:00
[2026-01-10 09:51:49,685] {processor.py:170} INFO - Processing /home/airflow/.local/lib/python3.6/site-packages/airflow/example_dags/example_branch_operator.py took 0.142 seconds
[2026-01-10 09:52:20,020] {processor.py:162} INFO - Started process (PID=2546) to work on /home/airflow/.local/lib/python3.6/site-packages/airflow/example_dags/example_branch_operator.py
[2026-01-10 09:52:20,023] {processor.py:613} INFO - Processing file /home/airflow/.local/lib/python3.6/site-packages/airflow/example_dags/example_branch_operator.py for tasks to queue
[2026-01-10 09:52:20,024] {logging_mixin.py:109} INFO - [2026-01-10 09:52:20,024] {dagbag.py:496} INFO - Filling up the DagBag from /home/airflow/.local/lib/python3.6/site-packages/airflow/example_dags/example_branch_operator.py
[2026-01-10 09:52:20,053] {processor.py:623} INFO - DAG(s) dict_keys(['example_branch_operator']) retrieved from /home/airflow/.local/lib/python3.6/site-packages/airflow/example_dags/example_branch_operator.py
[2026-01-10 09:52:20,098] {logging_mixin.py:109} INFO - [2026-01-10 09:52:20,098] {dag.py:1833} INFO - Sync 1 DAGs
[2026-01-10 09:52:20,135] {logging_mixin.py:109} INFO - [2026-01-10 09:52:20,135] {dag.py:2306} INFO - Setting next_dagrun for example_branch_operator to 2026-01-08 00:00:00+00:00
[2026-01-10 09:52:20,150] {processor.py:170} INFO - Processing /home/airflow/.local/lib/python3.6/site-packages/airflow/example_dags/example_branch_operator.py took 0.135 seconds
[2026-01-10 09:52:50,512] {processor.py:162} INFO - Started process (PID=2587) to work on /home/airflow/.local/lib/python3.6/site-packages/airflow/example_dags/example_branch_operator.py
[2026-01-10 09:52:50,520] {processor.py:613} INFO - Processing file /home/airflow/.local/lib/python3.6/site-packages/airflow/example_dags/example_branch_operator.py for tasks to queue
[2026-01-10 09:52:50,521] {logging_mixin.py:109} INFO - [2026-01-10 09:52:50,521] {dagbag.py:496} INFO - Filling up the DagBag from /home/airflow/.local/lib/python3.6/site-packages/airflow/example_dags/example_branch_operator.py
[2026-01-10 09:52:50,561] {processor.py:623} INFO - DAG(s) dict_keys(['example_branch_operator']) retrieved from /home/airflow/.local/lib/python3.6/site-packages/airflow/example_dags/example_branch_operator.py
[2026-01-10 09:52:50,598] {logging_mixin.py:109} INFO - [2026-01-10 09:52:50,598] {dag.py:1833} INFO - Sync 1 DAGs
[2026-01-10 09:52:50,637] {logging_mixin.py:109} INFO - [2026-01-10 09:52:50,637] {dag.py:2306} INFO - Setting next_dagrun for example_branch_operator to 2026-01-08 00:00:00+00:00
[2026-01-10 09:52:50,664] {processor.py:170} INFO - Processing /home/airflow/.local/lib/python3.6/site-packages/airflow/example_dags/example_branch_operator.py took 0.158 seconds
[2026-01-10 09:53:21,729] {processor.py:162} INFO - Started process (PID=2638) to work on /home/airflow/.local/lib/python3.6/site-packages/airflow/example_dags/example_branch_operator.py
[2026-01-10 09:53:21,731] {processor.py:613} INFO - Processing file /home/airflow/.local/lib/python3.6/site-packages/airflow/example_dags/example_branch_operator.py for tasks to queue
[2026-01-10 09:53:21,732] {logging_mixin.py:109} INFO - [2026-01-10 09:53:21,732] {dagbag.py:496} INFO - Filling up the DagBag from /home/airflow/.local/lib/python3.6/site-packages/airflow/example_dags/example_branch_operator.py
[2026-01-10 09:53:21,764] {processor.py:623} INFO - DAG(s) dict_keys(['example_branch_operator']) retrieved from /home/airflow/.local/lib/python3.6/site-packages/airflow/example_dags/example_branch_operator.py
[2026-01-10 09:53:21,830] {logging_mixin.py:109} INFO - [2026-01-10 09:53:21,830] {dag.py:1833} INFO - Sync 1 DAGs
[2026-01-10 09:53:21,872] {logging_mixin.py:109} INFO - [2026-01-10 09:53:21,871] {dag.py:2306} INFO - Setting next_dagrun for example_branch_operator to 2026-01-08 00:00:00+00:00
[2026-01-10 09:53:21,891] {processor.py:170} INFO - Processing /home/airflow/.local/lib/python3.6/site-packages/airflow/example_dags/example_branch_operator.py took 0.168 seconds
[2026-01-10 09:53:52,558] {processor.py:162} INFO - Started process (PID=2680) to work on /home/airflow/.local/lib/python3.6/site-packages/airflow/example_dags/example_branch_operator.py
[2026-01-10 09:53:52,560] {processor.py:613} INFO - Processing file /home/airflow/.local/lib/python3.6/site-packages/airflow/example_dags/example_branch_operator.py for tasks to queue
[2026-01-10 09:53:52,561] {logging_mixin.py:109} INFO - [2026-01-10 09:53:52,561] {dagbag.py:496} INFO - Filling up the DagBag from /home/airflow/.local/lib/python3.6/site-packages/airflow/example_dags/example_branch_operator.py
[2026-01-10 09:53:52,593] {processor.py:623} INFO - DAG(s) dict_keys(['example_branch_operator']) retrieved from /home/airflow/.local/lib/python3.6/site-packages/airflow/example_dags/example_branch_operator.py
[2026-01-10 09:53:52,628] {logging_mixin.py:109} INFO - [2026-01-10 09:53:52,628] {dag.py:1833} INFO - Sync 1 DAGs
[2026-01-10 09:53:52,666] {logging_mixin.py:109} INFO - [2026-01-10 09:53:52,666] {dag.py:2306} INFO - Setting next_dagrun for example_branch_operator to 2026-01-08 00:00:00+00:00
[2026-01-10 09:53:52,681] {processor.py:170} INFO - Processing /home/airflow/.local/lib/python3.6/site-packages/airflow/example_dags/example_branch_operator.py took 0.128 seconds
[2026-01-10 09:54:23,562] {processor.py:162} INFO - Started process (PID=2721) to work on /home/airflow/.local/lib/python3.6/site-packages/airflow/example_dags/example_branch_operator.py
[2026-01-10 09:54:23,565] {processor.py:613} INFO - Processing file /home/airflow/.local/lib/python3.6/site-packages/airflow/example_dags/example_branch_operator.py for tasks to queue
[2026-01-10 09:54:23,566] {logging_mixin.py:109} INFO - [2026-01-10 09:54:23,566] {dagbag.py:496} INFO - Filling up the DagBag from /home/airflow/.local/lib/python3.6/site-packages/airflow/example_dags/example_branch_operator.py
[2026-01-10 09:54:23,599] {processor.py:623} INFO - DAG(s) dict_keys(['example_branch_operator']) retrieved from /home/airflow/.local/lib/python3.6/site-packages/airflow/example_dags/example_branch_operator.py
[2026-01-10 09:54:23,636] {logging_mixin.py:109} INFO - [2026-01-10 09:54:23,636] {dag.py:1833} INFO - Sync 1 DAGs
[2026-01-10 09:54:23,669] {logging_mixin.py:109} INFO - [2026-01-10 09:54:23,669] {dag.py:2306} INFO - Setting next_dagrun for example_branch_operator to 2026-01-08 00:00:00+00:00
[2026-01-10 09:54:23,681] {processor.py:170} INFO - Processing /home/airflow/.local/lib/python3.6/site-packages/airflow/example_dags/example_branch_operator.py took 0.125 seconds
[2026-01-10 09:54:54,878] {processor.py:162} INFO - Started process (PID=2769) to work on /home/airflow/.local/lib/python3.6/site-packages/airflow/example_dags/example_branch_operator.py
[2026-01-10 09:54:54,893] {processor.py:613} INFO - Processing file /home/airflow/.local/lib/python3.6/site-packages/airflow/example_dags/example_branch_operator.py for tasks to queue
[2026-01-10 09:54:54,894] {logging_mixin.py:109} INFO - [2026-01-10 09:54:54,893] {dagbag.py:496} INFO - Filling up the DagBag from /home/airflow/.local/lib/python3.6/site-packages/airflow/example_dags/example_branch_operator.py
[2026-01-10 09:54:55,031] {processor.py:623} INFO - DAG(s) dict_keys(['example_branch_operator']) retrieved from /home/airflow/.local/lib/python3.6/site-packages/airflow/example_dags/example_branch_operator.py
[2026-01-10 09:54:55,159] {logging_mixin.py:109} INFO - [2026-01-10 09:54:55,157] {dag.py:1833} INFO - Sync 1 DAGs
[2026-01-10 09:54:55,225] {logging_mixin.py:109} INFO - [2026-01-10 09:54:55,224] {dag.py:2306} INFO - Setting next_dagrun for example_branch_operator to 2026-01-08 00:00:00+00:00
[2026-01-10 09:54:55,256] {processor.py:170} INFO - Processing /home/airflow/.local/lib/python3.6/site-packages/airflow/example_dags/example_branch_operator.py took 0.408 seconds
[2026-01-10 09:55:26,132] {processor.py:162} INFO - Started process (PID=2803) to work on /home/airflow/.local/lib/python3.6/site-packages/airflow/example_dags/example_branch_operator.py
[2026-01-10 09:55:26,135] {processor.py:613} INFO - Processing file /home/airflow/.local/lib/python3.6/site-packages/airflow/example_dags/example_branch_operator.py for tasks to queue
[2026-01-10 09:55:26,136] {logging_mixin.py:109} INFO - [2026-01-10 09:55:26,136] {dagbag.py:496} INFO - Filling up the DagBag from /home/airflow/.local/lib/python3.6/site-packages/airflow/example_dags/example_branch_operator.py
[2026-01-10 09:55:26,177] {processor.py:623} INFO - DAG(s) dict_keys(['example_branch_operator']) retrieved from /home/airflow/.local/lib/python3.6/site-packages/airflow/example_dags/example_branch_operator.py
[2026-01-10 09:55:26,226] {logging_mixin.py:109} INFO - [2026-01-10 09:55:26,226] {dag.py:1833} INFO - Sync 1 DAGs
[2026-01-10 09:55:26,262] {logging_mixin.py:109} INFO - [2026-01-10 09:55:26,262] {dag.py:2306} INFO - Setting next_dagrun for example_branch_operator to 2026-01-08 00:00:00+00:00
[2026-01-10 09:55:26,292] {processor.py:170} INFO - Processing /home/airflow/.local/lib/python3.6/site-packages/airflow/example_dags/example_branch_operator.py took 0.166 seconds
[2026-01-10 09:55:56,419] {processor.py:162} INFO - Started process (PID=2845) to work on /home/airflow/.local/lib/python3.6/site-packages/airflow/example_dags/example_branch_operator.py
[2026-01-10 09:55:56,421] {processor.py:613} INFO - Processing file /home/airflow/.local/lib/python3.6/site-packages/airflow/example_dags/example_branch_operator.py for tasks to queue
[2026-01-10 09:55:56,422] {logging_mixin.py:109} INFO - [2026-01-10 09:55:56,421] {dagbag.py:496} INFO - Filling up the DagBag from /home/airflow/.local/lib/python3.6/site-packages/airflow/example_dags/example_branch_operator.py
[2026-01-10 09:55:56,452] {processor.py:623} INFO - DAG(s) dict_keys(['example_branch_operator']) retrieved from /home/airflow/.local/lib/python3.6/site-packages/airflow/example_dags/example_branch_operator.py
[2026-01-10 09:55:56,494] {logging_mixin.py:109} INFO - [2026-01-10 09:55:56,494] {dag.py:1833} INFO - Sync 1 DAGs
[2026-01-10 09:55:56,544] {logging_mixin.py:109} INFO - [2026-01-10 09:55:56,544] {dag.py:2306} INFO - Setting next_dagrun for example_branch_operator to 2026-01-08 00:00:00+00:00
[2026-01-10 09:55:56,556] {processor.py:170} INFO - Processing /home/airflow/.local/lib/python3.6/site-packages/airflow/example_dags/example_branch_operator.py took 0.141 seconds
[2026-01-10 09:56:38,840] {processor.py:162} INFO - Started process (PID=2895) to work on /home/airflow/.local/lib/python3.6/site-packages/airflow/example_dags/example_branch_operator.py
[2026-01-10 09:56:38,842] {processor.py:613} INFO - Processing file /home/airflow/.local/lib/python3.6/site-packages/airflow/example_dags/example_branch_operator.py for tasks to queue
[2026-01-10 09:56:38,843] {logging_mixin.py:109} INFO - [2026-01-10 09:56:38,843] {dagbag.py:496} INFO - Filling up the DagBag from /home/airflow/.local/lib/python3.6/site-packages/airflow/example_dags/example_branch_operator.py
[2026-01-10 09:56:38,874] {processor.py:623} INFO - DAG(s) dict_keys(['example_branch_operator']) retrieved from /home/airflow/.local/lib/python3.6/site-packages/airflow/example_dags/example_branch_operator.py
[2026-01-10 09:56:38,909] {logging_mixin.py:109} INFO - [2026-01-10 09:56:38,909] {dag.py:1833} INFO - Sync 1 DAGs
[2026-01-10 09:56:38,943] {logging_mixin.py:109} INFO - [2026-01-10 09:56:38,942] {dag.py:2306} INFO - Setting next_dagrun for example_branch_operator to 2026-01-08 00:00:00+00:00
[2026-01-10 09:56:38,960] {processor.py:170} INFO - Processing /home/airflow/.local/lib/python3.6/site-packages/airflow/example_dags/example_branch_operator.py took 0.125 seconds
[2026-01-10 09:57:09,353] {processor.py:162} INFO - Started process (PID=2943) to work on /home/airflow/.local/lib/python3.6/site-packages/airflow/example_dags/example_branch_operator.py
[2026-01-10 09:57:09,355] {processor.py:613} INFO - Processing file /home/airflow/.local/lib/python3.6/site-packages/airflow/example_dags/example_branch_operator.py for tasks to queue
[2026-01-10 09:57:09,356] {logging_mixin.py:109} INFO - [2026-01-10 09:57:09,356] {dagbag.py:496} INFO - Filling up the DagBag from /home/airflow/.local/lib/python3.6/site-packages/airflow/example_dags/example_branch_operator.py
[2026-01-10 09:57:09,395] {processor.py:623} INFO - DAG(s) dict_keys(['example_branch_operator']) retrieved from /home/airflow/.local/lib/python3.6/site-packages/airflow/example_dags/example_branch_operator.py
[2026-01-10 09:57:09,531] {logging_mixin.py:109} INFO - [2026-01-10 09:57:09,531] {dag.py:1833} INFO - Sync 1 DAGs
[2026-01-10 09:57:09,614] {logging_mixin.py:109} INFO - [2026-01-10 09:57:09,614] {dag.py:2306} INFO - Setting next_dagrun for example_branch_operator to 2026-01-08 00:00:00+00:00
[2026-01-10 09:57:09,631] {processor.py:170} INFO - Processing /home/airflow/.local/lib/python3.6/site-packages/airflow/example_dags/example_branch_operator.py took 0.282 seconds
[2026-01-10 09:58:00,852] {processor.py:162} INFO - Started process (PID=2974) to work on /home/airflow/.local/lib/python3.6/site-packages/airflow/example_dags/example_branch_operator.py
[2026-01-10 09:58:00,857] {processor.py:613} INFO - Processing file /home/airflow/.local/lib/python3.6/site-packages/airflow/example_dags/example_branch_operator.py for tasks to queue
[2026-01-10 09:58:00,858] {logging_mixin.py:109} INFO - [2026-01-10 09:58:00,858] {dagbag.py:496} INFO - Filling up the DagBag from /home/airflow/.local/lib/python3.6/site-packages/airflow/example_dags/example_branch_operator.py
[2026-01-10 09:58:00,900] {processor.py:623} INFO - DAG(s) dict_keys(['example_branch_operator']) retrieved from /home/airflow/.local/lib/python3.6/site-packages/airflow/example_dags/example_branch_operator.py
[2026-01-10 09:58:01,703] {logging_mixin.py:109} INFO - [2026-01-10 09:58:01,702] {dag.py:1833} INFO - Sync 1 DAGs
[2026-01-10 09:58:01,749] {logging_mixin.py:109} INFO - [2026-01-10 09:58:01,748] {dag.py:2306} INFO - Setting next_dagrun for example_branch_operator to 2026-01-08 00:00:00+00:00
[2026-01-10 09:58:01,774] {processor.py:170} INFO - Processing /home/airflow/.local/lib/python3.6/site-packages/airflow/example_dags/example_branch_operator.py took 0.927 seconds
[2026-01-10 09:59:29,589] {processor.py:162} INFO - Started process (PID=3015) to work on /home/airflow/.local/lib/python3.6/site-packages/airflow/example_dags/example_branch_operator.py
[2026-01-10 09:59:29,592] {processor.py:613} INFO - Processing file /home/airflow/.local/lib/python3.6/site-packages/airflow/example_dags/example_branch_operator.py for tasks to queue
[2026-01-10 09:59:29,593] {logging_mixin.py:109} INFO - [2026-01-10 09:59:29,593] {dagbag.py:496} INFO - Filling up the DagBag from /home/airflow/.local/lib/python3.6/site-packages/airflow/example_dags/example_branch_operator.py
[2026-01-10 09:59:29,629] {processor.py:623} INFO - DAG(s) dict_keys(['example_branch_operator']) retrieved from /home/airflow/.local/lib/python3.6/site-packages/airflow/example_dags/example_branch_operator.py
[2026-01-10 09:59:30,474] {logging_mixin.py:109} INFO - [2026-01-10 09:59:30,473] {dag.py:1833} INFO - Sync 1 DAGs
[2026-01-10 09:59:30,510] {logging_mixin.py:109} INFO - [2026-01-10 09:59:30,510] {dag.py:2306} INFO - Setting next_dagrun for example_branch_operator to 2026-01-08 00:00:00+00:00
[2026-01-10 09:59:30,529] {processor.py:170} INFO - Processing /home/airflow/.local/lib/python3.6/site-packages/airflow/example_dags/example_branch_operator.py took 0.947 seconds
[2026-01-10 10:00:01,505] {processor.py:162} INFO - Started process (PID=3056) to work on /home/airflow/.local/lib/python3.6/site-packages/airflow/example_dags/example_branch_operator.py
[2026-01-10 10:00:01,507] {processor.py:613} INFO - Processing file /home/airflow/.local/lib/python3.6/site-packages/airflow/example_dags/example_branch_operator.py for tasks to queue
[2026-01-10 10:00:01,508] {logging_mixin.py:109} INFO - [2026-01-10 10:00:01,508] {dagbag.py:496} INFO - Filling up the DagBag from /home/airflow/.local/lib/python3.6/site-packages/airflow/example_dags/example_branch_operator.py
[2026-01-10 10:00:01,554] {processor.py:623} INFO - DAG(s) dict_keys(['example_branch_operator']) retrieved from /home/airflow/.local/lib/python3.6/site-packages/airflow/example_dags/example_branch_operator.py
[2026-01-10 10:00:01,598] {logging_mixin.py:109} INFO - [2026-01-10 10:00:01,598] {dag.py:1833} INFO - Sync 1 DAGs
[2026-01-10 10:00:01,636] {logging_mixin.py:109} INFO - [2026-01-10 10:00:01,636] {dag.py:2306} INFO - Setting next_dagrun for example_branch_operator to 2026-01-08 00:00:00+00:00
[2026-01-10 10:00:01,660] {processor.py:170} INFO - Processing /home/airflow/.local/lib/python3.6/site-packages/airflow/example_dags/example_branch_operator.py took 0.160 seconds
[2026-01-10 10:00:57,453] {processor.py:162} INFO - Started process (PID=3103) to work on /home/airflow/.local/lib/python3.6/site-packages/airflow/example_dags/example_branch_operator.py
[2026-01-10 10:00:57,461] {processor.py:613} INFO - Processing file /home/airflow/.local/lib/python3.6/site-packages/airflow/example_dags/example_branch_operator.py for tasks to queue
[2026-01-10 10:00:57,462] {logging_mixin.py:109} INFO - [2026-01-10 10:00:57,462] {dagbag.py:496} INFO - Filling up the DagBag from /home/airflow/.local/lib/python3.6/site-packages/airflow/example_dags/example_branch_operator.py
[2026-01-10 10:00:57,532] {processor.py:623} INFO - DAG(s) dict_keys(['example_branch_operator']) retrieved from /home/airflow/.local/lib/python3.6/site-packages/airflow/example_dags/example_branch_operator.py
[2026-01-10 10:00:57,622] {logging_mixin.py:109} INFO - [2026-01-10 10:00:57,622] {dag.py:1833} INFO - Sync 1 DAGs
[2026-01-10 10:00:57,667] {logging_mixin.py:109} INFO - [2026-01-10 10:00:57,667] {dag.py:2306} INFO - Setting next_dagrun for example_branch_operator to 2026-01-08 00:00:00+00:00
[2026-01-10 10:00:57,694] {processor.py:170} INFO - Processing /home/airflow/.local/lib/python3.6/site-packages/airflow/example_dags/example_branch_operator.py took 0.249 seconds
[2026-01-10 10:02:25,062] {processor.py:162} INFO - Started process (PID=3147) to work on /home/airflow/.local/lib/python3.6/site-packages/airflow/example_dags/example_branch_operator.py
[2026-01-10 10:02:25,065] {processor.py:613} INFO - Processing file /home/airflow/.local/lib/python3.6/site-packages/airflow/example_dags/example_branch_operator.py for tasks to queue
[2026-01-10 10:02:25,066] {logging_mixin.py:109} INFO - [2026-01-10 10:02:25,066] {dagbag.py:496} INFO - Filling up the DagBag from /home/airflow/.local/lib/python3.6/site-packages/airflow/example_dags/example_branch_operator.py
[2026-01-10 10:02:25,095] {processor.py:623} INFO - DAG(s) dict_keys(['example_branch_operator']) retrieved from /home/airflow/.local/lib/python3.6/site-packages/airflow/example_dags/example_branch_operator.py
[2026-01-10 10:02:25,410] {logging_mixin.py:109} INFO - [2026-01-10 10:02:25,409] {dag.py:1833} INFO - Sync 1 DAGs
[2026-01-10 10:02:25,484] {logging_mixin.py:109} INFO - [2026-01-10 10:02:25,483] {dag.py:2306} INFO - Setting next_dagrun for example_branch_operator to 2026-01-08 00:00:00+00:00
[2026-01-10 10:02:25,510] {processor.py:170} INFO - Processing /home/airflow/.local/lib/python3.6/site-packages/airflow/example_dags/example_branch_operator.py took 0.453 seconds
[2026-01-10 10:15:04,477] {processor.py:162} INFO - Started process (PID=55) to work on /home/airflow/.local/lib/python3.6/site-packages/airflow/example_dags/example_branch_operator.py
[2026-01-10 10:15:04,483] {processor.py:613} INFO - Processing file /home/airflow/.local/lib/python3.6/site-packages/airflow/example_dags/example_branch_operator.py for tasks to queue
[2026-01-10 10:15:04,484] {logging_mixin.py:109} INFO - [2026-01-10 10:15:04,484] {dagbag.py:496} INFO - Filling up the DagBag from /home/airflow/.local/lib/python3.6/site-packages/airflow/example_dags/example_branch_operator.py
[2026-01-10 10:15:04,535] {processor.py:623} INFO - DAG(s) dict_keys(['example_branch_operator']) retrieved from /home/airflow/.local/lib/python3.6/site-packages/airflow/example_dags/example_branch_operator.py
[2026-01-10 10:15:04,566] {logging_mixin.py:109} INFO - [2026-01-10 10:15:04,566] {dag.py:1833} INFO - Sync 1 DAGs
[2026-01-10 10:15:04,603] {logging_mixin.py:109} INFO - [2026-01-10 10:15:04,603] {dag.py:2306} INFO - Setting next_dagrun for example_branch_operator to 2026-01-08 00:00:00+00:00
[2026-01-10 10:15:04,628] {processor.py:170} INFO - Processing /home/airflow/.local/lib/python3.6/site-packages/airflow/example_dags/example_branch_operator.py took 0.168 seconds
[2026-01-10 10:15:34,809] {processor.py:162} INFO - Started process (PID=107) to work on /home/airflow/.local/lib/python3.6/site-packages/airflow/example_dags/example_branch_operator.py
[2026-01-10 10:15:34,811] {processor.py:613} INFO - Processing file /home/airflow/.local/lib/python3.6/site-packages/airflow/example_dags/example_branch_operator.py for tasks to queue
[2026-01-10 10:15:34,816] {logging_mixin.py:109} INFO - [2026-01-10 10:15:34,813] {dagbag.py:496} INFO - Filling up the DagBag from /home/airflow/.local/lib/python3.6/site-packages/airflow/example_dags/example_branch_operator.py
[2026-01-10 10:15:34,888] {processor.py:623} INFO - DAG(s) dict_keys(['example_branch_operator']) retrieved from /home/airflow/.local/lib/python3.6/site-packages/airflow/example_dags/example_branch_operator.py
[2026-01-10 10:15:34,971] {logging_mixin.py:109} INFO - [2026-01-10 10:15:34,971] {dag.py:1833} INFO - Sync 1 DAGs
[2026-01-10 10:15:35,047] {logging_mixin.py:109} INFO - [2026-01-10 10:15:35,047] {dag.py:2306} INFO - Setting next_dagrun for example_branch_operator to 2026-01-08 00:00:00+00:00
[2026-01-10 10:15:35,081] {processor.py:170} INFO - Processing /home/airflow/.local/lib/python3.6/site-packages/airflow/example_dags/example_branch_operator.py took 0.292 seconds
[2026-01-10 10:16:06,027] {processor.py:162} INFO - Started process (PID=157) to work on /home/airflow/.local/lib/python3.6/site-packages/airflow/example_dags/example_branch_operator.py
[2026-01-10 10:16:06,033] {processor.py:613} INFO - Processing file /home/airflow/.local/lib/python3.6/site-packages/airflow/example_dags/example_branch_operator.py for tasks to queue
[2026-01-10 10:16:06,034] {logging_mixin.py:109} INFO - [2026-01-10 10:16:06,034] {dagbag.py:496} INFO - Filling up the DagBag from /home/airflow/.local/lib/python3.6/site-packages/airflow/example_dags/example_branch_operator.py
[2026-01-10 10:16:06,112] {processor.py:623} INFO - DAG(s) dict_keys(['example_branch_operator']) retrieved from /home/airflow/.local/lib/python3.6/site-packages/airflow/example_dags/example_branch_operator.py
[2026-01-10 10:16:06,336] {logging_mixin.py:109} INFO - [2026-01-10 10:16:06,336] {dag.py:1833} INFO - Sync 1 DAGs
[2026-01-10 10:16:06,494] {logging_mixin.py:109} INFO - [2026-01-10 10:16:06,494] {dag.py:2306} INFO - Setting next_dagrun for example_branch_operator to 2026-01-08 00:00:00+00:00
[2026-01-10 10:16:06,628] {processor.py:170} INFO - Processing /home/airflow/.local/lib/python3.6/site-packages/airflow/example_dags/example_branch_operator.py took 0.613 seconds
[2026-01-10 10:16:36,934] {processor.py:162} INFO - Started process (PID=200) to work on /home/airflow/.local/lib/python3.6/site-packages/airflow/example_dags/example_branch_operator.py
[2026-01-10 10:16:36,936] {processor.py:613} INFO - Processing file /home/airflow/.local/lib/python3.6/site-packages/airflow/example_dags/example_branch_operator.py for tasks to queue
[2026-01-10 10:16:36,937] {logging_mixin.py:109} INFO - [2026-01-10 10:16:36,936] {dagbag.py:496} INFO - Filling up the DagBag from /home/airflow/.local/lib/python3.6/site-packages/airflow/example_dags/example_branch_operator.py
[2026-01-10 10:16:36,967] {processor.py:623} INFO - DAG(s) dict_keys(['example_branch_operator']) retrieved from /home/airflow/.local/lib/python3.6/site-packages/airflow/example_dags/example_branch_operator.py
[2026-01-10 10:16:37,027] {logging_mixin.py:109} INFO - [2026-01-10 10:16:37,027] {dag.py:1833} INFO - Sync 1 DAGs
[2026-01-10 10:16:37,079] {logging_mixin.py:109} INFO - [2026-01-10 10:16:37,079] {dag.py:2306} INFO - Setting next_dagrun for example_branch_operator to 2026-01-08 00:00:00+00:00
[2026-01-10 10:16:37,113] {processor.py:170} INFO - Processing /home/airflow/.local/lib/python3.6/site-packages/airflow/example_dags/example_branch_operator.py took 0.186 seconds
[2026-01-10 10:17:07,454] {processor.py:162} INFO - Started process (PID=252) to work on /home/airflow/.local/lib/python3.6/site-packages/airflow/example_dags/example_branch_operator.py
[2026-01-10 10:17:07,455] {processor.py:613} INFO - Processing file /home/airflow/.local/lib/python3.6/site-packages/airflow/example_dags/example_branch_operator.py for tasks to queue
[2026-01-10 10:17:07,456] {logging_mixin.py:109} INFO - [2026-01-10 10:17:07,456] {dagbag.py:496} INFO - Filling up the DagBag from /home/airflow/.local/lib/python3.6/site-packages/airflow/example_dags/example_branch_operator.py
[2026-01-10 10:17:07,496] {processor.py:623} INFO - DAG(s) dict_keys(['example_branch_operator']) retrieved from /home/airflow/.local/lib/python3.6/site-packages/airflow/example_dags/example_branch_operator.py
[2026-01-10 10:17:07,555] {logging_mixin.py:109} INFO - [2026-01-10 10:17:07,555] {dag.py:1833} INFO - Sync 1 DAGs
[2026-01-10 10:17:07,586] {logging_mixin.py:109} INFO - [2026-01-10 10:17:07,586] {dag.py:2306} INFO - Setting next_dagrun for example_branch_operator to 2026-01-08 00:00:00+00:00
[2026-01-10 10:17:07,608] {processor.py:170} INFO - Processing /home/airflow/.local/lib/python3.6/site-packages/airflow/example_dags/example_branch_operator.py took 0.159 seconds
[2026-01-10 10:17:38,427] {processor.py:162} INFO - Started process (PID=303) to work on /home/airflow/.local/lib/python3.6/site-packages/airflow/example_dags/example_branch_operator.py
[2026-01-10 10:17:38,428] {processor.py:613} INFO - Processing file /home/airflow/.local/lib/python3.6/site-packages/airflow/example_dags/example_branch_operator.py for tasks to queue
[2026-01-10 10:17:38,429] {logging_mixin.py:109} INFO - [2026-01-10 10:17:38,429] {dagbag.py:496} INFO - Filling up the DagBag from /home/airflow/.local/lib/python3.6/site-packages/airflow/example_dags/example_branch_operator.py
[2026-01-10 10:17:38,456] {processor.py:623} INFO - DAG(s) dict_keys(['example_branch_operator']) retrieved from /home/airflow/.local/lib/python3.6/site-packages/airflow/example_dags/example_branch_operator.py
[2026-01-10 10:17:38,491] {logging_mixin.py:109} INFO - [2026-01-10 10:17:38,491] {dag.py:1833} INFO - Sync 1 DAGs
[2026-01-10 10:17:38,524] {logging_mixin.py:109} INFO - [2026-01-10 10:17:38,523] {dag.py:2306} INFO - Setting next_dagrun for example_branch_operator to 2026-01-08 00:00:00+00:00
[2026-01-10 10:17:38,539] {processor.py:170} INFO - Processing /home/airflow/.local/lib/python3.6/site-packages/airflow/example_dags/example_branch_operator.py took 0.117 seconds
[2026-01-10 10:18:09,639] {processor.py:162} INFO - Started process (PID=355) to work on /home/airflow/.local/lib/python3.6/site-packages/airflow/example_dags/example_branch_operator.py
[2026-01-10 10:18:09,642] {processor.py:613} INFO - Processing file /home/airflow/.local/lib/python3.6/site-packages/airflow/example_dags/example_branch_operator.py for tasks to queue
[2026-01-10 10:18:09,643] {logging_mixin.py:109} INFO - [2026-01-10 10:18:09,642] {dagbag.py:496} INFO - Filling up the DagBag from /home/airflow/.local/lib/python3.6/site-packages/airflow/example_dags/example_branch_operator.py
[2026-01-10 10:18:09,736] {processor.py:623} INFO - DAG(s) dict_keys(['example_branch_operator']) retrieved from /home/airflow/.local/lib/python3.6/site-packages/airflow/example_dags/example_branch_operator.py
[2026-01-10 10:18:09,825] {logging_mixin.py:109} INFO - [2026-01-10 10:18:09,824] {dag.py:1833} INFO - Sync 1 DAGs
[2026-01-10 10:18:09,896] {logging_mixin.py:109} INFO - [2026-01-10 10:18:09,895] {dag.py:2306} INFO - Setting next_dagrun for example_branch_operator to 2026-01-08 00:00:00+00:00
[2026-01-10 10:18:09,961] {processor.py:170} INFO - Processing /home/airflow/.local/lib/python3.6/site-packages/airflow/example_dags/example_branch_operator.py took 0.343 seconds
[2026-01-10 10:18:40,180] {processor.py:162} INFO - Started process (PID=397) to work on /home/airflow/.local/lib/python3.6/site-packages/airflow/example_dags/example_branch_operator.py
[2026-01-10 10:18:40,182] {processor.py:613} INFO - Processing file /home/airflow/.local/lib/python3.6/site-packages/airflow/example_dags/example_branch_operator.py for tasks to queue
[2026-01-10 10:18:40,184] {logging_mixin.py:109} INFO - [2026-01-10 10:18:40,183] {dagbag.py:496} INFO - Filling up the DagBag from /home/airflow/.local/lib/python3.6/site-packages/airflow/example_dags/example_branch_operator.py
[2026-01-10 10:18:40,219] {processor.py:623} INFO - DAG(s) dict_keys(['example_branch_operator']) retrieved from /home/airflow/.local/lib/python3.6/site-packages/airflow/example_dags/example_branch_operator.py
[2026-01-10 10:18:40,257] {logging_mixin.py:109} INFO - [2026-01-10 10:18:40,257] {dag.py:1833} INFO - Sync 1 DAGs
[2026-01-10 10:18:40,288] {logging_mixin.py:109} INFO - [2026-01-10 10:18:40,288] {dag.py:2306} INFO - Setting next_dagrun for example_branch_operator to 2026-01-08 00:00:00+00:00
[2026-01-10 10:18:40,303] {processor.py:170} INFO - Processing /home/airflow/.local/lib/python3.6/site-packages/airflow/example_dags/example_branch_operator.py took 0.129 seconds
[2026-01-10 10:19:10,587] {processor.py:162} INFO - Started process (PID=447) to work on /home/airflow/.local/lib/python3.6/site-packages/airflow/example_dags/example_branch_operator.py
[2026-01-10 10:19:10,589] {processor.py:613} INFO - Processing file /home/airflow/.local/lib/python3.6/site-packages/airflow/example_dags/example_branch_operator.py for tasks to queue
[2026-01-10 10:19:10,589] {logging_mixin.py:109} INFO - [2026-01-10 10:19:10,589] {dagbag.py:496} INFO - Filling up the DagBag from /home/airflow/.local/lib/python3.6/site-packages/airflow/example_dags/example_branch_operator.py
[2026-01-10 10:19:10,610] {processor.py:623} INFO - DAG(s) dict_keys(['example_branch_operator']) retrieved from /home/airflow/.local/lib/python3.6/site-packages/airflow/example_dags/example_branch_operator.py
[2026-01-10 10:19:10,634] {logging_mixin.py:109} INFO - [2026-01-10 10:19:10,634] {dag.py:1833} INFO - Sync 1 DAGs
[2026-01-10 10:19:10,655] {logging_mixin.py:109} INFO - [2026-01-10 10:19:10,655] {dag.py:2306} INFO - Setting next_dagrun for example_branch_operator to 2026-01-08 00:00:00+00:00
[2026-01-10 10:19:10,669] {processor.py:170} INFO - Processing /home/airflow/.local/lib/python3.6/site-packages/airflow/example_dags/example_branch_operator.py took 0.085 seconds
[2026-01-10 10:19:41,331] {processor.py:162} INFO - Started process (PID=509) to work on /home/airflow/.local/lib/python3.6/site-packages/airflow/example_dags/example_branch_operator.py
[2026-01-10 10:19:41,333] {processor.py:613} INFO - Processing file /home/airflow/.local/lib/python3.6/site-packages/airflow/example_dags/example_branch_operator.py for tasks to queue
[2026-01-10 10:19:41,334] {logging_mixin.py:109} INFO - [2026-01-10 10:19:41,334] {dagbag.py:496} INFO - Filling up the DagBag from /home/airflow/.local/lib/python3.6/site-packages/airflow/example_dags/example_branch_operator.py
[2026-01-10 10:19:41,360] {processor.py:623} INFO - DAG(s) dict_keys(['example_branch_operator']) retrieved from /home/airflow/.local/lib/python3.6/site-packages/airflow/example_dags/example_branch_operator.py
[2026-01-10 10:19:41,398] {logging_mixin.py:109} INFO - [2026-01-10 10:19:41,398] {dag.py:1833} INFO - Sync 1 DAGs
[2026-01-10 10:19:41,417] {logging_mixin.py:109} INFO - [2026-01-10 10:19:41,417] {dag.py:2306} INFO - Setting next_dagrun for example_branch_operator to 2026-01-08 00:00:00+00:00
[2026-01-10 10:19:41,430] {processor.py:170} INFO - Processing /home/airflow/.local/lib/python3.6/site-packages/airflow/example_dags/example_branch_operator.py took 0.102 seconds
[2026-01-10 10:20:12,032] {processor.py:162} INFO - Started process (PID=561) to work on /home/airflow/.local/lib/python3.6/site-packages/airflow/example_dags/example_branch_operator.py
[2026-01-10 10:20:12,033] {processor.py:613} INFO - Processing file /home/airflow/.local/lib/python3.6/site-packages/airflow/example_dags/example_branch_operator.py for tasks to queue
[2026-01-10 10:20:12,034] {logging_mixin.py:109} INFO - [2026-01-10 10:20:12,034] {dagbag.py:496} INFO - Filling up the DagBag from /home/airflow/.local/lib/python3.6/site-packages/airflow/example_dags/example_branch_operator.py
[2026-01-10 10:20:12,059] {processor.py:623} INFO - DAG(s) dict_keys(['example_branch_operator']) retrieved from /home/airflow/.local/lib/python3.6/site-packages/airflow/example_dags/example_branch_operator.py
[2026-01-10 10:20:12,090] {logging_mixin.py:109} INFO - [2026-01-10 10:20:12,090] {dag.py:1833} INFO - Sync 1 DAGs
[2026-01-10 10:20:12,139] {logging_mixin.py:109} INFO - [2026-01-10 10:20:12,139] {dag.py:2306} INFO - Setting next_dagrun for example_branch_operator to 2026-01-08 00:00:00+00:00
[2026-01-10 10:20:12,156] {processor.py:170} INFO - Processing /home/airflow/.local/lib/python3.6/site-packages/airflow/example_dags/example_branch_operator.py took 0.129 seconds
[2026-01-10 10:20:42,585] {processor.py:162} INFO - Started process (PID=612) to work on /home/airflow/.local/lib/python3.6/site-packages/airflow/example_dags/example_branch_operator.py
[2026-01-10 10:20:42,587] {processor.py:613} INFO - Processing file /home/airflow/.local/lib/python3.6/site-packages/airflow/example_dags/example_branch_operator.py for tasks to queue
[2026-01-10 10:20:42,588] {logging_mixin.py:109} INFO - [2026-01-10 10:20:42,588] {dagbag.py:496} INFO - Filling up the DagBag from /home/airflow/.local/lib/python3.6/site-packages/airflow/example_dags/example_branch_operator.py
[2026-01-10 10:20:42,615] {processor.py:623} INFO - DAG(s) dict_keys(['example_branch_operator']) retrieved from /home/airflow/.local/lib/python3.6/site-packages/airflow/example_dags/example_branch_operator.py
[2026-01-10 10:20:42,650] {logging_mixin.py:109} INFO - [2026-01-10 10:20:42,650] {dag.py:1833} INFO - Sync 1 DAGs
[2026-01-10 10:20:42,678] {logging_mixin.py:109} INFO - [2026-01-10 10:20:42,678] {dag.py:2306} INFO - Setting next_dagrun for example_branch_operator to 2026-01-08 00:00:00+00:00
[2026-01-10 10:20:42,696] {processor.py:170} INFO - Processing /home/airflow/.local/lib/python3.6/site-packages/airflow/example_dags/example_branch_operator.py took 0.118 seconds
[2026-01-10 10:21:13,012] {processor.py:162} INFO - Started process (PID=669) to work on /home/airflow/.local/lib/python3.6/site-packages/airflow/example_dags/example_branch_operator.py
[2026-01-10 10:21:13,013] {processor.py:613} INFO - Processing file /home/airflow/.local/lib/python3.6/site-packages/airflow/example_dags/example_branch_operator.py for tasks to queue
[2026-01-10 10:21:13,015] {logging_mixin.py:109} INFO - [2026-01-10 10:21:13,015] {dagbag.py:496} INFO - Filling up the DagBag from /home/airflow/.local/lib/python3.6/site-packages/airflow/example_dags/example_branch_operator.py
[2026-01-10 10:21:13,057] {processor.py:623} INFO - DAG(s) dict_keys(['example_branch_operator']) retrieved from /home/airflow/.local/lib/python3.6/site-packages/airflow/example_dags/example_branch_operator.py
[2026-01-10 10:21:13,200] {logging_mixin.py:109} INFO - [2026-01-10 10:21:13,199] {dag.py:1833} INFO - Sync 1 DAGs
[2026-01-10 10:21:13,332] {logging_mixin.py:109} INFO - [2026-01-10 10:21:13,332] {dag.py:2306} INFO - Setting next_dagrun for example_branch_operator to 2026-01-08 00:00:00+00:00
[2026-01-10 10:21:13,368] {processor.py:170} INFO - Processing /home/airflow/.local/lib/python3.6/site-packages/airflow/example_dags/example_branch_operator.py took 0.362 seconds
