[2026-01-10 09:28:10,647] {processor.py:162} INFO - Started process (PID=158) to work on /home/airflow/.local/lib/python3.6/site-packages/airflow/example_dags/example_xcom.py
[2026-01-10 09:28:10,648] {processor.py:613} INFO - Processing file /home/airflow/.local/lib/python3.6/site-packages/airflow/example_dags/example_xcom.py for tasks to queue
[2026-01-10 09:28:10,649] {logging_mixin.py:109} INFO - [2026-01-10 09:28:10,649] {dagbag.py:496} INFO - Filling up the DagBag from /home/airflow/.local/lib/python3.6/site-packages/airflow/example_dags/example_xcom.py
[2026-01-10 09:28:10,664] {processor.py:623} INFO - DAG(s) dict_keys(['example_xcom']) retrieved from /home/airflow/.local/lib/python3.6/site-packages/airflow/example_dags/example_xcom.py
[2026-01-10 09:28:16,173] {logging_mixin.py:109} INFO - [2026-01-10 09:28:16,166] {dag.py:1833} INFO - Sync 1 DAGs
[2026-01-10 09:28:16,199] {logging_mixin.py:109} INFO - [2026-01-10 09:28:16,196] {dag.py:1852} INFO - Creating ORM DAG for example_xcom
[2026-01-10 09:28:16,217] {logging_mixin.py:109} INFO - [2026-01-10 09:28:16,217] {dag.py:2306} INFO - Setting next_dagrun for example_xcom to 2026-01-08 00:00:00+00:00
[2026-01-10 09:28:16,257] {processor.py:170} INFO - Processing /home/airflow/.local/lib/python3.6/site-packages/airflow/example_dags/example_xcom.py took 5.615 seconds
[2026-01-10 09:29:02,643] {processor.py:162} INFO - Started process (PID=280) to work on /home/airflow/.local/lib/python3.6/site-packages/airflow/example_dags/example_xcom.py
[2026-01-10 09:29:02,645] {processor.py:613} INFO - Processing file /home/airflow/.local/lib/python3.6/site-packages/airflow/example_dags/example_xcom.py for tasks to queue
[2026-01-10 09:29:02,645] {logging_mixin.py:109} INFO - [2026-01-10 09:29:02,645] {dagbag.py:496} INFO - Filling up the DagBag from /home/airflow/.local/lib/python3.6/site-packages/airflow/example_dags/example_xcom.py
[2026-01-10 09:29:02,663] {processor.py:623} INFO - DAG(s) dict_keys(['example_xcom']) retrieved from /home/airflow/.local/lib/python3.6/site-packages/airflow/example_dags/example_xcom.py
[2026-01-10 09:29:02,702] {logging_mixin.py:109} INFO - [2026-01-10 09:29:02,702] {dag.py:1833} INFO - Sync 1 DAGs
[2026-01-10 09:29:02,732] {logging_mixin.py:109} INFO - [2026-01-10 09:29:02,732] {dag.py:2306} INFO - Setting next_dagrun for example_xcom to 2026-01-08 00:00:00+00:00
[2026-01-10 09:29:02,748] {processor.py:170} INFO - Processing /home/airflow/.local/lib/python3.6/site-packages/airflow/example_dags/example_xcom.py took 0.112 seconds
[2026-01-10 09:29:33,538] {processor.py:162} INFO - Started process (PID=330) to work on /home/airflow/.local/lib/python3.6/site-packages/airflow/example_dags/example_xcom.py
[2026-01-10 09:29:33,538] {processor.py:613} INFO - Processing file /home/airflow/.local/lib/python3.6/site-packages/airflow/example_dags/example_xcom.py for tasks to queue
[2026-01-10 09:29:33,539] {logging_mixin.py:109} INFO - [2026-01-10 09:29:33,539] {dagbag.py:496} INFO - Filling up the DagBag from /home/airflow/.local/lib/python3.6/site-packages/airflow/example_dags/example_xcom.py
[2026-01-10 09:29:33,562] {processor.py:623} INFO - DAG(s) dict_keys(['example_xcom']) retrieved from /home/airflow/.local/lib/python3.6/site-packages/airflow/example_dags/example_xcom.py
[2026-01-10 09:29:33,601] {logging_mixin.py:109} INFO - [2026-01-10 09:29:33,600] {dag.py:1833} INFO - Sync 1 DAGs
[2026-01-10 09:29:33,631] {logging_mixin.py:109} INFO - [2026-01-10 09:29:33,631] {dag.py:2306} INFO - Setting next_dagrun for example_xcom to 2026-01-08 00:00:00+00:00
[2026-01-10 09:29:33,650] {processor.py:170} INFO - Processing /home/airflow/.local/lib/python3.6/site-packages/airflow/example_dags/example_xcom.py took 0.115 seconds
[2026-01-10 09:30:04,637] {processor.py:162} INFO - Started process (PID=381) to work on /home/airflow/.local/lib/python3.6/site-packages/airflow/example_dags/example_xcom.py
[2026-01-10 09:30:04,638] {processor.py:613} INFO - Processing file /home/airflow/.local/lib/python3.6/site-packages/airflow/example_dags/example_xcom.py for tasks to queue
[2026-01-10 09:30:04,639] {logging_mixin.py:109} INFO - [2026-01-10 09:30:04,639] {dagbag.py:496} INFO - Filling up the DagBag from /home/airflow/.local/lib/python3.6/site-packages/airflow/example_dags/example_xcom.py
[2026-01-10 09:30:04,661] {processor.py:623} INFO - DAG(s) dict_keys(['example_xcom']) retrieved from /home/airflow/.local/lib/python3.6/site-packages/airflow/example_dags/example_xcom.py
[2026-01-10 09:30:04,695] {logging_mixin.py:109} INFO - [2026-01-10 09:30:04,695] {dag.py:1833} INFO - Sync 1 DAGs
[2026-01-10 09:30:04,720] {logging_mixin.py:109} INFO - [2026-01-10 09:30:04,719] {dag.py:2306} INFO - Setting next_dagrun for example_xcom to 2026-01-08 00:00:00+00:00
[2026-01-10 09:30:04,738] {processor.py:170} INFO - Processing /home/airflow/.local/lib/python3.6/site-packages/airflow/example_dags/example_xcom.py took 0.106 seconds
[2026-01-10 09:30:35,341] {processor.py:162} INFO - Started process (PID=431) to work on /home/airflow/.local/lib/python3.6/site-packages/airflow/example_dags/example_xcom.py
[2026-01-10 09:30:35,342] {processor.py:613} INFO - Processing file /home/airflow/.local/lib/python3.6/site-packages/airflow/example_dags/example_xcom.py for tasks to queue
[2026-01-10 09:30:35,343] {logging_mixin.py:109} INFO - [2026-01-10 09:30:35,343] {dagbag.py:496} INFO - Filling up the DagBag from /home/airflow/.local/lib/python3.6/site-packages/airflow/example_dags/example_xcom.py
[2026-01-10 09:30:35,367] {processor.py:623} INFO - DAG(s) dict_keys(['example_xcom']) retrieved from /home/airflow/.local/lib/python3.6/site-packages/airflow/example_dags/example_xcom.py
[2026-01-10 09:30:35,405] {logging_mixin.py:109} INFO - [2026-01-10 09:30:35,404] {dag.py:1833} INFO - Sync 1 DAGs
[2026-01-10 09:30:35,441] {logging_mixin.py:109} INFO - [2026-01-10 09:30:35,441] {dag.py:2306} INFO - Setting next_dagrun for example_xcom to 2026-01-08 00:00:00+00:00
[2026-01-10 09:30:35,459] {processor.py:170} INFO - Processing /home/airflow/.local/lib/python3.6/site-packages/airflow/example_dags/example_xcom.py took 0.123 seconds
[2026-01-10 09:31:05,905] {processor.py:162} INFO - Started process (PID=490) to work on /home/airflow/.local/lib/python3.6/site-packages/airflow/example_dags/example_xcom.py
[2026-01-10 09:31:05,906] {processor.py:613} INFO - Processing file /home/airflow/.local/lib/python3.6/site-packages/airflow/example_dags/example_xcom.py for tasks to queue
[2026-01-10 09:31:05,910] {logging_mixin.py:109} INFO - [2026-01-10 09:31:05,910] {dagbag.py:496} INFO - Filling up the DagBag from /home/airflow/.local/lib/python3.6/site-packages/airflow/example_dags/example_xcom.py
[2026-01-10 09:31:05,944] {processor.py:623} INFO - DAG(s) dict_keys(['example_xcom']) retrieved from /home/airflow/.local/lib/python3.6/site-packages/airflow/example_dags/example_xcom.py
[2026-01-10 09:31:05,991] {logging_mixin.py:109} INFO - [2026-01-10 09:31:05,991] {dag.py:1833} INFO - Sync 1 DAGs
[2026-01-10 09:31:06,024] {logging_mixin.py:109} INFO - [2026-01-10 09:31:06,024] {dag.py:2306} INFO - Setting next_dagrun for example_xcom to 2026-01-08 00:00:00+00:00
[2026-01-10 09:31:06,044] {processor.py:170} INFO - Processing /home/airflow/.local/lib/python3.6/site-packages/airflow/example_dags/example_xcom.py took 0.147 seconds
[2026-01-10 09:31:36,508] {processor.py:162} INFO - Started process (PID=542) to work on /home/airflow/.local/lib/python3.6/site-packages/airflow/example_dags/example_xcom.py
[2026-01-10 09:31:36,511] {processor.py:613} INFO - Processing file /home/airflow/.local/lib/python3.6/site-packages/airflow/example_dags/example_xcom.py for tasks to queue
[2026-01-10 09:31:36,515] {logging_mixin.py:109} INFO - [2026-01-10 09:31:36,514] {dagbag.py:496} INFO - Filling up the DagBag from /home/airflow/.local/lib/python3.6/site-packages/airflow/example_dags/example_xcom.py
[2026-01-10 09:31:36,555] {processor.py:623} INFO - DAG(s) dict_keys(['example_xcom']) retrieved from /home/airflow/.local/lib/python3.6/site-packages/airflow/example_dags/example_xcom.py
[2026-01-10 09:31:36,603] {logging_mixin.py:109} INFO - [2026-01-10 09:31:36,603] {dag.py:1833} INFO - Sync 1 DAGs
[2026-01-10 09:31:36,642] {logging_mixin.py:109} INFO - [2026-01-10 09:31:36,642] {dag.py:2306} INFO - Setting next_dagrun for example_xcom to 2026-01-08 00:00:00+00:00
[2026-01-10 09:31:36,673] {processor.py:170} INFO - Processing /home/airflow/.local/lib/python3.6/site-packages/airflow/example_dags/example_xcom.py took 0.172 seconds
[2026-01-10 09:32:07,657] {processor.py:162} INFO - Started process (PID=593) to work on /home/airflow/.local/lib/python3.6/site-packages/airflow/example_dags/example_xcom.py
[2026-01-10 09:32:07,661] {processor.py:613} INFO - Processing file /home/airflow/.local/lib/python3.6/site-packages/airflow/example_dags/example_xcom.py for tasks to queue
[2026-01-10 09:32:07,662] {logging_mixin.py:109} INFO - [2026-01-10 09:32:07,662] {dagbag.py:496} INFO - Filling up the DagBag from /home/airflow/.local/lib/python3.6/site-packages/airflow/example_dags/example_xcom.py
[2026-01-10 09:32:07,680] {processor.py:623} INFO - DAG(s) dict_keys(['example_xcom']) retrieved from /home/airflow/.local/lib/python3.6/site-packages/airflow/example_dags/example_xcom.py
[2026-01-10 09:32:07,713] {logging_mixin.py:109} INFO - [2026-01-10 09:32:07,713] {dag.py:1833} INFO - Sync 1 DAGs
[2026-01-10 09:32:07,746] {logging_mixin.py:109} INFO - [2026-01-10 09:32:07,746] {dag.py:2306} INFO - Setting next_dagrun for example_xcom to 2026-01-08 00:00:00+00:00
[2026-01-10 09:32:07,766] {processor.py:170} INFO - Processing /home/airflow/.local/lib/python3.6/site-packages/airflow/example_dags/example_xcom.py took 0.114 seconds
[2026-01-10 09:32:37,866] {processor.py:162} INFO - Started process (PID=644) to work on /home/airflow/.local/lib/python3.6/site-packages/airflow/example_dags/example_xcom.py
[2026-01-10 09:32:37,869] {processor.py:613} INFO - Processing file /home/airflow/.local/lib/python3.6/site-packages/airflow/example_dags/example_xcom.py for tasks to queue
[2026-01-10 09:32:37,871] {logging_mixin.py:109} INFO - [2026-01-10 09:32:37,871] {dagbag.py:496} INFO - Filling up the DagBag from /home/airflow/.local/lib/python3.6/site-packages/airflow/example_dags/example_xcom.py
[2026-01-10 09:32:37,892] {processor.py:623} INFO - DAG(s) dict_keys(['example_xcom']) retrieved from /home/airflow/.local/lib/python3.6/site-packages/airflow/example_dags/example_xcom.py
[2026-01-10 09:32:37,928] {logging_mixin.py:109} INFO - [2026-01-10 09:32:37,928] {dag.py:1833} INFO - Sync 1 DAGs
[2026-01-10 09:32:37,953] {logging_mixin.py:109} INFO - [2026-01-10 09:32:37,953] {dag.py:2306} INFO - Setting next_dagrun for example_xcom to 2026-01-08 00:00:00+00:00
[2026-01-10 09:32:37,972] {processor.py:170} INFO - Processing /home/airflow/.local/lib/python3.6/site-packages/airflow/example_dags/example_xcom.py took 0.112 seconds
[2026-01-10 09:33:08,880] {processor.py:162} INFO - Started process (PID=695) to work on /home/airflow/.local/lib/python3.6/site-packages/airflow/example_dags/example_xcom.py
[2026-01-10 09:33:08,882] {processor.py:613} INFO - Processing file /home/airflow/.local/lib/python3.6/site-packages/airflow/example_dags/example_xcom.py for tasks to queue
[2026-01-10 09:33:08,887] {logging_mixin.py:109} INFO - [2026-01-10 09:33:08,883] {dagbag.py:496} INFO - Filling up the DagBag from /home/airflow/.local/lib/python3.6/site-packages/airflow/example_dags/example_xcom.py
[2026-01-10 09:33:08,915] {processor.py:623} INFO - DAG(s) dict_keys(['example_xcom']) retrieved from /home/airflow/.local/lib/python3.6/site-packages/airflow/example_dags/example_xcom.py
[2026-01-10 09:33:08,966] {logging_mixin.py:109} INFO - [2026-01-10 09:33:08,965] {dag.py:1833} INFO - Sync 1 DAGs
[2026-01-10 09:33:09,035] {logging_mixin.py:109} INFO - [2026-01-10 09:33:09,035] {dag.py:2306} INFO - Setting next_dagrun for example_xcom to 2026-01-08 00:00:00+00:00
[2026-01-10 09:33:09,075] {processor.py:170} INFO - Processing /home/airflow/.local/lib/python3.6/site-packages/airflow/example_dags/example_xcom.py took 0.201 seconds
[2026-01-10 09:33:39,592] {processor.py:162} INFO - Started process (PID=745) to work on /home/airflow/.local/lib/python3.6/site-packages/airflow/example_dags/example_xcom.py
[2026-01-10 09:33:39,593] {processor.py:613} INFO - Processing file /home/airflow/.local/lib/python3.6/site-packages/airflow/example_dags/example_xcom.py for tasks to queue
[2026-01-10 09:33:39,595] {logging_mixin.py:109} INFO - [2026-01-10 09:33:39,594] {dagbag.py:496} INFO - Filling up the DagBag from /home/airflow/.local/lib/python3.6/site-packages/airflow/example_dags/example_xcom.py
[2026-01-10 09:33:39,616] {processor.py:623} INFO - DAG(s) dict_keys(['example_xcom']) retrieved from /home/airflow/.local/lib/python3.6/site-packages/airflow/example_dags/example_xcom.py
[2026-01-10 09:33:39,651] {logging_mixin.py:109} INFO - [2026-01-10 09:33:39,650] {dag.py:1833} INFO - Sync 1 DAGs
[2026-01-10 09:33:39,670] {logging_mixin.py:109} INFO - [2026-01-10 09:33:39,669] {dag.py:2306} INFO - Setting next_dagrun for example_xcom to 2026-01-08 00:00:00+00:00
[2026-01-10 09:33:39,690] {processor.py:170} INFO - Processing /home/airflow/.local/lib/python3.6/site-packages/airflow/example_dags/example_xcom.py took 0.101 seconds
[2026-01-10 09:34:09,842] {processor.py:162} INFO - Started process (PID=803) to work on /home/airflow/.local/lib/python3.6/site-packages/airflow/example_dags/example_xcom.py
[2026-01-10 09:34:09,844] {processor.py:613} INFO - Processing file /home/airflow/.local/lib/python3.6/site-packages/airflow/example_dags/example_xcom.py for tasks to queue
[2026-01-10 09:34:09,845] {logging_mixin.py:109} INFO - [2026-01-10 09:34:09,845] {dagbag.py:496} INFO - Filling up the DagBag from /home/airflow/.local/lib/python3.6/site-packages/airflow/example_dags/example_xcom.py
[2026-01-10 09:34:09,865] {processor.py:623} INFO - DAG(s) dict_keys(['example_xcom']) retrieved from /home/airflow/.local/lib/python3.6/site-packages/airflow/example_dags/example_xcom.py
[2026-01-10 09:34:09,899] {logging_mixin.py:109} INFO - [2026-01-10 09:34:09,899] {dag.py:1833} INFO - Sync 1 DAGs
[2026-01-10 09:34:09,926] {logging_mixin.py:109} INFO - [2026-01-10 09:34:09,926] {dag.py:2306} INFO - Setting next_dagrun for example_xcom to 2026-01-08 00:00:00+00:00
[2026-01-10 09:34:09,945] {processor.py:170} INFO - Processing /home/airflow/.local/lib/python3.6/site-packages/airflow/example_dags/example_xcom.py took 0.108 seconds
[2026-01-10 09:34:40,828] {processor.py:162} INFO - Started process (PID=857) to work on /home/airflow/.local/lib/python3.6/site-packages/airflow/example_dags/example_xcom.py
[2026-01-10 09:34:40,830] {processor.py:613} INFO - Processing file /home/airflow/.local/lib/python3.6/site-packages/airflow/example_dags/example_xcom.py for tasks to queue
[2026-01-10 09:34:40,831] {logging_mixin.py:109} INFO - [2026-01-10 09:34:40,831] {dagbag.py:496} INFO - Filling up the DagBag from /home/airflow/.local/lib/python3.6/site-packages/airflow/example_dags/example_xcom.py
[2026-01-10 09:34:40,853] {processor.py:623} INFO - DAG(s) dict_keys(['example_xcom']) retrieved from /home/airflow/.local/lib/python3.6/site-packages/airflow/example_dags/example_xcom.py
[2026-01-10 09:34:40,909] {logging_mixin.py:109} INFO - [2026-01-10 09:34:40,909] {dag.py:1833} INFO - Sync 1 DAGs
[2026-01-10 09:34:40,946] {logging_mixin.py:109} INFO - [2026-01-10 09:34:40,946] {dag.py:2306} INFO - Setting next_dagrun for example_xcom to 2026-01-08 00:00:00+00:00
[2026-01-10 09:34:40,968] {processor.py:170} INFO - Processing /home/airflow/.local/lib/python3.6/site-packages/airflow/example_dags/example_xcom.py took 0.144 seconds
[2026-01-10 09:35:11,220] {processor.py:162} INFO - Started process (PID=908) to work on /home/airflow/.local/lib/python3.6/site-packages/airflow/example_dags/example_xcom.py
[2026-01-10 09:35:11,222] {processor.py:613} INFO - Processing file /home/airflow/.local/lib/python3.6/site-packages/airflow/example_dags/example_xcom.py for tasks to queue
[2026-01-10 09:35:11,223] {logging_mixin.py:109} INFO - [2026-01-10 09:35:11,223] {dagbag.py:496} INFO - Filling up the DagBag from /home/airflow/.local/lib/python3.6/site-packages/airflow/example_dags/example_xcom.py
[2026-01-10 09:35:11,242] {processor.py:623} INFO - DAG(s) dict_keys(['example_xcom']) retrieved from /home/airflow/.local/lib/python3.6/site-packages/airflow/example_dags/example_xcom.py
[2026-01-10 09:35:11,286] {logging_mixin.py:109} INFO - [2026-01-10 09:35:11,286] {dag.py:1833} INFO - Sync 1 DAGs
[2026-01-10 09:35:11,316] {logging_mixin.py:109} INFO - [2026-01-10 09:35:11,316] {dag.py:2306} INFO - Setting next_dagrun for example_xcom to 2026-01-08 00:00:00+00:00
[2026-01-10 09:35:11,330] {processor.py:170} INFO - Processing /home/airflow/.local/lib/python3.6/site-packages/airflow/example_dags/example_xcom.py took 0.115 seconds
[2026-01-10 09:35:41,722] {processor.py:162} INFO - Started process (PID=959) to work on /home/airflow/.local/lib/python3.6/site-packages/airflow/example_dags/example_xcom.py
[2026-01-10 09:35:41,724] {processor.py:613} INFO - Processing file /home/airflow/.local/lib/python3.6/site-packages/airflow/example_dags/example_xcom.py for tasks to queue
[2026-01-10 09:35:41,725] {logging_mixin.py:109} INFO - [2026-01-10 09:35:41,725] {dagbag.py:496} INFO - Filling up the DagBag from /home/airflow/.local/lib/python3.6/site-packages/airflow/example_dags/example_xcom.py
[2026-01-10 09:35:41,747] {processor.py:623} INFO - DAG(s) dict_keys(['example_xcom']) retrieved from /home/airflow/.local/lib/python3.6/site-packages/airflow/example_dags/example_xcom.py
[2026-01-10 09:35:41,799] {logging_mixin.py:109} INFO - [2026-01-10 09:35:41,799] {dag.py:1833} INFO - Sync 1 DAGs
[2026-01-10 09:35:41,852] {logging_mixin.py:109} INFO - [2026-01-10 09:35:41,852] {dag.py:2306} INFO - Setting next_dagrun for example_xcom to 2026-01-08 00:00:00+00:00
[2026-01-10 09:35:41,880] {processor.py:170} INFO - Processing /home/airflow/.local/lib/python3.6/site-packages/airflow/example_dags/example_xcom.py took 0.164 seconds
[2026-01-10 09:36:12,190] {processor.py:162} INFO - Started process (PID=1010) to work on /home/airflow/.local/lib/python3.6/site-packages/airflow/example_dags/example_xcom.py
[2026-01-10 09:36:12,196] {processor.py:613} INFO - Processing file /home/airflow/.local/lib/python3.6/site-packages/airflow/example_dags/example_xcom.py for tasks to queue
[2026-01-10 09:36:12,200] {logging_mixin.py:109} INFO - [2026-01-10 09:36:12,200] {dagbag.py:496} INFO - Filling up the DagBag from /home/airflow/.local/lib/python3.6/site-packages/airflow/example_dags/example_xcom.py
[2026-01-10 09:36:12,230] {processor.py:623} INFO - DAG(s) dict_keys(['example_xcom']) retrieved from /home/airflow/.local/lib/python3.6/site-packages/airflow/example_dags/example_xcom.py
[2026-01-10 09:36:12,310] {logging_mixin.py:109} INFO - [2026-01-10 09:36:12,310] {dag.py:1833} INFO - Sync 1 DAGs
[2026-01-10 09:36:12,379] {logging_mixin.py:109} INFO - [2026-01-10 09:36:12,379] {dag.py:2306} INFO - Setting next_dagrun for example_xcom to 2026-01-08 00:00:00+00:00
[2026-01-10 09:36:12,402] {processor.py:170} INFO - Processing /home/airflow/.local/lib/python3.6/site-packages/airflow/example_dags/example_xcom.py took 0.220 seconds
[2026-01-10 09:36:42,779] {processor.py:162} INFO - Started process (PID=1059) to work on /home/airflow/.local/lib/python3.6/site-packages/airflow/example_dags/example_xcom.py
[2026-01-10 09:36:42,783] {processor.py:613} INFO - Processing file /home/airflow/.local/lib/python3.6/site-packages/airflow/example_dags/example_xcom.py for tasks to queue
[2026-01-10 09:36:42,785] {logging_mixin.py:109} INFO - [2026-01-10 09:36:42,785] {dagbag.py:496} INFO - Filling up the DagBag from /home/airflow/.local/lib/python3.6/site-packages/airflow/example_dags/example_xcom.py
[2026-01-10 09:36:42,810] {processor.py:623} INFO - DAG(s) dict_keys(['example_xcom']) retrieved from /home/airflow/.local/lib/python3.6/site-packages/airflow/example_dags/example_xcom.py
[2026-01-10 09:36:42,870] {logging_mixin.py:109} INFO - [2026-01-10 09:36:42,869] {dag.py:1833} INFO - Sync 1 DAGs
[2026-01-10 09:36:42,945] {logging_mixin.py:109} INFO - [2026-01-10 09:36:42,945] {dag.py:2306} INFO - Setting next_dagrun for example_xcom to 2026-01-08 00:00:00+00:00
[2026-01-10 09:36:42,998] {processor.py:170} INFO - Processing /home/airflow/.local/lib/python3.6/site-packages/airflow/example_dags/example_xcom.py took 0.233 seconds
[2026-01-10 09:37:13,443] {processor.py:162} INFO - Started process (PID=1101) to work on /home/airflow/.local/lib/python3.6/site-packages/airflow/example_dags/example_xcom.py
[2026-01-10 09:37:13,450] {processor.py:613} INFO - Processing file /home/airflow/.local/lib/python3.6/site-packages/airflow/example_dags/example_xcom.py for tasks to queue
[2026-01-10 09:37:13,451] {logging_mixin.py:109} INFO - [2026-01-10 09:37:13,451] {dagbag.py:496} INFO - Filling up the DagBag from /home/airflow/.local/lib/python3.6/site-packages/airflow/example_dags/example_xcom.py
[2026-01-10 09:37:13,475] {processor.py:623} INFO - DAG(s) dict_keys(['example_xcom']) retrieved from /home/airflow/.local/lib/python3.6/site-packages/airflow/example_dags/example_xcom.py
[2026-01-10 09:37:13,545] {logging_mixin.py:109} INFO - [2026-01-10 09:37:13,544] {dag.py:1833} INFO - Sync 1 DAGs
[2026-01-10 09:37:13,593] {logging_mixin.py:109} INFO - [2026-01-10 09:37:13,593] {dag.py:2306} INFO - Setting next_dagrun for example_xcom to 2026-01-08 00:00:00+00:00
[2026-01-10 09:37:13,617] {processor.py:170} INFO - Processing /home/airflow/.local/lib/python3.6/site-packages/airflow/example_dags/example_xcom.py took 0.184 seconds
[2026-01-10 09:37:43,733] {processor.py:162} INFO - Started process (PID=1151) to work on /home/airflow/.local/lib/python3.6/site-packages/airflow/example_dags/example_xcom.py
[2026-01-10 09:37:43,738] {processor.py:613} INFO - Processing file /home/airflow/.local/lib/python3.6/site-packages/airflow/example_dags/example_xcom.py for tasks to queue
[2026-01-10 09:37:43,743] {logging_mixin.py:109} INFO - [2026-01-10 09:37:43,742] {dagbag.py:496} INFO - Filling up the DagBag from /home/airflow/.local/lib/python3.6/site-packages/airflow/example_dags/example_xcom.py
[2026-01-10 09:37:43,774] {processor.py:623} INFO - DAG(s) dict_keys(['example_xcom']) retrieved from /home/airflow/.local/lib/python3.6/site-packages/airflow/example_dags/example_xcom.py
[2026-01-10 09:37:43,845] {logging_mixin.py:109} INFO - [2026-01-10 09:37:43,845] {dag.py:1833} INFO - Sync 1 DAGs
[2026-01-10 09:37:43,886] {logging_mixin.py:109} INFO - [2026-01-10 09:37:43,886] {dag.py:2306} INFO - Setting next_dagrun for example_xcom to 2026-01-08 00:00:00+00:00
[2026-01-10 09:37:43,910] {processor.py:170} INFO - Processing /home/airflow/.local/lib/python3.6/site-packages/airflow/example_dags/example_xcom.py took 0.183 seconds
[2026-01-10 09:38:13,997] {processor.py:162} INFO - Started process (PID=1202) to work on /home/airflow/.local/lib/python3.6/site-packages/airflow/example_dags/example_xcom.py
[2026-01-10 09:38:13,999] {processor.py:613} INFO - Processing file /home/airflow/.local/lib/python3.6/site-packages/airflow/example_dags/example_xcom.py for tasks to queue
[2026-01-10 09:38:14,000] {logging_mixin.py:109} INFO - [2026-01-10 09:38:13,999] {dagbag.py:496} INFO - Filling up the DagBag from /home/airflow/.local/lib/python3.6/site-packages/airflow/example_dags/example_xcom.py
[2026-01-10 09:38:14,032] {processor.py:623} INFO - DAG(s) dict_keys(['example_xcom']) retrieved from /home/airflow/.local/lib/python3.6/site-packages/airflow/example_dags/example_xcom.py
[2026-01-10 09:38:14,097] {logging_mixin.py:109} INFO - [2026-01-10 09:38:14,097] {dag.py:1833} INFO - Sync 1 DAGs
[2026-01-10 09:38:14,133] {logging_mixin.py:109} INFO - [2026-01-10 09:38:14,133] {dag.py:2306} INFO - Setting next_dagrun for example_xcom to 2026-01-08 00:00:00+00:00
[2026-01-10 09:38:14,147] {processor.py:170} INFO - Processing /home/airflow/.local/lib/python3.6/site-packages/airflow/example_dags/example_xcom.py took 0.156 seconds
[2026-01-10 09:38:44,506] {processor.py:162} INFO - Started process (PID=1252) to work on /home/airflow/.local/lib/python3.6/site-packages/airflow/example_dags/example_xcom.py
[2026-01-10 09:38:44,508] {processor.py:613} INFO - Processing file /home/airflow/.local/lib/python3.6/site-packages/airflow/example_dags/example_xcom.py for tasks to queue
[2026-01-10 09:38:44,509] {logging_mixin.py:109} INFO - [2026-01-10 09:38:44,509] {dagbag.py:496} INFO - Filling up the DagBag from /home/airflow/.local/lib/python3.6/site-packages/airflow/example_dags/example_xcom.py
[2026-01-10 09:38:44,552] {processor.py:623} INFO - DAG(s) dict_keys(['example_xcom']) retrieved from /home/airflow/.local/lib/python3.6/site-packages/airflow/example_dags/example_xcom.py
[2026-01-10 09:38:44,588] {logging_mixin.py:109} INFO - [2026-01-10 09:38:44,588] {dag.py:1833} INFO - Sync 1 DAGs
[2026-01-10 09:38:44,615] {logging_mixin.py:109} INFO - [2026-01-10 09:38:44,615] {dag.py:2306} INFO - Setting next_dagrun for example_xcom to 2026-01-08 00:00:00+00:00
[2026-01-10 09:38:44,634] {processor.py:170} INFO - Processing /home/airflow/.local/lib/python3.6/site-packages/airflow/example_dags/example_xcom.py took 0.133 seconds
[2026-01-10 09:39:14,962] {processor.py:162} INFO - Started process (PID=1303) to work on /home/airflow/.local/lib/python3.6/site-packages/airflow/example_dags/example_xcom.py
[2026-01-10 09:39:14,966] {processor.py:613} INFO - Processing file /home/airflow/.local/lib/python3.6/site-packages/airflow/example_dags/example_xcom.py for tasks to queue
[2026-01-10 09:39:14,967] {logging_mixin.py:109} INFO - [2026-01-10 09:39:14,967] {dagbag.py:496} INFO - Filling up the DagBag from /home/airflow/.local/lib/python3.6/site-packages/airflow/example_dags/example_xcom.py
[2026-01-10 09:39:14,987] {processor.py:623} INFO - DAG(s) dict_keys(['example_xcom']) retrieved from /home/airflow/.local/lib/python3.6/site-packages/airflow/example_dags/example_xcom.py
[2026-01-10 09:39:15,017] {logging_mixin.py:109} INFO - [2026-01-10 09:39:15,017] {dag.py:1833} INFO - Sync 1 DAGs
[2026-01-10 09:39:15,040] {logging_mixin.py:109} INFO - [2026-01-10 09:39:15,040] {dag.py:2306} INFO - Setting next_dagrun for example_xcom to 2026-01-08 00:00:00+00:00
[2026-01-10 09:39:15,054] {processor.py:170} INFO - Processing /home/airflow/.local/lib/python3.6/site-packages/airflow/example_dags/example_xcom.py took 0.099 seconds
[2026-01-10 09:39:46,517] {processor.py:162} INFO - Started process (PID=1362) to work on /home/airflow/.local/lib/python3.6/site-packages/airflow/example_dags/example_xcom.py
[2026-01-10 09:39:46,521] {processor.py:613} INFO - Processing file /home/airflow/.local/lib/python3.6/site-packages/airflow/example_dags/example_xcom.py for tasks to queue
[2026-01-10 09:39:46,526] {logging_mixin.py:109} INFO - [2026-01-10 09:39:46,525] {dagbag.py:496} INFO - Filling up the DagBag from /home/airflow/.local/lib/python3.6/site-packages/airflow/example_dags/example_xcom.py
[2026-01-10 09:39:46,549] {processor.py:623} INFO - DAG(s) dict_keys(['example_xcom']) retrieved from /home/airflow/.local/lib/python3.6/site-packages/airflow/example_dags/example_xcom.py
[2026-01-10 09:39:46,595] {logging_mixin.py:109} INFO - [2026-01-10 09:39:46,595] {dag.py:1833} INFO - Sync 1 DAGs
[2026-01-10 09:39:46,621] {logging_mixin.py:109} INFO - [2026-01-10 09:39:46,620] {dag.py:2306} INFO - Setting next_dagrun for example_xcom to 2026-01-08 00:00:00+00:00
[2026-01-10 09:39:46,640] {processor.py:170} INFO - Processing /home/airflow/.local/lib/python3.6/site-packages/airflow/example_dags/example_xcom.py took 0.129 seconds
[2026-01-10 09:40:16,927] {processor.py:162} INFO - Started process (PID=1413) to work on /home/airflow/.local/lib/python3.6/site-packages/airflow/example_dags/example_xcom.py
[2026-01-10 09:40:16,928] {processor.py:613} INFO - Processing file /home/airflow/.local/lib/python3.6/site-packages/airflow/example_dags/example_xcom.py for tasks to queue
[2026-01-10 09:40:16,929] {logging_mixin.py:109} INFO - [2026-01-10 09:40:16,929] {dagbag.py:496} INFO - Filling up the DagBag from /home/airflow/.local/lib/python3.6/site-packages/airflow/example_dags/example_xcom.py
[2026-01-10 09:40:16,951] {processor.py:623} INFO - DAG(s) dict_keys(['example_xcom']) retrieved from /home/airflow/.local/lib/python3.6/site-packages/airflow/example_dags/example_xcom.py
[2026-01-10 09:40:16,986] {logging_mixin.py:109} INFO - [2026-01-10 09:40:16,986] {dag.py:1833} INFO - Sync 1 DAGs
[2026-01-10 09:40:17,015] {logging_mixin.py:109} INFO - [2026-01-10 09:40:17,014] {dag.py:2306} INFO - Setting next_dagrun for example_xcom to 2026-01-08 00:00:00+00:00
[2026-01-10 09:40:17,028] {processor.py:170} INFO - Processing /home/airflow/.local/lib/python3.6/site-packages/airflow/example_dags/example_xcom.py took 0.106 seconds
[2026-01-10 09:40:47,134] {processor.py:162} INFO - Started process (PID=1463) to work on /home/airflow/.local/lib/python3.6/site-packages/airflow/example_dags/example_xcom.py
[2026-01-10 09:40:47,136] {processor.py:613} INFO - Processing file /home/airflow/.local/lib/python3.6/site-packages/airflow/example_dags/example_xcom.py for tasks to queue
[2026-01-10 09:40:47,137] {logging_mixin.py:109} INFO - [2026-01-10 09:40:47,137] {dagbag.py:496} INFO - Filling up the DagBag from /home/airflow/.local/lib/python3.6/site-packages/airflow/example_dags/example_xcom.py
[2026-01-10 09:40:47,158] {processor.py:623} INFO - DAG(s) dict_keys(['example_xcom']) retrieved from /home/airflow/.local/lib/python3.6/site-packages/airflow/example_dags/example_xcom.py
[2026-01-10 09:40:47,194] {logging_mixin.py:109} INFO - [2026-01-10 09:40:47,194] {dag.py:1833} INFO - Sync 1 DAGs
[2026-01-10 09:40:47,223] {logging_mixin.py:109} INFO - [2026-01-10 09:40:47,222] {dag.py:2306} INFO - Setting next_dagrun for example_xcom to 2026-01-08 00:00:00+00:00
[2026-01-10 09:40:47,241] {processor.py:170} INFO - Processing /home/airflow/.local/lib/python3.6/site-packages/airflow/example_dags/example_xcom.py took 0.114 seconds
[2026-01-10 09:41:17,681] {processor.py:162} INFO - Started process (PID=1514) to work on /home/airflow/.local/lib/python3.6/site-packages/airflow/example_dags/example_xcom.py
[2026-01-10 09:41:17,683] {processor.py:613} INFO - Processing file /home/airflow/.local/lib/python3.6/site-packages/airflow/example_dags/example_xcom.py for tasks to queue
[2026-01-10 09:41:17,685] {logging_mixin.py:109} INFO - [2026-01-10 09:41:17,685] {dagbag.py:496} INFO - Filling up the DagBag from /home/airflow/.local/lib/python3.6/site-packages/airflow/example_dags/example_xcom.py
[2026-01-10 09:41:17,706] {processor.py:623} INFO - DAG(s) dict_keys(['example_xcom']) retrieved from /home/airflow/.local/lib/python3.6/site-packages/airflow/example_dags/example_xcom.py
[2026-01-10 09:41:17,737] {logging_mixin.py:109} INFO - [2026-01-10 09:41:17,737] {dag.py:1833} INFO - Sync 1 DAGs
[2026-01-10 09:41:17,764] {logging_mixin.py:109} INFO - [2026-01-10 09:41:17,764] {dag.py:2306} INFO - Setting next_dagrun for example_xcom to 2026-01-08 00:00:00+00:00
[2026-01-10 09:41:17,790] {processor.py:170} INFO - Processing /home/airflow/.local/lib/python3.6/site-packages/airflow/example_dags/example_xcom.py took 0.114 seconds
[2026-01-10 09:41:47,918] {processor.py:162} INFO - Started process (PID=1564) to work on /home/airflow/.local/lib/python3.6/site-packages/airflow/example_dags/example_xcom.py
[2026-01-10 09:41:47,919] {processor.py:613} INFO - Processing file /home/airflow/.local/lib/python3.6/site-packages/airflow/example_dags/example_xcom.py for tasks to queue
[2026-01-10 09:41:47,920] {logging_mixin.py:109} INFO - [2026-01-10 09:41:47,920] {dagbag.py:496} INFO - Filling up the DagBag from /home/airflow/.local/lib/python3.6/site-packages/airflow/example_dags/example_xcom.py
[2026-01-10 09:41:47,945] {processor.py:623} INFO - DAG(s) dict_keys(['example_xcom']) retrieved from /home/airflow/.local/lib/python3.6/site-packages/airflow/example_dags/example_xcom.py
[2026-01-10 09:41:47,981] {logging_mixin.py:109} INFO - [2026-01-10 09:41:47,981] {dag.py:1833} INFO - Sync 1 DAGs
[2026-01-10 09:41:48,016] {logging_mixin.py:109} INFO - [2026-01-10 09:41:48,016] {dag.py:2306} INFO - Setting next_dagrun for example_xcom to 2026-01-08 00:00:00+00:00
[2026-01-10 09:41:48,032] {processor.py:170} INFO - Processing /home/airflow/.local/lib/python3.6/site-packages/airflow/example_dags/example_xcom.py took 0.119 seconds
[2026-01-10 09:42:18,240] {processor.py:162} INFO - Started process (PID=1615) to work on /home/airflow/.local/lib/python3.6/site-packages/airflow/example_dags/example_xcom.py
[2026-01-10 09:42:18,242] {processor.py:613} INFO - Processing file /home/airflow/.local/lib/python3.6/site-packages/airflow/example_dags/example_xcom.py for tasks to queue
[2026-01-10 09:42:18,243] {logging_mixin.py:109} INFO - [2026-01-10 09:42:18,243] {dagbag.py:496} INFO - Filling up the DagBag from /home/airflow/.local/lib/python3.6/site-packages/airflow/example_dags/example_xcom.py
[2026-01-10 09:42:18,263] {processor.py:623} INFO - DAG(s) dict_keys(['example_xcom']) retrieved from /home/airflow/.local/lib/python3.6/site-packages/airflow/example_dags/example_xcom.py
[2026-01-10 09:42:18,296] {logging_mixin.py:109} INFO - [2026-01-10 09:42:18,296] {dag.py:1833} INFO - Sync 1 DAGs
[2026-01-10 09:42:18,327] {logging_mixin.py:109} INFO - [2026-01-10 09:42:18,327] {dag.py:2306} INFO - Setting next_dagrun for example_xcom to 2026-01-08 00:00:00+00:00
[2026-01-10 09:42:18,339] {processor.py:170} INFO - Processing /home/airflow/.local/lib/python3.6/site-packages/airflow/example_dags/example_xcom.py took 0.104 seconds
[2026-01-10 09:42:48,734] {processor.py:162} INFO - Started process (PID=1666) to work on /home/airflow/.local/lib/python3.6/site-packages/airflow/example_dags/example_xcom.py
[2026-01-10 09:42:48,736] {processor.py:613} INFO - Processing file /home/airflow/.local/lib/python3.6/site-packages/airflow/example_dags/example_xcom.py for tasks to queue
[2026-01-10 09:42:48,737] {logging_mixin.py:109} INFO - [2026-01-10 09:42:48,736] {dagbag.py:496} INFO - Filling up the DagBag from /home/airflow/.local/lib/python3.6/site-packages/airflow/example_dags/example_xcom.py
[2026-01-10 09:42:48,762] {processor.py:623} INFO - DAG(s) dict_keys(['example_xcom']) retrieved from /home/airflow/.local/lib/python3.6/site-packages/airflow/example_dags/example_xcom.py
[2026-01-10 09:42:48,815] {logging_mixin.py:109} INFO - [2026-01-10 09:42:48,815] {dag.py:1833} INFO - Sync 1 DAGs
[2026-01-10 09:42:48,870] {logging_mixin.py:109} INFO - [2026-01-10 09:42:48,870] {dag.py:2306} INFO - Setting next_dagrun for example_xcom to 2026-01-08 00:00:00+00:00
[2026-01-10 09:42:48,897] {processor.py:170} INFO - Processing /home/airflow/.local/lib/python3.6/site-packages/airflow/example_dags/example_xcom.py took 0.168 seconds
[2026-01-10 09:43:19,505] {processor.py:162} INFO - Started process (PID=1727) to work on /home/airflow/.local/lib/python3.6/site-packages/airflow/example_dags/example_xcom.py
[2026-01-10 09:43:19,507] {processor.py:613} INFO - Processing file /home/airflow/.local/lib/python3.6/site-packages/airflow/example_dags/example_xcom.py for tasks to queue
[2026-01-10 09:43:19,508] {logging_mixin.py:109} INFO - [2026-01-10 09:43:19,508] {dagbag.py:496} INFO - Filling up the DagBag from /home/airflow/.local/lib/python3.6/site-packages/airflow/example_dags/example_xcom.py
[2026-01-10 09:43:19,536] {processor.py:623} INFO - DAG(s) dict_keys(['example_xcom']) retrieved from /home/airflow/.local/lib/python3.6/site-packages/airflow/example_dags/example_xcom.py
[2026-01-10 09:43:19,590] {logging_mixin.py:109} INFO - [2026-01-10 09:43:19,590] {dag.py:1833} INFO - Sync 1 DAGs
[2026-01-10 09:43:19,635] {logging_mixin.py:109} INFO - [2026-01-10 09:43:19,635] {dag.py:2306} INFO - Setting next_dagrun for example_xcom to 2026-01-08 00:00:00+00:00
[2026-01-10 09:43:19,659] {processor.py:170} INFO - Processing /home/airflow/.local/lib/python3.6/site-packages/airflow/example_dags/example_xcom.py took 0.158 seconds
[2026-01-10 09:43:49,798] {processor.py:162} INFO - Started process (PID=1778) to work on /home/airflow/.local/lib/python3.6/site-packages/airflow/example_dags/example_xcom.py
[2026-01-10 09:43:49,799] {processor.py:613} INFO - Processing file /home/airflow/.local/lib/python3.6/site-packages/airflow/example_dags/example_xcom.py for tasks to queue
[2026-01-10 09:43:49,800] {logging_mixin.py:109} INFO - [2026-01-10 09:43:49,800] {dagbag.py:496} INFO - Filling up the DagBag from /home/airflow/.local/lib/python3.6/site-packages/airflow/example_dags/example_xcom.py
[2026-01-10 09:43:49,818] {processor.py:623} INFO - DAG(s) dict_keys(['example_xcom']) retrieved from /home/airflow/.local/lib/python3.6/site-packages/airflow/example_dags/example_xcom.py
[2026-01-10 09:43:49,850] {logging_mixin.py:109} INFO - [2026-01-10 09:43:49,850] {dag.py:1833} INFO - Sync 1 DAGs
[2026-01-10 09:43:49,905] {logging_mixin.py:109} INFO - [2026-01-10 09:43:49,904] {dag.py:2306} INFO - Setting next_dagrun for example_xcom to 2026-01-08 00:00:00+00:00
[2026-01-10 09:43:49,933] {processor.py:170} INFO - Processing /home/airflow/.local/lib/python3.6/site-packages/airflow/example_dags/example_xcom.py took 0.139 seconds
[2026-01-10 09:44:22,185] {processor.py:162} INFO - Started process (PID=1829) to work on /home/airflow/.local/lib/python3.6/site-packages/airflow/example_dags/example_xcom.py
[2026-01-10 09:44:22,210] {processor.py:613} INFO - Processing file /home/airflow/.local/lib/python3.6/site-packages/airflow/example_dags/example_xcom.py for tasks to queue
[2026-01-10 09:44:22,212] {logging_mixin.py:109} INFO - [2026-01-10 09:44:22,212] {dagbag.py:496} INFO - Filling up the DagBag from /home/airflow/.local/lib/python3.6/site-packages/airflow/example_dags/example_xcom.py
[2026-01-10 09:44:22,351] {processor.py:623} INFO - DAG(s) dict_keys(['example_xcom']) retrieved from /home/airflow/.local/lib/python3.6/site-packages/airflow/example_dags/example_xcom.py
[2026-01-10 09:44:22,533] {logging_mixin.py:109} INFO - [2026-01-10 09:44:22,533] {dag.py:1833} INFO - Sync 1 DAGs
[2026-01-10 09:44:22,592] {logging_mixin.py:109} INFO - [2026-01-10 09:44:22,591] {dag.py:2306} INFO - Setting next_dagrun for example_xcom to 2026-01-08 00:00:00+00:00
[2026-01-10 09:44:22,627] {processor.py:170} INFO - Processing /home/airflow/.local/lib/python3.6/site-packages/airflow/example_dags/example_xcom.py took 0.471 seconds
[2026-01-10 09:44:53,128] {processor.py:162} INFO - Started process (PID=1880) to work on /home/airflow/.local/lib/python3.6/site-packages/airflow/example_dags/example_xcom.py
[2026-01-10 09:44:53,130] {processor.py:613} INFO - Processing file /home/airflow/.local/lib/python3.6/site-packages/airflow/example_dags/example_xcom.py for tasks to queue
[2026-01-10 09:44:53,132] {logging_mixin.py:109} INFO - [2026-01-10 09:44:53,131] {dagbag.py:496} INFO - Filling up the DagBag from /home/airflow/.local/lib/python3.6/site-packages/airflow/example_dags/example_xcom.py
[2026-01-10 09:44:53,158] {processor.py:623} INFO - DAG(s) dict_keys(['example_xcom']) retrieved from /home/airflow/.local/lib/python3.6/site-packages/airflow/example_dags/example_xcom.py
[2026-01-10 09:44:53,195] {logging_mixin.py:109} INFO - [2026-01-10 09:44:53,194] {dag.py:1833} INFO - Sync 1 DAGs
[2026-01-10 09:44:53,230] {logging_mixin.py:109} INFO - [2026-01-10 09:44:53,230] {dag.py:2306} INFO - Setting next_dagrun for example_xcom to 2026-01-08 00:00:00+00:00
[2026-01-10 09:44:53,252] {processor.py:170} INFO - Processing /home/airflow/.local/lib/python3.6/site-packages/airflow/example_dags/example_xcom.py took 0.139 seconds
[2026-01-10 09:45:23,287] {processor.py:162} INFO - Started process (PID=1931) to work on /home/airflow/.local/lib/python3.6/site-packages/airflow/example_dags/example_xcom.py
[2026-01-10 09:45:23,289] {processor.py:613} INFO - Processing file /home/airflow/.local/lib/python3.6/site-packages/airflow/example_dags/example_xcom.py for tasks to queue
[2026-01-10 09:45:23,290] {logging_mixin.py:109} INFO - [2026-01-10 09:45:23,290] {dagbag.py:496} INFO - Filling up the DagBag from /home/airflow/.local/lib/python3.6/site-packages/airflow/example_dags/example_xcom.py
[2026-01-10 09:45:23,314] {processor.py:623} INFO - DAG(s) dict_keys(['example_xcom']) retrieved from /home/airflow/.local/lib/python3.6/site-packages/airflow/example_dags/example_xcom.py
[2026-01-10 09:45:23,351] {logging_mixin.py:109} INFO - [2026-01-10 09:45:23,351] {dag.py:1833} INFO - Sync 1 DAGs
[2026-01-10 09:45:23,372] {logging_mixin.py:109} INFO - [2026-01-10 09:45:23,372] {dag.py:2306} INFO - Setting next_dagrun for example_xcom to 2026-01-08 00:00:00+00:00
[2026-01-10 09:45:23,385] {processor.py:170} INFO - Processing /home/airflow/.local/lib/python3.6/site-packages/airflow/example_dags/example_xcom.py took 0.104 seconds
[2026-01-10 09:45:53,620] {processor.py:162} INFO - Started process (PID=1981) to work on /home/airflow/.local/lib/python3.6/site-packages/airflow/example_dags/example_xcom.py
[2026-01-10 09:45:53,624] {processor.py:613} INFO - Processing file /home/airflow/.local/lib/python3.6/site-packages/airflow/example_dags/example_xcom.py for tasks to queue
[2026-01-10 09:45:53,625] {logging_mixin.py:109} INFO - [2026-01-10 09:45:53,625] {dagbag.py:496} INFO - Filling up the DagBag from /home/airflow/.local/lib/python3.6/site-packages/airflow/example_dags/example_xcom.py
[2026-01-10 09:45:53,653] {processor.py:623} INFO - DAG(s) dict_keys(['example_xcom']) retrieved from /home/airflow/.local/lib/python3.6/site-packages/airflow/example_dags/example_xcom.py
[2026-01-10 09:45:53,699] {logging_mixin.py:109} INFO - [2026-01-10 09:45:53,699] {dag.py:1833} INFO - Sync 1 DAGs
[2026-01-10 09:45:53,732] {logging_mixin.py:109} INFO - [2026-01-10 09:45:53,732] {dag.py:2306} INFO - Setting next_dagrun for example_xcom to 2026-01-08 00:00:00+00:00
[2026-01-10 09:45:53,765] {processor.py:170} INFO - Processing /home/airflow/.local/lib/python3.6/site-packages/airflow/example_dags/example_xcom.py took 0.152 seconds
[2026-01-10 09:46:23,935] {processor.py:162} INFO - Started process (PID=2032) to work on /home/airflow/.local/lib/python3.6/site-packages/airflow/example_dags/example_xcom.py
[2026-01-10 09:46:23,937] {processor.py:613} INFO - Processing file /home/airflow/.local/lib/python3.6/site-packages/airflow/example_dags/example_xcom.py for tasks to queue
[2026-01-10 09:46:23,938] {logging_mixin.py:109} INFO - [2026-01-10 09:46:23,938] {dagbag.py:496} INFO - Filling up the DagBag from /home/airflow/.local/lib/python3.6/site-packages/airflow/example_dags/example_xcom.py
[2026-01-10 09:46:23,983] {processor.py:623} INFO - DAG(s) dict_keys(['example_xcom']) retrieved from /home/airflow/.local/lib/python3.6/site-packages/airflow/example_dags/example_xcom.py
[2026-01-10 09:46:24,040] {logging_mixin.py:109} INFO - [2026-01-10 09:46:24,040] {dag.py:1833} INFO - Sync 1 DAGs
[2026-01-10 09:46:24,076] {logging_mixin.py:109} INFO - [2026-01-10 09:46:24,075] {dag.py:2306} INFO - Setting next_dagrun for example_xcom to 2026-01-08 00:00:00+00:00
[2026-01-10 09:46:24,105] {processor.py:170} INFO - Processing /home/airflow/.local/lib/python3.6/site-packages/airflow/example_dags/example_xcom.py took 0.182 seconds
[2026-01-10 09:46:54,469] {processor.py:162} INFO - Started process (PID=2082) to work on /home/airflow/.local/lib/python3.6/site-packages/airflow/example_dags/example_xcom.py
[2026-01-10 09:46:54,470] {processor.py:613} INFO - Processing file /home/airflow/.local/lib/python3.6/site-packages/airflow/example_dags/example_xcom.py for tasks to queue
[2026-01-10 09:46:54,470] {logging_mixin.py:109} INFO - [2026-01-10 09:46:54,470] {dagbag.py:496} INFO - Filling up the DagBag from /home/airflow/.local/lib/python3.6/site-packages/airflow/example_dags/example_xcom.py
[2026-01-10 09:46:54,486] {processor.py:623} INFO - DAG(s) dict_keys(['example_xcom']) retrieved from /home/airflow/.local/lib/python3.6/site-packages/airflow/example_dags/example_xcom.py
[2026-01-10 09:46:54,509] {logging_mixin.py:109} INFO - [2026-01-10 09:46:54,509] {dag.py:1833} INFO - Sync 1 DAGs
[2026-01-10 09:46:54,525] {logging_mixin.py:109} INFO - [2026-01-10 09:46:54,525] {dag.py:2306} INFO - Setting next_dagrun for example_xcom to 2026-01-08 00:00:00+00:00
[2026-01-10 09:46:54,534] {processor.py:170} INFO - Processing /home/airflow/.local/lib/python3.6/site-packages/airflow/example_dags/example_xcom.py took 0.068 seconds
[2026-01-10 09:47:31,806] {processor.py:162} INFO - Started process (PID=2130) to work on /home/airflow/.local/lib/python3.6/site-packages/airflow/example_dags/example_xcom.py
[2026-01-10 09:47:31,813] {processor.py:613} INFO - Processing file /home/airflow/.local/lib/python3.6/site-packages/airflow/example_dags/example_xcom.py for tasks to queue
[2026-01-10 09:47:31,815] {logging_mixin.py:109} INFO - [2026-01-10 09:47:31,814] {dagbag.py:496} INFO - Filling up the DagBag from /home/airflow/.local/lib/python3.6/site-packages/airflow/example_dags/example_xcom.py
[2026-01-10 09:47:31,916] {processor.py:623} INFO - DAG(s) dict_keys(['example_xcom']) retrieved from /home/airflow/.local/lib/python3.6/site-packages/airflow/example_dags/example_xcom.py
[2026-01-10 09:47:32,091] {logging_mixin.py:109} INFO - [2026-01-10 09:47:32,091] {dag.py:1833} INFO - Sync 1 DAGs
[2026-01-10 09:47:32,228] {logging_mixin.py:109} INFO - [2026-01-10 09:47:32,220] {dag.py:2306} INFO - Setting next_dagrun for example_xcom to 2026-01-08 00:00:00+00:00
[2026-01-10 09:47:32,326] {processor.py:170} INFO - Processing /home/airflow/.local/lib/python3.6/site-packages/airflow/example_dags/example_xcom.py took 0.536 seconds
[2026-01-10 09:48:04,063] {processor.py:162} INFO - Started process (PID=2171) to work on /home/airflow/.local/lib/python3.6/site-packages/airflow/example_dags/example_xcom.py
[2026-01-10 09:48:04,066] {processor.py:613} INFO - Processing file /home/airflow/.local/lib/python3.6/site-packages/airflow/example_dags/example_xcom.py for tasks to queue
[2026-01-10 09:48:04,067] {logging_mixin.py:109} INFO - [2026-01-10 09:48:04,067] {dagbag.py:496} INFO - Filling up the DagBag from /home/airflow/.local/lib/python3.6/site-packages/airflow/example_dags/example_xcom.py
[2026-01-10 09:48:04,115] {processor.py:623} INFO - DAG(s) dict_keys(['example_xcom']) retrieved from /home/airflow/.local/lib/python3.6/site-packages/airflow/example_dags/example_xcom.py
[2026-01-10 09:48:04,150] {logging_mixin.py:109} INFO - [2026-01-10 09:48:04,150] {dag.py:1833} INFO - Sync 1 DAGs
[2026-01-10 09:48:04,191] {logging_mixin.py:109} INFO - [2026-01-10 09:48:04,191] {dag.py:2306} INFO - Setting next_dagrun for example_xcom to 2026-01-08 00:00:00+00:00
[2026-01-10 09:48:04,232] {processor.py:170} INFO - Processing /home/airflow/.local/lib/python3.6/site-packages/airflow/example_dags/example_xcom.py took 0.180 seconds
[2026-01-10 09:48:35,048] {processor.py:162} INFO - Started process (PID=2212) to work on /home/airflow/.local/lib/python3.6/site-packages/airflow/example_dags/example_xcom.py
[2026-01-10 09:48:35,052] {processor.py:613} INFO - Processing file /home/airflow/.local/lib/python3.6/site-packages/airflow/example_dags/example_xcom.py for tasks to queue
[2026-01-10 09:48:35,054] {logging_mixin.py:109} INFO - [2026-01-10 09:48:35,054] {dagbag.py:496} INFO - Filling up the DagBag from /home/airflow/.local/lib/python3.6/site-packages/airflow/example_dags/example_xcom.py
[2026-01-10 09:48:35,146] {processor.py:623} INFO - DAG(s) dict_keys(['example_xcom']) retrieved from /home/airflow/.local/lib/python3.6/site-packages/airflow/example_dags/example_xcom.py
[2026-01-10 09:48:35,214] {logging_mixin.py:109} INFO - [2026-01-10 09:48:35,214] {dag.py:1833} INFO - Sync 1 DAGs
[2026-01-10 09:48:35,262] {logging_mixin.py:109} INFO - [2026-01-10 09:48:35,262] {dag.py:2306} INFO - Setting next_dagrun for example_xcom to 2026-01-08 00:00:00+00:00
[2026-01-10 09:48:35,295] {processor.py:170} INFO - Processing /home/airflow/.local/lib/python3.6/site-packages/airflow/example_dags/example_xcom.py took 0.275 seconds
[2026-01-10 09:49:17,818] {processor.py:162} INFO - Started process (PID=2254) to work on /home/airflow/.local/lib/python3.6/site-packages/airflow/example_dags/example_xcom.py
[2026-01-10 09:49:17,828] {processor.py:613} INFO - Processing file /home/airflow/.local/lib/python3.6/site-packages/airflow/example_dags/example_xcom.py for tasks to queue
[2026-01-10 09:49:17,829] {logging_mixin.py:109} INFO - [2026-01-10 09:49:17,829] {dagbag.py:496} INFO - Filling up the DagBag from /home/airflow/.local/lib/python3.6/site-packages/airflow/example_dags/example_xcom.py
[2026-01-10 09:49:17,911] {processor.py:623} INFO - DAG(s) dict_keys(['example_xcom']) retrieved from /home/airflow/.local/lib/python3.6/site-packages/airflow/example_dags/example_xcom.py
[2026-01-10 09:49:18,235] {logging_mixin.py:109} INFO - [2026-01-10 09:49:18,235] {dag.py:1833} INFO - Sync 1 DAGs
[2026-01-10 09:49:18,277] {logging_mixin.py:109} INFO - [2026-01-10 09:49:18,277] {dag.py:2306} INFO - Setting next_dagrun for example_xcom to 2026-01-08 00:00:00+00:00
[2026-01-10 09:49:18,302] {processor.py:170} INFO - Processing /home/airflow/.local/lib/python3.6/site-packages/airflow/example_dags/example_xcom.py took 0.498 seconds
[2026-01-10 09:49:48,872] {processor.py:162} INFO - Started process (PID=2303) to work on /home/airflow/.local/lib/python3.6/site-packages/airflow/example_dags/example_xcom.py
[2026-01-10 09:49:48,875] {processor.py:613} INFO - Processing file /home/airflow/.local/lib/python3.6/site-packages/airflow/example_dags/example_xcom.py for tasks to queue
[2026-01-10 09:49:48,878] {logging_mixin.py:109} INFO - [2026-01-10 09:49:48,875] {dagbag.py:496} INFO - Filling up the DagBag from /home/airflow/.local/lib/python3.6/site-packages/airflow/example_dags/example_xcom.py
[2026-01-10 09:49:48,918] {processor.py:623} INFO - DAG(s) dict_keys(['example_xcom']) retrieved from /home/airflow/.local/lib/python3.6/site-packages/airflow/example_dags/example_xcom.py
[2026-01-10 09:49:49,016] {logging_mixin.py:109} INFO - [2026-01-10 09:49:49,016] {dag.py:1833} INFO - Sync 1 DAGs
[2026-01-10 09:49:49,068] {logging_mixin.py:109} INFO - [2026-01-10 09:49:49,068] {dag.py:2306} INFO - Setting next_dagrun for example_xcom to 2026-01-08 00:00:00+00:00
[2026-01-10 09:49:49,087] {processor.py:170} INFO - Processing /home/airflow/.local/lib/python3.6/site-packages/airflow/example_dags/example_xcom.py took 0.222 seconds
[2026-01-10 09:50:19,715] {processor.py:162} INFO - Started process (PID=2348) to work on /home/airflow/.local/lib/python3.6/site-packages/airflow/example_dags/example_xcom.py
[2026-01-10 09:50:19,720] {processor.py:613} INFO - Processing file /home/airflow/.local/lib/python3.6/site-packages/airflow/example_dags/example_xcom.py for tasks to queue
[2026-01-10 09:50:19,722] {logging_mixin.py:109} INFO - [2026-01-10 09:50:19,722] {dagbag.py:496} INFO - Filling up the DagBag from /home/airflow/.local/lib/python3.6/site-packages/airflow/example_dags/example_xcom.py
[2026-01-10 09:50:19,746] {processor.py:623} INFO - DAG(s) dict_keys(['example_xcom']) retrieved from /home/airflow/.local/lib/python3.6/site-packages/airflow/example_dags/example_xcom.py
[2026-01-10 09:50:19,784] {logging_mixin.py:109} INFO - [2026-01-10 09:50:19,783] {dag.py:1833} INFO - Sync 1 DAGs
[2026-01-10 09:50:19,811] {logging_mixin.py:109} INFO - [2026-01-10 09:50:19,811] {dag.py:2306} INFO - Setting next_dagrun for example_xcom to 2026-01-08 00:00:00+00:00
[2026-01-10 09:50:19,827] {processor.py:170} INFO - Processing /home/airflow/.local/lib/python3.6/site-packages/airflow/example_dags/example_xcom.py took 0.116 seconds
[2026-01-10 09:50:49,971] {processor.py:162} INFO - Started process (PID=2398) to work on /home/airflow/.local/lib/python3.6/site-packages/airflow/example_dags/example_xcom.py
[2026-01-10 09:50:49,972] {processor.py:613} INFO - Processing file /home/airflow/.local/lib/python3.6/site-packages/airflow/example_dags/example_xcom.py for tasks to queue
[2026-01-10 09:50:49,973] {logging_mixin.py:109} INFO - [2026-01-10 09:50:49,973] {dagbag.py:496} INFO - Filling up the DagBag from /home/airflow/.local/lib/python3.6/site-packages/airflow/example_dags/example_xcom.py
[2026-01-10 09:50:49,987] {processor.py:623} INFO - DAG(s) dict_keys(['example_xcom']) retrieved from /home/airflow/.local/lib/python3.6/site-packages/airflow/example_dags/example_xcom.py
[2026-01-10 09:50:50,050] {logging_mixin.py:109} INFO - [2026-01-10 09:50:50,050] {dag.py:1833} INFO - Sync 1 DAGs
[2026-01-10 09:50:50,072] {logging_mixin.py:109} INFO - [2026-01-10 09:50:50,072] {dag.py:2306} INFO - Setting next_dagrun for example_xcom to 2026-01-08 00:00:00+00:00
[2026-01-10 09:50:50,087] {processor.py:170} INFO - Processing /home/airflow/.local/lib/python3.6/site-packages/airflow/example_dags/example_xcom.py took 0.122 seconds
[2026-01-10 09:51:20,345] {processor.py:162} INFO - Started process (PID=2449) to work on /home/airflow/.local/lib/python3.6/site-packages/airflow/example_dags/example_xcom.py
[2026-01-10 09:51:20,347] {processor.py:613} INFO - Processing file /home/airflow/.local/lib/python3.6/site-packages/airflow/example_dags/example_xcom.py for tasks to queue
[2026-01-10 09:51:20,348] {logging_mixin.py:109} INFO - [2026-01-10 09:51:20,348] {dagbag.py:496} INFO - Filling up the DagBag from /home/airflow/.local/lib/python3.6/site-packages/airflow/example_dags/example_xcom.py
[2026-01-10 09:51:20,371] {processor.py:623} INFO - DAG(s) dict_keys(['example_xcom']) retrieved from /home/airflow/.local/lib/python3.6/site-packages/airflow/example_dags/example_xcom.py
[2026-01-10 09:51:20,406] {logging_mixin.py:109} INFO - [2026-01-10 09:51:20,406] {dag.py:1833} INFO - Sync 1 DAGs
[2026-01-10 09:51:20,440] {logging_mixin.py:109} INFO - [2026-01-10 09:51:20,440] {dag.py:2306} INFO - Setting next_dagrun for example_xcom to 2026-01-08 00:00:00+00:00
[2026-01-10 09:51:20,457] {processor.py:170} INFO - Processing /home/airflow/.local/lib/python3.6/site-packages/airflow/example_dags/example_xcom.py took 0.119 seconds
[2026-01-10 09:51:50,890] {processor.py:162} INFO - Started process (PID=2499) to work on /home/airflow/.local/lib/python3.6/site-packages/airflow/example_dags/example_xcom.py
[2026-01-10 09:51:50,893] {processor.py:613} INFO - Processing file /home/airflow/.local/lib/python3.6/site-packages/airflow/example_dags/example_xcom.py for tasks to queue
[2026-01-10 09:51:50,895] {logging_mixin.py:109} INFO - [2026-01-10 09:51:50,895] {dagbag.py:496} INFO - Filling up the DagBag from /home/airflow/.local/lib/python3.6/site-packages/airflow/example_dags/example_xcom.py
[2026-01-10 09:51:50,921] {processor.py:623} INFO - DAG(s) dict_keys(['example_xcom']) retrieved from /home/airflow/.local/lib/python3.6/site-packages/airflow/example_dags/example_xcom.py
[2026-01-10 09:51:50,961] {logging_mixin.py:109} INFO - [2026-01-10 09:51:50,961] {dag.py:1833} INFO - Sync 1 DAGs
[2026-01-10 09:51:50,991] {logging_mixin.py:109} INFO - [2026-01-10 09:51:50,991] {dag.py:2306} INFO - Setting next_dagrun for example_xcom to 2026-01-08 00:00:00+00:00
[2026-01-10 09:51:51,016] {processor.py:170} INFO - Processing /home/airflow/.local/lib/python3.6/site-packages/airflow/example_dags/example_xcom.py took 0.131 seconds
[2026-01-10 09:52:21,327] {processor.py:162} INFO - Started process (PID=2550) to work on /home/airflow/.local/lib/python3.6/site-packages/airflow/example_dags/example_xcom.py
[2026-01-10 09:52:21,328] {processor.py:613} INFO - Processing file /home/airflow/.local/lib/python3.6/site-packages/airflow/example_dags/example_xcom.py for tasks to queue
[2026-01-10 09:52:21,329] {logging_mixin.py:109} INFO - [2026-01-10 09:52:21,329] {dagbag.py:496} INFO - Filling up the DagBag from /home/airflow/.local/lib/python3.6/site-packages/airflow/example_dags/example_xcom.py
[2026-01-10 09:52:21,352] {processor.py:623} INFO - DAG(s) dict_keys(['example_xcom']) retrieved from /home/airflow/.local/lib/python3.6/site-packages/airflow/example_dags/example_xcom.py
[2026-01-10 09:52:21,387] {logging_mixin.py:109} INFO - [2026-01-10 09:52:21,387] {dag.py:1833} INFO - Sync 1 DAGs
[2026-01-10 09:52:21,409] {logging_mixin.py:109} INFO - [2026-01-10 09:52:21,409] {dag.py:2306} INFO - Setting next_dagrun for example_xcom to 2026-01-08 00:00:00+00:00
[2026-01-10 09:52:21,423] {processor.py:170} INFO - Processing /home/airflow/.local/lib/python3.6/site-packages/airflow/example_dags/example_xcom.py took 0.101 seconds
[2026-01-10 09:52:51,888] {processor.py:162} INFO - Started process (PID=2591) to work on /home/airflow/.local/lib/python3.6/site-packages/airflow/example_dags/example_xcom.py
[2026-01-10 09:52:51,891] {processor.py:613} INFO - Processing file /home/airflow/.local/lib/python3.6/site-packages/airflow/example_dags/example_xcom.py for tasks to queue
[2026-01-10 09:52:51,892] {logging_mixin.py:109} INFO - [2026-01-10 09:52:51,892] {dagbag.py:496} INFO - Filling up the DagBag from /home/airflow/.local/lib/python3.6/site-packages/airflow/example_dags/example_xcom.py
[2026-01-10 09:52:51,921] {processor.py:623} INFO - DAG(s) dict_keys(['example_xcom']) retrieved from /home/airflow/.local/lib/python3.6/site-packages/airflow/example_dags/example_xcom.py
[2026-01-10 09:52:52,021] {logging_mixin.py:109} INFO - [2026-01-10 09:52:52,021] {dag.py:1833} INFO - Sync 1 DAGs
[2026-01-10 09:52:52,096] {logging_mixin.py:109} INFO - [2026-01-10 09:52:52,096] {dag.py:2306} INFO - Setting next_dagrun for example_xcom to 2026-01-08 00:00:00+00:00
[2026-01-10 09:52:52,113] {processor.py:170} INFO - Processing /home/airflow/.local/lib/python3.6/site-packages/airflow/example_dags/example_xcom.py took 0.235 seconds
[2026-01-10 09:53:22,442] {processor.py:162} INFO - Started process (PID=2642) to work on /home/airflow/.local/lib/python3.6/site-packages/airflow/example_dags/example_xcom.py
[2026-01-10 09:53:22,461] {processor.py:613} INFO - Processing file /home/airflow/.local/lib/python3.6/site-packages/airflow/example_dags/example_xcom.py for tasks to queue
[2026-01-10 09:53:22,473] {logging_mixin.py:109} INFO - [2026-01-10 09:53:22,462] {dagbag.py:496} INFO - Filling up the DagBag from /home/airflow/.local/lib/python3.6/site-packages/airflow/example_dags/example_xcom.py
[2026-01-10 09:53:22,531] {processor.py:623} INFO - DAG(s) dict_keys(['example_xcom']) retrieved from /home/airflow/.local/lib/python3.6/site-packages/airflow/example_dags/example_xcom.py
[2026-01-10 09:53:22,796] {logging_mixin.py:109} INFO - [2026-01-10 09:53:22,779] {dag.py:1833} INFO - Sync 1 DAGs
[2026-01-10 09:53:22,867] {logging_mixin.py:109} INFO - [2026-01-10 09:53:22,867] {dag.py:2306} INFO - Setting next_dagrun for example_xcom to 2026-01-08 00:00:00+00:00
[2026-01-10 09:53:22,894] {processor.py:170} INFO - Processing /home/airflow/.local/lib/python3.6/site-packages/airflow/example_dags/example_xcom.py took 0.498 seconds
[2026-01-10 09:53:52,956] {processor.py:162} INFO - Started process (PID=2685) to work on /home/airflow/.local/lib/python3.6/site-packages/airflow/example_dags/example_xcom.py
[2026-01-10 09:53:52,957] {processor.py:613} INFO - Processing file /home/airflow/.local/lib/python3.6/site-packages/airflow/example_dags/example_xcom.py for tasks to queue
[2026-01-10 09:53:52,958] {logging_mixin.py:109} INFO - [2026-01-10 09:53:52,957] {dagbag.py:496} INFO - Filling up the DagBag from /home/airflow/.local/lib/python3.6/site-packages/airflow/example_dags/example_xcom.py
[2026-01-10 09:53:52,980] {processor.py:623} INFO - DAG(s) dict_keys(['example_xcom']) retrieved from /home/airflow/.local/lib/python3.6/site-packages/airflow/example_dags/example_xcom.py
[2026-01-10 09:53:53,014] {logging_mixin.py:109} INFO - [2026-01-10 09:53:53,013] {dag.py:1833} INFO - Sync 1 DAGs
[2026-01-10 09:53:53,039] {logging_mixin.py:109} INFO - [2026-01-10 09:53:53,039] {dag.py:2306} INFO - Setting next_dagrun for example_xcom to 2026-01-08 00:00:00+00:00
[2026-01-10 09:53:53,052] {processor.py:170} INFO - Processing /home/airflow/.local/lib/python3.6/site-packages/airflow/example_dags/example_xcom.py took 0.100 seconds
[2026-01-10 09:54:23,877] {processor.py:162} INFO - Started process (PID=2725) to work on /home/airflow/.local/lib/python3.6/site-packages/airflow/example_dags/example_xcom.py
[2026-01-10 09:54:23,880] {processor.py:613} INFO - Processing file /home/airflow/.local/lib/python3.6/site-packages/airflow/example_dags/example_xcom.py for tasks to queue
[2026-01-10 09:54:23,881] {logging_mixin.py:109} INFO - [2026-01-10 09:54:23,881] {dagbag.py:496} INFO - Filling up the DagBag from /home/airflow/.local/lib/python3.6/site-packages/airflow/example_dags/example_xcom.py
[2026-01-10 09:54:23,908] {processor.py:623} INFO - DAG(s) dict_keys(['example_xcom']) retrieved from /home/airflow/.local/lib/python3.6/site-packages/airflow/example_dags/example_xcom.py
[2026-01-10 09:54:23,947] {logging_mixin.py:109} INFO - [2026-01-10 09:54:23,946] {dag.py:1833} INFO - Sync 1 DAGs
[2026-01-10 09:54:23,974] {logging_mixin.py:109} INFO - [2026-01-10 09:54:23,974] {dag.py:2306} INFO - Setting next_dagrun for example_xcom to 2026-01-08 00:00:00+00:00
[2026-01-10 09:54:23,994] {processor.py:170} INFO - Processing /home/airflow/.local/lib/python3.6/site-packages/airflow/example_dags/example_xcom.py took 0.124 seconds
[2026-01-10 09:54:55,670] {processor.py:162} INFO - Started process (PID=2775) to work on /home/airflow/.local/lib/python3.6/site-packages/airflow/example_dags/example_xcom.py
[2026-01-10 09:54:55,676] {processor.py:613} INFO - Processing file /home/airflow/.local/lib/python3.6/site-packages/airflow/example_dags/example_xcom.py for tasks to queue
[2026-01-10 09:54:55,684] {logging_mixin.py:109} INFO - [2026-01-10 09:54:55,678] {dagbag.py:496} INFO - Filling up the DagBag from /home/airflow/.local/lib/python3.6/site-packages/airflow/example_dags/example_xcom.py
[2026-01-10 09:54:55,758] {processor.py:623} INFO - DAG(s) dict_keys(['example_xcom']) retrieved from /home/airflow/.local/lib/python3.6/site-packages/airflow/example_dags/example_xcom.py
[2026-01-10 09:54:55,854] {logging_mixin.py:109} INFO - [2026-01-10 09:54:55,854] {dag.py:1833} INFO - Sync 1 DAGs
[2026-01-10 09:54:55,921] {logging_mixin.py:109} INFO - [2026-01-10 09:54:55,921] {dag.py:2306} INFO - Setting next_dagrun for example_xcom to 2026-01-08 00:00:00+00:00
[2026-01-10 09:54:55,970] {processor.py:170} INFO - Processing /home/airflow/.local/lib/python3.6/site-packages/airflow/example_dags/example_xcom.py took 0.312 seconds
[2026-01-10 09:55:26,487] {processor.py:162} INFO - Started process (PID=2807) to work on /home/airflow/.local/lib/python3.6/site-packages/airflow/example_dags/example_xcom.py
[2026-01-10 09:55:26,496] {processor.py:613} INFO - Processing file /home/airflow/.local/lib/python3.6/site-packages/airflow/example_dags/example_xcom.py for tasks to queue
[2026-01-10 09:55:26,497] {logging_mixin.py:109} INFO - [2026-01-10 09:55:26,496] {dagbag.py:496} INFO - Filling up the DagBag from /home/airflow/.local/lib/python3.6/site-packages/airflow/example_dags/example_xcom.py
[2026-01-10 09:55:26,520] {processor.py:623} INFO - DAG(s) dict_keys(['example_xcom']) retrieved from /home/airflow/.local/lib/python3.6/site-packages/airflow/example_dags/example_xcom.py
[2026-01-10 09:55:26,599] {logging_mixin.py:109} INFO - [2026-01-10 09:55:26,599] {dag.py:1833} INFO - Sync 1 DAGs
[2026-01-10 09:55:26,663] {logging_mixin.py:109} INFO - [2026-01-10 09:55:26,663] {dag.py:2306} INFO - Setting next_dagrun for example_xcom to 2026-01-08 00:00:00+00:00
[2026-01-10 09:55:26,695] {processor.py:170} INFO - Processing /home/airflow/.local/lib/python3.6/site-packages/airflow/example_dags/example_xcom.py took 0.217 seconds
[2026-01-10 09:55:56,733] {processor.py:162} INFO - Started process (PID=2848) to work on /home/airflow/.local/lib/python3.6/site-packages/airflow/example_dags/example_xcom.py
[2026-01-10 09:55:56,735] {processor.py:613} INFO - Processing file /home/airflow/.local/lib/python3.6/site-packages/airflow/example_dags/example_xcom.py for tasks to queue
[2026-01-10 09:55:56,736] {logging_mixin.py:109} INFO - [2026-01-10 09:55:56,736] {dagbag.py:496} INFO - Filling up the DagBag from /home/airflow/.local/lib/python3.6/site-packages/airflow/example_dags/example_xcom.py
[2026-01-10 09:55:56,756] {processor.py:623} INFO - DAG(s) dict_keys(['example_xcom']) retrieved from /home/airflow/.local/lib/python3.6/site-packages/airflow/example_dags/example_xcom.py
[2026-01-10 09:55:56,781] {logging_mixin.py:109} INFO - [2026-01-10 09:55:56,781] {dag.py:1833} INFO - Sync 1 DAGs
[2026-01-10 09:55:56,806] {logging_mixin.py:109} INFO - [2026-01-10 09:55:56,805] {dag.py:2306} INFO - Setting next_dagrun for example_xcom to 2026-01-08 00:00:00+00:00
[2026-01-10 09:55:56,826] {processor.py:170} INFO - Processing /home/airflow/.local/lib/python3.6/site-packages/airflow/example_dags/example_xcom.py took 0.098 seconds
[2026-01-10 09:56:39,253] {processor.py:162} INFO - Started process (PID=2899) to work on /home/airflow/.local/lib/python3.6/site-packages/airflow/example_dags/example_xcom.py
[2026-01-10 09:56:39,256] {processor.py:613} INFO - Processing file /home/airflow/.local/lib/python3.6/site-packages/airflow/example_dags/example_xcom.py for tasks to queue
[2026-01-10 09:56:39,259] {logging_mixin.py:109} INFO - [2026-01-10 09:56:39,259] {dagbag.py:496} INFO - Filling up the DagBag from /home/airflow/.local/lib/python3.6/site-packages/airflow/example_dags/example_xcom.py
[2026-01-10 09:56:39,288] {processor.py:623} INFO - DAG(s) dict_keys(['example_xcom']) retrieved from /home/airflow/.local/lib/python3.6/site-packages/airflow/example_dags/example_xcom.py
[2026-01-10 09:56:39,463] {logging_mixin.py:109} INFO - [2026-01-10 09:56:39,463] {dag.py:1833} INFO - Sync 1 DAGs
[2026-01-10 09:56:39,506] {logging_mixin.py:109} INFO - [2026-01-10 09:56:39,504] {dag.py:2306} INFO - Setting next_dagrun for example_xcom to 2026-01-08 00:00:00+00:00
[2026-01-10 09:56:39,539] {processor.py:170} INFO - Processing /home/airflow/.local/lib/python3.6/site-packages/airflow/example_dags/example_xcom.py took 0.290 seconds
[2026-01-10 09:57:10,095] {processor.py:162} INFO - Started process (PID=2949) to work on /home/airflow/.local/lib/python3.6/site-packages/airflow/example_dags/example_xcom.py
[2026-01-10 09:57:10,099] {processor.py:613} INFO - Processing file /home/airflow/.local/lib/python3.6/site-packages/airflow/example_dags/example_xcom.py for tasks to queue
[2026-01-10 09:57:10,100] {logging_mixin.py:109} INFO - [2026-01-10 09:57:10,100] {dagbag.py:496} INFO - Filling up the DagBag from /home/airflow/.local/lib/python3.6/site-packages/airflow/example_dags/example_xcom.py
[2026-01-10 09:57:10,137] {processor.py:623} INFO - DAG(s) dict_keys(['example_xcom']) retrieved from /home/airflow/.local/lib/python3.6/site-packages/airflow/example_dags/example_xcom.py
[2026-01-10 09:57:10,208] {logging_mixin.py:109} INFO - [2026-01-10 09:57:10,208] {dag.py:1833} INFO - Sync 1 DAGs
[2026-01-10 09:57:10,232] {logging_mixin.py:109} INFO - [2026-01-10 09:57:10,232] {dag.py:2306} INFO - Setting next_dagrun for example_xcom to 2026-01-08 00:00:00+00:00
[2026-01-10 09:57:10,253] {processor.py:170} INFO - Processing /home/airflow/.local/lib/python3.6/site-packages/airflow/example_dags/example_xcom.py took 0.181 seconds
[2026-01-10 09:58:02,210] {processor.py:162} INFO - Started process (PID=2978) to work on /home/airflow/.local/lib/python3.6/site-packages/airflow/example_dags/example_xcom.py
[2026-01-10 09:58:02,225] {processor.py:613} INFO - Processing file /home/airflow/.local/lib/python3.6/site-packages/airflow/example_dags/example_xcom.py for tasks to queue
[2026-01-10 09:58:02,226] {logging_mixin.py:109} INFO - [2026-01-10 09:58:02,226] {dagbag.py:496} INFO - Filling up the DagBag from /home/airflow/.local/lib/python3.6/site-packages/airflow/example_dags/example_xcom.py
[2026-01-10 09:58:02,276] {processor.py:623} INFO - DAG(s) dict_keys(['example_xcom']) retrieved from /home/airflow/.local/lib/python3.6/site-packages/airflow/example_dags/example_xcom.py
[2026-01-10 09:58:03,514] {logging_mixin.py:109} INFO - [2026-01-10 09:58:03,514] {dag.py:1833} INFO - Sync 1 DAGs
[2026-01-10 09:58:03,536] {logging_mixin.py:109} INFO - [2026-01-10 09:58:03,535] {dag.py:2306} INFO - Setting next_dagrun for example_xcom to 2026-01-08 00:00:00+00:00
[2026-01-10 09:58:03,551] {processor.py:170} INFO - Processing /home/airflow/.local/lib/python3.6/site-packages/airflow/example_dags/example_xcom.py took 1.347 seconds
[2026-01-10 09:59:30,943] {processor.py:162} INFO - Started process (PID=3020) to work on /home/airflow/.local/lib/python3.6/site-packages/airflow/example_dags/example_xcom.py
[2026-01-10 09:59:30,945] {processor.py:613} INFO - Processing file /home/airflow/.local/lib/python3.6/site-packages/airflow/example_dags/example_xcom.py for tasks to queue
[2026-01-10 09:59:30,947] {logging_mixin.py:109} INFO - [2026-01-10 09:59:30,946] {dagbag.py:496} INFO - Filling up the DagBag from /home/airflow/.local/lib/python3.6/site-packages/airflow/example_dags/example_xcom.py
[2026-01-10 09:59:30,973] {processor.py:623} INFO - DAG(s) dict_keys(['example_xcom']) retrieved from /home/airflow/.local/lib/python3.6/site-packages/airflow/example_dags/example_xcom.py
[2026-01-10 09:59:31,218] {logging_mixin.py:109} INFO - [2026-01-10 09:59:31,218] {dag.py:1833} INFO - Sync 1 DAGs
[2026-01-10 09:59:31,251] {logging_mixin.py:109} INFO - [2026-01-10 09:59:31,251] {dag.py:2306} INFO - Setting next_dagrun for example_xcom to 2026-01-08 00:00:00+00:00
[2026-01-10 09:59:31,267] {processor.py:170} INFO - Processing /home/airflow/.local/lib/python3.6/site-packages/airflow/example_dags/example_xcom.py took 0.332 seconds
[2026-01-10 10:00:02,010] {processor.py:162} INFO - Started process (PID=3060) to work on /home/airflow/.local/lib/python3.6/site-packages/airflow/example_dags/example_xcom.py
[2026-01-10 10:00:02,012] {processor.py:613} INFO - Processing file /home/airflow/.local/lib/python3.6/site-packages/airflow/example_dags/example_xcom.py for tasks to queue
[2026-01-10 10:00:02,013] {logging_mixin.py:109} INFO - [2026-01-10 10:00:02,012] {dagbag.py:496} INFO - Filling up the DagBag from /home/airflow/.local/lib/python3.6/site-packages/airflow/example_dags/example_xcom.py
[2026-01-10 10:00:02,054] {processor.py:623} INFO - DAG(s) dict_keys(['example_xcom']) retrieved from /home/airflow/.local/lib/python3.6/site-packages/airflow/example_dags/example_xcom.py
[2026-01-10 10:00:02,088] {logging_mixin.py:109} INFO - [2026-01-10 10:00:02,088] {dag.py:1833} INFO - Sync 1 DAGs
[2026-01-10 10:00:02,116] {logging_mixin.py:109} INFO - [2026-01-10 10:00:02,116] {dag.py:2306} INFO - Setting next_dagrun for example_xcom to 2026-01-08 00:00:00+00:00
[2026-01-10 10:00:02,146] {processor.py:170} INFO - Processing /home/airflow/.local/lib/python3.6/site-packages/airflow/example_dags/example_xcom.py took 0.141 seconds
[2026-01-10 10:00:57,952] {processor.py:162} INFO - Started process (PID=3108) to work on /home/airflow/.local/lib/python3.6/site-packages/airflow/example_dags/example_xcom.py
[2026-01-10 10:00:57,956] {processor.py:613} INFO - Processing file /home/airflow/.local/lib/python3.6/site-packages/airflow/example_dags/example_xcom.py for tasks to queue
[2026-01-10 10:00:57,957] {logging_mixin.py:109} INFO - [2026-01-10 10:00:57,956] {dagbag.py:496} INFO - Filling up the DagBag from /home/airflow/.local/lib/python3.6/site-packages/airflow/example_dags/example_xcom.py
[2026-01-10 10:00:57,990] {processor.py:623} INFO - DAG(s) dict_keys(['example_xcom']) retrieved from /home/airflow/.local/lib/python3.6/site-packages/airflow/example_dags/example_xcom.py
[2026-01-10 10:00:58,063] {logging_mixin.py:109} INFO - [2026-01-10 10:00:58,063] {dag.py:1833} INFO - Sync 1 DAGs
[2026-01-10 10:00:58,092] {logging_mixin.py:109} INFO - [2026-01-10 10:00:58,092] {dag.py:2306} INFO - Setting next_dagrun for example_xcom to 2026-01-08 00:00:00+00:00
[2026-01-10 10:00:58,106] {processor.py:170} INFO - Processing /home/airflow/.local/lib/python3.6/site-packages/airflow/example_dags/example_xcom.py took 0.159 seconds
[2026-01-10 10:02:25,844] {processor.py:162} INFO - Started process (PID=3152) to work on /home/airflow/.local/lib/python3.6/site-packages/airflow/example_dags/example_xcom.py
[2026-01-10 10:02:25,845] {processor.py:613} INFO - Processing file /home/airflow/.local/lib/python3.6/site-packages/airflow/example_dags/example_xcom.py for tasks to queue
[2026-01-10 10:02:25,846] {logging_mixin.py:109} INFO - [2026-01-10 10:02:25,846] {dagbag.py:496} INFO - Filling up the DagBag from /home/airflow/.local/lib/python3.6/site-packages/airflow/example_dags/example_xcom.py
[2026-01-10 10:02:25,874] {processor.py:623} INFO - DAG(s) dict_keys(['example_xcom']) retrieved from /home/airflow/.local/lib/python3.6/site-packages/airflow/example_dags/example_xcom.py
[2026-01-10 10:02:25,911] {logging_mixin.py:109} INFO - [2026-01-10 10:02:25,910] {dag.py:1833} INFO - Sync 1 DAGs
[2026-01-10 10:02:25,929] {logging_mixin.py:109} INFO - [2026-01-10 10:02:25,929] {dag.py:2306} INFO - Setting next_dagrun for example_xcom to 2026-01-08 00:00:00+00:00
[2026-01-10 10:02:25,945] {processor.py:170} INFO - Processing /home/airflow/.local/lib/python3.6/site-packages/airflow/example_dags/example_xcom.py took 0.107 seconds
[2026-01-10 10:15:07,702] {processor.py:162} INFO - Started process (PID=67) to work on /home/airflow/.local/lib/python3.6/site-packages/airflow/example_dags/example_xcom.py
[2026-01-10 10:15:07,717] {processor.py:613} INFO - Processing file /home/airflow/.local/lib/python3.6/site-packages/airflow/example_dags/example_xcom.py for tasks to queue
[2026-01-10 10:15:07,730] {logging_mixin.py:109} INFO - [2026-01-10 10:15:07,718] {dagbag.py:496} INFO - Filling up the DagBag from /home/airflow/.local/lib/python3.6/site-packages/airflow/example_dags/example_xcom.py
[2026-01-10 10:15:07,844] {processor.py:623} INFO - DAG(s) dict_keys(['example_xcom']) retrieved from /home/airflow/.local/lib/python3.6/site-packages/airflow/example_dags/example_xcom.py
[2026-01-10 10:15:08,043] {logging_mixin.py:109} INFO - [2026-01-10 10:15:08,040] {dag.py:1833} INFO - Sync 1 DAGs
[2026-01-10 10:15:08,164] {logging_mixin.py:109} INFO - [2026-01-10 10:15:08,164] {dag.py:2306} INFO - Setting next_dagrun for example_xcom to 2026-01-08 00:00:00+00:00
[2026-01-10 10:15:08,239] {processor.py:170} INFO - Processing /home/airflow/.local/lib/python3.6/site-packages/airflow/example_dags/example_xcom.py took 0.564 seconds
[2026-01-10 10:15:38,561] {processor.py:162} INFO - Started process (PID=112) to work on /home/airflow/.local/lib/python3.6/site-packages/airflow/example_dags/example_xcom.py
[2026-01-10 10:15:38,562] {processor.py:613} INFO - Processing file /home/airflow/.local/lib/python3.6/site-packages/airflow/example_dags/example_xcom.py for tasks to queue
[2026-01-10 10:15:38,568] {logging_mixin.py:109} INFO - [2026-01-10 10:15:38,568] {dagbag.py:496} INFO - Filling up the DagBag from /home/airflow/.local/lib/python3.6/site-packages/airflow/example_dags/example_xcom.py
[2026-01-10 10:15:38,617] {processor.py:623} INFO - DAG(s) dict_keys(['example_xcom']) retrieved from /home/airflow/.local/lib/python3.6/site-packages/airflow/example_dags/example_xcom.py
[2026-01-10 10:15:38,660] {logging_mixin.py:109} INFO - [2026-01-10 10:15:38,659] {dag.py:1833} INFO - Sync 1 DAGs
[2026-01-10 10:15:38,686] {logging_mixin.py:109} INFO - [2026-01-10 10:15:38,686] {dag.py:2306} INFO - Setting next_dagrun for example_xcom to 2026-01-08 00:00:00+00:00
[2026-01-10 10:15:38,709] {processor.py:170} INFO - Processing /home/airflow/.local/lib/python3.6/site-packages/airflow/example_dags/example_xcom.py took 0.171 seconds
[2026-01-10 10:16:09,452] {processor.py:162} INFO - Started process (PID=163) to work on /home/airflow/.local/lib/python3.6/site-packages/airflow/example_dags/example_xcom.py
[2026-01-10 10:16:09,454] {processor.py:613} INFO - Processing file /home/airflow/.local/lib/python3.6/site-packages/airflow/example_dags/example_xcom.py for tasks to queue
[2026-01-10 10:16:09,459] {logging_mixin.py:109} INFO - [2026-01-10 10:16:09,459] {dagbag.py:496} INFO - Filling up the DagBag from /home/airflow/.local/lib/python3.6/site-packages/airflow/example_dags/example_xcom.py
[2026-01-10 10:16:09,595] {processor.py:623} INFO - DAG(s) dict_keys(['example_xcom']) retrieved from /home/airflow/.local/lib/python3.6/site-packages/airflow/example_dags/example_xcom.py
[2026-01-10 10:16:09,680] {logging_mixin.py:109} INFO - [2026-01-10 10:16:09,680] {dag.py:1833} INFO - Sync 1 DAGs
[2026-01-10 10:16:09,753] {logging_mixin.py:109} INFO - [2026-01-10 10:16:09,753] {dag.py:2306} INFO - Setting next_dagrun for example_xcom to 2026-01-08 00:00:00+00:00
[2026-01-10 10:16:09,807] {processor.py:170} INFO - Processing /home/airflow/.local/lib/python3.6/site-packages/airflow/example_dags/example_xcom.py took 0.370 seconds
[2026-01-10 10:16:40,427] {processor.py:162} INFO - Started process (PID=204) to work on /home/airflow/.local/lib/python3.6/site-packages/airflow/example_dags/example_xcom.py
[2026-01-10 10:16:40,429] {processor.py:613} INFO - Processing file /home/airflow/.local/lib/python3.6/site-packages/airflow/example_dags/example_xcom.py for tasks to queue
[2026-01-10 10:16:40,430] {logging_mixin.py:109} INFO - [2026-01-10 10:16:40,430] {dagbag.py:496} INFO - Filling up the DagBag from /home/airflow/.local/lib/python3.6/site-packages/airflow/example_dags/example_xcom.py
[2026-01-10 10:16:40,451] {processor.py:623} INFO - DAG(s) dict_keys(['example_xcom']) retrieved from /home/airflow/.local/lib/python3.6/site-packages/airflow/example_dags/example_xcom.py
[2026-01-10 10:16:40,543] {logging_mixin.py:109} INFO - [2026-01-10 10:16:40,543] {dag.py:1833} INFO - Sync 1 DAGs
[2026-01-10 10:16:40,679] {logging_mixin.py:109} INFO - [2026-01-10 10:16:40,678] {dag.py:2306} INFO - Setting next_dagrun for example_xcom to 2026-01-08 00:00:00+00:00
[2026-01-10 10:16:40,736] {processor.py:170} INFO - Processing /home/airflow/.local/lib/python3.6/site-packages/airflow/example_dags/example_xcom.py took 0.315 seconds
[2026-01-10 10:17:10,871] {processor.py:162} INFO - Started process (PID=256) to work on /home/airflow/.local/lib/python3.6/site-packages/airflow/example_dags/example_xcom.py
[2026-01-10 10:17:10,874] {processor.py:613} INFO - Processing file /home/airflow/.local/lib/python3.6/site-packages/airflow/example_dags/example_xcom.py for tasks to queue
[2026-01-10 10:17:10,874] {logging_mixin.py:109} INFO - [2026-01-10 10:17:10,874] {dagbag.py:496} INFO - Filling up the DagBag from /home/airflow/.local/lib/python3.6/site-packages/airflow/example_dags/example_xcom.py
[2026-01-10 10:17:10,897] {processor.py:623} INFO - DAG(s) dict_keys(['example_xcom']) retrieved from /home/airflow/.local/lib/python3.6/site-packages/airflow/example_dags/example_xcom.py
[2026-01-10 10:17:10,932] {logging_mixin.py:109} INFO - [2026-01-10 10:17:10,932] {dag.py:1833} INFO - Sync 1 DAGs
[2026-01-10 10:17:10,962] {logging_mixin.py:109} INFO - [2026-01-10 10:17:10,962] {dag.py:2306} INFO - Setting next_dagrun for example_xcom to 2026-01-08 00:00:00+00:00
[2026-01-10 10:17:10,980] {processor.py:170} INFO - Processing /home/airflow/.local/lib/python3.6/site-packages/airflow/example_dags/example_xcom.py took 0.113 seconds
[2026-01-10 10:17:41,574] {processor.py:162} INFO - Started process (PID=307) to work on /home/airflow/.local/lib/python3.6/site-packages/airflow/example_dags/example_xcom.py
[2026-01-10 10:17:41,576] {processor.py:613} INFO - Processing file /home/airflow/.local/lib/python3.6/site-packages/airflow/example_dags/example_xcom.py for tasks to queue
[2026-01-10 10:17:41,577] {logging_mixin.py:109} INFO - [2026-01-10 10:17:41,576] {dagbag.py:496} INFO - Filling up the DagBag from /home/airflow/.local/lib/python3.6/site-packages/airflow/example_dags/example_xcom.py
[2026-01-10 10:17:41,595] {processor.py:623} INFO - DAG(s) dict_keys(['example_xcom']) retrieved from /home/airflow/.local/lib/python3.6/site-packages/airflow/example_dags/example_xcom.py
[2026-01-10 10:17:41,623] {logging_mixin.py:109} INFO - [2026-01-10 10:17:41,623] {dag.py:1833} INFO - Sync 1 DAGs
[2026-01-10 10:17:41,640] {logging_mixin.py:109} INFO - [2026-01-10 10:17:41,640] {dag.py:2306} INFO - Setting next_dagrun for example_xcom to 2026-01-08 00:00:00+00:00
[2026-01-10 10:17:41,652] {processor.py:170} INFO - Processing /home/airflow/.local/lib/python3.6/site-packages/airflow/example_dags/example_xcom.py took 0.081 seconds
[2026-01-10 10:18:11,900] {processor.py:162} INFO - Started process (PID=359) to work on /home/airflow/.local/lib/python3.6/site-packages/airflow/example_dags/example_xcom.py
[2026-01-10 10:18:11,910] {processor.py:613} INFO - Processing file /home/airflow/.local/lib/python3.6/site-packages/airflow/example_dags/example_xcom.py for tasks to queue
[2026-01-10 10:18:11,916] {logging_mixin.py:109} INFO - [2026-01-10 10:18:11,915] {dagbag.py:496} INFO - Filling up the DagBag from /home/airflow/.local/lib/python3.6/site-packages/airflow/example_dags/example_xcom.py
[2026-01-10 10:18:12,011] {processor.py:623} INFO - DAG(s) dict_keys(['example_xcom']) retrieved from /home/airflow/.local/lib/python3.6/site-packages/airflow/example_dags/example_xcom.py
[2026-01-10 10:18:12,131] {logging_mixin.py:109} INFO - [2026-01-10 10:18:12,131] {dag.py:1833} INFO - Sync 1 DAGs
[2026-01-10 10:18:12,278] {logging_mixin.py:109} INFO - [2026-01-10 10:18:12,278] {dag.py:2306} INFO - Setting next_dagrun for example_xcom to 2026-01-08 00:00:00+00:00
[2026-01-10 10:18:12,324] {processor.py:170} INFO - Processing /home/airflow/.local/lib/python3.6/site-packages/airflow/example_dags/example_xcom.py took 0.445 seconds
[2026-01-10 10:18:42,502] {processor.py:162} INFO - Started process (PID=406) to work on /home/airflow/.local/lib/python3.6/site-packages/airflow/example_dags/example_xcom.py
[2026-01-10 10:18:42,504] {processor.py:613} INFO - Processing file /home/airflow/.local/lib/python3.6/site-packages/airflow/example_dags/example_xcom.py for tasks to queue
[2026-01-10 10:18:42,505] {logging_mixin.py:109} INFO - [2026-01-10 10:18:42,505] {dagbag.py:496} INFO - Filling up the DagBag from /home/airflow/.local/lib/python3.6/site-packages/airflow/example_dags/example_xcom.py
[2026-01-10 10:18:42,527] {processor.py:623} INFO - DAG(s) dict_keys(['example_xcom']) retrieved from /home/airflow/.local/lib/python3.6/site-packages/airflow/example_dags/example_xcom.py
[2026-01-10 10:18:42,561] {logging_mixin.py:109} INFO - [2026-01-10 10:18:42,561] {dag.py:1833} INFO - Sync 1 DAGs
[2026-01-10 10:18:42,588] {logging_mixin.py:109} INFO - [2026-01-10 10:18:42,588] {dag.py:2306} INFO - Setting next_dagrun for example_xcom to 2026-01-08 00:00:00+00:00
[2026-01-10 10:18:42,601] {processor.py:170} INFO - Processing /home/airflow/.local/lib/python3.6/site-packages/airflow/example_dags/example_xcom.py took 0.103 seconds
[2026-01-10 10:19:12,843] {processor.py:162} INFO - Started process (PID=460) to work on /home/airflow/.local/lib/python3.6/site-packages/airflow/example_dags/example_xcom.py
[2026-01-10 10:19:12,844] {processor.py:613} INFO - Processing file /home/airflow/.local/lib/python3.6/site-packages/airflow/example_dags/example_xcom.py for tasks to queue
[2026-01-10 10:19:12,845] {logging_mixin.py:109} INFO - [2026-01-10 10:19:12,845] {dagbag.py:496} INFO - Filling up the DagBag from /home/airflow/.local/lib/python3.6/site-packages/airflow/example_dags/example_xcom.py
[2026-01-10 10:19:12,864] {processor.py:623} INFO - DAG(s) dict_keys(['example_xcom']) retrieved from /home/airflow/.local/lib/python3.6/site-packages/airflow/example_dags/example_xcom.py
[2026-01-10 10:19:12,895] {logging_mixin.py:109} INFO - [2026-01-10 10:19:12,895] {dag.py:1833} INFO - Sync 1 DAGs
[2026-01-10 10:19:12,924] {logging_mixin.py:109} INFO - [2026-01-10 10:19:12,924] {dag.py:2306} INFO - Setting next_dagrun for example_xcom to 2026-01-08 00:00:00+00:00
[2026-01-10 10:19:12,938] {processor.py:170} INFO - Processing /home/airflow/.local/lib/python3.6/site-packages/airflow/example_dags/example_xcom.py took 0.100 seconds
[2026-01-10 10:19:43,590] {processor.py:162} INFO - Started process (PID=513) to work on /home/airflow/.local/lib/python3.6/site-packages/airflow/example_dags/example_xcom.py
[2026-01-10 10:19:43,591] {processor.py:613} INFO - Processing file /home/airflow/.local/lib/python3.6/site-packages/airflow/example_dags/example_xcom.py for tasks to queue
[2026-01-10 10:19:43,592] {logging_mixin.py:109} INFO - [2026-01-10 10:19:43,592] {dagbag.py:496} INFO - Filling up the DagBag from /home/airflow/.local/lib/python3.6/site-packages/airflow/example_dags/example_xcom.py
[2026-01-10 10:19:43,612] {processor.py:623} INFO - DAG(s) dict_keys(['example_xcom']) retrieved from /home/airflow/.local/lib/python3.6/site-packages/airflow/example_dags/example_xcom.py
[2026-01-10 10:19:43,646] {logging_mixin.py:109} INFO - [2026-01-10 10:19:43,645] {dag.py:1833} INFO - Sync 1 DAGs
[2026-01-10 10:19:43,674] {logging_mixin.py:109} INFO - [2026-01-10 10:19:43,674] {dag.py:2306} INFO - Setting next_dagrun for example_xcom to 2026-01-08 00:00:00+00:00
[2026-01-10 10:19:43,688] {processor.py:170} INFO - Processing /home/airflow/.local/lib/python3.6/site-packages/airflow/example_dags/example_xcom.py took 0.105 seconds
[2026-01-10 10:20:14,219] {processor.py:162} INFO - Started process (PID=565) to work on /home/airflow/.local/lib/python3.6/site-packages/airflow/example_dags/example_xcom.py
[2026-01-10 10:20:14,221] {processor.py:613} INFO - Processing file /home/airflow/.local/lib/python3.6/site-packages/airflow/example_dags/example_xcom.py for tasks to queue
[2026-01-10 10:20:14,222] {logging_mixin.py:109} INFO - [2026-01-10 10:20:14,221] {dagbag.py:496} INFO - Filling up the DagBag from /home/airflow/.local/lib/python3.6/site-packages/airflow/example_dags/example_xcom.py
[2026-01-10 10:20:14,244] {processor.py:623} INFO - DAG(s) dict_keys(['example_xcom']) retrieved from /home/airflow/.local/lib/python3.6/site-packages/airflow/example_dags/example_xcom.py
[2026-01-10 10:20:14,283] {logging_mixin.py:109} INFO - [2026-01-10 10:20:14,283] {dag.py:1833} INFO - Sync 1 DAGs
[2026-01-10 10:20:14,301] {logging_mixin.py:109} INFO - [2026-01-10 10:20:14,301] {dag.py:2306} INFO - Setting next_dagrun for example_xcom to 2026-01-08 00:00:00+00:00
[2026-01-10 10:20:14,312] {processor.py:170} INFO - Processing /home/airflow/.local/lib/python3.6/site-packages/airflow/example_dags/example_xcom.py took 0.099 seconds
[2026-01-10 10:20:44,741] {processor.py:162} INFO - Started process (PID=616) to work on /home/airflow/.local/lib/python3.6/site-packages/airflow/example_dags/example_xcom.py
[2026-01-10 10:20:44,744] {processor.py:613} INFO - Processing file /home/airflow/.local/lib/python3.6/site-packages/airflow/example_dags/example_xcom.py for tasks to queue
[2026-01-10 10:20:44,746] {logging_mixin.py:109} INFO - [2026-01-10 10:20:44,746] {dagbag.py:496} INFO - Filling up the DagBag from /home/airflow/.local/lib/python3.6/site-packages/airflow/example_dags/example_xcom.py
[2026-01-10 10:20:44,769] {processor.py:623} INFO - DAG(s) dict_keys(['example_xcom']) retrieved from /home/airflow/.local/lib/python3.6/site-packages/airflow/example_dags/example_xcom.py
[2026-01-10 10:20:44,816] {logging_mixin.py:109} INFO - [2026-01-10 10:20:44,816] {dag.py:1833} INFO - Sync 1 DAGs
[2026-01-10 10:20:44,846] {logging_mixin.py:109} INFO - [2026-01-10 10:20:44,845] {dag.py:2306} INFO - Setting next_dagrun for example_xcom to 2026-01-08 00:00:00+00:00
[2026-01-10 10:20:44,862] {processor.py:170} INFO - Processing /home/airflow/.local/lib/python3.6/site-packages/airflow/example_dags/example_xcom.py took 0.127 seconds
[2026-01-10 10:21:15,683] {processor.py:162} INFO - Started process (PID=677) to work on /home/airflow/.local/lib/python3.6/site-packages/airflow/example_dags/example_xcom.py
[2026-01-10 10:21:15,685] {processor.py:613} INFO - Processing file /home/airflow/.local/lib/python3.6/site-packages/airflow/example_dags/example_xcom.py for tasks to queue
[2026-01-10 10:21:15,690] {logging_mixin.py:109} INFO - [2026-01-10 10:21:15,686] {dagbag.py:496} INFO - Filling up the DagBag from /home/airflow/.local/lib/python3.6/site-packages/airflow/example_dags/example_xcom.py
[2026-01-10 10:21:15,741] {processor.py:623} INFO - DAG(s) dict_keys(['example_xcom']) retrieved from /home/airflow/.local/lib/python3.6/site-packages/airflow/example_dags/example_xcom.py
[2026-01-10 10:21:15,789] {logging_mixin.py:109} INFO - [2026-01-10 10:21:15,789] {dag.py:1833} INFO - Sync 1 DAGs
[2026-01-10 10:21:15,836] {logging_mixin.py:109} INFO - [2026-01-10 10:21:15,836] {dag.py:2306} INFO - Setting next_dagrun for example_xcom to 2026-01-08 00:00:00+00:00
[2026-01-10 10:21:15,866] {processor.py:170} INFO - Processing /home/airflow/.local/lib/python3.6/site-packages/airflow/example_dags/example_xcom.py took 0.192 seconds
