[2026-01-10 09:27:55,086] {processor.py:162} INFO - Started process (PID=115) to work on /home/airflow/.local/lib/python3.6/site-packages/airflow/example_dags/example_latest_only.py
[2026-01-10 09:27:55,088] {processor.py:613} INFO - Processing file /home/airflow/.local/lib/python3.6/site-packages/airflow/example_dags/example_latest_only.py for tasks to queue
[2026-01-10 09:27:55,088] {logging_mixin.py:109} INFO - [2026-01-10 09:27:55,088] {dagbag.py:496} INFO - Filling up the DagBag from /home/airflow/.local/lib/python3.6/site-packages/airflow/example_dags/example_latest_only.py
[2026-01-10 09:27:55,106] {processor.py:623} INFO - DAG(s) dict_keys(['latest_only']) retrieved from /home/airflow/.local/lib/python3.6/site-packages/airflow/example_dags/example_latest_only.py
[2026-01-10 09:27:59,246] {logging_mixin.py:109} INFO - [2026-01-10 09:27:59,244] {dag.py:1833} INFO - Sync 1 DAGs
[2026-01-10 09:27:59,272] {logging_mixin.py:109} INFO - [2026-01-10 09:27:59,271] {dag.py:1852} INFO - Creating ORM DAG for latest_only
[2026-01-10 09:27:59,308] {logging_mixin.py:109} INFO - [2026-01-10 09:27:59,308] {dag.py:2306} INFO - Setting next_dagrun for latest_only to 2026-01-08 00:00:00+00:00
[2026-01-10 09:27:59,344] {processor.py:170} INFO - Processing /home/airflow/.local/lib/python3.6/site-packages/airflow/example_dags/example_latest_only.py took 4.262 seconds
[2026-01-10 09:29:02,188] {processor.py:162} INFO - Started process (PID=274) to work on /home/airflow/.local/lib/python3.6/site-packages/airflow/example_dags/example_latest_only.py
[2026-01-10 09:29:02,190] {processor.py:613} INFO - Processing file /home/airflow/.local/lib/python3.6/site-packages/airflow/example_dags/example_latest_only.py for tasks to queue
[2026-01-10 09:29:02,191] {logging_mixin.py:109} INFO - [2026-01-10 09:29:02,191] {dagbag.py:496} INFO - Filling up the DagBag from /home/airflow/.local/lib/python3.6/site-packages/airflow/example_dags/example_latest_only.py
[2026-01-10 09:29:02,206] {processor.py:623} INFO - DAG(s) dict_keys(['latest_only']) retrieved from /home/airflow/.local/lib/python3.6/site-packages/airflow/example_dags/example_latest_only.py
[2026-01-10 09:29:02,240] {logging_mixin.py:109} INFO - [2026-01-10 09:29:02,240] {dag.py:1833} INFO - Sync 1 DAGs
[2026-01-10 09:29:02,267] {logging_mixin.py:109} INFO - [2026-01-10 09:29:02,267] {dag.py:2306} INFO - Setting next_dagrun for latest_only to 2026-01-08 00:00:00+00:00
[2026-01-10 09:29:02,282] {processor.py:170} INFO - Processing /home/airflow/.local/lib/python3.6/site-packages/airflow/example_dags/example_latest_only.py took 0.099 seconds
[2026-01-10 09:29:33,022] {processor.py:162} INFO - Started process (PID=325) to work on /home/airflow/.local/lib/python3.6/site-packages/airflow/example_dags/example_latest_only.py
[2026-01-10 09:29:33,024] {processor.py:613} INFO - Processing file /home/airflow/.local/lib/python3.6/site-packages/airflow/example_dags/example_latest_only.py for tasks to queue
[2026-01-10 09:29:33,025] {logging_mixin.py:109} INFO - [2026-01-10 09:29:33,025] {dagbag.py:496} INFO - Filling up the DagBag from /home/airflow/.local/lib/python3.6/site-packages/airflow/example_dags/example_latest_only.py
[2026-01-10 09:29:33,044] {processor.py:623} INFO - DAG(s) dict_keys(['latest_only']) retrieved from /home/airflow/.local/lib/python3.6/site-packages/airflow/example_dags/example_latest_only.py
[2026-01-10 09:29:33,083] {logging_mixin.py:109} INFO - [2026-01-10 09:29:33,083] {dag.py:1833} INFO - Sync 1 DAGs
[2026-01-10 09:29:33,111] {logging_mixin.py:109} INFO - [2026-01-10 09:29:33,111] {dag.py:2306} INFO - Setting next_dagrun for latest_only to 2026-01-08 00:00:00+00:00
[2026-01-10 09:29:33,132] {processor.py:170} INFO - Processing /home/airflow/.local/lib/python3.6/site-packages/airflow/example_dags/example_latest_only.py took 0.116 seconds
[2026-01-10 09:30:03,210] {processor.py:162} INFO - Started process (PID=375) to work on /home/airflow/.local/lib/python3.6/site-packages/airflow/example_dags/example_latest_only.py
[2026-01-10 09:30:03,212] {processor.py:613} INFO - Processing file /home/airflow/.local/lib/python3.6/site-packages/airflow/example_dags/example_latest_only.py for tasks to queue
[2026-01-10 09:30:03,213] {logging_mixin.py:109} INFO - [2026-01-10 09:30:03,213] {dagbag.py:496} INFO - Filling up the DagBag from /home/airflow/.local/lib/python3.6/site-packages/airflow/example_dags/example_latest_only.py
[2026-01-10 09:30:03,235] {processor.py:623} INFO - DAG(s) dict_keys(['latest_only']) retrieved from /home/airflow/.local/lib/python3.6/site-packages/airflow/example_dags/example_latest_only.py
[2026-01-10 09:30:03,263] {logging_mixin.py:109} INFO - [2026-01-10 09:30:03,263] {dag.py:1833} INFO - Sync 1 DAGs
[2026-01-10 09:30:03,292] {logging_mixin.py:109} INFO - [2026-01-10 09:30:03,291] {dag.py:2306} INFO - Setting next_dagrun for latest_only to 2026-01-08 00:00:00+00:00
[2026-01-10 09:30:03,308] {processor.py:170} INFO - Processing /home/airflow/.local/lib/python3.6/site-packages/airflow/example_dags/example_latest_only.py took 0.103 seconds
[2026-01-10 09:30:34,024] {processor.py:162} INFO - Started process (PID=426) to work on /home/airflow/.local/lib/python3.6/site-packages/airflow/example_dags/example_latest_only.py
[2026-01-10 09:30:34,025] {processor.py:613} INFO - Processing file /home/airflow/.local/lib/python3.6/site-packages/airflow/example_dags/example_latest_only.py for tasks to queue
[2026-01-10 09:30:34,026] {logging_mixin.py:109} INFO - [2026-01-10 09:30:34,026] {dagbag.py:496} INFO - Filling up the DagBag from /home/airflow/.local/lib/python3.6/site-packages/airflow/example_dags/example_latest_only.py
[2026-01-10 09:30:34,050] {processor.py:623} INFO - DAG(s) dict_keys(['latest_only']) retrieved from /home/airflow/.local/lib/python3.6/site-packages/airflow/example_dags/example_latest_only.py
[2026-01-10 09:30:34,077] {logging_mixin.py:109} INFO - [2026-01-10 09:30:34,077] {dag.py:1833} INFO - Sync 1 DAGs
[2026-01-10 09:30:34,100] {logging_mixin.py:109} INFO - [2026-01-10 09:30:34,100] {dag.py:2306} INFO - Setting next_dagrun for latest_only to 2026-01-08 00:00:00+00:00
[2026-01-10 09:30:34,112] {processor.py:170} INFO - Processing /home/airflow/.local/lib/python3.6/site-packages/airflow/example_dags/example_latest_only.py took 0.092 seconds
[2026-01-10 09:31:04,510] {processor.py:162} INFO - Started process (PID=476) to work on /home/airflow/.local/lib/python3.6/site-packages/airflow/example_dags/example_latest_only.py
[2026-01-10 09:31:04,511] {processor.py:613} INFO - Processing file /home/airflow/.local/lib/python3.6/site-packages/airflow/example_dags/example_latest_only.py for tasks to queue
[2026-01-10 09:31:04,512] {logging_mixin.py:109} INFO - [2026-01-10 09:31:04,512] {dagbag.py:496} INFO - Filling up the DagBag from /home/airflow/.local/lib/python3.6/site-packages/airflow/example_dags/example_latest_only.py
[2026-01-10 09:31:04,530] {processor.py:623} INFO - DAG(s) dict_keys(['latest_only']) retrieved from /home/airflow/.local/lib/python3.6/site-packages/airflow/example_dags/example_latest_only.py
[2026-01-10 09:31:04,563] {logging_mixin.py:109} INFO - [2026-01-10 09:31:04,563] {dag.py:1833} INFO - Sync 1 DAGs
[2026-01-10 09:31:04,594] {logging_mixin.py:109} INFO - [2026-01-10 09:31:04,594] {dag.py:2306} INFO - Setting next_dagrun for latest_only to 2026-01-08 00:00:00+00:00
[2026-01-10 09:31:04,614] {processor.py:170} INFO - Processing /home/airflow/.local/lib/python3.6/site-packages/airflow/example_dags/example_latest_only.py took 0.109 seconds
[2026-01-10 09:31:34,983] {processor.py:162} INFO - Started process (PID=537) to work on /home/airflow/.local/lib/python3.6/site-packages/airflow/example_dags/example_latest_only.py
[2026-01-10 09:31:34,985] {processor.py:613} INFO - Processing file /home/airflow/.local/lib/python3.6/site-packages/airflow/example_dags/example_latest_only.py for tasks to queue
[2026-01-10 09:31:34,986] {logging_mixin.py:109} INFO - [2026-01-10 09:31:34,986] {dagbag.py:496} INFO - Filling up the DagBag from /home/airflow/.local/lib/python3.6/site-packages/airflow/example_dags/example_latest_only.py
[2026-01-10 09:31:35,024] {processor.py:623} INFO - DAG(s) dict_keys(['latest_only']) retrieved from /home/airflow/.local/lib/python3.6/site-packages/airflow/example_dags/example_latest_only.py
[2026-01-10 09:31:35,072] {logging_mixin.py:109} INFO - [2026-01-10 09:31:35,072] {dag.py:1833} INFO - Sync 1 DAGs
[2026-01-10 09:31:35,106] {logging_mixin.py:109} INFO - [2026-01-10 09:31:35,106] {dag.py:2306} INFO - Setting next_dagrun for latest_only to 2026-01-08 00:00:00+00:00
[2026-01-10 09:31:35,135] {processor.py:170} INFO - Processing /home/airflow/.local/lib/python3.6/site-packages/airflow/example_dags/example_latest_only.py took 0.158 seconds
[2026-01-10 09:32:05,268] {processor.py:162} INFO - Started process (PID=588) to work on /home/airflow/.local/lib/python3.6/site-packages/airflow/example_dags/example_latest_only.py
[2026-01-10 09:32:05,269] {processor.py:613} INFO - Processing file /home/airflow/.local/lib/python3.6/site-packages/airflow/example_dags/example_latest_only.py for tasks to queue
[2026-01-10 09:32:05,270] {logging_mixin.py:109} INFO - [2026-01-10 09:32:05,270] {dagbag.py:496} INFO - Filling up the DagBag from /home/airflow/.local/lib/python3.6/site-packages/airflow/example_dags/example_latest_only.py
[2026-01-10 09:32:05,299] {processor.py:623} INFO - DAG(s) dict_keys(['latest_only']) retrieved from /home/airflow/.local/lib/python3.6/site-packages/airflow/example_dags/example_latest_only.py
[2026-01-10 09:32:05,333] {logging_mixin.py:109} INFO - [2026-01-10 09:32:05,333] {dag.py:1833} INFO - Sync 1 DAGs
[2026-01-10 09:32:05,364] {logging_mixin.py:109} INFO - [2026-01-10 09:32:05,364] {dag.py:2306} INFO - Setting next_dagrun for latest_only to 2026-01-08 00:00:00+00:00
[2026-01-10 09:32:05,381] {processor.py:170} INFO - Processing /home/airflow/.local/lib/python3.6/site-packages/airflow/example_dags/example_latest_only.py took 0.117 seconds
[2026-01-10 09:32:35,447] {processor.py:162} INFO - Started process (PID=639) to work on /home/airflow/.local/lib/python3.6/site-packages/airflow/example_dags/example_latest_only.py
[2026-01-10 09:32:35,449] {processor.py:613} INFO - Processing file /home/airflow/.local/lib/python3.6/site-packages/airflow/example_dags/example_latest_only.py for tasks to queue
[2026-01-10 09:32:35,450] {logging_mixin.py:109} INFO - [2026-01-10 09:32:35,450] {dagbag.py:496} INFO - Filling up the DagBag from /home/airflow/.local/lib/python3.6/site-packages/airflow/example_dags/example_latest_only.py
[2026-01-10 09:32:35,473] {processor.py:623} INFO - DAG(s) dict_keys(['latest_only']) retrieved from /home/airflow/.local/lib/python3.6/site-packages/airflow/example_dags/example_latest_only.py
[2026-01-10 09:32:35,510] {logging_mixin.py:109} INFO - [2026-01-10 09:32:35,509] {dag.py:1833} INFO - Sync 1 DAGs
[2026-01-10 09:32:35,538] {logging_mixin.py:109} INFO - [2026-01-10 09:32:35,538] {dag.py:2306} INFO - Setting next_dagrun for latest_only to 2026-01-08 00:00:00+00:00
[2026-01-10 09:32:35,552] {processor.py:170} INFO - Processing /home/airflow/.local/lib/python3.6/site-packages/airflow/example_dags/example_latest_only.py took 0.111 seconds
[2026-01-10 09:33:06,359] {processor.py:162} INFO - Started process (PID=690) to work on /home/airflow/.local/lib/python3.6/site-packages/airflow/example_dags/example_latest_only.py
[2026-01-10 09:33:06,361] {processor.py:613} INFO - Processing file /home/airflow/.local/lib/python3.6/site-packages/airflow/example_dags/example_latest_only.py for tasks to queue
[2026-01-10 09:33:06,363] {logging_mixin.py:109} INFO - [2026-01-10 09:33:06,362] {dagbag.py:496} INFO - Filling up the DagBag from /home/airflow/.local/lib/python3.6/site-packages/airflow/example_dags/example_latest_only.py
[2026-01-10 09:33:06,394] {processor.py:623} INFO - DAG(s) dict_keys(['latest_only']) retrieved from /home/airflow/.local/lib/python3.6/site-packages/airflow/example_dags/example_latest_only.py
[2026-01-10 09:33:06,448] {logging_mixin.py:109} INFO - [2026-01-10 09:33:06,448] {dag.py:1833} INFO - Sync 1 DAGs
[2026-01-10 09:33:06,482] {logging_mixin.py:109} INFO - [2026-01-10 09:33:06,482] {dag.py:2306} INFO - Setting next_dagrun for latest_only to 2026-01-08 00:00:00+00:00
[2026-01-10 09:33:06,501] {processor.py:170} INFO - Processing /home/airflow/.local/lib/python3.6/site-packages/airflow/example_dags/example_latest_only.py took 0.149 seconds
[2026-01-10 09:33:37,297] {processor.py:162} INFO - Started process (PID=740) to work on /home/airflow/.local/lib/python3.6/site-packages/airflow/example_dags/example_latest_only.py
[2026-01-10 09:33:37,304] {processor.py:613} INFO - Processing file /home/airflow/.local/lib/python3.6/site-packages/airflow/example_dags/example_latest_only.py for tasks to queue
[2026-01-10 09:33:37,305] {logging_mixin.py:109} INFO - [2026-01-10 09:33:37,305] {dagbag.py:496} INFO - Filling up the DagBag from /home/airflow/.local/lib/python3.6/site-packages/airflow/example_dags/example_latest_only.py
[2026-01-10 09:33:37,326] {processor.py:623} INFO - DAG(s) dict_keys(['latest_only']) retrieved from /home/airflow/.local/lib/python3.6/site-packages/airflow/example_dags/example_latest_only.py
[2026-01-10 09:33:37,355] {logging_mixin.py:109} INFO - [2026-01-10 09:33:37,355] {dag.py:1833} INFO - Sync 1 DAGs
[2026-01-10 09:33:37,385] {logging_mixin.py:109} INFO - [2026-01-10 09:33:37,384] {dag.py:2306} INFO - Setting next_dagrun for latest_only to 2026-01-08 00:00:00+00:00
[2026-01-10 09:33:37,400] {processor.py:170} INFO - Processing /home/airflow/.local/lib/python3.6/site-packages/airflow/example_dags/example_latest_only.py took 0.113 seconds
[2026-01-10 09:34:07,522] {processor.py:162} INFO - Started process (PID=791) to work on /home/airflow/.local/lib/python3.6/site-packages/airflow/example_dags/example_latest_only.py
[2026-01-10 09:34:07,525] {processor.py:613} INFO - Processing file /home/airflow/.local/lib/python3.6/site-packages/airflow/example_dags/example_latest_only.py for tasks to queue
[2026-01-10 09:34:07,526] {logging_mixin.py:109} INFO - [2026-01-10 09:34:07,526] {dagbag.py:496} INFO - Filling up the DagBag from /home/airflow/.local/lib/python3.6/site-packages/airflow/example_dags/example_latest_only.py
[2026-01-10 09:34:07,541] {processor.py:623} INFO - DAG(s) dict_keys(['latest_only']) retrieved from /home/airflow/.local/lib/python3.6/site-packages/airflow/example_dags/example_latest_only.py
[2026-01-10 09:34:07,566] {logging_mixin.py:109} INFO - [2026-01-10 09:34:07,566] {dag.py:1833} INFO - Sync 1 DAGs
[2026-01-10 09:34:07,585] {logging_mixin.py:109} INFO - [2026-01-10 09:34:07,584] {dag.py:2306} INFO - Setting next_dagrun for latest_only to 2026-01-08 00:00:00+00:00
[2026-01-10 09:34:07,595] {processor.py:170} INFO - Processing /home/airflow/.local/lib/python3.6/site-packages/airflow/example_dags/example_latest_only.py took 0.077 seconds
[2026-01-10 09:34:38,232] {processor.py:162} INFO - Started process (PID=851) to work on /home/airflow/.local/lib/python3.6/site-packages/airflow/example_dags/example_latest_only.py
[2026-01-10 09:34:38,234] {processor.py:613} INFO - Processing file /home/airflow/.local/lib/python3.6/site-packages/airflow/example_dags/example_latest_only.py for tasks to queue
[2026-01-10 09:34:38,238] {logging_mixin.py:109} INFO - [2026-01-10 09:34:38,238] {dagbag.py:496} INFO - Filling up the DagBag from /home/airflow/.local/lib/python3.6/site-packages/airflow/example_dags/example_latest_only.py
[2026-01-10 09:34:38,297] {processor.py:623} INFO - DAG(s) dict_keys(['latest_only']) retrieved from /home/airflow/.local/lib/python3.6/site-packages/airflow/example_dags/example_latest_only.py
[2026-01-10 09:34:38,364] {logging_mixin.py:109} INFO - [2026-01-10 09:34:38,363] {dag.py:1833} INFO - Sync 1 DAGs
[2026-01-10 09:34:38,394] {logging_mixin.py:109} INFO - [2026-01-10 09:34:38,394] {dag.py:2306} INFO - Setting next_dagrun for latest_only to 2026-01-08 00:00:00+00:00
[2026-01-10 09:34:38,411] {processor.py:170} INFO - Processing /home/airflow/.local/lib/python3.6/site-packages/airflow/example_dags/example_latest_only.py took 0.184 seconds
[2026-01-10 09:35:08,801] {processor.py:162} INFO - Started process (PID=903) to work on /home/airflow/.local/lib/python3.6/site-packages/airflow/example_dags/example_latest_only.py
[2026-01-10 09:35:08,802] {processor.py:613} INFO - Processing file /home/airflow/.local/lib/python3.6/site-packages/airflow/example_dags/example_latest_only.py for tasks to queue
[2026-01-10 09:35:08,803] {logging_mixin.py:109} INFO - [2026-01-10 09:35:08,803] {dagbag.py:496} INFO - Filling up the DagBag from /home/airflow/.local/lib/python3.6/site-packages/airflow/example_dags/example_latest_only.py
[2026-01-10 09:35:08,822] {processor.py:623} INFO - DAG(s) dict_keys(['latest_only']) retrieved from /home/airflow/.local/lib/python3.6/site-packages/airflow/example_dags/example_latest_only.py
[2026-01-10 09:35:08,860] {logging_mixin.py:109} INFO - [2026-01-10 09:35:08,859] {dag.py:1833} INFO - Sync 1 DAGs
[2026-01-10 09:35:08,884] {logging_mixin.py:109} INFO - [2026-01-10 09:35:08,884] {dag.py:2306} INFO - Setting next_dagrun for latest_only to 2026-01-08 00:00:00+00:00
[2026-01-10 09:35:08,902] {processor.py:170} INFO - Processing /home/airflow/.local/lib/python3.6/site-packages/airflow/example_dags/example_latest_only.py took 0.105 seconds
[2026-01-10 09:35:39,232] {processor.py:162} INFO - Started process (PID=954) to work on /home/airflow/.local/lib/python3.6/site-packages/airflow/example_dags/example_latest_only.py
[2026-01-10 09:35:39,233] {processor.py:613} INFO - Processing file /home/airflow/.local/lib/python3.6/site-packages/airflow/example_dags/example_latest_only.py for tasks to queue
[2026-01-10 09:35:39,234] {logging_mixin.py:109} INFO - [2026-01-10 09:35:39,234] {dagbag.py:496} INFO - Filling up the DagBag from /home/airflow/.local/lib/python3.6/site-packages/airflow/example_dags/example_latest_only.py
[2026-01-10 09:35:39,273] {processor.py:623} INFO - DAG(s) dict_keys(['latest_only']) retrieved from /home/airflow/.local/lib/python3.6/site-packages/airflow/example_dags/example_latest_only.py
[2026-01-10 09:35:39,349] {logging_mixin.py:109} INFO - [2026-01-10 09:35:39,349] {dag.py:1833} INFO - Sync 1 DAGs
[2026-01-10 09:35:39,386] {logging_mixin.py:109} INFO - [2026-01-10 09:35:39,386] {dag.py:2306} INFO - Setting next_dagrun for latest_only to 2026-01-08 00:00:00+00:00
[2026-01-10 09:35:39,420] {processor.py:170} INFO - Processing /home/airflow/.local/lib/python3.6/site-packages/airflow/example_dags/example_latest_only.py took 0.195 seconds
[2026-01-10 09:36:10,767] {processor.py:162} INFO - Started process (PID=1005) to work on /home/airflow/.local/lib/python3.6/site-packages/airflow/example_dags/example_latest_only.py
[2026-01-10 09:36:10,780] {processor.py:613} INFO - Processing file /home/airflow/.local/lib/python3.6/site-packages/airflow/example_dags/example_latest_only.py for tasks to queue
[2026-01-10 09:36:10,781] {logging_mixin.py:109} INFO - [2026-01-10 09:36:10,781] {dagbag.py:496} INFO - Filling up the DagBag from /home/airflow/.local/lib/python3.6/site-packages/airflow/example_dags/example_latest_only.py
[2026-01-10 09:36:10,852] {processor.py:623} INFO - DAG(s) dict_keys(['latest_only']) retrieved from /home/airflow/.local/lib/python3.6/site-packages/airflow/example_dags/example_latest_only.py
[2026-01-10 09:36:10,956] {logging_mixin.py:109} INFO - [2026-01-10 09:36:10,956] {dag.py:1833} INFO - Sync 1 DAGs
[2026-01-10 09:36:11,072] {logging_mixin.py:109} INFO - [2026-01-10 09:36:11,072] {dag.py:2306} INFO - Setting next_dagrun for latest_only to 2026-01-08 00:00:00+00:00
[2026-01-10 09:36:11,164] {processor.py:170} INFO - Processing /home/airflow/.local/lib/python3.6/site-packages/airflow/example_dags/example_latest_only.py took 0.431 seconds
[2026-01-10 09:36:41,684] {processor.py:162} INFO - Started process (PID=1052) to work on /home/airflow/.local/lib/python3.6/site-packages/airflow/example_dags/example_latest_only.py
[2026-01-10 09:36:41,688] {processor.py:613} INFO - Processing file /home/airflow/.local/lib/python3.6/site-packages/airflow/example_dags/example_latest_only.py for tasks to queue
[2026-01-10 09:36:41,689] {logging_mixin.py:109} INFO - [2026-01-10 09:36:41,689] {dagbag.py:496} INFO - Filling up the DagBag from /home/airflow/.local/lib/python3.6/site-packages/airflow/example_dags/example_latest_only.py
[2026-01-10 09:36:41,743] {processor.py:623} INFO - DAG(s) dict_keys(['latest_only']) retrieved from /home/airflow/.local/lib/python3.6/site-packages/airflow/example_dags/example_latest_only.py
[2026-01-10 09:36:41,781] {logging_mixin.py:109} INFO - [2026-01-10 09:36:41,781] {dag.py:1833} INFO - Sync 1 DAGs
[2026-01-10 09:36:41,813] {logging_mixin.py:109} INFO - [2026-01-10 09:36:41,812] {dag.py:2306} INFO - Setting next_dagrun for latest_only to 2026-01-08 00:00:00+00:00
[2026-01-10 09:36:41,837] {processor.py:170} INFO - Processing /home/airflow/.local/lib/python3.6/site-packages/airflow/example_dags/example_latest_only.py took 0.161 seconds
[2026-01-10 09:37:12,538] {processor.py:162} INFO - Started process (PID=1096) to work on /home/airflow/.local/lib/python3.6/site-packages/airflow/example_dags/example_latest_only.py
[2026-01-10 09:37:12,540] {processor.py:613} INFO - Processing file /home/airflow/.local/lib/python3.6/site-packages/airflow/example_dags/example_latest_only.py for tasks to queue
[2026-01-10 09:37:12,541] {logging_mixin.py:109} INFO - [2026-01-10 09:37:12,540] {dagbag.py:496} INFO - Filling up the DagBag from /home/airflow/.local/lib/python3.6/site-packages/airflow/example_dags/example_latest_only.py
[2026-01-10 09:37:12,565] {processor.py:623} INFO - DAG(s) dict_keys(['latest_only']) retrieved from /home/airflow/.local/lib/python3.6/site-packages/airflow/example_dags/example_latest_only.py
[2026-01-10 09:37:12,679] {logging_mixin.py:109} INFO - [2026-01-10 09:37:12,679] {dag.py:1833} INFO - Sync 1 DAGs
[2026-01-10 09:37:12,746] {logging_mixin.py:109} INFO - [2026-01-10 09:37:12,746] {dag.py:2306} INFO - Setting next_dagrun for latest_only to 2026-01-08 00:00:00+00:00
[2026-01-10 09:37:12,773] {processor.py:170} INFO - Processing /home/airflow/.local/lib/python3.6/site-packages/airflow/example_dags/example_latest_only.py took 0.241 seconds
[2026-01-10 09:37:43,053] {processor.py:162} INFO - Started process (PID=1145) to work on /home/airflow/.local/lib/python3.6/site-packages/airflow/example_dags/example_latest_only.py
[2026-01-10 09:37:43,054] {processor.py:613} INFO - Processing file /home/airflow/.local/lib/python3.6/site-packages/airflow/example_dags/example_latest_only.py for tasks to queue
[2026-01-10 09:37:43,055] {logging_mixin.py:109} INFO - [2026-01-10 09:37:43,055] {dagbag.py:496} INFO - Filling up the DagBag from /home/airflow/.local/lib/python3.6/site-packages/airflow/example_dags/example_latest_only.py
[2026-01-10 09:37:43,096] {processor.py:623} INFO - DAG(s) dict_keys(['latest_only']) retrieved from /home/airflow/.local/lib/python3.6/site-packages/airflow/example_dags/example_latest_only.py
[2026-01-10 09:37:43,128] {logging_mixin.py:109} INFO - [2026-01-10 09:37:43,127] {dag.py:1833} INFO - Sync 1 DAGs
[2026-01-10 09:37:43,159] {logging_mixin.py:109} INFO - [2026-01-10 09:37:43,159] {dag.py:2306} INFO - Setting next_dagrun for latest_only to 2026-01-08 00:00:00+00:00
[2026-01-10 09:37:43,190] {processor.py:170} INFO - Processing /home/airflow/.local/lib/python3.6/site-packages/airflow/example_dags/example_latest_only.py took 0.146 seconds
[2026-01-10 09:38:13,594] {processor.py:162} INFO - Started process (PID=1197) to work on /home/airflow/.local/lib/python3.6/site-packages/airflow/example_dags/example_latest_only.py
[2026-01-10 09:38:13,596] {processor.py:613} INFO - Processing file /home/airflow/.local/lib/python3.6/site-packages/airflow/example_dags/example_latest_only.py for tasks to queue
[2026-01-10 09:38:13,597] {logging_mixin.py:109} INFO - [2026-01-10 09:38:13,597] {dagbag.py:496} INFO - Filling up the DagBag from /home/airflow/.local/lib/python3.6/site-packages/airflow/example_dags/example_latest_only.py
[2026-01-10 09:38:13,618] {processor.py:623} INFO - DAG(s) dict_keys(['latest_only']) retrieved from /home/airflow/.local/lib/python3.6/site-packages/airflow/example_dags/example_latest_only.py
[2026-01-10 09:38:13,651] {logging_mixin.py:109} INFO - [2026-01-10 09:38:13,651] {dag.py:1833} INFO - Sync 1 DAGs
[2026-01-10 09:38:13,677] {logging_mixin.py:109} INFO - [2026-01-10 09:38:13,677] {dag.py:2306} INFO - Setting next_dagrun for latest_only to 2026-01-08 00:00:00+00:00
[2026-01-10 09:38:13,693] {processor.py:170} INFO - Processing /home/airflow/.local/lib/python3.6/site-packages/airflow/example_dags/example_latest_only.py took 0.104 seconds
[2026-01-10 09:38:43,892] {processor.py:162} INFO - Started process (PID=1247) to work on /home/airflow/.local/lib/python3.6/site-packages/airflow/example_dags/example_latest_only.py
[2026-01-10 09:38:43,894] {processor.py:613} INFO - Processing file /home/airflow/.local/lib/python3.6/site-packages/airflow/example_dags/example_latest_only.py for tasks to queue
[2026-01-10 09:38:43,895] {logging_mixin.py:109} INFO - [2026-01-10 09:38:43,895] {dagbag.py:496} INFO - Filling up the DagBag from /home/airflow/.local/lib/python3.6/site-packages/airflow/example_dags/example_latest_only.py
[2026-01-10 09:38:43,922] {processor.py:623} INFO - DAG(s) dict_keys(['latest_only']) retrieved from /home/airflow/.local/lib/python3.6/site-packages/airflow/example_dags/example_latest_only.py
[2026-01-10 09:38:43,960] {logging_mixin.py:109} INFO - [2026-01-10 09:38:43,960] {dag.py:1833} INFO - Sync 1 DAGs
[2026-01-10 09:38:43,983] {logging_mixin.py:109} INFO - [2026-01-10 09:38:43,983] {dag.py:2306} INFO - Setting next_dagrun for latest_only to 2026-01-08 00:00:00+00:00
[2026-01-10 09:38:43,999] {processor.py:170} INFO - Processing /home/airflow/.local/lib/python3.6/site-packages/airflow/example_dags/example_latest_only.py took 0.112 seconds
[2026-01-10 09:39:14,204] {processor.py:162} INFO - Started process (PID=1297) to work on /home/airflow/.local/lib/python3.6/site-packages/airflow/example_dags/example_latest_only.py
[2026-01-10 09:39:14,206] {processor.py:613} INFO - Processing file /home/airflow/.local/lib/python3.6/site-packages/airflow/example_dags/example_latest_only.py for tasks to queue
[2026-01-10 09:39:14,212] {logging_mixin.py:109} INFO - [2026-01-10 09:39:14,206] {dagbag.py:496} INFO - Filling up the DagBag from /home/airflow/.local/lib/python3.6/site-packages/airflow/example_dags/example_latest_only.py
[2026-01-10 09:39:14,232] {processor.py:623} INFO - DAG(s) dict_keys(['latest_only']) retrieved from /home/airflow/.local/lib/python3.6/site-packages/airflow/example_dags/example_latest_only.py
[2026-01-10 09:39:14,260] {logging_mixin.py:109} INFO - [2026-01-10 09:39:14,260] {dag.py:1833} INFO - Sync 1 DAGs
[2026-01-10 09:39:14,284] {logging_mixin.py:109} INFO - [2026-01-10 09:39:14,284] {dag.py:2306} INFO - Setting next_dagrun for latest_only to 2026-01-08 00:00:00+00:00
[2026-01-10 09:39:14,305] {processor.py:170} INFO - Processing /home/airflow/.local/lib/python3.6/site-packages/airflow/example_dags/example_latest_only.py took 0.111 seconds
[2026-01-10 09:39:45,127] {processor.py:162} INFO - Started process (PID=1354) to work on /home/airflow/.local/lib/python3.6/site-packages/airflow/example_dags/example_latest_only.py
[2026-01-10 09:39:45,129] {processor.py:613} INFO - Processing file /home/airflow/.local/lib/python3.6/site-packages/airflow/example_dags/example_latest_only.py for tasks to queue
[2026-01-10 09:39:45,130] {logging_mixin.py:109} INFO - [2026-01-10 09:39:45,129] {dagbag.py:496} INFO - Filling up the DagBag from /home/airflow/.local/lib/python3.6/site-packages/airflow/example_dags/example_latest_only.py
[2026-01-10 09:39:45,151] {processor.py:623} INFO - DAG(s) dict_keys(['latest_only']) retrieved from /home/airflow/.local/lib/python3.6/site-packages/airflow/example_dags/example_latest_only.py
[2026-01-10 09:39:45,211] {logging_mixin.py:109} INFO - [2026-01-10 09:39:45,210] {dag.py:1833} INFO - Sync 1 DAGs
[2026-01-10 09:39:45,266] {logging_mixin.py:109} INFO - [2026-01-10 09:39:45,266] {dag.py:2306} INFO - Setting next_dagrun for latest_only to 2026-01-08 00:00:00+00:00
[2026-01-10 09:39:45,331] {processor.py:170} INFO - Processing /home/airflow/.local/lib/python3.6/site-packages/airflow/example_dags/example_latest_only.py took 0.215 seconds
[2026-01-10 09:40:15,514] {processor.py:162} INFO - Started process (PID=1407) to work on /home/airflow/.local/lib/python3.6/site-packages/airflow/example_dags/example_latest_only.py
[2026-01-10 09:40:15,515] {processor.py:613} INFO - Processing file /home/airflow/.local/lib/python3.6/site-packages/airflow/example_dags/example_latest_only.py for tasks to queue
[2026-01-10 09:40:15,516] {logging_mixin.py:109} INFO - [2026-01-10 09:40:15,516] {dagbag.py:496} INFO - Filling up the DagBag from /home/airflow/.local/lib/python3.6/site-packages/airflow/example_dags/example_latest_only.py
[2026-01-10 09:40:15,539] {processor.py:623} INFO - DAG(s) dict_keys(['latest_only']) retrieved from /home/airflow/.local/lib/python3.6/site-packages/airflow/example_dags/example_latest_only.py
[2026-01-10 09:40:15,580] {logging_mixin.py:109} INFO - [2026-01-10 09:40:15,580] {dag.py:1833} INFO - Sync 1 DAGs
[2026-01-10 09:40:15,616] {logging_mixin.py:109} INFO - [2026-01-10 09:40:15,616] {dag.py:2306} INFO - Setting next_dagrun for latest_only to 2026-01-08 00:00:00+00:00
[2026-01-10 09:40:15,639] {processor.py:170} INFO - Processing /home/airflow/.local/lib/python3.6/site-packages/airflow/example_dags/example_latest_only.py took 0.131 seconds
[2026-01-10 09:40:46,256] {processor.py:162} INFO - Started process (PID=1458) to work on /home/airflow/.local/lib/python3.6/site-packages/airflow/example_dags/example_latest_only.py
[2026-01-10 09:40:46,260] {processor.py:613} INFO - Processing file /home/airflow/.local/lib/python3.6/site-packages/airflow/example_dags/example_latest_only.py for tasks to queue
[2026-01-10 09:40:46,263] {logging_mixin.py:109} INFO - [2026-01-10 09:40:46,262] {dagbag.py:496} INFO - Filling up the DagBag from /home/airflow/.local/lib/python3.6/site-packages/airflow/example_dags/example_latest_only.py
[2026-01-10 09:40:46,291] {processor.py:623} INFO - DAG(s) dict_keys(['latest_only']) retrieved from /home/airflow/.local/lib/python3.6/site-packages/airflow/example_dags/example_latest_only.py
[2026-01-10 09:40:46,383] {logging_mixin.py:109} INFO - [2026-01-10 09:40:46,382] {dag.py:1833} INFO - Sync 1 DAGs
[2026-01-10 09:40:46,507] {logging_mixin.py:109} INFO - [2026-01-10 09:40:46,507] {dag.py:2306} INFO - Setting next_dagrun for latest_only to 2026-01-08 00:00:00+00:00
[2026-01-10 09:40:46,611] {processor.py:170} INFO - Processing /home/airflow/.local/lib/python3.6/site-packages/airflow/example_dags/example_latest_only.py took 0.371 seconds
[2026-01-10 09:41:17,152] {processor.py:162} INFO - Started process (PID=1509) to work on /home/airflow/.local/lib/python3.6/site-packages/airflow/example_dags/example_latest_only.py
[2026-01-10 09:41:17,153] {processor.py:613} INFO - Processing file /home/airflow/.local/lib/python3.6/site-packages/airflow/example_dags/example_latest_only.py for tasks to queue
[2026-01-10 09:41:17,155] {logging_mixin.py:109} INFO - [2026-01-10 09:41:17,154] {dagbag.py:496} INFO - Filling up the DagBag from /home/airflow/.local/lib/python3.6/site-packages/airflow/example_dags/example_latest_only.py
[2026-01-10 09:41:17,189] {processor.py:623} INFO - DAG(s) dict_keys(['latest_only']) retrieved from /home/airflow/.local/lib/python3.6/site-packages/airflow/example_dags/example_latest_only.py
[2026-01-10 09:41:17,236] {logging_mixin.py:109} INFO - [2026-01-10 09:41:17,236] {dag.py:1833} INFO - Sync 1 DAGs
[2026-01-10 09:41:17,259] {logging_mixin.py:109} INFO - [2026-01-10 09:41:17,259] {dag.py:2306} INFO - Setting next_dagrun for latest_only to 2026-01-08 00:00:00+00:00
[2026-01-10 09:41:17,274] {processor.py:170} INFO - Processing /home/airflow/.local/lib/python3.6/site-packages/airflow/example_dags/example_latest_only.py took 0.130 seconds
[2026-01-10 09:41:47,530] {processor.py:162} INFO - Started process (PID=1559) to work on /home/airflow/.local/lib/python3.6/site-packages/airflow/example_dags/example_latest_only.py
[2026-01-10 09:41:47,532] {processor.py:613} INFO - Processing file /home/airflow/.local/lib/python3.6/site-packages/airflow/example_dags/example_latest_only.py for tasks to queue
[2026-01-10 09:41:47,532] {logging_mixin.py:109} INFO - [2026-01-10 09:41:47,532] {dagbag.py:496} INFO - Filling up the DagBag from /home/airflow/.local/lib/python3.6/site-packages/airflow/example_dags/example_latest_only.py
[2026-01-10 09:41:47,553] {processor.py:623} INFO - DAG(s) dict_keys(['latest_only']) retrieved from /home/airflow/.local/lib/python3.6/site-packages/airflow/example_dags/example_latest_only.py
[2026-01-10 09:41:47,582] {logging_mixin.py:109} INFO - [2026-01-10 09:41:47,582] {dag.py:1833} INFO - Sync 1 DAGs
[2026-01-10 09:41:47,605] {logging_mixin.py:109} INFO - [2026-01-10 09:41:47,605] {dag.py:2306} INFO - Setting next_dagrun for latest_only to 2026-01-08 00:00:00+00:00
[2026-01-10 09:41:47,622] {processor.py:170} INFO - Processing /home/airflow/.local/lib/python3.6/site-packages/airflow/example_dags/example_latest_only.py took 0.095 seconds
[2026-01-10 09:42:17,807] {processor.py:162} INFO - Started process (PID=1610) to work on /home/airflow/.local/lib/python3.6/site-packages/airflow/example_dags/example_latest_only.py
[2026-01-10 09:42:17,809] {processor.py:613} INFO - Processing file /home/airflow/.local/lib/python3.6/site-packages/airflow/example_dags/example_latest_only.py for tasks to queue
[2026-01-10 09:42:17,810] {logging_mixin.py:109} INFO - [2026-01-10 09:42:17,809] {dagbag.py:496} INFO - Filling up the DagBag from /home/airflow/.local/lib/python3.6/site-packages/airflow/example_dags/example_latest_only.py
[2026-01-10 09:42:17,830] {processor.py:623} INFO - DAG(s) dict_keys(['latest_only']) retrieved from /home/airflow/.local/lib/python3.6/site-packages/airflow/example_dags/example_latest_only.py
[2026-01-10 09:42:17,862] {logging_mixin.py:109} INFO - [2026-01-10 09:42:17,862] {dag.py:1833} INFO - Sync 1 DAGs
[2026-01-10 09:42:17,892] {logging_mixin.py:109} INFO - [2026-01-10 09:42:17,892] {dag.py:2306} INFO - Setting next_dagrun for latest_only to 2026-01-08 00:00:00+00:00
[2026-01-10 09:42:17,909] {processor.py:170} INFO - Processing /home/airflow/.local/lib/python3.6/site-packages/airflow/example_dags/example_latest_only.py took 0.107 seconds
[2026-01-10 09:42:48,337] {processor.py:162} INFO - Started process (PID=1661) to work on /home/airflow/.local/lib/python3.6/site-packages/airflow/example_dags/example_latest_only.py
[2026-01-10 09:42:48,340] {processor.py:613} INFO - Processing file /home/airflow/.local/lib/python3.6/site-packages/airflow/example_dags/example_latest_only.py for tasks to queue
[2026-01-10 09:42:48,341] {logging_mixin.py:109} INFO - [2026-01-10 09:42:48,341] {dagbag.py:496} INFO - Filling up the DagBag from /home/airflow/.local/lib/python3.6/site-packages/airflow/example_dags/example_latest_only.py
[2026-01-10 09:42:48,361] {processor.py:623} INFO - DAG(s) dict_keys(['latest_only']) retrieved from /home/airflow/.local/lib/python3.6/site-packages/airflow/example_dags/example_latest_only.py
[2026-01-10 09:42:48,394] {logging_mixin.py:109} INFO - [2026-01-10 09:42:48,394] {dag.py:1833} INFO - Sync 1 DAGs
[2026-01-10 09:42:48,417] {logging_mixin.py:109} INFO - [2026-01-10 09:42:48,417] {dag.py:2306} INFO - Setting next_dagrun for latest_only to 2026-01-08 00:00:00+00:00
[2026-01-10 09:42:48,436] {processor.py:170} INFO - Processing /home/airflow/.local/lib/python3.6/site-packages/airflow/example_dags/example_latest_only.py took 0.104 seconds
[2026-01-10 09:43:19,127] {processor.py:162} INFO - Started process (PID=1722) to work on /home/airflow/.local/lib/python3.6/site-packages/airflow/example_dags/example_latest_only.py
[2026-01-10 09:43:19,130] {processor.py:613} INFO - Processing file /home/airflow/.local/lib/python3.6/site-packages/airflow/example_dags/example_latest_only.py for tasks to queue
[2026-01-10 09:43:19,131] {logging_mixin.py:109} INFO - [2026-01-10 09:43:19,131] {dagbag.py:496} INFO - Filling up the DagBag from /home/airflow/.local/lib/python3.6/site-packages/airflow/example_dags/example_latest_only.py
[2026-01-10 09:43:19,153] {processor.py:623} INFO - DAG(s) dict_keys(['latest_only']) retrieved from /home/airflow/.local/lib/python3.6/site-packages/airflow/example_dags/example_latest_only.py
[2026-01-10 09:43:19,184] {logging_mixin.py:109} INFO - [2026-01-10 09:43:19,184] {dag.py:1833} INFO - Sync 1 DAGs
[2026-01-10 09:43:19,212] {logging_mixin.py:109} INFO - [2026-01-10 09:43:19,212] {dag.py:2306} INFO - Setting next_dagrun for latest_only to 2026-01-08 00:00:00+00:00
[2026-01-10 09:43:19,234] {processor.py:170} INFO - Processing /home/airflow/.local/lib/python3.6/site-packages/airflow/example_dags/example_latest_only.py took 0.113 seconds
[2026-01-10 09:43:49,391] {processor.py:162} INFO - Started process (PID=1773) to work on /home/airflow/.local/lib/python3.6/site-packages/airflow/example_dags/example_latest_only.py
[2026-01-10 09:43:49,393] {processor.py:613} INFO - Processing file /home/airflow/.local/lib/python3.6/site-packages/airflow/example_dags/example_latest_only.py for tasks to queue
[2026-01-10 09:43:49,395] {logging_mixin.py:109} INFO - [2026-01-10 09:43:49,395] {dagbag.py:496} INFO - Filling up the DagBag from /home/airflow/.local/lib/python3.6/site-packages/airflow/example_dags/example_latest_only.py
[2026-01-10 09:43:49,439] {processor.py:623} INFO - DAG(s) dict_keys(['latest_only']) retrieved from /home/airflow/.local/lib/python3.6/site-packages/airflow/example_dags/example_latest_only.py
[2026-01-10 09:43:49,494] {logging_mixin.py:109} INFO - [2026-01-10 09:43:49,494] {dag.py:1833} INFO - Sync 1 DAGs
[2026-01-10 09:43:49,527] {logging_mixin.py:109} INFO - [2026-01-10 09:43:49,527] {dag.py:2306} INFO - Setting next_dagrun for latest_only to 2026-01-08 00:00:00+00:00
[2026-01-10 09:43:49,541] {processor.py:170} INFO - Processing /home/airflow/.local/lib/python3.6/site-packages/airflow/example_dags/example_latest_only.py took 0.159 seconds
[2026-01-10 09:44:20,844] {processor.py:162} INFO - Started process (PID=1824) to work on /home/airflow/.local/lib/python3.6/site-packages/airflow/example_dags/example_latest_only.py
[2026-01-10 09:44:20,850] {processor.py:613} INFO - Processing file /home/airflow/.local/lib/python3.6/site-packages/airflow/example_dags/example_latest_only.py for tasks to queue
[2026-01-10 09:44:20,855] {logging_mixin.py:109} INFO - [2026-01-10 09:44:20,854] {dagbag.py:496} INFO - Filling up the DagBag from /home/airflow/.local/lib/python3.6/site-packages/airflow/example_dags/example_latest_only.py
[2026-01-10 09:44:20,931] {processor.py:623} INFO - DAG(s) dict_keys(['latest_only']) retrieved from /home/airflow/.local/lib/python3.6/site-packages/airflow/example_dags/example_latest_only.py
[2026-01-10 09:44:21,153] {logging_mixin.py:109} INFO - [2026-01-10 09:44:21,153] {dag.py:1833} INFO - Sync 1 DAGs
[2026-01-10 09:44:21,395] {logging_mixin.py:109} INFO - [2026-01-10 09:44:21,394] {dag.py:2306} INFO - Setting next_dagrun for latest_only to 2026-01-08 00:00:00+00:00
[2026-01-10 09:44:21,482] {processor.py:170} INFO - Processing /home/airflow/.local/lib/python3.6/site-packages/airflow/example_dags/example_latest_only.py took 0.645 seconds
[2026-01-10 09:44:51,737] {processor.py:162} INFO - Started process (PID=1875) to work on /home/airflow/.local/lib/python3.6/site-packages/airflow/example_dags/example_latest_only.py
[2026-01-10 09:44:51,738] {processor.py:613} INFO - Processing file /home/airflow/.local/lib/python3.6/site-packages/airflow/example_dags/example_latest_only.py for tasks to queue
[2026-01-10 09:44:51,739] {logging_mixin.py:109} INFO - [2026-01-10 09:44:51,739] {dagbag.py:496} INFO - Filling up the DagBag from /home/airflow/.local/lib/python3.6/site-packages/airflow/example_dags/example_latest_only.py
[2026-01-10 09:44:51,758] {processor.py:623} INFO - DAG(s) dict_keys(['latest_only']) retrieved from /home/airflow/.local/lib/python3.6/site-packages/airflow/example_dags/example_latest_only.py
[2026-01-10 09:44:51,787] {logging_mixin.py:109} INFO - [2026-01-10 09:44:51,787] {dag.py:1833} INFO - Sync 1 DAGs
[2026-01-10 09:44:51,808] {logging_mixin.py:109} INFO - [2026-01-10 09:44:51,808] {dag.py:2306} INFO - Setting next_dagrun for latest_only to 2026-01-08 00:00:00+00:00
[2026-01-10 09:44:51,819] {processor.py:170} INFO - Processing /home/airflow/.local/lib/python3.6/site-packages/airflow/example_dags/example_latest_only.py took 0.087 seconds
[2026-01-10 09:45:21,905] {processor.py:162} INFO - Started process (PID=1926) to work on /home/airflow/.local/lib/python3.6/site-packages/airflow/example_dags/example_latest_only.py
[2026-01-10 09:45:21,907] {processor.py:613} INFO - Processing file /home/airflow/.local/lib/python3.6/site-packages/airflow/example_dags/example_latest_only.py for tasks to queue
[2026-01-10 09:45:21,908] {logging_mixin.py:109} INFO - [2026-01-10 09:45:21,908] {dagbag.py:496} INFO - Filling up the DagBag from /home/airflow/.local/lib/python3.6/site-packages/airflow/example_dags/example_latest_only.py
[2026-01-10 09:45:21,926] {processor.py:623} INFO - DAG(s) dict_keys(['latest_only']) retrieved from /home/airflow/.local/lib/python3.6/site-packages/airflow/example_dags/example_latest_only.py
[2026-01-10 09:45:21,955] {logging_mixin.py:109} INFO - [2026-01-10 09:45:21,955] {dag.py:1833} INFO - Sync 1 DAGs
[2026-01-10 09:45:21,977] {logging_mixin.py:109} INFO - [2026-01-10 09:45:21,976] {dag.py:2306} INFO - Setting next_dagrun for latest_only to 2026-01-08 00:00:00+00:00
[2026-01-10 09:45:21,990] {processor.py:170} INFO - Processing /home/airflow/.local/lib/python3.6/site-packages/airflow/example_dags/example_latest_only.py took 0.092 seconds
[2026-01-10 09:45:52,269] {processor.py:162} INFO - Started process (PID=1976) to work on /home/airflow/.local/lib/python3.6/site-packages/airflow/example_dags/example_latest_only.py
[2026-01-10 09:45:52,271] {processor.py:613} INFO - Processing file /home/airflow/.local/lib/python3.6/site-packages/airflow/example_dags/example_latest_only.py for tasks to queue
[2026-01-10 09:45:52,272] {logging_mixin.py:109} INFO - [2026-01-10 09:45:52,272] {dagbag.py:496} INFO - Filling up the DagBag from /home/airflow/.local/lib/python3.6/site-packages/airflow/example_dags/example_latest_only.py
[2026-01-10 09:45:52,309] {processor.py:623} INFO - DAG(s) dict_keys(['latest_only']) retrieved from /home/airflow/.local/lib/python3.6/site-packages/airflow/example_dags/example_latest_only.py
[2026-01-10 09:45:52,362] {logging_mixin.py:109} INFO - [2026-01-10 09:45:52,362] {dag.py:1833} INFO - Sync 1 DAGs
[2026-01-10 09:45:52,394] {logging_mixin.py:109} INFO - [2026-01-10 09:45:52,394] {dag.py:2306} INFO - Setting next_dagrun for latest_only to 2026-01-08 00:00:00+00:00
[2026-01-10 09:45:52,411] {processor.py:170} INFO - Processing /home/airflow/.local/lib/python3.6/site-packages/airflow/example_dags/example_latest_only.py took 0.146 seconds
[2026-01-10 09:46:22,645] {processor.py:162} INFO - Started process (PID=2027) to work on /home/airflow/.local/lib/python3.6/site-packages/airflow/example_dags/example_latest_only.py
[2026-01-10 09:46:22,646] {processor.py:613} INFO - Processing file /home/airflow/.local/lib/python3.6/site-packages/airflow/example_dags/example_latest_only.py for tasks to queue
[2026-01-10 09:46:22,647] {logging_mixin.py:109} INFO - [2026-01-10 09:46:22,647] {dagbag.py:496} INFO - Filling up the DagBag from /home/airflow/.local/lib/python3.6/site-packages/airflow/example_dags/example_latest_only.py
[2026-01-10 09:46:22,661] {processor.py:623} INFO - DAG(s) dict_keys(['latest_only']) retrieved from /home/airflow/.local/lib/python3.6/site-packages/airflow/example_dags/example_latest_only.py
[2026-01-10 09:46:22,697] {logging_mixin.py:109} INFO - [2026-01-10 09:46:22,697] {dag.py:1833} INFO - Sync 1 DAGs
[2026-01-10 09:46:22,726] {logging_mixin.py:109} INFO - [2026-01-10 09:46:22,726] {dag.py:2306} INFO - Setting next_dagrun for latest_only to 2026-01-08 00:00:00+00:00
[2026-01-10 09:46:22,742] {processor.py:170} INFO - Processing /home/airflow/.local/lib/python3.6/site-packages/airflow/example_dags/example_latest_only.py took 0.102 seconds
[2026-01-10 09:46:53,185] {processor.py:162} INFO - Started process (PID=2077) to work on /home/airflow/.local/lib/python3.6/site-packages/airflow/example_dags/example_latest_only.py
[2026-01-10 09:46:53,186] {processor.py:613} INFO - Processing file /home/airflow/.local/lib/python3.6/site-packages/airflow/example_dags/example_latest_only.py for tasks to queue
[2026-01-10 09:46:53,187] {logging_mixin.py:109} INFO - [2026-01-10 09:46:53,187] {dagbag.py:496} INFO - Filling up the DagBag from /home/airflow/.local/lib/python3.6/site-packages/airflow/example_dags/example_latest_only.py
[2026-01-10 09:46:53,208] {processor.py:623} INFO - DAG(s) dict_keys(['latest_only']) retrieved from /home/airflow/.local/lib/python3.6/site-packages/airflow/example_dags/example_latest_only.py
[2026-01-10 09:46:53,239] {logging_mixin.py:109} INFO - [2026-01-10 09:46:53,239] {dag.py:1833} INFO - Sync 1 DAGs
[2026-01-10 09:46:53,259] {logging_mixin.py:109} INFO - [2026-01-10 09:46:53,259] {dag.py:2306} INFO - Setting next_dagrun for latest_only to 2026-01-08 00:00:00+00:00
[2026-01-10 09:46:53,274] {processor.py:170} INFO - Processing /home/airflow/.local/lib/python3.6/site-packages/airflow/example_dags/example_latest_only.py took 0.092 seconds
[2026-01-10 09:47:30,910] {processor.py:162} INFO - Started process (PID=2125) to work on /home/airflow/.local/lib/python3.6/site-packages/airflow/example_dags/example_latest_only.py
[2026-01-10 09:47:30,913] {processor.py:613} INFO - Processing file /home/airflow/.local/lib/python3.6/site-packages/airflow/example_dags/example_latest_only.py for tasks to queue
[2026-01-10 09:47:30,914] {logging_mixin.py:109} INFO - [2026-01-10 09:47:30,914] {dagbag.py:496} INFO - Filling up the DagBag from /home/airflow/.local/lib/python3.6/site-packages/airflow/example_dags/example_latest_only.py
[2026-01-10 09:47:30,940] {processor.py:623} INFO - DAG(s) dict_keys(['latest_only']) retrieved from /home/airflow/.local/lib/python3.6/site-packages/airflow/example_dags/example_latest_only.py
[2026-01-10 09:47:31,034] {logging_mixin.py:109} INFO - [2026-01-10 09:47:31,034] {dag.py:1833} INFO - Sync 1 DAGs
[2026-01-10 09:47:31,084] {logging_mixin.py:109} INFO - [2026-01-10 09:47:31,084] {dag.py:2306} INFO - Setting next_dagrun for latest_only to 2026-01-08 00:00:00+00:00
[2026-01-10 09:47:31,124] {processor.py:170} INFO - Processing /home/airflow/.local/lib/python3.6/site-packages/airflow/example_dags/example_latest_only.py took 0.220 seconds
[2026-01-10 09:48:02,636] {processor.py:162} INFO - Started process (PID=2166) to work on /home/airflow/.local/lib/python3.6/site-packages/airflow/example_dags/example_latest_only.py
[2026-01-10 09:48:02,638] {processor.py:613} INFO - Processing file /home/airflow/.local/lib/python3.6/site-packages/airflow/example_dags/example_latest_only.py for tasks to queue
[2026-01-10 09:48:02,639] {logging_mixin.py:109} INFO - [2026-01-10 09:48:02,639] {dagbag.py:496} INFO - Filling up the DagBag from /home/airflow/.local/lib/python3.6/site-packages/airflow/example_dags/example_latest_only.py
[2026-01-10 09:48:02,670] {processor.py:623} INFO - DAG(s) dict_keys(['latest_only']) retrieved from /home/airflow/.local/lib/python3.6/site-packages/airflow/example_dags/example_latest_only.py
[2026-01-10 09:48:02,709] {logging_mixin.py:109} INFO - [2026-01-10 09:48:02,709] {dag.py:1833} INFO - Sync 1 DAGs
[2026-01-10 09:48:02,749] {logging_mixin.py:109} INFO - [2026-01-10 09:48:02,748] {dag.py:2306} INFO - Setting next_dagrun for latest_only to 2026-01-08 00:00:00+00:00
[2026-01-10 09:48:02,793] {processor.py:170} INFO - Processing /home/airflow/.local/lib/python3.6/site-packages/airflow/example_dags/example_latest_only.py took 0.166 seconds
[2026-01-10 09:48:33,243] {processor.py:162} INFO - Started process (PID=2206) to work on /home/airflow/.local/lib/python3.6/site-packages/airflow/example_dags/example_latest_only.py
[2026-01-10 09:48:33,246] {processor.py:613} INFO - Processing file /home/airflow/.local/lib/python3.6/site-packages/airflow/example_dags/example_latest_only.py for tasks to queue
[2026-01-10 09:48:33,248] {logging_mixin.py:109} INFO - [2026-01-10 09:48:33,248] {dagbag.py:496} INFO - Filling up the DagBag from /home/airflow/.local/lib/python3.6/site-packages/airflow/example_dags/example_latest_only.py
[2026-01-10 09:48:33,298] {processor.py:623} INFO - DAG(s) dict_keys(['latest_only']) retrieved from /home/airflow/.local/lib/python3.6/site-packages/airflow/example_dags/example_latest_only.py
[2026-01-10 09:48:33,417] {logging_mixin.py:109} INFO - [2026-01-10 09:48:33,415] {dag.py:1833} INFO - Sync 1 DAGs
[2026-01-10 09:48:33,470] {logging_mixin.py:109} INFO - [2026-01-10 09:48:33,469] {dag.py:2306} INFO - Setting next_dagrun for latest_only to 2026-01-08 00:00:00+00:00
[2026-01-10 09:48:33,511] {processor.py:170} INFO - Processing /home/airflow/.local/lib/python3.6/site-packages/airflow/example_dags/example_latest_only.py took 0.285 seconds
[2026-01-10 09:49:16,477] {processor.py:162} INFO - Started process (PID=2248) to work on /home/airflow/.local/lib/python3.6/site-packages/airflow/example_dags/example_latest_only.py
[2026-01-10 09:49:16,479] {processor.py:613} INFO - Processing file /home/airflow/.local/lib/python3.6/site-packages/airflow/example_dags/example_latest_only.py for tasks to queue
[2026-01-10 09:49:16,485] {logging_mixin.py:109} INFO - [2026-01-10 09:49:16,483] {dagbag.py:496} INFO - Filling up the DagBag from /home/airflow/.local/lib/python3.6/site-packages/airflow/example_dags/example_latest_only.py
[2026-01-10 09:49:16,561] {processor.py:623} INFO - DAG(s) dict_keys(['latest_only']) retrieved from /home/airflow/.local/lib/python3.6/site-packages/airflow/example_dags/example_latest_only.py
[2026-01-10 09:49:17,523] {logging_mixin.py:109} INFO - [2026-01-10 09:49:17,523] {dag.py:1833} INFO - Sync 1 DAGs
[2026-01-10 09:49:17,607] {logging_mixin.py:109} INFO - [2026-01-10 09:49:17,606] {dag.py:2306} INFO - Setting next_dagrun for latest_only to 2026-01-08 00:00:00+00:00
[2026-01-10 09:49:17,661] {processor.py:170} INFO - Processing /home/airflow/.local/lib/python3.6/site-packages/airflow/example_dags/example_latest_only.py took 1.204 seconds
[2026-01-10 09:49:47,729] {processor.py:162} INFO - Started process (PID=2292) to work on /home/airflow/.local/lib/python3.6/site-packages/airflow/example_dags/example_latest_only.py
[2026-01-10 09:49:47,731] {processor.py:613} INFO - Processing file /home/airflow/.local/lib/python3.6/site-packages/airflow/example_dags/example_latest_only.py for tasks to queue
[2026-01-10 09:49:47,732] {logging_mixin.py:109} INFO - [2026-01-10 09:49:47,732] {dagbag.py:496} INFO - Filling up the DagBag from /home/airflow/.local/lib/python3.6/site-packages/airflow/example_dags/example_latest_only.py
[2026-01-10 09:49:47,753] {processor.py:623} INFO - DAG(s) dict_keys(['latest_only']) retrieved from /home/airflow/.local/lib/python3.6/site-packages/airflow/example_dags/example_latest_only.py
[2026-01-10 09:49:47,787] {logging_mixin.py:109} INFO - [2026-01-10 09:49:47,787] {dag.py:1833} INFO - Sync 1 DAGs
[2026-01-10 09:49:47,813] {logging_mixin.py:109} INFO - [2026-01-10 09:49:47,813] {dag.py:2306} INFO - Setting next_dagrun for latest_only to 2026-01-08 00:00:00+00:00
[2026-01-10 09:49:47,831] {processor.py:170} INFO - Processing /home/airflow/.local/lib/python3.6/site-packages/airflow/example_dags/example_latest_only.py took 0.108 seconds
[2026-01-10 09:50:18,323] {processor.py:162} INFO - Started process (PID=2342) to work on /home/airflow/.local/lib/python3.6/site-packages/airflow/example_dags/example_latest_only.py
[2026-01-10 09:50:18,326] {processor.py:613} INFO - Processing file /home/airflow/.local/lib/python3.6/site-packages/airflow/example_dags/example_latest_only.py for tasks to queue
[2026-01-10 09:50:18,327] {logging_mixin.py:109} INFO - [2026-01-10 09:50:18,327] {dagbag.py:496} INFO - Filling up the DagBag from /home/airflow/.local/lib/python3.6/site-packages/airflow/example_dags/example_latest_only.py
[2026-01-10 09:50:18,352] {processor.py:623} INFO - DAG(s) dict_keys(['latest_only']) retrieved from /home/airflow/.local/lib/python3.6/site-packages/airflow/example_dags/example_latest_only.py
[2026-01-10 09:50:18,387] {logging_mixin.py:109} INFO - [2026-01-10 09:50:18,387] {dag.py:1833} INFO - Sync 1 DAGs
[2026-01-10 09:50:18,416] {logging_mixin.py:109} INFO - [2026-01-10 09:50:18,415] {dag.py:2306} INFO - Setting next_dagrun for latest_only to 2026-01-08 00:00:00+00:00
[2026-01-10 09:50:18,434] {processor.py:170} INFO - Processing /home/airflow/.local/lib/python3.6/site-packages/airflow/example_dags/example_latest_only.py took 0.118 seconds
[2026-01-10 09:50:48,653] {processor.py:162} INFO - Started process (PID=2393) to work on /home/airflow/.local/lib/python3.6/site-packages/airflow/example_dags/example_latest_only.py
[2026-01-10 09:50:48,657] {processor.py:613} INFO - Processing file /home/airflow/.local/lib/python3.6/site-packages/airflow/example_dags/example_latest_only.py for tasks to queue
[2026-01-10 09:50:48,658] {logging_mixin.py:109} INFO - [2026-01-10 09:50:48,658] {dagbag.py:496} INFO - Filling up the DagBag from /home/airflow/.local/lib/python3.6/site-packages/airflow/example_dags/example_latest_only.py
[2026-01-10 09:50:48,682] {processor.py:623} INFO - DAG(s) dict_keys(['latest_only']) retrieved from /home/airflow/.local/lib/python3.6/site-packages/airflow/example_dags/example_latest_only.py
[2026-01-10 09:50:48,718] {logging_mixin.py:109} INFO - [2026-01-10 09:50:48,718] {dag.py:1833} INFO - Sync 1 DAGs
[2026-01-10 09:50:48,746] {logging_mixin.py:109} INFO - [2026-01-10 09:50:48,745] {dag.py:2306} INFO - Setting next_dagrun for latest_only to 2026-01-08 00:00:00+00:00
[2026-01-10 09:50:48,762] {processor.py:170} INFO - Processing /home/airflow/.local/lib/python3.6/site-packages/airflow/example_dags/example_latest_only.py took 0.114 seconds
[2026-01-10 09:51:18,862] {processor.py:162} INFO - Started process (PID=2444) to work on /home/airflow/.local/lib/python3.6/site-packages/airflow/example_dags/example_latest_only.py
[2026-01-10 09:51:18,865] {processor.py:613} INFO - Processing file /home/airflow/.local/lib/python3.6/site-packages/airflow/example_dags/example_latest_only.py for tasks to queue
[2026-01-10 09:51:18,867] {logging_mixin.py:109} INFO - [2026-01-10 09:51:18,866] {dagbag.py:496} INFO - Filling up the DagBag from /home/airflow/.local/lib/python3.6/site-packages/airflow/example_dags/example_latest_only.py
[2026-01-10 09:51:18,898] {processor.py:623} INFO - DAG(s) dict_keys(['latest_only']) retrieved from /home/airflow/.local/lib/python3.6/site-packages/airflow/example_dags/example_latest_only.py
[2026-01-10 09:51:18,949] {logging_mixin.py:109} INFO - [2026-01-10 09:51:18,948] {dag.py:1833} INFO - Sync 1 DAGs
[2026-01-10 09:51:18,988] {logging_mixin.py:109} INFO - [2026-01-10 09:51:18,987] {dag.py:2306} INFO - Setting next_dagrun for latest_only to 2026-01-08 00:00:00+00:00
[2026-01-10 09:51:19,013] {processor.py:170} INFO - Processing /home/airflow/.local/lib/python3.6/site-packages/airflow/example_dags/example_latest_only.py took 0.157 seconds
[2026-01-10 09:51:49,449] {processor.py:162} INFO - Started process (PID=2494) to work on /home/airflow/.local/lib/python3.6/site-packages/airflow/example_dags/example_latest_only.py
[2026-01-10 09:51:49,452] {processor.py:613} INFO - Processing file /home/airflow/.local/lib/python3.6/site-packages/airflow/example_dags/example_latest_only.py for tasks to queue
[2026-01-10 09:51:49,453] {logging_mixin.py:109} INFO - [2026-01-10 09:51:49,453] {dagbag.py:496} INFO - Filling up the DagBag from /home/airflow/.local/lib/python3.6/site-packages/airflow/example_dags/example_latest_only.py
[2026-01-10 09:51:49,479] {processor.py:623} INFO - DAG(s) dict_keys(['latest_only']) retrieved from /home/airflow/.local/lib/python3.6/site-packages/airflow/example_dags/example_latest_only.py
[2026-01-10 09:51:49,519] {logging_mixin.py:109} INFO - [2026-01-10 09:51:49,519] {dag.py:1833} INFO - Sync 1 DAGs
[2026-01-10 09:51:49,546] {logging_mixin.py:109} INFO - [2026-01-10 09:51:49,546] {dag.py:2306} INFO - Setting next_dagrun for latest_only to 2026-01-08 00:00:00+00:00
[2026-01-10 09:51:49,562] {processor.py:170} INFO - Processing /home/airflow/.local/lib/python3.6/site-packages/airflow/example_dags/example_latest_only.py took 0.117 seconds
[2026-01-10 09:52:19,973] {processor.py:162} INFO - Started process (PID=2545) to work on /home/airflow/.local/lib/python3.6/site-packages/airflow/example_dags/example_latest_only.py
[2026-01-10 09:52:19,976] {processor.py:613} INFO - Processing file /home/airflow/.local/lib/python3.6/site-packages/airflow/example_dags/example_latest_only.py for tasks to queue
[2026-01-10 09:52:19,979] {logging_mixin.py:109} INFO - [2026-01-10 09:52:19,978] {dagbag.py:496} INFO - Filling up the DagBag from /home/airflow/.local/lib/python3.6/site-packages/airflow/example_dags/example_latest_only.py
[2026-01-10 09:52:20,004] {processor.py:623} INFO - DAG(s) dict_keys(['latest_only']) retrieved from /home/airflow/.local/lib/python3.6/site-packages/airflow/example_dags/example_latest_only.py
[2026-01-10 09:52:20,053] {logging_mixin.py:109} INFO - [2026-01-10 09:52:20,052] {dag.py:1833} INFO - Sync 1 DAGs
[2026-01-10 09:52:20,086] {logging_mixin.py:109} INFO - [2026-01-10 09:52:20,086] {dag.py:2306} INFO - Setting next_dagrun for latest_only to 2026-01-08 00:00:00+00:00
[2026-01-10 09:52:20,102] {processor.py:170} INFO - Processing /home/airflow/.local/lib/python3.6/site-packages/airflow/example_dags/example_latest_only.py took 0.135 seconds
[2026-01-10 09:52:50,441] {processor.py:162} INFO - Started process (PID=2586) to work on /home/airflow/.local/lib/python3.6/site-packages/airflow/example_dags/example_latest_only.py
[2026-01-10 09:52:50,445] {processor.py:613} INFO - Processing file /home/airflow/.local/lib/python3.6/site-packages/airflow/example_dags/example_latest_only.py for tasks to queue
[2026-01-10 09:52:50,446] {logging_mixin.py:109} INFO - [2026-01-10 09:52:50,446] {dagbag.py:496} INFO - Filling up the DagBag from /home/airflow/.local/lib/python3.6/site-packages/airflow/example_dags/example_latest_only.py
[2026-01-10 09:52:50,487] {processor.py:623} INFO - DAG(s) dict_keys(['latest_only']) retrieved from /home/airflow/.local/lib/python3.6/site-packages/airflow/example_dags/example_latest_only.py
[2026-01-10 09:52:50,535] {logging_mixin.py:109} INFO - [2026-01-10 09:52:50,535] {dag.py:1833} INFO - Sync 1 DAGs
[2026-01-10 09:52:50,572] {logging_mixin.py:109} INFO - [2026-01-10 09:52:50,572] {dag.py:2306} INFO - Setting next_dagrun for latest_only to 2026-01-08 00:00:00+00:00
[2026-01-10 09:52:50,599] {processor.py:170} INFO - Processing /home/airflow/.local/lib/python3.6/site-packages/airflow/example_dags/example_latest_only.py took 0.164 seconds
[2026-01-10 09:53:21,574] {processor.py:162} INFO - Started process (PID=2637) to work on /home/airflow/.local/lib/python3.6/site-packages/airflow/example_dags/example_latest_only.py
[2026-01-10 09:53:21,578] {processor.py:613} INFO - Processing file /home/airflow/.local/lib/python3.6/site-packages/airflow/example_dags/example_latest_only.py for tasks to queue
[2026-01-10 09:53:21,581] {logging_mixin.py:109} INFO - [2026-01-10 09:53:21,581] {dagbag.py:496} INFO - Filling up the DagBag from /home/airflow/.local/lib/python3.6/site-packages/airflow/example_dags/example_latest_only.py
[2026-01-10 09:53:21,602] {processor.py:623} INFO - DAG(s) dict_keys(['latest_only']) retrieved from /home/airflow/.local/lib/python3.6/site-packages/airflow/example_dags/example_latest_only.py
[2026-01-10 09:53:21,645] {logging_mixin.py:109} INFO - [2026-01-10 09:53:21,644] {dag.py:1833} INFO - Sync 1 DAGs
[2026-01-10 09:53:21,673] {logging_mixin.py:109} INFO - [2026-01-10 09:53:21,673] {dag.py:2306} INFO - Setting next_dagrun for latest_only to 2026-01-08 00:00:00+00:00
[2026-01-10 09:53:21,696] {processor.py:170} INFO - Processing /home/airflow/.local/lib/python3.6/site-packages/airflow/example_dags/example_latest_only.py took 0.127 seconds
[2026-01-10 09:53:52,545] {processor.py:162} INFO - Started process (PID=2679) to work on /home/airflow/.local/lib/python3.6/site-packages/airflow/example_dags/example_latest_only.py
[2026-01-10 09:53:52,547] {processor.py:613} INFO - Processing file /home/airflow/.local/lib/python3.6/site-packages/airflow/example_dags/example_latest_only.py for tasks to queue
[2026-01-10 09:53:52,548] {logging_mixin.py:109} INFO - [2026-01-10 09:53:52,547] {dagbag.py:496} INFO - Filling up the DagBag from /home/airflow/.local/lib/python3.6/site-packages/airflow/example_dags/example_latest_only.py
[2026-01-10 09:53:52,572] {processor.py:623} INFO - DAG(s) dict_keys(['latest_only']) retrieved from /home/airflow/.local/lib/python3.6/site-packages/airflow/example_dags/example_latest_only.py
[2026-01-10 09:53:52,611] {logging_mixin.py:109} INFO - [2026-01-10 09:53:52,611] {dag.py:1833} INFO - Sync 1 DAGs
[2026-01-10 09:53:52,638] {logging_mixin.py:109} INFO - [2026-01-10 09:53:52,638] {dag.py:2306} INFO - Setting next_dagrun for latest_only to 2026-01-08 00:00:00+00:00
[2026-01-10 09:53:52,652] {processor.py:170} INFO - Processing /home/airflow/.local/lib/python3.6/site-packages/airflow/example_dags/example_latest_only.py took 0.113 seconds
[2026-01-10 09:54:23,499] {processor.py:162} INFO - Started process (PID=2720) to work on /home/airflow/.local/lib/python3.6/site-packages/airflow/example_dags/example_latest_only.py
[2026-01-10 09:54:23,502] {processor.py:613} INFO - Processing file /home/airflow/.local/lib/python3.6/site-packages/airflow/example_dags/example_latest_only.py for tasks to queue
[2026-01-10 09:54:23,503] {logging_mixin.py:109} INFO - [2026-01-10 09:54:23,503] {dagbag.py:496} INFO - Filling up the DagBag from /home/airflow/.local/lib/python3.6/site-packages/airflow/example_dags/example_latest_only.py
[2026-01-10 09:54:23,524] {processor.py:623} INFO - DAG(s) dict_keys(['latest_only']) retrieved from /home/airflow/.local/lib/python3.6/site-packages/airflow/example_dags/example_latest_only.py
[2026-01-10 09:54:23,563] {logging_mixin.py:109} INFO - [2026-01-10 09:54:23,563] {dag.py:1833} INFO - Sync 1 DAGs
[2026-01-10 09:54:23,584] {logging_mixin.py:109} INFO - [2026-01-10 09:54:23,584] {dag.py:2306} INFO - Setting next_dagrun for latest_only to 2026-01-08 00:00:00+00:00
[2026-01-10 09:54:23,597] {processor.py:170} INFO - Processing /home/airflow/.local/lib/python3.6/site-packages/airflow/example_dags/example_latest_only.py took 0.103 seconds
[2026-01-10 09:54:54,698] {processor.py:162} INFO - Started process (PID=2768) to work on /home/airflow/.local/lib/python3.6/site-packages/airflow/example_dags/example_latest_only.py
[2026-01-10 09:54:54,702] {processor.py:613} INFO - Processing file /home/airflow/.local/lib/python3.6/site-packages/airflow/example_dags/example_latest_only.py for tasks to queue
[2026-01-10 09:54:54,703] {logging_mixin.py:109} INFO - [2026-01-10 09:54:54,703] {dagbag.py:496} INFO - Filling up the DagBag from /home/airflow/.local/lib/python3.6/site-packages/airflow/example_dags/example_latest_only.py
[2026-01-10 09:54:54,770] {processor.py:623} INFO - DAG(s) dict_keys(['latest_only']) retrieved from /home/airflow/.local/lib/python3.6/site-packages/airflow/example_dags/example_latest_only.py
[2026-01-10 09:54:54,860] {logging_mixin.py:109} INFO - [2026-01-10 09:54:54,860] {dag.py:1833} INFO - Sync 1 DAGs
[2026-01-10 09:54:54,933] {logging_mixin.py:109} INFO - [2026-01-10 09:54:54,933] {dag.py:2306} INFO - Setting next_dagrun for latest_only to 2026-01-08 00:00:00+00:00
[2026-01-10 09:54:54,999] {processor.py:170} INFO - Processing /home/airflow/.local/lib/python3.6/site-packages/airflow/example_dags/example_latest_only.py took 0.325 seconds
[2026-01-10 09:55:25,073] {processor.py:162} INFO - Started process (PID=2802) to work on /home/airflow/.local/lib/python3.6/site-packages/airflow/example_dags/example_latest_only.py
[2026-01-10 09:55:25,074] {processor.py:613} INFO - Processing file /home/airflow/.local/lib/python3.6/site-packages/airflow/example_dags/example_latest_only.py for tasks to queue
[2026-01-10 09:55:25,075] {logging_mixin.py:109} INFO - [2026-01-10 09:55:25,075] {dagbag.py:496} INFO - Filling up the DagBag from /home/airflow/.local/lib/python3.6/site-packages/airflow/example_dags/example_latest_only.py
[2026-01-10 09:55:25,090] {processor.py:623} INFO - DAG(s) dict_keys(['latest_only']) retrieved from /home/airflow/.local/lib/python3.6/site-packages/airflow/example_dags/example_latest_only.py
[2026-01-10 09:55:25,131] {logging_mixin.py:109} INFO - [2026-01-10 09:55:25,130] {dag.py:1833} INFO - Sync 1 DAGs
[2026-01-10 09:55:25,152] {logging_mixin.py:109} INFO - [2026-01-10 09:55:25,152] {dag.py:2306} INFO - Setting next_dagrun for latest_only to 2026-01-08 00:00:00+00:00
[2026-01-10 09:55:25,167] {processor.py:170} INFO - Processing /home/airflow/.local/lib/python3.6/site-packages/airflow/example_dags/example_latest_only.py took 0.098 seconds
[2026-01-10 09:55:55,312] {processor.py:162} INFO - Started process (PID=2843) to work on /home/airflow/.local/lib/python3.6/site-packages/airflow/example_dags/example_latest_only.py
[2026-01-10 09:55:55,314] {processor.py:613} INFO - Processing file /home/airflow/.local/lib/python3.6/site-packages/airflow/example_dags/example_latest_only.py for tasks to queue
[2026-01-10 09:55:55,315] {logging_mixin.py:109} INFO - [2026-01-10 09:55:55,314] {dagbag.py:496} INFO - Filling up the DagBag from /home/airflow/.local/lib/python3.6/site-packages/airflow/example_dags/example_latest_only.py
[2026-01-10 09:55:55,331] {processor.py:623} INFO - DAG(s) dict_keys(['latest_only']) retrieved from /home/airflow/.local/lib/python3.6/site-packages/airflow/example_dags/example_latest_only.py
[2026-01-10 09:55:55,358] {logging_mixin.py:109} INFO - [2026-01-10 09:55:55,358] {dag.py:1833} INFO - Sync 1 DAGs
[2026-01-10 09:55:55,378] {logging_mixin.py:109} INFO - [2026-01-10 09:55:55,378] {dag.py:2306} INFO - Setting next_dagrun for latest_only to 2026-01-08 00:00:00+00:00
[2026-01-10 09:55:55,389] {processor.py:170} INFO - Processing /home/airflow/.local/lib/python3.6/site-packages/airflow/example_dags/example_latest_only.py took 0.083 seconds
[2026-01-10 09:56:38,491] {processor.py:162} INFO - Started process (PID=2894) to work on /home/airflow/.local/lib/python3.6/site-packages/airflow/example_dags/example_latest_only.py
[2026-01-10 09:56:38,493] {processor.py:613} INFO - Processing file /home/airflow/.local/lib/python3.6/site-packages/airflow/example_dags/example_latest_only.py for tasks to queue
[2026-01-10 09:56:38,494] {logging_mixin.py:109} INFO - [2026-01-10 09:56:38,494] {dagbag.py:496} INFO - Filling up the DagBag from /home/airflow/.local/lib/python3.6/site-packages/airflow/example_dags/example_latest_only.py
[2026-01-10 09:56:38,521] {processor.py:623} INFO - DAG(s) dict_keys(['latest_only']) retrieved from /home/airflow/.local/lib/python3.6/site-packages/airflow/example_dags/example_latest_only.py
[2026-01-10 09:56:38,764] {logging_mixin.py:109} INFO - [2026-01-10 09:56:38,764] {dag.py:1833} INFO - Sync 1 DAGs
[2026-01-10 09:56:38,794] {logging_mixin.py:109} INFO - [2026-01-10 09:56:38,794] {dag.py:2306} INFO - Setting next_dagrun for latest_only to 2026-01-08 00:00:00+00:00
[2026-01-10 09:56:38,814] {processor.py:170} INFO - Processing /home/airflow/.local/lib/python3.6/site-packages/airflow/example_dags/example_latest_only.py took 0.329 seconds
[2026-01-10 09:57:09,170] {processor.py:162} INFO - Started process (PID=2942) to work on /home/airflow/.local/lib/python3.6/site-packages/airflow/example_dags/example_latest_only.py
[2026-01-10 09:57:09,174] {processor.py:613} INFO - Processing file /home/airflow/.local/lib/python3.6/site-packages/airflow/example_dags/example_latest_only.py for tasks to queue
[2026-01-10 09:57:09,175] {logging_mixin.py:109} INFO - [2026-01-10 09:57:09,175] {dagbag.py:496} INFO - Filling up the DagBag from /home/airflow/.local/lib/python3.6/site-packages/airflow/example_dags/example_latest_only.py
[2026-01-10 09:57:09,205] {processor.py:623} INFO - DAG(s) dict_keys(['latest_only']) retrieved from /home/airflow/.local/lib/python3.6/site-packages/airflow/example_dags/example_latest_only.py
[2026-01-10 09:57:09,236] {logging_mixin.py:109} INFO - [2026-01-10 09:57:09,236] {dag.py:1833} INFO - Sync 1 DAGs
[2026-01-10 09:57:09,267] {logging_mixin.py:109} INFO - [2026-01-10 09:57:09,267] {dag.py:2306} INFO - Setting next_dagrun for latest_only to 2026-01-08 00:00:00+00:00
[2026-01-10 09:57:09,298] {processor.py:170} INFO - Processing /home/airflow/.local/lib/python3.6/site-packages/airflow/example_dags/example_latest_only.py took 0.135 seconds
[2026-01-10 09:58:00,308] {processor.py:162} INFO - Started process (PID=2973) to work on /home/airflow/.local/lib/python3.6/site-packages/airflow/example_dags/example_latest_only.py
[2026-01-10 09:58:00,319] {processor.py:613} INFO - Processing file /home/airflow/.local/lib/python3.6/site-packages/airflow/example_dags/example_latest_only.py for tasks to queue
[2026-01-10 09:58:00,320] {logging_mixin.py:109} INFO - [2026-01-10 09:58:00,320] {dagbag.py:496} INFO - Filling up the DagBag from /home/airflow/.local/lib/python3.6/site-packages/airflow/example_dags/example_latest_only.py
[2026-01-10 09:58:00,368] {processor.py:623} INFO - DAG(s) dict_keys(['latest_only']) retrieved from /home/airflow/.local/lib/python3.6/site-packages/airflow/example_dags/example_latest_only.py
[2026-01-10 09:58:00,801] {logging_mixin.py:109} INFO - [2026-01-10 09:58:00,801] {dag.py:1833} INFO - Sync 1 DAGs
[2026-01-10 09:58:00,831] {logging_mixin.py:109} INFO - [2026-01-10 09:58:00,831] {dag.py:2306} INFO - Setting next_dagrun for latest_only to 2026-01-08 00:00:00+00:00
[2026-01-10 09:58:00,854] {processor.py:170} INFO - Processing /home/airflow/.local/lib/python3.6/site-packages/airflow/example_dags/example_latest_only.py took 0.551 seconds
[2026-01-10 09:59:28,925] {processor.py:162} INFO - Started process (PID=3014) to work on /home/airflow/.local/lib/python3.6/site-packages/airflow/example_dags/example_latest_only.py
[2026-01-10 09:59:28,929] {processor.py:613} INFO - Processing file /home/airflow/.local/lib/python3.6/site-packages/airflow/example_dags/example_latest_only.py for tasks to queue
[2026-01-10 09:59:28,930] {logging_mixin.py:109} INFO - [2026-01-10 09:59:28,929] {dagbag.py:496} INFO - Filling up the DagBag from /home/airflow/.local/lib/python3.6/site-packages/airflow/example_dags/example_latest_only.py
[2026-01-10 09:59:28,950] {processor.py:623} INFO - DAG(s) dict_keys(['latest_only']) retrieved from /home/airflow/.local/lib/python3.6/site-packages/airflow/example_dags/example_latest_only.py
[2026-01-10 09:59:29,659] {logging_mixin.py:109} INFO - [2026-01-10 09:59:29,659] {dag.py:1833} INFO - Sync 1 DAGs
[2026-01-10 09:59:29,691] {logging_mixin.py:109} INFO - [2026-01-10 09:59:29,691] {dag.py:2306} INFO - Setting next_dagrun for latest_only to 2026-01-08 00:00:00+00:00
[2026-01-10 09:59:29,708] {processor.py:170} INFO - Processing /home/airflow/.local/lib/python3.6/site-packages/airflow/example_dags/example_latest_only.py took 0.788 seconds
[2026-01-10 10:00:01,496] {processor.py:162} INFO - Started process (PID=3055) to work on /home/airflow/.local/lib/python3.6/site-packages/airflow/example_dags/example_latest_only.py
[2026-01-10 10:00:01,498] {processor.py:613} INFO - Processing file /home/airflow/.local/lib/python3.6/site-packages/airflow/example_dags/example_latest_only.py for tasks to queue
[2026-01-10 10:00:01,499] {logging_mixin.py:109} INFO - [2026-01-10 10:00:01,499] {dagbag.py:496} INFO - Filling up the DagBag from /home/airflow/.local/lib/python3.6/site-packages/airflow/example_dags/example_latest_only.py
[2026-01-10 10:00:01,522] {processor.py:623} INFO - DAG(s) dict_keys(['latest_only']) retrieved from /home/airflow/.local/lib/python3.6/site-packages/airflow/example_dags/example_latest_only.py
[2026-01-10 10:00:01,573] {logging_mixin.py:109} INFO - [2026-01-10 10:00:01,573] {dag.py:1833} INFO - Sync 1 DAGs
[2026-01-10 10:00:01,606] {logging_mixin.py:109} INFO - [2026-01-10 10:00:01,606] {dag.py:2306} INFO - Setting next_dagrun for latest_only to 2026-01-08 00:00:00+00:00
[2026-01-10 10:00:01,641] {processor.py:170} INFO - Processing /home/airflow/.local/lib/python3.6/site-packages/airflow/example_dags/example_latest_only.py took 0.149 seconds
[2026-01-10 10:00:57,385] {processor.py:162} INFO - Started process (PID=3102) to work on /home/airflow/.local/lib/python3.6/site-packages/airflow/example_dags/example_latest_only.py
[2026-01-10 10:00:57,389] {processor.py:613} INFO - Processing file /home/airflow/.local/lib/python3.6/site-packages/airflow/example_dags/example_latest_only.py for tasks to queue
[2026-01-10 10:00:57,391] {logging_mixin.py:109} INFO - [2026-01-10 10:00:57,391] {dagbag.py:496} INFO - Filling up the DagBag from /home/airflow/.local/lib/python3.6/site-packages/airflow/example_dags/example_latest_only.py
[2026-01-10 10:00:57,427] {processor.py:623} INFO - DAG(s) dict_keys(['latest_only']) retrieved from /home/airflow/.local/lib/python3.6/site-packages/airflow/example_dags/example_latest_only.py
[2026-01-10 10:00:57,509] {logging_mixin.py:109} INFO - [2026-01-10 10:00:57,508] {dag.py:1833} INFO - Sync 1 DAGs
[2026-01-10 10:00:57,542] {logging_mixin.py:109} INFO - [2026-01-10 10:00:57,542] {dag.py:2306} INFO - Setting next_dagrun for latest_only to 2026-01-08 00:00:00+00:00
[2026-01-10 10:00:57,559] {processor.py:170} INFO - Processing /home/airflow/.local/lib/python3.6/site-packages/airflow/example_dags/example_latest_only.py took 0.190 seconds
[2026-01-10 10:02:24,733] {processor.py:162} INFO - Started process (PID=3146) to work on /home/airflow/.local/lib/python3.6/site-packages/airflow/example_dags/example_latest_only.py
[2026-01-10 10:02:24,736] {processor.py:613} INFO - Processing file /home/airflow/.local/lib/python3.6/site-packages/airflow/example_dags/example_latest_only.py for tasks to queue
[2026-01-10 10:02:24,737] {logging_mixin.py:109} INFO - [2026-01-10 10:02:24,737] {dagbag.py:496} INFO - Filling up the DagBag from /home/airflow/.local/lib/python3.6/site-packages/airflow/example_dags/example_latest_only.py
[2026-01-10 10:02:24,763] {processor.py:623} INFO - DAG(s) dict_keys(['latest_only']) retrieved from /home/airflow/.local/lib/python3.6/site-packages/airflow/example_dags/example_latest_only.py
[2026-01-10 10:02:25,167] {logging_mixin.py:109} INFO - [2026-01-10 10:02:25,166] {dag.py:1833} INFO - Sync 1 DAGs
[2026-01-10 10:02:25,187] {logging_mixin.py:109} INFO - [2026-01-10 10:02:25,187] {dag.py:2306} INFO - Setting next_dagrun for latest_only to 2026-01-08 00:00:00+00:00
[2026-01-10 10:02:25,206] {processor.py:170} INFO - Processing /home/airflow/.local/lib/python3.6/site-packages/airflow/example_dags/example_latest_only.py took 0.479 seconds
[2026-01-10 10:15:04,215] {processor.py:162} INFO - Started process (PID=54) to work on /home/airflow/.local/lib/python3.6/site-packages/airflow/example_dags/example_latest_only.py
[2026-01-10 10:15:04,222] {processor.py:613} INFO - Processing file /home/airflow/.local/lib/python3.6/site-packages/airflow/example_dags/example_latest_only.py for tasks to queue
[2026-01-10 10:15:04,223] {logging_mixin.py:109} INFO - [2026-01-10 10:15:04,222] {dagbag.py:496} INFO - Filling up the DagBag from /home/airflow/.local/lib/python3.6/site-packages/airflow/example_dags/example_latest_only.py
[2026-01-10 10:15:04,288] {processor.py:623} INFO - DAG(s) dict_keys(['latest_only']) retrieved from /home/airflow/.local/lib/python3.6/site-packages/airflow/example_dags/example_latest_only.py
[2026-01-10 10:15:04,348] {logging_mixin.py:109} INFO - [2026-01-10 10:15:04,348] {dag.py:1833} INFO - Sync 1 DAGs
[2026-01-10 10:15:04,385] {logging_mixin.py:109} INFO - [2026-01-10 10:15:04,385] {dag.py:2306} INFO - Setting next_dagrun for latest_only to 2026-01-08 00:00:00+00:00
[2026-01-10 10:15:04,417] {processor.py:170} INFO - Processing /home/airflow/.local/lib/python3.6/site-packages/airflow/example_dags/example_latest_only.py took 0.216 seconds
[2026-01-10 10:15:34,774] {processor.py:162} INFO - Started process (PID=106) to work on /home/airflow/.local/lib/python3.6/site-packages/airflow/example_dags/example_latest_only.py
[2026-01-10 10:15:34,779] {processor.py:613} INFO - Processing file /home/airflow/.local/lib/python3.6/site-packages/airflow/example_dags/example_latest_only.py for tasks to queue
[2026-01-10 10:15:34,780] {logging_mixin.py:109} INFO - [2026-01-10 10:15:34,780] {dagbag.py:496} INFO - Filling up the DagBag from /home/airflow/.local/lib/python3.6/site-packages/airflow/example_dags/example_latest_only.py
[2026-01-10 10:15:34,855] {processor.py:623} INFO - DAG(s) dict_keys(['latest_only']) retrieved from /home/airflow/.local/lib/python3.6/site-packages/airflow/example_dags/example_latest_only.py
[2026-01-10 10:15:34,947] {logging_mixin.py:109} INFO - [2026-01-10 10:15:34,946] {dag.py:1833} INFO - Sync 1 DAGs
[2026-01-10 10:15:35,025] {logging_mixin.py:109} INFO - [2026-01-10 10:15:35,024] {dag.py:2306} INFO - Setting next_dagrun for latest_only to 2026-01-08 00:00:00+00:00
[2026-01-10 10:15:35,068] {processor.py:170} INFO - Processing /home/airflow/.local/lib/python3.6/site-packages/airflow/example_dags/example_latest_only.py took 0.320 seconds
[2026-01-10 10:16:05,938] {processor.py:162} INFO - Started process (PID=156) to work on /home/airflow/.local/lib/python3.6/site-packages/airflow/example_dags/example_latest_only.py
[2026-01-10 10:16:05,943] {processor.py:613} INFO - Processing file /home/airflow/.local/lib/python3.6/site-packages/airflow/example_dags/example_latest_only.py for tasks to queue
[2026-01-10 10:16:05,947] {logging_mixin.py:109} INFO - [2026-01-10 10:16:05,947] {dagbag.py:496} INFO - Filling up the DagBag from /home/airflow/.local/lib/python3.6/site-packages/airflow/example_dags/example_latest_only.py
[2026-01-10 10:16:06,019] {processor.py:623} INFO - DAG(s) dict_keys(['latest_only']) retrieved from /home/airflow/.local/lib/python3.6/site-packages/airflow/example_dags/example_latest_only.py
[2026-01-10 10:16:06,258] {logging_mixin.py:109} INFO - [2026-01-10 10:16:06,258] {dag.py:1833} INFO - Sync 1 DAGs
[2026-01-10 10:16:06,290] {logging_mixin.py:109} INFO - [2026-01-10 10:16:06,289] {dag.py:2306} INFO - Setting next_dagrun for latest_only to 2026-01-08 00:00:00+00:00
[2026-01-10 10:16:06,318] {processor.py:170} INFO - Processing /home/airflow/.local/lib/python3.6/site-packages/airflow/example_dags/example_latest_only.py took 0.397 seconds
[2026-01-10 10:16:36,771] {processor.py:162} INFO - Started process (PID=199) to work on /home/airflow/.local/lib/python3.6/site-packages/airflow/example_dags/example_latest_only.py
[2026-01-10 10:16:36,774] {processor.py:613} INFO - Processing file /home/airflow/.local/lib/python3.6/site-packages/airflow/example_dags/example_latest_only.py for tasks to queue
[2026-01-10 10:16:36,777] {logging_mixin.py:109} INFO - [2026-01-10 10:16:36,776] {dagbag.py:496} INFO - Filling up the DagBag from /home/airflow/.local/lib/python3.6/site-packages/airflow/example_dags/example_latest_only.py
[2026-01-10 10:16:36,822] {processor.py:623} INFO - DAG(s) dict_keys(['latest_only']) retrieved from /home/airflow/.local/lib/python3.6/site-packages/airflow/example_dags/example_latest_only.py
[2026-01-10 10:16:36,920] {logging_mixin.py:109} INFO - [2026-01-10 10:16:36,920] {dag.py:1833} INFO - Sync 1 DAGs
[2026-01-10 10:16:36,997] {logging_mixin.py:109} INFO - [2026-01-10 10:16:36,996] {dag.py:2306} INFO - Setting next_dagrun for latest_only to 2026-01-08 00:00:00+00:00
[2026-01-10 10:16:37,049] {processor.py:170} INFO - Processing /home/airflow/.local/lib/python3.6/site-packages/airflow/example_dags/example_latest_only.py took 0.292 seconds
[2026-01-10 10:17:07,122] {processor.py:162} INFO - Started process (PID=251) to work on /home/airflow/.local/lib/python3.6/site-packages/airflow/example_dags/example_latest_only.py
[2026-01-10 10:17:07,127] {processor.py:613} INFO - Processing file /home/airflow/.local/lib/python3.6/site-packages/airflow/example_dags/example_latest_only.py for tasks to queue
[2026-01-10 10:17:07,128] {logging_mixin.py:109} INFO - [2026-01-10 10:17:07,127] {dagbag.py:496} INFO - Filling up the DagBag from /home/airflow/.local/lib/python3.6/site-packages/airflow/example_dags/example_latest_only.py
[2026-01-10 10:17:07,217] {processor.py:623} INFO - DAG(s) dict_keys(['latest_only']) retrieved from /home/airflow/.local/lib/python3.6/site-packages/airflow/example_dags/example_latest_only.py
[2026-01-10 10:17:07,308] {logging_mixin.py:109} INFO - [2026-01-10 10:17:07,308] {dag.py:1833} INFO - Sync 1 DAGs
[2026-01-10 10:17:07,375] {logging_mixin.py:109} INFO - [2026-01-10 10:17:07,374] {dag.py:2306} INFO - Setting next_dagrun for latest_only to 2026-01-08 00:00:00+00:00
[2026-01-10 10:17:07,419] {processor.py:170} INFO - Processing /home/airflow/.local/lib/python3.6/site-packages/airflow/example_dags/example_latest_only.py took 0.309 seconds
[2026-01-10 10:17:38,321] {processor.py:162} INFO - Started process (PID=302) to work on /home/airflow/.local/lib/python3.6/site-packages/airflow/example_dags/example_latest_only.py
[2026-01-10 10:17:38,322] {processor.py:613} INFO - Processing file /home/airflow/.local/lib/python3.6/site-packages/airflow/example_dags/example_latest_only.py for tasks to queue
[2026-01-10 10:17:38,323] {logging_mixin.py:109} INFO - [2026-01-10 10:17:38,323] {dagbag.py:496} INFO - Filling up the DagBag from /home/airflow/.local/lib/python3.6/site-packages/airflow/example_dags/example_latest_only.py
[2026-01-10 10:17:38,342] {processor.py:623} INFO - DAG(s) dict_keys(['latest_only']) retrieved from /home/airflow/.local/lib/python3.6/site-packages/airflow/example_dags/example_latest_only.py
[2026-01-10 10:17:38,376] {logging_mixin.py:109} INFO - [2026-01-10 10:17:38,376] {dag.py:1833} INFO - Sync 1 DAGs
[2026-01-10 10:17:38,398] {logging_mixin.py:109} INFO - [2026-01-10 10:17:38,398] {dag.py:2306} INFO - Setting next_dagrun for latest_only to 2026-01-08 00:00:00+00:00
[2026-01-10 10:17:38,407] {processor.py:170} INFO - Processing /home/airflow/.local/lib/python3.6/site-packages/airflow/example_dags/example_latest_only.py took 0.093 seconds
[2026-01-10 10:18:09,257] {processor.py:162} INFO - Started process (PID=354) to work on /home/airflow/.local/lib/python3.6/site-packages/airflow/example_dags/example_latest_only.py
[2026-01-10 10:18:09,259] {processor.py:613} INFO - Processing file /home/airflow/.local/lib/python3.6/site-packages/airflow/example_dags/example_latest_only.py for tasks to queue
[2026-01-10 10:18:09,260] {logging_mixin.py:109} INFO - [2026-01-10 10:18:09,260] {dagbag.py:496} INFO - Filling up the DagBag from /home/airflow/.local/lib/python3.6/site-packages/airflow/example_dags/example_latest_only.py
[2026-01-10 10:18:09,330] {processor.py:623} INFO - DAG(s) dict_keys(['latest_only']) retrieved from /home/airflow/.local/lib/python3.6/site-packages/airflow/example_dags/example_latest_only.py
[2026-01-10 10:18:09,595] {logging_mixin.py:109} INFO - [2026-01-10 10:18:09,594] {dag.py:1833} INFO - Sync 1 DAGs
[2026-01-10 10:18:09,671] {logging_mixin.py:109} INFO - [2026-01-10 10:18:09,670] {dag.py:2306} INFO - Setting next_dagrun for latest_only to 2026-01-08 00:00:00+00:00
[2026-01-10 10:18:09,722] {processor.py:170} INFO - Processing /home/airflow/.local/lib/python3.6/site-packages/airflow/example_dags/example_latest_only.py took 0.485 seconds
[2026-01-10 10:18:40,138] {processor.py:162} INFO - Started process (PID=396) to work on /home/airflow/.local/lib/python3.6/site-packages/airflow/example_dags/example_latest_only.py
[2026-01-10 10:18:40,140] {processor.py:613} INFO - Processing file /home/airflow/.local/lib/python3.6/site-packages/airflow/example_dags/example_latest_only.py for tasks to queue
[2026-01-10 10:18:40,141] {logging_mixin.py:109} INFO - [2026-01-10 10:18:40,140] {dagbag.py:496} INFO - Filling up the DagBag from /home/airflow/.local/lib/python3.6/site-packages/airflow/example_dags/example_latest_only.py
[2026-01-10 10:18:40,161] {processor.py:623} INFO - DAG(s) dict_keys(['latest_only']) retrieved from /home/airflow/.local/lib/python3.6/site-packages/airflow/example_dags/example_latest_only.py
[2026-01-10 10:18:40,193] {logging_mixin.py:109} INFO - [2026-01-10 10:18:40,193] {dag.py:1833} INFO - Sync 1 DAGs
[2026-01-10 10:18:40,217] {logging_mixin.py:109} INFO - [2026-01-10 10:18:40,217] {dag.py:2306} INFO - Setting next_dagrun for latest_only to 2026-01-08 00:00:00+00:00
[2026-01-10 10:18:40,234] {processor.py:170} INFO - Processing /home/airflow/.local/lib/python3.6/site-packages/airflow/example_dags/example_latest_only.py took 0.101 seconds
[2026-01-10 10:19:10,499] {processor.py:162} INFO - Started process (PID=446) to work on /home/airflow/.local/lib/python3.6/site-packages/airflow/example_dags/example_latest_only.py
[2026-01-10 10:19:10,501] {processor.py:613} INFO - Processing file /home/airflow/.local/lib/python3.6/site-packages/airflow/example_dags/example_latest_only.py for tasks to queue
[2026-01-10 10:19:10,502] {logging_mixin.py:109} INFO - [2026-01-10 10:19:10,502] {dagbag.py:496} INFO - Filling up the DagBag from /home/airflow/.local/lib/python3.6/site-packages/airflow/example_dags/example_latest_only.py
[2026-01-10 10:19:10,517] {processor.py:623} INFO - DAG(s) dict_keys(['latest_only']) retrieved from /home/airflow/.local/lib/python3.6/site-packages/airflow/example_dags/example_latest_only.py
[2026-01-10 10:19:10,543] {logging_mixin.py:109} INFO - [2026-01-10 10:19:10,542] {dag.py:1833} INFO - Sync 1 DAGs
[2026-01-10 10:19:10,559] {logging_mixin.py:109} INFO - [2026-01-10 10:19:10,558] {dag.py:2306} INFO - Setting next_dagrun for latest_only to 2026-01-08 00:00:00+00:00
[2026-01-10 10:19:10,570] {processor.py:170} INFO - Processing /home/airflow/.local/lib/python3.6/site-packages/airflow/example_dags/example_latest_only.py took 0.076 seconds
[2026-01-10 10:19:41,236] {processor.py:162} INFO - Started process (PID=508) to work on /home/airflow/.local/lib/python3.6/site-packages/airflow/example_dags/example_latest_only.py
[2026-01-10 10:19:41,237] {processor.py:613} INFO - Processing file /home/airflow/.local/lib/python3.6/site-packages/airflow/example_dags/example_latest_only.py for tasks to queue
[2026-01-10 10:19:41,238] {logging_mixin.py:109} INFO - [2026-01-10 10:19:41,238] {dagbag.py:496} INFO - Filling up the DagBag from /home/airflow/.local/lib/python3.6/site-packages/airflow/example_dags/example_latest_only.py
[2026-01-10 10:19:41,256] {processor.py:623} INFO - DAG(s) dict_keys(['latest_only']) retrieved from /home/airflow/.local/lib/python3.6/site-packages/airflow/example_dags/example_latest_only.py
[2026-01-10 10:19:41,282] {logging_mixin.py:109} INFO - [2026-01-10 10:19:41,282] {dag.py:1833} INFO - Sync 1 DAGs
[2026-01-10 10:19:41,302] {logging_mixin.py:109} INFO - [2026-01-10 10:19:41,302] {dag.py:2306} INFO - Setting next_dagrun for latest_only to 2026-01-08 00:00:00+00:00
[2026-01-10 10:19:41,313] {processor.py:170} INFO - Processing /home/airflow/.local/lib/python3.6/site-packages/airflow/example_dags/example_latest_only.py took 0.081 seconds
[2026-01-10 10:20:11,932] {processor.py:162} INFO - Started process (PID=560) to work on /home/airflow/.local/lib/python3.6/site-packages/airflow/example_dags/example_latest_only.py
[2026-01-10 10:20:11,933] {processor.py:613} INFO - Processing file /home/airflow/.local/lib/python3.6/site-packages/airflow/example_dags/example_latest_only.py for tasks to queue
[2026-01-10 10:20:11,934] {logging_mixin.py:109} INFO - [2026-01-10 10:20:11,934] {dagbag.py:496} INFO - Filling up the DagBag from /home/airflow/.local/lib/python3.6/site-packages/airflow/example_dags/example_latest_only.py
[2026-01-10 10:20:11,952] {processor.py:623} INFO - DAG(s) dict_keys(['latest_only']) retrieved from /home/airflow/.local/lib/python3.6/site-packages/airflow/example_dags/example_latest_only.py
[2026-01-10 10:20:11,980] {logging_mixin.py:109} INFO - [2026-01-10 10:20:11,980] {dag.py:1833} INFO - Sync 1 DAGs
[2026-01-10 10:20:11,999] {logging_mixin.py:109} INFO - [2026-01-10 10:20:11,999] {dag.py:2306} INFO - Setting next_dagrun for latest_only to 2026-01-08 00:00:00+00:00
[2026-01-10 10:20:12,012] {processor.py:170} INFO - Processing /home/airflow/.local/lib/python3.6/site-packages/airflow/example_dags/example_latest_only.py took 0.085 seconds
