[2026-01-10 09:28:04,755] {processor.py:162} INFO - Started process (PID=144) to work on /home/airflow/.local/lib/python3.6/site-packages/airflow/example_dags/example_bash_operator.py
[2026-01-10 09:28:04,756] {processor.py:613} INFO - Processing file /home/airflow/.local/lib/python3.6/site-packages/airflow/example_dags/example_bash_operator.py for tasks to queue
[2026-01-10 09:28:04,758] {logging_mixin.py:109} INFO - [2026-01-10 09:28:04,758] {dagbag.py:496} INFO - Filling up the DagBag from /home/airflow/.local/lib/python3.6/site-packages/airflow/example_dags/example_bash_operator.py
[2026-01-10 09:28:04,780] {processor.py:623} INFO - DAG(s) dict_keys(['example_bash_operator']) retrieved from /home/airflow/.local/lib/python3.6/site-packages/airflow/example_dags/example_bash_operator.py
[2026-01-10 09:28:08,757] {logging_mixin.py:109} INFO - [2026-01-10 09:28:08,754] {dag.py:1833} INFO - Sync 1 DAGs
[2026-01-10 09:28:08,777] {logging_mixin.py:109} INFO - [2026-01-10 09:28:08,774] {dag.py:1852} INFO - Creating ORM DAG for example_bash_operator
[2026-01-10 09:28:08,788] {logging_mixin.py:109} INFO - [2026-01-10 09:28:08,788] {dag.py:2306} INFO - Setting next_dagrun for example_bash_operator to 2026-01-08 00:00:00+00:00
[2026-01-10 09:28:08,801] {processor.py:170} INFO - Processing /home/airflow/.local/lib/python3.6/site-packages/airflow/example_dags/example_bash_operator.py took 4.050 seconds
[2026-01-10 09:29:02,475] {processor.py:162} INFO - Started process (PID=277) to work on /home/airflow/.local/lib/python3.6/site-packages/airflow/example_dags/example_bash_operator.py
[2026-01-10 09:29:02,478] {processor.py:613} INFO - Processing file /home/airflow/.local/lib/python3.6/site-packages/airflow/example_dags/example_bash_operator.py for tasks to queue
[2026-01-10 09:29:02,479] {logging_mixin.py:109} INFO - [2026-01-10 09:29:02,479] {dagbag.py:496} INFO - Filling up the DagBag from /home/airflow/.local/lib/python3.6/site-packages/airflow/example_dags/example_bash_operator.py
[2026-01-10 09:29:02,506] {processor.py:623} INFO - DAG(s) dict_keys(['example_bash_operator']) retrieved from /home/airflow/.local/lib/python3.6/site-packages/airflow/example_dags/example_bash_operator.py
[2026-01-10 09:29:02,543] {logging_mixin.py:109} INFO - [2026-01-10 09:29:02,543] {dag.py:1833} INFO - Sync 1 DAGs
[2026-01-10 09:29:02,572] {logging_mixin.py:109} INFO - [2026-01-10 09:29:02,572] {dag.py:2306} INFO - Setting next_dagrun for example_bash_operator to 2026-01-08 00:00:00+00:00
[2026-01-10 09:29:02,590] {processor.py:170} INFO - Processing /home/airflow/.local/lib/python3.6/site-packages/airflow/example_dags/example_bash_operator.py took 0.121 seconds
[2026-01-10 09:29:33,409] {processor.py:162} INFO - Started process (PID=328) to work on /home/airflow/.local/lib/python3.6/site-packages/airflow/example_dags/example_bash_operator.py
[2026-01-10 09:29:33,412] {processor.py:613} INFO - Processing file /home/airflow/.local/lib/python3.6/site-packages/airflow/example_dags/example_bash_operator.py for tasks to queue
[2026-01-10 09:29:33,415] {logging_mixin.py:109} INFO - [2026-01-10 09:29:33,414] {dagbag.py:496} INFO - Filling up the DagBag from /home/airflow/.local/lib/python3.6/site-packages/airflow/example_dags/example_bash_operator.py
[2026-01-10 09:29:33,436] {processor.py:623} INFO - DAG(s) dict_keys(['example_bash_operator']) retrieved from /home/airflow/.local/lib/python3.6/site-packages/airflow/example_dags/example_bash_operator.py
[2026-01-10 09:29:33,469] {logging_mixin.py:109} INFO - [2026-01-10 09:29:33,469] {dag.py:1833} INFO - Sync 1 DAGs
[2026-01-10 09:29:33,497] {logging_mixin.py:109} INFO - [2026-01-10 09:29:33,497] {dag.py:2306} INFO - Setting next_dagrun for example_bash_operator to 2026-01-08 00:00:00+00:00
[2026-01-10 09:29:33,514] {processor.py:170} INFO - Processing /home/airflow/.local/lib/python3.6/site-packages/airflow/example_dags/example_bash_operator.py took 0.110 seconds
[2026-01-10 09:30:04,375] {processor.py:162} INFO - Started process (PID=378) to work on /home/airflow/.local/lib/python3.6/site-packages/airflow/example_dags/example_bash_operator.py
[2026-01-10 09:30:04,376] {processor.py:613} INFO - Processing file /home/airflow/.local/lib/python3.6/site-packages/airflow/example_dags/example_bash_operator.py for tasks to queue
[2026-01-10 09:30:04,377] {logging_mixin.py:109} INFO - [2026-01-10 09:30:04,377] {dagbag.py:496} INFO - Filling up the DagBag from /home/airflow/.local/lib/python3.6/site-packages/airflow/example_dags/example_bash_operator.py
[2026-01-10 09:30:04,400] {processor.py:623} INFO - DAG(s) dict_keys(['example_bash_operator']) retrieved from /home/airflow/.local/lib/python3.6/site-packages/airflow/example_dags/example_bash_operator.py
[2026-01-10 09:30:04,430] {logging_mixin.py:109} INFO - [2026-01-10 09:30:04,430] {dag.py:1833} INFO - Sync 1 DAGs
[2026-01-10 09:30:04,457] {logging_mixin.py:109} INFO - [2026-01-10 09:30:04,456] {dag.py:2306} INFO - Setting next_dagrun for example_bash_operator to 2026-01-08 00:00:00+00:00
[2026-01-10 09:30:04,476] {processor.py:170} INFO - Processing /home/airflow/.local/lib/python3.6/site-packages/airflow/example_dags/example_bash_operator.py took 0.106 seconds
[2026-01-10 09:30:35,197] {processor.py:162} INFO - Started process (PID=429) to work on /home/airflow/.local/lib/python3.6/site-packages/airflow/example_dags/example_bash_operator.py
[2026-01-10 09:30:35,198] {processor.py:613} INFO - Processing file /home/airflow/.local/lib/python3.6/site-packages/airflow/example_dags/example_bash_operator.py for tasks to queue
[2026-01-10 09:30:35,200] {logging_mixin.py:109} INFO - [2026-01-10 09:30:35,199] {dagbag.py:496} INFO - Filling up the DagBag from /home/airflow/.local/lib/python3.6/site-packages/airflow/example_dags/example_bash_operator.py
[2026-01-10 09:30:35,230] {processor.py:623} INFO - DAG(s) dict_keys(['example_bash_operator']) retrieved from /home/airflow/.local/lib/python3.6/site-packages/airflow/example_dags/example_bash_operator.py
[2026-01-10 09:30:35,266] {logging_mixin.py:109} INFO - [2026-01-10 09:30:35,266] {dag.py:1833} INFO - Sync 1 DAGs
[2026-01-10 09:30:35,299] {logging_mixin.py:109} INFO - [2026-01-10 09:30:35,298] {dag.py:2306} INFO - Setting next_dagrun for example_bash_operator to 2026-01-08 00:00:00+00:00
[2026-01-10 09:30:35,314] {processor.py:170} INFO - Processing /home/airflow/.local/lib/python3.6/site-packages/airflow/example_dags/example_bash_operator.py took 0.123 seconds
[2026-01-10 09:31:05,712] {processor.py:162} INFO - Started process (PID=488) to work on /home/airflow/.local/lib/python3.6/site-packages/airflow/example_dags/example_bash_operator.py
[2026-01-10 09:31:05,713] {processor.py:613} INFO - Processing file /home/airflow/.local/lib/python3.6/site-packages/airflow/example_dags/example_bash_operator.py for tasks to queue
[2026-01-10 09:31:05,716] {logging_mixin.py:109} INFO - [2026-01-10 09:31:05,714] {dagbag.py:496} INFO - Filling up the DagBag from /home/airflow/.local/lib/python3.6/site-packages/airflow/example_dags/example_bash_operator.py
[2026-01-10 09:31:05,757] {processor.py:623} INFO - DAG(s) dict_keys(['example_bash_operator']) retrieved from /home/airflow/.local/lib/python3.6/site-packages/airflow/example_dags/example_bash_operator.py
[2026-01-10 09:31:05,798] {logging_mixin.py:109} INFO - [2026-01-10 09:31:05,797] {dag.py:1833} INFO - Sync 1 DAGs
[2026-01-10 09:31:05,835] {logging_mixin.py:109} INFO - [2026-01-10 09:31:05,835] {dag.py:2306} INFO - Setting next_dagrun for example_bash_operator to 2026-01-08 00:00:00+00:00
[2026-01-10 09:31:05,876] {processor.py:170} INFO - Processing /home/airflow/.local/lib/python3.6/site-packages/airflow/example_dags/example_bash_operator.py took 0.169 seconds
[2026-01-10 09:31:36,185] {processor.py:162} INFO - Started process (PID=540) to work on /home/airflow/.local/lib/python3.6/site-packages/airflow/example_dags/example_bash_operator.py
[2026-01-10 09:31:36,187] {processor.py:613} INFO - Processing file /home/airflow/.local/lib/python3.6/site-packages/airflow/example_dags/example_bash_operator.py for tasks to queue
[2026-01-10 09:31:36,188] {logging_mixin.py:109} INFO - [2026-01-10 09:31:36,188] {dagbag.py:496} INFO - Filling up the DagBag from /home/airflow/.local/lib/python3.6/site-packages/airflow/example_dags/example_bash_operator.py
[2026-01-10 09:31:36,220] {processor.py:623} INFO - DAG(s) dict_keys(['example_bash_operator']) retrieved from /home/airflow/.local/lib/python3.6/site-packages/airflow/example_dags/example_bash_operator.py
[2026-01-10 09:31:36,265] {logging_mixin.py:109} INFO - [2026-01-10 09:31:36,265] {dag.py:1833} INFO - Sync 1 DAGs
[2026-01-10 09:31:36,316] {logging_mixin.py:109} INFO - [2026-01-10 09:31:36,316] {dag.py:2306} INFO - Setting next_dagrun for example_bash_operator to 2026-01-08 00:00:00+00:00
[2026-01-10 09:31:36,329] {processor.py:170} INFO - Processing /home/airflow/.local/lib/python3.6/site-packages/airflow/example_dags/example_bash_operator.py took 0.149 seconds
[2026-01-10 09:32:06,506] {processor.py:162} INFO - Started process (PID=591) to work on /home/airflow/.local/lib/python3.6/site-packages/airflow/example_dags/example_bash_operator.py
[2026-01-10 09:32:06,508] {processor.py:613} INFO - Processing file /home/airflow/.local/lib/python3.6/site-packages/airflow/example_dags/example_bash_operator.py for tasks to queue
[2026-01-10 09:32:06,510] {logging_mixin.py:109} INFO - [2026-01-10 09:32:06,510] {dagbag.py:496} INFO - Filling up the DagBag from /home/airflow/.local/lib/python3.6/site-packages/airflow/example_dags/example_bash_operator.py
[2026-01-10 09:32:06,541] {processor.py:623} INFO - DAG(s) dict_keys(['example_bash_operator']) retrieved from /home/airflow/.local/lib/python3.6/site-packages/airflow/example_dags/example_bash_operator.py
[2026-01-10 09:32:06,576] {logging_mixin.py:109} INFO - [2026-01-10 09:32:06,575] {dag.py:1833} INFO - Sync 1 DAGs
[2026-01-10 09:32:06,603] {logging_mixin.py:109} INFO - [2026-01-10 09:32:06,603] {dag.py:2306} INFO - Setting next_dagrun for example_bash_operator to 2026-01-08 00:00:00+00:00
[2026-01-10 09:32:06,619] {processor.py:170} INFO - Processing /home/airflow/.local/lib/python3.6/site-packages/airflow/example_dags/example_bash_operator.py took 0.118 seconds
[2026-01-10 09:32:36,712] {processor.py:162} INFO - Started process (PID=642) to work on /home/airflow/.local/lib/python3.6/site-packages/airflow/example_dags/example_bash_operator.py
[2026-01-10 09:32:36,713] {processor.py:613} INFO - Processing file /home/airflow/.local/lib/python3.6/site-packages/airflow/example_dags/example_bash_operator.py for tasks to queue
[2026-01-10 09:32:36,715] {logging_mixin.py:109} INFO - [2026-01-10 09:32:36,714] {dagbag.py:496} INFO - Filling up the DagBag from /home/airflow/.local/lib/python3.6/site-packages/airflow/example_dags/example_bash_operator.py
[2026-01-10 09:32:36,744] {processor.py:623} INFO - DAG(s) dict_keys(['example_bash_operator']) retrieved from /home/airflow/.local/lib/python3.6/site-packages/airflow/example_dags/example_bash_operator.py
[2026-01-10 09:32:36,786] {logging_mixin.py:109} INFO - [2026-01-10 09:32:36,785] {dag.py:1833} INFO - Sync 1 DAGs
[2026-01-10 09:32:36,820] {logging_mixin.py:109} INFO - [2026-01-10 09:32:36,820] {dag.py:2306} INFO - Setting next_dagrun for example_bash_operator to 2026-01-08 00:00:00+00:00
[2026-01-10 09:32:36,837] {processor.py:170} INFO - Processing /home/airflow/.local/lib/python3.6/site-packages/airflow/example_dags/example_bash_operator.py took 0.129 seconds
[2026-01-10 09:33:07,697] {processor.py:162} INFO - Started process (PID=693) to work on /home/airflow/.local/lib/python3.6/site-packages/airflow/example_dags/example_bash_operator.py
[2026-01-10 09:33:07,698] {processor.py:613} INFO - Processing file /home/airflow/.local/lib/python3.6/site-packages/airflow/example_dags/example_bash_operator.py for tasks to queue
[2026-01-10 09:33:07,699] {logging_mixin.py:109} INFO - [2026-01-10 09:33:07,699] {dagbag.py:496} INFO - Filling up the DagBag from /home/airflow/.local/lib/python3.6/site-packages/airflow/example_dags/example_bash_operator.py
[2026-01-10 09:33:07,742] {processor.py:623} INFO - DAG(s) dict_keys(['example_bash_operator']) retrieved from /home/airflow/.local/lib/python3.6/site-packages/airflow/example_dags/example_bash_operator.py
[2026-01-10 09:33:07,789] {logging_mixin.py:109} INFO - [2026-01-10 09:33:07,788] {dag.py:1833} INFO - Sync 1 DAGs
[2026-01-10 09:33:07,821] {logging_mixin.py:109} INFO - [2026-01-10 09:33:07,821] {dag.py:2306} INFO - Setting next_dagrun for example_bash_operator to 2026-01-08 00:00:00+00:00
[2026-01-10 09:33:07,841] {processor.py:170} INFO - Processing /home/airflow/.local/lib/python3.6/site-packages/airflow/example_dags/example_bash_operator.py took 0.149 seconds
[2026-01-10 09:33:38,575] {processor.py:162} INFO - Started process (PID=743) to work on /home/airflow/.local/lib/python3.6/site-packages/airflow/example_dags/example_bash_operator.py
[2026-01-10 09:33:38,577] {processor.py:613} INFO - Processing file /home/airflow/.local/lib/python3.6/site-packages/airflow/example_dags/example_bash_operator.py for tasks to queue
[2026-01-10 09:33:38,578] {logging_mixin.py:109} INFO - [2026-01-10 09:33:38,578] {dagbag.py:496} INFO - Filling up the DagBag from /home/airflow/.local/lib/python3.6/site-packages/airflow/example_dags/example_bash_operator.py
[2026-01-10 09:33:38,607] {processor.py:623} INFO - DAG(s) dict_keys(['example_bash_operator']) retrieved from /home/airflow/.local/lib/python3.6/site-packages/airflow/example_dags/example_bash_operator.py
[2026-01-10 09:33:38,639] {logging_mixin.py:109} INFO - [2026-01-10 09:33:38,638] {dag.py:1833} INFO - Sync 1 DAGs
[2026-01-10 09:33:38,662] {logging_mixin.py:109} INFO - [2026-01-10 09:33:38,662] {dag.py:2306} INFO - Setting next_dagrun for example_bash_operator to 2026-01-08 00:00:00+00:00
[2026-01-10 09:33:38,681] {processor.py:170} INFO - Processing /home/airflow/.local/lib/python3.6/site-packages/airflow/example_dags/example_bash_operator.py took 0.111 seconds
[2026-01-10 09:34:08,729] {processor.py:162} INFO - Started process (PID=794) to work on /home/airflow/.local/lib/python3.6/site-packages/airflow/example_dags/example_bash_operator.py
[2026-01-10 09:34:08,731] {processor.py:613} INFO - Processing file /home/airflow/.local/lib/python3.6/site-packages/airflow/example_dags/example_bash_operator.py for tasks to queue
[2026-01-10 09:34:08,732] {logging_mixin.py:109} INFO - [2026-01-10 09:34:08,732] {dagbag.py:496} INFO - Filling up the DagBag from /home/airflow/.local/lib/python3.6/site-packages/airflow/example_dags/example_bash_operator.py
[2026-01-10 09:34:08,755] {processor.py:623} INFO - DAG(s) dict_keys(['example_bash_operator']) retrieved from /home/airflow/.local/lib/python3.6/site-packages/airflow/example_dags/example_bash_operator.py
[2026-01-10 09:34:08,790] {logging_mixin.py:109} INFO - [2026-01-10 09:34:08,789] {dag.py:1833} INFO - Sync 1 DAGs
[2026-01-10 09:34:08,822] {logging_mixin.py:109} INFO - [2026-01-10 09:34:08,822] {dag.py:2306} INFO - Setting next_dagrun for example_bash_operator to 2026-01-08 00:00:00+00:00
[2026-01-10 09:34:08,834] {processor.py:170} INFO - Processing /home/airflow/.local/lib/python3.6/site-packages/airflow/example_dags/example_bash_operator.py took 0.109 seconds
[2026-01-10 09:34:39,590] {processor.py:162} INFO - Started process (PID=855) to work on /home/airflow/.local/lib/python3.6/site-packages/airflow/example_dags/example_bash_operator.py
[2026-01-10 09:34:39,598] {processor.py:613} INFO - Processing file /home/airflow/.local/lib/python3.6/site-packages/airflow/example_dags/example_bash_operator.py for tasks to queue
[2026-01-10 09:34:39,602] {logging_mixin.py:109} INFO - [2026-01-10 09:34:39,602] {dagbag.py:496} INFO - Filling up the DagBag from /home/airflow/.local/lib/python3.6/site-packages/airflow/example_dags/example_bash_operator.py
[2026-01-10 09:34:39,681] {processor.py:623} INFO - DAG(s) dict_keys(['example_bash_operator']) retrieved from /home/airflow/.local/lib/python3.6/site-packages/airflow/example_dags/example_bash_operator.py
[2026-01-10 09:34:39,726] {logging_mixin.py:109} INFO - [2026-01-10 09:34:39,726] {dag.py:1833} INFO - Sync 1 DAGs
[2026-01-10 09:34:39,786] {logging_mixin.py:109} INFO - [2026-01-10 09:34:39,786] {dag.py:2306} INFO - Setting next_dagrun for example_bash_operator to 2026-01-08 00:00:00+00:00
[2026-01-10 09:34:39,808] {processor.py:170} INFO - Processing /home/airflow/.local/lib/python3.6/site-packages/airflow/example_dags/example_bash_operator.py took 0.236 seconds
[2026-01-10 09:35:10,077] {processor.py:162} INFO - Started process (PID=906) to work on /home/airflow/.local/lib/python3.6/site-packages/airflow/example_dags/example_bash_operator.py
[2026-01-10 09:35:10,078] {processor.py:613} INFO - Processing file /home/airflow/.local/lib/python3.6/site-packages/airflow/example_dags/example_bash_operator.py for tasks to queue
[2026-01-10 09:35:10,079] {logging_mixin.py:109} INFO - [2026-01-10 09:35:10,079] {dagbag.py:496} INFO - Filling up the DagBag from /home/airflow/.local/lib/python3.6/site-packages/airflow/example_dags/example_bash_operator.py
[2026-01-10 09:35:10,112] {processor.py:623} INFO - DAG(s) dict_keys(['example_bash_operator']) retrieved from /home/airflow/.local/lib/python3.6/site-packages/airflow/example_dags/example_bash_operator.py
[2026-01-10 09:35:10,140] {logging_mixin.py:109} INFO - [2026-01-10 09:35:10,140] {dag.py:1833} INFO - Sync 1 DAGs
[2026-01-10 09:35:10,177] {logging_mixin.py:109} INFO - [2026-01-10 09:35:10,177] {dag.py:2306} INFO - Setting next_dagrun for example_bash_operator to 2026-01-08 00:00:00+00:00
[2026-01-10 09:35:10,197] {processor.py:170} INFO - Processing /home/airflow/.local/lib/python3.6/site-packages/airflow/example_dags/example_bash_operator.py took 0.125 seconds
[2026-01-10 09:35:40,554] {processor.py:162} INFO - Started process (PID=957) to work on /home/airflow/.local/lib/python3.6/site-packages/airflow/example_dags/example_bash_operator.py
[2026-01-10 09:35:40,555] {processor.py:613} INFO - Processing file /home/airflow/.local/lib/python3.6/site-packages/airflow/example_dags/example_bash_operator.py for tasks to queue
[2026-01-10 09:35:40,556] {logging_mixin.py:109} INFO - [2026-01-10 09:35:40,556] {dagbag.py:496} INFO - Filling up the DagBag from /home/airflow/.local/lib/python3.6/site-packages/airflow/example_dags/example_bash_operator.py
[2026-01-10 09:35:40,582] {processor.py:623} INFO - DAG(s) dict_keys(['example_bash_operator']) retrieved from /home/airflow/.local/lib/python3.6/site-packages/airflow/example_dags/example_bash_operator.py
[2026-01-10 09:35:40,623] {logging_mixin.py:109} INFO - [2026-01-10 09:35:40,623] {dag.py:1833} INFO - Sync 1 DAGs
[2026-01-10 09:35:40,671] {logging_mixin.py:109} INFO - [2026-01-10 09:35:40,671] {dag.py:2306} INFO - Setting next_dagrun for example_bash_operator to 2026-01-08 00:00:00+00:00
[2026-01-10 09:35:40,685] {processor.py:170} INFO - Processing /home/airflow/.local/lib/python3.6/site-packages/airflow/example_dags/example_bash_operator.py took 0.138 seconds
[2026-01-10 09:36:11,523] {processor.py:162} INFO - Started process (PID=1008) to work on /home/airflow/.local/lib/python3.6/site-packages/airflow/example_dags/example_bash_operator.py
[2026-01-10 09:36:11,530] {processor.py:613} INFO - Processing file /home/airflow/.local/lib/python3.6/site-packages/airflow/example_dags/example_bash_operator.py for tasks to queue
[2026-01-10 09:36:11,531] {logging_mixin.py:109} INFO - [2026-01-10 09:36:11,530] {dagbag.py:496} INFO - Filling up the DagBag from /home/airflow/.local/lib/python3.6/site-packages/airflow/example_dags/example_bash_operator.py
[2026-01-10 09:36:11,606] {processor.py:623} INFO - DAG(s) dict_keys(['example_bash_operator']) retrieved from /home/airflow/.local/lib/python3.6/site-packages/airflow/example_dags/example_bash_operator.py
[2026-01-10 09:36:11,727] {logging_mixin.py:109} INFO - [2026-01-10 09:36:11,727] {dag.py:1833} INFO - Sync 1 DAGs
[2026-01-10 09:36:11,804] {logging_mixin.py:109} INFO - [2026-01-10 09:36:11,804] {dag.py:2306} INFO - Setting next_dagrun for example_bash_operator to 2026-01-08 00:00:00+00:00
[2026-01-10 09:36:11,851] {processor.py:170} INFO - Processing /home/airflow/.local/lib/python3.6/site-packages/airflow/example_dags/example_bash_operator.py took 0.338 seconds
[2026-01-10 09:36:42,267] {processor.py:162} INFO - Started process (PID=1057) to work on /home/airflow/.local/lib/python3.6/site-packages/airflow/example_dags/example_bash_operator.py
[2026-01-10 09:36:42,273] {processor.py:613} INFO - Processing file /home/airflow/.local/lib/python3.6/site-packages/airflow/example_dags/example_bash_operator.py for tasks to queue
[2026-01-10 09:36:42,277] {logging_mixin.py:109} INFO - [2026-01-10 09:36:42,276] {dagbag.py:496} INFO - Filling up the DagBag from /home/airflow/.local/lib/python3.6/site-packages/airflow/example_dags/example_bash_operator.py
[2026-01-10 09:36:42,440] {processor.py:623} INFO - DAG(s) dict_keys(['example_bash_operator']) retrieved from /home/airflow/.local/lib/python3.6/site-packages/airflow/example_dags/example_bash_operator.py
[2026-01-10 09:36:42,630] {logging_mixin.py:109} INFO - [2026-01-10 09:36:42,630] {dag.py:1833} INFO - Sync 1 DAGs
[2026-01-10 09:36:42,702] {logging_mixin.py:109} INFO - [2026-01-10 09:36:42,702] {dag.py:2306} INFO - Setting next_dagrun for example_bash_operator to 2026-01-08 00:00:00+00:00
[2026-01-10 09:36:42,727] {processor.py:170} INFO - Processing /home/airflow/.local/lib/python3.6/site-packages/airflow/example_dags/example_bash_operator.py took 0.476 seconds
[2026-01-10 09:37:13,099] {processor.py:162} INFO - Started process (PID=1099) to work on /home/airflow/.local/lib/python3.6/site-packages/airflow/example_dags/example_bash_operator.py
[2026-01-10 09:37:13,106] {processor.py:613} INFO - Processing file /home/airflow/.local/lib/python3.6/site-packages/airflow/example_dags/example_bash_operator.py for tasks to queue
[2026-01-10 09:37:13,111] {logging_mixin.py:109} INFO - [2026-01-10 09:37:13,110] {dagbag.py:496} INFO - Filling up the DagBag from /home/airflow/.local/lib/python3.6/site-packages/airflow/example_dags/example_bash_operator.py
[2026-01-10 09:37:13,177] {processor.py:623} INFO - DAG(s) dict_keys(['example_bash_operator']) retrieved from /home/airflow/.local/lib/python3.6/site-packages/airflow/example_dags/example_bash_operator.py
[2026-01-10 09:37:13,265] {logging_mixin.py:109} INFO - [2026-01-10 09:37:13,264] {dag.py:1833} INFO - Sync 1 DAGs
[2026-01-10 09:37:13,357] {logging_mixin.py:109} INFO - [2026-01-10 09:37:13,356] {dag.py:2306} INFO - Setting next_dagrun for example_bash_operator to 2026-01-08 00:00:00+00:00
[2026-01-10 09:37:13,394] {processor.py:170} INFO - Processing /home/airflow/.local/lib/python3.6/site-packages/airflow/example_dags/example_bash_operator.py took 0.309 seconds
[2026-01-10 09:37:43,431] {processor.py:162} INFO - Started process (PID=1148) to work on /home/airflow/.local/lib/python3.6/site-packages/airflow/example_dags/example_bash_operator.py
[2026-01-10 09:37:43,433] {processor.py:613} INFO - Processing file /home/airflow/.local/lib/python3.6/site-packages/airflow/example_dags/example_bash_operator.py for tasks to queue
[2026-01-10 09:37:43,434] {logging_mixin.py:109} INFO - [2026-01-10 09:37:43,434] {dagbag.py:496} INFO - Filling up the DagBag from /home/airflow/.local/lib/python3.6/site-packages/airflow/example_dags/example_bash_operator.py
[2026-01-10 09:37:43,459] {processor.py:623} INFO - DAG(s) dict_keys(['example_bash_operator']) retrieved from /home/airflow/.local/lib/python3.6/site-packages/airflow/example_dags/example_bash_operator.py
[2026-01-10 09:37:43,493] {logging_mixin.py:109} INFO - [2026-01-10 09:37:43,493] {dag.py:1833} INFO - Sync 1 DAGs
[2026-01-10 09:37:43,524] {logging_mixin.py:109} INFO - [2026-01-10 09:37:43,524] {dag.py:2306} INFO - Setting next_dagrun for example_bash_operator to 2026-01-08 00:00:00+00:00
[2026-01-10 09:37:43,538] {processor.py:170} INFO - Processing /home/airflow/.local/lib/python3.6/site-packages/airflow/example_dags/example_bash_operator.py took 0.111 seconds
[2026-01-10 09:38:13,839] {processor.py:162} INFO - Started process (PID=1200) to work on /home/airflow/.local/lib/python3.6/site-packages/airflow/example_dags/example_bash_operator.py
[2026-01-10 09:38:13,841] {processor.py:613} INFO - Processing file /home/airflow/.local/lib/python3.6/site-packages/airflow/example_dags/example_bash_operator.py for tasks to queue
[2026-01-10 09:38:13,842] {logging_mixin.py:109} INFO - [2026-01-10 09:38:13,842] {dagbag.py:496} INFO - Filling up the DagBag from /home/airflow/.local/lib/python3.6/site-packages/airflow/example_dags/example_bash_operator.py
[2026-01-10 09:38:13,872] {processor.py:623} INFO - DAG(s) dict_keys(['example_bash_operator']) retrieved from /home/airflow/.local/lib/python3.6/site-packages/airflow/example_dags/example_bash_operator.py
[2026-01-10 09:38:13,909] {logging_mixin.py:109} INFO - [2026-01-10 09:38:13,909] {dag.py:1833} INFO - Sync 1 DAGs
[2026-01-10 09:38:13,947] {logging_mixin.py:109} INFO - [2026-01-10 09:38:13,947] {dag.py:2306} INFO - Setting next_dagrun for example_bash_operator to 2026-01-08 00:00:00+00:00
[2026-01-10 09:38:13,965] {processor.py:170} INFO - Processing /home/airflow/.local/lib/python3.6/site-packages/airflow/example_dags/example_bash_operator.py took 0.134 seconds
[2026-01-10 09:38:44,318] {processor.py:162} INFO - Started process (PID=1250) to work on /home/airflow/.local/lib/python3.6/site-packages/airflow/example_dags/example_bash_operator.py
[2026-01-10 09:38:44,325] {processor.py:613} INFO - Processing file /home/airflow/.local/lib/python3.6/site-packages/airflow/example_dags/example_bash_operator.py for tasks to queue
[2026-01-10 09:38:44,326] {logging_mixin.py:109} INFO - [2026-01-10 09:38:44,325] {dagbag.py:496} INFO - Filling up the DagBag from /home/airflow/.local/lib/python3.6/site-packages/airflow/example_dags/example_bash_operator.py
[2026-01-10 09:38:44,375] {processor.py:623} INFO - DAG(s) dict_keys(['example_bash_operator']) retrieved from /home/airflow/.local/lib/python3.6/site-packages/airflow/example_dags/example_bash_operator.py
[2026-01-10 09:38:44,446] {logging_mixin.py:109} INFO - [2026-01-10 09:38:44,445] {dag.py:1833} INFO - Sync 1 DAGs
[2026-01-10 09:38:44,498] {logging_mixin.py:109} INFO - [2026-01-10 09:38:44,498] {dag.py:2306} INFO - Setting next_dagrun for example_bash_operator to 2026-01-08 00:00:00+00:00
[2026-01-10 09:38:44,516] {processor.py:170} INFO - Processing /home/airflow/.local/lib/python3.6/site-packages/airflow/example_dags/example_bash_operator.py took 0.205 seconds
[2026-01-10 09:39:14,825] {processor.py:162} INFO - Started process (PID=1301) to work on /home/airflow/.local/lib/python3.6/site-packages/airflow/example_dags/example_bash_operator.py
[2026-01-10 09:39:14,826] {processor.py:613} INFO - Processing file /home/airflow/.local/lib/python3.6/site-packages/airflow/example_dags/example_bash_operator.py for tasks to queue
[2026-01-10 09:39:14,827] {logging_mixin.py:109} INFO - [2026-01-10 09:39:14,827] {dagbag.py:496} INFO - Filling up the DagBag from /home/airflow/.local/lib/python3.6/site-packages/airflow/example_dags/example_bash_operator.py
[2026-01-10 09:39:14,858] {processor.py:623} INFO - DAG(s) dict_keys(['example_bash_operator']) retrieved from /home/airflow/.local/lib/python3.6/site-packages/airflow/example_dags/example_bash_operator.py
[2026-01-10 09:39:14,899] {logging_mixin.py:109} INFO - [2026-01-10 09:39:14,899] {dag.py:1833} INFO - Sync 1 DAGs
[2026-01-10 09:39:14,939] {logging_mixin.py:109} INFO - [2026-01-10 09:39:14,939] {dag.py:2306} INFO - Setting next_dagrun for example_bash_operator to 2026-01-08 00:00:00+00:00
[2026-01-10 09:39:14,959] {processor.py:170} INFO - Processing /home/airflow/.local/lib/python3.6/site-packages/airflow/example_dags/example_bash_operator.py took 0.139 seconds
[2026-01-10 09:39:45,847] {processor.py:162} INFO - Started process (PID=1360) to work on /home/airflow/.local/lib/python3.6/site-packages/airflow/example_dags/example_bash_operator.py
[2026-01-10 09:39:45,850] {processor.py:613} INFO - Processing file /home/airflow/.local/lib/python3.6/site-packages/airflow/example_dags/example_bash_operator.py for tasks to queue
[2026-01-10 09:39:45,851] {logging_mixin.py:109} INFO - [2026-01-10 09:39:45,851] {dagbag.py:496} INFO - Filling up the DagBag from /home/airflow/.local/lib/python3.6/site-packages/airflow/example_dags/example_bash_operator.py
[2026-01-10 09:39:45,902] {processor.py:623} INFO - DAG(s) dict_keys(['example_bash_operator']) retrieved from /home/airflow/.local/lib/python3.6/site-packages/airflow/example_dags/example_bash_operator.py
[2026-01-10 09:39:45,971] {logging_mixin.py:109} INFO - [2026-01-10 09:39:45,971] {dag.py:1833} INFO - Sync 1 DAGs
[2026-01-10 09:39:46,058] {logging_mixin.py:109} INFO - [2026-01-10 09:39:46,058] {dag.py:2306} INFO - Setting next_dagrun for example_bash_operator to 2026-01-08 00:00:00+00:00
[2026-01-10 09:39:46,092] {processor.py:170} INFO - Processing /home/airflow/.local/lib/python3.6/site-packages/airflow/example_dags/example_bash_operator.py took 0.251 seconds
[2026-01-10 09:40:16,682] {processor.py:162} INFO - Started process (PID=1410) to work on /home/airflow/.local/lib/python3.6/site-packages/airflow/example_dags/example_bash_operator.py
[2026-01-10 09:40:16,683] {processor.py:613} INFO - Processing file /home/airflow/.local/lib/python3.6/site-packages/airflow/example_dags/example_bash_operator.py for tasks to queue
[2026-01-10 09:40:16,685] {logging_mixin.py:109} INFO - [2026-01-10 09:40:16,684] {dagbag.py:496} INFO - Filling up the DagBag from /home/airflow/.local/lib/python3.6/site-packages/airflow/example_dags/example_bash_operator.py
[2026-01-10 09:40:16,716] {processor.py:623} INFO - DAG(s) dict_keys(['example_bash_operator']) retrieved from /home/airflow/.local/lib/python3.6/site-packages/airflow/example_dags/example_bash_operator.py
[2026-01-10 09:40:16,754] {logging_mixin.py:109} INFO - [2026-01-10 09:40:16,754] {dag.py:1833} INFO - Sync 1 DAGs
[2026-01-10 09:40:16,787] {logging_mixin.py:109} INFO - [2026-01-10 09:40:16,787] {dag.py:2306} INFO - Setting next_dagrun for example_bash_operator to 2026-01-08 00:00:00+00:00
[2026-01-10 09:40:16,801] {processor.py:170} INFO - Processing /home/airflow/.local/lib/python3.6/site-packages/airflow/example_dags/example_bash_operator.py took 0.124 seconds
[2026-01-10 09:40:46,971] {processor.py:162} INFO - Started process (PID=1461) to work on /home/airflow/.local/lib/python3.6/site-packages/airflow/example_dags/example_bash_operator.py
[2026-01-10 09:40:46,973] {processor.py:613} INFO - Processing file /home/airflow/.local/lib/python3.6/site-packages/airflow/example_dags/example_bash_operator.py for tasks to queue
[2026-01-10 09:40:46,974] {logging_mixin.py:109} INFO - [2026-01-10 09:40:46,973] {dagbag.py:496} INFO - Filling up the DagBag from /home/airflow/.local/lib/python3.6/site-packages/airflow/example_dags/example_bash_operator.py
[2026-01-10 09:40:47,005] {processor.py:623} INFO - DAG(s) dict_keys(['example_bash_operator']) retrieved from /home/airflow/.local/lib/python3.6/site-packages/airflow/example_dags/example_bash_operator.py
[2026-01-10 09:40:47,049] {logging_mixin.py:109} INFO - [2026-01-10 09:40:47,048] {dag.py:1833} INFO - Sync 1 DAGs
[2026-01-10 09:40:47,090] {logging_mixin.py:109} INFO - [2026-01-10 09:40:47,090] {dag.py:2306} INFO - Setting next_dagrun for example_bash_operator to 2026-01-08 00:00:00+00:00
[2026-01-10 09:40:47,106] {processor.py:170} INFO - Processing /home/airflow/.local/lib/python3.6/site-packages/airflow/example_dags/example_bash_operator.py took 0.142 seconds
[2026-01-10 09:41:17,529] {processor.py:162} INFO - Started process (PID=1512) to work on /home/airflow/.local/lib/python3.6/site-packages/airflow/example_dags/example_bash_operator.py
[2026-01-10 09:41:17,531] {processor.py:613} INFO - Processing file /home/airflow/.local/lib/python3.6/site-packages/airflow/example_dags/example_bash_operator.py for tasks to queue
[2026-01-10 09:41:17,532] {logging_mixin.py:109} INFO - [2026-01-10 09:41:17,532] {dagbag.py:496} INFO - Filling up the DagBag from /home/airflow/.local/lib/python3.6/site-packages/airflow/example_dags/example_bash_operator.py
[2026-01-10 09:41:17,564] {processor.py:623} INFO - DAG(s) dict_keys(['example_bash_operator']) retrieved from /home/airflow/.local/lib/python3.6/site-packages/airflow/example_dags/example_bash_operator.py
[2026-01-10 09:41:17,601] {logging_mixin.py:109} INFO - [2026-01-10 09:41:17,601] {dag.py:1833} INFO - Sync 1 DAGs
[2026-01-10 09:41:17,637] {logging_mixin.py:109} INFO - [2026-01-10 09:41:17,637] {dag.py:2306} INFO - Setting next_dagrun for example_bash_operator to 2026-01-08 00:00:00+00:00
[2026-01-10 09:41:17,653] {processor.py:170} INFO - Processing /home/airflow/.local/lib/python3.6/site-packages/airflow/example_dags/example_bash_operator.py took 0.129 seconds
[2026-01-10 09:41:47,776] {processor.py:162} INFO - Started process (PID=1562) to work on /home/airflow/.local/lib/python3.6/site-packages/airflow/example_dags/example_bash_operator.py
[2026-01-10 09:41:47,778] {processor.py:613} INFO - Processing file /home/airflow/.local/lib/python3.6/site-packages/airflow/example_dags/example_bash_operator.py for tasks to queue
[2026-01-10 09:41:47,779] {logging_mixin.py:109} INFO - [2026-01-10 09:41:47,779] {dagbag.py:496} INFO - Filling up the DagBag from /home/airflow/.local/lib/python3.6/site-packages/airflow/example_dags/example_bash_operator.py
[2026-01-10 09:41:47,810] {processor.py:623} INFO - DAG(s) dict_keys(['example_bash_operator']) retrieved from /home/airflow/.local/lib/python3.6/site-packages/airflow/example_dags/example_bash_operator.py
[2026-01-10 09:41:47,848] {logging_mixin.py:109} INFO - [2026-01-10 09:41:47,847] {dag.py:1833} INFO - Sync 1 DAGs
[2026-01-10 09:41:47,892] {logging_mixin.py:109} INFO - [2026-01-10 09:41:47,892] {dag.py:2306} INFO - Setting next_dagrun for example_bash_operator to 2026-01-08 00:00:00+00:00
[2026-01-10 09:41:47,910] {processor.py:170} INFO - Processing /home/airflow/.local/lib/python3.6/site-packages/airflow/example_dags/example_bash_operator.py took 0.139 seconds
[2026-01-10 09:42:18,234] {processor.py:162} INFO - Started process (PID=1614) to work on /home/airflow/.local/lib/python3.6/site-packages/airflow/example_dags/example_bash_operator.py
[2026-01-10 09:42:18,237] {processor.py:613} INFO - Processing file /home/airflow/.local/lib/python3.6/site-packages/airflow/example_dags/example_bash_operator.py for tasks to queue
[2026-01-10 09:42:18,238] {logging_mixin.py:109} INFO - [2026-01-10 09:42:18,238] {dagbag.py:496} INFO - Filling up the DagBag from /home/airflow/.local/lib/python3.6/site-packages/airflow/example_dags/example_bash_operator.py
[2026-01-10 09:42:18,268] {processor.py:623} INFO - DAG(s) dict_keys(['example_bash_operator']) retrieved from /home/airflow/.local/lib/python3.6/site-packages/airflow/example_dags/example_bash_operator.py
[2026-01-10 09:42:18,299] {logging_mixin.py:109} INFO - [2026-01-10 09:42:18,298] {dag.py:1833} INFO - Sync 1 DAGs
[2026-01-10 09:42:18,339] {logging_mixin.py:109} INFO - [2026-01-10 09:42:18,339] {dag.py:2306} INFO - Setting next_dagrun for example_bash_operator to 2026-01-08 00:00:00+00:00
[2026-01-10 09:42:18,357] {processor.py:170} INFO - Processing /home/airflow/.local/lib/python3.6/site-packages/airflow/example_dags/example_bash_operator.py took 0.129 seconds
[2026-01-10 09:42:48,591] {processor.py:162} INFO - Started process (PID=1664) to work on /home/airflow/.local/lib/python3.6/site-packages/airflow/example_dags/example_bash_operator.py
[2026-01-10 09:42:48,592] {processor.py:613} INFO - Processing file /home/airflow/.local/lib/python3.6/site-packages/airflow/example_dags/example_bash_operator.py for tasks to queue
[2026-01-10 09:42:48,593] {logging_mixin.py:109} INFO - [2026-01-10 09:42:48,593] {dagbag.py:496} INFO - Filling up the DagBag from /home/airflow/.local/lib/python3.6/site-packages/airflow/example_dags/example_bash_operator.py
[2026-01-10 09:42:48,628] {processor.py:623} INFO - DAG(s) dict_keys(['example_bash_operator']) retrieved from /home/airflow/.local/lib/python3.6/site-packages/airflow/example_dags/example_bash_operator.py
[2026-01-10 09:42:48,663] {logging_mixin.py:109} INFO - [2026-01-10 09:42:48,663] {dag.py:1833} INFO - Sync 1 DAGs
[2026-01-10 09:42:48,691] {logging_mixin.py:109} INFO - [2026-01-10 09:42:48,691] {dag.py:2306} INFO - Setting next_dagrun for example_bash_operator to 2026-01-08 00:00:00+00:00
[2026-01-10 09:42:48,704] {processor.py:170} INFO - Processing /home/airflow/.local/lib/python3.6/site-packages/airflow/example_dags/example_bash_operator.py took 0.120 seconds
[2026-01-10 09:43:19,312] {processor.py:162} INFO - Started process (PID=1725) to work on /home/airflow/.local/lib/python3.6/site-packages/airflow/example_dags/example_bash_operator.py
[2026-01-10 09:43:19,315] {processor.py:613} INFO - Processing file /home/airflow/.local/lib/python3.6/site-packages/airflow/example_dags/example_bash_operator.py for tasks to queue
[2026-01-10 09:43:19,316] {logging_mixin.py:109} INFO - [2026-01-10 09:43:19,316] {dagbag.py:496} INFO - Filling up the DagBag from /home/airflow/.local/lib/python3.6/site-packages/airflow/example_dags/example_bash_operator.py
[2026-01-10 09:43:19,361] {processor.py:623} INFO - DAG(s) dict_keys(['example_bash_operator']) retrieved from /home/airflow/.local/lib/python3.6/site-packages/airflow/example_dags/example_bash_operator.py
[2026-01-10 09:43:19,427] {logging_mixin.py:109} INFO - [2026-01-10 09:43:19,427] {dag.py:1833} INFO - Sync 1 DAGs
[2026-01-10 09:43:19,462] {logging_mixin.py:109} INFO - [2026-01-10 09:43:19,462] {dag.py:2306} INFO - Setting next_dagrun for example_bash_operator to 2026-01-08 00:00:00+00:00
[2026-01-10 09:43:19,478] {processor.py:170} INFO - Processing /home/airflow/.local/lib/python3.6/site-packages/airflow/example_dags/example_bash_operator.py took 0.170 seconds
[2026-01-10 09:43:49,672] {processor.py:162} INFO - Started process (PID=1776) to work on /home/airflow/.local/lib/python3.6/site-packages/airflow/example_dags/example_bash_operator.py
[2026-01-10 09:43:49,674] {processor.py:613} INFO - Processing file /home/airflow/.local/lib/python3.6/site-packages/airflow/example_dags/example_bash_operator.py for tasks to queue
[2026-01-10 09:43:49,675] {logging_mixin.py:109} INFO - [2026-01-10 09:43:49,675] {dagbag.py:496} INFO - Filling up the DagBag from /home/airflow/.local/lib/python3.6/site-packages/airflow/example_dags/example_bash_operator.py
[2026-01-10 09:43:49,703] {processor.py:623} INFO - DAG(s) dict_keys(['example_bash_operator']) retrieved from /home/airflow/.local/lib/python3.6/site-packages/airflow/example_dags/example_bash_operator.py
[2026-01-10 09:43:49,739] {logging_mixin.py:109} INFO - [2026-01-10 09:43:49,739] {dag.py:1833} INFO - Sync 1 DAGs
[2026-01-10 09:43:49,765] {logging_mixin.py:109} INFO - [2026-01-10 09:43:49,765] {dag.py:2306} INFO - Setting next_dagrun for example_bash_operator to 2026-01-08 00:00:00+00:00
[2026-01-10 09:43:49,777] {processor.py:170} INFO - Processing /home/airflow/.local/lib/python3.6/site-packages/airflow/example_dags/example_bash_operator.py took 0.109 seconds
[2026-01-10 09:44:21,726] {processor.py:162} INFO - Started process (PID=1827) to work on /home/airflow/.local/lib/python3.6/site-packages/airflow/example_dags/example_bash_operator.py
[2026-01-10 09:44:21,731] {processor.py:613} INFO - Processing file /home/airflow/.local/lib/python3.6/site-packages/airflow/example_dags/example_bash_operator.py for tasks to queue
[2026-01-10 09:44:21,735] {logging_mixin.py:109} INFO - [2026-01-10 09:44:21,731] {dagbag.py:496} INFO - Filling up the DagBag from /home/airflow/.local/lib/python3.6/site-packages/airflow/example_dags/example_bash_operator.py
[2026-01-10 09:44:21,798] {processor.py:623} INFO - DAG(s) dict_keys(['example_bash_operator']) retrieved from /home/airflow/.local/lib/python3.6/site-packages/airflow/example_dags/example_bash_operator.py
[2026-01-10 09:44:21,914] {logging_mixin.py:109} INFO - [2026-01-10 09:44:21,914] {dag.py:1833} INFO - Sync 1 DAGs
[2026-01-10 09:44:21,954] {logging_mixin.py:109} INFO - [2026-01-10 09:44:21,954] {dag.py:2306} INFO - Setting next_dagrun for example_bash_operator to 2026-01-08 00:00:00+00:00
[2026-01-10 09:44:21,995] {processor.py:170} INFO - Processing /home/airflow/.local/lib/python3.6/site-packages/airflow/example_dags/example_bash_operator.py took 0.275 seconds
[2026-01-10 09:44:52,977] {processor.py:162} INFO - Started process (PID=1878) to work on /home/airflow/.local/lib/python3.6/site-packages/airflow/example_dags/example_bash_operator.py
[2026-01-10 09:44:52,979] {processor.py:613} INFO - Processing file /home/airflow/.local/lib/python3.6/site-packages/airflow/example_dags/example_bash_operator.py for tasks to queue
[2026-01-10 09:44:52,980] {logging_mixin.py:109} INFO - [2026-01-10 09:44:52,980] {dagbag.py:496} INFO - Filling up the DagBag from /home/airflow/.local/lib/python3.6/site-packages/airflow/example_dags/example_bash_operator.py
[2026-01-10 09:44:53,008] {processor.py:623} INFO - DAG(s) dict_keys(['example_bash_operator']) retrieved from /home/airflow/.local/lib/python3.6/site-packages/airflow/example_dags/example_bash_operator.py
[2026-01-10 09:44:53,050] {logging_mixin.py:109} INFO - [2026-01-10 09:44:53,050] {dag.py:1833} INFO - Sync 1 DAGs
[2026-01-10 09:44:53,086] {logging_mixin.py:109} INFO - [2026-01-10 09:44:53,086] {dag.py:2306} INFO - Setting next_dagrun for example_bash_operator to 2026-01-08 00:00:00+00:00
[2026-01-10 09:44:53,100] {processor.py:170} INFO - Processing /home/airflow/.local/lib/python3.6/site-packages/airflow/example_dags/example_bash_operator.py took 0.129 seconds
[2026-01-10 09:45:23,150] {processor.py:162} INFO - Started process (PID=1929) to work on /home/airflow/.local/lib/python3.6/site-packages/airflow/example_dags/example_bash_operator.py
[2026-01-10 09:45:23,152] {processor.py:613} INFO - Processing file /home/airflow/.local/lib/python3.6/site-packages/airflow/example_dags/example_bash_operator.py for tasks to queue
[2026-01-10 09:45:23,152] {logging_mixin.py:109} INFO - [2026-01-10 09:45:23,152] {dagbag.py:496} INFO - Filling up the DagBag from /home/airflow/.local/lib/python3.6/site-packages/airflow/example_dags/example_bash_operator.py
[2026-01-10 09:45:23,184] {processor.py:623} INFO - DAG(s) dict_keys(['example_bash_operator']) retrieved from /home/airflow/.local/lib/python3.6/site-packages/airflow/example_dags/example_bash_operator.py
[2026-01-10 09:45:23,220] {logging_mixin.py:109} INFO - [2026-01-10 09:45:23,220] {dag.py:1833} INFO - Sync 1 DAGs
[2026-01-10 09:45:23,251] {logging_mixin.py:109} INFO - [2026-01-10 09:45:23,250] {dag.py:2306} INFO - Setting next_dagrun for example_bash_operator to 2026-01-08 00:00:00+00:00
[2026-01-10 09:45:23,270] {processor.py:170} INFO - Processing /home/airflow/.local/lib/python3.6/site-packages/airflow/example_dags/example_bash_operator.py took 0.124 seconds
[2026-01-10 09:45:53,467] {processor.py:162} INFO - Started process (PID=1979) to work on /home/airflow/.local/lib/python3.6/site-packages/airflow/example_dags/example_bash_operator.py
[2026-01-10 09:45:53,469] {processor.py:613} INFO - Processing file /home/airflow/.local/lib/python3.6/site-packages/airflow/example_dags/example_bash_operator.py for tasks to queue
[2026-01-10 09:45:53,470] {logging_mixin.py:109} INFO - [2026-01-10 09:45:53,470] {dagbag.py:496} INFO - Filling up the DagBag from /home/airflow/.local/lib/python3.6/site-packages/airflow/example_dags/example_bash_operator.py
[2026-01-10 09:45:53,500] {processor.py:623} INFO - DAG(s) dict_keys(['example_bash_operator']) retrieved from /home/airflow/.local/lib/python3.6/site-packages/airflow/example_dags/example_bash_operator.py
[2026-01-10 09:45:53,534] {logging_mixin.py:109} INFO - [2026-01-10 09:45:53,534] {dag.py:1833} INFO - Sync 1 DAGs
[2026-01-10 09:45:53,565] {logging_mixin.py:109} INFO - [2026-01-10 09:45:53,565] {dag.py:2306} INFO - Setting next_dagrun for example_bash_operator to 2026-01-08 00:00:00+00:00
[2026-01-10 09:45:53,583] {processor.py:170} INFO - Processing /home/airflow/.local/lib/python3.6/site-packages/airflow/example_dags/example_bash_operator.py took 0.124 seconds
[2026-01-10 09:46:23,787] {processor.py:162} INFO - Started process (PID=2030) to work on /home/airflow/.local/lib/python3.6/site-packages/airflow/example_dags/example_bash_operator.py
[2026-01-10 09:46:23,791] {processor.py:613} INFO - Processing file /home/airflow/.local/lib/python3.6/site-packages/airflow/example_dags/example_bash_operator.py for tasks to queue
[2026-01-10 09:46:23,792] {logging_mixin.py:109} INFO - [2026-01-10 09:46:23,791] {dagbag.py:496} INFO - Filling up the DagBag from /home/airflow/.local/lib/python3.6/site-packages/airflow/example_dags/example_bash_operator.py
[2026-01-10 09:46:23,821] {processor.py:623} INFO - DAG(s) dict_keys(['example_bash_operator']) retrieved from /home/airflow/.local/lib/python3.6/site-packages/airflow/example_dags/example_bash_operator.py
[2026-01-10 09:46:23,859] {logging_mixin.py:109} INFO - [2026-01-10 09:46:23,858] {dag.py:1833} INFO - Sync 1 DAGs
[2026-01-10 09:46:23,902] {logging_mixin.py:109} INFO - [2026-01-10 09:46:23,902] {dag.py:2306} INFO - Setting next_dagrun for example_bash_operator to 2026-01-08 00:00:00+00:00
[2026-01-10 09:46:23,919] {processor.py:170} INFO - Processing /home/airflow/.local/lib/python3.6/site-packages/airflow/example_dags/example_bash_operator.py took 0.137 seconds
[2026-01-10 09:46:54,352] {processor.py:162} INFO - Started process (PID=2080) to work on /home/airflow/.local/lib/python3.6/site-packages/airflow/example_dags/example_bash_operator.py
[2026-01-10 09:46:54,354] {processor.py:613} INFO - Processing file /home/airflow/.local/lib/python3.6/site-packages/airflow/example_dags/example_bash_operator.py for tasks to queue
[2026-01-10 09:46:54,355] {logging_mixin.py:109} INFO - [2026-01-10 09:46:54,355] {dagbag.py:496} INFO - Filling up the DagBag from /home/airflow/.local/lib/python3.6/site-packages/airflow/example_dags/example_bash_operator.py
[2026-01-10 09:46:54,383] {processor.py:623} INFO - DAG(s) dict_keys(['example_bash_operator']) retrieved from /home/airflow/.local/lib/python3.6/site-packages/airflow/example_dags/example_bash_operator.py
[2026-01-10 09:46:54,413] {logging_mixin.py:109} INFO - [2026-01-10 09:46:54,412] {dag.py:1833} INFO - Sync 1 DAGs
[2026-01-10 09:46:54,440] {logging_mixin.py:109} INFO - [2026-01-10 09:46:54,440] {dag.py:2306} INFO - Setting next_dagrun for example_bash_operator to 2026-01-08 00:00:00+00:00
[2026-01-10 09:46:54,452] {processor.py:170} INFO - Processing /home/airflow/.local/lib/python3.6/site-packages/airflow/example_dags/example_bash_operator.py took 0.105 seconds
[2026-01-10 09:47:31,445] {processor.py:162} INFO - Started process (PID=2128) to work on /home/airflow/.local/lib/python3.6/site-packages/airflow/example_dags/example_bash_operator.py
[2026-01-10 09:47:31,447] {processor.py:613} INFO - Processing file /home/airflow/.local/lib/python3.6/site-packages/airflow/example_dags/example_bash_operator.py for tasks to queue
[2026-01-10 09:47:31,448] {logging_mixin.py:109} INFO - [2026-01-10 09:47:31,448] {dagbag.py:496} INFO - Filling up the DagBag from /home/airflow/.local/lib/python3.6/site-packages/airflow/example_dags/example_bash_operator.py
[2026-01-10 09:47:31,558] {processor.py:623} INFO - DAG(s) dict_keys(['example_bash_operator']) retrieved from /home/airflow/.local/lib/python3.6/site-packages/airflow/example_dags/example_bash_operator.py
[2026-01-10 09:47:31,639] {logging_mixin.py:109} INFO - [2026-01-10 09:47:31,639] {dag.py:1833} INFO - Sync 1 DAGs
[2026-01-10 09:47:31,680] {logging_mixin.py:109} INFO - [2026-01-10 09:47:31,680] {dag.py:2306} INFO - Setting next_dagrun for example_bash_operator to 2026-01-08 00:00:00+00:00
[2026-01-10 09:47:31,705] {processor.py:170} INFO - Processing /home/airflow/.local/lib/python3.6/site-packages/airflow/example_dags/example_bash_operator.py took 0.267 seconds
[2026-01-10 09:48:03,331] {processor.py:162} INFO - Started process (PID=2169) to work on /home/airflow/.local/lib/python3.6/site-packages/airflow/example_dags/example_bash_operator.py
[2026-01-10 09:48:03,333] {processor.py:613} INFO - Processing file /home/airflow/.local/lib/python3.6/site-packages/airflow/example_dags/example_bash_operator.py for tasks to queue
[2026-01-10 09:48:03,334] {logging_mixin.py:109} INFO - [2026-01-10 09:48:03,334] {dagbag.py:496} INFO - Filling up the DagBag from /home/airflow/.local/lib/python3.6/site-packages/airflow/example_dags/example_bash_operator.py
[2026-01-10 09:48:03,371] {processor.py:623} INFO - DAG(s) dict_keys(['example_bash_operator']) retrieved from /home/airflow/.local/lib/python3.6/site-packages/airflow/example_dags/example_bash_operator.py
[2026-01-10 09:48:03,512] {logging_mixin.py:109} INFO - [2026-01-10 09:48:03,512] {dag.py:1833} INFO - Sync 1 DAGs
[2026-01-10 09:48:03,792] {logging_mixin.py:109} INFO - [2026-01-10 09:48:03,792] {dag.py:2306} INFO - Setting next_dagrun for example_bash_operator to 2026-01-08 00:00:00+00:00
[2026-01-10 09:48:03,873] {processor.py:170} INFO - Processing /home/airflow/.local/lib/python3.6/site-packages/airflow/example_dags/example_bash_operator.py took 0.547 seconds
[2026-01-10 09:48:34,578] {processor.py:162} INFO - Started process (PID=2210) to work on /home/airflow/.local/lib/python3.6/site-packages/airflow/example_dags/example_bash_operator.py
[2026-01-10 09:48:34,580] {processor.py:613} INFO - Processing file /home/airflow/.local/lib/python3.6/site-packages/airflow/example_dags/example_bash_operator.py for tasks to queue
[2026-01-10 09:48:34,581] {logging_mixin.py:109} INFO - [2026-01-10 09:48:34,581] {dagbag.py:496} INFO - Filling up the DagBag from /home/airflow/.local/lib/python3.6/site-packages/airflow/example_dags/example_bash_operator.py
[2026-01-10 09:48:34,682] {processor.py:623} INFO - DAG(s) dict_keys(['example_bash_operator']) retrieved from /home/airflow/.local/lib/python3.6/site-packages/airflow/example_dags/example_bash_operator.py
[2026-01-10 09:48:34,791] {logging_mixin.py:109} INFO - [2026-01-10 09:48:34,791] {dag.py:1833} INFO - Sync 1 DAGs
[2026-01-10 09:48:34,895] {logging_mixin.py:109} INFO - [2026-01-10 09:48:34,895] {dag.py:2306} INFO - Setting next_dagrun for example_bash_operator to 2026-01-08 00:00:00+00:00
[2026-01-10 09:48:34,957] {processor.py:170} INFO - Processing /home/airflow/.local/lib/python3.6/site-packages/airflow/example_dags/example_bash_operator.py took 0.381 seconds
[2026-01-10 09:49:17,085] {processor.py:162} INFO - Started process (PID=2251) to work on /home/airflow/.local/lib/python3.6/site-packages/airflow/example_dags/example_bash_operator.py
[2026-01-10 09:49:17,092] {processor.py:613} INFO - Processing file /home/airflow/.local/lib/python3.6/site-packages/airflow/example_dags/example_bash_operator.py for tasks to queue
[2026-01-10 09:49:17,095] {logging_mixin.py:109} INFO - [2026-01-10 09:49:17,094] {dagbag.py:496} INFO - Filling up the DagBag from /home/airflow/.local/lib/python3.6/site-packages/airflow/example_dags/example_bash_operator.py
[2026-01-10 09:49:17,220] {processor.py:623} INFO - DAG(s) dict_keys(['example_bash_operator']) retrieved from /home/airflow/.local/lib/python3.6/site-packages/airflow/example_dags/example_bash_operator.py
[2026-01-10 09:49:17,365] {logging_mixin.py:109} INFO - [2026-01-10 09:49:17,365] {dag.py:1833} INFO - Sync 1 DAGs
[2026-01-10 09:49:17,451] {logging_mixin.py:109} INFO - [2026-01-10 09:49:17,451] {dag.py:2306} INFO - Setting next_dagrun for example_bash_operator to 2026-01-08 00:00:00+00:00
[2026-01-10 09:49:17,481] {processor.py:170} INFO - Processing /home/airflow/.local/lib/python3.6/site-packages/airflow/example_dags/example_bash_operator.py took 0.400 seconds
[2026-01-10 09:49:47,704] {processor.py:162} INFO - Started process (PID=2291) to work on /home/airflow/.local/lib/python3.6/site-packages/airflow/example_dags/example_bash_operator.py
[2026-01-10 09:49:47,706] {processor.py:613} INFO - Processing file /home/airflow/.local/lib/python3.6/site-packages/airflow/example_dags/example_bash_operator.py for tasks to queue
[2026-01-10 09:49:47,707] {logging_mixin.py:109} INFO - [2026-01-10 09:49:47,707] {dagbag.py:496} INFO - Filling up the DagBag from /home/airflow/.local/lib/python3.6/site-packages/airflow/example_dags/example_bash_operator.py
[2026-01-10 09:49:47,740] {processor.py:623} INFO - DAG(s) dict_keys(['example_bash_operator']) retrieved from /home/airflow/.local/lib/python3.6/site-packages/airflow/example_dags/example_bash_operator.py
[2026-01-10 09:49:47,776] {logging_mixin.py:109} INFO - [2026-01-10 09:49:47,776] {dag.py:1833} INFO - Sync 1 DAGs
[2026-01-10 09:49:47,810] {logging_mixin.py:109} INFO - [2026-01-10 09:49:47,810] {dag.py:2306} INFO - Setting next_dagrun for example_bash_operator to 2026-01-08 00:00:00+00:00
[2026-01-10 09:49:47,823] {processor.py:170} INFO - Processing /home/airflow/.local/lib/python3.6/site-packages/airflow/example_dags/example_bash_operator.py took 0.124 seconds
[2026-01-10 09:50:18,572] {processor.py:162} INFO - Started process (PID=2345) to work on /home/airflow/.local/lib/python3.6/site-packages/airflow/example_dags/example_bash_operator.py
[2026-01-10 09:50:18,574] {processor.py:613} INFO - Processing file /home/airflow/.local/lib/python3.6/site-packages/airflow/example_dags/example_bash_operator.py for tasks to queue
[2026-01-10 09:50:18,575] {logging_mixin.py:109} INFO - [2026-01-10 09:50:18,574] {dagbag.py:496} INFO - Filling up the DagBag from /home/airflow/.local/lib/python3.6/site-packages/airflow/example_dags/example_bash_operator.py
[2026-01-10 09:50:18,600] {processor.py:623} INFO - DAG(s) dict_keys(['example_bash_operator']) retrieved from /home/airflow/.local/lib/python3.6/site-packages/airflow/example_dags/example_bash_operator.py
[2026-01-10 09:50:18,634] {logging_mixin.py:109} INFO - [2026-01-10 09:50:18,634] {dag.py:1833} INFO - Sync 1 DAGs
[2026-01-10 09:50:18,667] {logging_mixin.py:109} INFO - [2026-01-10 09:50:18,667] {dag.py:2306} INFO - Setting next_dagrun for example_bash_operator to 2026-01-08 00:00:00+00:00
[2026-01-10 09:50:18,683] {processor.py:170} INFO - Processing /home/airflow/.local/lib/python3.6/site-packages/airflow/example_dags/example_bash_operator.py took 0.115 seconds
[2026-01-10 09:50:48,813] {processor.py:162} INFO - Started process (PID=2396) to work on /home/airflow/.local/lib/python3.6/site-packages/airflow/example_dags/example_bash_operator.py
[2026-01-10 09:50:48,814] {processor.py:613} INFO - Processing file /home/airflow/.local/lib/python3.6/site-packages/airflow/example_dags/example_bash_operator.py for tasks to queue
[2026-01-10 09:50:48,816] {logging_mixin.py:109} INFO - [2026-01-10 09:50:48,815] {dagbag.py:496} INFO - Filling up the DagBag from /home/airflow/.local/lib/python3.6/site-packages/airflow/example_dags/example_bash_operator.py
[2026-01-10 09:50:48,845] {processor.py:623} INFO - DAG(s) dict_keys(['example_bash_operator']) retrieved from /home/airflow/.local/lib/python3.6/site-packages/airflow/example_dags/example_bash_operator.py
[2026-01-10 09:50:48,884] {logging_mixin.py:109} INFO - [2026-01-10 09:50:48,883] {dag.py:1833} INFO - Sync 1 DAGs
[2026-01-10 09:50:48,924] {logging_mixin.py:109} INFO - [2026-01-10 09:50:48,924] {dag.py:2306} INFO - Setting next_dagrun for example_bash_operator to 2026-01-08 00:00:00+00:00
[2026-01-10 09:50:48,943] {processor.py:170} INFO - Processing /home/airflow/.local/lib/python3.6/site-packages/airflow/example_dags/example_bash_operator.py took 0.136 seconds
[2026-01-10 09:51:19,175] {processor.py:162} INFO - Started process (PID=2447) to work on /home/airflow/.local/lib/python3.6/site-packages/airflow/example_dags/example_bash_operator.py
[2026-01-10 09:51:19,177] {processor.py:613} INFO - Processing file /home/airflow/.local/lib/python3.6/site-packages/airflow/example_dags/example_bash_operator.py for tasks to queue
[2026-01-10 09:51:19,178] {logging_mixin.py:109} INFO - [2026-01-10 09:51:19,177] {dagbag.py:496} INFO - Filling up the DagBag from /home/airflow/.local/lib/python3.6/site-packages/airflow/example_dags/example_bash_operator.py
[2026-01-10 09:51:19,209] {processor.py:623} INFO - DAG(s) dict_keys(['example_bash_operator']) retrieved from /home/airflow/.local/lib/python3.6/site-packages/airflow/example_dags/example_bash_operator.py
[2026-01-10 09:51:19,251] {logging_mixin.py:109} INFO - [2026-01-10 09:51:19,250] {dag.py:1833} INFO - Sync 1 DAGs
[2026-01-10 09:51:19,293] {logging_mixin.py:109} INFO - [2026-01-10 09:51:19,293] {dag.py:2306} INFO - Setting next_dagrun for example_bash_operator to 2026-01-08 00:00:00+00:00
[2026-01-10 09:51:19,312] {processor.py:170} INFO - Processing /home/airflow/.local/lib/python3.6/site-packages/airflow/example_dags/example_bash_operator.py took 0.144 seconds
[2026-01-10 09:51:49,716] {processor.py:162} INFO - Started process (PID=2497) to work on /home/airflow/.local/lib/python3.6/site-packages/airflow/example_dags/example_bash_operator.py
[2026-01-10 09:51:49,719] {processor.py:613} INFO - Processing file /home/airflow/.local/lib/python3.6/site-packages/airflow/example_dags/example_bash_operator.py for tasks to queue
[2026-01-10 09:51:49,720] {logging_mixin.py:109} INFO - [2026-01-10 09:51:49,720] {dagbag.py:496} INFO - Filling up the DagBag from /home/airflow/.local/lib/python3.6/site-packages/airflow/example_dags/example_bash_operator.py
[2026-01-10 09:51:49,753] {processor.py:623} INFO - DAG(s) dict_keys(['example_bash_operator']) retrieved from /home/airflow/.local/lib/python3.6/site-packages/airflow/example_dags/example_bash_operator.py
[2026-01-10 09:51:49,791] {logging_mixin.py:109} INFO - [2026-01-10 09:51:49,791] {dag.py:1833} INFO - Sync 1 DAGs
[2026-01-10 09:51:49,826] {logging_mixin.py:109} INFO - [2026-01-10 09:51:49,826] {dag.py:2306} INFO - Setting next_dagrun for example_bash_operator to 2026-01-08 00:00:00+00:00
[2026-01-10 09:51:49,846] {processor.py:170} INFO - Processing /home/airflow/.local/lib/python3.6/site-packages/airflow/example_dags/example_bash_operator.py took 0.134 seconds
[2026-01-10 09:52:20,175] {processor.py:162} INFO - Started process (PID=2548) to work on /home/airflow/.local/lib/python3.6/site-packages/airflow/example_dags/example_bash_operator.py
[2026-01-10 09:52:20,177] {processor.py:613} INFO - Processing file /home/airflow/.local/lib/python3.6/site-packages/airflow/example_dags/example_bash_operator.py for tasks to queue
[2026-01-10 09:52:20,178] {logging_mixin.py:109} INFO - [2026-01-10 09:52:20,178] {dagbag.py:496} INFO - Filling up the DagBag from /home/airflow/.local/lib/python3.6/site-packages/airflow/example_dags/example_bash_operator.py
[2026-01-10 09:52:20,199] {processor.py:623} INFO - DAG(s) dict_keys(['example_bash_operator']) retrieved from /home/airflow/.local/lib/python3.6/site-packages/airflow/example_dags/example_bash_operator.py
[2026-01-10 09:52:20,233] {logging_mixin.py:109} INFO - [2026-01-10 09:52:20,233] {dag.py:1833} INFO - Sync 1 DAGs
[2026-01-10 09:52:20,273] {logging_mixin.py:109} INFO - [2026-01-10 09:52:20,273] {dag.py:2306} INFO - Setting next_dagrun for example_bash_operator to 2026-01-08 00:00:00+00:00
[2026-01-10 09:52:20,291] {processor.py:170} INFO - Processing /home/airflow/.local/lib/python3.6/site-packages/airflow/example_dags/example_bash_operator.py took 0.122 seconds
[2026-01-10 09:52:50,708] {processor.py:162} INFO - Started process (PID=2589) to work on /home/airflow/.local/lib/python3.6/site-packages/airflow/example_dags/example_bash_operator.py
[2026-01-10 09:52:50,712] {processor.py:613} INFO - Processing file /home/airflow/.local/lib/python3.6/site-packages/airflow/example_dags/example_bash_operator.py for tasks to queue
[2026-01-10 09:52:50,715] {logging_mixin.py:109} INFO - [2026-01-10 09:52:50,714] {dagbag.py:496} INFO - Filling up the DagBag from /home/airflow/.local/lib/python3.6/site-packages/airflow/example_dags/example_bash_operator.py
[2026-01-10 09:52:50,755] {processor.py:623} INFO - DAG(s) dict_keys(['example_bash_operator']) retrieved from /home/airflow/.local/lib/python3.6/site-packages/airflow/example_dags/example_bash_operator.py
[2026-01-10 09:52:50,792] {logging_mixin.py:109} INFO - [2026-01-10 09:52:50,792] {dag.py:1833} INFO - Sync 1 DAGs
[2026-01-10 09:52:50,832] {logging_mixin.py:109} INFO - [2026-01-10 09:52:50,831] {dag.py:2306} INFO - Setting next_dagrun for example_bash_operator to 2026-01-08 00:00:00+00:00
[2026-01-10 09:52:50,849] {processor.py:170} INFO - Processing /home/airflow/.local/lib/python3.6/site-packages/airflow/example_dags/example_bash_operator.py took 0.148 seconds
[2026-01-10 09:53:21,928] {processor.py:162} INFO - Started process (PID=2640) to work on /home/airflow/.local/lib/python3.6/site-packages/airflow/example_dags/example_bash_operator.py
[2026-01-10 09:53:21,930] {processor.py:613} INFO - Processing file /home/airflow/.local/lib/python3.6/site-packages/airflow/example_dags/example_bash_operator.py for tasks to queue
[2026-01-10 09:53:21,931] {logging_mixin.py:109} INFO - [2026-01-10 09:53:21,931] {dagbag.py:496} INFO - Filling up the DagBag from /home/airflow/.local/lib/python3.6/site-packages/airflow/example_dags/example_bash_operator.py
[2026-01-10 09:53:21,962] {processor.py:623} INFO - DAG(s) dict_keys(['example_bash_operator']) retrieved from /home/airflow/.local/lib/python3.6/site-packages/airflow/example_dags/example_bash_operator.py
[2026-01-10 09:53:22,001] {logging_mixin.py:109} INFO - [2026-01-10 09:53:22,001] {dag.py:1833} INFO - Sync 1 DAGs
[2026-01-10 09:53:22,044] {logging_mixin.py:109} INFO - [2026-01-10 09:53:22,044] {dag.py:2306} INFO - Setting next_dagrun for example_bash_operator to 2026-01-08 00:00:00+00:00
[2026-01-10 09:53:22,064] {processor.py:170} INFO - Processing /home/airflow/.local/lib/python3.6/site-packages/airflow/example_dags/example_bash_operator.py took 0.140 seconds
[2026-01-10 09:53:52,706] {processor.py:162} INFO - Started process (PID=2682) to work on /home/airflow/.local/lib/python3.6/site-packages/airflow/example_dags/example_bash_operator.py
[2026-01-10 09:53:52,708] {processor.py:613} INFO - Processing file /home/airflow/.local/lib/python3.6/site-packages/airflow/example_dags/example_bash_operator.py for tasks to queue
[2026-01-10 09:53:52,709] {logging_mixin.py:109} INFO - [2026-01-10 09:53:52,709] {dagbag.py:496} INFO - Filling up the DagBag from /home/airflow/.local/lib/python3.6/site-packages/airflow/example_dags/example_bash_operator.py
[2026-01-10 09:53:52,738] {processor.py:623} INFO - DAG(s) dict_keys(['example_bash_operator']) retrieved from /home/airflow/.local/lib/python3.6/site-packages/airflow/example_dags/example_bash_operator.py
[2026-01-10 09:53:52,773] {logging_mixin.py:109} INFO - [2026-01-10 09:53:52,773] {dag.py:1833} INFO - Sync 1 DAGs
[2026-01-10 09:53:52,808] {logging_mixin.py:109} INFO - [2026-01-10 09:53:52,807] {dag.py:2306} INFO - Setting next_dagrun for example_bash_operator to 2026-01-08 00:00:00+00:00
[2026-01-10 09:53:52,824] {processor.py:170} INFO - Processing /home/airflow/.local/lib/python3.6/site-packages/airflow/example_dags/example_bash_operator.py took 0.126 seconds
[2026-01-10 09:54:23,712] {processor.py:162} INFO - Started process (PID=2723) to work on /home/airflow/.local/lib/python3.6/site-packages/airflow/example_dags/example_bash_operator.py
[2026-01-10 09:54:23,715] {processor.py:613} INFO - Processing file /home/airflow/.local/lib/python3.6/site-packages/airflow/example_dags/example_bash_operator.py for tasks to queue
[2026-01-10 09:54:23,716] {logging_mixin.py:109} INFO - [2026-01-10 09:54:23,716] {dagbag.py:496} INFO - Filling up the DagBag from /home/airflow/.local/lib/python3.6/site-packages/airflow/example_dags/example_bash_operator.py
[2026-01-10 09:54:23,747] {processor.py:623} INFO - DAG(s) dict_keys(['example_bash_operator']) retrieved from /home/airflow/.local/lib/python3.6/site-packages/airflow/example_dags/example_bash_operator.py
[2026-01-10 09:54:23,785] {logging_mixin.py:109} INFO - [2026-01-10 09:54:23,785] {dag.py:1833} INFO - Sync 1 DAGs
[2026-01-10 09:54:23,818] {logging_mixin.py:109} INFO - [2026-01-10 09:54:23,818] {dag.py:2306} INFO - Setting next_dagrun for example_bash_operator to 2026-01-08 00:00:00+00:00
[2026-01-10 09:54:23,845] {processor.py:170} INFO - Processing /home/airflow/.local/lib/python3.6/site-packages/airflow/example_dags/example_bash_operator.py took 0.140 seconds
[2026-01-10 09:54:55,321] {processor.py:162} INFO - Started process (PID=2773) to work on /home/airflow/.local/lib/python3.6/site-packages/airflow/example_dags/example_bash_operator.py
[2026-01-10 09:54:55,323] {processor.py:613} INFO - Processing file /home/airflow/.local/lib/python3.6/site-packages/airflow/example_dags/example_bash_operator.py for tasks to queue
[2026-01-10 09:54:55,324] {logging_mixin.py:109} INFO - [2026-01-10 09:54:55,323] {dagbag.py:496} INFO - Filling up the DagBag from /home/airflow/.local/lib/python3.6/site-packages/airflow/example_dags/example_bash_operator.py
[2026-01-10 09:54:55,364] {processor.py:623} INFO - DAG(s) dict_keys(['example_bash_operator']) retrieved from /home/airflow/.local/lib/python3.6/site-packages/airflow/example_dags/example_bash_operator.py
[2026-01-10 09:54:55,476] {logging_mixin.py:109} INFO - [2026-01-10 09:54:55,476] {dag.py:1833} INFO - Sync 1 DAGs
[2026-01-10 09:54:55,550] {logging_mixin.py:109} INFO - [2026-01-10 09:54:55,550] {dag.py:2306} INFO - Setting next_dagrun for example_bash_operator to 2026-01-08 00:00:00+00:00
[2026-01-10 09:54:55,595] {processor.py:170} INFO - Processing /home/airflow/.local/lib/python3.6/site-packages/airflow/example_dags/example_bash_operator.py took 0.288 seconds
[2026-01-10 09:55:26,286] {processor.py:162} INFO - Started process (PID=2805) to work on /home/airflow/.local/lib/python3.6/site-packages/airflow/example_dags/example_bash_operator.py
[2026-01-10 09:55:26,289] {processor.py:613} INFO - Processing file /home/airflow/.local/lib/python3.6/site-packages/airflow/example_dags/example_bash_operator.py for tasks to queue
[2026-01-10 09:55:26,290] {logging_mixin.py:109} INFO - [2026-01-10 09:55:26,289] {dagbag.py:496} INFO - Filling up the DagBag from /home/airflow/.local/lib/python3.6/site-packages/airflow/example_dags/example_bash_operator.py
[2026-01-10 09:55:26,330] {processor.py:623} INFO - DAG(s) dict_keys(['example_bash_operator']) retrieved from /home/airflow/.local/lib/python3.6/site-packages/airflow/example_dags/example_bash_operator.py
[2026-01-10 09:55:26,371] {logging_mixin.py:109} INFO - [2026-01-10 09:55:26,371] {dag.py:1833} INFO - Sync 1 DAGs
[2026-01-10 09:55:26,416] {logging_mixin.py:109} INFO - [2026-01-10 09:55:26,416] {dag.py:2306} INFO - Setting next_dagrun for example_bash_operator to 2026-01-08 00:00:00+00:00
[2026-01-10 09:55:26,449] {processor.py:170} INFO - Processing /home/airflow/.local/lib/python3.6/site-packages/airflow/example_dags/example_bash_operator.py took 0.169 seconds
[2026-01-10 09:55:56,580] {processor.py:162} INFO - Started process (PID=2846) to work on /home/airflow/.local/lib/python3.6/site-packages/airflow/example_dags/example_bash_operator.py
[2026-01-10 09:55:56,582] {processor.py:613} INFO - Processing file /home/airflow/.local/lib/python3.6/site-packages/airflow/example_dags/example_bash_operator.py for tasks to queue
[2026-01-10 09:55:56,583] {logging_mixin.py:109} INFO - [2026-01-10 09:55:56,583] {dagbag.py:496} INFO - Filling up the DagBag from /home/airflow/.local/lib/python3.6/site-packages/airflow/example_dags/example_bash_operator.py
[2026-01-10 09:55:56,614] {processor.py:623} INFO - DAG(s) dict_keys(['example_bash_operator']) retrieved from /home/airflow/.local/lib/python3.6/site-packages/airflow/example_dags/example_bash_operator.py
[2026-01-10 09:55:56,652] {logging_mixin.py:109} INFO - [2026-01-10 09:55:56,652] {dag.py:1833} INFO - Sync 1 DAGs
[2026-01-10 09:55:56,690] {logging_mixin.py:109} INFO - [2026-01-10 09:55:56,690] {dag.py:2306} INFO - Setting next_dagrun for example_bash_operator to 2026-01-08 00:00:00+00:00
[2026-01-10 09:55:56,710] {processor.py:170} INFO - Processing /home/airflow/.local/lib/python3.6/site-packages/airflow/example_dags/example_bash_operator.py took 0.135 seconds
[2026-01-10 09:56:38,999] {processor.py:162} INFO - Started process (PID=2897) to work on /home/airflow/.local/lib/python3.6/site-packages/airflow/example_dags/example_bash_operator.py
[2026-01-10 09:56:39,008] {processor.py:613} INFO - Processing file /home/airflow/.local/lib/python3.6/site-packages/airflow/example_dags/example_bash_operator.py for tasks to queue
[2026-01-10 09:56:39,009] {logging_mixin.py:109} INFO - [2026-01-10 09:56:39,009] {dagbag.py:496} INFO - Filling up the DagBag from /home/airflow/.local/lib/python3.6/site-packages/airflow/example_dags/example_bash_operator.py
[2026-01-10 09:56:39,040] {processor.py:623} INFO - DAG(s) dict_keys(['example_bash_operator']) retrieved from /home/airflow/.local/lib/python3.6/site-packages/airflow/example_dags/example_bash_operator.py
[2026-01-10 09:56:39,127] {logging_mixin.py:109} INFO - [2026-01-10 09:56:39,127] {dag.py:1833} INFO - Sync 1 DAGs
[2026-01-10 09:56:39,191] {logging_mixin.py:109} INFO - [2026-01-10 09:56:39,191] {dag.py:2306} INFO - Setting next_dagrun for example_bash_operator to 2026-01-08 00:00:00+00:00
[2026-01-10 09:56:39,223] {processor.py:170} INFO - Processing /home/airflow/.local/lib/python3.6/site-packages/airflow/example_dags/example_bash_operator.py took 0.235 seconds
[2026-01-10 09:57:09,715] {processor.py:162} INFO - Started process (PID=2947) to work on /home/airflow/.local/lib/python3.6/site-packages/airflow/example_dags/example_bash_operator.py
[2026-01-10 09:57:09,718] {processor.py:613} INFO - Processing file /home/airflow/.local/lib/python3.6/site-packages/airflow/example_dags/example_bash_operator.py for tasks to queue
[2026-01-10 09:57:09,719] {logging_mixin.py:109} INFO - [2026-01-10 09:57:09,719] {dagbag.py:496} INFO - Filling up the DagBag from /home/airflow/.local/lib/python3.6/site-packages/airflow/example_dags/example_bash_operator.py
[2026-01-10 09:57:09,793] {processor.py:623} INFO - DAG(s) dict_keys(['example_bash_operator']) retrieved from /home/airflow/.local/lib/python3.6/site-packages/airflow/example_dags/example_bash_operator.py
[2026-01-10 09:57:09,907] {logging_mixin.py:109} INFO - [2026-01-10 09:57:09,907] {dag.py:1833} INFO - Sync 1 DAGs
[2026-01-10 09:57:09,958] {logging_mixin.py:109} INFO - [2026-01-10 09:57:09,958] {dag.py:2306} INFO - Setting next_dagrun for example_bash_operator to 2026-01-08 00:00:00+00:00
[2026-01-10 09:57:09,986] {processor.py:170} INFO - Processing /home/airflow/.local/lib/python3.6/site-packages/airflow/example_dags/example_bash_operator.py took 0.277 seconds
[2026-01-10 09:58:01,777] {processor.py:162} INFO - Started process (PID=2976) to work on /home/airflow/.local/lib/python3.6/site-packages/airflow/example_dags/example_bash_operator.py
[2026-01-10 09:58:01,780] {processor.py:613} INFO - Processing file /home/airflow/.local/lib/python3.6/site-packages/airflow/example_dags/example_bash_operator.py for tasks to queue
[2026-01-10 09:58:01,781] {logging_mixin.py:109} INFO - [2026-01-10 09:58:01,781] {dagbag.py:496} INFO - Filling up the DagBag from /home/airflow/.local/lib/python3.6/site-packages/airflow/example_dags/example_bash_operator.py
[2026-01-10 09:58:01,831] {processor.py:623} INFO - DAG(s) dict_keys(['example_bash_operator']) retrieved from /home/airflow/.local/lib/python3.6/site-packages/airflow/example_dags/example_bash_operator.py
[2026-01-10 09:58:02,113] {logging_mixin.py:109} INFO - [2026-01-10 09:58:02,113] {dag.py:1833} INFO - Sync 1 DAGs
[2026-01-10 09:58:02,149] {logging_mixin.py:109} INFO - [2026-01-10 09:58:02,149] {dag.py:2306} INFO - Setting next_dagrun for example_bash_operator to 2026-01-08 00:00:00+00:00
[2026-01-10 09:58:02,171] {processor.py:170} INFO - Processing /home/airflow/.local/lib/python3.6/site-packages/airflow/example_dags/example_bash_operator.py took 0.399 seconds
[2026-01-10 09:59:30,552] {processor.py:162} INFO - Started process (PID=3017) to work on /home/airflow/.local/lib/python3.6/site-packages/airflow/example_dags/example_bash_operator.py
[2026-01-10 09:59:30,554] {processor.py:613} INFO - Processing file /home/airflow/.local/lib/python3.6/site-packages/airflow/example_dags/example_bash_operator.py for tasks to queue
[2026-01-10 09:59:30,556] {logging_mixin.py:109} INFO - [2026-01-10 09:59:30,555] {dagbag.py:496} INFO - Filling up the DagBag from /home/airflow/.local/lib/python3.6/site-packages/airflow/example_dags/example_bash_operator.py
[2026-01-10 09:59:30,592] {processor.py:623} INFO - DAG(s) dict_keys(['example_bash_operator']) retrieved from /home/airflow/.local/lib/python3.6/site-packages/airflow/example_dags/example_bash_operator.py
[2026-01-10 09:59:30,851] {logging_mixin.py:109} INFO - [2026-01-10 09:59:30,850] {dag.py:1833} INFO - Sync 1 DAGs
[2026-01-10 09:59:30,891] {logging_mixin.py:109} INFO - [2026-01-10 09:59:30,891] {dag.py:2306} INFO - Setting next_dagrun for example_bash_operator to 2026-01-08 00:00:00+00:00
[2026-01-10 09:59:30,908] {processor.py:170} INFO - Processing /home/airflow/.local/lib/python3.6/site-packages/airflow/example_dags/example_bash_operator.py took 0.361 seconds
[2026-01-10 10:00:01,826] {processor.py:162} INFO - Started process (PID=3058) to work on /home/airflow/.local/lib/python3.6/site-packages/airflow/example_dags/example_bash_operator.py
[2026-01-10 10:00:01,829] {processor.py:613} INFO - Processing file /home/airflow/.local/lib/python3.6/site-packages/airflow/example_dags/example_bash_operator.py for tasks to queue
[2026-01-10 10:00:01,834] {logging_mixin.py:109} INFO - [2026-01-10 10:00:01,834] {dagbag.py:496} INFO - Filling up the DagBag from /home/airflow/.local/lib/python3.6/site-packages/airflow/example_dags/example_bash_operator.py
[2026-01-10 10:00:01,893] {processor.py:623} INFO - DAG(s) dict_keys(['example_bash_operator']) retrieved from /home/airflow/.local/lib/python3.6/site-packages/airflow/example_dags/example_bash_operator.py
[2026-01-10 10:00:01,930] {logging_mixin.py:109} INFO - [2026-01-10 10:00:01,930] {dag.py:1833} INFO - Sync 1 DAGs
[2026-01-10 10:00:01,969] {logging_mixin.py:109} INFO - [2026-01-10 10:00:01,965] {dag.py:2306} INFO - Setting next_dagrun for example_bash_operator to 2026-01-08 00:00:00+00:00
[2026-01-10 10:00:02,011] {processor.py:170} INFO - Processing /home/airflow/.local/lib/python3.6/site-packages/airflow/example_dags/example_bash_operator.py took 0.190 seconds
[2026-01-10 10:00:57,726] {processor.py:162} INFO - Started process (PID=3105) to work on /home/airflow/.local/lib/python3.6/site-packages/airflow/example_dags/example_bash_operator.py
[2026-01-10 10:00:57,728] {processor.py:613} INFO - Processing file /home/airflow/.local/lib/python3.6/site-packages/airflow/example_dags/example_bash_operator.py for tasks to queue
[2026-01-10 10:00:57,729] {logging_mixin.py:109} INFO - [2026-01-10 10:00:57,729] {dagbag.py:496} INFO - Filling up the DagBag from /home/airflow/.local/lib/python3.6/site-packages/airflow/example_dags/example_bash_operator.py
[2026-01-10 10:00:57,765] {processor.py:623} INFO - DAG(s) dict_keys(['example_bash_operator']) retrieved from /home/airflow/.local/lib/python3.6/site-packages/airflow/example_dags/example_bash_operator.py
[2026-01-10 10:00:57,862] {logging_mixin.py:109} INFO - [2026-01-10 10:00:57,862] {dag.py:1833} INFO - Sync 1 DAGs
[2026-01-10 10:00:57,899] {logging_mixin.py:109} INFO - [2026-01-10 10:00:57,898] {dag.py:2306} INFO - Setting next_dagrun for example_bash_operator to 2026-01-08 00:00:00+00:00
[2026-01-10 10:00:57,924] {processor.py:170} INFO - Processing /home/airflow/.local/lib/python3.6/site-packages/airflow/example_dags/example_bash_operator.py took 0.203 seconds
[2026-01-10 10:02:25,513] {processor.py:162} INFO - Started process (PID=3149) to work on /home/airflow/.local/lib/python3.6/site-packages/airflow/example_dags/example_bash_operator.py
[2026-01-10 10:02:25,518] {processor.py:613} INFO - Processing file /home/airflow/.local/lib/python3.6/site-packages/airflow/example_dags/example_bash_operator.py for tasks to queue
[2026-01-10 10:02:25,520] {logging_mixin.py:109} INFO - [2026-01-10 10:02:25,520] {dagbag.py:496} INFO - Filling up the DagBag from /home/airflow/.local/lib/python3.6/site-packages/airflow/example_dags/example_bash_operator.py
[2026-01-10 10:02:25,566] {processor.py:623} INFO - DAG(s) dict_keys(['example_bash_operator']) retrieved from /home/airflow/.local/lib/python3.6/site-packages/airflow/example_dags/example_bash_operator.py
[2026-01-10 10:02:25,764] {logging_mixin.py:109} INFO - [2026-01-10 10:02:25,764] {dag.py:1833} INFO - Sync 1 DAGs
[2026-01-10 10:02:25,797] {logging_mixin.py:109} INFO - [2026-01-10 10:02:25,797] {dag.py:2306} INFO - Setting next_dagrun for example_bash_operator to 2026-01-08 00:00:00+00:00
[2026-01-10 10:02:25,814] {processor.py:170} INFO - Processing /home/airflow/.local/lib/python3.6/site-packages/airflow/example_dags/example_bash_operator.py took 0.307 seconds
[2026-01-10 10:15:04,917] {processor.py:162} INFO - Started process (PID=57) to work on /home/airflow/.local/lib/python3.6/site-packages/airflow/example_dags/example_bash_operator.py
[2026-01-10 10:15:04,919] {processor.py:613} INFO - Processing file /home/airflow/.local/lib/python3.6/site-packages/airflow/example_dags/example_bash_operator.py for tasks to queue
[2026-01-10 10:15:04,920] {logging_mixin.py:109} INFO - [2026-01-10 10:15:04,920] {dagbag.py:496} INFO - Filling up the DagBag from /home/airflow/.local/lib/python3.6/site-packages/airflow/example_dags/example_bash_operator.py
[2026-01-10 10:15:04,992] {processor.py:623} INFO - DAG(s) dict_keys(['example_bash_operator']) retrieved from /home/airflow/.local/lib/python3.6/site-packages/airflow/example_dags/example_bash_operator.py
[2026-01-10 10:15:05,087] {logging_mixin.py:109} INFO - [2026-01-10 10:15:05,085] {dag.py:1833} INFO - Sync 1 DAGs
[2026-01-10 10:15:05,148] {logging_mixin.py:109} INFO - [2026-01-10 10:15:05,148] {dag.py:2306} INFO - Setting next_dagrun for example_bash_operator to 2026-01-08 00:00:00+00:00
[2026-01-10 10:15:05,197] {processor.py:170} INFO - Processing /home/airflow/.local/lib/python3.6/site-packages/airflow/example_dags/example_bash_operator.py took 0.291 seconds
[2026-01-10 10:15:35,277] {processor.py:162} INFO - Started process (PID=109) to work on /home/airflow/.local/lib/python3.6/site-packages/airflow/example_dags/example_bash_operator.py
[2026-01-10 10:15:35,278] {processor.py:613} INFO - Processing file /home/airflow/.local/lib/python3.6/site-packages/airflow/example_dags/example_bash_operator.py for tasks to queue
[2026-01-10 10:15:35,279] {logging_mixin.py:109} INFO - [2026-01-10 10:15:35,279] {dagbag.py:496} INFO - Filling up the DagBag from /home/airflow/.local/lib/python3.6/site-packages/airflow/example_dags/example_bash_operator.py
[2026-01-10 10:15:35,342] {processor.py:623} INFO - DAG(s) dict_keys(['example_bash_operator']) retrieved from /home/airflow/.local/lib/python3.6/site-packages/airflow/example_dags/example_bash_operator.py
[2026-01-10 10:15:35,407] {logging_mixin.py:109} INFO - [2026-01-10 10:15:35,407] {dag.py:1833} INFO - Sync 1 DAGs
[2026-01-10 10:15:35,454] {logging_mixin.py:109} INFO - [2026-01-10 10:15:35,454] {dag.py:2306} INFO - Setting next_dagrun for example_bash_operator to 2026-01-08 00:00:00+00:00
[2026-01-10 10:15:35,479] {processor.py:170} INFO - Processing /home/airflow/.local/lib/python3.6/site-packages/airflow/example_dags/example_bash_operator.py took 0.218 seconds
[2026-01-10 10:16:06,832] {processor.py:162} INFO - Started process (PID=159) to work on /home/airflow/.local/lib/python3.6/site-packages/airflow/example_dags/example_bash_operator.py
[2026-01-10 10:16:06,844] {processor.py:613} INFO - Processing file /home/airflow/.local/lib/python3.6/site-packages/airflow/example_dags/example_bash_operator.py for tasks to queue
[2026-01-10 10:16:06,844] {logging_mixin.py:109} INFO - [2026-01-10 10:16:06,844] {dagbag.py:496} INFO - Filling up the DagBag from /home/airflow/.local/lib/python3.6/site-packages/airflow/example_dags/example_bash_operator.py
[2026-01-10 10:16:06,971] {processor.py:623} INFO - DAG(s) dict_keys(['example_bash_operator']) retrieved from /home/airflow/.local/lib/python3.6/site-packages/airflow/example_dags/example_bash_operator.py
[2026-01-10 10:16:07,103] {logging_mixin.py:109} INFO - [2026-01-10 10:16:07,103] {dag.py:1833} INFO - Sync 1 DAGs
[2026-01-10 10:16:07,238] {logging_mixin.py:109} INFO - [2026-01-10 10:16:07,238] {dag.py:2306} INFO - Setting next_dagrun for example_bash_operator to 2026-01-08 00:00:00+00:00
[2026-01-10 10:16:07,297] {processor.py:170} INFO - Processing /home/airflow/.local/lib/python3.6/site-packages/airflow/example_dags/example_bash_operator.py took 0.484 seconds
[2026-01-10 10:16:38,173] {processor.py:162} INFO - Started process (PID=202) to work on /home/airflow/.local/lib/python3.6/site-packages/airflow/example_dags/example_bash_operator.py
[2026-01-10 10:16:38,178] {processor.py:613} INFO - Processing file /home/airflow/.local/lib/python3.6/site-packages/airflow/example_dags/example_bash_operator.py for tasks to queue
[2026-01-10 10:16:38,187] {logging_mixin.py:109} INFO - [2026-01-10 10:16:38,187] {dagbag.py:496} INFO - Filling up the DagBag from /home/airflow/.local/lib/python3.6/site-packages/airflow/example_dags/example_bash_operator.py
[2026-01-10 10:16:38,255] {processor.py:623} INFO - DAG(s) dict_keys(['example_bash_operator']) retrieved from /home/airflow/.local/lib/python3.6/site-packages/airflow/example_dags/example_bash_operator.py
[2026-01-10 10:16:38,366] {logging_mixin.py:109} INFO - [2026-01-10 10:16:38,365] {dag.py:1833} INFO - Sync 1 DAGs
[2026-01-10 10:16:38,413] {logging_mixin.py:109} INFO - [2026-01-10 10:16:38,413] {dag.py:2306} INFO - Setting next_dagrun for example_bash_operator to 2026-01-08 00:00:00+00:00
[2026-01-10 10:16:38,445] {processor.py:170} INFO - Processing /home/airflow/.local/lib/python3.6/site-packages/airflow/example_dags/example_bash_operator.py took 0.283 seconds
[2026-01-10 10:17:08,675] {processor.py:162} INFO - Started process (PID=254) to work on /home/airflow/.local/lib/python3.6/site-packages/airflow/example_dags/example_bash_operator.py
[2026-01-10 10:17:08,676] {processor.py:613} INFO - Processing file /home/airflow/.local/lib/python3.6/site-packages/airflow/example_dags/example_bash_operator.py for tasks to queue
[2026-01-10 10:17:08,679] {logging_mixin.py:109} INFO - [2026-01-10 10:17:08,677] {dagbag.py:496} INFO - Filling up the DagBag from /home/airflow/.local/lib/python3.6/site-packages/airflow/example_dags/example_bash_operator.py
[2026-01-10 10:17:08,719] {processor.py:623} INFO - DAG(s) dict_keys(['example_bash_operator']) retrieved from /home/airflow/.local/lib/python3.6/site-packages/airflow/example_dags/example_bash_operator.py
[2026-01-10 10:17:08,756] {logging_mixin.py:109} INFO - [2026-01-10 10:17:08,756] {dag.py:1833} INFO - Sync 1 DAGs
[2026-01-10 10:17:08,819] {logging_mixin.py:109} INFO - [2026-01-10 10:17:08,818] {dag.py:2306} INFO - Setting next_dagrun for example_bash_operator to 2026-01-08 00:00:00+00:00
[2026-01-10 10:17:08,839] {processor.py:170} INFO - Processing /home/airflow/.local/lib/python3.6/site-packages/airflow/example_dags/example_bash_operator.py took 0.178 seconds
[2026-01-10 10:17:39,537] {processor.py:162} INFO - Started process (PID=305) to work on /home/airflow/.local/lib/python3.6/site-packages/airflow/example_dags/example_bash_operator.py
[2026-01-10 10:17:39,539] {processor.py:613} INFO - Processing file /home/airflow/.local/lib/python3.6/site-packages/airflow/example_dags/example_bash_operator.py for tasks to queue
[2026-01-10 10:17:39,539] {logging_mixin.py:109} INFO - [2026-01-10 10:17:39,539] {dagbag.py:496} INFO - Filling up the DagBag from /home/airflow/.local/lib/python3.6/site-packages/airflow/example_dags/example_bash_operator.py
[2026-01-10 10:17:39,561] {processor.py:623} INFO - DAG(s) dict_keys(['example_bash_operator']) retrieved from /home/airflow/.local/lib/python3.6/site-packages/airflow/example_dags/example_bash_operator.py
[2026-01-10 10:17:39,593] {logging_mixin.py:109} INFO - [2026-01-10 10:17:39,593] {dag.py:1833} INFO - Sync 1 DAGs
[2026-01-10 10:17:39,618] {logging_mixin.py:109} INFO - [2026-01-10 10:17:39,618] {dag.py:2306} INFO - Setting next_dagrun for example_bash_operator to 2026-01-08 00:00:00+00:00
[2026-01-10 10:17:39,632] {processor.py:170} INFO - Processing /home/airflow/.local/lib/python3.6/site-packages/airflow/example_dags/example_bash_operator.py took 0.100 seconds
[2026-01-10 10:18:10,068] {processor.py:162} INFO - Started process (PID=357) to work on /home/airflow/.local/lib/python3.6/site-packages/airflow/example_dags/example_bash_operator.py
[2026-01-10 10:18:10,071] {processor.py:613} INFO - Processing file /home/airflow/.local/lib/python3.6/site-packages/airflow/example_dags/example_bash_operator.py for tasks to queue
[2026-01-10 10:18:10,075] {logging_mixin.py:109} INFO - [2026-01-10 10:18:10,073] {dagbag.py:496} INFO - Filling up the DagBag from /home/airflow/.local/lib/python3.6/site-packages/airflow/example_dags/example_bash_operator.py
[2026-01-10 10:18:10,221] {processor.py:623} INFO - DAG(s) dict_keys(['example_bash_operator']) retrieved from /home/airflow/.local/lib/python3.6/site-packages/airflow/example_dags/example_bash_operator.py
[2026-01-10 10:18:10,430] {logging_mixin.py:109} INFO - [2026-01-10 10:18:10,430] {dag.py:1833} INFO - Sync 1 DAGs
[2026-01-10 10:18:10,517] {logging_mixin.py:109} INFO - [2026-01-10 10:18:10,517] {dag.py:2306} INFO - Setting next_dagrun for example_bash_operator to 2026-01-08 00:00:00+00:00
[2026-01-10 10:18:10,598] {processor.py:170} INFO - Processing /home/airflow/.local/lib/python3.6/site-packages/airflow/example_dags/example_bash_operator.py took 0.539 seconds
[2026-01-10 10:18:41,338] {processor.py:162} INFO - Started process (PID=399) to work on /home/airflow/.local/lib/python3.6/site-packages/airflow/example_dags/example_bash_operator.py
[2026-01-10 10:18:41,339] {processor.py:613} INFO - Processing file /home/airflow/.local/lib/python3.6/site-packages/airflow/example_dags/example_bash_operator.py for tasks to queue
[2026-01-10 10:18:41,340] {logging_mixin.py:109} INFO - [2026-01-10 10:18:41,340] {dagbag.py:496} INFO - Filling up the DagBag from /home/airflow/.local/lib/python3.6/site-packages/airflow/example_dags/example_bash_operator.py
[2026-01-10 10:18:41,383] {processor.py:623} INFO - DAG(s) dict_keys(['example_bash_operator']) retrieved from /home/airflow/.local/lib/python3.6/site-packages/airflow/example_dags/example_bash_operator.py
[2026-01-10 10:18:41,424] {logging_mixin.py:109} INFO - [2026-01-10 10:18:41,424] {dag.py:1833} INFO - Sync 1 DAGs
[2026-01-10 10:18:41,456] {logging_mixin.py:109} INFO - [2026-01-10 10:18:41,456] {dag.py:2306} INFO - Setting next_dagrun for example_bash_operator to 2026-01-08 00:00:00+00:00
[2026-01-10 10:18:41,471] {processor.py:170} INFO - Processing /home/airflow/.local/lib/python3.6/site-packages/airflow/example_dags/example_bash_operator.py took 0.138 seconds
[2026-01-10 10:19:11,711] {processor.py:162} INFO - Started process (PID=456) to work on /home/airflow/.local/lib/python3.6/site-packages/airflow/example_dags/example_bash_operator.py
[2026-01-10 10:19:11,717] {processor.py:613} INFO - Processing file /home/airflow/.local/lib/python3.6/site-packages/airflow/example_dags/example_bash_operator.py for tasks to queue
[2026-01-10 10:19:11,718] {logging_mixin.py:109} INFO - [2026-01-10 10:19:11,718] {dagbag.py:496} INFO - Filling up the DagBag from /home/airflow/.local/lib/python3.6/site-packages/airflow/example_dags/example_bash_operator.py
[2026-01-10 10:19:11,745] {processor.py:623} INFO - DAG(s) dict_keys(['example_bash_operator']) retrieved from /home/airflow/.local/lib/python3.6/site-packages/airflow/example_dags/example_bash_operator.py
[2026-01-10 10:19:11,778] {logging_mixin.py:109} INFO - [2026-01-10 10:19:11,778] {dag.py:1833} INFO - Sync 1 DAGs
[2026-01-10 10:19:11,821] {logging_mixin.py:109} INFO - [2026-01-10 10:19:11,821] {dag.py:2306} INFO - Setting next_dagrun for example_bash_operator to 2026-01-08 00:00:00+00:00
[2026-01-10 10:19:11,836] {processor.py:170} INFO - Processing /home/airflow/.local/lib/python3.6/site-packages/airflow/example_dags/example_bash_operator.py took 0.136 seconds
[2026-01-10 10:19:42,454] {processor.py:162} INFO - Started process (PID=511) to work on /home/airflow/.local/lib/python3.6/site-packages/airflow/example_dags/example_bash_operator.py
[2026-01-10 10:19:42,455] {processor.py:613} INFO - Processing file /home/airflow/.local/lib/python3.6/site-packages/airflow/example_dags/example_bash_operator.py for tasks to queue
[2026-01-10 10:19:42,457] {logging_mixin.py:109} INFO - [2026-01-10 10:19:42,456] {dagbag.py:496} INFO - Filling up the DagBag from /home/airflow/.local/lib/python3.6/site-packages/airflow/example_dags/example_bash_operator.py
[2026-01-10 10:19:42,484] {processor.py:623} INFO - DAG(s) dict_keys(['example_bash_operator']) retrieved from /home/airflow/.local/lib/python3.6/site-packages/airflow/example_dags/example_bash_operator.py
[2026-01-10 10:19:42,518] {logging_mixin.py:109} INFO - [2026-01-10 10:19:42,518] {dag.py:1833} INFO - Sync 1 DAGs
[2026-01-10 10:19:42,550] {logging_mixin.py:109} INFO - [2026-01-10 10:19:42,550] {dag.py:2306} INFO - Setting next_dagrun for example_bash_operator to 2026-01-08 00:00:00+00:00
[2026-01-10 10:19:42,562] {processor.py:170} INFO - Processing /home/airflow/.local/lib/python3.6/site-packages/airflow/example_dags/example_bash_operator.py took 0.113 seconds
[2026-01-10 10:20:13,179] {processor.py:162} INFO - Started process (PID=563) to work on /home/airflow/.local/lib/python3.6/site-packages/airflow/example_dags/example_bash_operator.py
[2026-01-10 10:20:13,182] {processor.py:613} INFO - Processing file /home/airflow/.local/lib/python3.6/site-packages/airflow/example_dags/example_bash_operator.py for tasks to queue
[2026-01-10 10:20:13,184] {logging_mixin.py:109} INFO - [2026-01-10 10:20:13,184] {dagbag.py:496} INFO - Filling up the DagBag from /home/airflow/.local/lib/python3.6/site-packages/airflow/example_dags/example_bash_operator.py
[2026-01-10 10:20:13,215] {processor.py:623} INFO - DAG(s) dict_keys(['example_bash_operator']) retrieved from /home/airflow/.local/lib/python3.6/site-packages/airflow/example_dags/example_bash_operator.py
[2026-01-10 10:20:13,267] {logging_mixin.py:109} INFO - [2026-01-10 10:20:13,266] {dag.py:1833} INFO - Sync 1 DAGs
[2026-01-10 10:20:13,335] {logging_mixin.py:109} INFO - [2026-01-10 10:20:13,334] {dag.py:2306} INFO - Setting next_dagrun for example_bash_operator to 2026-01-08 00:00:00+00:00
[2026-01-10 10:20:13,358] {processor.py:170} INFO - Processing /home/airflow/.local/lib/python3.6/site-packages/airflow/example_dags/example_bash_operator.py took 0.184 seconds
