[2026-01-10 09:28:15,808] {processor.py:162} INFO - Started process (PID=172) to work on /home/airflow/.local/lib/python3.6/site-packages/airflow/example_dags/example_branch_python_dop_operator_3.py
[2026-01-10 09:28:15,811] {processor.py:613} INFO - Processing file /home/airflow/.local/lib/python3.6/site-packages/airflow/example_dags/example_branch_python_dop_operator_3.py for tasks to queue
[2026-01-10 09:28:15,814] {logging_mixin.py:109} INFO - [2026-01-10 09:28:15,814] {dagbag.py:496} INFO - Filling up the DagBag from /home/airflow/.local/lib/python3.6/site-packages/airflow/example_dags/example_branch_python_dop_operator_3.py
[2026-01-10 09:28:15,932] {processor.py:623} INFO - DAG(s) dict_keys(['example_branch_dop_operator_v3']) retrieved from /home/airflow/.local/lib/python3.6/site-packages/airflow/example_dags/example_branch_python_dop_operator_3.py
[2026-01-10 09:28:26,038] {logging_mixin.py:109} INFO - [2026-01-10 09:28:26,033] {dag.py:1833} INFO - Sync 1 DAGs
[2026-01-10 09:28:26,078] {logging_mixin.py:109} INFO - [2026-01-10 09:28:26,072] {dag.py:1852} INFO - Creating ORM DAG for example_branch_dop_operator_v3
[2026-01-10 09:28:26,199] {logging_mixin.py:109} INFO - [2026-01-10 09:28:26,199] {dag.py:2306} INFO - Setting next_dagrun for example_branch_dop_operator_v3 to 2026-01-08 00:00:00+00:00
[2026-01-10 09:28:26,270] {processor.py:170} INFO - Processing /home/airflow/.local/lib/python3.6/site-packages/airflow/example_dags/example_branch_python_dop_operator_3.py took 10.479 seconds
[2026-01-10 09:29:02,777] {processor.py:162} INFO - Started process (PID=281) to work on /home/airflow/.local/lib/python3.6/site-packages/airflow/example_dags/example_branch_python_dop_operator_3.py
[2026-01-10 09:29:02,780] {processor.py:613} INFO - Processing file /home/airflow/.local/lib/python3.6/site-packages/airflow/example_dags/example_branch_python_dop_operator_3.py for tasks to queue
[2026-01-10 09:29:02,781] {logging_mixin.py:109} INFO - [2026-01-10 09:29:02,781] {dagbag.py:496} INFO - Filling up the DagBag from /home/airflow/.local/lib/python3.6/site-packages/airflow/example_dags/example_branch_python_dop_operator_3.py
[2026-01-10 09:29:02,811] {processor.py:623} INFO - DAG(s) dict_keys(['example_branch_dop_operator_v3']) retrieved from /home/airflow/.local/lib/python3.6/site-packages/airflow/example_dags/example_branch_python_dop_operator_3.py
[2026-01-10 09:29:02,856] {logging_mixin.py:109} INFO - [2026-01-10 09:29:02,855] {dag.py:1833} INFO - Sync 1 DAGs
[2026-01-10 09:29:02,901] {logging_mixin.py:109} INFO - [2026-01-10 09:29:02,901] {dag.py:2306} INFO - Setting next_dagrun for example_branch_dop_operator_v3 to 2026-01-08 00:00:00+00:00
[2026-01-10 09:29:02,918] {processor.py:170} INFO - Processing /home/airflow/.local/lib/python3.6/site-packages/airflow/example_dags/example_branch_python_dop_operator_3.py took 0.146 seconds
[2026-01-10 09:29:33,680] {processor.py:162} INFO - Started process (PID=332) to work on /home/airflow/.local/lib/python3.6/site-packages/airflow/example_dags/example_branch_python_dop_operator_3.py
[2026-01-10 09:29:33,681] {processor.py:613} INFO - Processing file /home/airflow/.local/lib/python3.6/site-packages/airflow/example_dags/example_branch_python_dop_operator_3.py for tasks to queue
[2026-01-10 09:29:33,683] {logging_mixin.py:109} INFO - [2026-01-10 09:29:33,683] {dagbag.py:496} INFO - Filling up the DagBag from /home/airflow/.local/lib/python3.6/site-packages/airflow/example_dags/example_branch_python_dop_operator_3.py
[2026-01-10 09:29:33,708] {processor.py:623} INFO - DAG(s) dict_keys(['example_branch_dop_operator_v3']) retrieved from /home/airflow/.local/lib/python3.6/site-packages/airflow/example_dags/example_branch_python_dop_operator_3.py
[2026-01-10 09:29:33,741] {logging_mixin.py:109} INFO - [2026-01-10 09:29:33,741] {dag.py:1833} INFO - Sync 1 DAGs
[2026-01-10 09:29:33,778] {logging_mixin.py:109} INFO - [2026-01-10 09:29:33,778] {dag.py:2306} INFO - Setting next_dagrun for example_branch_dop_operator_v3 to 2026-01-08 00:00:00+00:00
[2026-01-10 09:29:33,800] {processor.py:170} INFO - Processing /home/airflow/.local/lib/python3.6/site-packages/airflow/example_dags/example_branch_python_dop_operator_3.py took 0.128 seconds
[2026-01-10 09:30:04,762] {processor.py:162} INFO - Started process (PID=382) to work on /home/airflow/.local/lib/python3.6/site-packages/airflow/example_dags/example_branch_python_dop_operator_3.py
[2026-01-10 09:30:04,764] {processor.py:613} INFO - Processing file /home/airflow/.local/lib/python3.6/site-packages/airflow/example_dags/example_branch_python_dop_operator_3.py for tasks to queue
[2026-01-10 09:30:04,765] {logging_mixin.py:109} INFO - [2026-01-10 09:30:04,765] {dagbag.py:496} INFO - Filling up the DagBag from /home/airflow/.local/lib/python3.6/site-packages/airflow/example_dags/example_branch_python_dop_operator_3.py
[2026-01-10 09:30:04,788] {processor.py:623} INFO - DAG(s) dict_keys(['example_branch_dop_operator_v3']) retrieved from /home/airflow/.local/lib/python3.6/site-packages/airflow/example_dags/example_branch_python_dop_operator_3.py
[2026-01-10 09:30:04,824] {logging_mixin.py:109} INFO - [2026-01-10 09:30:04,824] {dag.py:1833} INFO - Sync 1 DAGs
[2026-01-10 09:30:04,861] {logging_mixin.py:109} INFO - [2026-01-10 09:30:04,861] {dag.py:2306} INFO - Setting next_dagrun for example_branch_dop_operator_v3 to 2026-01-08 00:00:00+00:00
[2026-01-10 09:30:04,873] {processor.py:170} INFO - Processing /home/airflow/.local/lib/python3.6/site-packages/airflow/example_dags/example_branch_python_dop_operator_3.py took 0.116 seconds
[2026-01-10 09:30:35,344] {processor.py:162} INFO - Started process (PID=432) to work on /home/airflow/.local/lib/python3.6/site-packages/airflow/example_dags/example_branch_python_dop_operator_3.py
[2026-01-10 09:30:35,346] {processor.py:613} INFO - Processing file /home/airflow/.local/lib/python3.6/site-packages/airflow/example_dags/example_branch_python_dop_operator_3.py for tasks to queue
[2026-01-10 09:30:35,347] {logging_mixin.py:109} INFO - [2026-01-10 09:30:35,347] {dagbag.py:496} INFO - Filling up the DagBag from /home/airflow/.local/lib/python3.6/site-packages/airflow/example_dags/example_branch_python_dop_operator_3.py
[2026-01-10 09:30:35,372] {processor.py:623} INFO - DAG(s) dict_keys(['example_branch_dop_operator_v3']) retrieved from /home/airflow/.local/lib/python3.6/site-packages/airflow/example_dags/example_branch_python_dop_operator_3.py
[2026-01-10 09:30:35,415] {logging_mixin.py:109} INFO - [2026-01-10 09:30:35,415] {dag.py:1833} INFO - Sync 1 DAGs
[2026-01-10 09:30:35,477] {logging_mixin.py:109} INFO - [2026-01-10 09:30:35,476] {dag.py:2306} INFO - Setting next_dagrun for example_branch_dop_operator_v3 to 2026-01-08 00:00:00+00:00
[2026-01-10 09:30:35,491] {processor.py:170} INFO - Processing /home/airflow/.local/lib/python3.6/site-packages/airflow/example_dags/example_branch_python_dop_operator_3.py took 0.150 seconds
[2026-01-10 09:31:05,911] {processor.py:162} INFO - Started process (PID=491) to work on /home/airflow/.local/lib/python3.6/site-packages/airflow/example_dags/example_branch_python_dop_operator_3.py
[2026-01-10 09:31:05,913] {processor.py:613} INFO - Processing file /home/airflow/.local/lib/python3.6/site-packages/airflow/example_dags/example_branch_python_dop_operator_3.py for tasks to queue
[2026-01-10 09:31:05,914] {logging_mixin.py:109} INFO - [2026-01-10 09:31:05,914] {dagbag.py:496} INFO - Filling up the DagBag from /home/airflow/.local/lib/python3.6/site-packages/airflow/example_dags/example_branch_python_dop_operator_3.py
[2026-01-10 09:31:05,945] {processor.py:623} INFO - DAG(s) dict_keys(['example_branch_dop_operator_v3']) retrieved from /home/airflow/.local/lib/python3.6/site-packages/airflow/example_dags/example_branch_python_dop_operator_3.py
[2026-01-10 09:31:05,987] {logging_mixin.py:109} INFO - [2026-01-10 09:31:05,986] {dag.py:1833} INFO - Sync 1 DAGs
[2026-01-10 09:31:06,047] {logging_mixin.py:109} INFO - [2026-01-10 09:31:06,047] {dag.py:2306} INFO - Setting next_dagrun for example_branch_dop_operator_v3 to 2026-01-08 00:00:00+00:00
[2026-01-10 09:31:06,064] {processor.py:170} INFO - Processing /home/airflow/.local/lib/python3.6/site-packages/airflow/example_dags/example_branch_python_dop_operator_3.py took 0.158 seconds
[2026-01-10 09:31:36,522] {processor.py:162} INFO - Started process (PID=543) to work on /home/airflow/.local/lib/python3.6/site-packages/airflow/example_dags/example_branch_python_dop_operator_3.py
[2026-01-10 09:31:36,523] {processor.py:613} INFO - Processing file /home/airflow/.local/lib/python3.6/site-packages/airflow/example_dags/example_branch_python_dop_operator_3.py for tasks to queue
[2026-01-10 09:31:36,524] {logging_mixin.py:109} INFO - [2026-01-10 09:31:36,524] {dagbag.py:496} INFO - Filling up the DagBag from /home/airflow/.local/lib/python3.6/site-packages/airflow/example_dags/example_branch_python_dop_operator_3.py
[2026-01-10 09:31:36,560] {processor.py:623} INFO - DAG(s) dict_keys(['example_branch_dop_operator_v3']) retrieved from /home/airflow/.local/lib/python3.6/site-packages/airflow/example_dags/example_branch_python_dop_operator_3.py
[2026-01-10 09:31:36,605] {logging_mixin.py:109} INFO - [2026-01-10 09:31:36,605] {dag.py:1833} INFO - Sync 1 DAGs
[2026-01-10 09:31:36,668] {logging_mixin.py:109} INFO - [2026-01-10 09:31:36,668] {dag.py:2306} INFO - Setting next_dagrun for example_branch_dop_operator_v3 to 2026-01-08 00:00:00+00:00
[2026-01-10 09:31:36,695] {processor.py:170} INFO - Processing /home/airflow/.local/lib/python3.6/site-packages/airflow/example_dags/example_branch_python_dop_operator_3.py took 0.179 seconds
[2026-01-10 09:32:07,669] {processor.py:162} INFO - Started process (PID=594) to work on /home/airflow/.local/lib/python3.6/site-packages/airflow/example_dags/example_branch_python_dop_operator_3.py
[2026-01-10 09:32:07,672] {processor.py:613} INFO - Processing file /home/airflow/.local/lib/python3.6/site-packages/airflow/example_dags/example_branch_python_dop_operator_3.py for tasks to queue
[2026-01-10 09:32:07,674] {logging_mixin.py:109} INFO - [2026-01-10 09:32:07,674] {dagbag.py:496} INFO - Filling up the DagBag from /home/airflow/.local/lib/python3.6/site-packages/airflow/example_dags/example_branch_python_dop_operator_3.py
[2026-01-10 09:32:07,706] {processor.py:623} INFO - DAG(s) dict_keys(['example_branch_dop_operator_v3']) retrieved from /home/airflow/.local/lib/python3.6/site-packages/airflow/example_dags/example_branch_python_dop_operator_3.py
[2026-01-10 09:32:07,746] {logging_mixin.py:109} INFO - [2026-01-10 09:32:07,745] {dag.py:1833} INFO - Sync 1 DAGs
[2026-01-10 09:32:07,797] {logging_mixin.py:109} INFO - [2026-01-10 09:32:07,797] {dag.py:2306} INFO - Setting next_dagrun for example_branch_dop_operator_v3 to 2026-01-08 00:00:00+00:00
[2026-01-10 09:32:07,813] {processor.py:170} INFO - Processing /home/airflow/.local/lib/python3.6/site-packages/airflow/example_dags/example_branch_python_dop_operator_3.py took 0.149 seconds
[2026-01-10 09:32:37,875] {processor.py:162} INFO - Started process (PID=645) to work on /home/airflow/.local/lib/python3.6/site-packages/airflow/example_dags/example_branch_python_dop_operator_3.py
[2026-01-10 09:32:37,876] {processor.py:613} INFO - Processing file /home/airflow/.local/lib/python3.6/site-packages/airflow/example_dags/example_branch_python_dop_operator_3.py for tasks to queue
[2026-01-10 09:32:37,877] {logging_mixin.py:109} INFO - [2026-01-10 09:32:37,877] {dagbag.py:496} INFO - Filling up the DagBag from /home/airflow/.local/lib/python3.6/site-packages/airflow/example_dags/example_branch_python_dop_operator_3.py
[2026-01-10 09:32:37,907] {processor.py:623} INFO - DAG(s) dict_keys(['example_branch_dop_operator_v3']) retrieved from /home/airflow/.local/lib/python3.6/site-packages/airflow/example_dags/example_branch_python_dop_operator_3.py
[2026-01-10 09:32:37,944] {logging_mixin.py:109} INFO - [2026-01-10 09:32:37,944] {dag.py:1833} INFO - Sync 1 DAGs
[2026-01-10 09:32:37,999] {logging_mixin.py:109} INFO - [2026-01-10 09:32:37,999] {dag.py:2306} INFO - Setting next_dagrun for example_branch_dop_operator_v3 to 2026-01-08 00:00:00+00:00
[2026-01-10 09:32:38,018] {processor.py:170} INFO - Processing /home/airflow/.local/lib/python3.6/site-packages/airflow/example_dags/example_branch_python_dop_operator_3.py took 0.149 seconds
[2026-01-10 09:33:08,894] {processor.py:162} INFO - Started process (PID=696) to work on /home/airflow/.local/lib/python3.6/site-packages/airflow/example_dags/example_branch_python_dop_operator_3.py
[2026-01-10 09:33:08,895] {processor.py:613} INFO - Processing file /home/airflow/.local/lib/python3.6/site-packages/airflow/example_dags/example_branch_python_dop_operator_3.py for tasks to queue
[2026-01-10 09:33:08,898] {logging_mixin.py:109} INFO - [2026-01-10 09:33:08,898] {dagbag.py:496} INFO - Filling up the DagBag from /home/airflow/.local/lib/python3.6/site-packages/airflow/example_dags/example_branch_python_dop_operator_3.py
[2026-01-10 09:33:08,943] {processor.py:623} INFO - DAG(s) dict_keys(['example_branch_dop_operator_v3']) retrieved from /home/airflow/.local/lib/python3.6/site-packages/airflow/example_dags/example_branch_python_dop_operator_3.py
[2026-01-10 09:33:09,014] {logging_mixin.py:109} INFO - [2026-01-10 09:33:09,014] {dag.py:1833} INFO - Sync 1 DAGs
[2026-01-10 09:33:09,123] {logging_mixin.py:109} INFO - [2026-01-10 09:33:09,120] {dag.py:2306} INFO - Setting next_dagrun for example_branch_dop_operator_v3 to 2026-01-08 00:00:00+00:00
[2026-01-10 09:33:09,163] {processor.py:170} INFO - Processing /home/airflow/.local/lib/python3.6/site-packages/airflow/example_dags/example_branch_python_dop_operator_3.py took 0.278 seconds
[2026-01-10 09:33:39,603] {processor.py:162} INFO - Started process (PID=746) to work on /home/airflow/.local/lib/python3.6/site-packages/airflow/example_dags/example_branch_python_dop_operator_3.py
[2026-01-10 09:33:39,605] {processor.py:613} INFO - Processing file /home/airflow/.local/lib/python3.6/site-packages/airflow/example_dags/example_branch_python_dop_operator_3.py for tasks to queue
[2026-01-10 09:33:39,606] {logging_mixin.py:109} INFO - [2026-01-10 09:33:39,605] {dagbag.py:496} INFO - Filling up the DagBag from /home/airflow/.local/lib/python3.6/site-packages/airflow/example_dags/example_branch_python_dop_operator_3.py
[2026-01-10 09:33:39,633] {processor.py:623} INFO - DAG(s) dict_keys(['example_branch_dop_operator_v3']) retrieved from /home/airflow/.local/lib/python3.6/site-packages/airflow/example_dags/example_branch_python_dop_operator_3.py
[2026-01-10 09:33:39,667] {logging_mixin.py:109} INFO - [2026-01-10 09:33:39,667] {dag.py:1833} INFO - Sync 1 DAGs
[2026-01-10 09:33:39,723] {logging_mixin.py:109} INFO - [2026-01-10 09:33:39,723] {dag.py:2306} INFO - Setting next_dagrun for example_branch_dop_operator_v3 to 2026-01-08 00:00:00+00:00
[2026-01-10 09:33:39,739] {processor.py:170} INFO - Processing /home/airflow/.local/lib/python3.6/site-packages/airflow/example_dags/example_branch_python_dop_operator_3.py took 0.142 seconds
[2026-01-10 09:34:09,849] {processor.py:162} INFO - Started process (PID=804) to work on /home/airflow/.local/lib/python3.6/site-packages/airflow/example_dags/example_branch_python_dop_operator_3.py
[2026-01-10 09:34:09,851] {processor.py:613} INFO - Processing file /home/airflow/.local/lib/python3.6/site-packages/airflow/example_dags/example_branch_python_dop_operator_3.py for tasks to queue
[2026-01-10 09:34:09,852] {logging_mixin.py:109} INFO - [2026-01-10 09:34:09,852] {dagbag.py:496} INFO - Filling up the DagBag from /home/airflow/.local/lib/python3.6/site-packages/airflow/example_dags/example_branch_python_dop_operator_3.py
[2026-01-10 09:34:09,874] {processor.py:623} INFO - DAG(s) dict_keys(['example_branch_dop_operator_v3']) retrieved from /home/airflow/.local/lib/python3.6/site-packages/airflow/example_dags/example_branch_python_dop_operator_3.py
[2026-01-10 09:34:09,903] {logging_mixin.py:109} INFO - [2026-01-10 09:34:09,903] {dag.py:1833} INFO - Sync 1 DAGs
[2026-01-10 09:34:09,941] {logging_mixin.py:109} INFO - [2026-01-10 09:34:09,941] {dag.py:2306} INFO - Setting next_dagrun for example_branch_dop_operator_v3 to 2026-01-08 00:00:00+00:00
[2026-01-10 09:34:09,958] {processor.py:170} INFO - Processing /home/airflow/.local/lib/python3.6/site-packages/airflow/example_dags/example_branch_python_dop_operator_3.py took 0.114 seconds
[2026-01-10 09:34:40,837] {processor.py:162} INFO - Started process (PID=858) to work on /home/airflow/.local/lib/python3.6/site-packages/airflow/example_dags/example_branch_python_dop_operator_3.py
[2026-01-10 09:34:40,839] {processor.py:613} INFO - Processing file /home/airflow/.local/lib/python3.6/site-packages/airflow/example_dags/example_branch_python_dop_operator_3.py for tasks to queue
[2026-01-10 09:34:40,840] {logging_mixin.py:109} INFO - [2026-01-10 09:34:40,839] {dagbag.py:496} INFO - Filling up the DagBag from /home/airflow/.local/lib/python3.6/site-packages/airflow/example_dags/example_branch_python_dop_operator_3.py
[2026-01-10 09:34:40,865] {processor.py:623} INFO - DAG(s) dict_keys(['example_branch_dop_operator_v3']) retrieved from /home/airflow/.local/lib/python3.6/site-packages/airflow/example_dags/example_branch_python_dop_operator_3.py
[2026-01-10 09:34:40,897] {logging_mixin.py:109} INFO - [2026-01-10 09:34:40,897] {dag.py:1833} INFO - Sync 1 DAGs
[2026-01-10 09:34:40,949] {logging_mixin.py:109} INFO - [2026-01-10 09:34:40,949] {dag.py:2306} INFO - Setting next_dagrun for example_branch_dop_operator_v3 to 2026-01-08 00:00:00+00:00
[2026-01-10 09:34:40,977] {processor.py:170} INFO - Processing /home/airflow/.local/lib/python3.6/site-packages/airflow/example_dags/example_branch_python_dop_operator_3.py took 0.145 seconds
[2026-01-10 09:35:11,230] {processor.py:162} INFO - Started process (PID=909) to work on /home/airflow/.local/lib/python3.6/site-packages/airflow/example_dags/example_branch_python_dop_operator_3.py
[2026-01-10 09:35:11,232] {processor.py:613} INFO - Processing file /home/airflow/.local/lib/python3.6/site-packages/airflow/example_dags/example_branch_python_dop_operator_3.py for tasks to queue
[2026-01-10 09:35:11,233] {logging_mixin.py:109} INFO - [2026-01-10 09:35:11,232] {dagbag.py:496} INFO - Filling up the DagBag from /home/airflow/.local/lib/python3.6/site-packages/airflow/example_dags/example_branch_python_dop_operator_3.py
[2026-01-10 09:35:11,264] {processor.py:623} INFO - DAG(s) dict_keys(['example_branch_dop_operator_v3']) retrieved from /home/airflow/.local/lib/python3.6/site-packages/airflow/example_dags/example_branch_python_dop_operator_3.py
[2026-01-10 09:35:11,302] {logging_mixin.py:109} INFO - [2026-01-10 09:35:11,302] {dag.py:1833} INFO - Sync 1 DAGs
[2026-01-10 09:35:11,351] {logging_mixin.py:109} INFO - [2026-01-10 09:35:11,351] {dag.py:2306} INFO - Setting next_dagrun for example_branch_dop_operator_v3 to 2026-01-08 00:00:00+00:00
[2026-01-10 09:35:11,365] {processor.py:170} INFO - Processing /home/airflow/.local/lib/python3.6/site-packages/airflow/example_dags/example_branch_python_dop_operator_3.py took 0.141 seconds
[2026-01-10 09:35:41,731] {processor.py:162} INFO - Started process (PID=960) to work on /home/airflow/.local/lib/python3.6/site-packages/airflow/example_dags/example_branch_python_dop_operator_3.py
[2026-01-10 09:35:41,733] {processor.py:613} INFO - Processing file /home/airflow/.local/lib/python3.6/site-packages/airflow/example_dags/example_branch_python_dop_operator_3.py for tasks to queue
[2026-01-10 09:35:41,734] {logging_mixin.py:109} INFO - [2026-01-10 09:35:41,734] {dagbag.py:496} INFO - Filling up the DagBag from /home/airflow/.local/lib/python3.6/site-packages/airflow/example_dags/example_branch_python_dop_operator_3.py
[2026-01-10 09:35:41,771] {processor.py:623} INFO - DAG(s) dict_keys(['example_branch_dop_operator_v3']) retrieved from /home/airflow/.local/lib/python3.6/site-packages/airflow/example_dags/example_branch_python_dop_operator_3.py
[2026-01-10 09:35:41,824] {logging_mixin.py:109} INFO - [2026-01-10 09:35:41,823] {dag.py:1833} INFO - Sync 1 DAGs
[2026-01-10 09:35:41,871] {logging_mixin.py:109} INFO - [2026-01-10 09:35:41,871] {dag.py:2306} INFO - Setting next_dagrun for example_branch_dop_operator_v3 to 2026-01-08 00:00:00+00:00
[2026-01-10 09:35:41,894] {processor.py:170} INFO - Processing /home/airflow/.local/lib/python3.6/site-packages/airflow/example_dags/example_branch_python_dop_operator_3.py took 0.167 seconds
[2026-01-10 09:36:12,217] {processor.py:162} INFO - Started process (PID=1011) to work on /home/airflow/.local/lib/python3.6/site-packages/airflow/example_dags/example_branch_python_dop_operator_3.py
[2026-01-10 09:36:12,225] {processor.py:613} INFO - Processing file /home/airflow/.local/lib/python3.6/site-packages/airflow/example_dags/example_branch_python_dop_operator_3.py for tasks to queue
[2026-01-10 09:36:12,228] {logging_mixin.py:109} INFO - [2026-01-10 09:36:12,228] {dagbag.py:496} INFO - Filling up the DagBag from /home/airflow/.local/lib/python3.6/site-packages/airflow/example_dags/example_branch_python_dop_operator_3.py
[2026-01-10 09:36:12,262] {processor.py:623} INFO - DAG(s) dict_keys(['example_branch_dop_operator_v3']) retrieved from /home/airflow/.local/lib/python3.6/site-packages/airflow/example_dags/example_branch_python_dop_operator_3.py
[2026-01-10 09:36:12,331] {logging_mixin.py:109} INFO - [2026-01-10 09:36:12,330] {dag.py:1833} INFO - Sync 1 DAGs
[2026-01-10 09:36:12,403] {logging_mixin.py:109} INFO - [2026-01-10 09:36:12,403] {dag.py:2306} INFO - Setting next_dagrun for example_branch_dop_operator_v3 to 2026-01-08 00:00:00+00:00
[2026-01-10 09:36:12,422] {processor.py:170} INFO - Processing /home/airflow/.local/lib/python3.6/site-packages/airflow/example_dags/example_branch_python_dop_operator_3.py took 0.223 seconds
[2026-01-10 09:36:43,081] {processor.py:162} INFO - Started process (PID=1060) to work on /home/airflow/.local/lib/python3.6/site-packages/airflow/example_dags/example_branch_python_dop_operator_3.py
[2026-01-10 09:36:43,089] {processor.py:613} INFO - Processing file /home/airflow/.local/lib/python3.6/site-packages/airflow/example_dags/example_branch_python_dop_operator_3.py for tasks to queue
[2026-01-10 09:36:43,096] {logging_mixin.py:109} INFO - [2026-01-10 09:36:43,095] {dagbag.py:496} INFO - Filling up the DagBag from /home/airflow/.local/lib/python3.6/site-packages/airflow/example_dags/example_branch_python_dop_operator_3.py
[2026-01-10 09:36:43,161] {processor.py:623} INFO - DAG(s) dict_keys(['example_branch_dop_operator_v3']) retrieved from /home/airflow/.local/lib/python3.6/site-packages/airflow/example_dags/example_branch_python_dop_operator_3.py
[2026-01-10 09:36:43,294] {logging_mixin.py:109} INFO - [2026-01-10 09:36:43,294] {dag.py:1833} INFO - Sync 1 DAGs
[2026-01-10 09:36:43,514] {logging_mixin.py:109} INFO - [2026-01-10 09:36:43,514] {dag.py:2306} INFO - Setting next_dagrun for example_branch_dop_operator_v3 to 2026-01-08 00:00:00+00:00
[2026-01-10 09:36:43,599] {processor.py:170} INFO - Processing /home/airflow/.local/lib/python3.6/site-packages/airflow/example_dags/example_branch_python_dop_operator_3.py took 0.534 seconds
[2026-01-10 09:37:14,029] {processor.py:162} INFO - Started process (PID=1103) to work on /home/airflow/.local/lib/python3.6/site-packages/airflow/example_dags/example_branch_python_dop_operator_3.py
[2026-01-10 09:37:14,036] {processor.py:613} INFO - Processing file /home/airflow/.local/lib/python3.6/site-packages/airflow/example_dags/example_branch_python_dop_operator_3.py for tasks to queue
[2026-01-10 09:37:14,037] {logging_mixin.py:109} INFO - [2026-01-10 09:37:14,037] {dagbag.py:496} INFO - Filling up the DagBag from /home/airflow/.local/lib/python3.6/site-packages/airflow/example_dags/example_branch_python_dop_operator_3.py
[2026-01-10 09:37:14,134] {processor.py:623} INFO - DAG(s) dict_keys(['example_branch_dop_operator_v3']) retrieved from /home/airflow/.local/lib/python3.6/site-packages/airflow/example_dags/example_branch_python_dop_operator_3.py
[2026-01-10 09:37:14,287] {logging_mixin.py:109} INFO - [2026-01-10 09:37:14,286] {dag.py:1833} INFO - Sync 1 DAGs
[2026-01-10 09:37:14,543] {logging_mixin.py:109} INFO - [2026-01-10 09:37:14,542] {dag.py:2306} INFO - Setting next_dagrun for example_branch_dop_operator_v3 to 2026-01-08 00:00:00+00:00
[2026-01-10 09:37:14,611] {processor.py:170} INFO - Processing /home/airflow/.local/lib/python3.6/site-packages/airflow/example_dags/example_branch_python_dop_operator_3.py took 0.601 seconds
[2026-01-10 09:37:44,773] {processor.py:162} INFO - Started process (PID=1152) to work on /home/airflow/.local/lib/python3.6/site-packages/airflow/example_dags/example_branch_python_dop_operator_3.py
[2026-01-10 09:37:44,778] {processor.py:613} INFO - Processing file /home/airflow/.local/lib/python3.6/site-packages/airflow/example_dags/example_branch_python_dop_operator_3.py for tasks to queue
[2026-01-10 09:37:44,780] {logging_mixin.py:109} INFO - [2026-01-10 09:37:44,778] {dagbag.py:496} INFO - Filling up the DagBag from /home/airflow/.local/lib/python3.6/site-packages/airflow/example_dags/example_branch_python_dop_operator_3.py
[2026-01-10 09:37:44,845] {processor.py:623} INFO - DAG(s) dict_keys(['example_branch_dop_operator_v3']) retrieved from /home/airflow/.local/lib/python3.6/site-packages/airflow/example_dags/example_branch_python_dop_operator_3.py
[2026-01-10 09:37:44,911] {logging_mixin.py:109} INFO - [2026-01-10 09:37:44,911] {dag.py:1833} INFO - Sync 1 DAGs
[2026-01-10 09:37:44,960] {logging_mixin.py:109} INFO - [2026-01-10 09:37:44,960] {dag.py:2306} INFO - Setting next_dagrun for example_branch_dop_operator_v3 to 2026-01-08 00:00:00+00:00
[2026-01-10 09:37:44,986] {processor.py:170} INFO - Processing /home/airflow/.local/lib/python3.6/site-packages/airflow/example_dags/example_branch_python_dop_operator_3.py took 0.227 seconds
[2026-01-10 09:38:15,192] {processor.py:162} INFO - Started process (PID=1203) to work on /home/airflow/.local/lib/python3.6/site-packages/airflow/example_dags/example_branch_python_dop_operator_3.py
[2026-01-10 09:38:15,196] {processor.py:613} INFO - Processing file /home/airflow/.local/lib/python3.6/site-packages/airflow/example_dags/example_branch_python_dop_operator_3.py for tasks to queue
[2026-01-10 09:38:15,203] {logging_mixin.py:109} INFO - [2026-01-10 09:38:15,202] {dagbag.py:496} INFO - Filling up the DagBag from /home/airflow/.local/lib/python3.6/site-packages/airflow/example_dags/example_branch_python_dop_operator_3.py
[2026-01-10 09:38:15,236] {processor.py:623} INFO - DAG(s) dict_keys(['example_branch_dop_operator_v3']) retrieved from /home/airflow/.local/lib/python3.6/site-packages/airflow/example_dags/example_branch_python_dop_operator_3.py
[2026-01-10 09:38:15,274] {logging_mixin.py:109} INFO - [2026-01-10 09:38:15,274] {dag.py:1833} INFO - Sync 1 DAGs
[2026-01-10 09:38:15,322] {logging_mixin.py:109} INFO - [2026-01-10 09:38:15,322] {dag.py:2306} INFO - Setting next_dagrun for example_branch_dop_operator_v3 to 2026-01-08 00:00:00+00:00
[2026-01-10 09:38:15,378] {processor.py:170} INFO - Processing /home/airflow/.local/lib/python3.6/site-packages/airflow/example_dags/example_branch_python_dop_operator_3.py took 0.199 seconds
[2026-01-10 09:38:45,580] {processor.py:162} INFO - Started process (PID=1253) to work on /home/airflow/.local/lib/python3.6/site-packages/airflow/example_dags/example_branch_python_dop_operator_3.py
[2026-01-10 09:38:45,582] {processor.py:613} INFO - Processing file /home/airflow/.local/lib/python3.6/site-packages/airflow/example_dags/example_branch_python_dop_operator_3.py for tasks to queue
[2026-01-10 09:38:45,584] {logging_mixin.py:109} INFO - [2026-01-10 09:38:45,584] {dagbag.py:496} INFO - Filling up the DagBag from /home/airflow/.local/lib/python3.6/site-packages/airflow/example_dags/example_branch_python_dop_operator_3.py
[2026-01-10 09:38:45,617] {processor.py:623} INFO - DAG(s) dict_keys(['example_branch_dop_operator_v3']) retrieved from /home/airflow/.local/lib/python3.6/site-packages/airflow/example_dags/example_branch_python_dop_operator_3.py
[2026-01-10 09:38:45,654] {logging_mixin.py:109} INFO - [2026-01-10 09:38:45,654] {dag.py:1833} INFO - Sync 1 DAGs
[2026-01-10 09:38:45,738] {logging_mixin.py:109} INFO - [2026-01-10 09:38:45,738] {dag.py:2306} INFO - Setting next_dagrun for example_branch_dop_operator_v3 to 2026-01-08 00:00:00+00:00
[2026-01-10 09:38:45,755] {processor.py:170} INFO - Processing /home/airflow/.local/lib/python3.6/site-packages/airflow/example_dags/example_branch_python_dop_operator_3.py took 0.180 seconds
[2026-01-10 09:39:16,031] {processor.py:162} INFO - Started process (PID=1304) to work on /home/airflow/.local/lib/python3.6/site-packages/airflow/example_dags/example_branch_python_dop_operator_3.py
[2026-01-10 09:39:16,034] {processor.py:613} INFO - Processing file /home/airflow/.local/lib/python3.6/site-packages/airflow/example_dags/example_branch_python_dop_operator_3.py for tasks to queue
[2026-01-10 09:39:16,035] {logging_mixin.py:109} INFO - [2026-01-10 09:39:16,034] {dagbag.py:496} INFO - Filling up the DagBag from /home/airflow/.local/lib/python3.6/site-packages/airflow/example_dags/example_branch_python_dop_operator_3.py
[2026-01-10 09:39:16,069] {processor.py:623} INFO - DAG(s) dict_keys(['example_branch_dop_operator_v3']) retrieved from /home/airflow/.local/lib/python3.6/site-packages/airflow/example_dags/example_branch_python_dop_operator_3.py
[2026-01-10 09:39:16,180] {logging_mixin.py:109} INFO - [2026-01-10 09:39:16,180] {dag.py:1833} INFO - Sync 1 DAGs
[2026-01-10 09:39:16,238] {logging_mixin.py:109} INFO - [2026-01-10 09:39:16,238] {dag.py:2306} INFO - Setting next_dagrun for example_branch_dop_operator_v3 to 2026-01-08 00:00:00+00:00
[2026-01-10 09:39:16,259] {processor.py:170} INFO - Processing /home/airflow/.local/lib/python3.6/site-packages/airflow/example_dags/example_branch_python_dop_operator_3.py took 0.249 seconds
[2026-01-10 09:39:46,666] {processor.py:162} INFO - Started process (PID=1363) to work on /home/airflow/.local/lib/python3.6/site-packages/airflow/example_dags/example_branch_python_dop_operator_3.py
[2026-01-10 09:39:46,668] {processor.py:613} INFO - Processing file /home/airflow/.local/lib/python3.6/site-packages/airflow/example_dags/example_branch_python_dop_operator_3.py for tasks to queue
[2026-01-10 09:39:46,669] {logging_mixin.py:109} INFO - [2026-01-10 09:39:46,669] {dagbag.py:496} INFO - Filling up the DagBag from /home/airflow/.local/lib/python3.6/site-packages/airflow/example_dags/example_branch_python_dop_operator_3.py
[2026-01-10 09:39:46,697] {processor.py:623} INFO - DAG(s) dict_keys(['example_branch_dop_operator_v3']) retrieved from /home/airflow/.local/lib/python3.6/site-packages/airflow/example_dags/example_branch_python_dop_operator_3.py
[2026-01-10 09:39:46,736] {logging_mixin.py:109} INFO - [2026-01-10 09:39:46,735] {dag.py:1833} INFO - Sync 1 DAGs
[2026-01-10 09:39:46,797] {logging_mixin.py:109} INFO - [2026-01-10 09:39:46,797] {dag.py:2306} INFO - Setting next_dagrun for example_branch_dop_operator_v3 to 2026-01-08 00:00:00+00:00
[2026-01-10 09:39:46,818] {processor.py:170} INFO - Processing /home/airflow/.local/lib/python3.6/site-packages/airflow/example_dags/example_branch_python_dop_operator_3.py took 0.157 seconds
[2026-01-10 09:40:17,055] {processor.py:162} INFO - Started process (PID=1414) to work on /home/airflow/.local/lib/python3.6/site-packages/airflow/example_dags/example_branch_python_dop_operator_3.py
[2026-01-10 09:40:17,057] {processor.py:613} INFO - Processing file /home/airflow/.local/lib/python3.6/site-packages/airflow/example_dags/example_branch_python_dop_operator_3.py for tasks to queue
[2026-01-10 09:40:17,058] {logging_mixin.py:109} INFO - [2026-01-10 09:40:17,057] {dagbag.py:496} INFO - Filling up the DagBag from /home/airflow/.local/lib/python3.6/site-packages/airflow/example_dags/example_branch_python_dop_operator_3.py
[2026-01-10 09:40:17,081] {processor.py:623} INFO - DAG(s) dict_keys(['example_branch_dop_operator_v3']) retrieved from /home/airflow/.local/lib/python3.6/site-packages/airflow/example_dags/example_branch_python_dop_operator_3.py
[2026-01-10 09:40:17,111] {logging_mixin.py:109} INFO - [2026-01-10 09:40:17,111] {dag.py:1833} INFO - Sync 1 DAGs
[2026-01-10 09:40:17,154] {logging_mixin.py:109} INFO - [2026-01-10 09:40:17,154] {dag.py:2306} INFO - Setting next_dagrun for example_branch_dop_operator_v3 to 2026-01-08 00:00:00+00:00
[2026-01-10 09:40:17,167] {processor.py:170} INFO - Processing /home/airflow/.local/lib/python3.6/site-packages/airflow/example_dags/example_branch_python_dop_operator_3.py took 0.118 seconds
[2026-01-10 09:40:47,231] {processor.py:162} INFO - Started process (PID=1464) to work on /home/airflow/.local/lib/python3.6/site-packages/airflow/example_dags/example_branch_python_dop_operator_3.py
[2026-01-10 09:40:47,234] {processor.py:613} INFO - Processing file /home/airflow/.local/lib/python3.6/site-packages/airflow/example_dags/example_branch_python_dop_operator_3.py for tasks to queue
[2026-01-10 09:40:47,235] {logging_mixin.py:109} INFO - [2026-01-10 09:40:47,235] {dagbag.py:496} INFO - Filling up the DagBag from /home/airflow/.local/lib/python3.6/site-packages/airflow/example_dags/example_branch_python_dop_operator_3.py
[2026-01-10 09:40:47,264] {processor.py:623} INFO - DAG(s) dict_keys(['example_branch_dop_operator_v3']) retrieved from /home/airflow/.local/lib/python3.6/site-packages/airflow/example_dags/example_branch_python_dop_operator_3.py
[2026-01-10 09:40:47,299] {logging_mixin.py:109} INFO - [2026-01-10 09:40:47,298] {dag.py:1833} INFO - Sync 1 DAGs
[2026-01-10 09:40:47,351] {logging_mixin.py:109} INFO - [2026-01-10 09:40:47,351] {dag.py:2306} INFO - Setting next_dagrun for example_branch_dop_operator_v3 to 2026-01-08 00:00:00+00:00
[2026-01-10 09:40:47,369] {processor.py:170} INFO - Processing /home/airflow/.local/lib/python3.6/site-packages/airflow/example_dags/example_branch_python_dop_operator_3.py took 0.142 seconds
[2026-01-10 09:41:17,774] {processor.py:162} INFO - Started process (PID=1515) to work on /home/airflow/.local/lib/python3.6/site-packages/airflow/example_dags/example_branch_python_dop_operator_3.py
[2026-01-10 09:41:17,776] {processor.py:613} INFO - Processing file /home/airflow/.local/lib/python3.6/site-packages/airflow/example_dags/example_branch_python_dop_operator_3.py for tasks to queue
[2026-01-10 09:41:17,777] {logging_mixin.py:109} INFO - [2026-01-10 09:41:17,777] {dagbag.py:496} INFO - Filling up the DagBag from /home/airflow/.local/lib/python3.6/site-packages/airflow/example_dags/example_branch_python_dop_operator_3.py
[2026-01-10 09:41:17,806] {processor.py:623} INFO - DAG(s) dict_keys(['example_branch_dop_operator_v3']) retrieved from /home/airflow/.local/lib/python3.6/site-packages/airflow/example_dags/example_branch_python_dop_operator_3.py
[2026-01-10 09:41:17,838] {logging_mixin.py:109} INFO - [2026-01-10 09:41:17,838] {dag.py:1833} INFO - Sync 1 DAGs
[2026-01-10 09:41:17,882] {logging_mixin.py:109} INFO - [2026-01-10 09:41:17,882] {dag.py:2306} INFO - Setting next_dagrun for example_branch_dop_operator_v3 to 2026-01-08 00:00:00+00:00
[2026-01-10 09:41:17,894] {processor.py:170} INFO - Processing /home/airflow/.local/lib/python3.6/site-packages/airflow/example_dags/example_branch_python_dop_operator_3.py took 0.125 seconds
[2026-01-10 09:41:47,938] {processor.py:162} INFO - Started process (PID=1565) to work on /home/airflow/.local/lib/python3.6/site-packages/airflow/example_dags/example_branch_python_dop_operator_3.py
[2026-01-10 09:41:47,939] {processor.py:613} INFO - Processing file /home/airflow/.local/lib/python3.6/site-packages/airflow/example_dags/example_branch_python_dop_operator_3.py for tasks to queue
[2026-01-10 09:41:47,940] {logging_mixin.py:109} INFO - [2026-01-10 09:41:47,940] {dagbag.py:496} INFO - Filling up the DagBag from /home/airflow/.local/lib/python3.6/site-packages/airflow/example_dags/example_branch_python_dop_operator_3.py
[2026-01-10 09:41:47,965] {processor.py:623} INFO - DAG(s) dict_keys(['example_branch_dop_operator_v3']) retrieved from /home/airflow/.local/lib/python3.6/site-packages/airflow/example_dags/example_branch_python_dop_operator_3.py
[2026-01-10 09:41:47,994] {logging_mixin.py:109} INFO - [2026-01-10 09:41:47,994] {dag.py:1833} INFO - Sync 1 DAGs
[2026-01-10 09:41:48,034] {logging_mixin.py:109} INFO - [2026-01-10 09:41:48,034] {dag.py:2306} INFO - Setting next_dagrun for example_branch_dop_operator_v3 to 2026-01-08 00:00:00+00:00
[2026-01-10 09:41:48,046] {processor.py:170} INFO - Processing /home/airflow/.local/lib/python3.6/site-packages/airflow/example_dags/example_branch_python_dop_operator_3.py took 0.112 seconds
[2026-01-10 09:42:18,365] {processor.py:162} INFO - Started process (PID=1616) to work on /home/airflow/.local/lib/python3.6/site-packages/airflow/example_dags/example_branch_python_dop_operator_3.py
[2026-01-10 09:42:18,367] {processor.py:613} INFO - Processing file /home/airflow/.local/lib/python3.6/site-packages/airflow/example_dags/example_branch_python_dop_operator_3.py for tasks to queue
[2026-01-10 09:42:18,368] {logging_mixin.py:109} INFO - [2026-01-10 09:42:18,368] {dagbag.py:496} INFO - Filling up the DagBag from /home/airflow/.local/lib/python3.6/site-packages/airflow/example_dags/example_branch_python_dop_operator_3.py
[2026-01-10 09:42:18,393] {processor.py:623} INFO - DAG(s) dict_keys(['example_branch_dop_operator_v3']) retrieved from /home/airflow/.local/lib/python3.6/site-packages/airflow/example_dags/example_branch_python_dop_operator_3.py
[2026-01-10 09:42:18,427] {logging_mixin.py:109} INFO - [2026-01-10 09:42:18,427] {dag.py:1833} INFO - Sync 1 DAGs
[2026-01-10 09:42:18,470] {logging_mixin.py:109} INFO - [2026-01-10 09:42:18,470] {dag.py:2306} INFO - Setting next_dagrun for example_branch_dop_operator_v3 to 2026-01-08 00:00:00+00:00
[2026-01-10 09:42:18,482] {processor.py:170} INFO - Processing /home/airflow/.local/lib/python3.6/site-packages/airflow/example_dags/example_branch_python_dop_operator_3.py took 0.121 seconds
[2026-01-10 09:42:48,770] {processor.py:162} INFO - Started process (PID=1667) to work on /home/airflow/.local/lib/python3.6/site-packages/airflow/example_dags/example_branch_python_dop_operator_3.py
[2026-01-10 09:42:48,772] {processor.py:613} INFO - Processing file /home/airflow/.local/lib/python3.6/site-packages/airflow/example_dags/example_branch_python_dop_operator_3.py for tasks to queue
[2026-01-10 09:42:48,773] {logging_mixin.py:109} INFO - [2026-01-10 09:42:48,773] {dagbag.py:496} INFO - Filling up the DagBag from /home/airflow/.local/lib/python3.6/site-packages/airflow/example_dags/example_branch_python_dop_operator_3.py
[2026-01-10 09:42:48,804] {processor.py:623} INFO - DAG(s) dict_keys(['example_branch_dop_operator_v3']) retrieved from /home/airflow/.local/lib/python3.6/site-packages/airflow/example_dags/example_branch_python_dop_operator_3.py
[2026-01-10 09:42:48,844] {logging_mixin.py:109} INFO - [2026-01-10 09:42:48,843] {dag.py:1833} INFO - Sync 1 DAGs
[2026-01-10 09:42:48,896] {logging_mixin.py:109} INFO - [2026-01-10 09:42:48,896] {dag.py:2306} INFO - Setting next_dagrun for example_branch_dop_operator_v3 to 2026-01-08 00:00:00+00:00
[2026-01-10 09:42:48,921] {processor.py:170} INFO - Processing /home/airflow/.local/lib/python3.6/site-packages/airflow/example_dags/example_branch_python_dop_operator_3.py took 0.159 seconds
[2026-01-10 09:43:19,652] {processor.py:162} INFO - Started process (PID=1728) to work on /home/airflow/.local/lib/python3.6/site-packages/airflow/example_dags/example_branch_python_dop_operator_3.py
[2026-01-10 09:43:19,653] {processor.py:613} INFO - Processing file /home/airflow/.local/lib/python3.6/site-packages/airflow/example_dags/example_branch_python_dop_operator_3.py for tasks to queue
[2026-01-10 09:43:19,655] {logging_mixin.py:109} INFO - [2026-01-10 09:43:19,654] {dagbag.py:496} INFO - Filling up the DagBag from /home/airflow/.local/lib/python3.6/site-packages/airflow/example_dags/example_branch_python_dop_operator_3.py
[2026-01-10 09:43:19,701] {processor.py:623} INFO - DAG(s) dict_keys(['example_branch_dop_operator_v3']) retrieved from /home/airflow/.local/lib/python3.6/site-packages/airflow/example_dags/example_branch_python_dop_operator_3.py
[2026-01-10 09:43:19,745] {logging_mixin.py:109} INFO - [2026-01-10 09:43:19,745] {dag.py:1833} INFO - Sync 1 DAGs
[2026-01-10 09:43:19,797] {logging_mixin.py:109} INFO - [2026-01-10 09:43:19,797] {dag.py:2306} INFO - Setting next_dagrun for example_branch_dop_operator_v3 to 2026-01-08 00:00:00+00:00
[2026-01-10 09:43:19,811] {processor.py:170} INFO - Processing /home/airflow/.local/lib/python3.6/site-packages/airflow/example_dags/example_branch_python_dop_operator_3.py took 0.168 seconds
[2026-01-10 09:43:49,906] {processor.py:162} INFO - Started process (PID=1779) to work on /home/airflow/.local/lib/python3.6/site-packages/airflow/example_dags/example_branch_python_dop_operator_3.py
[2026-01-10 09:43:49,909] {processor.py:613} INFO - Processing file /home/airflow/.local/lib/python3.6/site-packages/airflow/example_dags/example_branch_python_dop_operator_3.py for tasks to queue
[2026-01-10 09:43:49,910] {logging_mixin.py:109} INFO - [2026-01-10 09:43:49,910] {dagbag.py:496} INFO - Filling up the DagBag from /home/airflow/.local/lib/python3.6/site-packages/airflow/example_dags/example_branch_python_dop_operator_3.py
[2026-01-10 09:43:49,971] {processor.py:623} INFO - DAG(s) dict_keys(['example_branch_dop_operator_v3']) retrieved from /home/airflow/.local/lib/python3.6/site-packages/airflow/example_dags/example_branch_python_dop_operator_3.py
[2026-01-10 09:43:50,025] {logging_mixin.py:109} INFO - [2026-01-10 09:43:50,024] {dag.py:1833} INFO - Sync 1 DAGs
[2026-01-10 09:43:50,095] {logging_mixin.py:109} INFO - [2026-01-10 09:43:50,095] {dag.py:2306} INFO - Setting next_dagrun for example_branch_dop_operator_v3 to 2026-01-08 00:00:00+00:00
[2026-01-10 09:43:50,114] {processor.py:170} INFO - Processing /home/airflow/.local/lib/python3.6/site-packages/airflow/example_dags/example_branch_python_dop_operator_3.py took 0.213 seconds
[2026-01-10 09:44:22,530] {processor.py:162} INFO - Started process (PID=1830) to work on /home/airflow/.local/lib/python3.6/site-packages/airflow/example_dags/example_branch_python_dop_operator_3.py
[2026-01-10 09:44:22,562] {processor.py:613} INFO - Processing file /home/airflow/.local/lib/python3.6/site-packages/airflow/example_dags/example_branch_python_dop_operator_3.py for tasks to queue
[2026-01-10 09:44:22,563] {logging_mixin.py:109} INFO - [2026-01-10 09:44:22,563] {dagbag.py:496} INFO - Filling up the DagBag from /home/airflow/.local/lib/python3.6/site-packages/airflow/example_dags/example_branch_python_dop_operator_3.py
[2026-01-10 09:44:22,710] {processor.py:623} INFO - DAG(s) dict_keys(['example_branch_dop_operator_v3']) retrieved from /home/airflow/.local/lib/python3.6/site-packages/airflow/example_dags/example_branch_python_dop_operator_3.py
[2026-01-10 09:44:22,866] {logging_mixin.py:109} INFO - [2026-01-10 09:44:22,866] {dag.py:1833} INFO - Sync 1 DAGs
[2026-01-10 09:44:22,966] {logging_mixin.py:109} INFO - [2026-01-10 09:44:22,966] {dag.py:2306} INFO - Setting next_dagrun for example_branch_dop_operator_v3 to 2026-01-08 00:00:00+00:00
[2026-01-10 09:44:22,991] {processor.py:170} INFO - Processing /home/airflow/.local/lib/python3.6/site-packages/airflow/example_dags/example_branch_python_dop_operator_3.py took 0.538 seconds
[2026-01-10 09:44:53,277] {processor.py:162} INFO - Started process (PID=1882) to work on /home/airflow/.local/lib/python3.6/site-packages/airflow/example_dags/example_branch_python_dop_operator_3.py
[2026-01-10 09:44:53,280] {processor.py:613} INFO - Processing file /home/airflow/.local/lib/python3.6/site-packages/airflow/example_dags/example_branch_python_dop_operator_3.py for tasks to queue
[2026-01-10 09:44:53,282] {logging_mixin.py:109} INFO - [2026-01-10 09:44:53,282] {dagbag.py:496} INFO - Filling up the DagBag from /home/airflow/.local/lib/python3.6/site-packages/airflow/example_dags/example_branch_python_dop_operator_3.py
[2026-01-10 09:44:53,322] {processor.py:623} INFO - DAG(s) dict_keys(['example_branch_dop_operator_v3']) retrieved from /home/airflow/.local/lib/python3.6/site-packages/airflow/example_dags/example_branch_python_dop_operator_3.py
[2026-01-10 09:44:53,362] {logging_mixin.py:109} INFO - [2026-01-10 09:44:53,362] {dag.py:1833} INFO - Sync 1 DAGs
[2026-01-10 09:44:53,407] {logging_mixin.py:109} INFO - [2026-01-10 09:44:53,407] {dag.py:2306} INFO - Setting next_dagrun for example_branch_dop_operator_v3 to 2026-01-08 00:00:00+00:00
[2026-01-10 09:44:53,427] {processor.py:170} INFO - Processing /home/airflow/.local/lib/python3.6/site-packages/airflow/example_dags/example_branch_python_dop_operator_3.py took 0.154 seconds
[2026-01-10 09:45:23,522] {processor.py:162} INFO - Started process (PID=1933) to work on /home/airflow/.local/lib/python3.6/site-packages/airflow/example_dags/example_branch_python_dop_operator_3.py
[2026-01-10 09:45:23,523] {processor.py:613} INFO - Processing file /home/airflow/.local/lib/python3.6/site-packages/airflow/example_dags/example_branch_python_dop_operator_3.py for tasks to queue
[2026-01-10 09:45:23,523] {logging_mixin.py:109} INFO - [2026-01-10 09:45:23,523] {dagbag.py:496} INFO - Filling up the DagBag from /home/airflow/.local/lib/python3.6/site-packages/airflow/example_dags/example_branch_python_dop_operator_3.py
[2026-01-10 09:45:23,547] {processor.py:623} INFO - DAG(s) dict_keys(['example_branch_dop_operator_v3']) retrieved from /home/airflow/.local/lib/python3.6/site-packages/airflow/example_dags/example_branch_python_dop_operator_3.py
[2026-01-10 09:45:23,586] {logging_mixin.py:109} INFO - [2026-01-10 09:45:23,586] {dag.py:1833} INFO - Sync 1 DAGs
[2026-01-10 09:45:23,639] {logging_mixin.py:109} INFO - [2026-01-10 09:45:23,639] {dag.py:2306} INFO - Setting next_dagrun for example_branch_dop_operator_v3 to 2026-01-08 00:00:00+00:00
[2026-01-10 09:45:23,656] {processor.py:170} INFO - Processing /home/airflow/.local/lib/python3.6/site-packages/airflow/example_dags/example_branch_python_dop_operator_3.py took 0.138 seconds
[2026-01-10 09:45:53,793] {processor.py:162} INFO - Started process (PID=1983) to work on /home/airflow/.local/lib/python3.6/site-packages/airflow/example_dags/example_branch_python_dop_operator_3.py
[2026-01-10 09:45:53,795] {processor.py:613} INFO - Processing file /home/airflow/.local/lib/python3.6/site-packages/airflow/example_dags/example_branch_python_dop_operator_3.py for tasks to queue
[2026-01-10 09:45:53,796] {logging_mixin.py:109} INFO - [2026-01-10 09:45:53,796] {dagbag.py:496} INFO - Filling up the DagBag from /home/airflow/.local/lib/python3.6/site-packages/airflow/example_dags/example_branch_python_dop_operator_3.py
[2026-01-10 09:45:53,826] {processor.py:623} INFO - DAG(s) dict_keys(['example_branch_dop_operator_v3']) retrieved from /home/airflow/.local/lib/python3.6/site-packages/airflow/example_dags/example_branch_python_dop_operator_3.py
[2026-01-10 09:45:53,869] {logging_mixin.py:109} INFO - [2026-01-10 09:45:53,869] {dag.py:1833} INFO - Sync 1 DAGs
[2026-01-10 09:45:53,923] {logging_mixin.py:109} INFO - [2026-01-10 09:45:53,923] {dag.py:2306} INFO - Setting next_dagrun for example_branch_dop_operator_v3 to 2026-01-08 00:00:00+00:00
[2026-01-10 09:45:53,939] {processor.py:170} INFO - Processing /home/airflow/.local/lib/python3.6/site-packages/airflow/example_dags/example_branch_python_dop_operator_3.py took 0.152 seconds
[2026-01-10 09:46:24,198] {processor.py:162} INFO - Started process (PID=2035) to work on /home/airflow/.local/lib/python3.6/site-packages/airflow/example_dags/example_branch_python_dop_operator_3.py
[2026-01-10 09:46:24,200] {processor.py:613} INFO - Processing file /home/airflow/.local/lib/python3.6/site-packages/airflow/example_dags/example_branch_python_dop_operator_3.py for tasks to queue
[2026-01-10 09:46:24,201] {logging_mixin.py:109} INFO - [2026-01-10 09:46:24,201] {dagbag.py:496} INFO - Filling up the DagBag from /home/airflow/.local/lib/python3.6/site-packages/airflow/example_dags/example_branch_python_dop_operator_3.py
[2026-01-10 09:46:24,232] {processor.py:623} INFO - DAG(s) dict_keys(['example_branch_dop_operator_v3']) retrieved from /home/airflow/.local/lib/python3.6/site-packages/airflow/example_dags/example_branch_python_dop_operator_3.py
[2026-01-10 09:46:24,270] {logging_mixin.py:109} INFO - [2026-01-10 09:46:24,270] {dag.py:1833} INFO - Sync 1 DAGs
[2026-01-10 09:46:24,312] {logging_mixin.py:109} INFO - [2026-01-10 09:46:24,312] {dag.py:2306} INFO - Setting next_dagrun for example_branch_dop_operator_v3 to 2026-01-08 00:00:00+00:00
[2026-01-10 09:46:24,330] {processor.py:170} INFO - Processing /home/airflow/.local/lib/python3.6/site-packages/airflow/example_dags/example_branch_python_dop_operator_3.py took 0.141 seconds
[2026-01-10 09:46:54,664] {processor.py:162} INFO - Started process (PID=2085) to work on /home/airflow/.local/lib/python3.6/site-packages/airflow/example_dags/example_branch_python_dop_operator_3.py
[2026-01-10 09:46:54,665] {processor.py:613} INFO - Processing file /home/airflow/.local/lib/python3.6/site-packages/airflow/example_dags/example_branch_python_dop_operator_3.py for tasks to queue
[2026-01-10 09:46:54,667] {logging_mixin.py:109} INFO - [2026-01-10 09:46:54,666] {dagbag.py:496} INFO - Filling up the DagBag from /home/airflow/.local/lib/python3.6/site-packages/airflow/example_dags/example_branch_python_dop_operator_3.py
[2026-01-10 09:46:54,694] {processor.py:623} INFO - DAG(s) dict_keys(['example_branch_dop_operator_v3']) retrieved from /home/airflow/.local/lib/python3.6/site-packages/airflow/example_dags/example_branch_python_dop_operator_3.py
[2026-01-10 09:46:54,726] {logging_mixin.py:109} INFO - [2026-01-10 09:46:54,726] {dag.py:1833} INFO - Sync 1 DAGs
[2026-01-10 09:46:54,769] {logging_mixin.py:109} INFO - [2026-01-10 09:46:54,769] {dag.py:2306} INFO - Setting next_dagrun for example_branch_dop_operator_v3 to 2026-01-08 00:00:00+00:00
[2026-01-10 09:46:54,783] {processor.py:170} INFO - Processing /home/airflow/.local/lib/python3.6/site-packages/airflow/example_dags/example_branch_python_dop_operator_3.py took 0.124 seconds
[2026-01-10 09:47:32,444] {processor.py:162} INFO - Started process (PID=2131) to work on /home/airflow/.local/lib/python3.6/site-packages/airflow/example_dags/example_branch_python_dop_operator_3.py
[2026-01-10 09:47:32,451] {processor.py:613} INFO - Processing file /home/airflow/.local/lib/python3.6/site-packages/airflow/example_dags/example_branch_python_dop_operator_3.py for tasks to queue
[2026-01-10 09:47:32,452] {logging_mixin.py:109} INFO - [2026-01-10 09:47:32,452] {dagbag.py:496} INFO - Filling up the DagBag from /home/airflow/.local/lib/python3.6/site-packages/airflow/example_dags/example_branch_python_dop_operator_3.py
[2026-01-10 09:47:32,508] {processor.py:623} INFO - DAG(s) dict_keys(['example_branch_dop_operator_v3']) retrieved from /home/airflow/.local/lib/python3.6/site-packages/airflow/example_dags/example_branch_python_dop_operator_3.py
[2026-01-10 09:47:32,544] {logging_mixin.py:109} INFO - [2026-01-10 09:47:32,544] {dag.py:1833} INFO - Sync 1 DAGs
[2026-01-10 09:47:32,610] {logging_mixin.py:109} INFO - [2026-01-10 09:47:32,610] {dag.py:2306} INFO - Setting next_dagrun for example_branch_dop_operator_v3 to 2026-01-08 00:00:00+00:00
[2026-01-10 09:47:32,629] {processor.py:170} INFO - Processing /home/airflow/.local/lib/python3.6/site-packages/airflow/example_dags/example_branch_python_dop_operator_3.py took 0.195 seconds
[2026-01-10 09:48:04,310] {processor.py:162} INFO - Started process (PID=2172) to work on /home/airflow/.local/lib/python3.6/site-packages/airflow/example_dags/example_branch_python_dop_operator_3.py
[2026-01-10 09:48:04,318] {processor.py:613} INFO - Processing file /home/airflow/.local/lib/python3.6/site-packages/airflow/example_dags/example_branch_python_dop_operator_3.py for tasks to queue
[2026-01-10 09:48:04,319] {logging_mixin.py:109} INFO - [2026-01-10 09:48:04,319] {dagbag.py:496} INFO - Filling up the DagBag from /home/airflow/.local/lib/python3.6/site-packages/airflow/example_dags/example_branch_python_dop_operator_3.py
[2026-01-10 09:48:04,387] {processor.py:623} INFO - DAG(s) dict_keys(['example_branch_dop_operator_v3']) retrieved from /home/airflow/.local/lib/python3.6/site-packages/airflow/example_dags/example_branch_python_dop_operator_3.py
[2026-01-10 09:48:04,487] {logging_mixin.py:109} INFO - [2026-01-10 09:48:04,487] {dag.py:1833} INFO - Sync 1 DAGs
[2026-01-10 09:48:04,601] {logging_mixin.py:109} INFO - [2026-01-10 09:48:04,601] {dag.py:2306} INFO - Setting next_dagrun for example_branch_dop_operator_v3 to 2026-01-08 00:00:00+00:00
[2026-01-10 09:48:04,648] {processor.py:170} INFO - Processing /home/airflow/.local/lib/python3.6/site-packages/airflow/example_dags/example_branch_python_dop_operator_3.py took 0.360 seconds
[2026-01-10 09:48:35,188] {processor.py:162} INFO - Started process (PID=2213) to work on /home/airflow/.local/lib/python3.6/site-packages/airflow/example_dags/example_branch_python_dop_operator_3.py
[2026-01-10 09:48:35,192] {processor.py:613} INFO - Processing file /home/airflow/.local/lib/python3.6/site-packages/airflow/example_dags/example_branch_python_dop_operator_3.py for tasks to queue
[2026-01-10 09:48:35,199] {logging_mixin.py:109} INFO - [2026-01-10 09:48:35,198] {dagbag.py:496} INFO - Filling up the DagBag from /home/airflow/.local/lib/python3.6/site-packages/airflow/example_dags/example_branch_python_dop_operator_3.py
[2026-01-10 09:48:35,250] {processor.py:623} INFO - DAG(s) dict_keys(['example_branch_dop_operator_v3']) retrieved from /home/airflow/.local/lib/python3.6/site-packages/airflow/example_dags/example_branch_python_dop_operator_3.py
[2026-01-10 09:48:35,356] {logging_mixin.py:109} INFO - [2026-01-10 09:48:35,354] {dag.py:1833} INFO - Sync 1 DAGs
[2026-01-10 09:48:35,505] {logging_mixin.py:109} INFO - [2026-01-10 09:48:35,505] {dag.py:2306} INFO - Setting next_dagrun for example_branch_dop_operator_v3 to 2026-01-08 00:00:00+00:00
[2026-01-10 09:48:35,532] {processor.py:170} INFO - Processing /home/airflow/.local/lib/python3.6/site-packages/airflow/example_dags/example_branch_python_dop_operator_3.py took 0.358 seconds
[2026-01-10 09:49:18,344] {processor.py:162} INFO - Started process (PID=2255) to work on /home/airflow/.local/lib/python3.6/site-packages/airflow/example_dags/example_branch_python_dop_operator_3.py
[2026-01-10 09:49:18,346] {processor.py:613} INFO - Processing file /home/airflow/.local/lib/python3.6/site-packages/airflow/example_dags/example_branch_python_dop_operator_3.py for tasks to queue
[2026-01-10 09:49:18,347] {logging_mixin.py:109} INFO - [2026-01-10 09:49:18,347] {dagbag.py:496} INFO - Filling up the DagBag from /home/airflow/.local/lib/python3.6/site-packages/airflow/example_dags/example_branch_python_dop_operator_3.py
[2026-01-10 09:49:18,384] {processor.py:623} INFO - DAG(s) dict_keys(['example_branch_dop_operator_v3']) retrieved from /home/airflow/.local/lib/python3.6/site-packages/airflow/example_dags/example_branch_python_dop_operator_3.py
[2026-01-10 09:49:18,643] {logging_mixin.py:109} INFO - [2026-01-10 09:49:18,643] {dag.py:1833} INFO - Sync 1 DAGs
[2026-01-10 09:49:18,709] {logging_mixin.py:109} INFO - [2026-01-10 09:49:18,709] {dag.py:2306} INFO - Setting next_dagrun for example_branch_dop_operator_v3 to 2026-01-08 00:00:00+00:00
[2026-01-10 09:49:18,726] {processor.py:170} INFO - Processing /home/airflow/.local/lib/python3.6/site-packages/airflow/example_dags/example_branch_python_dop_operator_3.py took 0.388 seconds
[2026-01-10 09:49:48,897] {processor.py:162} INFO - Started process (PID=2304) to work on /home/airflow/.local/lib/python3.6/site-packages/airflow/example_dags/example_branch_python_dop_operator_3.py
[2026-01-10 09:49:48,920] {processor.py:613} INFO - Processing file /home/airflow/.local/lib/python3.6/site-packages/airflow/example_dags/example_branch_python_dop_operator_3.py for tasks to queue
[2026-01-10 09:49:48,923] {logging_mixin.py:109} INFO - [2026-01-10 09:49:48,923] {dagbag.py:496} INFO - Filling up the DagBag from /home/airflow/.local/lib/python3.6/site-packages/airflow/example_dags/example_branch_python_dop_operator_3.py
[2026-01-10 09:49:49,038] {processor.py:623} INFO - DAG(s) dict_keys(['example_branch_dop_operator_v3']) retrieved from /home/airflow/.local/lib/python3.6/site-packages/airflow/example_dags/example_branch_python_dop_operator_3.py
[2026-01-10 09:49:49,104] {logging_mixin.py:109} INFO - [2026-01-10 09:49:49,104] {dag.py:1833} INFO - Sync 1 DAGs
[2026-01-10 09:49:49,157] {logging_mixin.py:109} INFO - [2026-01-10 09:49:49,157] {dag.py:2306} INFO - Setting next_dagrun for example_branch_dop_operator_v3 to 2026-01-08 00:00:00+00:00
[2026-01-10 09:49:49,180] {processor.py:170} INFO - Processing /home/airflow/.local/lib/python3.6/site-packages/airflow/example_dags/example_branch_python_dop_operator_3.py took 0.297 seconds
[2026-01-10 09:50:19,847] {processor.py:162} INFO - Started process (PID=2349) to work on /home/airflow/.local/lib/python3.6/site-packages/airflow/example_dags/example_branch_python_dop_operator_3.py
[2026-01-10 09:50:19,849] {processor.py:613} INFO - Processing file /home/airflow/.local/lib/python3.6/site-packages/airflow/example_dags/example_branch_python_dop_operator_3.py for tasks to queue
[2026-01-10 09:50:19,850] {logging_mixin.py:109} INFO - [2026-01-10 09:50:19,850] {dagbag.py:496} INFO - Filling up the DagBag from /home/airflow/.local/lib/python3.6/site-packages/airflow/example_dags/example_branch_python_dop_operator_3.py
[2026-01-10 09:50:19,872] {processor.py:623} INFO - DAG(s) dict_keys(['example_branch_dop_operator_v3']) retrieved from /home/airflow/.local/lib/python3.6/site-packages/airflow/example_dags/example_branch_python_dop_operator_3.py
[2026-01-10 09:50:19,904] {logging_mixin.py:109} INFO - [2026-01-10 09:50:19,904] {dag.py:1833} INFO - Sync 1 DAGs
[2026-01-10 09:50:19,951] {logging_mixin.py:109} INFO - [2026-01-10 09:50:19,951] {dag.py:2306} INFO - Setting next_dagrun for example_branch_dop_operator_v3 to 2026-01-08 00:00:00+00:00
[2026-01-10 09:50:19,986] {processor.py:170} INFO - Processing /home/airflow/.local/lib/python3.6/site-packages/airflow/example_dags/example_branch_python_dop_operator_3.py took 0.142 seconds
[2026-01-10 09:50:50,049] {processor.py:162} INFO - Started process (PID=2399) to work on /home/airflow/.local/lib/python3.6/site-packages/airflow/example_dags/example_branch_python_dop_operator_3.py
[2026-01-10 09:50:50,051] {processor.py:613} INFO - Processing file /home/airflow/.local/lib/python3.6/site-packages/airflow/example_dags/example_branch_python_dop_operator_3.py for tasks to queue
[2026-01-10 09:50:50,052] {logging_mixin.py:109} INFO - [2026-01-10 09:50:50,051] {dagbag.py:496} INFO - Filling up the DagBag from /home/airflow/.local/lib/python3.6/site-packages/airflow/example_dags/example_branch_python_dop_operator_3.py
[2026-01-10 09:50:50,079] {processor.py:623} INFO - DAG(s) dict_keys(['example_branch_dop_operator_v3']) retrieved from /home/airflow/.local/lib/python3.6/site-packages/airflow/example_dags/example_branch_python_dop_operator_3.py
[2026-01-10 09:50:50,114] {logging_mixin.py:109} INFO - [2026-01-10 09:50:50,114] {dag.py:1833} INFO - Sync 1 DAGs
[2026-01-10 09:50:50,151] {logging_mixin.py:109} INFO - [2026-01-10 09:50:50,151] {dag.py:2306} INFO - Setting next_dagrun for example_branch_dop_operator_v3 to 2026-01-08 00:00:00+00:00
[2026-01-10 09:50:50,164] {processor.py:170} INFO - Processing /home/airflow/.local/lib/python3.6/site-packages/airflow/example_dags/example_branch_python_dop_operator_3.py took 0.120 seconds
[2026-01-10 09:51:20,354] {processor.py:162} INFO - Started process (PID=2450) to work on /home/airflow/.local/lib/python3.6/site-packages/airflow/example_dags/example_branch_python_dop_operator_3.py
[2026-01-10 09:51:20,356] {processor.py:613} INFO - Processing file /home/airflow/.local/lib/python3.6/site-packages/airflow/example_dags/example_branch_python_dop_operator_3.py for tasks to queue
[2026-01-10 09:51:20,357] {logging_mixin.py:109} INFO - [2026-01-10 09:51:20,357] {dagbag.py:496} INFO - Filling up the DagBag from /home/airflow/.local/lib/python3.6/site-packages/airflow/example_dags/example_branch_python_dop_operator_3.py
[2026-01-10 09:51:20,407] {processor.py:623} INFO - DAG(s) dict_keys(['example_branch_dop_operator_v3']) retrieved from /home/airflow/.local/lib/python3.6/site-packages/airflow/example_dags/example_branch_python_dop_operator_3.py
[2026-01-10 09:51:20,453] {logging_mixin.py:109} INFO - [2026-01-10 09:51:20,453] {dag.py:1833} INFO - Sync 1 DAGs
[2026-01-10 09:51:20,513] {logging_mixin.py:109} INFO - [2026-01-10 09:51:20,513] {dag.py:2306} INFO - Setting next_dagrun for example_branch_dop_operator_v3 to 2026-01-08 00:00:00+00:00
[2026-01-10 09:51:20,543] {processor.py:170} INFO - Processing /home/airflow/.local/lib/python3.6/site-packages/airflow/example_dags/example_branch_python_dop_operator_3.py took 0.195 seconds
[2026-01-10 09:51:50,898] {processor.py:162} INFO - Started process (PID=2500) to work on /home/airflow/.local/lib/python3.6/site-packages/airflow/example_dags/example_branch_python_dop_operator_3.py
[2026-01-10 09:51:50,902] {processor.py:613} INFO - Processing file /home/airflow/.local/lib/python3.6/site-packages/airflow/example_dags/example_branch_python_dop_operator_3.py for tasks to queue
[2026-01-10 09:51:50,904] {logging_mixin.py:109} INFO - [2026-01-10 09:51:50,903] {dagbag.py:496} INFO - Filling up the DagBag from /home/airflow/.local/lib/python3.6/site-packages/airflow/example_dags/example_branch_python_dop_operator_3.py
[2026-01-10 09:51:50,933] {processor.py:623} INFO - DAG(s) dict_keys(['example_branch_dop_operator_v3']) retrieved from /home/airflow/.local/lib/python3.6/site-packages/airflow/example_dags/example_branch_python_dop_operator_3.py
[2026-01-10 09:51:50,987] {logging_mixin.py:109} INFO - [2026-01-10 09:51:50,987] {dag.py:1833} INFO - Sync 1 DAGs
[2026-01-10 09:51:51,043] {logging_mixin.py:109} INFO - [2026-01-10 09:51:51,042] {dag.py:2306} INFO - Setting next_dagrun for example_branch_dop_operator_v3 to 2026-01-08 00:00:00+00:00
[2026-01-10 09:51:51,062] {processor.py:170} INFO - Processing /home/airflow/.local/lib/python3.6/site-packages/airflow/example_dags/example_branch_python_dop_operator_3.py took 0.171 seconds
[2026-01-10 09:52:21,334] {processor.py:162} INFO - Started process (PID=2551) to work on /home/airflow/.local/lib/python3.6/site-packages/airflow/example_dags/example_branch_python_dop_operator_3.py
[2026-01-10 09:52:21,336] {processor.py:613} INFO - Processing file /home/airflow/.local/lib/python3.6/site-packages/airflow/example_dags/example_branch_python_dop_operator_3.py for tasks to queue
[2026-01-10 09:52:21,337] {logging_mixin.py:109} INFO - [2026-01-10 09:52:21,337] {dagbag.py:496} INFO - Filling up the DagBag from /home/airflow/.local/lib/python3.6/site-packages/airflow/example_dags/example_branch_python_dop_operator_3.py
[2026-01-10 09:52:21,361] {processor.py:623} INFO - DAG(s) dict_keys(['example_branch_dop_operator_v3']) retrieved from /home/airflow/.local/lib/python3.6/site-packages/airflow/example_dags/example_branch_python_dop_operator_3.py
[2026-01-10 09:52:21,397] {logging_mixin.py:109} INFO - [2026-01-10 09:52:21,396] {dag.py:1833} INFO - Sync 1 DAGs
[2026-01-10 09:52:21,453] {logging_mixin.py:109} INFO - [2026-01-10 09:52:21,452] {dag.py:2306} INFO - Setting next_dagrun for example_branch_dop_operator_v3 to 2026-01-08 00:00:00+00:00
[2026-01-10 09:52:21,467] {processor.py:170} INFO - Processing /home/airflow/.local/lib/python3.6/site-packages/airflow/example_dags/example_branch_python_dop_operator_3.py took 0.139 seconds
[2026-01-10 09:52:51,894] {processor.py:162} INFO - Started process (PID=2592) to work on /home/airflow/.local/lib/python3.6/site-packages/airflow/example_dags/example_branch_python_dop_operator_3.py
[2026-01-10 09:52:51,897] {processor.py:613} INFO - Processing file /home/airflow/.local/lib/python3.6/site-packages/airflow/example_dags/example_branch_python_dop_operator_3.py for tasks to queue
[2026-01-10 09:52:51,898] {logging_mixin.py:109} INFO - [2026-01-10 09:52:51,898] {dagbag.py:496} INFO - Filling up the DagBag from /home/airflow/.local/lib/python3.6/site-packages/airflow/example_dags/example_branch_python_dop_operator_3.py
[2026-01-10 09:52:51,934] {processor.py:623} INFO - DAG(s) dict_keys(['example_branch_dop_operator_v3']) retrieved from /home/airflow/.local/lib/python3.6/site-packages/airflow/example_dags/example_branch_python_dop_operator_3.py
[2026-01-10 09:52:51,990] {logging_mixin.py:109} INFO - [2026-01-10 09:52:51,990] {dag.py:1833} INFO - Sync 1 DAGs
[2026-01-10 09:52:52,091] {logging_mixin.py:109} INFO - [2026-01-10 09:52:52,091] {dag.py:2306} INFO - Setting next_dagrun for example_branch_dop_operator_v3 to 2026-01-08 00:00:00+00:00
[2026-01-10 09:52:52,113] {processor.py:170} INFO - Processing /home/airflow/.local/lib/python3.6/site-packages/airflow/example_dags/example_branch_python_dop_operator_3.py took 0.224 seconds
[2026-01-10 09:53:22,463] {processor.py:162} INFO - Started process (PID=2643) to work on /home/airflow/.local/lib/python3.6/site-packages/airflow/example_dags/example_branch_python_dop_operator_3.py
[2026-01-10 09:53:22,470] {processor.py:613} INFO - Processing file /home/airflow/.local/lib/python3.6/site-packages/airflow/example_dags/example_branch_python_dop_operator_3.py for tasks to queue
[2026-01-10 09:53:22,474] {logging_mixin.py:109} INFO - [2026-01-10 09:53:22,474] {dagbag.py:496} INFO - Filling up the DagBag from /home/airflow/.local/lib/python3.6/site-packages/airflow/example_dags/example_branch_python_dop_operator_3.py
[2026-01-10 09:53:22,594] {processor.py:623} INFO - DAG(s) dict_keys(['example_branch_dop_operator_v3']) retrieved from /home/airflow/.local/lib/python3.6/site-packages/airflow/example_dags/example_branch_python_dop_operator_3.py
[2026-01-10 09:53:22,639] {logging_mixin.py:109} INFO - [2026-01-10 09:53:22,638] {dag.py:1833} INFO - Sync 1 DAGs
[2026-01-10 09:53:22,724] {logging_mixin.py:109} INFO - [2026-01-10 09:53:22,724] {dag.py:2306} INFO - Setting next_dagrun for example_branch_dop_operator_v3 to 2026-01-08 00:00:00+00:00
[2026-01-10 09:53:22,765] {processor.py:170} INFO - Processing /home/airflow/.local/lib/python3.6/site-packages/airflow/example_dags/example_branch_python_dop_operator_3.py took 0.340 seconds
[2026-01-10 09:53:52,858] {processor.py:162} INFO - Started process (PID=2684) to work on /home/airflow/.local/lib/python3.6/site-packages/airflow/example_dags/example_branch_python_dop_operator_3.py
[2026-01-10 09:53:52,860] {processor.py:613} INFO - Processing file /home/airflow/.local/lib/python3.6/site-packages/airflow/example_dags/example_branch_python_dop_operator_3.py for tasks to queue
[2026-01-10 09:53:52,861] {logging_mixin.py:109} INFO - [2026-01-10 09:53:52,861] {dagbag.py:496} INFO - Filling up the DagBag from /home/airflow/.local/lib/python3.6/site-packages/airflow/example_dags/example_branch_python_dop_operator_3.py
[2026-01-10 09:53:52,898] {processor.py:623} INFO - DAG(s) dict_keys(['example_branch_dop_operator_v3']) retrieved from /home/airflow/.local/lib/python3.6/site-packages/airflow/example_dags/example_branch_python_dop_operator_3.py
[2026-01-10 09:53:52,936] {logging_mixin.py:109} INFO - [2026-01-10 09:53:52,935] {dag.py:1833} INFO - Sync 1 DAGs
[2026-01-10 09:53:52,994] {logging_mixin.py:109} INFO - [2026-01-10 09:53:52,994] {dag.py:2306} INFO - Setting next_dagrun for example_branch_dop_operator_v3 to 2026-01-08 00:00:00+00:00
[2026-01-10 09:53:53,014] {processor.py:170} INFO - Processing /home/airflow/.local/lib/python3.6/site-packages/airflow/example_dags/example_branch_python_dop_operator_3.py took 0.161 seconds
[2026-01-10 09:54:23,926] {processor.py:162} INFO - Started process (PID=2726) to work on /home/airflow/.local/lib/python3.6/site-packages/airflow/example_dags/example_branch_python_dop_operator_3.py
[2026-01-10 09:54:23,928] {processor.py:613} INFO - Processing file /home/airflow/.local/lib/python3.6/site-packages/airflow/example_dags/example_branch_python_dop_operator_3.py for tasks to queue
[2026-01-10 09:54:23,929] {logging_mixin.py:109} INFO - [2026-01-10 09:54:23,929] {dagbag.py:496} INFO - Filling up the DagBag from /home/airflow/.local/lib/python3.6/site-packages/airflow/example_dags/example_branch_python_dop_operator_3.py
[2026-01-10 09:54:23,959] {processor.py:623} INFO - DAG(s) dict_keys(['example_branch_dop_operator_v3']) retrieved from /home/airflow/.local/lib/python3.6/site-packages/airflow/example_dags/example_branch_python_dop_operator_3.py
[2026-01-10 09:54:24,023] {logging_mixin.py:109} INFO - [2026-01-10 09:54:24,023] {dag.py:1833} INFO - Sync 1 DAGs
[2026-01-10 09:54:24,060] {logging_mixin.py:109} INFO - [2026-01-10 09:54:24,060] {dag.py:2306} INFO - Setting next_dagrun for example_branch_dop_operator_v3 to 2026-01-08 00:00:00+00:00
[2026-01-10 09:54:24,073] {processor.py:170} INFO - Processing /home/airflow/.local/lib/python3.6/site-packages/airflow/example_dags/example_branch_python_dop_operator_3.py took 0.155 seconds
[2026-01-10 09:54:55,914] {processor.py:162} INFO - Started process (PID=2776) to work on /home/airflow/.local/lib/python3.6/site-packages/airflow/example_dags/example_branch_python_dop_operator_3.py
[2026-01-10 09:54:55,919] {processor.py:613} INFO - Processing file /home/airflow/.local/lib/python3.6/site-packages/airflow/example_dags/example_branch_python_dop_operator_3.py for tasks to queue
[2026-01-10 09:54:55,922] {logging_mixin.py:109} INFO - [2026-01-10 09:54:55,922] {dagbag.py:496} INFO - Filling up the DagBag from /home/airflow/.local/lib/python3.6/site-packages/airflow/example_dags/example_branch_python_dop_operator_3.py
[2026-01-10 09:54:55,971] {processor.py:623} INFO - DAG(s) dict_keys(['example_branch_dop_operator_v3']) retrieved from /home/airflow/.local/lib/python3.6/site-packages/airflow/example_dags/example_branch_python_dop_operator_3.py
[2026-01-10 09:54:56,014] {logging_mixin.py:109} INFO - [2026-01-10 09:54:56,014] {dag.py:1833} INFO - Sync 1 DAGs
[2026-01-10 09:54:56,069] {logging_mixin.py:109} INFO - [2026-01-10 09:54:56,069] {dag.py:2306} INFO - Setting next_dagrun for example_branch_dop_operator_v3 to 2026-01-08 00:00:00+00:00
[2026-01-10 09:54:56,093] {processor.py:170} INFO - Processing /home/airflow/.local/lib/python3.6/site-packages/airflow/example_dags/example_branch_python_dop_operator_3.py took 0.185 seconds
[2026-01-10 09:55:26,546] {processor.py:162} INFO - Started process (PID=2808) to work on /home/airflow/.local/lib/python3.6/site-packages/airflow/example_dags/example_branch_python_dop_operator_3.py
[2026-01-10 09:55:26,548] {processor.py:613} INFO - Processing file /home/airflow/.local/lib/python3.6/site-packages/airflow/example_dags/example_branch_python_dop_operator_3.py for tasks to queue
[2026-01-10 09:55:26,549] {logging_mixin.py:109} INFO - [2026-01-10 09:55:26,548] {dagbag.py:496} INFO - Filling up the DagBag from /home/airflow/.local/lib/python3.6/site-packages/airflow/example_dags/example_branch_python_dop_operator_3.py
[2026-01-10 09:55:26,579] {processor.py:623} INFO - DAG(s) dict_keys(['example_branch_dop_operator_v3']) retrieved from /home/airflow/.local/lib/python3.6/site-packages/airflow/example_dags/example_branch_python_dop_operator_3.py
[2026-01-10 09:55:26,621] {logging_mixin.py:109} INFO - [2026-01-10 09:55:26,621] {dag.py:1833} INFO - Sync 1 DAGs
[2026-01-10 09:55:26,675] {logging_mixin.py:109} INFO - [2026-01-10 09:55:26,674] {dag.py:2306} INFO - Setting next_dagrun for example_branch_dop_operator_v3 to 2026-01-08 00:00:00+00:00
[2026-01-10 09:55:26,701] {processor.py:170} INFO - Processing /home/airflow/.local/lib/python3.6/site-packages/airflow/example_dags/example_branch_python_dop_operator_3.py took 0.169 seconds
[2026-01-10 09:55:56,734] {processor.py:162} INFO - Started process (PID=2849) to work on /home/airflow/.local/lib/python3.6/site-packages/airflow/example_dags/example_branch_python_dop_operator_3.py
[2026-01-10 09:55:56,736] {processor.py:613} INFO - Processing file /home/airflow/.local/lib/python3.6/site-packages/airflow/example_dags/example_branch_python_dop_operator_3.py for tasks to queue
[2026-01-10 09:55:56,736] {logging_mixin.py:109} INFO - [2026-01-10 09:55:56,736] {dagbag.py:496} INFO - Filling up the DagBag from /home/airflow/.local/lib/python3.6/site-packages/airflow/example_dags/example_branch_python_dop_operator_3.py
[2026-01-10 09:55:56,760] {processor.py:623} INFO - DAG(s) dict_keys(['example_branch_dop_operator_v3']) retrieved from /home/airflow/.local/lib/python3.6/site-packages/airflow/example_dags/example_branch_python_dop_operator_3.py
[2026-01-10 09:55:56,793] {logging_mixin.py:109} INFO - [2026-01-10 09:55:56,793] {dag.py:1833} INFO - Sync 1 DAGs
[2026-01-10 09:55:56,852] {logging_mixin.py:109} INFO - [2026-01-10 09:55:56,852] {dag.py:2306} INFO - Setting next_dagrun for example_branch_dop_operator_v3 to 2026-01-08 00:00:00+00:00
[2026-01-10 09:55:56,865] {processor.py:170} INFO - Processing /home/airflow/.local/lib/python3.6/site-packages/airflow/example_dags/example_branch_python_dop_operator_3.py took 0.134 seconds
[2026-01-10 09:56:39,580] {processor.py:162} INFO - Started process (PID=2900) to work on /home/airflow/.local/lib/python3.6/site-packages/airflow/example_dags/example_branch_python_dop_operator_3.py
[2026-01-10 09:56:39,582] {processor.py:613} INFO - Processing file /home/airflow/.local/lib/python3.6/site-packages/airflow/example_dags/example_branch_python_dop_operator_3.py for tasks to queue
[2026-01-10 09:56:39,583] {logging_mixin.py:109} INFO - [2026-01-10 09:56:39,583] {dagbag.py:496} INFO - Filling up the DagBag from /home/airflow/.local/lib/python3.6/site-packages/airflow/example_dags/example_branch_python_dop_operator_3.py
[2026-01-10 09:56:39,618] {processor.py:623} INFO - DAG(s) dict_keys(['example_branch_dop_operator_v3']) retrieved from /home/airflow/.local/lib/python3.6/site-packages/airflow/example_dags/example_branch_python_dop_operator_3.py
[2026-01-10 09:56:39,771] {logging_mixin.py:109} INFO - [2026-01-10 09:56:39,771] {dag.py:1833} INFO - Sync 1 DAGs
[2026-01-10 09:56:39,835] {logging_mixin.py:109} INFO - [2026-01-10 09:56:39,835] {dag.py:2306} INFO - Setting next_dagrun for example_branch_dop_operator_v3 to 2026-01-08 00:00:00+00:00
[2026-01-10 09:56:39,852] {processor.py:170} INFO - Processing /home/airflow/.local/lib/python3.6/site-packages/airflow/example_dags/example_branch_python_dop_operator_3.py took 0.277 seconds
[2026-01-10 09:57:10,365] {processor.py:162} INFO - Started process (PID=2950) to work on /home/airflow/.local/lib/python3.6/site-packages/airflow/example_dags/example_branch_python_dop_operator_3.py
[2026-01-10 09:57:10,371] {processor.py:613} INFO - Processing file /home/airflow/.local/lib/python3.6/site-packages/airflow/example_dags/example_branch_python_dop_operator_3.py for tasks to queue
[2026-01-10 09:57:10,375] {logging_mixin.py:109} INFO - [2026-01-10 09:57:10,374] {dagbag.py:496} INFO - Filling up the DagBag from /home/airflow/.local/lib/python3.6/site-packages/airflow/example_dags/example_branch_python_dop_operator_3.py
[2026-01-10 09:57:10,447] {processor.py:623} INFO - DAG(s) dict_keys(['example_branch_dop_operator_v3']) retrieved from /home/airflow/.local/lib/python3.6/site-packages/airflow/example_dags/example_branch_python_dop_operator_3.py
[2026-01-10 09:57:10,556] {logging_mixin.py:109} INFO - [2026-01-10 09:57:10,556] {dag.py:1833} INFO - Sync 1 DAGs
[2026-01-10 09:57:10,692] {logging_mixin.py:109} INFO - [2026-01-10 09:57:10,692] {dag.py:2306} INFO - Setting next_dagrun for example_branch_dop_operator_v3 to 2026-01-08 00:00:00+00:00
[2026-01-10 09:57:10,752] {processor.py:170} INFO - Processing /home/airflow/.local/lib/python3.6/site-packages/airflow/example_dags/example_branch_python_dop_operator_3.py took 0.402 seconds
[2026-01-10 09:58:02,234] {processor.py:162} INFO - Started process (PID=2979) to work on /home/airflow/.local/lib/python3.6/site-packages/airflow/example_dags/example_branch_python_dop_operator_3.py
[2026-01-10 09:58:02,236] {processor.py:613} INFO - Processing file /home/airflow/.local/lib/python3.6/site-packages/airflow/example_dags/example_branch_python_dop_operator_3.py for tasks to queue
[2026-01-10 09:58:02,237] {logging_mixin.py:109} INFO - [2026-01-10 09:58:02,237] {dagbag.py:496} INFO - Filling up the DagBag from /home/airflow/.local/lib/python3.6/site-packages/airflow/example_dags/example_branch_python_dop_operator_3.py
[2026-01-10 09:58:02,283] {processor.py:623} INFO - DAG(s) dict_keys(['example_branch_dop_operator_v3']) retrieved from /home/airflow/.local/lib/python3.6/site-packages/airflow/example_dags/example_branch_python_dop_operator_3.py
[2026-01-10 09:58:03,367] {logging_mixin.py:109} INFO - [2026-01-10 09:58:03,367] {dag.py:1833} INFO - Sync 1 DAGs
[2026-01-10 09:58:03,407] {logging_mixin.py:109} INFO - [2026-01-10 09:58:03,407] {dag.py:2306} INFO - Setting next_dagrun for example_branch_dop_operator_v3 to 2026-01-08 00:00:00+00:00
[2026-01-10 09:58:03,430] {processor.py:170} INFO - Processing /home/airflow/.local/lib/python3.6/site-packages/airflow/example_dags/example_branch_python_dop_operator_3.py took 1.201 seconds
[2026-01-10 09:59:31,306] {processor.py:162} INFO - Started process (PID=3021) to work on /home/airflow/.local/lib/python3.6/site-packages/airflow/example_dags/example_branch_python_dop_operator_3.py
[2026-01-10 09:59:31,311] {processor.py:613} INFO - Processing file /home/airflow/.local/lib/python3.6/site-packages/airflow/example_dags/example_branch_python_dop_operator_3.py for tasks to queue
[2026-01-10 09:59:31,312] {logging_mixin.py:109} INFO - [2026-01-10 09:59:31,311] {dagbag.py:496} INFO - Filling up the DagBag from /home/airflow/.local/lib/python3.6/site-packages/airflow/example_dags/example_branch_python_dop_operator_3.py
[2026-01-10 09:59:31,363] {processor.py:623} INFO - DAG(s) dict_keys(['example_branch_dop_operator_v3']) retrieved from /home/airflow/.local/lib/python3.6/site-packages/airflow/example_dags/example_branch_python_dop_operator_3.py
[2026-01-10 09:59:31,623] {logging_mixin.py:109} INFO - [2026-01-10 09:59:31,623] {dag.py:1833} INFO - Sync 1 DAGs
[2026-01-10 09:59:31,676] {logging_mixin.py:109} INFO - [2026-01-10 09:59:31,675] {dag.py:2306} INFO - Setting next_dagrun for example_branch_dop_operator_v3 to 2026-01-08 00:00:00+00:00
[2026-01-10 09:59:31,690] {processor.py:170} INFO - Processing /home/airflow/.local/lib/python3.6/site-packages/airflow/example_dags/example_branch_python_dop_operator_3.py took 0.399 seconds
[2026-01-10 10:00:02,175] {processor.py:162} INFO - Started process (PID=3062) to work on /home/airflow/.local/lib/python3.6/site-packages/airflow/example_dags/example_branch_python_dop_operator_3.py
[2026-01-10 10:00:02,178] {processor.py:613} INFO - Processing file /home/airflow/.local/lib/python3.6/site-packages/airflow/example_dags/example_branch_python_dop_operator_3.py for tasks to queue
[2026-01-10 10:00:02,179] {logging_mixin.py:109} INFO - [2026-01-10 10:00:02,179] {dagbag.py:496} INFO - Filling up the DagBag from /home/airflow/.local/lib/python3.6/site-packages/airflow/example_dags/example_branch_python_dop_operator_3.py
[2026-01-10 10:00:02,208] {processor.py:623} INFO - DAG(s) dict_keys(['example_branch_dop_operator_v3']) retrieved from /home/airflow/.local/lib/python3.6/site-packages/airflow/example_dags/example_branch_python_dop_operator_3.py
[2026-01-10 10:00:02,245] {logging_mixin.py:109} INFO - [2026-01-10 10:00:02,245] {dag.py:1833} INFO - Sync 1 DAGs
[2026-01-10 10:00:02,308] {logging_mixin.py:109} INFO - [2026-01-10 10:00:02,308] {dag.py:2306} INFO - Setting next_dagrun for example_branch_dop_operator_v3 to 2026-01-08 00:00:00+00:00
[2026-01-10 10:00:02,329] {processor.py:170} INFO - Processing /home/airflow/.local/lib/python3.6/site-packages/airflow/example_dags/example_branch_python_dop_operator_3.py took 0.159 seconds
[2026-01-10 10:00:58,132] {processor.py:162} INFO - Started process (PID=3109) to work on /home/airflow/.local/lib/python3.6/site-packages/airflow/example_dags/example_branch_python_dop_operator_3.py
[2026-01-10 10:00:58,134] {processor.py:613} INFO - Processing file /home/airflow/.local/lib/python3.6/site-packages/airflow/example_dags/example_branch_python_dop_operator_3.py for tasks to queue
[2026-01-10 10:00:58,135] {logging_mixin.py:109} INFO - [2026-01-10 10:00:58,135] {dagbag.py:496} INFO - Filling up the DagBag from /home/airflow/.local/lib/python3.6/site-packages/airflow/example_dags/example_branch_python_dop_operator_3.py
[2026-01-10 10:00:58,168] {processor.py:623} INFO - DAG(s) dict_keys(['example_branch_dop_operator_v3']) retrieved from /home/airflow/.local/lib/python3.6/site-packages/airflow/example_dags/example_branch_python_dop_operator_3.py
[2026-01-10 10:00:58,208] {logging_mixin.py:109} INFO - [2026-01-10 10:00:58,207] {dag.py:1833} INFO - Sync 1 DAGs
[2026-01-10 10:00:58,274] {logging_mixin.py:109} INFO - [2026-01-10 10:00:58,274] {dag.py:2306} INFO - Setting next_dagrun for example_branch_dop_operator_v3 to 2026-01-08 00:00:00+00:00
[2026-01-10 10:00:58,308] {processor.py:170} INFO - Processing /home/airflow/.local/lib/python3.6/site-packages/airflow/example_dags/example_branch_python_dop_operator_3.py took 0.180 seconds
[2026-01-10 10:02:25,986] {processor.py:162} INFO - Started process (PID=3153) to work on /home/airflow/.local/lib/python3.6/site-packages/airflow/example_dags/example_branch_python_dop_operator_3.py
[2026-01-10 10:02:25,987] {processor.py:613} INFO - Processing file /home/airflow/.local/lib/python3.6/site-packages/airflow/example_dags/example_branch_python_dop_operator_3.py for tasks to queue
[2026-01-10 10:02:25,989] {logging_mixin.py:109} INFO - [2026-01-10 10:02:25,988] {dagbag.py:496} INFO - Filling up the DagBag from /home/airflow/.local/lib/python3.6/site-packages/airflow/example_dags/example_branch_python_dop_operator_3.py
[2026-01-10 10:02:26,030] {processor.py:623} INFO - DAG(s) dict_keys(['example_branch_dop_operator_v3']) retrieved from /home/airflow/.local/lib/python3.6/site-packages/airflow/example_dags/example_branch_python_dop_operator_3.py
[2026-01-10 10:02:26,061] {logging_mixin.py:109} INFO - [2026-01-10 10:02:26,061] {dag.py:1833} INFO - Sync 1 DAGs
[2026-01-10 10:02:26,087] {logging_mixin.py:109} INFO - [2026-01-10 10:02:26,087] {dag.py:2306} INFO - Setting next_dagrun for example_branch_dop_operator_v3 to 2026-01-08 00:00:00+00:00
[2026-01-10 10:02:26,100] {processor.py:170} INFO - Processing /home/airflow/.local/lib/python3.6/site-packages/airflow/example_dags/example_branch_python_dop_operator_3.py took 0.121 seconds
[2026-01-10 10:15:08,385] {processor.py:162} INFO - Started process (PID=70) to work on /home/airflow/.local/lib/python3.6/site-packages/airflow/example_dags/example_branch_python_dop_operator_3.py
[2026-01-10 10:15:08,409] {processor.py:613} INFO - Processing file /home/airflow/.local/lib/python3.6/site-packages/airflow/example_dags/example_branch_python_dop_operator_3.py for tasks to queue
[2026-01-10 10:15:08,409] {logging_mixin.py:109} INFO - [2026-01-10 10:15:08,409] {dagbag.py:496} INFO - Filling up the DagBag from /home/airflow/.local/lib/python3.6/site-packages/airflow/example_dags/example_branch_python_dop_operator_3.py
[2026-01-10 10:15:08,555] {processor.py:623} INFO - DAG(s) dict_keys(['example_branch_dop_operator_v3']) retrieved from /home/airflow/.local/lib/python3.6/site-packages/airflow/example_dags/example_branch_python_dop_operator_3.py
[2026-01-10 10:15:08,693] {logging_mixin.py:109} INFO - [2026-01-10 10:15:08,693] {dag.py:1833} INFO - Sync 1 DAGs
[2026-01-10 10:15:08,919] {logging_mixin.py:109} INFO - [2026-01-10 10:15:08,919] {dag.py:2306} INFO - Setting next_dagrun for example_branch_dop_operator_v3 to 2026-01-08 00:00:00+00:00
[2026-01-10 10:15:08,972] {processor.py:170} INFO - Processing /home/airflow/.local/lib/python3.6/site-packages/airflow/example_dags/example_branch_python_dop_operator_3.py took 0.613 seconds
[2026-01-10 10:15:39,667] {processor.py:162} INFO - Started process (PID=113) to work on /home/airflow/.local/lib/python3.6/site-packages/airflow/example_dags/example_branch_python_dop_operator_3.py
[2026-01-10 10:15:39,672] {processor.py:613} INFO - Processing file /home/airflow/.local/lib/python3.6/site-packages/airflow/example_dags/example_branch_python_dop_operator_3.py for tasks to queue
[2026-01-10 10:15:39,673] {logging_mixin.py:109} INFO - [2026-01-10 10:15:39,672] {dagbag.py:496} INFO - Filling up the DagBag from /home/airflow/.local/lib/python3.6/site-packages/airflow/example_dags/example_branch_python_dop_operator_3.py
[2026-01-10 10:15:39,753] {processor.py:623} INFO - DAG(s) dict_keys(['example_branch_dop_operator_v3']) retrieved from /home/airflow/.local/lib/python3.6/site-packages/airflow/example_dags/example_branch_python_dop_operator_3.py
[2026-01-10 10:15:39,838] {logging_mixin.py:109} INFO - [2026-01-10 10:15:39,838] {dag.py:1833} INFO - Sync 1 DAGs
[2026-01-10 10:15:39,947] {logging_mixin.py:109} INFO - [2026-01-10 10:15:39,947] {dag.py:2306} INFO - Setting next_dagrun for example_branch_dop_operator_v3 to 2026-01-08 00:00:00+00:00
[2026-01-10 10:15:39,984] {processor.py:170} INFO - Processing /home/airflow/.local/lib/python3.6/site-packages/airflow/example_dags/example_branch_python_dop_operator_3.py took 0.328 seconds
[2026-01-10 10:16:10,515] {processor.py:162} INFO - Started process (PID=164) to work on /home/airflow/.local/lib/python3.6/site-packages/airflow/example_dags/example_branch_python_dop_operator_3.py
[2026-01-10 10:16:10,531] {processor.py:613} INFO - Processing file /home/airflow/.local/lib/python3.6/site-packages/airflow/example_dags/example_branch_python_dop_operator_3.py for tasks to queue
[2026-01-10 10:16:10,535] {logging_mixin.py:109} INFO - [2026-01-10 10:16:10,535] {dagbag.py:496} INFO - Filling up the DagBag from /home/airflow/.local/lib/python3.6/site-packages/airflow/example_dags/example_branch_python_dop_operator_3.py
[2026-01-10 10:16:10,645] {processor.py:623} INFO - DAG(s) dict_keys(['example_branch_dop_operator_v3']) retrieved from /home/airflow/.local/lib/python3.6/site-packages/airflow/example_dags/example_branch_python_dop_operator_3.py
[2026-01-10 10:16:10,701] {logging_mixin.py:109} INFO - [2026-01-10 10:16:10,701] {dag.py:1833} INFO - Sync 1 DAGs
[2026-01-10 10:16:10,871] {logging_mixin.py:109} INFO - [2026-01-10 10:16:10,841] {dag.py:2306} INFO - Setting next_dagrun for example_branch_dop_operator_v3 to 2026-01-08 00:00:00+00:00
[2026-01-10 10:16:10,974] {processor.py:170} INFO - Processing /home/airflow/.local/lib/python3.6/site-packages/airflow/example_dags/example_branch_python_dop_operator_3.py took 0.468 seconds
[2026-01-10 10:16:41,581] {processor.py:162} INFO - Started process (PID=206) to work on /home/airflow/.local/lib/python3.6/site-packages/airflow/example_dags/example_branch_python_dop_operator_3.py
[2026-01-10 10:16:41,582] {processor.py:613} INFO - Processing file /home/airflow/.local/lib/python3.6/site-packages/airflow/example_dags/example_branch_python_dop_operator_3.py for tasks to queue
[2026-01-10 10:16:41,587] {logging_mixin.py:109} INFO - [2026-01-10 10:16:41,585] {dagbag.py:496} INFO - Filling up the DagBag from /home/airflow/.local/lib/python3.6/site-packages/airflow/example_dags/example_branch_python_dop_operator_3.py
[2026-01-10 10:16:41,666] {processor.py:623} INFO - DAG(s) dict_keys(['example_branch_dop_operator_v3']) retrieved from /home/airflow/.local/lib/python3.6/site-packages/airflow/example_dags/example_branch_python_dop_operator_3.py
[2026-01-10 10:16:41,799] {logging_mixin.py:109} INFO - [2026-01-10 10:16:41,799] {dag.py:1833} INFO - Sync 1 DAGs
[2026-01-10 10:16:41,949] {logging_mixin.py:109} INFO - [2026-01-10 10:16:41,948] {dag.py:2306} INFO - Setting next_dagrun for example_branch_dop_operator_v3 to 2026-01-08 00:00:00+00:00
[2026-01-10 10:16:42,003] {processor.py:170} INFO - Processing /home/airflow/.local/lib/python3.6/site-packages/airflow/example_dags/example_branch_python_dop_operator_3.py took 0.428 seconds
[2026-01-10 10:17:12,894] {processor.py:162} INFO - Started process (PID=257) to work on /home/airflow/.local/lib/python3.6/site-packages/airflow/example_dags/example_branch_python_dop_operator_3.py
[2026-01-10 10:17:12,895] {processor.py:613} INFO - Processing file /home/airflow/.local/lib/python3.6/site-packages/airflow/example_dags/example_branch_python_dop_operator_3.py for tasks to queue
[2026-01-10 10:17:12,896] {logging_mixin.py:109} INFO - [2026-01-10 10:17:12,896] {dagbag.py:496} INFO - Filling up the DagBag from /home/airflow/.local/lib/python3.6/site-packages/airflow/example_dags/example_branch_python_dop_operator_3.py
[2026-01-10 10:17:12,921] {processor.py:623} INFO - DAG(s) dict_keys(['example_branch_dop_operator_v3']) retrieved from /home/airflow/.local/lib/python3.6/site-packages/airflow/example_dags/example_branch_python_dop_operator_3.py
[2026-01-10 10:17:12,953] {logging_mixin.py:109} INFO - [2026-01-10 10:17:12,953] {dag.py:1833} INFO - Sync 1 DAGs
[2026-01-10 10:17:13,015] {logging_mixin.py:109} INFO - [2026-01-10 10:17:13,015] {dag.py:2306} INFO - Setting next_dagrun for example_branch_dop_operator_v3 to 2026-01-08 00:00:00+00:00
[2026-01-10 10:17:13,029] {processor.py:170} INFO - Processing /home/airflow/.local/lib/python3.6/site-packages/airflow/example_dags/example_branch_python_dop_operator_3.py took 0.140 seconds
[2026-01-10 10:17:43,666] {processor.py:162} INFO - Started process (PID=308) to work on /home/airflow/.local/lib/python3.6/site-packages/airflow/example_dags/example_branch_python_dop_operator_3.py
[2026-01-10 10:17:43,667] {processor.py:613} INFO - Processing file /home/airflow/.local/lib/python3.6/site-packages/airflow/example_dags/example_branch_python_dop_operator_3.py for tasks to queue
[2026-01-10 10:17:43,668] {logging_mixin.py:109} INFO - [2026-01-10 10:17:43,667] {dagbag.py:496} INFO - Filling up the DagBag from /home/airflow/.local/lib/python3.6/site-packages/airflow/example_dags/example_branch_python_dop_operator_3.py
[2026-01-10 10:17:43,688] {processor.py:623} INFO - DAG(s) dict_keys(['example_branch_dop_operator_v3']) retrieved from /home/airflow/.local/lib/python3.6/site-packages/airflow/example_dags/example_branch_python_dop_operator_3.py
[2026-01-10 10:17:43,718] {logging_mixin.py:109} INFO - [2026-01-10 10:17:43,718] {dag.py:1833} INFO - Sync 1 DAGs
[2026-01-10 10:17:43,755] {logging_mixin.py:109} INFO - [2026-01-10 10:17:43,755] {dag.py:2306} INFO - Setting next_dagrun for example_branch_dop_operator_v3 to 2026-01-08 00:00:00+00:00
[2026-01-10 10:17:43,771] {processor.py:170} INFO - Processing /home/airflow/.local/lib/python3.6/site-packages/airflow/example_dags/example_branch_python_dop_operator_3.py took 0.110 seconds
[2026-01-10 10:18:13,898] {processor.py:162} INFO - Started process (PID=360) to work on /home/airflow/.local/lib/python3.6/site-packages/airflow/example_dags/example_branch_python_dop_operator_3.py
[2026-01-10 10:18:13,900] {processor.py:613} INFO - Processing file /home/airflow/.local/lib/python3.6/site-packages/airflow/example_dags/example_branch_python_dop_operator_3.py for tasks to queue
[2026-01-10 10:18:13,901] {logging_mixin.py:109} INFO - [2026-01-10 10:18:13,901] {dagbag.py:496} INFO - Filling up the DagBag from /home/airflow/.local/lib/python3.6/site-packages/airflow/example_dags/example_branch_python_dop_operator_3.py
[2026-01-10 10:18:13,933] {processor.py:623} INFO - DAG(s) dict_keys(['example_branch_dop_operator_v3']) retrieved from /home/airflow/.local/lib/python3.6/site-packages/airflow/example_dags/example_branch_python_dop_operator_3.py
[2026-01-10 10:18:14,007] {logging_mixin.py:109} INFO - [2026-01-10 10:18:14,007] {dag.py:1833} INFO - Sync 1 DAGs
[2026-01-10 10:18:14,070] {logging_mixin.py:109} INFO - [2026-01-10 10:18:14,067] {dag.py:2306} INFO - Setting next_dagrun for example_branch_dop_operator_v3 to 2026-01-08 00:00:00+00:00
[2026-01-10 10:18:14,104] {processor.py:170} INFO - Processing /home/airflow/.local/lib/python3.6/site-packages/airflow/example_dags/example_branch_python_dop_operator_3.py took 0.210 seconds
[2026-01-10 10:18:44,559] {processor.py:162} INFO - Started process (PID=411) to work on /home/airflow/.local/lib/python3.6/site-packages/airflow/example_dags/example_branch_python_dop_operator_3.py
[2026-01-10 10:18:44,563] {processor.py:613} INFO - Processing file /home/airflow/.local/lib/python3.6/site-packages/airflow/example_dags/example_branch_python_dop_operator_3.py for tasks to queue
[2026-01-10 10:18:44,564] {logging_mixin.py:109} INFO - [2026-01-10 10:18:44,564] {dagbag.py:496} INFO - Filling up the DagBag from /home/airflow/.local/lib/python3.6/site-packages/airflow/example_dags/example_branch_python_dop_operator_3.py
[2026-01-10 10:18:44,634] {processor.py:623} INFO - DAG(s) dict_keys(['example_branch_dop_operator_v3']) retrieved from /home/airflow/.local/lib/python3.6/site-packages/airflow/example_dags/example_branch_python_dop_operator_3.py
[2026-01-10 10:18:44,682] {logging_mixin.py:109} INFO - [2026-01-10 10:18:44,681] {dag.py:1833} INFO - Sync 1 DAGs
[2026-01-10 10:18:44,744] {logging_mixin.py:109} INFO - [2026-01-10 10:18:44,743] {dag.py:2306} INFO - Setting next_dagrun for example_branch_dop_operator_v3 to 2026-01-08 00:00:00+00:00
[2026-01-10 10:18:44,808] {processor.py:170} INFO - Processing /home/airflow/.local/lib/python3.6/site-packages/airflow/example_dags/example_branch_python_dop_operator_3.py took 0.254 seconds
[2026-01-10 10:19:14,885] {processor.py:162} INFO - Started process (PID=462) to work on /home/airflow/.local/lib/python3.6/site-packages/airflow/example_dags/example_branch_python_dop_operator_3.py
[2026-01-10 10:19:14,886] {processor.py:613} INFO - Processing file /home/airflow/.local/lib/python3.6/site-packages/airflow/example_dags/example_branch_python_dop_operator_3.py for tasks to queue
[2026-01-10 10:19:14,887] {logging_mixin.py:109} INFO - [2026-01-10 10:19:14,887] {dagbag.py:496} INFO - Filling up the DagBag from /home/airflow/.local/lib/python3.6/site-packages/airflow/example_dags/example_branch_python_dop_operator_3.py
[2026-01-10 10:19:14,912] {processor.py:623} INFO - DAG(s) dict_keys(['example_branch_dop_operator_v3']) retrieved from /home/airflow/.local/lib/python3.6/site-packages/airflow/example_dags/example_branch_python_dop_operator_3.py
[2026-01-10 10:19:15,095] {logging_mixin.py:109} INFO - [2026-01-10 10:19:15,095] {dag.py:1833} INFO - Sync 1 DAGs
[2026-01-10 10:19:15,308] {logging_mixin.py:109} INFO - [2026-01-10 10:19:15,300] {dag.py:2306} INFO - Setting next_dagrun for example_branch_dop_operator_v3 to 2026-01-08 00:00:00+00:00
[2026-01-10 10:19:15,359] {processor.py:170} INFO - Processing /home/airflow/.local/lib/python3.6/site-packages/airflow/example_dags/example_branch_python_dop_operator_3.py took 0.480 seconds
[2026-01-10 10:19:45,632] {processor.py:162} INFO - Started process (PID=514) to work on /home/airflow/.local/lib/python3.6/site-packages/airflow/example_dags/example_branch_python_dop_operator_3.py
[2026-01-10 10:19:45,636] {processor.py:613} INFO - Processing file /home/airflow/.local/lib/python3.6/site-packages/airflow/example_dags/example_branch_python_dop_operator_3.py for tasks to queue
[2026-01-10 10:19:45,637] {logging_mixin.py:109} INFO - [2026-01-10 10:19:45,637] {dagbag.py:496} INFO - Filling up the DagBag from /home/airflow/.local/lib/python3.6/site-packages/airflow/example_dags/example_branch_python_dop_operator_3.py
[2026-01-10 10:19:45,665] {processor.py:623} INFO - DAG(s) dict_keys(['example_branch_dop_operator_v3']) retrieved from /home/airflow/.local/lib/python3.6/site-packages/airflow/example_dags/example_branch_python_dop_operator_3.py
[2026-01-10 10:19:45,791] {logging_mixin.py:109} INFO - [2026-01-10 10:19:45,790] {dag.py:1833} INFO - Sync 1 DAGs
[2026-01-10 10:19:45,895] {logging_mixin.py:109} INFO - [2026-01-10 10:19:45,895] {dag.py:2306} INFO - Setting next_dagrun for example_branch_dop_operator_v3 to 2026-01-08 00:00:00+00:00
[2026-01-10 10:19:45,923] {processor.py:170} INFO - Processing /home/airflow/.local/lib/python3.6/site-packages/airflow/example_dags/example_branch_python_dop_operator_3.py took 0.311 seconds
[2026-01-10 10:20:16,226] {processor.py:162} INFO - Started process (PID=566) to work on /home/airflow/.local/lib/python3.6/site-packages/airflow/example_dags/example_branch_python_dop_operator_3.py
[2026-01-10 10:20:16,227] {processor.py:613} INFO - Processing file /home/airflow/.local/lib/python3.6/site-packages/airflow/example_dags/example_branch_python_dop_operator_3.py for tasks to queue
[2026-01-10 10:20:16,228] {logging_mixin.py:109} INFO - [2026-01-10 10:20:16,228] {dagbag.py:496} INFO - Filling up the DagBag from /home/airflow/.local/lib/python3.6/site-packages/airflow/example_dags/example_branch_python_dop_operator_3.py
[2026-01-10 10:20:16,249] {processor.py:623} INFO - DAG(s) dict_keys(['example_branch_dop_operator_v3']) retrieved from /home/airflow/.local/lib/python3.6/site-packages/airflow/example_dags/example_branch_python_dop_operator_3.py
[2026-01-10 10:20:16,280] {logging_mixin.py:109} INFO - [2026-01-10 10:20:16,280] {dag.py:1833} INFO - Sync 1 DAGs
[2026-01-10 10:20:16,317] {logging_mixin.py:109} INFO - [2026-01-10 10:20:16,317] {dag.py:2306} INFO - Setting next_dagrun for example_branch_dop_operator_v3 to 2026-01-08 00:00:00+00:00
[2026-01-10 10:20:16,331] {processor.py:170} INFO - Processing /home/airflow/.local/lib/python3.6/site-packages/airflow/example_dags/example_branch_python_dop_operator_3.py took 0.110 seconds
