[2026-01-10 09:28:26,459] {processor.py:162} INFO - Started process (PID=188) to work on /home/airflow/.local/lib/python3.6/site-packages/airflow/example_dags/example_trigger_controller_dag.py
[2026-01-10 09:28:26,467] {processor.py:613} INFO - Processing file /home/airflow/.local/lib/python3.6/site-packages/airflow/example_dags/example_trigger_controller_dag.py for tasks to queue
[2026-01-10 09:28:26,468] {logging_mixin.py:109} INFO - [2026-01-10 09:28:26,468] {dagbag.py:496} INFO - Filling up the DagBag from /home/airflow/.local/lib/python3.6/site-packages/airflow/example_dags/example_trigger_controller_dag.py
[2026-01-10 09:28:26,571] {processor.py:623} INFO - DAG(s) dict_keys(['example_trigger_controller_dag']) retrieved from /home/airflow/.local/lib/python3.6/site-packages/airflow/example_dags/example_trigger_controller_dag.py
[2026-01-10 09:28:31,755] {logging_mixin.py:109} INFO - [2026-01-10 09:28:31,753] {dag.py:1833} INFO - Sync 1 DAGs
[2026-01-10 09:28:31,820] {logging_mixin.py:109} INFO - [2026-01-10 09:28:31,818] {dag.py:1852} INFO - Creating ORM DAG for example_trigger_controller_dag
[2026-01-10 09:28:31,838] {logging_mixin.py:109} INFO - [2026-01-10 09:28:31,838] {dag.py:2306} INFO - Setting next_dagrun for example_trigger_controller_dag to 2026-01-08 00:00:00+00:00
[2026-01-10 09:28:31,869] {processor.py:170} INFO - Processing /home/airflow/.local/lib/python3.6/site-packages/airflow/example_dags/example_trigger_controller_dag.py took 5.428 seconds
[2026-01-10 09:29:03,170] {processor.py:162} INFO - Started process (PID=284) to work on /home/airflow/.local/lib/python3.6/site-packages/airflow/example_dags/example_trigger_controller_dag.py
[2026-01-10 09:29:03,173] {processor.py:613} INFO - Processing file /home/airflow/.local/lib/python3.6/site-packages/airflow/example_dags/example_trigger_controller_dag.py for tasks to queue
[2026-01-10 09:29:03,175] {logging_mixin.py:109} INFO - [2026-01-10 09:29:03,175] {dagbag.py:496} INFO - Filling up the DagBag from /home/airflow/.local/lib/python3.6/site-packages/airflow/example_dags/example_trigger_controller_dag.py
[2026-01-10 09:29:03,194] {processor.py:623} INFO - DAG(s) dict_keys(['example_trigger_controller_dag']) retrieved from /home/airflow/.local/lib/python3.6/site-packages/airflow/example_dags/example_trigger_controller_dag.py
[2026-01-10 09:29:03,226] {logging_mixin.py:109} INFO - [2026-01-10 09:29:03,226] {dag.py:1833} INFO - Sync 1 DAGs
[2026-01-10 09:29:03,245] {logging_mixin.py:109} INFO - [2026-01-10 09:29:03,245] {dag.py:2306} INFO - Setting next_dagrun for example_trigger_controller_dag to 2026-01-08 00:00:00+00:00
[2026-01-10 09:29:03,265] {processor.py:170} INFO - Processing /home/airflow/.local/lib/python3.6/site-packages/airflow/example_dags/example_trigger_controller_dag.py took 0.099 seconds
[2026-01-10 09:29:34,108] {processor.py:162} INFO - Started process (PID=335) to work on /home/airflow/.local/lib/python3.6/site-packages/airflow/example_dags/example_trigger_controller_dag.py
[2026-01-10 09:29:34,109] {processor.py:613} INFO - Processing file /home/airflow/.local/lib/python3.6/site-packages/airflow/example_dags/example_trigger_controller_dag.py for tasks to queue
[2026-01-10 09:29:34,111] {logging_mixin.py:109} INFO - [2026-01-10 09:29:34,110] {dagbag.py:496} INFO - Filling up the DagBag from /home/airflow/.local/lib/python3.6/site-packages/airflow/example_dags/example_trigger_controller_dag.py
[2026-01-10 09:29:34,126] {processor.py:623} INFO - DAG(s) dict_keys(['example_trigger_controller_dag']) retrieved from /home/airflow/.local/lib/python3.6/site-packages/airflow/example_dags/example_trigger_controller_dag.py
[2026-01-10 09:29:34,158] {logging_mixin.py:109} INFO - [2026-01-10 09:29:34,158] {dag.py:1833} INFO - Sync 1 DAGs
[2026-01-10 09:29:34,183] {logging_mixin.py:109} INFO - [2026-01-10 09:29:34,183] {dag.py:2306} INFO - Setting next_dagrun for example_trigger_controller_dag to 2026-01-08 00:00:00+00:00
[2026-01-10 09:29:34,194] {processor.py:170} INFO - Processing /home/airflow/.local/lib/python3.6/site-packages/airflow/example_dags/example_trigger_controller_dag.py took 0.089 seconds
[2026-01-10 09:30:05,089] {processor.py:162} INFO - Started process (PID=385) to work on /home/airflow/.local/lib/python3.6/site-packages/airflow/example_dags/example_trigger_controller_dag.py
[2026-01-10 09:30:05,091] {processor.py:613} INFO - Processing file /home/airflow/.local/lib/python3.6/site-packages/airflow/example_dags/example_trigger_controller_dag.py for tasks to queue
[2026-01-10 09:30:05,092] {logging_mixin.py:109} INFO - [2026-01-10 09:30:05,092] {dagbag.py:496} INFO - Filling up the DagBag from /home/airflow/.local/lib/python3.6/site-packages/airflow/example_dags/example_trigger_controller_dag.py
[2026-01-10 09:30:05,112] {processor.py:623} INFO - DAG(s) dict_keys(['example_trigger_controller_dag']) retrieved from /home/airflow/.local/lib/python3.6/site-packages/airflow/example_dags/example_trigger_controller_dag.py
[2026-01-10 09:30:05,146] {logging_mixin.py:109} INFO - [2026-01-10 09:30:05,146] {dag.py:1833} INFO - Sync 1 DAGs
[2026-01-10 09:30:05,174] {logging_mixin.py:109} INFO - [2026-01-10 09:30:05,174] {dag.py:2306} INFO - Setting next_dagrun for example_trigger_controller_dag to 2026-01-08 00:00:00+00:00
[2026-01-10 09:30:05,193] {processor.py:170} INFO - Processing /home/airflow/.local/lib/python3.6/site-packages/airflow/example_dags/example_trigger_controller_dag.py took 0.109 seconds
[2026-01-10 09:30:35,715] {processor.py:162} INFO - Started process (PID=436) to work on /home/airflow/.local/lib/python3.6/site-packages/airflow/example_dags/example_trigger_controller_dag.py
[2026-01-10 09:30:35,717] {processor.py:613} INFO - Processing file /home/airflow/.local/lib/python3.6/site-packages/airflow/example_dags/example_trigger_controller_dag.py for tasks to queue
[2026-01-10 09:30:35,718] {logging_mixin.py:109} INFO - [2026-01-10 09:30:35,717] {dagbag.py:496} INFO - Filling up the DagBag from /home/airflow/.local/lib/python3.6/site-packages/airflow/example_dags/example_trigger_controller_dag.py
[2026-01-10 09:30:35,737] {processor.py:623} INFO - DAG(s) dict_keys(['example_trigger_controller_dag']) retrieved from /home/airflow/.local/lib/python3.6/site-packages/airflow/example_dags/example_trigger_controller_dag.py
[2026-01-10 09:30:35,777] {logging_mixin.py:109} INFO - [2026-01-10 09:30:35,777] {dag.py:1833} INFO - Sync 1 DAGs
[2026-01-10 09:30:35,803] {logging_mixin.py:109} INFO - [2026-01-10 09:30:35,803] {dag.py:2306} INFO - Setting next_dagrun for example_trigger_controller_dag to 2026-01-08 00:00:00+00:00
[2026-01-10 09:30:35,818] {processor.py:170} INFO - Processing /home/airflow/.local/lib/python3.6/site-packages/airflow/example_dags/example_trigger_controller_dag.py took 0.109 seconds
[2026-01-10 09:31:06,430] {processor.py:162} INFO - Started process (PID=496) to work on /home/airflow/.local/lib/python3.6/site-packages/airflow/example_dags/example_trigger_controller_dag.py
[2026-01-10 09:31:06,432] {processor.py:613} INFO - Processing file /home/airflow/.local/lib/python3.6/site-packages/airflow/example_dags/example_trigger_controller_dag.py for tasks to queue
[2026-01-10 09:31:06,433] {logging_mixin.py:109} INFO - [2026-01-10 09:31:06,432] {dagbag.py:496} INFO - Filling up the DagBag from /home/airflow/.local/lib/python3.6/site-packages/airflow/example_dags/example_trigger_controller_dag.py
[2026-01-10 09:31:06,460] {processor.py:623} INFO - DAG(s) dict_keys(['example_trigger_controller_dag']) retrieved from /home/airflow/.local/lib/python3.6/site-packages/airflow/example_dags/example_trigger_controller_dag.py
[2026-01-10 09:31:06,503] {logging_mixin.py:109} INFO - [2026-01-10 09:31:06,503] {dag.py:1833} INFO - Sync 1 DAGs
[2026-01-10 09:31:06,530] {logging_mixin.py:109} INFO - [2026-01-10 09:31:06,530] {dag.py:2306} INFO - Setting next_dagrun for example_trigger_controller_dag to 2026-01-08 00:00:00+00:00
[2026-01-10 09:31:06,547] {processor.py:170} INFO - Processing /home/airflow/.local/lib/python3.6/site-packages/airflow/example_dags/example_trigger_controller_dag.py took 0.127 seconds
[2026-01-10 09:31:37,771] {processor.py:162} INFO - Started process (PID=547) to work on /home/airflow/.local/lib/python3.6/site-packages/airflow/example_dags/example_trigger_controller_dag.py
[2026-01-10 09:31:37,774] {processor.py:613} INFO - Processing file /home/airflow/.local/lib/python3.6/site-packages/airflow/example_dags/example_trigger_controller_dag.py for tasks to queue
[2026-01-10 09:31:37,777] {logging_mixin.py:109} INFO - [2026-01-10 09:31:37,777] {dagbag.py:496} INFO - Filling up the DagBag from /home/airflow/.local/lib/python3.6/site-packages/airflow/example_dags/example_trigger_controller_dag.py
[2026-01-10 09:31:37,799] {processor.py:623} INFO - DAG(s) dict_keys(['example_trigger_controller_dag']) retrieved from /home/airflow/.local/lib/python3.6/site-packages/airflow/example_dags/example_trigger_controller_dag.py
[2026-01-10 09:31:37,853] {logging_mixin.py:109} INFO - [2026-01-10 09:31:37,853] {dag.py:1833} INFO - Sync 1 DAGs
[2026-01-10 09:31:37,889] {logging_mixin.py:109} INFO - [2026-01-10 09:31:37,889] {dag.py:2306} INFO - Setting next_dagrun for example_trigger_controller_dag to 2026-01-08 00:00:00+00:00
[2026-01-10 09:31:37,906] {processor.py:170} INFO - Processing /home/airflow/.local/lib/python3.6/site-packages/airflow/example_dags/example_trigger_controller_dag.py took 0.141 seconds
[2026-01-10 09:32:07,973] {processor.py:162} INFO - Started process (PID=598) to work on /home/airflow/.local/lib/python3.6/site-packages/airflow/example_dags/example_trigger_controller_dag.py
[2026-01-10 09:32:07,976] {processor.py:613} INFO - Processing file /home/airflow/.local/lib/python3.6/site-packages/airflow/example_dags/example_trigger_controller_dag.py for tasks to queue
[2026-01-10 09:32:07,977] {logging_mixin.py:109} INFO - [2026-01-10 09:32:07,977] {dagbag.py:496} INFO - Filling up the DagBag from /home/airflow/.local/lib/python3.6/site-packages/airflow/example_dags/example_trigger_controller_dag.py
[2026-01-10 09:32:07,995] {processor.py:623} INFO - DAG(s) dict_keys(['example_trigger_controller_dag']) retrieved from /home/airflow/.local/lib/python3.6/site-packages/airflow/example_dags/example_trigger_controller_dag.py
[2026-01-10 09:32:08,035] {logging_mixin.py:109} INFO - [2026-01-10 09:32:08,035] {dag.py:1833} INFO - Sync 1 DAGs
[2026-01-10 09:32:08,067] {logging_mixin.py:109} INFO - [2026-01-10 09:32:08,067] {dag.py:2306} INFO - Setting next_dagrun for example_trigger_controller_dag to 2026-01-08 00:00:00+00:00
[2026-01-10 09:32:08,088] {processor.py:170} INFO - Processing /home/airflow/.local/lib/python3.6/site-packages/airflow/example_dags/example_trigger_controller_dag.py took 0.121 seconds
[2026-01-10 09:32:38,134] {processor.py:162} INFO - Started process (PID=648) to work on /home/airflow/.local/lib/python3.6/site-packages/airflow/example_dags/example_trigger_controller_dag.py
[2026-01-10 09:32:38,135] {processor.py:613} INFO - Processing file /home/airflow/.local/lib/python3.6/site-packages/airflow/example_dags/example_trigger_controller_dag.py for tasks to queue
[2026-01-10 09:32:38,136] {logging_mixin.py:109} INFO - [2026-01-10 09:32:38,136] {dagbag.py:496} INFO - Filling up the DagBag from /home/airflow/.local/lib/python3.6/site-packages/airflow/example_dags/example_trigger_controller_dag.py
[2026-01-10 09:32:38,156] {processor.py:623} INFO - DAG(s) dict_keys(['example_trigger_controller_dag']) retrieved from /home/airflow/.local/lib/python3.6/site-packages/airflow/example_dags/example_trigger_controller_dag.py
[2026-01-10 09:32:38,194] {logging_mixin.py:109} INFO - [2026-01-10 09:32:38,194] {dag.py:1833} INFO - Sync 1 DAGs
[2026-01-10 09:32:38,217] {logging_mixin.py:109} INFO - [2026-01-10 09:32:38,217] {dag.py:2306} INFO - Setting next_dagrun for example_trigger_controller_dag to 2026-01-08 00:00:00+00:00
[2026-01-10 09:32:38,235] {processor.py:170} INFO - Processing /home/airflow/.local/lib/python3.6/site-packages/airflow/example_dags/example_trigger_controller_dag.py took 0.109 seconds
[2026-01-10 09:33:09,405] {processor.py:162} INFO - Started process (PID=699) to work on /home/airflow/.local/lib/python3.6/site-packages/airflow/example_dags/example_trigger_controller_dag.py
[2026-01-10 09:33:09,407] {processor.py:613} INFO - Processing file /home/airflow/.local/lib/python3.6/site-packages/airflow/example_dags/example_trigger_controller_dag.py for tasks to queue
[2026-01-10 09:33:09,409] {logging_mixin.py:109} INFO - [2026-01-10 09:33:09,409] {dagbag.py:496} INFO - Filling up the DagBag from /home/airflow/.local/lib/python3.6/site-packages/airflow/example_dags/example_trigger_controller_dag.py
[2026-01-10 09:33:09,422] {processor.py:623} INFO - DAG(s) dict_keys(['example_trigger_controller_dag']) retrieved from /home/airflow/.local/lib/python3.6/site-packages/airflow/example_dags/example_trigger_controller_dag.py
[2026-01-10 09:33:09,457] {logging_mixin.py:109} INFO - [2026-01-10 09:33:09,456] {dag.py:1833} INFO - Sync 1 DAGs
[2026-01-10 09:33:09,479] {logging_mixin.py:109} INFO - [2026-01-10 09:33:09,479] {dag.py:2306} INFO - Setting next_dagrun for example_trigger_controller_dag to 2026-01-08 00:00:00+00:00
[2026-01-10 09:33:09,493] {processor.py:170} INFO - Processing /home/airflow/.local/lib/python3.6/site-packages/airflow/example_dags/example_trigger_controller_dag.py took 0.097 seconds
[2026-01-10 09:33:39,844] {processor.py:162} INFO - Started process (PID=749) to work on /home/airflow/.local/lib/python3.6/site-packages/airflow/example_dags/example_trigger_controller_dag.py
[2026-01-10 09:33:39,845] {processor.py:613} INFO - Processing file /home/airflow/.local/lib/python3.6/site-packages/airflow/example_dags/example_trigger_controller_dag.py for tasks to queue
[2026-01-10 09:33:39,846] {logging_mixin.py:109} INFO - [2026-01-10 09:33:39,846] {dagbag.py:496} INFO - Filling up the DagBag from /home/airflow/.local/lib/python3.6/site-packages/airflow/example_dags/example_trigger_controller_dag.py
[2026-01-10 09:33:39,863] {processor.py:623} INFO - DAG(s) dict_keys(['example_trigger_controller_dag']) retrieved from /home/airflow/.local/lib/python3.6/site-packages/airflow/example_dags/example_trigger_controller_dag.py
[2026-01-10 09:33:39,897] {logging_mixin.py:109} INFO - [2026-01-10 09:33:39,897] {dag.py:1833} INFO - Sync 1 DAGs
[2026-01-10 09:33:39,918] {logging_mixin.py:109} INFO - [2026-01-10 09:33:39,917] {dag.py:2306} INFO - Setting next_dagrun for example_trigger_controller_dag to 2026-01-08 00:00:00+00:00
[2026-01-10 09:33:39,930] {processor.py:170} INFO - Processing /home/airflow/.local/lib/python3.6/site-packages/airflow/example_dags/example_trigger_controller_dag.py took 0.092 seconds
[2026-01-10 09:34:10,125] {processor.py:162} INFO - Started process (PID=807) to work on /home/airflow/.local/lib/python3.6/site-packages/airflow/example_dags/example_trigger_controller_dag.py
[2026-01-10 09:34:10,127] {processor.py:613} INFO - Processing file /home/airflow/.local/lib/python3.6/site-packages/airflow/example_dags/example_trigger_controller_dag.py for tasks to queue
[2026-01-10 09:34:10,127] {logging_mixin.py:109} INFO - [2026-01-10 09:34:10,127] {dagbag.py:496} INFO - Filling up the DagBag from /home/airflow/.local/lib/python3.6/site-packages/airflow/example_dags/example_trigger_controller_dag.py
[2026-01-10 09:34:10,144] {processor.py:623} INFO - DAG(s) dict_keys(['example_trigger_controller_dag']) retrieved from /home/airflow/.local/lib/python3.6/site-packages/airflow/example_dags/example_trigger_controller_dag.py
[2026-01-10 09:34:10,171] {logging_mixin.py:109} INFO - [2026-01-10 09:34:10,171] {dag.py:1833} INFO - Sync 1 DAGs
[2026-01-10 09:34:10,196] {logging_mixin.py:109} INFO - [2026-01-10 09:34:10,196] {dag.py:2306} INFO - Setting next_dagrun for example_trigger_controller_dag to 2026-01-08 00:00:00+00:00
[2026-01-10 09:34:10,216] {processor.py:170} INFO - Processing /home/airflow/.local/lib/python3.6/site-packages/airflow/example_dags/example_trigger_controller_dag.py took 0.093 seconds
[2026-01-10 09:34:41,157] {processor.py:162} INFO - Started process (PID=861) to work on /home/airflow/.local/lib/python3.6/site-packages/airflow/example_dags/example_trigger_controller_dag.py
[2026-01-10 09:34:41,158] {processor.py:613} INFO - Processing file /home/airflow/.local/lib/python3.6/site-packages/airflow/example_dags/example_trigger_controller_dag.py for tasks to queue
[2026-01-10 09:34:41,160] {logging_mixin.py:109} INFO - [2026-01-10 09:34:41,160] {dagbag.py:496} INFO - Filling up the DagBag from /home/airflow/.local/lib/python3.6/site-packages/airflow/example_dags/example_trigger_controller_dag.py
[2026-01-10 09:34:41,177] {processor.py:623} INFO - DAG(s) dict_keys(['example_trigger_controller_dag']) retrieved from /home/airflow/.local/lib/python3.6/site-packages/airflow/example_dags/example_trigger_controller_dag.py
[2026-01-10 09:34:41,212] {logging_mixin.py:109} INFO - [2026-01-10 09:34:41,212] {dag.py:1833} INFO - Sync 1 DAGs
[2026-01-10 09:34:41,236] {logging_mixin.py:109} INFO - [2026-01-10 09:34:41,236] {dag.py:2306} INFO - Setting next_dagrun for example_trigger_controller_dag to 2026-01-08 00:00:00+00:00
[2026-01-10 09:34:41,251] {processor.py:170} INFO - Processing /home/airflow/.local/lib/python3.6/site-packages/airflow/example_dags/example_trigger_controller_dag.py took 0.100 seconds
[2026-01-10 09:35:11,488] {processor.py:162} INFO - Started process (PID=912) to work on /home/airflow/.local/lib/python3.6/site-packages/airflow/example_dags/example_trigger_controller_dag.py
[2026-01-10 09:35:11,489] {processor.py:613} INFO - Processing file /home/airflow/.local/lib/python3.6/site-packages/airflow/example_dags/example_trigger_controller_dag.py for tasks to queue
[2026-01-10 09:35:11,490] {logging_mixin.py:109} INFO - [2026-01-10 09:35:11,490] {dagbag.py:496} INFO - Filling up the DagBag from /home/airflow/.local/lib/python3.6/site-packages/airflow/example_dags/example_trigger_controller_dag.py
[2026-01-10 09:35:11,508] {processor.py:623} INFO - DAG(s) dict_keys(['example_trigger_controller_dag']) retrieved from /home/airflow/.local/lib/python3.6/site-packages/airflow/example_dags/example_trigger_controller_dag.py
[2026-01-10 09:35:11,536] {logging_mixin.py:109} INFO - [2026-01-10 09:35:11,536] {dag.py:1833} INFO - Sync 1 DAGs
[2026-01-10 09:35:11,555] {logging_mixin.py:109} INFO - [2026-01-10 09:35:11,555] {dag.py:2306} INFO - Setting next_dagrun for example_trigger_controller_dag to 2026-01-08 00:00:00+00:00
[2026-01-10 09:35:11,567] {processor.py:170} INFO - Processing /home/airflow/.local/lib/python3.6/site-packages/airflow/example_dags/example_trigger_controller_dag.py took 0.084 seconds
[2026-01-10 09:35:42,116] {processor.py:162} INFO - Started process (PID=963) to work on /home/airflow/.local/lib/python3.6/site-packages/airflow/example_dags/example_trigger_controller_dag.py
[2026-01-10 09:35:42,118] {processor.py:613} INFO - Processing file /home/airflow/.local/lib/python3.6/site-packages/airflow/example_dags/example_trigger_controller_dag.py for tasks to queue
[2026-01-10 09:35:42,120] {logging_mixin.py:109} INFO - [2026-01-10 09:35:42,119] {dagbag.py:496} INFO - Filling up the DagBag from /home/airflow/.local/lib/python3.6/site-packages/airflow/example_dags/example_trigger_controller_dag.py
[2026-01-10 09:35:42,143] {processor.py:623} INFO - DAG(s) dict_keys(['example_trigger_controller_dag']) retrieved from /home/airflow/.local/lib/python3.6/site-packages/airflow/example_dags/example_trigger_controller_dag.py
[2026-01-10 09:35:42,184] {logging_mixin.py:109} INFO - [2026-01-10 09:35:42,184] {dag.py:1833} INFO - Sync 1 DAGs
[2026-01-10 09:35:42,212] {logging_mixin.py:109} INFO - [2026-01-10 09:35:42,212] {dag.py:2306} INFO - Setting next_dagrun for example_trigger_controller_dag to 2026-01-08 00:00:00+00:00
[2026-01-10 09:35:42,232] {processor.py:170} INFO - Processing /home/airflow/.local/lib/python3.6/site-packages/airflow/example_dags/example_trigger_controller_dag.py took 0.125 seconds
[2026-01-10 09:36:12,635] {processor.py:162} INFO - Started process (PID=1014) to work on /home/airflow/.local/lib/python3.6/site-packages/airflow/example_dags/example_trigger_controller_dag.py
[2026-01-10 09:36:12,652] {processor.py:613} INFO - Processing file /home/airflow/.local/lib/python3.6/site-packages/airflow/example_dags/example_trigger_controller_dag.py for tasks to queue
[2026-01-10 09:36:12,654] {logging_mixin.py:109} INFO - [2026-01-10 09:36:12,654] {dagbag.py:496} INFO - Filling up the DagBag from /home/airflow/.local/lib/python3.6/site-packages/airflow/example_dags/example_trigger_controller_dag.py
[2026-01-10 09:36:12,710] {processor.py:623} INFO - DAG(s) dict_keys(['example_trigger_controller_dag']) retrieved from /home/airflow/.local/lib/python3.6/site-packages/airflow/example_dags/example_trigger_controller_dag.py
[2026-01-10 09:36:12,808] {logging_mixin.py:109} INFO - [2026-01-10 09:36:12,808] {dag.py:1833} INFO - Sync 1 DAGs
[2026-01-10 09:36:12,840] {logging_mixin.py:109} INFO - [2026-01-10 09:36:12,839] {dag.py:2306} INFO - Setting next_dagrun for example_trigger_controller_dag to 2026-01-08 00:00:00+00:00
[2026-01-10 09:36:12,857] {processor.py:170} INFO - Processing /home/airflow/.local/lib/python3.6/site-packages/airflow/example_dags/example_trigger_controller_dag.py took 0.245 seconds
[2026-01-10 09:36:43,664] {processor.py:162} INFO - Started process (PID=1063) to work on /home/airflow/.local/lib/python3.6/site-packages/airflow/example_dags/example_trigger_controller_dag.py
[2026-01-10 09:36:43,665] {processor.py:613} INFO - Processing file /home/airflow/.local/lib/python3.6/site-packages/airflow/example_dags/example_trigger_controller_dag.py for tasks to queue
[2026-01-10 09:36:43,667] {logging_mixin.py:109} INFO - [2026-01-10 09:36:43,667] {dagbag.py:496} INFO - Filling up the DagBag from /home/airflow/.local/lib/python3.6/site-packages/airflow/example_dags/example_trigger_controller_dag.py
[2026-01-10 09:36:43,688] {processor.py:623} INFO - DAG(s) dict_keys(['example_trigger_controller_dag']) retrieved from /home/airflow/.local/lib/python3.6/site-packages/airflow/example_dags/example_trigger_controller_dag.py
[2026-01-10 09:36:43,726] {logging_mixin.py:109} INFO - [2026-01-10 09:36:43,725] {dag.py:1833} INFO - Sync 1 DAGs
[2026-01-10 09:36:43,753] {logging_mixin.py:109} INFO - [2026-01-10 09:36:43,753] {dag.py:2306} INFO - Setting next_dagrun for example_trigger_controller_dag to 2026-01-08 00:00:00+00:00
[2026-01-10 09:36:43,779] {processor.py:170} INFO - Processing /home/airflow/.local/lib/python3.6/site-packages/airflow/example_dags/example_trigger_controller_dag.py took 0.120 seconds
[2026-01-10 09:37:14,458] {processor.py:162} INFO - Started process (PID=1105) to work on /home/airflow/.local/lib/python3.6/site-packages/airflow/example_dags/example_trigger_controller_dag.py
[2026-01-10 09:37:14,471] {processor.py:613} INFO - Processing file /home/airflow/.local/lib/python3.6/site-packages/airflow/example_dags/example_trigger_controller_dag.py for tasks to queue
[2026-01-10 09:37:14,477] {logging_mixin.py:109} INFO - [2026-01-10 09:37:14,477] {dagbag.py:496} INFO - Filling up the DagBag from /home/airflow/.local/lib/python3.6/site-packages/airflow/example_dags/example_trigger_controller_dag.py
[2026-01-10 09:37:14,596] {processor.py:623} INFO - DAG(s) dict_keys(['example_trigger_controller_dag']) retrieved from /home/airflow/.local/lib/python3.6/site-packages/airflow/example_dags/example_trigger_controller_dag.py
[2026-01-10 09:37:14,726] {logging_mixin.py:109} INFO - [2026-01-10 09:37:14,726] {dag.py:1833} INFO - Sync 1 DAGs
[2026-01-10 09:37:14,785] {logging_mixin.py:109} INFO - [2026-01-10 09:37:14,785] {dag.py:2306} INFO - Setting next_dagrun for example_trigger_controller_dag to 2026-01-08 00:00:00+00:00
[2026-01-10 09:37:14,824] {processor.py:170} INFO - Processing /home/airflow/.local/lib/python3.6/site-packages/airflow/example_dags/example_trigger_controller_dag.py took 0.389 seconds
[2026-01-10 09:37:45,195] {processor.py:162} INFO - Started process (PID=1155) to work on /home/airflow/.local/lib/python3.6/site-packages/airflow/example_dags/example_trigger_controller_dag.py
[2026-01-10 09:37:45,197] {processor.py:613} INFO - Processing file /home/airflow/.local/lib/python3.6/site-packages/airflow/example_dags/example_trigger_controller_dag.py for tasks to queue
[2026-01-10 09:37:45,198] {logging_mixin.py:109} INFO - [2026-01-10 09:37:45,198] {dagbag.py:496} INFO - Filling up the DagBag from /home/airflow/.local/lib/python3.6/site-packages/airflow/example_dags/example_trigger_controller_dag.py
[2026-01-10 09:37:45,225] {processor.py:623} INFO - DAG(s) dict_keys(['example_trigger_controller_dag']) retrieved from /home/airflow/.local/lib/python3.6/site-packages/airflow/example_dags/example_trigger_controller_dag.py
[2026-01-10 09:37:45,264] {logging_mixin.py:109} INFO - [2026-01-10 09:37:45,264] {dag.py:1833} INFO - Sync 1 DAGs
[2026-01-10 09:37:45,308] {logging_mixin.py:109} INFO - [2026-01-10 09:37:45,308] {dag.py:2306} INFO - Setting next_dagrun for example_trigger_controller_dag to 2026-01-08 00:00:00+00:00
[2026-01-10 09:37:45,321] {processor.py:170} INFO - Processing /home/airflow/.local/lib/python3.6/site-packages/airflow/example_dags/example_trigger_controller_dag.py took 0.133 seconds
[2026-01-10 09:38:15,652] {processor.py:162} INFO - Started process (PID=1206) to work on /home/airflow/.local/lib/python3.6/site-packages/airflow/example_dags/example_trigger_controller_dag.py
[2026-01-10 09:38:15,654] {processor.py:613} INFO - Processing file /home/airflow/.local/lib/python3.6/site-packages/airflow/example_dags/example_trigger_controller_dag.py for tasks to queue
[2026-01-10 09:38:15,655] {logging_mixin.py:109} INFO - [2026-01-10 09:38:15,654] {dagbag.py:496} INFO - Filling up the DagBag from /home/airflow/.local/lib/python3.6/site-packages/airflow/example_dags/example_trigger_controller_dag.py
[2026-01-10 09:38:15,678] {processor.py:623} INFO - DAG(s) dict_keys(['example_trigger_controller_dag']) retrieved from /home/airflow/.local/lib/python3.6/site-packages/airflow/example_dags/example_trigger_controller_dag.py
[2026-01-10 09:38:15,732] {logging_mixin.py:109} INFO - [2026-01-10 09:38:15,731] {dag.py:1833} INFO - Sync 1 DAGs
[2026-01-10 09:38:15,766] {logging_mixin.py:109} INFO - [2026-01-10 09:38:15,766] {dag.py:2306} INFO - Setting next_dagrun for example_trigger_controller_dag to 2026-01-08 00:00:00+00:00
[2026-01-10 09:38:15,791] {processor.py:170} INFO - Processing /home/airflow/.local/lib/python3.6/site-packages/airflow/example_dags/example_trigger_controller_dag.py took 0.145 seconds
[2026-01-10 09:38:45,974] {processor.py:162} INFO - Started process (PID=1256) to work on /home/airflow/.local/lib/python3.6/site-packages/airflow/example_dags/example_trigger_controller_dag.py
[2026-01-10 09:38:45,980] {processor.py:613} INFO - Processing file /home/airflow/.local/lib/python3.6/site-packages/airflow/example_dags/example_trigger_controller_dag.py for tasks to queue
[2026-01-10 09:38:45,982] {logging_mixin.py:109} INFO - [2026-01-10 09:38:45,981] {dagbag.py:496} INFO - Filling up the DagBag from /home/airflow/.local/lib/python3.6/site-packages/airflow/example_dags/example_trigger_controller_dag.py
[2026-01-10 09:38:46,076] {processor.py:623} INFO - DAG(s) dict_keys(['example_trigger_controller_dag']) retrieved from /home/airflow/.local/lib/python3.6/site-packages/airflow/example_dags/example_trigger_controller_dag.py
[2026-01-10 09:38:46,132] {logging_mixin.py:109} INFO - [2026-01-10 09:38:46,131] {dag.py:1833} INFO - Sync 1 DAGs
[2026-01-10 09:38:46,161] {logging_mixin.py:109} INFO - [2026-01-10 09:38:46,161] {dag.py:2306} INFO - Setting next_dagrun for example_trigger_controller_dag to 2026-01-08 00:00:00+00:00
[2026-01-10 09:38:46,175] {processor.py:170} INFO - Processing /home/airflow/.local/lib/python3.6/site-packages/airflow/example_dags/example_trigger_controller_dag.py took 0.209 seconds
[2026-01-10 09:39:16,311] {processor.py:162} INFO - Started process (PID=1307) to work on /home/airflow/.local/lib/python3.6/site-packages/airflow/example_dags/example_trigger_controller_dag.py
[2026-01-10 09:39:16,314] {processor.py:613} INFO - Processing file /home/airflow/.local/lib/python3.6/site-packages/airflow/example_dags/example_trigger_controller_dag.py for tasks to queue
[2026-01-10 09:39:16,315] {logging_mixin.py:109} INFO - [2026-01-10 09:39:16,315] {dagbag.py:496} INFO - Filling up the DagBag from /home/airflow/.local/lib/python3.6/site-packages/airflow/example_dags/example_trigger_controller_dag.py
[2026-01-10 09:39:16,345] {processor.py:623} INFO - DAG(s) dict_keys(['example_trigger_controller_dag']) retrieved from /home/airflow/.local/lib/python3.6/site-packages/airflow/example_dags/example_trigger_controller_dag.py
[2026-01-10 09:39:16,387] {logging_mixin.py:109} INFO - [2026-01-10 09:39:16,387] {dag.py:1833} INFO - Sync 1 DAGs
[2026-01-10 09:39:16,412] {logging_mixin.py:109} INFO - [2026-01-10 09:39:16,411] {dag.py:2306} INFO - Setting next_dagrun for example_trigger_controller_dag to 2026-01-08 00:00:00+00:00
[2026-01-10 09:39:16,433] {processor.py:170} INFO - Processing /home/airflow/.local/lib/python3.6/site-packages/airflow/example_dags/example_trigger_controller_dag.py took 0.130 seconds
[2026-01-10 09:39:47,076] {processor.py:162} INFO - Started process (PID=1366) to work on /home/airflow/.local/lib/python3.6/site-packages/airflow/example_dags/example_trigger_controller_dag.py
[2026-01-10 09:39:47,077] {processor.py:613} INFO - Processing file /home/airflow/.local/lib/python3.6/site-packages/airflow/example_dags/example_trigger_controller_dag.py for tasks to queue
[2026-01-10 09:39:47,078] {logging_mixin.py:109} INFO - [2026-01-10 09:39:47,078] {dagbag.py:496} INFO - Filling up the DagBag from /home/airflow/.local/lib/python3.6/site-packages/airflow/example_dags/example_trigger_controller_dag.py
[2026-01-10 09:39:47,099] {processor.py:623} INFO - DAG(s) dict_keys(['example_trigger_controller_dag']) retrieved from /home/airflow/.local/lib/python3.6/site-packages/airflow/example_dags/example_trigger_controller_dag.py
[2026-01-10 09:39:47,128] {logging_mixin.py:109} INFO - [2026-01-10 09:39:47,127] {dag.py:1833} INFO - Sync 1 DAGs
[2026-01-10 09:39:47,147] {logging_mixin.py:109} INFO - [2026-01-10 09:39:47,147] {dag.py:2306} INFO - Setting next_dagrun for example_trigger_controller_dag to 2026-01-08 00:00:00+00:00
[2026-01-10 09:39:47,159] {processor.py:170} INFO - Processing /home/airflow/.local/lib/python3.6/site-packages/airflow/example_dags/example_trigger_controller_dag.py took 0.089 seconds
[2026-01-10 09:40:17,398] {processor.py:162} INFO - Started process (PID=1417) to work on /home/airflow/.local/lib/python3.6/site-packages/airflow/example_dags/example_trigger_controller_dag.py
[2026-01-10 09:40:17,400] {processor.py:613} INFO - Processing file /home/airflow/.local/lib/python3.6/site-packages/airflow/example_dags/example_trigger_controller_dag.py for tasks to queue
[2026-01-10 09:40:17,401] {logging_mixin.py:109} INFO - [2026-01-10 09:40:17,401] {dagbag.py:496} INFO - Filling up the DagBag from /home/airflow/.local/lib/python3.6/site-packages/airflow/example_dags/example_trigger_controller_dag.py
[2026-01-10 09:40:17,421] {processor.py:623} INFO - DAG(s) dict_keys(['example_trigger_controller_dag']) retrieved from /home/airflow/.local/lib/python3.6/site-packages/airflow/example_dags/example_trigger_controller_dag.py
[2026-01-10 09:40:17,451] {logging_mixin.py:109} INFO - [2026-01-10 09:40:17,451] {dag.py:1833} INFO - Sync 1 DAGs
[2026-01-10 09:40:17,474] {logging_mixin.py:109} INFO - [2026-01-10 09:40:17,474] {dag.py:2306} INFO - Setting next_dagrun for example_trigger_controller_dag to 2026-01-08 00:00:00+00:00
[2026-01-10 09:40:17,486] {processor.py:170} INFO - Processing /home/airflow/.local/lib/python3.6/site-packages/airflow/example_dags/example_trigger_controller_dag.py took 0.092 seconds
[2026-01-10 09:40:47,562] {processor.py:162} INFO - Started process (PID=1467) to work on /home/airflow/.local/lib/python3.6/site-packages/airflow/example_dags/example_trigger_controller_dag.py
[2026-01-10 09:40:47,566] {processor.py:613} INFO - Processing file /home/airflow/.local/lib/python3.6/site-packages/airflow/example_dags/example_trigger_controller_dag.py for tasks to queue
[2026-01-10 09:40:47,569] {logging_mixin.py:109} INFO - [2026-01-10 09:40:47,569] {dagbag.py:496} INFO - Filling up the DagBag from /home/airflow/.local/lib/python3.6/site-packages/airflow/example_dags/example_trigger_controller_dag.py
[2026-01-10 09:40:47,607] {processor.py:623} INFO - DAG(s) dict_keys(['example_trigger_controller_dag']) retrieved from /home/airflow/.local/lib/python3.6/site-packages/airflow/example_dags/example_trigger_controller_dag.py
[2026-01-10 09:40:47,642] {logging_mixin.py:109} INFO - [2026-01-10 09:40:47,641] {dag.py:1833} INFO - Sync 1 DAGs
[2026-01-10 09:40:47,668] {logging_mixin.py:109} INFO - [2026-01-10 09:40:47,668] {dag.py:2306} INFO - Setting next_dagrun for example_trigger_controller_dag to 2026-01-08 00:00:00+00:00
[2026-01-10 09:40:47,692] {processor.py:170} INFO - Processing /home/airflow/.local/lib/python3.6/site-packages/airflow/example_dags/example_trigger_controller_dag.py took 0.140 seconds
[2026-01-10 09:41:17,920] {processor.py:162} INFO - Started process (PID=1517) to work on /home/airflow/.local/lib/python3.6/site-packages/airflow/example_dags/example_trigger_controller_dag.py
[2026-01-10 09:41:17,924] {processor.py:613} INFO - Processing file /home/airflow/.local/lib/python3.6/site-packages/airflow/example_dags/example_trigger_controller_dag.py for tasks to queue
[2026-01-10 09:41:17,925] {logging_mixin.py:109} INFO - [2026-01-10 09:41:17,925] {dagbag.py:496} INFO - Filling up the DagBag from /home/airflow/.local/lib/python3.6/site-packages/airflow/example_dags/example_trigger_controller_dag.py
[2026-01-10 09:41:17,945] {processor.py:623} INFO - DAG(s) dict_keys(['example_trigger_controller_dag']) retrieved from /home/airflow/.local/lib/python3.6/site-packages/airflow/example_dags/example_trigger_controller_dag.py
[2026-01-10 09:41:17,976] {logging_mixin.py:109} INFO - [2026-01-10 09:41:17,976] {dag.py:1833} INFO - Sync 1 DAGs
[2026-01-10 09:41:18,003] {logging_mixin.py:109} INFO - [2026-01-10 09:41:18,003] {dag.py:2306} INFO - Setting next_dagrun for example_trigger_controller_dag to 2026-01-08 00:00:00+00:00
[2026-01-10 09:41:18,021] {processor.py:170} INFO - Processing /home/airflow/.local/lib/python3.6/site-packages/airflow/example_dags/example_trigger_controller_dag.py took 0.106 seconds
[2026-01-10 09:41:48,074] {processor.py:162} INFO - Started process (PID=1567) to work on /home/airflow/.local/lib/python3.6/site-packages/airflow/example_dags/example_trigger_controller_dag.py
[2026-01-10 09:41:48,075] {processor.py:613} INFO - Processing file /home/airflow/.local/lib/python3.6/site-packages/airflow/example_dags/example_trigger_controller_dag.py for tasks to queue
[2026-01-10 09:41:48,076] {logging_mixin.py:109} INFO - [2026-01-10 09:41:48,076] {dagbag.py:496} INFO - Filling up the DagBag from /home/airflow/.local/lib/python3.6/site-packages/airflow/example_dags/example_trigger_controller_dag.py
[2026-01-10 09:41:48,097] {processor.py:623} INFO - DAG(s) dict_keys(['example_trigger_controller_dag']) retrieved from /home/airflow/.local/lib/python3.6/site-packages/airflow/example_dags/example_trigger_controller_dag.py
[2026-01-10 09:41:48,126] {logging_mixin.py:109} INFO - [2026-01-10 09:41:48,126] {dag.py:1833} INFO - Sync 1 DAGs
[2026-01-10 09:41:48,148] {logging_mixin.py:109} INFO - [2026-01-10 09:41:48,148] {dag.py:2306} INFO - Setting next_dagrun for example_trigger_controller_dag to 2026-01-08 00:00:00+00:00
[2026-01-10 09:41:48,161] {processor.py:170} INFO - Processing /home/airflow/.local/lib/python3.6/site-packages/airflow/example_dags/example_trigger_controller_dag.py took 0.092 seconds
[2026-01-10 09:42:18,505] {processor.py:162} INFO - Started process (PID=1618) to work on /home/airflow/.local/lib/python3.6/site-packages/airflow/example_dags/example_trigger_controller_dag.py
[2026-01-10 09:42:18,507] {processor.py:613} INFO - Processing file /home/airflow/.local/lib/python3.6/site-packages/airflow/example_dags/example_trigger_controller_dag.py for tasks to queue
[2026-01-10 09:42:18,508] {logging_mixin.py:109} INFO - [2026-01-10 09:42:18,507] {dagbag.py:496} INFO - Filling up the DagBag from /home/airflow/.local/lib/python3.6/site-packages/airflow/example_dags/example_trigger_controller_dag.py
[2026-01-10 09:42:18,528] {processor.py:623} INFO - DAG(s) dict_keys(['example_trigger_controller_dag']) retrieved from /home/airflow/.local/lib/python3.6/site-packages/airflow/example_dags/example_trigger_controller_dag.py
[2026-01-10 09:42:18,561] {logging_mixin.py:109} INFO - [2026-01-10 09:42:18,561] {dag.py:1833} INFO - Sync 1 DAGs
[2026-01-10 09:42:18,584] {logging_mixin.py:109} INFO - [2026-01-10 09:42:18,584] {dag.py:2306} INFO - Setting next_dagrun for example_trigger_controller_dag to 2026-01-08 00:00:00+00:00
[2026-01-10 09:42:18,597] {processor.py:170} INFO - Processing /home/airflow/.local/lib/python3.6/site-packages/airflow/example_dags/example_trigger_controller_dag.py took 0.096 seconds
[2026-01-10 09:42:49,074] {processor.py:162} INFO - Started process (PID=1670) to work on /home/airflow/.local/lib/python3.6/site-packages/airflow/example_dags/example_trigger_controller_dag.py
[2026-01-10 09:42:49,075] {processor.py:613} INFO - Processing file /home/airflow/.local/lib/python3.6/site-packages/airflow/example_dags/example_trigger_controller_dag.py for tasks to queue
[2026-01-10 09:42:49,077] {logging_mixin.py:109} INFO - [2026-01-10 09:42:49,076] {dagbag.py:496} INFO - Filling up the DagBag from /home/airflow/.local/lib/python3.6/site-packages/airflow/example_dags/example_trigger_controller_dag.py
[2026-01-10 09:42:49,111] {processor.py:623} INFO - DAG(s) dict_keys(['example_trigger_controller_dag']) retrieved from /home/airflow/.local/lib/python3.6/site-packages/airflow/example_dags/example_trigger_controller_dag.py
[2026-01-10 09:42:49,141] {logging_mixin.py:109} INFO - [2026-01-10 09:42:49,140] {dag.py:1833} INFO - Sync 1 DAGs
[2026-01-10 09:42:49,169] {logging_mixin.py:109} INFO - [2026-01-10 09:42:49,169] {dag.py:2306} INFO - Setting next_dagrun for example_trigger_controller_dag to 2026-01-08 00:00:00+00:00
[2026-01-10 09:42:49,182] {processor.py:170} INFO - Processing /home/airflow/.local/lib/python3.6/site-packages/airflow/example_dags/example_trigger_controller_dag.py took 0.114 seconds
[2026-01-10 09:43:19,853] {processor.py:162} INFO - Started process (PID=1731) to work on /home/airflow/.local/lib/python3.6/site-packages/airflow/example_dags/example_trigger_controller_dag.py
[2026-01-10 09:43:19,854] {processor.py:613} INFO - Processing file /home/airflow/.local/lib/python3.6/site-packages/airflow/example_dags/example_trigger_controller_dag.py for tasks to queue
[2026-01-10 09:43:19,855] {logging_mixin.py:109} INFO - [2026-01-10 09:43:19,855] {dagbag.py:496} INFO - Filling up the DagBag from /home/airflow/.local/lib/python3.6/site-packages/airflow/example_dags/example_trigger_controller_dag.py
[2026-01-10 09:43:19,877] {processor.py:623} INFO - DAG(s) dict_keys(['example_trigger_controller_dag']) retrieved from /home/airflow/.local/lib/python3.6/site-packages/airflow/example_dags/example_trigger_controller_dag.py
[2026-01-10 09:43:19,913] {logging_mixin.py:109} INFO - [2026-01-10 09:43:19,913] {dag.py:1833} INFO - Sync 1 DAGs
[2026-01-10 09:43:19,939] {logging_mixin.py:109} INFO - [2026-01-10 09:43:19,939] {dag.py:2306} INFO - Setting next_dagrun for example_trigger_controller_dag to 2026-01-08 00:00:00+00:00
[2026-01-10 09:43:19,954] {processor.py:170} INFO - Processing /home/airflow/.local/lib/python3.6/site-packages/airflow/example_dags/example_trigger_controller_dag.py took 0.106 seconds
[2026-01-10 09:43:50,159] {processor.py:162} INFO - Started process (PID=1782) to work on /home/airflow/.local/lib/python3.6/site-packages/airflow/example_dags/example_trigger_controller_dag.py
[2026-01-10 09:43:50,161] {processor.py:613} INFO - Processing file /home/airflow/.local/lib/python3.6/site-packages/airflow/example_dags/example_trigger_controller_dag.py for tasks to queue
[2026-01-10 09:43:50,162] {logging_mixin.py:109} INFO - [2026-01-10 09:43:50,162] {dagbag.py:496} INFO - Filling up the DagBag from /home/airflow/.local/lib/python3.6/site-packages/airflow/example_dags/example_trigger_controller_dag.py
[2026-01-10 09:43:50,193] {processor.py:623} INFO - DAG(s) dict_keys(['example_trigger_controller_dag']) retrieved from /home/airflow/.local/lib/python3.6/site-packages/airflow/example_dags/example_trigger_controller_dag.py
[2026-01-10 09:43:50,250] {logging_mixin.py:109} INFO - [2026-01-10 09:43:50,250] {dag.py:1833} INFO - Sync 1 DAGs
[2026-01-10 09:43:50,327] {logging_mixin.py:109} INFO - [2026-01-10 09:43:50,324] {dag.py:2306} INFO - Setting next_dagrun for example_trigger_controller_dag to 2026-01-08 00:00:00+00:00
[2026-01-10 09:43:50,354] {processor.py:170} INFO - Processing /home/airflow/.local/lib/python3.6/site-packages/airflow/example_dags/example_trigger_controller_dag.py took 0.201 seconds
[2026-01-10 09:44:23,035] {processor.py:162} INFO - Started process (PID=1833) to work on /home/airflow/.local/lib/python3.6/site-packages/airflow/example_dags/example_trigger_controller_dag.py
[2026-01-10 09:44:23,040] {processor.py:613} INFO - Processing file /home/airflow/.local/lib/python3.6/site-packages/airflow/example_dags/example_trigger_controller_dag.py for tasks to queue
[2026-01-10 09:44:23,042] {logging_mixin.py:109} INFO - [2026-01-10 09:44:23,041] {dagbag.py:496} INFO - Filling up the DagBag from /home/airflow/.local/lib/python3.6/site-packages/airflow/example_dags/example_trigger_controller_dag.py
[2026-01-10 09:44:23,086] {processor.py:623} INFO - DAG(s) dict_keys(['example_trigger_controller_dag']) retrieved from /home/airflow/.local/lib/python3.6/site-packages/airflow/example_dags/example_trigger_controller_dag.py
[2026-01-10 09:44:23,152] {logging_mixin.py:109} INFO - [2026-01-10 09:44:23,152] {dag.py:1833} INFO - Sync 1 DAGs
[2026-01-10 09:44:23,208] {logging_mixin.py:109} INFO - [2026-01-10 09:44:23,207] {dag.py:2306} INFO - Setting next_dagrun for example_trigger_controller_dag to 2026-01-08 00:00:00+00:00
[2026-01-10 09:44:23,225] {processor.py:170} INFO - Processing /home/airflow/.local/lib/python3.6/site-packages/airflow/example_dags/example_trigger_controller_dag.py took 0.194 seconds
[2026-01-10 09:44:53,462] {processor.py:162} INFO - Started process (PID=1884) to work on /home/airflow/.local/lib/python3.6/site-packages/airflow/example_dags/example_trigger_controller_dag.py
[2026-01-10 09:44:53,464] {processor.py:613} INFO - Processing file /home/airflow/.local/lib/python3.6/site-packages/airflow/example_dags/example_trigger_controller_dag.py for tasks to queue
[2026-01-10 09:44:53,466] {logging_mixin.py:109} INFO - [2026-01-10 09:44:53,465] {dagbag.py:496} INFO - Filling up the DagBag from /home/airflow/.local/lib/python3.6/site-packages/airflow/example_dags/example_trigger_controller_dag.py
[2026-01-10 09:44:53,488] {processor.py:623} INFO - DAG(s) dict_keys(['example_trigger_controller_dag']) retrieved from /home/airflow/.local/lib/python3.6/site-packages/airflow/example_dags/example_trigger_controller_dag.py
[2026-01-10 09:44:53,524] {logging_mixin.py:109} INFO - [2026-01-10 09:44:53,524] {dag.py:1833} INFO - Sync 1 DAGs
[2026-01-10 09:44:53,549] {logging_mixin.py:109} INFO - [2026-01-10 09:44:53,549] {dag.py:2306} INFO - Setting next_dagrun for example_trigger_controller_dag to 2026-01-08 00:00:00+00:00
[2026-01-10 09:44:53,564] {processor.py:170} INFO - Processing /home/airflow/.local/lib/python3.6/site-packages/airflow/example_dags/example_trigger_controller_dag.py took 0.110 seconds
[2026-01-10 09:45:23,656] {processor.py:162} INFO - Started process (PID=1935) to work on /home/airflow/.local/lib/python3.6/site-packages/airflow/example_dags/example_trigger_controller_dag.py
[2026-01-10 09:45:23,657] {processor.py:613} INFO - Processing file /home/airflow/.local/lib/python3.6/site-packages/airflow/example_dags/example_trigger_controller_dag.py for tasks to queue
[2026-01-10 09:45:23,658] {logging_mixin.py:109} INFO - [2026-01-10 09:45:23,658] {dagbag.py:496} INFO - Filling up the DagBag from /home/airflow/.local/lib/python3.6/site-packages/airflow/example_dags/example_trigger_controller_dag.py
[2026-01-10 09:45:23,678] {processor.py:623} INFO - DAG(s) dict_keys(['example_trigger_controller_dag']) retrieved from /home/airflow/.local/lib/python3.6/site-packages/airflow/example_dags/example_trigger_controller_dag.py
[2026-01-10 09:45:23,710] {logging_mixin.py:109} INFO - [2026-01-10 09:45:23,709] {dag.py:1833} INFO - Sync 1 DAGs
[2026-01-10 09:45:23,730] {logging_mixin.py:109} INFO - [2026-01-10 09:45:23,730] {dag.py:2306} INFO - Setting next_dagrun for example_trigger_controller_dag to 2026-01-08 00:00:00+00:00
[2026-01-10 09:45:23,746] {processor.py:170} INFO - Processing /home/airflow/.local/lib/python3.6/site-packages/airflow/example_dags/example_trigger_controller_dag.py took 0.096 seconds
[2026-01-10 09:45:53,920] {processor.py:162} INFO - Started process (PID=1985) to work on /home/airflow/.local/lib/python3.6/site-packages/airflow/example_dags/example_trigger_controller_dag.py
[2026-01-10 09:45:53,922] {processor.py:613} INFO - Processing file /home/airflow/.local/lib/python3.6/site-packages/airflow/example_dags/example_trigger_controller_dag.py for tasks to queue
[2026-01-10 09:45:53,924] {logging_mixin.py:109} INFO - [2026-01-10 09:45:53,923] {dagbag.py:496} INFO - Filling up the DagBag from /home/airflow/.local/lib/python3.6/site-packages/airflow/example_dags/example_trigger_controller_dag.py
[2026-01-10 09:45:53,940] {processor.py:623} INFO - DAG(s) dict_keys(['example_trigger_controller_dag']) retrieved from /home/airflow/.local/lib/python3.6/site-packages/airflow/example_dags/example_trigger_controller_dag.py
[2026-01-10 09:45:53,975] {logging_mixin.py:109} INFO - [2026-01-10 09:45:53,975] {dag.py:1833} INFO - Sync 1 DAGs
[2026-01-10 09:45:53,998] {logging_mixin.py:109} INFO - [2026-01-10 09:45:53,998] {dag.py:2306} INFO - Setting next_dagrun for example_trigger_controller_dag to 2026-01-08 00:00:00+00:00
[2026-01-10 09:45:54,014] {processor.py:170} INFO - Processing /home/airflow/.local/lib/python3.6/site-packages/airflow/example_dags/example_trigger_controller_dag.py took 0.097 seconds
[2026-01-10 09:46:24,338] {processor.py:162} INFO - Started process (PID=2036) to work on /home/airflow/.local/lib/python3.6/site-packages/airflow/example_dags/example_trigger_controller_dag.py
[2026-01-10 09:46:24,343] {processor.py:613} INFO - Processing file /home/airflow/.local/lib/python3.6/site-packages/airflow/example_dags/example_trigger_controller_dag.py for tasks to queue
[2026-01-10 09:46:24,347] {logging_mixin.py:109} INFO - [2026-01-10 09:46:24,346] {dagbag.py:496} INFO - Filling up the DagBag from /home/airflow/.local/lib/python3.6/site-packages/airflow/example_dags/example_trigger_controller_dag.py
[2026-01-10 09:46:24,375] {processor.py:623} INFO - DAG(s) dict_keys(['example_trigger_controller_dag']) retrieved from /home/airflow/.local/lib/python3.6/site-packages/airflow/example_dags/example_trigger_controller_dag.py
[2026-01-10 09:46:24,407] {logging_mixin.py:109} INFO - [2026-01-10 09:46:24,407] {dag.py:1833} INFO - Sync 1 DAGs
[2026-01-10 09:46:24,432] {logging_mixin.py:109} INFO - [2026-01-10 09:46:24,432] {dag.py:2306} INFO - Setting next_dagrun for example_trigger_controller_dag to 2026-01-08 00:00:00+00:00
[2026-01-10 09:46:24,445] {processor.py:170} INFO - Processing /home/airflow/.local/lib/python3.6/site-packages/airflow/example_dags/example_trigger_controller_dag.py took 0.122 seconds
[2026-01-10 09:46:54,675] {processor.py:162} INFO - Started process (PID=2086) to work on /home/airflow/.local/lib/python3.6/site-packages/airflow/example_dags/example_trigger_controller_dag.py
[2026-01-10 09:46:54,676] {processor.py:613} INFO - Processing file /home/airflow/.local/lib/python3.6/site-packages/airflow/example_dags/example_trigger_controller_dag.py for tasks to queue
[2026-01-10 09:46:54,677] {logging_mixin.py:109} INFO - [2026-01-10 09:46:54,677] {dagbag.py:496} INFO - Filling up the DagBag from /home/airflow/.local/lib/python3.6/site-packages/airflow/example_dags/example_trigger_controller_dag.py
[2026-01-10 09:46:54,692] {processor.py:623} INFO - DAG(s) dict_keys(['example_trigger_controller_dag']) retrieved from /home/airflow/.local/lib/python3.6/site-packages/airflow/example_dags/example_trigger_controller_dag.py
[2026-01-10 09:46:54,720] {logging_mixin.py:109} INFO - [2026-01-10 09:46:54,720] {dag.py:1833} INFO - Sync 1 DAGs
[2026-01-10 09:46:54,745] {logging_mixin.py:109} INFO - [2026-01-10 09:46:54,745] {dag.py:2306} INFO - Setting next_dagrun for example_trigger_controller_dag to 2026-01-08 00:00:00+00:00
[2026-01-10 09:46:54,761] {processor.py:170} INFO - Processing /home/airflow/.local/lib/python3.6/site-packages/airflow/example_dags/example_trigger_controller_dag.py took 0.090 seconds
[2026-01-10 09:47:32,782] {processor.py:162} INFO - Started process (PID=2134) to work on /home/airflow/.local/lib/python3.6/site-packages/airflow/example_dags/example_trigger_controller_dag.py
[2026-01-10 09:47:32,785] {processor.py:613} INFO - Processing file /home/airflow/.local/lib/python3.6/site-packages/airflow/example_dags/example_trigger_controller_dag.py for tasks to queue
[2026-01-10 09:47:32,786] {logging_mixin.py:109} INFO - [2026-01-10 09:47:32,786] {dagbag.py:496} INFO - Filling up the DagBag from /home/airflow/.local/lib/python3.6/site-packages/airflow/example_dags/example_trigger_controller_dag.py
[2026-01-10 09:47:32,815] {processor.py:623} INFO - DAG(s) dict_keys(['example_trigger_controller_dag']) retrieved from /home/airflow/.local/lib/python3.6/site-packages/airflow/example_dags/example_trigger_controller_dag.py
[2026-01-10 09:47:32,846] {logging_mixin.py:109} INFO - [2026-01-10 09:47:32,846] {dag.py:1833} INFO - Sync 1 DAGs
[2026-01-10 09:47:32,873] {logging_mixin.py:109} INFO - [2026-01-10 09:47:32,873] {dag.py:2306} INFO - Setting next_dagrun for example_trigger_controller_dag to 2026-01-08 00:00:00+00:00
[2026-01-10 09:47:32,887] {processor.py:170} INFO - Processing /home/airflow/.local/lib/python3.6/site-packages/airflow/example_dags/example_trigger_controller_dag.py took 0.110 seconds
[2026-01-10 09:48:05,190] {processor.py:162} INFO - Started process (PID=2175) to work on /home/airflow/.local/lib/python3.6/site-packages/airflow/example_dags/example_trigger_controller_dag.py
[2026-01-10 09:48:05,194] {processor.py:613} INFO - Processing file /home/airflow/.local/lib/python3.6/site-packages/airflow/example_dags/example_trigger_controller_dag.py for tasks to queue
[2026-01-10 09:48:05,195] {logging_mixin.py:109} INFO - [2026-01-10 09:48:05,195] {dagbag.py:496} INFO - Filling up the DagBag from /home/airflow/.local/lib/python3.6/site-packages/airflow/example_dags/example_trigger_controller_dag.py
[2026-01-10 09:48:05,232] {processor.py:623} INFO - DAG(s) dict_keys(['example_trigger_controller_dag']) retrieved from /home/airflow/.local/lib/python3.6/site-packages/airflow/example_dags/example_trigger_controller_dag.py
[2026-01-10 09:48:05,537] {logging_mixin.py:109} INFO - [2026-01-10 09:48:05,537] {dag.py:1833} INFO - Sync 1 DAGs
[2026-01-10 09:48:05,632] {logging_mixin.py:109} INFO - [2026-01-10 09:48:05,632] {dag.py:2306} INFO - Setting next_dagrun for example_trigger_controller_dag to 2026-01-08 00:00:00+00:00
[2026-01-10 09:48:05,686] {processor.py:170} INFO - Processing /home/airflow/.local/lib/python3.6/site-packages/airflow/example_dags/example_trigger_controller_dag.py took 0.502 seconds
[2026-01-10 09:48:35,743] {processor.py:162} INFO - Started process (PID=2216) to work on /home/airflow/.local/lib/python3.6/site-packages/airflow/example_dags/example_trigger_controller_dag.py
[2026-01-10 09:48:35,747] {processor.py:613} INFO - Processing file /home/airflow/.local/lib/python3.6/site-packages/airflow/example_dags/example_trigger_controller_dag.py for tasks to queue
[2026-01-10 09:48:35,748] {logging_mixin.py:109} INFO - [2026-01-10 09:48:35,748] {dagbag.py:496} INFO - Filling up the DagBag from /home/airflow/.local/lib/python3.6/site-packages/airflow/example_dags/example_trigger_controller_dag.py
[2026-01-10 09:48:35,775] {processor.py:623} INFO - DAG(s) dict_keys(['example_trigger_controller_dag']) retrieved from /home/airflow/.local/lib/python3.6/site-packages/airflow/example_dags/example_trigger_controller_dag.py
[2026-01-10 09:48:35,808] {logging_mixin.py:109} INFO - [2026-01-10 09:48:35,808] {dag.py:1833} INFO - Sync 1 DAGs
[2026-01-10 09:48:35,838] {logging_mixin.py:109} INFO - [2026-01-10 09:48:35,838] {dag.py:2306} INFO - Setting next_dagrun for example_trigger_controller_dag to 2026-01-08 00:00:00+00:00
[2026-01-10 09:48:35,858] {processor.py:170} INFO - Processing /home/airflow/.local/lib/python3.6/site-packages/airflow/example_dags/example_trigger_controller_dag.py took 0.120 seconds
[2026-01-10 09:49:19,061] {processor.py:162} INFO - Started process (PID=2258) to work on /home/airflow/.local/lib/python3.6/site-packages/airflow/example_dags/example_trigger_controller_dag.py
[2026-01-10 09:49:19,065] {processor.py:613} INFO - Processing file /home/airflow/.local/lib/python3.6/site-packages/airflow/example_dags/example_trigger_controller_dag.py for tasks to queue
[2026-01-10 09:49:19,075] {logging_mixin.py:109} INFO - [2026-01-10 09:49:19,075] {dagbag.py:496} INFO - Filling up the DagBag from /home/airflow/.local/lib/python3.6/site-packages/airflow/example_dags/example_trigger_controller_dag.py
[2026-01-10 09:49:19,112] {processor.py:623} INFO - DAG(s) dict_keys(['example_trigger_controller_dag']) retrieved from /home/airflow/.local/lib/python3.6/site-packages/airflow/example_dags/example_trigger_controller_dag.py
[2026-01-10 09:49:19,221] {logging_mixin.py:109} INFO - [2026-01-10 09:49:19,221] {dag.py:1833} INFO - Sync 1 DAGs
[2026-01-10 09:49:19,254] {logging_mixin.py:109} INFO - [2026-01-10 09:49:19,253] {dag.py:2306} INFO - Setting next_dagrun for example_trigger_controller_dag to 2026-01-08 00:00:00+00:00
[2026-01-10 09:49:19,272] {processor.py:170} INFO - Processing /home/airflow/.local/lib/python3.6/site-packages/airflow/example_dags/example_trigger_controller_dag.py took 0.222 seconds
[2026-01-10 09:49:49,356] {processor.py:162} INFO - Started process (PID=2309) to work on /home/airflow/.local/lib/python3.6/site-packages/airflow/example_dags/example_trigger_controller_dag.py
[2026-01-10 09:49:49,358] {processor.py:613} INFO - Processing file /home/airflow/.local/lib/python3.6/site-packages/airflow/example_dags/example_trigger_controller_dag.py for tasks to queue
[2026-01-10 09:49:49,359] {logging_mixin.py:109} INFO - [2026-01-10 09:49:49,359] {dagbag.py:496} INFO - Filling up the DagBag from /home/airflow/.local/lib/python3.6/site-packages/airflow/example_dags/example_trigger_controller_dag.py
[2026-01-10 09:49:49,389] {processor.py:623} INFO - DAG(s) dict_keys(['example_trigger_controller_dag']) retrieved from /home/airflow/.local/lib/python3.6/site-packages/airflow/example_dags/example_trigger_controller_dag.py
[2026-01-10 09:49:49,433] {logging_mixin.py:109} INFO - [2026-01-10 09:49:49,433] {dag.py:1833} INFO - Sync 1 DAGs
[2026-01-10 09:49:49,472] {logging_mixin.py:109} INFO - [2026-01-10 09:49:49,472] {dag.py:2306} INFO - Setting next_dagrun for example_trigger_controller_dag to 2026-01-08 00:00:00+00:00
[2026-01-10 09:49:49,497] {processor.py:170} INFO - Processing /home/airflow/.local/lib/python3.6/site-packages/airflow/example_dags/example_trigger_controller_dag.py took 0.163 seconds
[2026-01-10 09:50:20,351] {processor.py:162} INFO - Started process (PID=2352) to work on /home/airflow/.local/lib/python3.6/site-packages/airflow/example_dags/example_trigger_controller_dag.py
[2026-01-10 09:50:20,354] {processor.py:613} INFO - Processing file /home/airflow/.local/lib/python3.6/site-packages/airflow/example_dags/example_trigger_controller_dag.py for tasks to queue
[2026-01-10 09:50:20,355] {logging_mixin.py:109} INFO - [2026-01-10 09:50:20,355] {dagbag.py:496} INFO - Filling up the DagBag from /home/airflow/.local/lib/python3.6/site-packages/airflow/example_dags/example_trigger_controller_dag.py
[2026-01-10 09:50:20,399] {processor.py:623} INFO - DAG(s) dict_keys(['example_trigger_controller_dag']) retrieved from /home/airflow/.local/lib/python3.6/site-packages/airflow/example_dags/example_trigger_controller_dag.py
[2026-01-10 09:50:20,460] {logging_mixin.py:109} INFO - [2026-01-10 09:50:20,460] {dag.py:1833} INFO - Sync 1 DAGs
[2026-01-10 09:50:20,519] {logging_mixin.py:109} INFO - [2026-01-10 09:50:20,519] {dag.py:2306} INFO - Setting next_dagrun for example_trigger_controller_dag to 2026-01-08 00:00:00+00:00
[2026-01-10 09:50:20,533] {processor.py:170} INFO - Processing /home/airflow/.local/lib/python3.6/site-packages/airflow/example_dags/example_trigger_controller_dag.py took 0.190 seconds
[2026-01-10 09:50:51,386] {processor.py:162} INFO - Started process (PID=2410) to work on /home/airflow/.local/lib/python3.6/site-packages/airflow/example_dags/example_trigger_controller_dag.py
[2026-01-10 09:50:51,388] {processor.py:613} INFO - Processing file /home/airflow/.local/lib/python3.6/site-packages/airflow/example_dags/example_trigger_controller_dag.py for tasks to queue
[2026-01-10 09:50:51,389] {logging_mixin.py:109} INFO - [2026-01-10 09:50:51,388] {dagbag.py:496} INFO - Filling up the DagBag from /home/airflow/.local/lib/python3.6/site-packages/airflow/example_dags/example_trigger_controller_dag.py
[2026-01-10 09:50:51,414] {processor.py:623} INFO - DAG(s) dict_keys(['example_trigger_controller_dag']) retrieved from /home/airflow/.local/lib/python3.6/site-packages/airflow/example_dags/example_trigger_controller_dag.py
[2026-01-10 09:50:51,455] {logging_mixin.py:109} INFO - [2026-01-10 09:50:51,455] {dag.py:1833} INFO - Sync 1 DAGs
[2026-01-10 09:50:51,484] {logging_mixin.py:109} INFO - [2026-01-10 09:50:51,484] {dag.py:2306} INFO - Setting next_dagrun for example_trigger_controller_dag to 2026-01-08 00:00:00+00:00
[2026-01-10 09:50:51,511] {processor.py:170} INFO - Processing /home/airflow/.local/lib/python3.6/site-packages/airflow/example_dags/example_trigger_controller_dag.py took 0.130 seconds
[2026-01-10 09:51:21,593] {processor.py:162} INFO - Started process (PID=2460) to work on /home/airflow/.local/lib/python3.6/site-packages/airflow/example_dags/example_trigger_controller_dag.py
[2026-01-10 09:51:21,595] {processor.py:613} INFO - Processing file /home/airflow/.local/lib/python3.6/site-packages/airflow/example_dags/example_trigger_controller_dag.py for tasks to queue
[2026-01-10 09:51:21,596] {logging_mixin.py:109} INFO - [2026-01-10 09:51:21,595] {dagbag.py:496} INFO - Filling up the DagBag from /home/airflow/.local/lib/python3.6/site-packages/airflow/example_dags/example_trigger_controller_dag.py
[2026-01-10 09:51:21,628] {processor.py:623} INFO - DAG(s) dict_keys(['example_trigger_controller_dag']) retrieved from /home/airflow/.local/lib/python3.6/site-packages/airflow/example_dags/example_trigger_controller_dag.py
[2026-01-10 09:51:21,670] {logging_mixin.py:109} INFO - [2026-01-10 09:51:21,670] {dag.py:1833} INFO - Sync 1 DAGs
[2026-01-10 09:51:21,700] {logging_mixin.py:109} INFO - [2026-01-10 09:51:21,700] {dag.py:2306} INFO - Setting next_dagrun for example_trigger_controller_dag to 2026-01-08 00:00:00+00:00
[2026-01-10 09:51:21,720] {processor.py:170} INFO - Processing /home/airflow/.local/lib/python3.6/site-packages/airflow/example_dags/example_trigger_controller_dag.py took 0.133 seconds
[2026-01-10 09:51:52,132] {processor.py:162} INFO - Started process (PID=2510) to work on /home/airflow/.local/lib/python3.6/site-packages/airflow/example_dags/example_trigger_controller_dag.py
[2026-01-10 09:51:52,136] {processor.py:613} INFO - Processing file /home/airflow/.local/lib/python3.6/site-packages/airflow/example_dags/example_trigger_controller_dag.py for tasks to queue
[2026-01-10 09:51:52,137] {logging_mixin.py:109} INFO - [2026-01-10 09:51:52,137] {dagbag.py:496} INFO - Filling up the DagBag from /home/airflow/.local/lib/python3.6/site-packages/airflow/example_dags/example_trigger_controller_dag.py
[2026-01-10 09:51:52,201] {processor.py:623} INFO - DAG(s) dict_keys(['example_trigger_controller_dag']) retrieved from /home/airflow/.local/lib/python3.6/site-packages/airflow/example_dags/example_trigger_controller_dag.py
[2026-01-10 09:51:52,305] {logging_mixin.py:109} INFO - [2026-01-10 09:51:52,304] {dag.py:1833} INFO - Sync 1 DAGs
[2026-01-10 09:51:52,354] {logging_mixin.py:109} INFO - [2026-01-10 09:51:52,353] {dag.py:2306} INFO - Setting next_dagrun for example_trigger_controller_dag to 2026-01-08 00:00:00+00:00
[2026-01-10 09:51:52,372] {processor.py:170} INFO - Processing /home/airflow/.local/lib/python3.6/site-packages/airflow/example_dags/example_trigger_controller_dag.py took 0.250 seconds
[2026-01-10 09:52:22,505] {processor.py:162} INFO - Started process (PID=2554) to work on /home/airflow/.local/lib/python3.6/site-packages/airflow/example_dags/example_trigger_controller_dag.py
[2026-01-10 09:52:22,508] {processor.py:613} INFO - Processing file /home/airflow/.local/lib/python3.6/site-packages/airflow/example_dags/example_trigger_controller_dag.py for tasks to queue
[2026-01-10 09:52:22,509] {logging_mixin.py:109} INFO - [2026-01-10 09:52:22,509] {dagbag.py:496} INFO - Filling up the DagBag from /home/airflow/.local/lib/python3.6/site-packages/airflow/example_dags/example_trigger_controller_dag.py
[2026-01-10 09:52:22,524] {processor.py:623} INFO - DAG(s) dict_keys(['example_trigger_controller_dag']) retrieved from /home/airflow/.local/lib/python3.6/site-packages/airflow/example_dags/example_trigger_controller_dag.py
[2026-01-10 09:52:22,559] {logging_mixin.py:109} INFO - [2026-01-10 09:52:22,559] {dag.py:1833} INFO - Sync 1 DAGs
[2026-01-10 09:52:22,592] {logging_mixin.py:109} INFO - [2026-01-10 09:52:22,592] {dag.py:2306} INFO - Setting next_dagrun for example_trigger_controller_dag to 2026-01-08 00:00:00+00:00
[2026-01-10 09:52:22,603] {processor.py:170} INFO - Processing /home/airflow/.local/lib/python3.6/site-packages/airflow/example_dags/example_trigger_controller_dag.py took 0.103 seconds
[2026-01-10 09:52:53,175] {processor.py:162} INFO - Started process (PID=2595) to work on /home/airflow/.local/lib/python3.6/site-packages/airflow/example_dags/example_trigger_controller_dag.py
[2026-01-10 09:52:53,178] {processor.py:613} INFO - Processing file /home/airflow/.local/lib/python3.6/site-packages/airflow/example_dags/example_trigger_controller_dag.py for tasks to queue
[2026-01-10 09:52:53,179] {logging_mixin.py:109} INFO - [2026-01-10 09:52:53,179] {dagbag.py:496} INFO - Filling up the DagBag from /home/airflow/.local/lib/python3.6/site-packages/airflow/example_dags/example_trigger_controller_dag.py
[2026-01-10 09:52:53,202] {processor.py:623} INFO - DAG(s) dict_keys(['example_trigger_controller_dag']) retrieved from /home/airflow/.local/lib/python3.6/site-packages/airflow/example_dags/example_trigger_controller_dag.py
[2026-01-10 09:52:53,237] {logging_mixin.py:109} INFO - [2026-01-10 09:52:53,237] {dag.py:1833} INFO - Sync 1 DAGs
[2026-01-10 09:52:53,282] {logging_mixin.py:109} INFO - [2026-01-10 09:52:53,282] {dag.py:2306} INFO - Setting next_dagrun for example_trigger_controller_dag to 2026-01-08 00:00:00+00:00
[2026-01-10 09:52:53,321] {processor.py:170} INFO - Processing /home/airflow/.local/lib/python3.6/site-packages/airflow/example_dags/example_trigger_controller_dag.py took 0.151 seconds
[2026-01-10 09:53:23,983] {processor.py:162} INFO - Started process (PID=2646) to work on /home/airflow/.local/lib/python3.6/site-packages/airflow/example_dags/example_trigger_controller_dag.py
[2026-01-10 09:53:23,994] {processor.py:613} INFO - Processing file /home/airflow/.local/lib/python3.6/site-packages/airflow/example_dags/example_trigger_controller_dag.py for tasks to queue
[2026-01-10 09:53:23,995] {logging_mixin.py:109} INFO - [2026-01-10 09:53:23,995] {dagbag.py:496} INFO - Filling up the DagBag from /home/airflow/.local/lib/python3.6/site-packages/airflow/example_dags/example_trigger_controller_dag.py
[2026-01-10 09:53:24,096] {processor.py:623} INFO - DAG(s) dict_keys(['example_trigger_controller_dag']) retrieved from /home/airflow/.local/lib/python3.6/site-packages/airflow/example_dags/example_trigger_controller_dag.py
[2026-01-10 09:53:24,224] {logging_mixin.py:109} INFO - [2026-01-10 09:53:24,224] {dag.py:1833} INFO - Sync 1 DAGs
[2026-01-10 09:53:24,330] {logging_mixin.py:109} INFO - [2026-01-10 09:53:24,330] {dag.py:2306} INFO - Setting next_dagrun for example_trigger_controller_dag to 2026-01-08 00:00:00+00:00
[2026-01-10 09:53:24,381] {processor.py:170} INFO - Processing /home/airflow/.local/lib/python3.6/site-packages/airflow/example_dags/example_trigger_controller_dag.py took 0.415 seconds
[2026-01-10 09:53:55,090] {processor.py:162} INFO - Started process (PID=2688) to work on /home/airflow/.local/lib/python3.6/site-packages/airflow/example_dags/example_trigger_controller_dag.py
[2026-01-10 09:53:55,091] {processor.py:613} INFO - Processing file /home/airflow/.local/lib/python3.6/site-packages/airflow/example_dags/example_trigger_controller_dag.py for tasks to queue
[2026-01-10 09:53:55,093] {logging_mixin.py:109} INFO - [2026-01-10 09:53:55,092] {dagbag.py:496} INFO - Filling up the DagBag from /home/airflow/.local/lib/python3.6/site-packages/airflow/example_dags/example_trigger_controller_dag.py
[2026-01-10 09:53:55,115] {processor.py:623} INFO - DAG(s) dict_keys(['example_trigger_controller_dag']) retrieved from /home/airflow/.local/lib/python3.6/site-packages/airflow/example_dags/example_trigger_controller_dag.py
[2026-01-10 09:53:55,155] {logging_mixin.py:109} INFO - [2026-01-10 09:53:55,155] {dag.py:1833} INFO - Sync 1 DAGs
[2026-01-10 09:53:55,199] {logging_mixin.py:109} INFO - [2026-01-10 09:53:55,199] {dag.py:2306} INFO - Setting next_dagrun for example_trigger_controller_dag to 2026-01-08 00:00:00+00:00
[2026-01-10 09:53:55,220] {processor.py:170} INFO - Processing /home/airflow/.local/lib/python3.6/site-packages/airflow/example_dags/example_trigger_controller_dag.py took 0.136 seconds
[2026-01-10 09:54:26,107] {processor.py:162} INFO - Started process (PID=2729) to work on /home/airflow/.local/lib/python3.6/site-packages/airflow/example_dags/example_trigger_controller_dag.py
[2026-01-10 09:54:26,113] {processor.py:613} INFO - Processing file /home/airflow/.local/lib/python3.6/site-packages/airflow/example_dags/example_trigger_controller_dag.py for tasks to queue
[2026-01-10 09:54:26,115] {logging_mixin.py:109} INFO - [2026-01-10 09:54:26,115] {dagbag.py:496} INFO - Filling up the DagBag from /home/airflow/.local/lib/python3.6/site-packages/airflow/example_dags/example_trigger_controller_dag.py
[2026-01-10 09:54:26,140] {processor.py:623} INFO - DAG(s) dict_keys(['example_trigger_controller_dag']) retrieved from /home/airflow/.local/lib/python3.6/site-packages/airflow/example_dags/example_trigger_controller_dag.py
[2026-01-10 09:54:26,182] {logging_mixin.py:109} INFO - [2026-01-10 09:54:26,182] {dag.py:1833} INFO - Sync 1 DAGs
[2026-01-10 09:54:26,215] {logging_mixin.py:109} INFO - [2026-01-10 09:54:26,215] {dag.py:2306} INFO - Setting next_dagrun for example_trigger_controller_dag to 2026-01-08 00:00:00+00:00
[2026-01-10 09:54:26,236] {processor.py:170} INFO - Processing /home/airflow/.local/lib/python3.6/site-packages/airflow/example_dags/example_trigger_controller_dag.py took 0.134 seconds
[2026-01-10 09:54:56,349] {processor.py:162} INFO - Started process (PID=2779) to work on /home/airflow/.local/lib/python3.6/site-packages/airflow/example_dags/example_trigger_controller_dag.py
[2026-01-10 09:54:56,359] {processor.py:613} INFO - Processing file /home/airflow/.local/lib/python3.6/site-packages/airflow/example_dags/example_trigger_controller_dag.py for tasks to queue
[2026-01-10 09:54:56,364] {logging_mixin.py:109} INFO - [2026-01-10 09:54:56,360] {dagbag.py:496} INFO - Filling up the DagBag from /home/airflow/.local/lib/python3.6/site-packages/airflow/example_dags/example_trigger_controller_dag.py
[2026-01-10 09:54:56,408] {processor.py:623} INFO - DAG(s) dict_keys(['example_trigger_controller_dag']) retrieved from /home/airflow/.local/lib/python3.6/site-packages/airflow/example_dags/example_trigger_controller_dag.py
[2026-01-10 09:54:56,584] {logging_mixin.py:109} INFO - [2026-01-10 09:54:56,584] {dag.py:1833} INFO - Sync 1 DAGs
[2026-01-10 09:54:56,624] {logging_mixin.py:109} INFO - [2026-01-10 09:54:56,624] {dag.py:2306} INFO - Setting next_dagrun for example_trigger_controller_dag to 2026-01-08 00:00:00+00:00
[2026-01-10 09:54:56,640] {processor.py:170} INFO - Processing /home/airflow/.local/lib/python3.6/site-packages/airflow/example_dags/example_trigger_controller_dag.py took 0.307 seconds
[2026-01-10 09:55:26,979] {processor.py:162} INFO - Started process (PID=2811) to work on /home/airflow/.local/lib/python3.6/site-packages/airflow/example_dags/example_trigger_controller_dag.py
[2026-01-10 09:55:26,987] {processor.py:613} INFO - Processing file /home/airflow/.local/lib/python3.6/site-packages/airflow/example_dags/example_trigger_controller_dag.py for tasks to queue
[2026-01-10 09:55:26,988] {logging_mixin.py:109} INFO - [2026-01-10 09:55:26,988] {dagbag.py:496} INFO - Filling up the DagBag from /home/airflow/.local/lib/python3.6/site-packages/airflow/example_dags/example_trigger_controller_dag.py
[2026-01-10 09:55:27,018] {processor.py:623} INFO - DAG(s) dict_keys(['example_trigger_controller_dag']) retrieved from /home/airflow/.local/lib/python3.6/site-packages/airflow/example_dags/example_trigger_controller_dag.py
[2026-01-10 09:55:27,081] {logging_mixin.py:109} INFO - [2026-01-10 09:55:27,080] {dag.py:1833} INFO - Sync 1 DAGs
[2026-01-10 09:55:27,124] {logging_mixin.py:109} INFO - [2026-01-10 09:55:27,123] {dag.py:2306} INFO - Setting next_dagrun for example_trigger_controller_dag to 2026-01-08 00:00:00+00:00
[2026-01-10 09:55:27,146] {processor.py:170} INFO - Processing /home/airflow/.local/lib/python3.6/site-packages/airflow/example_dags/example_trigger_controller_dag.py took 0.172 seconds
[2026-01-10 09:55:58,038] {processor.py:162} INFO - Started process (PID=2852) to work on /home/airflow/.local/lib/python3.6/site-packages/airflow/example_dags/example_trigger_controller_dag.py
[2026-01-10 09:55:58,041] {processor.py:613} INFO - Processing file /home/airflow/.local/lib/python3.6/site-packages/airflow/example_dags/example_trigger_controller_dag.py for tasks to queue
[2026-01-10 09:55:58,042] {logging_mixin.py:109} INFO - [2026-01-10 09:55:58,042] {dagbag.py:496} INFO - Filling up the DagBag from /home/airflow/.local/lib/python3.6/site-packages/airflow/example_dags/example_trigger_controller_dag.py
[2026-01-10 09:55:58,066] {processor.py:623} INFO - DAG(s) dict_keys(['example_trigger_controller_dag']) retrieved from /home/airflow/.local/lib/python3.6/site-packages/airflow/example_dags/example_trigger_controller_dag.py
[2026-01-10 09:55:58,109] {logging_mixin.py:109} INFO - [2026-01-10 09:55:58,109] {dag.py:1833} INFO - Sync 1 DAGs
[2026-01-10 09:55:58,141] {logging_mixin.py:109} INFO - [2026-01-10 09:55:58,141] {dag.py:2306} INFO - Setting next_dagrun for example_trigger_controller_dag to 2026-01-08 00:00:00+00:00
[2026-01-10 09:55:58,157] {processor.py:170} INFO - Processing /home/airflow/.local/lib/python3.6/site-packages/airflow/example_dags/example_trigger_controller_dag.py took 0.126 seconds
[2026-01-10 09:56:40,103] {processor.py:162} INFO - Started process (PID=2903) to work on /home/airflow/.local/lib/python3.6/site-packages/airflow/example_dags/example_trigger_controller_dag.py
[2026-01-10 09:56:40,105] {processor.py:613} INFO - Processing file /home/airflow/.local/lib/python3.6/site-packages/airflow/example_dags/example_trigger_controller_dag.py for tasks to queue
[2026-01-10 09:56:40,106] {logging_mixin.py:109} INFO - [2026-01-10 09:56:40,106] {dagbag.py:496} INFO - Filling up the DagBag from /home/airflow/.local/lib/python3.6/site-packages/airflow/example_dags/example_trigger_controller_dag.py
[2026-01-10 09:56:40,143] {processor.py:623} INFO - DAG(s) dict_keys(['example_trigger_controller_dag']) retrieved from /home/airflow/.local/lib/python3.6/site-packages/airflow/example_dags/example_trigger_controller_dag.py
[2026-01-10 09:56:40,257] {logging_mixin.py:109} INFO - [2026-01-10 09:56:40,257] {dag.py:1833} INFO - Sync 1 DAGs
[2026-01-10 09:56:40,293] {logging_mixin.py:109} INFO - [2026-01-10 09:56:40,292] {dag.py:2306} INFO - Setting next_dagrun for example_trigger_controller_dag to 2026-01-08 00:00:00+00:00
[2026-01-10 09:56:40,358] {processor.py:170} INFO - Processing /home/airflow/.local/lib/python3.6/site-packages/airflow/example_dags/example_trigger_controller_dag.py took 0.260 seconds
[2026-01-10 09:57:11,153] {processor.py:162} INFO - Started process (PID=2953) to work on /home/airflow/.local/lib/python3.6/site-packages/airflow/example_dags/example_trigger_controller_dag.py
[2026-01-10 09:57:11,155] {processor.py:613} INFO - Processing file /home/airflow/.local/lib/python3.6/site-packages/airflow/example_dags/example_trigger_controller_dag.py for tasks to queue
[2026-01-10 09:57:11,157] {logging_mixin.py:109} INFO - [2026-01-10 09:57:11,156] {dagbag.py:496} INFO - Filling up the DagBag from /home/airflow/.local/lib/python3.6/site-packages/airflow/example_dags/example_trigger_controller_dag.py
[2026-01-10 09:57:11,197] {processor.py:623} INFO - DAG(s) dict_keys(['example_trigger_controller_dag']) retrieved from /home/airflow/.local/lib/python3.6/site-packages/airflow/example_dags/example_trigger_controller_dag.py
[2026-01-10 09:57:11,300] {logging_mixin.py:109} INFO - [2026-01-10 09:57:11,299] {dag.py:1833} INFO - Sync 1 DAGs
[2026-01-10 09:57:11,376] {logging_mixin.py:109} INFO - [2026-01-10 09:57:11,374] {dag.py:2306} INFO - Setting next_dagrun for example_trigger_controller_dag to 2026-01-08 00:00:00+00:00
[2026-01-10 09:57:11,427] {processor.py:170} INFO - Processing /home/airflow/.local/lib/python3.6/site-packages/airflow/example_dags/example_trigger_controller_dag.py took 0.292 seconds
[2026-01-10 09:58:03,740] {processor.py:162} INFO - Started process (PID=2982) to work on /home/airflow/.local/lib/python3.6/site-packages/airflow/example_dags/example_trigger_controller_dag.py
[2026-01-10 09:58:03,743] {processor.py:613} INFO - Processing file /home/airflow/.local/lib/python3.6/site-packages/airflow/example_dags/example_trigger_controller_dag.py for tasks to queue
[2026-01-10 09:58:03,749] {logging_mixin.py:109} INFO - [2026-01-10 09:58:03,748] {dagbag.py:496} INFO - Filling up the DagBag from /home/airflow/.local/lib/python3.6/site-packages/airflow/example_dags/example_trigger_controller_dag.py
[2026-01-10 09:58:03,773] {processor.py:623} INFO - DAG(s) dict_keys(['example_trigger_controller_dag']) retrieved from /home/airflow/.local/lib/python3.6/site-packages/airflow/example_dags/example_trigger_controller_dag.py
[2026-01-10 09:58:03,818] {logging_mixin.py:109} INFO - [2026-01-10 09:58:03,818] {dag.py:1833} INFO - Sync 1 DAGs
[2026-01-10 09:58:03,859] {logging_mixin.py:109} INFO - [2026-01-10 09:58:03,858] {dag.py:2306} INFO - Setting next_dagrun for example_trigger_controller_dag to 2026-01-08 00:00:00+00:00
[2026-01-10 09:58:03,897] {processor.py:170} INFO - Processing /home/airflow/.local/lib/python3.6/site-packages/airflow/example_dags/example_trigger_controller_dag.py took 0.164 seconds
[2026-01-10 09:59:31,929] {processor.py:162} INFO - Started process (PID=3024) to work on /home/airflow/.local/lib/python3.6/site-packages/airflow/example_dags/example_trigger_controller_dag.py
[2026-01-10 09:59:31,933] {processor.py:613} INFO - Processing file /home/airflow/.local/lib/python3.6/site-packages/airflow/example_dags/example_trigger_controller_dag.py for tasks to queue
[2026-01-10 09:59:31,934] {logging_mixin.py:109} INFO - [2026-01-10 09:59:31,934] {dagbag.py:496} INFO - Filling up the DagBag from /home/airflow/.local/lib/python3.6/site-packages/airflow/example_dags/example_trigger_controller_dag.py
[2026-01-10 09:59:31,956] {processor.py:623} INFO - DAG(s) dict_keys(['example_trigger_controller_dag']) retrieved from /home/airflow/.local/lib/python3.6/site-packages/airflow/example_dags/example_trigger_controller_dag.py
[2026-01-10 09:59:32,006] {logging_mixin.py:109} INFO - [2026-01-10 09:59:32,006] {dag.py:1833} INFO - Sync 1 DAGs
[2026-01-10 09:59:32,035] {logging_mixin.py:109} INFO - [2026-01-10 09:59:32,035] {dag.py:2306} INFO - Setting next_dagrun for example_trigger_controller_dag to 2026-01-08 00:00:00+00:00
[2026-01-10 09:59:32,051] {processor.py:170} INFO - Processing /home/airflow/.local/lib/python3.6/site-packages/airflow/example_dags/example_trigger_controller_dag.py took 0.129 seconds
[2026-01-10 10:00:02,433] {processor.py:162} INFO - Started process (PID=3065) to work on /home/airflow/.local/lib/python3.6/site-packages/airflow/example_dags/example_trigger_controller_dag.py
[2026-01-10 10:00:02,435] {processor.py:613} INFO - Processing file /home/airflow/.local/lib/python3.6/site-packages/airflow/example_dags/example_trigger_controller_dag.py for tasks to queue
[2026-01-10 10:00:02,436] {logging_mixin.py:109} INFO - [2026-01-10 10:00:02,436] {dagbag.py:496} INFO - Filling up the DagBag from /home/airflow/.local/lib/python3.6/site-packages/airflow/example_dags/example_trigger_controller_dag.py
[2026-01-10 10:00:02,458] {processor.py:623} INFO - DAG(s) dict_keys(['example_trigger_controller_dag']) retrieved from /home/airflow/.local/lib/python3.6/site-packages/airflow/example_dags/example_trigger_controller_dag.py
[2026-01-10 10:00:02,496] {logging_mixin.py:109} INFO - [2026-01-10 10:00:02,495] {dag.py:1833} INFO - Sync 1 DAGs
[2026-01-10 10:00:02,525] {logging_mixin.py:109} INFO - [2026-01-10 10:00:02,525] {dag.py:2306} INFO - Setting next_dagrun for example_trigger_controller_dag to 2026-01-08 00:00:00+00:00
[2026-01-10 10:00:02,553] {processor.py:170} INFO - Processing /home/airflow/.local/lib/python3.6/site-packages/airflow/example_dags/example_trigger_controller_dag.py took 0.130 seconds
[2026-01-10 10:00:58,746] {processor.py:162} INFO - Started process (PID=3112) to work on /home/airflow/.local/lib/python3.6/site-packages/airflow/example_dags/example_trigger_controller_dag.py
[2026-01-10 10:00:58,750] {processor.py:613} INFO - Processing file /home/airflow/.local/lib/python3.6/site-packages/airflow/example_dags/example_trigger_controller_dag.py for tasks to queue
[2026-01-10 10:00:58,751] {logging_mixin.py:109} INFO - [2026-01-10 10:00:58,751] {dagbag.py:496} INFO - Filling up the DagBag from /home/airflow/.local/lib/python3.6/site-packages/airflow/example_dags/example_trigger_controller_dag.py
[2026-01-10 10:00:58,772] {processor.py:623} INFO - DAG(s) dict_keys(['example_trigger_controller_dag']) retrieved from /home/airflow/.local/lib/python3.6/site-packages/airflow/example_dags/example_trigger_controller_dag.py
[2026-01-10 10:00:59,041] {logging_mixin.py:109} INFO - [2026-01-10 10:00:59,040] {dag.py:1833} INFO - Sync 1 DAGs
[2026-01-10 10:00:59,100] {logging_mixin.py:109} INFO - [2026-01-10 10:00:59,100] {dag.py:2306} INFO - Setting next_dagrun for example_trigger_controller_dag to 2026-01-08 00:00:00+00:00
[2026-01-10 10:00:59,121] {processor.py:170} INFO - Processing /home/airflow/.local/lib/python3.6/site-packages/airflow/example_dags/example_trigger_controller_dag.py took 0.383 seconds
[2026-01-10 10:02:26,333] {processor.py:162} INFO - Started process (PID=3156) to work on /home/airflow/.local/lib/python3.6/site-packages/airflow/example_dags/example_trigger_controller_dag.py
[2026-01-10 10:02:26,335] {processor.py:613} INFO - Processing file /home/airflow/.local/lib/python3.6/site-packages/airflow/example_dags/example_trigger_controller_dag.py for tasks to queue
[2026-01-10 10:02:26,336] {logging_mixin.py:109} INFO - [2026-01-10 10:02:26,335] {dagbag.py:496} INFO - Filling up the DagBag from /home/airflow/.local/lib/python3.6/site-packages/airflow/example_dags/example_trigger_controller_dag.py
[2026-01-10 10:02:26,357] {processor.py:623} INFO - DAG(s) dict_keys(['example_trigger_controller_dag']) retrieved from /home/airflow/.local/lib/python3.6/site-packages/airflow/example_dags/example_trigger_controller_dag.py
[2026-01-10 10:02:26,387] {logging_mixin.py:109} INFO - [2026-01-10 10:02:26,387] {dag.py:1833} INFO - Sync 1 DAGs
[2026-01-10 10:02:26,403] {logging_mixin.py:109} INFO - [2026-01-10 10:02:26,403] {dag.py:2306} INFO - Setting next_dagrun for example_trigger_controller_dag to 2026-01-08 00:00:00+00:00
[2026-01-10 10:02:26,417] {processor.py:170} INFO - Processing /home/airflow/.local/lib/python3.6/site-packages/airflow/example_dags/example_trigger_controller_dag.py took 0.089 seconds
[2026-01-10 10:15:10,134] {processor.py:162} INFO - Started process (PID=73) to work on /home/airflow/.local/lib/python3.6/site-packages/airflow/example_dags/example_trigger_controller_dag.py
[2026-01-10 10:15:10,162] {processor.py:613} INFO - Processing file /home/airflow/.local/lib/python3.6/site-packages/airflow/example_dags/example_trigger_controller_dag.py for tasks to queue
[2026-01-10 10:15:10,170] {logging_mixin.py:109} INFO - [2026-01-10 10:15:10,163] {dagbag.py:496} INFO - Filling up the DagBag from /home/airflow/.local/lib/python3.6/site-packages/airflow/example_dags/example_trigger_controller_dag.py
[2026-01-10 10:15:10,269] {processor.py:623} INFO - DAG(s) dict_keys(['example_trigger_controller_dag']) retrieved from /home/airflow/.local/lib/python3.6/site-packages/airflow/example_dags/example_trigger_controller_dag.py
[2026-01-10 10:15:10,409] {logging_mixin.py:109} INFO - [2026-01-10 10:15:10,409] {dag.py:1833} INFO - Sync 1 DAGs
[2026-01-10 10:15:10,514] {logging_mixin.py:109} INFO - [2026-01-10 10:15:10,514] {dag.py:2306} INFO - Setting next_dagrun for example_trigger_controller_dag to 2026-01-08 00:00:00+00:00
[2026-01-10 10:15:10,559] {processor.py:170} INFO - Processing /home/airflow/.local/lib/python3.6/site-packages/airflow/example_dags/example_trigger_controller_dag.py took 0.436 seconds
[2026-01-10 10:15:41,049] {processor.py:162} INFO - Started process (PID=116) to work on /home/airflow/.local/lib/python3.6/site-packages/airflow/example_dags/example_trigger_controller_dag.py
[2026-01-10 10:15:41,055] {processor.py:613} INFO - Processing file /home/airflow/.local/lib/python3.6/site-packages/airflow/example_dags/example_trigger_controller_dag.py for tasks to queue
[2026-01-10 10:15:41,056] {logging_mixin.py:109} INFO - [2026-01-10 10:15:41,056] {dagbag.py:496} INFO - Filling up the DagBag from /home/airflow/.local/lib/python3.6/site-packages/airflow/example_dags/example_trigger_controller_dag.py
[2026-01-10 10:15:41,088] {processor.py:623} INFO - DAG(s) dict_keys(['example_trigger_controller_dag']) retrieved from /home/airflow/.local/lib/python3.6/site-packages/airflow/example_dags/example_trigger_controller_dag.py
[2026-01-10 10:15:41,155] {logging_mixin.py:109} INFO - [2026-01-10 10:15:41,155] {dag.py:1833} INFO - Sync 1 DAGs
[2026-01-10 10:15:41,202] {logging_mixin.py:109} INFO - [2026-01-10 10:15:41,202] {dag.py:2306} INFO - Setting next_dagrun for example_trigger_controller_dag to 2026-01-08 00:00:00+00:00
[2026-01-10 10:15:41,239] {processor.py:170} INFO - Processing /home/airflow/.local/lib/python3.6/site-packages/airflow/example_dags/example_trigger_controller_dag.py took 0.209 seconds
[2026-01-10 10:16:11,511] {processor.py:162} INFO - Started process (PID=167) to work on /home/airflow/.local/lib/python3.6/site-packages/airflow/example_dags/example_trigger_controller_dag.py
[2026-01-10 10:16:11,516] {processor.py:613} INFO - Processing file /home/airflow/.local/lib/python3.6/site-packages/airflow/example_dags/example_trigger_controller_dag.py for tasks to queue
[2026-01-10 10:16:11,517] {logging_mixin.py:109} INFO - [2026-01-10 10:16:11,516] {dagbag.py:496} INFO - Filling up the DagBag from /home/airflow/.local/lib/python3.6/site-packages/airflow/example_dags/example_trigger_controller_dag.py
[2026-01-10 10:16:11,549] {processor.py:623} INFO - DAG(s) dict_keys(['example_trigger_controller_dag']) retrieved from /home/airflow/.local/lib/python3.6/site-packages/airflow/example_dags/example_trigger_controller_dag.py
[2026-01-10 10:16:11,581] {logging_mixin.py:109} INFO - [2026-01-10 10:16:11,581] {dag.py:1833} INFO - Sync 1 DAGs
[2026-01-10 10:16:11,605] {logging_mixin.py:109} INFO - [2026-01-10 10:16:11,605] {dag.py:2306} INFO - Setting next_dagrun for example_trigger_controller_dag to 2026-01-08 00:00:00+00:00
[2026-01-10 10:16:11,640] {processor.py:170} INFO - Processing /home/airflow/.local/lib/python3.6/site-packages/airflow/example_dags/example_trigger_controller_dag.py took 0.158 seconds
[2026-01-10 10:16:43,021] {processor.py:162} INFO - Started process (PID=216) to work on /home/airflow/.local/lib/python3.6/site-packages/airflow/example_dags/example_trigger_controller_dag.py
[2026-01-10 10:16:43,023] {processor.py:613} INFO - Processing file /home/airflow/.local/lib/python3.6/site-packages/airflow/example_dags/example_trigger_controller_dag.py for tasks to queue
[2026-01-10 10:16:43,024] {logging_mixin.py:109} INFO - [2026-01-10 10:16:43,024] {dagbag.py:496} INFO - Filling up the DagBag from /home/airflow/.local/lib/python3.6/site-packages/airflow/example_dags/example_trigger_controller_dag.py
[2026-01-10 10:16:43,100] {processor.py:623} INFO - DAG(s) dict_keys(['example_trigger_controller_dag']) retrieved from /home/airflow/.local/lib/python3.6/site-packages/airflow/example_dags/example_trigger_controller_dag.py
[2026-01-10 10:16:43,229] {logging_mixin.py:109} INFO - [2026-01-10 10:16:43,228] {dag.py:1833} INFO - Sync 1 DAGs
[2026-01-10 10:16:43,328] {logging_mixin.py:109} INFO - [2026-01-10 10:16:43,327] {dag.py:2306} INFO - Setting next_dagrun for example_trigger_controller_dag to 2026-01-08 00:00:00+00:00
[2026-01-10 10:16:43,361] {processor.py:170} INFO - Processing /home/airflow/.local/lib/python3.6/site-packages/airflow/example_dags/example_trigger_controller_dag.py took 0.345 seconds
[2026-01-10 10:17:14,068] {processor.py:162} INFO - Started process (PID=261) to work on /home/airflow/.local/lib/python3.6/site-packages/airflow/example_dags/example_trigger_controller_dag.py
[2026-01-10 10:17:14,069] {processor.py:613} INFO - Processing file /home/airflow/.local/lib/python3.6/site-packages/airflow/example_dags/example_trigger_controller_dag.py for tasks to queue
[2026-01-10 10:17:14,070] {logging_mixin.py:109} INFO - [2026-01-10 10:17:14,070] {dagbag.py:496} INFO - Filling up the DagBag from /home/airflow/.local/lib/python3.6/site-packages/airflow/example_dags/example_trigger_controller_dag.py
[2026-01-10 10:17:14,088] {processor.py:623} INFO - DAG(s) dict_keys(['example_trigger_controller_dag']) retrieved from /home/airflow/.local/lib/python3.6/site-packages/airflow/example_dags/example_trigger_controller_dag.py
[2026-01-10 10:17:14,121] {logging_mixin.py:109} INFO - [2026-01-10 10:17:14,121] {dag.py:1833} INFO - Sync 1 DAGs
[2026-01-10 10:17:14,146] {logging_mixin.py:109} INFO - [2026-01-10 10:17:14,146] {dag.py:2306} INFO - Setting next_dagrun for example_trigger_controller_dag to 2026-01-08 00:00:00+00:00
[2026-01-10 10:17:14,161] {processor.py:170} INFO - Processing /home/airflow/.local/lib/python3.6/site-packages/airflow/example_dags/example_trigger_controller_dag.py took 0.097 seconds
[2026-01-10 10:17:44,814] {processor.py:162} INFO - Started process (PID=312) to work on /home/airflow/.local/lib/python3.6/site-packages/airflow/example_dags/example_trigger_controller_dag.py
[2026-01-10 10:17:44,816] {processor.py:613} INFO - Processing file /home/airflow/.local/lib/python3.6/site-packages/airflow/example_dags/example_trigger_controller_dag.py for tasks to queue
[2026-01-10 10:17:44,818] {logging_mixin.py:109} INFO - [2026-01-10 10:17:44,818] {dagbag.py:496} INFO - Filling up the DagBag from /home/airflow/.local/lib/python3.6/site-packages/airflow/example_dags/example_trigger_controller_dag.py
[2026-01-10 10:17:44,851] {processor.py:623} INFO - DAG(s) dict_keys(['example_trigger_controller_dag']) retrieved from /home/airflow/.local/lib/python3.6/site-packages/airflow/example_dags/example_trigger_controller_dag.py
[2026-01-10 10:17:44,928] {logging_mixin.py:109} INFO - [2026-01-10 10:17:44,928] {dag.py:1833} INFO - Sync 1 DAGs
[2026-01-10 10:17:44,999] {logging_mixin.py:109} INFO - [2026-01-10 10:17:44,999] {dag.py:2306} INFO - Setting next_dagrun for example_trigger_controller_dag to 2026-01-08 00:00:00+00:00
[2026-01-10 10:17:45,045] {processor.py:170} INFO - Processing /home/airflow/.local/lib/python3.6/site-packages/airflow/example_dags/example_trigger_controller_dag.py took 0.237 seconds
[2026-01-10 10:18:15,209] {processor.py:162} INFO - Started process (PID=363) to work on /home/airflow/.local/lib/python3.6/site-packages/airflow/example_dags/example_trigger_controller_dag.py
[2026-01-10 10:18:15,212] {processor.py:613} INFO - Processing file /home/airflow/.local/lib/python3.6/site-packages/airflow/example_dags/example_trigger_controller_dag.py for tasks to queue
[2026-01-10 10:18:15,213] {logging_mixin.py:109} INFO - [2026-01-10 10:18:15,213] {dagbag.py:496} INFO - Filling up the DagBag from /home/airflow/.local/lib/python3.6/site-packages/airflow/example_dags/example_trigger_controller_dag.py
[2026-01-10 10:18:15,244] {processor.py:623} INFO - DAG(s) dict_keys(['example_trigger_controller_dag']) retrieved from /home/airflow/.local/lib/python3.6/site-packages/airflow/example_dags/example_trigger_controller_dag.py
[2026-01-10 10:18:15,287] {logging_mixin.py:109} INFO - [2026-01-10 10:18:15,287] {dag.py:1833} INFO - Sync 1 DAGs
[2026-01-10 10:18:15,318] {logging_mixin.py:109} INFO - [2026-01-10 10:18:15,317] {dag.py:2306} INFO - Setting next_dagrun for example_trigger_controller_dag to 2026-01-08 00:00:00+00:00
[2026-01-10 10:18:15,340] {processor.py:170} INFO - Processing /home/airflow/.local/lib/python3.6/site-packages/airflow/example_dags/example_trigger_controller_dag.py took 0.136 seconds
[2026-01-10 10:18:45,906] {processor.py:162} INFO - Started process (PID=414) to work on /home/airflow/.local/lib/python3.6/site-packages/airflow/example_dags/example_trigger_controller_dag.py
[2026-01-10 10:18:45,909] {processor.py:613} INFO - Processing file /home/airflow/.local/lib/python3.6/site-packages/airflow/example_dags/example_trigger_controller_dag.py for tasks to queue
[2026-01-10 10:18:45,910] {logging_mixin.py:109} INFO - [2026-01-10 10:18:45,910] {dagbag.py:496} INFO - Filling up the DagBag from /home/airflow/.local/lib/python3.6/site-packages/airflow/example_dags/example_trigger_controller_dag.py
[2026-01-10 10:18:45,953] {processor.py:623} INFO - DAG(s) dict_keys(['example_trigger_controller_dag']) retrieved from /home/airflow/.local/lib/python3.6/site-packages/airflow/example_dags/example_trigger_controller_dag.py
[2026-01-10 10:18:45,990] {logging_mixin.py:109} INFO - [2026-01-10 10:18:45,990] {dag.py:1833} INFO - Sync 1 DAGs
[2026-01-10 10:18:46,019] {logging_mixin.py:109} INFO - [2026-01-10 10:18:46,019] {dag.py:2306} INFO - Setting next_dagrun for example_trigger_controller_dag to 2026-01-08 00:00:00+00:00
[2026-01-10 10:18:46,038] {processor.py:170} INFO - Processing /home/airflow/.local/lib/python3.6/site-packages/airflow/example_dags/example_trigger_controller_dag.py took 0.141 seconds
[2026-01-10 10:19:16,390] {processor.py:162} INFO - Started process (PID=465) to work on /home/airflow/.local/lib/python3.6/site-packages/airflow/example_dags/example_trigger_controller_dag.py
[2026-01-10 10:19:16,391] {processor.py:613} INFO - Processing file /home/airflow/.local/lib/python3.6/site-packages/airflow/example_dags/example_trigger_controller_dag.py for tasks to queue
[2026-01-10 10:19:16,391] {logging_mixin.py:109} INFO - [2026-01-10 10:19:16,391] {dagbag.py:496} INFO - Filling up the DagBag from /home/airflow/.local/lib/python3.6/site-packages/airflow/example_dags/example_trigger_controller_dag.py
[2026-01-10 10:19:16,408] {processor.py:623} INFO - DAG(s) dict_keys(['example_trigger_controller_dag']) retrieved from /home/airflow/.local/lib/python3.6/site-packages/airflow/example_dags/example_trigger_controller_dag.py
[2026-01-10 10:19:16,435] {logging_mixin.py:109} INFO - [2026-01-10 10:19:16,435] {dag.py:1833} INFO - Sync 1 DAGs
[2026-01-10 10:19:16,460] {logging_mixin.py:109} INFO - [2026-01-10 10:19:16,460] {dag.py:2306} INFO - Setting next_dagrun for example_trigger_controller_dag to 2026-01-08 00:00:00+00:00
[2026-01-10 10:19:16,472] {processor.py:170} INFO - Processing /home/airflow/.local/lib/python3.6/site-packages/airflow/example_dags/example_trigger_controller_dag.py took 0.086 seconds
[2026-01-10 10:19:46,964] {processor.py:162} INFO - Started process (PID=517) to work on /home/airflow/.local/lib/python3.6/site-packages/airflow/example_dags/example_trigger_controller_dag.py
[2026-01-10 10:19:46,965] {processor.py:613} INFO - Processing file /home/airflow/.local/lib/python3.6/site-packages/airflow/example_dags/example_trigger_controller_dag.py for tasks to queue
[2026-01-10 10:19:46,966] {logging_mixin.py:109} INFO - [2026-01-10 10:19:46,966] {dagbag.py:496} INFO - Filling up the DagBag from /home/airflow/.local/lib/python3.6/site-packages/airflow/example_dags/example_trigger_controller_dag.py
[2026-01-10 10:19:46,985] {processor.py:623} INFO - DAG(s) dict_keys(['example_trigger_controller_dag']) retrieved from /home/airflow/.local/lib/python3.6/site-packages/airflow/example_dags/example_trigger_controller_dag.py
[2026-01-10 10:19:47,024] {logging_mixin.py:109} INFO - [2026-01-10 10:19:47,023] {dag.py:1833} INFO - Sync 1 DAGs
[2026-01-10 10:19:47,047] {logging_mixin.py:109} INFO - [2026-01-10 10:19:47,047] {dag.py:2306} INFO - Setting next_dagrun for example_trigger_controller_dag to 2026-01-08 00:00:00+00:00
[2026-01-10 10:19:47,060] {processor.py:170} INFO - Processing /home/airflow/.local/lib/python3.6/site-packages/airflow/example_dags/example_trigger_controller_dag.py took 0.102 seconds
[2026-01-10 10:20:17,385] {processor.py:162} INFO - Started process (PID=569) to work on /home/airflow/.local/lib/python3.6/site-packages/airflow/example_dags/example_trigger_controller_dag.py
[2026-01-10 10:20:17,386] {processor.py:613} INFO - Processing file /home/airflow/.local/lib/python3.6/site-packages/airflow/example_dags/example_trigger_controller_dag.py for tasks to queue
[2026-01-10 10:20:17,387] {logging_mixin.py:109} INFO - [2026-01-10 10:20:17,387] {dagbag.py:496} INFO - Filling up the DagBag from /home/airflow/.local/lib/python3.6/site-packages/airflow/example_dags/example_trigger_controller_dag.py
[2026-01-10 10:20:17,401] {processor.py:623} INFO - DAG(s) dict_keys(['example_trigger_controller_dag']) retrieved from /home/airflow/.local/lib/python3.6/site-packages/airflow/example_dags/example_trigger_controller_dag.py
[2026-01-10 10:20:17,425] {logging_mixin.py:109} INFO - [2026-01-10 10:20:17,425] {dag.py:1833} INFO - Sync 1 DAGs
[2026-01-10 10:20:17,449] {logging_mixin.py:109} INFO - [2026-01-10 10:20:17,449] {dag.py:2306} INFO - Setting next_dagrun for example_trigger_controller_dag to 2026-01-08 00:00:00+00:00
[2026-01-10 10:20:17,461] {processor.py:170} INFO - Processing /home/airflow/.local/lib/python3.6/site-packages/airflow/example_dags/example_trigger_controller_dag.py took 0.081 seconds
