[2026-01-10 09:28:08,830] {processor.py:162} INFO - Started process (PID=153) to work on /home/airflow/.local/lib/python3.6/site-packages/airflow/example_dags/example_dag_decorator.py
[2026-01-10 09:28:08,831] {processor.py:613} INFO - Processing file /home/airflow/.local/lib/python3.6/site-packages/airflow/example_dags/example_dag_decorator.py for tasks to queue
[2026-01-10 09:28:08,832] {logging_mixin.py:109} INFO - [2026-01-10 09:28:08,832] {dagbag.py:496} INFO - Filling up the DagBag from /home/airflow/.local/lib/python3.6/site-packages/airflow/example_dags/example_dag_decorator.py
[2026-01-10 09:28:08,875] {processor.py:623} INFO - DAG(s) dict_keys(['example_dag_decorator']) retrieved from /home/airflow/.local/lib/python3.6/site-packages/airflow/example_dags/example_dag_decorator.py
[2026-01-10 09:28:15,526] {logging_mixin.py:109} INFO - [2026-01-10 09:28:15,517] {dag.py:1833} INFO - Sync 1 DAGs
[2026-01-10 09:28:15,580] {logging_mixin.py:109} INFO - [2026-01-10 09:28:15,566] {dag.py:1852} INFO - Creating ORM DAG for example_dag_decorator
[2026-01-10 09:28:15,602] {logging_mixin.py:109} INFO - [2026-01-10 09:28:15,602] {dag.py:2306} INFO - Setting next_dagrun for example_dag_decorator to None
[2026-01-10 09:28:15,672] {processor.py:170} INFO - Processing /home/airflow/.local/lib/python3.6/site-packages/airflow/example_dags/example_dag_decorator.py took 6.846 seconds
[2026-01-10 09:29:02,618] {processor.py:162} INFO - Started process (PID=279) to work on /home/airflow/.local/lib/python3.6/site-packages/airflow/example_dags/example_dag_decorator.py
[2026-01-10 09:29:02,620] {processor.py:613} INFO - Processing file /home/airflow/.local/lib/python3.6/site-packages/airflow/example_dags/example_dag_decorator.py for tasks to queue
[2026-01-10 09:29:02,623] {logging_mixin.py:109} INFO - [2026-01-10 09:29:02,621] {dagbag.py:496} INFO - Filling up the DagBag from /home/airflow/.local/lib/python3.6/site-packages/airflow/example_dags/example_dag_decorator.py
[2026-01-10 09:29:02,660] {processor.py:623} INFO - DAG(s) dict_keys(['example_dag_decorator']) retrieved from /home/airflow/.local/lib/python3.6/site-packages/airflow/example_dags/example_dag_decorator.py
[2026-01-10 09:29:03,092] {logging_mixin.py:109} INFO - [2026-01-10 09:29:03,092] {dag.py:1833} INFO - Sync 1 DAGs
[2026-01-10 09:29:03,115] {logging_mixin.py:109} INFO - [2026-01-10 09:29:03,115] {dag.py:2306} INFO - Setting next_dagrun for example_dag_decorator to None
[2026-01-10 09:29:03,142] {processor.py:170} INFO - Processing /home/airflow/.local/lib/python3.6/site-packages/airflow/example_dags/example_dag_decorator.py took 0.532 seconds
[2026-01-10 09:29:33,643] {processor.py:162} INFO - Started process (PID=331) to work on /home/airflow/.local/lib/python3.6/site-packages/airflow/example_dags/example_dag_decorator.py
[2026-01-10 09:29:33,645] {processor.py:613} INFO - Processing file /home/airflow/.local/lib/python3.6/site-packages/airflow/example_dags/example_dag_decorator.py for tasks to queue
[2026-01-10 09:29:33,646] {logging_mixin.py:109} INFO - [2026-01-10 09:29:33,646] {dagbag.py:496} INFO - Filling up the DagBag from /home/airflow/.local/lib/python3.6/site-packages/airflow/example_dags/example_dag_decorator.py
[2026-01-10 09:29:33,685] {processor.py:623} INFO - DAG(s) dict_keys(['example_dag_decorator']) retrieved from /home/airflow/.local/lib/python3.6/site-packages/airflow/example_dags/example_dag_decorator.py
[2026-01-10 09:29:34,104] {logging_mixin.py:109} INFO - [2026-01-10 09:29:34,104] {dag.py:1833} INFO - Sync 1 DAGs
[2026-01-10 09:29:34,132] {logging_mixin.py:109} INFO - [2026-01-10 09:29:34,131] {dag.py:2306} INFO - Setting next_dagrun for example_dag_decorator to None
[2026-01-10 09:29:34,154] {processor.py:170} INFO - Processing /home/airflow/.local/lib/python3.6/site-packages/airflow/example_dags/example_dag_decorator.py took 0.515 seconds
[2026-01-10 09:30:04,510] {processor.py:162} INFO - Started process (PID=380) to work on /home/airflow/.local/lib/python3.6/site-packages/airflow/example_dags/example_dag_decorator.py
[2026-01-10 09:30:04,511] {processor.py:613} INFO - Processing file /home/airflow/.local/lib/python3.6/site-packages/airflow/example_dags/example_dag_decorator.py for tasks to queue
[2026-01-10 09:30:04,512] {logging_mixin.py:109} INFO - [2026-01-10 09:30:04,512] {dagbag.py:496} INFO - Filling up the DagBag from /home/airflow/.local/lib/python3.6/site-packages/airflow/example_dags/example_dag_decorator.py
[2026-01-10 09:30:04,538] {processor.py:623} INFO - DAG(s) dict_keys(['example_dag_decorator']) retrieved from /home/airflow/.local/lib/python3.6/site-packages/airflow/example_dags/example_dag_decorator.py
[2026-01-10 09:30:05,015] {logging_mixin.py:109} INFO - [2026-01-10 09:30:05,015] {dag.py:1833} INFO - Sync 1 DAGs
[2026-01-10 09:30:05,042] {logging_mixin.py:109} INFO - [2026-01-10 09:30:05,042] {dag.py:2306} INFO - Setting next_dagrun for example_dag_decorator to None
[2026-01-10 09:30:05,063] {processor.py:170} INFO - Processing /home/airflow/.local/lib/python3.6/site-packages/airflow/example_dags/example_dag_decorator.py took 0.561 seconds
[2026-01-10 09:30:35,522] {processor.py:162} INFO - Started process (PID=434) to work on /home/airflow/.local/lib/python3.6/site-packages/airflow/example_dags/example_dag_decorator.py
[2026-01-10 09:30:35,529] {processor.py:613} INFO - Processing file /home/airflow/.local/lib/python3.6/site-packages/airflow/example_dags/example_dag_decorator.py for tasks to queue
[2026-01-10 09:30:35,532] {logging_mixin.py:109} INFO - [2026-01-10 09:30:35,532] {dagbag.py:496} INFO - Filling up the DagBag from /home/airflow/.local/lib/python3.6/site-packages/airflow/example_dags/example_dag_decorator.py
[2026-01-10 09:30:35,578] {processor.py:623} INFO - DAG(s) dict_keys(['example_dag_decorator']) retrieved from /home/airflow/.local/lib/python3.6/site-packages/airflow/example_dags/example_dag_decorator.py
[2026-01-10 09:30:35,625] {logging_mixin.py:109} INFO - [2026-01-10 09:30:35,623] {dag.py:1833} INFO - Sync 1 DAGs
[2026-01-10 09:30:35,662] {logging_mixin.py:109} INFO - [2026-01-10 09:30:35,662] {dag.py:2306} INFO - Setting next_dagrun for example_dag_decorator to None
[2026-01-10 09:30:35,682] {processor.py:170} INFO - Processing /home/airflow/.local/lib/python3.6/site-packages/airflow/example_dags/example_dag_decorator.py took 0.166 seconds
[2026-01-10 09:31:06,082] {processor.py:162} INFO - Started process (PID=492) to work on /home/airflow/.local/lib/python3.6/site-packages/airflow/example_dags/example_dag_decorator.py
[2026-01-10 09:31:06,083] {processor.py:613} INFO - Processing file /home/airflow/.local/lib/python3.6/site-packages/airflow/example_dags/example_dag_decorator.py for tasks to queue
[2026-01-10 09:31:06,084] {logging_mixin.py:109} INFO - [2026-01-10 09:31:06,084] {dagbag.py:496} INFO - Filling up the DagBag from /home/airflow/.local/lib/python3.6/site-packages/airflow/example_dags/example_dag_decorator.py
[2026-01-10 09:31:06,133] {processor.py:623} INFO - DAG(s) dict_keys(['example_dag_decorator']) retrieved from /home/airflow/.local/lib/python3.6/site-packages/airflow/example_dags/example_dag_decorator.py
[2026-01-10 09:31:06,717] {logging_mixin.py:109} INFO - [2026-01-10 09:31:06,716] {dag.py:1833} INFO - Sync 1 DAGs
[2026-01-10 09:31:06,746] {logging_mixin.py:109} INFO - [2026-01-10 09:31:06,745] {dag.py:2306} INFO - Setting next_dagrun for example_dag_decorator to None
[2026-01-10 09:31:06,776] {processor.py:170} INFO - Processing /home/airflow/.local/lib/python3.6/site-packages/airflow/example_dags/example_dag_decorator.py took 0.699 seconds
[2026-01-10 09:31:37,154] {processor.py:162} INFO - Started process (PID=546) to work on /home/airflow/.local/lib/python3.6/site-packages/airflow/example_dags/example_dag_decorator.py
[2026-01-10 09:31:37,156] {processor.py:613} INFO - Processing file /home/airflow/.local/lib/python3.6/site-packages/airflow/example_dags/example_dag_decorator.py for tasks to queue
[2026-01-10 09:31:37,159] {logging_mixin.py:109} INFO - [2026-01-10 09:31:37,158] {dagbag.py:496} INFO - Filling up the DagBag from /home/airflow/.local/lib/python3.6/site-packages/airflow/example_dags/example_dag_decorator.py
[2026-01-10 09:31:37,225] {processor.py:623} INFO - DAG(s) dict_keys(['example_dag_decorator']) retrieved from /home/airflow/.local/lib/python3.6/site-packages/airflow/example_dags/example_dag_decorator.py
[2026-01-10 09:31:37,774] {logging_mixin.py:109} INFO - [2026-01-10 09:31:37,774] {dag.py:1833} INFO - Sync 1 DAGs
[2026-01-10 09:31:37,811] {logging_mixin.py:109} INFO - [2026-01-10 09:31:37,810] {dag.py:2306} INFO - Setting next_dagrun for example_dag_decorator to None
[2026-01-10 09:31:37,842] {processor.py:170} INFO - Processing /home/airflow/.local/lib/python3.6/site-packages/airflow/example_dags/example_dag_decorator.py took 0.699 seconds
[2026-01-10 09:32:07,952] {processor.py:162} INFO - Started process (PID=597) to work on /home/airflow/.local/lib/python3.6/site-packages/airflow/example_dags/example_dag_decorator.py
[2026-01-10 09:32:07,953] {processor.py:613} INFO - Processing file /home/airflow/.local/lib/python3.6/site-packages/airflow/example_dags/example_dag_decorator.py for tasks to queue
[2026-01-10 09:32:07,954] {logging_mixin.py:109} INFO - [2026-01-10 09:32:07,954] {dagbag.py:496} INFO - Filling up the DagBag from /home/airflow/.local/lib/python3.6/site-packages/airflow/example_dags/example_dag_decorator.py
[2026-01-10 09:32:07,991] {processor.py:623} INFO - DAG(s) dict_keys(['example_dag_decorator']) retrieved from /home/airflow/.local/lib/python3.6/site-packages/airflow/example_dags/example_dag_decorator.py
[2026-01-10 09:32:08,339] {logging_mixin.py:109} INFO - [2026-01-10 09:32:08,338] {dag.py:1833} INFO - Sync 1 DAGs
[2026-01-10 09:32:08,359] {logging_mixin.py:109} INFO - [2026-01-10 09:32:08,359] {dag.py:2306} INFO - Setting next_dagrun for example_dag_decorator to None
[2026-01-10 09:32:08,378] {processor.py:170} INFO - Processing /home/airflow/.local/lib/python3.6/site-packages/airflow/example_dags/example_dag_decorator.py took 0.430 seconds
[2026-01-10 09:32:39,203] {processor.py:162} INFO - Started process (PID=649) to work on /home/airflow/.local/lib/python3.6/site-packages/airflow/example_dags/example_dag_decorator.py
[2026-01-10 09:32:39,204] {processor.py:613} INFO - Processing file /home/airflow/.local/lib/python3.6/site-packages/airflow/example_dags/example_dag_decorator.py for tasks to queue
[2026-01-10 09:32:39,205] {logging_mixin.py:109} INFO - [2026-01-10 09:32:39,205] {dagbag.py:496} INFO - Filling up the DagBag from /home/airflow/.local/lib/python3.6/site-packages/airflow/example_dags/example_dag_decorator.py
[2026-01-10 09:32:39,244] {processor.py:623} INFO - DAG(s) dict_keys(['example_dag_decorator']) retrieved from /home/airflow/.local/lib/python3.6/site-packages/airflow/example_dags/example_dag_decorator.py
[2026-01-10 09:32:39,628] {logging_mixin.py:109} INFO - [2026-01-10 09:32:39,628] {dag.py:1833} INFO - Sync 1 DAGs
[2026-01-10 09:32:39,652] {logging_mixin.py:109} INFO - [2026-01-10 09:32:39,652] {dag.py:2306} INFO - Setting next_dagrun for example_dag_decorator to None
[2026-01-10 09:32:39,667] {processor.py:170} INFO - Processing /home/airflow/.local/lib/python3.6/site-packages/airflow/example_dags/example_dag_decorator.py took 0.470 seconds
[2026-01-10 09:33:10,417] {processor.py:162} INFO - Started process (PID=700) to work on /home/airflow/.local/lib/python3.6/site-packages/airflow/example_dags/example_dag_decorator.py
[2026-01-10 09:33:10,418] {processor.py:613} INFO - Processing file /home/airflow/.local/lib/python3.6/site-packages/airflow/example_dags/example_dag_decorator.py for tasks to queue
[2026-01-10 09:33:10,418] {logging_mixin.py:109} INFO - [2026-01-10 09:33:10,418] {dagbag.py:496} INFO - Filling up the DagBag from /home/airflow/.local/lib/python3.6/site-packages/airflow/example_dags/example_dag_decorator.py
[2026-01-10 09:33:10,446] {processor.py:623} INFO - DAG(s) dict_keys(['example_dag_decorator']) retrieved from /home/airflow/.local/lib/python3.6/site-packages/airflow/example_dags/example_dag_decorator.py
[2026-01-10 09:33:10,776] {logging_mixin.py:109} INFO - [2026-01-10 09:33:10,776] {dag.py:1833} INFO - Sync 1 DAGs
[2026-01-10 09:33:10,793] {logging_mixin.py:109} INFO - [2026-01-10 09:33:10,793] {dag.py:2306} INFO - Setting next_dagrun for example_dag_decorator to None
[2026-01-10 09:33:10,809] {processor.py:170} INFO - Processing /home/airflow/.local/lib/python3.6/site-packages/airflow/example_dags/example_dag_decorator.py took 0.395 seconds
[2026-01-10 09:33:40,906] {processor.py:162} INFO - Started process (PID=750) to work on /home/airflow/.local/lib/python3.6/site-packages/airflow/example_dags/example_dag_decorator.py
[2026-01-10 09:33:40,908] {processor.py:613} INFO - Processing file /home/airflow/.local/lib/python3.6/site-packages/airflow/example_dags/example_dag_decorator.py for tasks to queue
[2026-01-10 09:33:40,909] {logging_mixin.py:109} INFO - [2026-01-10 09:33:40,909] {dagbag.py:496} INFO - Filling up the DagBag from /home/airflow/.local/lib/python3.6/site-packages/airflow/example_dags/example_dag_decorator.py
[2026-01-10 09:33:40,935] {processor.py:623} INFO - DAG(s) dict_keys(['example_dag_decorator']) retrieved from /home/airflow/.local/lib/python3.6/site-packages/airflow/example_dags/example_dag_decorator.py
[2026-01-10 09:33:41,267] {logging_mixin.py:109} INFO - [2026-01-10 09:33:41,267] {dag.py:1833} INFO - Sync 1 DAGs
[2026-01-10 09:33:41,288] {logging_mixin.py:109} INFO - [2026-01-10 09:33:41,288] {dag.py:2306} INFO - Setting next_dagrun for example_dag_decorator to None
[2026-01-10 09:33:41,310] {processor.py:170} INFO - Processing /home/airflow/.local/lib/python3.6/site-packages/airflow/example_dags/example_dag_decorator.py took 0.408 seconds
[2026-01-10 09:34:12,140] {processor.py:162} INFO - Started process (PID=811) to work on /home/airflow/.local/lib/python3.6/site-packages/airflow/example_dags/example_dag_decorator.py
[2026-01-10 09:34:12,142] {processor.py:613} INFO - Processing file /home/airflow/.local/lib/python3.6/site-packages/airflow/example_dags/example_dag_decorator.py for tasks to queue
[2026-01-10 09:34:12,143] {logging_mixin.py:109} INFO - [2026-01-10 09:34:12,143] {dagbag.py:496} INFO - Filling up the DagBag from /home/airflow/.local/lib/python3.6/site-packages/airflow/example_dags/example_dag_decorator.py
[2026-01-10 09:34:12,169] {processor.py:623} INFO - DAG(s) dict_keys(['example_dag_decorator']) retrieved from /home/airflow/.local/lib/python3.6/site-packages/airflow/example_dags/example_dag_decorator.py
[2026-01-10 09:34:12,540] {logging_mixin.py:109} INFO - [2026-01-10 09:34:12,540] {dag.py:1833} INFO - Sync 1 DAGs
[2026-01-10 09:34:12,562] {logging_mixin.py:109} INFO - [2026-01-10 09:34:12,561] {dag.py:2306} INFO - Setting next_dagrun for example_dag_decorator to None
[2026-01-10 09:34:12,578] {processor.py:170} INFO - Processing /home/airflow/.local/lib/python3.6/site-packages/airflow/example_dags/example_dag_decorator.py took 0.442 seconds
[2026-01-10 09:34:43,223] {processor.py:162} INFO - Started process (PID=862) to work on /home/airflow/.local/lib/python3.6/site-packages/airflow/example_dags/example_dag_decorator.py
[2026-01-10 09:34:43,225] {processor.py:613} INFO - Processing file /home/airflow/.local/lib/python3.6/site-packages/airflow/example_dags/example_dag_decorator.py for tasks to queue
[2026-01-10 09:34:43,226] {logging_mixin.py:109} INFO - [2026-01-10 09:34:43,226] {dagbag.py:496} INFO - Filling up the DagBag from /home/airflow/.local/lib/python3.6/site-packages/airflow/example_dags/example_dag_decorator.py
[2026-01-10 09:34:43,269] {processor.py:623} INFO - DAG(s) dict_keys(['example_dag_decorator']) retrieved from /home/airflow/.local/lib/python3.6/site-packages/airflow/example_dags/example_dag_decorator.py
[2026-01-10 09:34:43,743] {logging_mixin.py:109} INFO - [2026-01-10 09:34:43,742] {dag.py:1833} INFO - Sync 1 DAGs
[2026-01-10 09:34:43,765] {logging_mixin.py:109} INFO - [2026-01-10 09:34:43,765] {dag.py:2306} INFO - Setting next_dagrun for example_dag_decorator to None
[2026-01-10 09:34:43,785] {processor.py:170} INFO - Processing /home/airflow/.local/lib/python3.6/site-packages/airflow/example_dags/example_dag_decorator.py took 0.566 seconds
[2026-01-10 09:35:14,521] {processor.py:162} INFO - Started process (PID=913) to work on /home/airflow/.local/lib/python3.6/site-packages/airflow/example_dags/example_dag_decorator.py
[2026-01-10 09:35:14,522] {processor.py:613} INFO - Processing file /home/airflow/.local/lib/python3.6/site-packages/airflow/example_dags/example_dag_decorator.py for tasks to queue
[2026-01-10 09:35:14,523] {logging_mixin.py:109} INFO - [2026-01-10 09:35:14,523] {dagbag.py:496} INFO - Filling up the DagBag from /home/airflow/.local/lib/python3.6/site-packages/airflow/example_dags/example_dag_decorator.py
[2026-01-10 09:35:14,549] {processor.py:623} INFO - DAG(s) dict_keys(['example_dag_decorator']) retrieved from /home/airflow/.local/lib/python3.6/site-packages/airflow/example_dags/example_dag_decorator.py
[2026-01-10 09:35:14,578] {logging_mixin.py:109} INFO - [2026-01-10 09:35:14,578] {dag.py:1833} INFO - Sync 1 DAGs
[2026-01-10 09:35:14,604] {logging_mixin.py:109} INFO - [2026-01-10 09:35:14,603] {dag.py:2306} INFO - Setting next_dagrun for example_dag_decorator to None
[2026-01-10 09:35:14,617] {processor.py:170} INFO - Processing /home/airflow/.local/lib/python3.6/site-packages/airflow/example_dags/example_dag_decorator.py took 0.100 seconds
[2026-01-10 09:35:45,135] {processor.py:162} INFO - Started process (PID=964) to work on /home/airflow/.local/lib/python3.6/site-packages/airflow/example_dags/example_dag_decorator.py
[2026-01-10 09:35:45,137] {processor.py:613} INFO - Processing file /home/airflow/.local/lib/python3.6/site-packages/airflow/example_dags/example_dag_decorator.py for tasks to queue
[2026-01-10 09:35:45,138] {logging_mixin.py:109} INFO - [2026-01-10 09:35:45,138] {dagbag.py:496} INFO - Filling up the DagBag from /home/airflow/.local/lib/python3.6/site-packages/airflow/example_dags/example_dag_decorator.py
[2026-01-10 09:35:45,195] {processor.py:623} INFO - DAG(s) dict_keys(['example_dag_decorator']) retrieved from /home/airflow/.local/lib/python3.6/site-packages/airflow/example_dags/example_dag_decorator.py
[2026-01-10 09:35:45,923] {logging_mixin.py:109} INFO - [2026-01-10 09:35:45,923] {dag.py:1833} INFO - Sync 1 DAGs
[2026-01-10 09:35:45,950] {logging_mixin.py:109} INFO - [2026-01-10 09:35:45,950] {dag.py:2306} INFO - Setting next_dagrun for example_dag_decorator to None
[2026-01-10 09:35:45,975] {processor.py:170} INFO - Processing /home/airflow/.local/lib/python3.6/site-packages/airflow/example_dags/example_dag_decorator.py took 0.844 seconds
[2026-01-10 09:36:16,794] {processor.py:162} INFO - Started process (PID=1015) to work on /home/airflow/.local/lib/python3.6/site-packages/airflow/example_dags/example_dag_decorator.py
[2026-01-10 09:36:16,796] {processor.py:613} INFO - Processing file /home/airflow/.local/lib/python3.6/site-packages/airflow/example_dags/example_dag_decorator.py for tasks to queue
[2026-01-10 09:36:16,797] {logging_mixin.py:109} INFO - [2026-01-10 09:36:16,797] {dagbag.py:496} INFO - Filling up the DagBag from /home/airflow/.local/lib/python3.6/site-packages/airflow/example_dags/example_dag_decorator.py
[2026-01-10 09:36:16,843] {processor.py:623} INFO - DAG(s) dict_keys(['example_dag_decorator']) retrieved from /home/airflow/.local/lib/python3.6/site-packages/airflow/example_dags/example_dag_decorator.py
[2026-01-10 09:36:16,907] {logging_mixin.py:109} INFO - [2026-01-10 09:36:16,907] {dag.py:1833} INFO - Sync 1 DAGs
[2026-01-10 09:36:16,940] {logging_mixin.py:109} INFO - [2026-01-10 09:36:16,939] {dag.py:2306} INFO - Setting next_dagrun for example_dag_decorator to None
[2026-01-10 09:36:16,959] {processor.py:170} INFO - Processing /home/airflow/.local/lib/python3.6/site-packages/airflow/example_dags/example_dag_decorator.py took 0.173 seconds
[2026-01-10 09:36:47,074] {processor.py:162} INFO - Started process (PID=1065) to work on /home/airflow/.local/lib/python3.6/site-packages/airflow/example_dags/example_dag_decorator.py
[2026-01-10 09:36:47,078] {processor.py:613} INFO - Processing file /home/airflow/.local/lib/python3.6/site-packages/airflow/example_dags/example_dag_decorator.py for tasks to queue
[2026-01-10 09:36:47,083] {logging_mixin.py:109} INFO - [2026-01-10 09:36:47,082] {dagbag.py:496} INFO - Filling up the DagBag from /home/airflow/.local/lib/python3.6/site-packages/airflow/example_dags/example_dag_decorator.py
[2026-01-10 09:36:47,261] {processor.py:623} INFO - DAG(s) dict_keys(['example_dag_decorator']) retrieved from /home/airflow/.local/lib/python3.6/site-packages/airflow/example_dags/example_dag_decorator.py
[2026-01-10 09:36:49,109] {logging_mixin.py:109} INFO - [2026-01-10 09:36:49,109] {dag.py:1833} INFO - Sync 1 DAGs
[2026-01-10 09:36:49,187] {logging_mixin.py:109} INFO - [2026-01-10 09:36:49,187] {dag.py:2306} INFO - Setting next_dagrun for example_dag_decorator to None
[2026-01-10 09:36:49,319] {processor.py:170} INFO - Processing /home/airflow/.local/lib/python3.6/site-packages/airflow/example_dags/example_dag_decorator.py took 2.291 seconds
[2026-01-10 09:37:20,064] {processor.py:162} INFO - Started process (PID=1107) to work on /home/airflow/.local/lib/python3.6/site-packages/airflow/example_dags/example_dag_decorator.py
[2026-01-10 09:37:20,068] {processor.py:613} INFO - Processing file /home/airflow/.local/lib/python3.6/site-packages/airflow/example_dags/example_dag_decorator.py for tasks to queue
[2026-01-10 09:37:20,069] {logging_mixin.py:109} INFO - [2026-01-10 09:37:20,069] {dagbag.py:496} INFO - Filling up the DagBag from /home/airflow/.local/lib/python3.6/site-packages/airflow/example_dags/example_dag_decorator.py
[2026-01-10 09:37:20,318] {processor.py:623} INFO - DAG(s) dict_keys(['example_dag_decorator']) retrieved from /home/airflow/.local/lib/python3.6/site-packages/airflow/example_dags/example_dag_decorator.py
[2026-01-10 09:37:22,129] {logging_mixin.py:109} INFO - [2026-01-10 09:37:22,127] {dag.py:1833} INFO - Sync 1 DAGs
[2026-01-10 09:37:22,183] {logging_mixin.py:109} INFO - [2026-01-10 09:37:22,183] {dag.py:2306} INFO - Setting next_dagrun for example_dag_decorator to None
[2026-01-10 09:37:22,230] {processor.py:170} INFO - Processing /home/airflow/.local/lib/python3.6/site-packages/airflow/example_dags/example_dag_decorator.py took 2.236 seconds
[2026-01-10 09:37:52,383] {processor.py:162} INFO - Started process (PID=1158) to work on /home/airflow/.local/lib/python3.6/site-packages/airflow/example_dags/example_dag_decorator.py
[2026-01-10 09:37:52,390] {processor.py:613} INFO - Processing file /home/airflow/.local/lib/python3.6/site-packages/airflow/example_dags/example_dag_decorator.py for tasks to queue
[2026-01-10 09:37:52,391] {logging_mixin.py:109} INFO - [2026-01-10 09:37:52,391] {dagbag.py:496} INFO - Filling up the DagBag from /home/airflow/.local/lib/python3.6/site-packages/airflow/example_dags/example_dag_decorator.py
[2026-01-10 09:37:52,457] {processor.py:623} INFO - DAG(s) dict_keys(['example_dag_decorator']) retrieved from /home/airflow/.local/lib/python3.6/site-packages/airflow/example_dags/example_dag_decorator.py
[2026-01-10 09:37:52,952] {logging_mixin.py:109} INFO - [2026-01-10 09:37:52,952] {dag.py:1833} INFO - Sync 1 DAGs
[2026-01-10 09:37:52,968] {logging_mixin.py:109} INFO - [2026-01-10 09:37:52,967] {dag.py:2306} INFO - Setting next_dagrun for example_dag_decorator to None
[2026-01-10 09:37:52,980] {processor.py:170} INFO - Processing /home/airflow/.local/lib/python3.6/site-packages/airflow/example_dags/example_dag_decorator.py took 0.604 seconds
[2026-01-10 09:38:23,734] {processor.py:162} INFO - Started process (PID=1208) to work on /home/airflow/.local/lib/python3.6/site-packages/airflow/example_dags/example_dag_decorator.py
[2026-01-10 09:38:23,735] {processor.py:613} INFO - Processing file /home/airflow/.local/lib/python3.6/site-packages/airflow/example_dags/example_dag_decorator.py for tasks to queue
[2026-01-10 09:38:23,736] {logging_mixin.py:109} INFO - [2026-01-10 09:38:23,736] {dagbag.py:496} INFO - Filling up the DagBag from /home/airflow/.local/lib/python3.6/site-packages/airflow/example_dags/example_dag_decorator.py
[2026-01-10 09:38:23,772] {processor.py:623} INFO - DAG(s) dict_keys(['example_dag_decorator']) retrieved from /home/airflow/.local/lib/python3.6/site-packages/airflow/example_dags/example_dag_decorator.py
[2026-01-10 09:38:24,113] {logging_mixin.py:109} INFO - [2026-01-10 09:38:24,113] {dag.py:1833} INFO - Sync 1 DAGs
[2026-01-10 09:38:24,135] {logging_mixin.py:109} INFO - [2026-01-10 09:38:24,135] {dag.py:2306} INFO - Setting next_dagrun for example_dag_decorator to None
[2026-01-10 09:38:24,149] {processor.py:170} INFO - Processing /home/airflow/.local/lib/python3.6/site-packages/airflow/example_dags/example_dag_decorator.py took 0.420 seconds
[2026-01-10 09:38:54,234] {processor.py:162} INFO - Started process (PID=1268) to work on /home/airflow/.local/lib/python3.6/site-packages/airflow/example_dags/example_dag_decorator.py
[2026-01-10 09:38:54,237] {processor.py:613} INFO - Processing file /home/airflow/.local/lib/python3.6/site-packages/airflow/example_dags/example_dag_decorator.py for tasks to queue
[2026-01-10 09:38:54,238] {logging_mixin.py:109} INFO - [2026-01-10 09:38:54,238] {dagbag.py:496} INFO - Filling up the DagBag from /home/airflow/.local/lib/python3.6/site-packages/airflow/example_dags/example_dag_decorator.py
[2026-01-10 09:38:54,283] {processor.py:623} INFO - DAG(s) dict_keys(['example_dag_decorator']) retrieved from /home/airflow/.local/lib/python3.6/site-packages/airflow/example_dags/example_dag_decorator.py
[2026-01-10 09:38:54,740] {logging_mixin.py:109} INFO - [2026-01-10 09:38:54,740] {dag.py:1833} INFO - Sync 1 DAGs
[2026-01-10 09:38:54,758] {logging_mixin.py:109} INFO - [2026-01-10 09:38:54,758] {dag.py:2306} INFO - Setting next_dagrun for example_dag_decorator to None
[2026-01-10 09:38:54,769] {processor.py:170} INFO - Processing /home/airflow/.local/lib/python3.6/site-packages/airflow/example_dags/example_dag_decorator.py took 0.542 seconds
[2026-01-10 09:39:25,340] {processor.py:162} INFO - Started process (PID=1319) to work on /home/airflow/.local/lib/python3.6/site-packages/airflow/example_dags/example_dag_decorator.py
[2026-01-10 09:39:25,342] {processor.py:613} INFO - Processing file /home/airflow/.local/lib/python3.6/site-packages/airflow/example_dags/example_dag_decorator.py for tasks to queue
[2026-01-10 09:39:25,343] {logging_mixin.py:109} INFO - [2026-01-10 09:39:25,343] {dagbag.py:496} INFO - Filling up the DagBag from /home/airflow/.local/lib/python3.6/site-packages/airflow/example_dags/example_dag_decorator.py
[2026-01-10 09:39:25,375] {processor.py:623} INFO - DAG(s) dict_keys(['example_dag_decorator']) retrieved from /home/airflow/.local/lib/python3.6/site-packages/airflow/example_dags/example_dag_decorator.py
[2026-01-10 09:39:25,737] {logging_mixin.py:109} INFO - [2026-01-10 09:39:25,737] {dag.py:1833} INFO - Sync 1 DAGs
[2026-01-10 09:39:25,760] {logging_mixin.py:109} INFO - [2026-01-10 09:39:25,759] {dag.py:2306} INFO - Setting next_dagrun for example_dag_decorator to None
[2026-01-10 09:39:25,775] {processor.py:170} INFO - Processing /home/airflow/.local/lib/python3.6/site-packages/airflow/example_dags/example_dag_decorator.py took 0.440 seconds
[2026-01-10 09:39:56,214] {processor.py:162} INFO - Started process (PID=1369) to work on /home/airflow/.local/lib/python3.6/site-packages/airflow/example_dags/example_dag_decorator.py
[2026-01-10 09:39:56,215] {processor.py:613} INFO - Processing file /home/airflow/.local/lib/python3.6/site-packages/airflow/example_dags/example_dag_decorator.py for tasks to queue
[2026-01-10 09:39:56,216] {logging_mixin.py:109} INFO - [2026-01-10 09:39:56,216] {dagbag.py:496} INFO - Filling up the DagBag from /home/airflow/.local/lib/python3.6/site-packages/airflow/example_dags/example_dag_decorator.py
[2026-01-10 09:39:56,244] {processor.py:623} INFO - DAG(s) dict_keys(['example_dag_decorator']) retrieved from /home/airflow/.local/lib/python3.6/site-packages/airflow/example_dags/example_dag_decorator.py
[2026-01-10 09:39:56,268] {logging_mixin.py:109} INFO - [2026-01-10 09:39:56,268] {dag.py:1833} INFO - Sync 1 DAGs
[2026-01-10 09:39:56,294] {logging_mixin.py:109} INFO - [2026-01-10 09:39:56,294] {dag.py:2306} INFO - Setting next_dagrun for example_dag_decorator to None
[2026-01-10 09:39:56,308] {processor.py:170} INFO - Processing /home/airflow/.local/lib/python3.6/site-packages/airflow/example_dags/example_dag_decorator.py took 0.099 seconds
[2026-01-10 09:40:26,546] {processor.py:162} INFO - Started process (PID=1425) to work on /home/airflow/.local/lib/python3.6/site-packages/airflow/example_dags/example_dag_decorator.py
[2026-01-10 09:40:26,554] {processor.py:613} INFO - Processing file /home/airflow/.local/lib/python3.6/site-packages/airflow/example_dags/example_dag_decorator.py for tasks to queue
[2026-01-10 09:40:26,555] {logging_mixin.py:109} INFO - [2026-01-10 09:40:26,554] {dagbag.py:496} INFO - Filling up the DagBag from /home/airflow/.local/lib/python3.6/site-packages/airflow/example_dags/example_dag_decorator.py
[2026-01-10 09:40:26,634] {processor.py:623} INFO - DAG(s) dict_keys(['example_dag_decorator']) retrieved from /home/airflow/.local/lib/python3.6/site-packages/airflow/example_dags/example_dag_decorator.py
[2026-01-10 09:40:27,251] {logging_mixin.py:109} INFO - [2026-01-10 09:40:27,251] {dag.py:1833} INFO - Sync 1 DAGs
[2026-01-10 09:40:27,319] {logging_mixin.py:109} INFO - [2026-01-10 09:40:27,319] {dag.py:2306} INFO - Setting next_dagrun for example_dag_decorator to None
[2026-01-10 09:40:27,374] {processor.py:170} INFO - Processing /home/airflow/.local/lib/python3.6/site-packages/airflow/example_dags/example_dag_decorator.py took 0.838 seconds
[2026-01-10 09:40:57,728] {processor.py:162} INFO - Started process (PID=1470) to work on /home/airflow/.local/lib/python3.6/site-packages/airflow/example_dags/example_dag_decorator.py
[2026-01-10 09:40:57,730] {processor.py:613} INFO - Processing file /home/airflow/.local/lib/python3.6/site-packages/airflow/example_dags/example_dag_decorator.py for tasks to queue
[2026-01-10 09:40:57,731] {logging_mixin.py:109} INFO - [2026-01-10 09:40:57,731] {dagbag.py:496} INFO - Filling up the DagBag from /home/airflow/.local/lib/python3.6/site-packages/airflow/example_dags/example_dag_decorator.py
[2026-01-10 09:40:57,797] {processor.py:623} INFO - DAG(s) dict_keys(['example_dag_decorator']) retrieved from /home/airflow/.local/lib/python3.6/site-packages/airflow/example_dags/example_dag_decorator.py
[2026-01-10 09:40:58,166] {logging_mixin.py:109} INFO - [2026-01-10 09:40:58,166] {dag.py:1833} INFO - Sync 1 DAGs
[2026-01-10 09:40:58,186] {logging_mixin.py:109} INFO - [2026-01-10 09:40:58,185] {dag.py:2306} INFO - Setting next_dagrun for example_dag_decorator to None
[2026-01-10 09:40:58,201] {processor.py:170} INFO - Processing /home/airflow/.local/lib/python3.6/site-packages/airflow/example_dags/example_dag_decorator.py took 0.478 seconds
[2026-01-10 09:41:28,283] {processor.py:162} INFO - Started process (PID=1529) to work on /home/airflow/.local/lib/python3.6/site-packages/airflow/example_dags/example_dag_decorator.py
[2026-01-10 09:41:28,290] {processor.py:613} INFO - Processing file /home/airflow/.local/lib/python3.6/site-packages/airflow/example_dags/example_dag_decorator.py for tasks to queue
[2026-01-10 09:41:28,304] {logging_mixin.py:109} INFO - [2026-01-10 09:41:28,304] {dagbag.py:496} INFO - Filling up the DagBag from /home/airflow/.local/lib/python3.6/site-packages/airflow/example_dags/example_dag_decorator.py
[2026-01-10 09:41:28,438] {processor.py:623} INFO - DAG(s) dict_keys(['example_dag_decorator']) retrieved from /home/airflow/.local/lib/python3.6/site-packages/airflow/example_dags/example_dag_decorator.py
[2026-01-10 09:41:29,117] {logging_mixin.py:109} INFO - [2026-01-10 09:41:29,116] {dag.py:1833} INFO - Sync 1 DAGs
[2026-01-10 09:41:29,152] {logging_mixin.py:109} INFO - [2026-01-10 09:41:29,152] {dag.py:2306} INFO - Setting next_dagrun for example_dag_decorator to None
[2026-01-10 09:41:29,173] {processor.py:170} INFO - Processing /home/airflow/.local/lib/python3.6/site-packages/airflow/example_dags/example_dag_decorator.py took 0.901 seconds
[2026-01-10 09:41:59,402] {processor.py:162} INFO - Started process (PID=1581) to work on /home/airflow/.local/lib/python3.6/site-packages/airflow/example_dags/example_dag_decorator.py
[2026-01-10 09:41:59,404] {processor.py:613} INFO - Processing file /home/airflow/.local/lib/python3.6/site-packages/airflow/example_dags/example_dag_decorator.py for tasks to queue
[2026-01-10 09:41:59,405] {logging_mixin.py:109} INFO - [2026-01-10 09:41:59,405] {dagbag.py:496} INFO - Filling up the DagBag from /home/airflow/.local/lib/python3.6/site-packages/airflow/example_dags/example_dag_decorator.py
[2026-01-10 09:41:59,446] {processor.py:623} INFO - DAG(s) dict_keys(['example_dag_decorator']) retrieved from /home/airflow/.local/lib/python3.6/site-packages/airflow/example_dags/example_dag_decorator.py
[2026-01-10 09:41:59,928] {logging_mixin.py:109} INFO - [2026-01-10 09:41:59,928] {dag.py:1833} INFO - Sync 1 DAGs
[2026-01-10 09:41:59,948] {logging_mixin.py:109} INFO - [2026-01-10 09:41:59,947] {dag.py:2306} INFO - Setting next_dagrun for example_dag_decorator to None
[2026-01-10 09:41:59,964] {processor.py:170} INFO - Processing /home/airflow/.local/lib/python3.6/site-packages/airflow/example_dags/example_dag_decorator.py took 0.569 seconds
[2026-01-10 09:42:30,697] {processor.py:162} INFO - Started process (PID=1632) to work on /home/airflow/.local/lib/python3.6/site-packages/airflow/example_dags/example_dag_decorator.py
[2026-01-10 09:42:30,698] {processor.py:613} INFO - Processing file /home/airflow/.local/lib/python3.6/site-packages/airflow/example_dags/example_dag_decorator.py for tasks to queue
[2026-01-10 09:42:30,699] {logging_mixin.py:109} INFO - [2026-01-10 09:42:30,699] {dagbag.py:496} INFO - Filling up the DagBag from /home/airflow/.local/lib/python3.6/site-packages/airflow/example_dags/example_dag_decorator.py
[2026-01-10 09:42:30,723] {processor.py:623} INFO - DAG(s) dict_keys(['example_dag_decorator']) retrieved from /home/airflow/.local/lib/python3.6/site-packages/airflow/example_dags/example_dag_decorator.py
[2026-01-10 09:42:31,063] {logging_mixin.py:109} INFO - [2026-01-10 09:42:31,062] {dag.py:1833} INFO - Sync 1 DAGs
[2026-01-10 09:42:31,081] {logging_mixin.py:109} INFO - [2026-01-10 09:42:31,081] {dag.py:2306} INFO - Setting next_dagrun for example_dag_decorator to None
[2026-01-10 09:42:31,095] {processor.py:170} INFO - Processing /home/airflow/.local/lib/python3.6/site-packages/airflow/example_dags/example_dag_decorator.py took 0.402 seconds
[2026-01-10 09:43:01,254] {processor.py:162} INFO - Started process (PID=1683) to work on /home/airflow/.local/lib/python3.6/site-packages/airflow/example_dags/example_dag_decorator.py
[2026-01-10 09:43:01,256] {processor.py:613} INFO - Processing file /home/airflow/.local/lib/python3.6/site-packages/airflow/example_dags/example_dag_decorator.py for tasks to queue
[2026-01-10 09:43:01,257] {logging_mixin.py:109} INFO - [2026-01-10 09:43:01,256] {dagbag.py:496} INFO - Filling up the DagBag from /home/airflow/.local/lib/python3.6/site-packages/airflow/example_dags/example_dag_decorator.py
[2026-01-10 09:43:01,316] {processor.py:623} INFO - DAG(s) dict_keys(['example_dag_decorator']) retrieved from /home/airflow/.local/lib/python3.6/site-packages/airflow/example_dags/example_dag_decorator.py
[2026-01-10 09:43:01,758] {logging_mixin.py:109} INFO - [2026-01-10 09:43:01,758] {dag.py:1833} INFO - Sync 1 DAGs
[2026-01-10 09:43:01,777] {logging_mixin.py:109} INFO - [2026-01-10 09:43:01,777] {dag.py:2306} INFO - Setting next_dagrun for example_dag_decorator to None
[2026-01-10 09:43:01,795] {processor.py:170} INFO - Processing /home/airflow/.local/lib/python3.6/site-packages/airflow/example_dags/example_dag_decorator.py took 0.547 seconds
[2026-01-10 09:43:32,521] {processor.py:162} INFO - Started process (PID=1745) to work on /home/airflow/.local/lib/python3.6/site-packages/airflow/example_dags/example_dag_decorator.py
[2026-01-10 09:43:32,523] {processor.py:613} INFO - Processing file /home/airflow/.local/lib/python3.6/site-packages/airflow/example_dags/example_dag_decorator.py for tasks to queue
[2026-01-10 09:43:32,529] {logging_mixin.py:109} INFO - [2026-01-10 09:43:32,523] {dagbag.py:496} INFO - Filling up the DagBag from /home/airflow/.local/lib/python3.6/site-packages/airflow/example_dags/example_dag_decorator.py
[2026-01-10 09:43:32,590] {processor.py:623} INFO - DAG(s) dict_keys(['example_dag_decorator']) retrieved from /home/airflow/.local/lib/python3.6/site-packages/airflow/example_dags/example_dag_decorator.py
[2026-01-10 09:43:33,090] {logging_mixin.py:109} INFO - [2026-01-10 09:43:33,089] {dag.py:1833} INFO - Sync 1 DAGs
[2026-01-10 09:43:33,154] {logging_mixin.py:109} INFO - [2026-01-10 09:43:33,154] {dag.py:2306} INFO - Setting next_dagrun for example_dag_decorator to None
[2026-01-10 09:43:33,198] {processor.py:170} INFO - Processing /home/airflow/.local/lib/python3.6/site-packages/airflow/example_dags/example_dag_decorator.py took 0.697 seconds
[2026-01-10 09:44:03,699] {processor.py:162} INFO - Started process (PID=1796) to work on /home/airflow/.local/lib/python3.6/site-packages/airflow/example_dags/example_dag_decorator.py
[2026-01-10 09:44:03,704] {processor.py:613} INFO - Processing file /home/airflow/.local/lib/python3.6/site-packages/airflow/example_dags/example_dag_decorator.py for tasks to queue
[2026-01-10 09:44:03,705] {logging_mixin.py:109} INFO - [2026-01-10 09:44:03,705] {dagbag.py:496} INFO - Filling up the DagBag from /home/airflow/.local/lib/python3.6/site-packages/airflow/example_dags/example_dag_decorator.py
[2026-01-10 09:44:03,782] {processor.py:623} INFO - DAG(s) dict_keys(['example_dag_decorator']) retrieved from /home/airflow/.local/lib/python3.6/site-packages/airflow/example_dags/example_dag_decorator.py
[2026-01-10 09:44:04,384] {logging_mixin.py:109} INFO - [2026-01-10 09:44:04,384] {dag.py:1833} INFO - Sync 1 DAGs
[2026-01-10 09:44:04,404] {logging_mixin.py:109} INFO - [2026-01-10 09:44:04,404] {dag.py:2306} INFO - Setting next_dagrun for example_dag_decorator to None
[2026-01-10 09:44:04,417] {processor.py:170} INFO - Processing /home/airflow/.local/lib/python3.6/site-packages/airflow/example_dags/example_dag_decorator.py took 0.723 seconds
[2026-01-10 09:44:34,663] {processor.py:162} INFO - Started process (PID=1848) to work on /home/airflow/.local/lib/python3.6/site-packages/airflow/example_dags/example_dag_decorator.py
[2026-01-10 09:44:34,665] {processor.py:613} INFO - Processing file /home/airflow/.local/lib/python3.6/site-packages/airflow/example_dags/example_dag_decorator.py for tasks to queue
[2026-01-10 09:44:34,666] {logging_mixin.py:109} INFO - [2026-01-10 09:44:34,665] {dagbag.py:496} INFO - Filling up the DagBag from /home/airflow/.local/lib/python3.6/site-packages/airflow/example_dags/example_dag_decorator.py
[2026-01-10 09:44:34,753] {processor.py:623} INFO - DAG(s) dict_keys(['example_dag_decorator']) retrieved from /home/airflow/.local/lib/python3.6/site-packages/airflow/example_dags/example_dag_decorator.py
[2026-01-10 09:44:35,249] {logging_mixin.py:109} INFO - [2026-01-10 09:44:35,249] {dag.py:1833} INFO - Sync 1 DAGs
[2026-01-10 09:44:35,272] {logging_mixin.py:109} INFO - [2026-01-10 09:44:35,272] {dag.py:2306} INFO - Setting next_dagrun for example_dag_decorator to None
[2026-01-10 09:44:35,285] {processor.py:170} INFO - Processing /home/airflow/.local/lib/python3.6/site-packages/airflow/example_dags/example_dag_decorator.py took 0.630 seconds
[2026-01-10 09:45:05,382] {processor.py:162} INFO - Started process (PID=1901) to work on /home/airflow/.local/lib/python3.6/site-packages/airflow/example_dags/example_dag_decorator.py
[2026-01-10 09:45:05,384] {processor.py:613} INFO - Processing file /home/airflow/.local/lib/python3.6/site-packages/airflow/example_dags/example_dag_decorator.py for tasks to queue
[2026-01-10 09:45:05,385] {logging_mixin.py:109} INFO - [2026-01-10 09:45:05,385] {dagbag.py:496} INFO - Filling up the DagBag from /home/airflow/.local/lib/python3.6/site-packages/airflow/example_dags/example_dag_decorator.py
[2026-01-10 09:45:05,420] {processor.py:623} INFO - DAG(s) dict_keys(['example_dag_decorator']) retrieved from /home/airflow/.local/lib/python3.6/site-packages/airflow/example_dags/example_dag_decorator.py
[2026-01-10 09:45:05,824] {logging_mixin.py:109} INFO - [2026-01-10 09:45:05,824] {dag.py:1833} INFO - Sync 1 DAGs
[2026-01-10 09:45:05,853] {logging_mixin.py:109} INFO - [2026-01-10 09:45:05,853] {dag.py:2306} INFO - Setting next_dagrun for example_dag_decorator to None
[2026-01-10 09:45:05,871] {processor.py:170} INFO - Processing /home/airflow/.local/lib/python3.6/site-packages/airflow/example_dags/example_dag_decorator.py took 0.494 seconds
[2026-01-10 09:45:35,959] {processor.py:162} INFO - Started process (PID=1949) to work on /home/airflow/.local/lib/python3.6/site-packages/airflow/example_dags/example_dag_decorator.py
[2026-01-10 09:45:35,963] {processor.py:613} INFO - Processing file /home/airflow/.local/lib/python3.6/site-packages/airflow/example_dags/example_dag_decorator.py for tasks to queue
[2026-01-10 09:45:35,965] {logging_mixin.py:109} INFO - [2026-01-10 09:45:35,964] {dagbag.py:496} INFO - Filling up the DagBag from /home/airflow/.local/lib/python3.6/site-packages/airflow/example_dags/example_dag_decorator.py
[2026-01-10 09:45:36,029] {processor.py:623} INFO - DAG(s) dict_keys(['example_dag_decorator']) retrieved from /home/airflow/.local/lib/python3.6/site-packages/airflow/example_dags/example_dag_decorator.py
[2026-01-10 09:45:36,523] {logging_mixin.py:109} INFO - [2026-01-10 09:45:36,523] {dag.py:1833} INFO - Sync 1 DAGs
[2026-01-10 09:45:36,548] {logging_mixin.py:109} INFO - [2026-01-10 09:45:36,548] {dag.py:2306} INFO - Setting next_dagrun for example_dag_decorator to None
[2026-01-10 09:45:36,565] {processor.py:170} INFO - Processing /home/airflow/.local/lib/python3.6/site-packages/airflow/example_dags/example_dag_decorator.py took 0.612 seconds
[2026-01-10 09:46:07,169] {processor.py:162} INFO - Started process (PID=2000) to work on /home/airflow/.local/lib/python3.6/site-packages/airflow/example_dags/example_dag_decorator.py
[2026-01-10 09:46:07,177] {processor.py:613} INFO - Processing file /home/airflow/.local/lib/python3.6/site-packages/airflow/example_dags/example_dag_decorator.py for tasks to queue
[2026-01-10 09:46:07,178] {logging_mixin.py:109} INFO - [2026-01-10 09:46:07,178] {dagbag.py:496} INFO - Filling up the DagBag from /home/airflow/.local/lib/python3.6/site-packages/airflow/example_dags/example_dag_decorator.py
[2026-01-10 09:46:07,233] {processor.py:623} INFO - DAG(s) dict_keys(['example_dag_decorator']) retrieved from /home/airflow/.local/lib/python3.6/site-packages/airflow/example_dags/example_dag_decorator.py
[2026-01-10 09:46:07,911] {logging_mixin.py:109} INFO - [2026-01-10 09:46:07,911] {dag.py:1833} INFO - Sync 1 DAGs
[2026-01-10 09:46:07,934] {logging_mixin.py:109} INFO - [2026-01-10 09:46:07,933] {dag.py:2306} INFO - Setting next_dagrun for example_dag_decorator to None
[2026-01-10 09:46:07,952] {processor.py:170} INFO - Processing /home/airflow/.local/lib/python3.6/site-packages/airflow/example_dags/example_dag_decorator.py took 0.790 seconds
[2026-01-10 09:46:38,545] {processor.py:162} INFO - Started process (PID=2051) to work on /home/airflow/.local/lib/python3.6/site-packages/airflow/example_dags/example_dag_decorator.py
[2026-01-10 09:46:38,552] {processor.py:613} INFO - Processing file /home/airflow/.local/lib/python3.6/site-packages/airflow/example_dags/example_dag_decorator.py for tasks to queue
[2026-01-10 09:46:38,553] {logging_mixin.py:109} INFO - [2026-01-10 09:46:38,553] {dagbag.py:496} INFO - Filling up the DagBag from /home/airflow/.local/lib/python3.6/site-packages/airflow/example_dags/example_dag_decorator.py
[2026-01-10 09:46:38,593] {processor.py:623} INFO - DAG(s) dict_keys(['example_dag_decorator']) retrieved from /home/airflow/.local/lib/python3.6/site-packages/airflow/example_dags/example_dag_decorator.py
[2026-01-10 09:46:38,980] {logging_mixin.py:109} INFO - [2026-01-10 09:46:38,980] {dag.py:1833} INFO - Sync 1 DAGs
[2026-01-10 09:46:39,004] {logging_mixin.py:109} INFO - [2026-01-10 09:46:39,004] {dag.py:2306} INFO - Setting next_dagrun for example_dag_decorator to None
[2026-01-10 09:46:39,019] {processor.py:170} INFO - Processing /home/airflow/.local/lib/python3.6/site-packages/airflow/example_dags/example_dag_decorator.py took 0.479 seconds
[2026-01-10 09:47:09,128] {processor.py:162} INFO - Started process (PID=2102) to work on /home/airflow/.local/lib/python3.6/site-packages/airflow/example_dags/example_dag_decorator.py
[2026-01-10 09:47:09,131] {processor.py:613} INFO - Processing file /home/airflow/.local/lib/python3.6/site-packages/airflow/example_dags/example_dag_decorator.py for tasks to queue
[2026-01-10 09:47:09,133] {logging_mixin.py:109} INFO - [2026-01-10 09:47:09,133] {dagbag.py:496} INFO - Filling up the DagBag from /home/airflow/.local/lib/python3.6/site-packages/airflow/example_dags/example_dag_decorator.py
[2026-01-10 09:47:09,198] {processor.py:623} INFO - DAG(s) dict_keys(['example_dag_decorator']) retrieved from /home/airflow/.local/lib/python3.6/site-packages/airflow/example_dags/example_dag_decorator.py
[2026-01-10 09:47:10,044] {logging_mixin.py:109} INFO - [2026-01-10 09:47:10,044] {dag.py:1833} INFO - Sync 1 DAGs
[2026-01-10 09:47:10,116] {logging_mixin.py:109} INFO - [2026-01-10 09:47:10,115] {dag.py:2306} INFO - Setting next_dagrun for example_dag_decorator to None
[2026-01-10 09:47:10,162] {processor.py:170} INFO - Processing /home/airflow/.local/lib/python3.6/site-packages/airflow/example_dags/example_dag_decorator.py took 1.039 seconds
[2026-01-10 09:47:40,807] {processor.py:162} INFO - Started process (PID=2143) to work on /home/airflow/.local/lib/python3.6/site-packages/airflow/example_dags/example_dag_decorator.py
[2026-01-10 09:47:40,811] {processor.py:613} INFO - Processing file /home/airflow/.local/lib/python3.6/site-packages/airflow/example_dags/example_dag_decorator.py for tasks to queue
[2026-01-10 09:47:40,817] {logging_mixin.py:109} INFO - [2026-01-10 09:47:40,815] {dagbag.py:496} INFO - Filling up the DagBag from /home/airflow/.local/lib/python3.6/site-packages/airflow/example_dags/example_dag_decorator.py
[2026-01-10 09:47:40,899] {processor.py:623} INFO - DAG(s) dict_keys(['example_dag_decorator']) retrieved from /home/airflow/.local/lib/python3.6/site-packages/airflow/example_dags/example_dag_decorator.py
[2026-01-10 09:47:41,695] {logging_mixin.py:109} INFO - [2026-01-10 09:47:41,694] {dag.py:1833} INFO - Sync 1 DAGs
[2026-01-10 09:47:41,717] {logging_mixin.py:109} INFO - [2026-01-10 09:47:41,717] {dag.py:2306} INFO - Setting next_dagrun for example_dag_decorator to None
[2026-01-10 09:47:41,735] {processor.py:170} INFO - Processing /home/airflow/.local/lib/python3.6/site-packages/airflow/example_dags/example_dag_decorator.py took 0.935 seconds
[2026-01-10 09:48:11,986] {processor.py:162} INFO - Started process (PID=2184) to work on /home/airflow/.local/lib/python3.6/site-packages/airflow/example_dags/example_dag_decorator.py
[2026-01-10 09:48:11,991] {processor.py:613} INFO - Processing file /home/airflow/.local/lib/python3.6/site-packages/airflow/example_dags/example_dag_decorator.py for tasks to queue
[2026-01-10 09:48:11,992] {logging_mixin.py:109} INFO - [2026-01-10 09:48:11,992] {dagbag.py:496} INFO - Filling up the DagBag from /home/airflow/.local/lib/python3.6/site-packages/airflow/example_dags/example_dag_decorator.py
[2026-01-10 09:48:12,050] {processor.py:623} INFO - DAG(s) dict_keys(['example_dag_decorator']) retrieved from /home/airflow/.local/lib/python3.6/site-packages/airflow/example_dags/example_dag_decorator.py
[2026-01-10 09:48:12,521] {logging_mixin.py:109} INFO - [2026-01-10 09:48:12,521] {dag.py:1833} INFO - Sync 1 DAGs
[2026-01-10 09:48:12,541] {logging_mixin.py:109} INFO - [2026-01-10 09:48:12,541] {dag.py:2306} INFO - Setting next_dagrun for example_dag_decorator to None
[2026-01-10 09:48:12,556] {processor.py:170} INFO - Processing /home/airflow/.local/lib/python3.6/site-packages/airflow/example_dags/example_dag_decorator.py took 0.576 seconds
[2026-01-10 09:48:43,016] {processor.py:162} INFO - Started process (PID=2225) to work on /home/airflow/.local/lib/python3.6/site-packages/airflow/example_dags/example_dag_decorator.py
[2026-01-10 09:48:43,022] {processor.py:613} INFO - Processing file /home/airflow/.local/lib/python3.6/site-packages/airflow/example_dags/example_dag_decorator.py for tasks to queue
[2026-01-10 09:48:43,029] {logging_mixin.py:109} INFO - [2026-01-10 09:48:43,029] {dagbag.py:496} INFO - Filling up the DagBag from /home/airflow/.local/lib/python3.6/site-packages/airflow/example_dags/example_dag_decorator.py
[2026-01-10 09:48:43,121] {processor.py:623} INFO - DAG(s) dict_keys(['example_dag_decorator']) retrieved from /home/airflow/.local/lib/python3.6/site-packages/airflow/example_dags/example_dag_decorator.py
[2026-01-10 09:48:44,905] {logging_mixin.py:109} INFO - [2026-01-10 09:48:44,904] {dag.py:1833} INFO - Sync 1 DAGs
[2026-01-10 09:48:44,943] {logging_mixin.py:109} INFO - [2026-01-10 09:48:44,943] {dag.py:2306} INFO - Setting next_dagrun for example_dag_decorator to None
[2026-01-10 09:48:44,960] {processor.py:170} INFO - Processing /home/airflow/.local/lib/python3.6/site-packages/airflow/example_dags/example_dag_decorator.py took 1.959 seconds
[2026-01-10 09:49:17,732] {processor.py:162} INFO - Started process (PID=2253) to work on /home/airflow/.local/lib/python3.6/site-packages/airflow/example_dags/example_dag_decorator.py
[2026-01-10 09:49:17,739] {processor.py:613} INFO - Processing file /home/airflow/.local/lib/python3.6/site-packages/airflow/example_dags/example_dag_decorator.py for tasks to queue
[2026-01-10 09:49:17,740] {logging_mixin.py:109} INFO - [2026-01-10 09:49:17,740] {dagbag.py:496} INFO - Filling up the DagBag from /home/airflow/.local/lib/python3.6/site-packages/airflow/example_dags/example_dag_decorator.py
[2026-01-10 09:49:17,807] {processor.py:623} INFO - DAG(s) dict_keys(['example_dag_decorator']) retrieved from /home/airflow/.local/lib/python3.6/site-packages/airflow/example_dags/example_dag_decorator.py
[2026-01-10 09:49:18,866] {logging_mixin.py:109} INFO - [2026-01-10 09:49:18,866] {dag.py:1833} INFO - Sync 1 DAGs
[2026-01-10 09:49:18,894] {logging_mixin.py:109} INFO - [2026-01-10 09:49:18,894] {dag.py:2306} INFO - Setting next_dagrun for example_dag_decorator to None
[2026-01-10 09:49:18,923] {processor.py:170} INFO - Processing /home/airflow/.local/lib/python3.6/site-packages/airflow/example_dags/example_dag_decorator.py took 1.207 seconds
[2026-01-10 09:49:49,134] {processor.py:162} INFO - Started process (PID=2307) to work on /home/airflow/.local/lib/python3.6/site-packages/airflow/example_dags/example_dag_decorator.py
[2026-01-10 09:49:49,137] {processor.py:613} INFO - Processing file /home/airflow/.local/lib/python3.6/site-packages/airflow/example_dags/example_dag_decorator.py for tasks to queue
[2026-01-10 09:49:49,140] {logging_mixin.py:109} INFO - [2026-01-10 09:49:49,140] {dagbag.py:496} INFO - Filling up the DagBag from /home/airflow/.local/lib/python3.6/site-packages/airflow/example_dags/example_dag_decorator.py
[2026-01-10 09:49:49,203] {processor.py:623} INFO - DAG(s) dict_keys(['example_dag_decorator']) retrieved from /home/airflow/.local/lib/python3.6/site-packages/airflow/example_dags/example_dag_decorator.py
[2026-01-10 09:49:49,251] {logging_mixin.py:109} INFO - [2026-01-10 09:49:49,250] {dag.py:1833} INFO - Sync 1 DAGs
[2026-01-10 09:49:49,278] {logging_mixin.py:109} INFO - [2026-01-10 09:49:49,278] {dag.py:2306} INFO - Setting next_dagrun for example_dag_decorator to None
[2026-01-10 09:49:49,300] {processor.py:170} INFO - Processing /home/airflow/.local/lib/python3.6/site-packages/airflow/example_dags/example_dag_decorator.py took 0.181 seconds
[2026-01-10 09:50:19,712] {processor.py:162} INFO - Started process (PID=2347) to work on /home/airflow/.local/lib/python3.6/site-packages/airflow/example_dags/example_dag_decorator.py
[2026-01-10 09:50:19,718] {processor.py:613} INFO - Processing file /home/airflow/.local/lib/python3.6/site-packages/airflow/example_dags/example_dag_decorator.py for tasks to queue
[2026-01-10 09:50:19,719] {logging_mixin.py:109} INFO - [2026-01-10 09:50:19,718] {dagbag.py:496} INFO - Filling up the DagBag from /home/airflow/.local/lib/python3.6/site-packages/airflow/example_dags/example_dag_decorator.py
[2026-01-10 09:50:19,765] {processor.py:623} INFO - DAG(s) dict_keys(['example_dag_decorator']) retrieved from /home/airflow/.local/lib/python3.6/site-packages/airflow/example_dags/example_dag_decorator.py
[2026-01-10 09:50:20,488] {logging_mixin.py:109} INFO - [2026-01-10 09:50:20,487] {dag.py:1833} INFO - Sync 1 DAGs
[2026-01-10 09:50:20,537] {logging_mixin.py:109} INFO - [2026-01-10 09:50:20,537] {dag.py:2306} INFO - Setting next_dagrun for example_dag_decorator to None
[2026-01-10 09:50:20,567] {processor.py:170} INFO - Processing /home/airflow/.local/lib/python3.6/site-packages/airflow/example_dags/example_dag_decorator.py took 0.860 seconds
[2026-01-10 09:50:51,204] {processor.py:162} INFO - Started process (PID=2408) to work on /home/airflow/.local/lib/python3.6/site-packages/airflow/example_dags/example_dag_decorator.py
[2026-01-10 09:50:51,208] {processor.py:613} INFO - Processing file /home/airflow/.local/lib/python3.6/site-packages/airflow/example_dags/example_dag_decorator.py for tasks to queue
[2026-01-10 09:50:51,210] {logging_mixin.py:109} INFO - [2026-01-10 09:50:51,210] {dagbag.py:496} INFO - Filling up the DagBag from /home/airflow/.local/lib/python3.6/site-packages/airflow/example_dags/example_dag_decorator.py
[2026-01-10 09:50:51,294] {processor.py:623} INFO - DAG(s) dict_keys(['example_dag_decorator']) retrieved from /home/airflow/.local/lib/python3.6/site-packages/airflow/example_dags/example_dag_decorator.py
[2026-01-10 09:50:52,035] {logging_mixin.py:109} INFO - [2026-01-10 09:50:52,035] {dag.py:1833} INFO - Sync 1 DAGs
[2026-01-10 09:50:52,078] {logging_mixin.py:109} INFO - [2026-01-10 09:50:52,077] {dag.py:2306} INFO - Setting next_dagrun for example_dag_decorator to None
[2026-01-10 09:50:52,105] {processor.py:170} INFO - Processing /home/airflow/.local/lib/python3.6/site-packages/airflow/example_dags/example_dag_decorator.py took 0.910 seconds
[2026-01-10 09:51:22,755] {processor.py:162} INFO - Started process (PID=2464) to work on /home/airflow/.local/lib/python3.6/site-packages/airflow/example_dags/example_dag_decorator.py
[2026-01-10 09:51:22,756] {processor.py:613} INFO - Processing file /home/airflow/.local/lib/python3.6/site-packages/airflow/example_dags/example_dag_decorator.py for tasks to queue
[2026-01-10 09:51:22,758] {logging_mixin.py:109} INFO - [2026-01-10 09:51:22,758] {dagbag.py:496} INFO - Filling up the DagBag from /home/airflow/.local/lib/python3.6/site-packages/airflow/example_dags/example_dag_decorator.py
[2026-01-10 09:51:22,806] {processor.py:623} INFO - DAG(s) dict_keys(['example_dag_decorator']) retrieved from /home/airflow/.local/lib/python3.6/site-packages/airflow/example_dags/example_dag_decorator.py
[2026-01-10 09:51:22,845] {logging_mixin.py:109} INFO - [2026-01-10 09:51:22,845] {dag.py:1833} INFO - Sync 1 DAGs
[2026-01-10 09:51:22,886] {logging_mixin.py:109} INFO - [2026-01-10 09:51:22,886] {dag.py:2306} INFO - Setting next_dagrun for example_dag_decorator to None
[2026-01-10 09:51:22,900] {processor.py:170} INFO - Processing /home/airflow/.local/lib/python3.6/site-packages/airflow/example_dags/example_dag_decorator.py took 0.152 seconds
[2026-01-10 09:51:53,453] {processor.py:162} INFO - Started process (PID=2514) to work on /home/airflow/.local/lib/python3.6/site-packages/airflow/example_dags/example_dag_decorator.py
[2026-01-10 09:51:53,454] {processor.py:613} INFO - Processing file /home/airflow/.local/lib/python3.6/site-packages/airflow/example_dags/example_dag_decorator.py for tasks to queue
[2026-01-10 09:51:53,456] {logging_mixin.py:109} INFO - [2026-01-10 09:51:53,455] {dagbag.py:496} INFO - Filling up the DagBag from /home/airflow/.local/lib/python3.6/site-packages/airflow/example_dags/example_dag_decorator.py
[2026-01-10 09:51:53,561] {processor.py:623} INFO - DAG(s) dict_keys(['example_dag_decorator']) retrieved from /home/airflow/.local/lib/python3.6/site-packages/airflow/example_dags/example_dag_decorator.py
[2026-01-10 09:51:54,666] {logging_mixin.py:109} INFO - [2026-01-10 09:51:54,666] {dag.py:1833} INFO - Sync 1 DAGs
[2026-01-10 09:51:54,720] {logging_mixin.py:109} INFO - [2026-01-10 09:51:54,720] {dag.py:2306} INFO - Setting next_dagrun for example_dag_decorator to None
[2026-01-10 09:51:54,781] {processor.py:170} INFO - Processing /home/airflow/.local/lib/python3.6/site-packages/airflow/example_dags/example_dag_decorator.py took 1.340 seconds
[2026-01-10 09:52:24,929] {processor.py:162} INFO - Started process (PID=2560) to work on /home/airflow/.local/lib/python3.6/site-packages/airflow/example_dags/example_dag_decorator.py
[2026-01-10 09:52:24,931] {processor.py:613} INFO - Processing file /home/airflow/.local/lib/python3.6/site-packages/airflow/example_dags/example_dag_decorator.py for tasks to queue
[2026-01-10 09:52:24,932] {logging_mixin.py:109} INFO - [2026-01-10 09:52:24,932] {dagbag.py:496} INFO - Filling up the DagBag from /home/airflow/.local/lib/python3.6/site-packages/airflow/example_dags/example_dag_decorator.py
[2026-01-10 09:52:24,977] {processor.py:623} INFO - DAG(s) dict_keys(['example_dag_decorator']) retrieved from /home/airflow/.local/lib/python3.6/site-packages/airflow/example_dags/example_dag_decorator.py
[2026-01-10 09:52:25,527] {logging_mixin.py:109} INFO - [2026-01-10 09:52:25,526] {dag.py:1833} INFO - Sync 1 DAGs
[2026-01-10 09:52:25,556] {logging_mixin.py:109} INFO - [2026-01-10 09:52:25,556] {dag.py:2306} INFO - Setting next_dagrun for example_dag_decorator to None
[2026-01-10 09:52:25,577] {processor.py:170} INFO - Processing /home/airflow/.local/lib/python3.6/site-packages/airflow/example_dags/example_dag_decorator.py took 0.655 seconds
[2026-01-10 09:52:55,862] {processor.py:162} INFO - Started process (PID=2611) to work on /home/airflow/.local/lib/python3.6/site-packages/airflow/example_dags/example_dag_decorator.py
[2026-01-10 09:52:55,865] {processor.py:613} INFO - Processing file /home/airflow/.local/lib/python3.6/site-packages/airflow/example_dags/example_dag_decorator.py for tasks to queue
[2026-01-10 09:52:55,866] {logging_mixin.py:109} INFO - [2026-01-10 09:52:55,866] {dagbag.py:496} INFO - Filling up the DagBag from /home/airflow/.local/lib/python3.6/site-packages/airflow/example_dags/example_dag_decorator.py
[2026-01-10 09:52:55,952] {processor.py:623} INFO - DAG(s) dict_keys(['example_dag_decorator']) retrieved from /home/airflow/.local/lib/python3.6/site-packages/airflow/example_dags/example_dag_decorator.py
[2026-01-10 09:52:56,818] {logging_mixin.py:109} INFO - [2026-01-10 09:52:56,818] {dag.py:1833} INFO - Sync 1 DAGs
[2026-01-10 09:52:56,870] {logging_mixin.py:109} INFO - [2026-01-10 09:52:56,865] {dag.py:2306} INFO - Setting next_dagrun for example_dag_decorator to None
[2026-01-10 09:52:56,886] {processor.py:170} INFO - Processing /home/airflow/.local/lib/python3.6/site-packages/airflow/example_dags/example_dag_decorator.py took 1.033 seconds
[2026-01-10 09:53:27,136] {processor.py:162} INFO - Started process (PID=2653) to work on /home/airflow/.local/lib/python3.6/site-packages/airflow/example_dags/example_dag_decorator.py
[2026-01-10 09:53:27,141] {processor.py:613} INFO - Processing file /home/airflow/.local/lib/python3.6/site-packages/airflow/example_dags/example_dag_decorator.py for tasks to queue
[2026-01-10 09:53:27,145] {logging_mixin.py:109} INFO - [2026-01-10 09:53:27,145] {dagbag.py:496} INFO - Filling up the DagBag from /home/airflow/.local/lib/python3.6/site-packages/airflow/example_dags/example_dag_decorator.py
[2026-01-10 09:53:27,248] {processor.py:623} INFO - DAG(s) dict_keys(['example_dag_decorator']) retrieved from /home/airflow/.local/lib/python3.6/site-packages/airflow/example_dags/example_dag_decorator.py
[2026-01-10 09:53:27,520] {logging_mixin.py:109} INFO - [2026-01-10 09:53:27,520] {dag.py:1833} INFO - Sync 1 DAGs
[2026-01-10 09:53:27,553] {logging_mixin.py:109} INFO - [2026-01-10 09:53:27,553] {dag.py:2306} INFO - Setting next_dagrun for example_dag_decorator to None
[2026-01-10 09:53:27,575] {processor.py:170} INFO - Processing /home/airflow/.local/lib/python3.6/site-packages/airflow/example_dags/example_dag_decorator.py took 0.444 seconds
[2026-01-10 09:53:57,756] {processor.py:162} INFO - Started process (PID=2696) to work on /home/airflow/.local/lib/python3.6/site-packages/airflow/example_dags/example_dag_decorator.py
[2026-01-10 09:53:57,758] {processor.py:613} INFO - Processing file /home/airflow/.local/lib/python3.6/site-packages/airflow/example_dags/example_dag_decorator.py for tasks to queue
[2026-01-10 09:53:57,759] {logging_mixin.py:109} INFO - [2026-01-10 09:53:57,759] {dagbag.py:496} INFO - Filling up the DagBag from /home/airflow/.local/lib/python3.6/site-packages/airflow/example_dags/example_dag_decorator.py
[2026-01-10 09:53:57,813] {processor.py:623} INFO - DAG(s) dict_keys(['example_dag_decorator']) retrieved from /home/airflow/.local/lib/python3.6/site-packages/airflow/example_dags/example_dag_decorator.py
[2026-01-10 09:53:58,332] {logging_mixin.py:109} INFO - [2026-01-10 09:53:58,332] {dag.py:1833} INFO - Sync 1 DAGs
[2026-01-10 09:53:58,369] {logging_mixin.py:109} INFO - [2026-01-10 09:53:58,369] {dag.py:2306} INFO - Setting next_dagrun for example_dag_decorator to None
[2026-01-10 09:53:58,391] {processor.py:170} INFO - Processing /home/airflow/.local/lib/python3.6/site-packages/airflow/example_dags/example_dag_decorator.py took 0.640 seconds
[2026-01-10 09:54:28,810] {processor.py:162} INFO - Started process (PID=2743) to work on /home/airflow/.local/lib/python3.6/site-packages/airflow/example_dags/example_dag_decorator.py
[2026-01-10 09:54:28,820] {processor.py:613} INFO - Processing file /home/airflow/.local/lib/python3.6/site-packages/airflow/example_dags/example_dag_decorator.py for tasks to queue
[2026-01-10 09:54:28,821] {logging_mixin.py:109} INFO - [2026-01-10 09:54:28,821] {dagbag.py:496} INFO - Filling up the DagBag from /home/airflow/.local/lib/python3.6/site-packages/airflow/example_dags/example_dag_decorator.py
[2026-01-10 09:54:28,933] {processor.py:623} INFO - DAG(s) dict_keys(['example_dag_decorator']) retrieved from /home/airflow/.local/lib/python3.6/site-packages/airflow/example_dags/example_dag_decorator.py
[2026-01-10 09:54:30,109] {logging_mixin.py:109} INFO - [2026-01-10 09:54:30,109] {dag.py:1833} INFO - Sync 1 DAGs
[2026-01-10 09:54:30,154] {logging_mixin.py:109} INFO - [2026-01-10 09:54:30,152] {dag.py:2306} INFO - Setting next_dagrun for example_dag_decorator to None
[2026-01-10 09:54:30,195] {processor.py:170} INFO - Processing /home/airflow/.local/lib/python3.6/site-packages/airflow/example_dags/example_dag_decorator.py took 1.395 seconds
[2026-01-10 09:55:00,445] {processor.py:162} INFO - Started process (PID=2787) to work on /home/airflow/.local/lib/python3.6/site-packages/airflow/example_dags/example_dag_decorator.py
[2026-01-10 09:55:00,448] {processor.py:613} INFO - Processing file /home/airflow/.local/lib/python3.6/site-packages/airflow/example_dags/example_dag_decorator.py for tasks to queue
[2026-01-10 09:55:00,452] {logging_mixin.py:109} INFO - [2026-01-10 09:55:00,448] {dagbag.py:496} INFO - Filling up the DagBag from /home/airflow/.local/lib/python3.6/site-packages/airflow/example_dags/example_dag_decorator.py
[2026-01-10 09:55:00,531] {processor.py:623} INFO - DAG(s) dict_keys(['example_dag_decorator']) retrieved from /home/airflow/.local/lib/python3.6/site-packages/airflow/example_dags/example_dag_decorator.py
[2026-01-10 09:55:04,844] {logging_mixin.py:109} INFO - [2026-01-10 09:55:04,842] {dag.py:1833} INFO - Sync 1 DAGs
[2026-01-10 09:55:04,898] {logging_mixin.py:109} INFO - [2026-01-10 09:55:04,897] {dag.py:2306} INFO - Setting next_dagrun for example_dag_decorator to None
[2026-01-10 09:55:05,026] {processor.py:170} INFO - Processing /home/airflow/.local/lib/python3.6/site-packages/airflow/example_dags/example_dag_decorator.py took 4.587 seconds
[2026-01-10 09:55:35,670] {processor.py:162} INFO - Started process (PID=2828) to work on /home/airflow/.local/lib/python3.6/site-packages/airflow/example_dags/example_dag_decorator.py
[2026-01-10 09:55:35,676] {processor.py:613} INFO - Processing file /home/airflow/.local/lib/python3.6/site-packages/airflow/example_dags/example_dag_decorator.py for tasks to queue
[2026-01-10 09:55:35,682] {logging_mixin.py:109} INFO - [2026-01-10 09:55:35,682] {dagbag.py:496} INFO - Filling up the DagBag from /home/airflow/.local/lib/python3.6/site-packages/airflow/example_dags/example_dag_decorator.py
[2026-01-10 09:55:35,825] {processor.py:623} INFO - DAG(s) dict_keys(['example_dag_decorator']) retrieved from /home/airflow/.local/lib/python3.6/site-packages/airflow/example_dags/example_dag_decorator.py
[2026-01-10 09:55:45,307] {logging_mixin.py:109} INFO - [2026-01-10 09:55:45,306] {dag.py:1833} INFO - Sync 1 DAGs
[2026-01-10 09:55:45,354] {logging_mixin.py:109} INFO - [2026-01-10 09:55:45,354] {dag.py:2306} INFO - Setting next_dagrun for example_dag_decorator to None
[2026-01-10 09:55:45,375] {processor.py:170} INFO - Processing /home/airflow/.local/lib/python3.6/site-packages/airflow/example_dags/example_dag_decorator.py took 9.722 seconds
[2026-01-10 09:56:16,039] {processor.py:162} INFO - Started process (PID=2869) to work on /home/airflow/.local/lib/python3.6/site-packages/airflow/example_dags/example_dag_decorator.py
[2026-01-10 09:56:16,041] {processor.py:613} INFO - Processing file /home/airflow/.local/lib/python3.6/site-packages/airflow/example_dags/example_dag_decorator.py for tasks to queue
[2026-01-10 09:56:16,042] {logging_mixin.py:109} INFO - [2026-01-10 09:56:16,042] {dagbag.py:496} INFO - Filling up the DagBag from /home/airflow/.local/lib/python3.6/site-packages/airflow/example_dags/example_dag_decorator.py
[2026-01-10 09:56:16,086] {processor.py:623} INFO - DAG(s) dict_keys(['example_dag_decorator']) retrieved from /home/airflow/.local/lib/python3.6/site-packages/airflow/example_dags/example_dag_decorator.py
[2026-01-10 09:56:17,458] {logging_mixin.py:109} INFO - [2026-01-10 09:56:17,458] {dag.py:1833} INFO - Sync 1 DAGs
[2026-01-10 09:56:17,484] {logging_mixin.py:109} INFO - [2026-01-10 09:56:17,484] {dag.py:2306} INFO - Setting next_dagrun for example_dag_decorator to None
[2026-01-10 09:56:17,518] {processor.py:170} INFO - Processing /home/airflow/.local/lib/python3.6/site-packages/airflow/example_dags/example_dag_decorator.py took 1.484 seconds
[2026-01-10 09:56:47,996] {processor.py:162} INFO - Started process (PID=2910) to work on /home/airflow/.local/lib/python3.6/site-packages/airflow/example_dags/example_dag_decorator.py
[2026-01-10 09:56:47,997] {processor.py:613} INFO - Processing file /home/airflow/.local/lib/python3.6/site-packages/airflow/example_dags/example_dag_decorator.py for tasks to queue
[2026-01-10 09:56:47,998] {logging_mixin.py:109} INFO - [2026-01-10 09:56:47,998] {dagbag.py:496} INFO - Filling up the DagBag from /home/airflow/.local/lib/python3.6/site-packages/airflow/example_dags/example_dag_decorator.py
[2026-01-10 09:56:48,050] {processor.py:623} INFO - DAG(s) dict_keys(['example_dag_decorator']) retrieved from /home/airflow/.local/lib/python3.6/site-packages/airflow/example_dags/example_dag_decorator.py
[2026-01-10 09:56:48,466] {logging_mixin.py:109} INFO - [2026-01-10 09:56:48,466] {dag.py:1833} INFO - Sync 1 DAGs
[2026-01-10 09:56:48,488] {logging_mixin.py:109} INFO - [2026-01-10 09:56:48,488] {dag.py:2306} INFO - Setting next_dagrun for example_dag_decorator to None
[2026-01-10 09:56:48,502] {processor.py:170} INFO - Processing /home/airflow/.local/lib/python3.6/site-packages/airflow/example_dags/example_dag_decorator.py took 0.511 seconds
[2026-01-10 09:57:18,903] {processor.py:162} INFO - Started process (PID=2961) to work on /home/airflow/.local/lib/python3.6/site-packages/airflow/example_dags/example_dag_decorator.py
[2026-01-10 09:57:18,918] {processor.py:613} INFO - Processing file /home/airflow/.local/lib/python3.6/site-packages/airflow/example_dags/example_dag_decorator.py for tasks to queue
[2026-01-10 09:57:18,919] {logging_mixin.py:109} INFO - [2026-01-10 09:57:18,919] {dagbag.py:496} INFO - Filling up the DagBag from /home/airflow/.local/lib/python3.6/site-packages/airflow/example_dags/example_dag_decorator.py
[2026-01-10 09:57:19,222] {processor.py:623} INFO - DAG(s) dict_keys(['example_dag_decorator']) retrieved from /home/airflow/.local/lib/python3.6/site-packages/airflow/example_dags/example_dag_decorator.py
[2026-01-10 09:57:47,544] {logging_mixin.py:109} INFO - [2026-01-10 09:57:47,543] {dag.py:1833} INFO - Sync 1 DAGs
[2026-01-10 09:57:47,569] {logging_mixin.py:109} INFO - [2026-01-10 09:57:47,568] {dag.py:2306} INFO - Setting next_dagrun for example_dag_decorator to None
[2026-01-10 09:57:47,588] {processor.py:170} INFO - Processing /home/airflow/.local/lib/python3.6/site-packages/airflow/example_dags/example_dag_decorator.py took 28.700 seconds
[2026-01-10 09:58:18,046] {processor.py:162} INFO - Started process (PID=3001) to work on /home/airflow/.local/lib/python3.6/site-packages/airflow/example_dags/example_dag_decorator.py
[2026-01-10 09:58:18,050] {processor.py:613} INFO - Processing file /home/airflow/.local/lib/python3.6/site-packages/airflow/example_dags/example_dag_decorator.py for tasks to queue
[2026-01-10 09:58:18,051] {logging_mixin.py:109} INFO - [2026-01-10 09:58:18,051] {dagbag.py:496} INFO - Filling up the DagBag from /home/airflow/.local/lib/python3.6/site-packages/airflow/example_dags/example_dag_decorator.py
[2026-01-10 09:58:18,119] {processor.py:623} INFO - DAG(s) dict_keys(['example_dag_decorator']) retrieved from /home/airflow/.local/lib/python3.6/site-packages/airflow/example_dags/example_dag_decorator.py
[2026-01-10 09:58:19,184] {logging_mixin.py:109} INFO - [2026-01-10 09:58:19,183] {dag.py:1833} INFO - Sync 1 DAGs
[2026-01-10 09:58:19,209] {logging_mixin.py:109} INFO - [2026-01-10 09:58:19,209] {dag.py:2306} INFO - Setting next_dagrun for example_dag_decorator to None
[2026-01-10 09:58:19,226] {processor.py:170} INFO - Processing /home/airflow/.local/lib/python3.6/site-packages/airflow/example_dags/example_dag_decorator.py took 1.187 seconds
[2026-01-10 09:59:30,929] {processor.py:162} INFO - Started process (PID=3019) to work on /home/airflow/.local/lib/python3.6/site-packages/airflow/example_dags/example_dag_decorator.py
[2026-01-10 09:59:30,932] {processor.py:613} INFO - Processing file /home/airflow/.local/lib/python3.6/site-packages/airflow/example_dags/example_dag_decorator.py for tasks to queue
[2026-01-10 09:59:30,933] {logging_mixin.py:109} INFO - [2026-01-10 09:59:30,933] {dagbag.py:496} INFO - Filling up the DagBag from /home/airflow/.local/lib/python3.6/site-packages/airflow/example_dags/example_dag_decorator.py
[2026-01-10 09:59:30,987] {processor.py:623} INFO - DAG(s) dict_keys(['example_dag_decorator']) retrieved from /home/airflow/.local/lib/python3.6/site-packages/airflow/example_dags/example_dag_decorator.py
[2026-01-10 09:59:31,844] {logging_mixin.py:109} INFO - [2026-01-10 09:59:31,844] {dag.py:1833} INFO - Sync 1 DAGs
[2026-01-10 09:59:31,874] {logging_mixin.py:109} INFO - [2026-01-10 09:59:31,874] {dag.py:2306} INFO - Setting next_dagrun for example_dag_decorator to None
[2026-01-10 09:59:31,892] {processor.py:170} INFO - Processing /home/airflow/.local/lib/python3.6/site-packages/airflow/example_dags/example_dag_decorator.py took 0.978 seconds
[2026-01-10 10:00:02,050] {processor.py:162} INFO - Started process (PID=3061) to work on /home/airflow/.local/lib/python3.6/site-packages/airflow/example_dags/example_dag_decorator.py
[2026-01-10 10:00:02,055] {processor.py:613} INFO - Processing file /home/airflow/.local/lib/python3.6/site-packages/airflow/example_dags/example_dag_decorator.py for tasks to queue
[2026-01-10 10:00:02,056] {logging_mixin.py:109} INFO - [2026-01-10 10:00:02,056] {dagbag.py:496} INFO - Filling up the DagBag from /home/airflow/.local/lib/python3.6/site-packages/airflow/example_dags/example_dag_decorator.py
[2026-01-10 10:00:02,112] {processor.py:623} INFO - DAG(s) dict_keys(['example_dag_decorator']) retrieved from /home/airflow/.local/lib/python3.6/site-packages/airflow/example_dags/example_dag_decorator.py
[2026-01-10 10:00:02,158] {logging_mixin.py:109} INFO - [2026-01-10 10:00:02,157] {dag.py:1833} INFO - Sync 1 DAGs
[2026-01-10 10:00:02,184] {logging_mixin.py:109} INFO - [2026-01-10 10:00:02,184] {dag.py:2306} INFO - Setting next_dagrun for example_dag_decorator to None
[2026-01-10 10:00:02,199] {processor.py:170} INFO - Processing /home/airflow/.local/lib/python3.6/site-packages/airflow/example_dags/example_dag_decorator.py took 0.158 seconds
[2026-01-10 10:00:57,917] {processor.py:162} INFO - Started process (PID=3107) to work on /home/airflow/.local/lib/python3.6/site-packages/airflow/example_dags/example_dag_decorator.py
[2026-01-10 10:00:57,919] {processor.py:613} INFO - Processing file /home/airflow/.local/lib/python3.6/site-packages/airflow/example_dags/example_dag_decorator.py for tasks to queue
[2026-01-10 10:00:57,921] {logging_mixin.py:109} INFO - [2026-01-10 10:00:57,920] {dagbag.py:496} INFO - Filling up the DagBag from /home/airflow/.local/lib/python3.6/site-packages/airflow/example_dags/example_dag_decorator.py
[2026-01-10 10:00:57,990] {processor.py:623} INFO - DAG(s) dict_keys(['example_dag_decorator']) retrieved from /home/airflow/.local/lib/python3.6/site-packages/airflow/example_dags/example_dag_decorator.py
[2026-01-10 10:00:58,805] {logging_mixin.py:109} INFO - [2026-01-10 10:00:58,805] {dag.py:1833} INFO - Sync 1 DAGs
[2026-01-10 10:00:58,832] {logging_mixin.py:109} INFO - [2026-01-10 10:00:58,831] {dag.py:2306} INFO - Setting next_dagrun for example_dag_decorator to None
[2026-01-10 10:00:58,848] {processor.py:170} INFO - Processing /home/airflow/.local/lib/python3.6/site-packages/airflow/example_dags/example_dag_decorator.py took 0.935 seconds
[2026-01-10 10:02:25,823] {processor.py:162} INFO - Started process (PID=3151) to work on /home/airflow/.local/lib/python3.6/site-packages/airflow/example_dags/example_dag_decorator.py
[2026-01-10 10:02:25,825] {processor.py:613} INFO - Processing file /home/airflow/.local/lib/python3.6/site-packages/airflow/example_dags/example_dag_decorator.py for tasks to queue
[2026-01-10 10:02:25,826] {logging_mixin.py:109} INFO - [2026-01-10 10:02:25,826] {dagbag.py:496} INFO - Filling up the DagBag from /home/airflow/.local/lib/python3.6/site-packages/airflow/example_dags/example_dag_decorator.py
[2026-01-10 10:02:25,885] {processor.py:623} INFO - DAG(s) dict_keys(['example_dag_decorator']) retrieved from /home/airflow/.local/lib/python3.6/site-packages/airflow/example_dags/example_dag_decorator.py
[2026-01-10 10:02:26,770] {logging_mixin.py:109} INFO - [2026-01-10 10:02:26,770] {dag.py:1833} INFO - Sync 1 DAGs
[2026-01-10 10:02:26,782] {logging_mixin.py:109} INFO - [2026-01-10 10:02:26,782] {dag.py:2306} INFO - Setting next_dagrun for example_dag_decorator to None
[2026-01-10 10:02:26,794] {processor.py:170} INFO - Processing /home/airflow/.local/lib/python3.6/site-packages/airflow/example_dags/example_dag_decorator.py took 0.977 seconds
[2026-01-10 10:15:05,503] {processor.py:162} INFO - Started process (PID=59) to work on /home/airflow/.local/lib/python3.6/site-packages/airflow/example_dags/example_dag_decorator.py
[2026-01-10 10:15:05,509] {processor.py:613} INFO - Processing file /home/airflow/.local/lib/python3.6/site-packages/airflow/example_dags/example_dag_decorator.py for tasks to queue
[2026-01-10 10:15:05,514] {logging_mixin.py:109} INFO - [2026-01-10 10:15:05,513] {dagbag.py:496} INFO - Filling up the DagBag from /home/airflow/.local/lib/python3.6/site-packages/airflow/example_dags/example_dag_decorator.py
[2026-01-10 10:15:05,690] {processor.py:623} INFO - DAG(s) dict_keys(['example_dag_decorator']) retrieved from /home/airflow/.local/lib/python3.6/site-packages/airflow/example_dags/example_dag_decorator.py
[2026-01-10 10:15:07,348] {logging_mixin.py:109} INFO - [2026-01-10 10:15:07,348] {dag.py:1833} INFO - Sync 1 DAGs
[2026-01-10 10:15:07,450] {logging_mixin.py:109} INFO - [2026-01-10 10:15:07,450] {dag.py:2306} INFO - Setting next_dagrun for example_dag_decorator to None
[2026-01-10 10:15:07,557] {processor.py:170} INFO - Processing /home/airflow/.local/lib/python3.6/site-packages/airflow/example_dags/example_dag_decorator.py took 2.070 seconds
[2026-01-10 10:15:37,671] {processor.py:162} INFO - Started process (PID=111) to work on /home/airflow/.local/lib/python3.6/site-packages/airflow/example_dags/example_dag_decorator.py
[2026-01-10 10:15:37,673] {processor.py:613} INFO - Processing file /home/airflow/.local/lib/python3.6/site-packages/airflow/example_dags/example_dag_decorator.py for tasks to queue
[2026-01-10 10:15:37,673] {logging_mixin.py:109} INFO - [2026-01-10 10:15:37,673] {dagbag.py:496} INFO - Filling up the DagBag from /home/airflow/.local/lib/python3.6/site-packages/airflow/example_dags/example_dag_decorator.py
[2026-01-10 10:15:37,750] {processor.py:623} INFO - DAG(s) dict_keys(['example_dag_decorator']) retrieved from /home/airflow/.local/lib/python3.6/site-packages/airflow/example_dags/example_dag_decorator.py
[2026-01-10 10:15:38,489] {logging_mixin.py:109} INFO - [2026-01-10 10:15:38,489] {dag.py:1833} INFO - Sync 1 DAGs
[2026-01-10 10:15:38,523] {logging_mixin.py:109} INFO - [2026-01-10 10:15:38,523] {dag.py:2306} INFO - Setting next_dagrun for example_dag_decorator to None
[2026-01-10 10:15:38,598] {processor.py:170} INFO - Processing /home/airflow/.local/lib/python3.6/site-packages/airflow/example_dags/example_dag_decorator.py took 0.936 seconds
[2026-01-10 10:16:09,398] {processor.py:162} INFO - Started process (PID=162) to work on /home/airflow/.local/lib/python3.6/site-packages/airflow/example_dags/example_dag_decorator.py
[2026-01-10 10:16:09,403] {processor.py:613} INFO - Processing file /home/airflow/.local/lib/python3.6/site-packages/airflow/example_dags/example_dag_decorator.py for tasks to queue
[2026-01-10 10:16:09,405] {logging_mixin.py:109} INFO - [2026-01-10 10:16:09,404] {dagbag.py:496} INFO - Filling up the DagBag from /home/airflow/.local/lib/python3.6/site-packages/airflow/example_dags/example_dag_decorator.py
[2026-01-10 10:16:09,591] {processor.py:623} INFO - DAG(s) dict_keys(['example_dag_decorator']) retrieved from /home/airflow/.local/lib/python3.6/site-packages/airflow/example_dags/example_dag_decorator.py
[2026-01-10 10:16:11,201] {logging_mixin.py:109} INFO - [2026-01-10 10:16:11,200] {dag.py:1833} INFO - Sync 1 DAGs
[2026-01-10 10:16:11,260] {logging_mixin.py:109} INFO - [2026-01-10 10:16:11,259] {dag.py:2306} INFO - Setting next_dagrun for example_dag_decorator to None
[2026-01-10 10:16:11,344] {processor.py:170} INFO - Processing /home/airflow/.local/lib/python3.6/site-packages/airflow/example_dags/example_dag_decorator.py took 1.954 seconds
[2026-01-10 10:16:41,535] {processor.py:162} INFO - Started process (PID=205) to work on /home/airflow/.local/lib/python3.6/site-packages/airflow/example_dags/example_dag_decorator.py
[2026-01-10 10:16:41,541] {processor.py:613} INFO - Processing file /home/airflow/.local/lib/python3.6/site-packages/airflow/example_dags/example_dag_decorator.py for tasks to queue
[2026-01-10 10:16:41,542] {logging_mixin.py:109} INFO - [2026-01-10 10:16:41,542] {dagbag.py:496} INFO - Filling up the DagBag from /home/airflow/.local/lib/python3.6/site-packages/airflow/example_dags/example_dag_decorator.py
[2026-01-10 10:16:41,767] {processor.py:623} INFO - DAG(s) dict_keys(['example_dag_decorator']) retrieved from /home/airflow/.local/lib/python3.6/site-packages/airflow/example_dags/example_dag_decorator.py
[2026-01-10 10:16:43,604] {logging_mixin.py:109} INFO - [2026-01-10 10:16:43,601] {dag.py:1833} INFO - Sync 1 DAGs
[2026-01-10 10:16:43,683] {logging_mixin.py:109} INFO - [2026-01-10 10:16:43,683] {dag.py:2306} INFO - Setting next_dagrun for example_dag_decorator to None
[2026-01-10 10:16:43,728] {processor.py:170} INFO - Processing /home/airflow/.local/lib/python3.6/site-packages/airflow/example_dags/example_dag_decorator.py took 2.200 seconds
[2026-01-10 10:17:14,059] {processor.py:162} INFO - Started process (PID=260) to work on /home/airflow/.local/lib/python3.6/site-packages/airflow/example_dags/example_dag_decorator.py
[2026-01-10 10:17:14,061] {processor.py:613} INFO - Processing file /home/airflow/.local/lib/python3.6/site-packages/airflow/example_dags/example_dag_decorator.py for tasks to queue
[2026-01-10 10:17:14,062] {logging_mixin.py:109} INFO - [2026-01-10 10:17:14,062] {dagbag.py:496} INFO - Filling up the DagBag from /home/airflow/.local/lib/python3.6/site-packages/airflow/example_dags/example_dag_decorator.py
[2026-01-10 10:17:14,106] {processor.py:623} INFO - DAG(s) dict_keys(['example_dag_decorator']) retrieved from /home/airflow/.local/lib/python3.6/site-packages/airflow/example_dags/example_dag_decorator.py
[2026-01-10 10:17:14,147] {logging_mixin.py:109} INFO - [2026-01-10 10:17:14,146] {dag.py:1833} INFO - Sync 1 DAGs
[2026-01-10 10:17:14,175] {logging_mixin.py:109} INFO - [2026-01-10 10:17:14,175] {dag.py:2306} INFO - Setting next_dagrun for example_dag_decorator to None
[2026-01-10 10:17:14,190] {processor.py:170} INFO - Processing /home/airflow/.local/lib/python3.6/site-packages/airflow/example_dags/example_dag_decorator.py took 0.135 seconds
[2026-01-10 10:17:44,809] {processor.py:162} INFO - Started process (PID=311) to work on /home/airflow/.local/lib/python3.6/site-packages/airflow/example_dags/example_dag_decorator.py
[2026-01-10 10:17:44,811] {processor.py:613} INFO - Processing file /home/airflow/.local/lib/python3.6/site-packages/airflow/example_dags/example_dag_decorator.py for tasks to queue
[2026-01-10 10:17:44,812] {logging_mixin.py:109} INFO - [2026-01-10 10:17:44,812] {dagbag.py:496} INFO - Filling up the DagBag from /home/airflow/.local/lib/python3.6/site-packages/airflow/example_dags/example_dag_decorator.py
[2026-01-10 10:17:44,853] {processor.py:623} INFO - DAG(s) dict_keys(['example_dag_decorator']) retrieved from /home/airflow/.local/lib/python3.6/site-packages/airflow/example_dags/example_dag_decorator.py
[2026-01-10 10:17:45,289] {logging_mixin.py:109} INFO - [2026-01-10 10:17:45,289] {dag.py:1833} INFO - Sync 1 DAGs
[2026-01-10 10:17:45,312] {logging_mixin.py:109} INFO - [2026-01-10 10:17:45,312] {dag.py:2306} INFO - Setting next_dagrun for example_dag_decorator to None
[2026-01-10 10:17:45,337] {processor.py:170} INFO - Processing /home/airflow/.local/lib/python3.6/site-packages/airflow/example_dags/example_dag_decorator.py took 0.534 seconds
[2026-01-10 10:18:16,316] {processor.py:162} INFO - Started process (PID=364) to work on /home/airflow/.local/lib/python3.6/site-packages/airflow/example_dags/example_dag_decorator.py
[2026-01-10 10:18:16,317] {processor.py:613} INFO - Processing file /home/airflow/.local/lib/python3.6/site-packages/airflow/example_dags/example_dag_decorator.py for tasks to queue
[2026-01-10 10:18:16,318] {logging_mixin.py:109} INFO - [2026-01-10 10:18:16,317] {dagbag.py:496} INFO - Filling up the DagBag from /home/airflow/.local/lib/python3.6/site-packages/airflow/example_dags/example_dag_decorator.py
[2026-01-10 10:18:16,354] {processor.py:623} INFO - DAG(s) dict_keys(['example_dag_decorator']) retrieved from /home/airflow/.local/lib/python3.6/site-packages/airflow/example_dags/example_dag_decorator.py
[2026-01-10 10:18:16,780] {logging_mixin.py:109} INFO - [2026-01-10 10:18:16,780] {dag.py:1833} INFO - Sync 1 DAGs
[2026-01-10 10:18:16,796] {logging_mixin.py:109} INFO - [2026-01-10 10:18:16,795] {dag.py:2306} INFO - Setting next_dagrun for example_dag_decorator to None
[2026-01-10 10:18:16,806] {processor.py:170} INFO - Processing /home/airflow/.local/lib/python3.6/site-packages/airflow/example_dags/example_dag_decorator.py took 0.494 seconds
[2026-01-10 10:18:46,963] {processor.py:162} INFO - Started process (PID=415) to work on /home/airflow/.local/lib/python3.6/site-packages/airflow/example_dags/example_dag_decorator.py
[2026-01-10 10:18:46,966] {processor.py:613} INFO - Processing file /home/airflow/.local/lib/python3.6/site-packages/airflow/example_dags/example_dag_decorator.py for tasks to queue
[2026-01-10 10:18:46,967] {logging_mixin.py:109} INFO - [2026-01-10 10:18:46,966] {dagbag.py:496} INFO - Filling up the DagBag from /home/airflow/.local/lib/python3.6/site-packages/airflow/example_dags/example_dag_decorator.py
[2026-01-10 10:18:47,014] {processor.py:623} INFO - DAG(s) dict_keys(['example_dag_decorator']) retrieved from /home/airflow/.local/lib/python3.6/site-packages/airflow/example_dags/example_dag_decorator.py
[2026-01-10 10:18:47,653] {logging_mixin.py:109} INFO - [2026-01-10 10:18:47,653] {dag.py:1833} INFO - Sync 1 DAGs
[2026-01-10 10:18:47,680] {logging_mixin.py:109} INFO - [2026-01-10 10:18:47,680] {dag.py:2306} INFO - Setting next_dagrun for example_dag_decorator to None
[2026-01-10 10:18:47,698] {processor.py:170} INFO - Processing /home/airflow/.local/lib/python3.6/site-packages/airflow/example_dags/example_dag_decorator.py took 0.749 seconds
[2026-01-10 10:19:18,406] {processor.py:162} INFO - Started process (PID=466) to work on /home/airflow/.local/lib/python3.6/site-packages/airflow/example_dags/example_dag_decorator.py
[2026-01-10 10:19:18,408] {processor.py:613} INFO - Processing file /home/airflow/.local/lib/python3.6/site-packages/airflow/example_dags/example_dag_decorator.py for tasks to queue
[2026-01-10 10:19:18,410] {logging_mixin.py:109} INFO - [2026-01-10 10:19:18,409] {dagbag.py:496} INFO - Filling up the DagBag from /home/airflow/.local/lib/python3.6/site-packages/airflow/example_dags/example_dag_decorator.py
[2026-01-10 10:19:18,447] {processor.py:623} INFO - DAG(s) dict_keys(['example_dag_decorator']) retrieved from /home/airflow/.local/lib/python3.6/site-packages/airflow/example_dags/example_dag_decorator.py
[2026-01-10 10:19:18,810] {logging_mixin.py:109} INFO - [2026-01-10 10:19:18,810] {dag.py:1833} INFO - Sync 1 DAGs
[2026-01-10 10:19:18,833] {logging_mixin.py:109} INFO - [2026-01-10 10:19:18,833] {dag.py:2306} INFO - Setting next_dagrun for example_dag_decorator to None
[2026-01-10 10:19:18,844] {processor.py:170} INFO - Processing /home/airflow/.local/lib/python3.6/site-packages/airflow/example_dags/example_dag_decorator.py took 0.444 seconds
[2026-01-10 10:19:49,083] {processor.py:162} INFO - Started process (PID=518) to work on /home/airflow/.local/lib/python3.6/site-packages/airflow/example_dags/example_dag_decorator.py
[2026-01-10 10:19:49,085] {processor.py:613} INFO - Processing file /home/airflow/.local/lib/python3.6/site-packages/airflow/example_dags/example_dag_decorator.py for tasks to queue
[2026-01-10 10:19:49,086] {logging_mixin.py:109} INFO - [2026-01-10 10:19:49,086] {dagbag.py:496} INFO - Filling up the DagBag from /home/airflow/.local/lib/python3.6/site-packages/airflow/example_dags/example_dag_decorator.py
[2026-01-10 10:19:49,122] {processor.py:623} INFO - DAG(s) dict_keys(['example_dag_decorator']) retrieved from /home/airflow/.local/lib/python3.6/site-packages/airflow/example_dags/example_dag_decorator.py
[2026-01-10 10:19:49,152] {logging_mixin.py:109} INFO - [2026-01-10 10:19:49,152] {dag.py:1833} INFO - Sync 1 DAGs
[2026-01-10 10:19:49,177] {logging_mixin.py:109} INFO - [2026-01-10 10:19:49,177] {dag.py:2306} INFO - Setting next_dagrun for example_dag_decorator to None
[2026-01-10 10:19:49,190] {processor.py:170} INFO - Processing /home/airflow/.local/lib/python3.6/site-packages/airflow/example_dags/example_dag_decorator.py took 0.112 seconds
[2026-01-10 10:20:19,400] {processor.py:162} INFO - Started process (PID=580) to work on /home/airflow/.local/lib/python3.6/site-packages/airflow/example_dags/example_dag_decorator.py
[2026-01-10 10:20:19,401] {processor.py:613} INFO - Processing file /home/airflow/.local/lib/python3.6/site-packages/airflow/example_dags/example_dag_decorator.py for tasks to queue
[2026-01-10 10:20:19,402] {logging_mixin.py:109} INFO - [2026-01-10 10:20:19,402] {dagbag.py:496} INFO - Filling up the DagBag from /home/airflow/.local/lib/python3.6/site-packages/airflow/example_dags/example_dag_decorator.py
[2026-01-10 10:20:19,461] {processor.py:623} INFO - DAG(s) dict_keys(['example_dag_decorator']) retrieved from /home/airflow/.local/lib/python3.6/site-packages/airflow/example_dags/example_dag_decorator.py
[2026-01-10 10:20:20,036] {logging_mixin.py:109} INFO - [2026-01-10 10:20:20,036] {dag.py:1833} INFO - Sync 1 DAGs
[2026-01-10 10:20:20,066] {logging_mixin.py:109} INFO - [2026-01-10 10:20:20,065] {dag.py:2306} INFO - Setting next_dagrun for example_dag_decorator to None
[2026-01-10 10:20:20,088] {processor.py:170} INFO - Processing /home/airflow/.local/lib/python3.6/site-packages/airflow/example_dags/example_dag_decorator.py took 0.693 seconds
