[2026-01-10 09:27:59,451] {processor.py:162} INFO - Started process (PID=134) to work on /home/airflow/.local/lib/python3.6/site-packages/airflow/example_dags/example_latest_only_with_trigger.py
[2026-01-10 09:27:59,466] {processor.py:613} INFO - Processing file /home/airflow/.local/lib/python3.6/site-packages/airflow/example_dags/example_latest_only_with_trigger.py for tasks to queue
[2026-01-10 09:27:59,469] {logging_mixin.py:109} INFO - [2026-01-10 09:27:59,468] {dagbag.py:496} INFO - Filling up the DagBag from /home/airflow/.local/lib/python3.6/site-packages/airflow/example_dags/example_latest_only_with_trigger.py
[2026-01-10 09:27:59,571] {processor.py:623} INFO - DAG(s) dict_keys(['latest_only_with_trigger']) retrieved from /home/airflow/.local/lib/python3.6/site-packages/airflow/example_dags/example_latest_only_with_trigger.py
[2026-01-10 09:28:05,687] {logging_mixin.py:109} INFO - [2026-01-10 09:28:05,685] {dag.py:1833} INFO - Sync 1 DAGs
[2026-01-10 09:28:05,702] {logging_mixin.py:109} INFO - [2026-01-10 09:28:05,701] {dag.py:1852} INFO - Creating ORM DAG for latest_only_with_trigger
[2026-01-10 09:28:05,709] {logging_mixin.py:109} INFO - [2026-01-10 09:28:05,709] {dag.py:2306} INFO - Setting next_dagrun for latest_only_with_trigger to 2026-01-08 00:00:00+00:00
[2026-01-10 09:28:05,722] {processor.py:170} INFO - Processing /home/airflow/.local/lib/python3.6/site-packages/airflow/example_dags/example_latest_only_with_trigger.py took 6.292 seconds
[2026-01-10 09:29:02,342] {processor.py:162} INFO - Started process (PID=276) to work on /home/airflow/.local/lib/python3.6/site-packages/airflow/example_dags/example_latest_only_with_trigger.py
[2026-01-10 09:29:02,344] {processor.py:613} INFO - Processing file /home/airflow/.local/lib/python3.6/site-packages/airflow/example_dags/example_latest_only_with_trigger.py for tasks to queue
[2026-01-10 09:29:02,345] {logging_mixin.py:109} INFO - [2026-01-10 09:29:02,345] {dagbag.py:496} INFO - Filling up the DagBag from /home/airflow/.local/lib/python3.6/site-packages/airflow/example_dags/example_latest_only_with_trigger.py
[2026-01-10 09:29:02,367] {processor.py:623} INFO - DAG(s) dict_keys(['latest_only_with_trigger']) retrieved from /home/airflow/.local/lib/python3.6/site-packages/airflow/example_dags/example_latest_only_with_trigger.py
[2026-01-10 09:29:02,410] {logging_mixin.py:109} INFO - [2026-01-10 09:29:02,409] {dag.py:1833} INFO - Sync 1 DAGs
[2026-01-10 09:29:02,442] {logging_mixin.py:109} INFO - [2026-01-10 09:29:02,441] {dag.py:2306} INFO - Setting next_dagrun for latest_only_with_trigger to 2026-01-08 00:00:00+00:00
[2026-01-10 09:29:02,460] {processor.py:170} INFO - Processing /home/airflow/.local/lib/python3.6/site-packages/airflow/example_dags/example_latest_only_with_trigger.py took 0.124 seconds
[2026-01-10 09:29:33,364] {processor.py:162} INFO - Started process (PID=327) to work on /home/airflow/.local/lib/python3.6/site-packages/airflow/example_dags/example_latest_only_with_trigger.py
[2026-01-10 09:29:33,366] {processor.py:613} INFO - Processing file /home/airflow/.local/lib/python3.6/site-packages/airflow/example_dags/example_latest_only_with_trigger.py for tasks to queue
[2026-01-10 09:29:33,369] {logging_mixin.py:109} INFO - [2026-01-10 09:29:33,369] {dagbag.py:496} INFO - Filling up the DagBag from /home/airflow/.local/lib/python3.6/site-packages/airflow/example_dags/example_latest_only_with_trigger.py
[2026-01-10 09:29:33,401] {processor.py:623} INFO - DAG(s) dict_keys(['latest_only_with_trigger']) retrieved from /home/airflow/.local/lib/python3.6/site-packages/airflow/example_dags/example_latest_only_with_trigger.py
[2026-01-10 09:29:33,441] {logging_mixin.py:109} INFO - [2026-01-10 09:29:33,441] {dag.py:1833} INFO - Sync 1 DAGs
[2026-01-10 09:29:33,475] {logging_mixin.py:109} INFO - [2026-01-10 09:29:33,475] {dag.py:2306} INFO - Setting next_dagrun for latest_only_with_trigger to 2026-01-08 00:00:00+00:00
[2026-01-10 09:29:33,492] {processor.py:170} INFO - Processing /home/airflow/.local/lib/python3.6/site-packages/airflow/example_dags/example_latest_only_with_trigger.py took 0.136 seconds
[2026-01-10 09:30:04,224] {processor.py:162} INFO - Started process (PID=377) to work on /home/airflow/.local/lib/python3.6/site-packages/airflow/example_dags/example_latest_only_with_trigger.py
[2026-01-10 09:30:04,226] {processor.py:613} INFO - Processing file /home/airflow/.local/lib/python3.6/site-packages/airflow/example_dags/example_latest_only_with_trigger.py for tasks to queue
[2026-01-10 09:30:04,227] {logging_mixin.py:109} INFO - [2026-01-10 09:30:04,227] {dagbag.py:496} INFO - Filling up the DagBag from /home/airflow/.local/lib/python3.6/site-packages/airflow/example_dags/example_latest_only_with_trigger.py
[2026-01-10 09:30:04,243] {processor.py:623} INFO - DAG(s) dict_keys(['latest_only_with_trigger']) retrieved from /home/airflow/.local/lib/python3.6/site-packages/airflow/example_dags/example_latest_only_with_trigger.py
[2026-01-10 09:30:04,282] {logging_mixin.py:109} INFO - [2026-01-10 09:30:04,281] {dag.py:1833} INFO - Sync 1 DAGs
[2026-01-10 09:30:04,325] {logging_mixin.py:109} INFO - [2026-01-10 09:30:04,325] {dag.py:2306} INFO - Setting next_dagrun for latest_only_with_trigger to 2026-01-08 00:00:00+00:00
[2026-01-10 09:30:04,347] {processor.py:170} INFO - Processing /home/airflow/.local/lib/python3.6/site-packages/airflow/example_dags/example_latest_only_with_trigger.py took 0.129 seconds
[2026-01-10 09:30:35,069] {processor.py:162} INFO - Started process (PID=428) to work on /home/airflow/.local/lib/python3.6/site-packages/airflow/example_dags/example_latest_only_with_trigger.py
[2026-01-10 09:30:35,071] {processor.py:613} INFO - Processing file /home/airflow/.local/lib/python3.6/site-packages/airflow/example_dags/example_latest_only_with_trigger.py for tasks to queue
[2026-01-10 09:30:35,072] {logging_mixin.py:109} INFO - [2026-01-10 09:30:35,072] {dagbag.py:496} INFO - Filling up the DagBag from /home/airflow/.local/lib/python3.6/site-packages/airflow/example_dags/example_latest_only_with_trigger.py
[2026-01-10 09:30:35,092] {processor.py:623} INFO - DAG(s) dict_keys(['latest_only_with_trigger']) retrieved from /home/airflow/.local/lib/python3.6/site-packages/airflow/example_dags/example_latest_only_with_trigger.py
[2026-01-10 09:30:35,124] {logging_mixin.py:109} INFO - [2026-01-10 09:30:35,124] {dag.py:1833} INFO - Sync 1 DAGs
[2026-01-10 09:30:35,153] {logging_mixin.py:109} INFO - [2026-01-10 09:30:35,153] {dag.py:2306} INFO - Setting next_dagrun for latest_only_with_trigger to 2026-01-08 00:00:00+00:00
[2026-01-10 09:30:35,172] {processor.py:170} INFO - Processing /home/airflow/.local/lib/python3.6/site-packages/airflow/example_dags/example_latest_only_with_trigger.py took 0.109 seconds
[2026-01-10 09:31:05,546] {processor.py:162} INFO - Started process (PID=487) to work on /home/airflow/.local/lib/python3.6/site-packages/airflow/example_dags/example_latest_only_with_trigger.py
[2026-01-10 09:31:05,547] {processor.py:613} INFO - Processing file /home/airflow/.local/lib/python3.6/site-packages/airflow/example_dags/example_latest_only_with_trigger.py for tasks to queue
[2026-01-10 09:31:05,550] {logging_mixin.py:109} INFO - [2026-01-10 09:31:05,550] {dagbag.py:496} INFO - Filling up the DagBag from /home/airflow/.local/lib/python3.6/site-packages/airflow/example_dags/example_latest_only_with_trigger.py
[2026-01-10 09:31:05,579] {processor.py:623} INFO - DAG(s) dict_keys(['latest_only_with_trigger']) retrieved from /home/airflow/.local/lib/python3.6/site-packages/airflow/example_dags/example_latest_only_with_trigger.py
[2026-01-10 09:31:05,616] {logging_mixin.py:109} INFO - [2026-01-10 09:31:05,616] {dag.py:1833} INFO - Sync 1 DAGs
[2026-01-10 09:31:05,646] {logging_mixin.py:109} INFO - [2026-01-10 09:31:05,646] {dag.py:2306} INFO - Setting next_dagrun for latest_only_with_trigger to 2026-01-08 00:00:00+00:00
[2026-01-10 09:31:05,664] {processor.py:170} INFO - Processing /home/airflow/.local/lib/python3.6/site-packages/airflow/example_dags/example_latest_only_with_trigger.py took 0.124 seconds
[2026-01-10 09:31:36,024] {processor.py:162} INFO - Started process (PID=539) to work on /home/airflow/.local/lib/python3.6/site-packages/airflow/example_dags/example_latest_only_with_trigger.py
[2026-01-10 09:31:36,025] {processor.py:613} INFO - Processing file /home/airflow/.local/lib/python3.6/site-packages/airflow/example_dags/example_latest_only_with_trigger.py for tasks to queue
[2026-01-10 09:31:36,026] {logging_mixin.py:109} INFO - [2026-01-10 09:31:36,026] {dagbag.py:496} INFO - Filling up the DagBag from /home/airflow/.local/lib/python3.6/site-packages/airflow/example_dags/example_latest_only_with_trigger.py
[2026-01-10 09:31:36,053] {processor.py:623} INFO - DAG(s) dict_keys(['latest_only_with_trigger']) retrieved from /home/airflow/.local/lib/python3.6/site-packages/airflow/example_dags/example_latest_only_with_trigger.py
[2026-01-10 09:31:36,088] {logging_mixin.py:109} INFO - [2026-01-10 09:31:36,088] {dag.py:1833} INFO - Sync 1 DAGs
[2026-01-10 09:31:36,131] {logging_mixin.py:109} INFO - [2026-01-10 09:31:36,131] {dag.py:2306} INFO - Setting next_dagrun for latest_only_with_trigger to 2026-01-08 00:00:00+00:00
[2026-01-10 09:31:36,156] {processor.py:170} INFO - Processing /home/airflow/.local/lib/python3.6/site-packages/airflow/example_dags/example_latest_only_with_trigger.py took 0.142 seconds
[2026-01-10 09:32:06,378] {processor.py:162} INFO - Started process (PID=590) to work on /home/airflow/.local/lib/python3.6/site-packages/airflow/example_dags/example_latest_only_with_trigger.py
[2026-01-10 09:32:06,380] {processor.py:613} INFO - Processing file /home/airflow/.local/lib/python3.6/site-packages/airflow/example_dags/example_latest_only_with_trigger.py for tasks to queue
[2026-01-10 09:32:06,381] {logging_mixin.py:109} INFO - [2026-01-10 09:32:06,381] {dagbag.py:496} INFO - Filling up the DagBag from /home/airflow/.local/lib/python3.6/site-packages/airflow/example_dags/example_latest_only_with_trigger.py
[2026-01-10 09:32:06,399] {processor.py:623} INFO - DAG(s) dict_keys(['latest_only_with_trigger']) retrieved from /home/airflow/.local/lib/python3.6/site-packages/airflow/example_dags/example_latest_only_with_trigger.py
[2026-01-10 09:32:06,434] {logging_mixin.py:109} INFO - [2026-01-10 09:32:06,434] {dag.py:1833} INFO - Sync 1 DAGs
[2026-01-10 09:32:06,463] {logging_mixin.py:109} INFO - [2026-01-10 09:32:06,463] {dag.py:2306} INFO - Setting next_dagrun for latest_only_with_trigger to 2026-01-08 00:00:00+00:00
[2026-01-10 09:32:06,482] {processor.py:170} INFO - Processing /home/airflow/.local/lib/python3.6/site-packages/airflow/example_dags/example_latest_only_with_trigger.py took 0.111 seconds
[2026-01-10 09:32:36,584] {processor.py:162} INFO - Started process (PID=641) to work on /home/airflow/.local/lib/python3.6/site-packages/airflow/example_dags/example_latest_only_with_trigger.py
[2026-01-10 09:32:36,586] {processor.py:613} INFO - Processing file /home/airflow/.local/lib/python3.6/site-packages/airflow/example_dags/example_latest_only_with_trigger.py for tasks to queue
[2026-01-10 09:32:36,587] {logging_mixin.py:109} INFO - [2026-01-10 09:32:36,587] {dagbag.py:496} INFO - Filling up the DagBag from /home/airflow/.local/lib/python3.6/site-packages/airflow/example_dags/example_latest_only_with_trigger.py
[2026-01-10 09:32:36,608] {processor.py:623} INFO - DAG(s) dict_keys(['latest_only_with_trigger']) retrieved from /home/airflow/.local/lib/python3.6/site-packages/airflow/example_dags/example_latest_only_with_trigger.py
[2026-01-10 09:32:36,644] {logging_mixin.py:109} INFO - [2026-01-10 09:32:36,644] {dag.py:1833} INFO - Sync 1 DAGs
[2026-01-10 09:32:36,669] {logging_mixin.py:109} INFO - [2026-01-10 09:32:36,669] {dag.py:2306} INFO - Setting next_dagrun for latest_only_with_trigger to 2026-01-08 00:00:00+00:00
[2026-01-10 09:32:36,688] {processor.py:170} INFO - Processing /home/airflow/.local/lib/python3.6/site-packages/airflow/example_dags/example_latest_only_with_trigger.py took 0.109 seconds
[2026-01-10 09:33:07,455] {processor.py:162} INFO - Started process (PID=692) to work on /home/airflow/.local/lib/python3.6/site-packages/airflow/example_dags/example_latest_only_with_trigger.py
[2026-01-10 09:33:07,457] {processor.py:613} INFO - Processing file /home/airflow/.local/lib/python3.6/site-packages/airflow/example_dags/example_latest_only_with_trigger.py for tasks to queue
[2026-01-10 09:33:07,462] {logging_mixin.py:109} INFO - [2026-01-10 09:33:07,460] {dagbag.py:496} INFO - Filling up the DagBag from /home/airflow/.local/lib/python3.6/site-packages/airflow/example_dags/example_latest_only_with_trigger.py
[2026-01-10 09:33:07,545] {processor.py:623} INFO - DAG(s) dict_keys(['latest_only_with_trigger']) retrieved from /home/airflow/.local/lib/python3.6/site-packages/airflow/example_dags/example_latest_only_with_trigger.py
[2026-01-10 09:33:07,622] {logging_mixin.py:109} INFO - [2026-01-10 09:33:07,621] {dag.py:1833} INFO - Sync 1 DAGs
[2026-01-10 09:33:07,653] {logging_mixin.py:109} INFO - [2026-01-10 09:33:07,653] {dag.py:2306} INFO - Setting next_dagrun for latest_only_with_trigger to 2026-01-08 00:00:00+00:00
[2026-01-10 09:33:07,698] {processor.py:170} INFO - Processing /home/airflow/.local/lib/python3.6/site-packages/airflow/example_dags/example_latest_only_with_trigger.py took 0.253 seconds
[2026-01-10 09:33:38,436] {processor.py:162} INFO - Started process (PID=742) to work on /home/airflow/.local/lib/python3.6/site-packages/airflow/example_dags/example_latest_only_with_trigger.py
[2026-01-10 09:33:38,437] {processor.py:613} INFO - Processing file /home/airflow/.local/lib/python3.6/site-packages/airflow/example_dags/example_latest_only_with_trigger.py for tasks to queue
[2026-01-10 09:33:38,438] {logging_mixin.py:109} INFO - [2026-01-10 09:33:38,438] {dagbag.py:496} INFO - Filling up the DagBag from /home/airflow/.local/lib/python3.6/site-packages/airflow/example_dags/example_latest_only_with_trigger.py
[2026-01-10 09:33:38,455] {processor.py:623} INFO - DAG(s) dict_keys(['latest_only_with_trigger']) retrieved from /home/airflow/.local/lib/python3.6/site-packages/airflow/example_dags/example_latest_only_with_trigger.py
[2026-01-10 09:33:38,498] {logging_mixin.py:109} INFO - [2026-01-10 09:33:38,498] {dag.py:1833} INFO - Sync 1 DAGs
[2026-01-10 09:33:38,532] {logging_mixin.py:109} INFO - [2026-01-10 09:33:38,532] {dag.py:2306} INFO - Setting next_dagrun for latest_only_with_trigger to 2026-01-08 00:00:00+00:00
[2026-01-10 09:33:38,550] {processor.py:170} INFO - Processing /home/airflow/.local/lib/python3.6/site-packages/airflow/example_dags/example_latest_only_with_trigger.py took 0.116 seconds
[2026-01-10 09:34:08,609] {processor.py:162} INFO - Started process (PID=793) to work on /home/airflow/.local/lib/python3.6/site-packages/airflow/example_dags/example_latest_only_with_trigger.py
[2026-01-10 09:34:08,614] {processor.py:613} INFO - Processing file /home/airflow/.local/lib/python3.6/site-packages/airflow/example_dags/example_latest_only_with_trigger.py for tasks to queue
[2026-01-10 09:34:08,616] {logging_mixin.py:109} INFO - [2026-01-10 09:34:08,616] {dagbag.py:496} INFO - Filling up the DagBag from /home/airflow/.local/lib/python3.6/site-packages/airflow/example_dags/example_latest_only_with_trigger.py
[2026-01-10 09:34:08,635] {processor.py:623} INFO - DAG(s) dict_keys(['latest_only_with_trigger']) retrieved from /home/airflow/.local/lib/python3.6/site-packages/airflow/example_dags/example_latest_only_with_trigger.py
[2026-01-10 09:34:08,670] {logging_mixin.py:109} INFO - [2026-01-10 09:34:08,670] {dag.py:1833} INFO - Sync 1 DAGs
[2026-01-10 09:34:08,698] {logging_mixin.py:109} INFO - [2026-01-10 09:34:08,698] {dag.py:2306} INFO - Setting next_dagrun for latest_only_with_trigger to 2026-01-08 00:00:00+00:00
[2026-01-10 09:34:08,712] {processor.py:170} INFO - Processing /home/airflow/.local/lib/python3.6/site-packages/airflow/example_dags/example_latest_only_with_trigger.py took 0.111 seconds
[2026-01-10 09:34:39,389] {processor.py:162} INFO - Started process (PID=854) to work on /home/airflow/.local/lib/python3.6/site-packages/airflow/example_dags/example_latest_only_with_trigger.py
[2026-01-10 09:34:39,391] {processor.py:613} INFO - Processing file /home/airflow/.local/lib/python3.6/site-packages/airflow/example_dags/example_latest_only_with_trigger.py for tasks to queue
[2026-01-10 09:34:39,395] {logging_mixin.py:109} INFO - [2026-01-10 09:34:39,392] {dagbag.py:496} INFO - Filling up the DagBag from /home/airflow/.local/lib/python3.6/site-packages/airflow/example_dags/example_latest_only_with_trigger.py
[2026-01-10 09:34:39,416] {processor.py:623} INFO - DAG(s) dict_keys(['latest_only_with_trigger']) retrieved from /home/airflow/.local/lib/python3.6/site-packages/airflow/example_dags/example_latest_only_with_trigger.py
[2026-01-10 09:34:39,451] {logging_mixin.py:109} INFO - [2026-01-10 09:34:39,451] {dag.py:1833} INFO - Sync 1 DAGs
[2026-01-10 09:34:39,490] {logging_mixin.py:109} INFO - [2026-01-10 09:34:39,490] {dag.py:2306} INFO - Setting next_dagrun for latest_only_with_trigger to 2026-01-08 00:00:00+00:00
[2026-01-10 09:34:39,568] {processor.py:170} INFO - Processing /home/airflow/.local/lib/python3.6/site-packages/airflow/example_dags/example_latest_only_with_trigger.py took 0.189 seconds
[2026-01-10 09:35:09,938] {processor.py:162} INFO - Started process (PID=905) to work on /home/airflow/.local/lib/python3.6/site-packages/airflow/example_dags/example_latest_only_with_trigger.py
[2026-01-10 09:35:09,940] {processor.py:613} INFO - Processing file /home/airflow/.local/lib/python3.6/site-packages/airflow/example_dags/example_latest_only_with_trigger.py for tasks to queue
[2026-01-10 09:35:09,943] {logging_mixin.py:109} INFO - [2026-01-10 09:35:09,942] {dagbag.py:496} INFO - Filling up the DagBag from /home/airflow/.local/lib/python3.6/site-packages/airflow/example_dags/example_latest_only_with_trigger.py
[2026-01-10 09:35:09,980] {processor.py:623} INFO - DAG(s) dict_keys(['latest_only_with_trigger']) retrieved from /home/airflow/.local/lib/python3.6/site-packages/airflow/example_dags/example_latest_only_with_trigger.py
[2026-01-10 09:35:10,020] {logging_mixin.py:109} INFO - [2026-01-10 09:35:10,020] {dag.py:1833} INFO - Sync 1 DAGs
[2026-01-10 09:35:10,043] {logging_mixin.py:109} INFO - [2026-01-10 09:35:10,043] {dag.py:2306} INFO - Setting next_dagrun for latest_only_with_trigger to 2026-01-08 00:00:00+00:00
[2026-01-10 09:35:10,056] {processor.py:170} INFO - Processing /home/airflow/.local/lib/python3.6/site-packages/airflow/example_dags/example_latest_only_with_trigger.py took 0.127 seconds
[2026-01-10 09:35:40,391] {processor.py:162} INFO - Started process (PID=956) to work on /home/airflow/.local/lib/python3.6/site-packages/airflow/example_dags/example_latest_only_with_trigger.py
[2026-01-10 09:35:40,393] {processor.py:613} INFO - Processing file /home/airflow/.local/lib/python3.6/site-packages/airflow/example_dags/example_latest_only_with_trigger.py for tasks to queue
[2026-01-10 09:35:40,394] {logging_mixin.py:109} INFO - [2026-01-10 09:35:40,394] {dagbag.py:496} INFO - Filling up the DagBag from /home/airflow/.local/lib/python3.6/site-packages/airflow/example_dags/example_latest_only_with_trigger.py
[2026-01-10 09:35:40,421] {processor.py:623} INFO - DAG(s) dict_keys(['latest_only_with_trigger']) retrieved from /home/airflow/.local/lib/python3.6/site-packages/airflow/example_dags/example_latest_only_with_trigger.py
[2026-01-10 09:35:40,485] {logging_mixin.py:109} INFO - [2026-01-10 09:35:40,485] {dag.py:1833} INFO - Sync 1 DAGs
[2026-01-10 09:35:40,519] {logging_mixin.py:109} INFO - [2026-01-10 09:35:40,519] {dag.py:2306} INFO - Setting next_dagrun for latest_only_with_trigger to 2026-01-08 00:00:00+00:00
[2026-01-10 09:35:40,540] {processor.py:170} INFO - Processing /home/airflow/.local/lib/python3.6/site-packages/airflow/example_dags/example_latest_only_with_trigger.py took 0.155 seconds
[2026-01-10 09:36:11,261] {processor.py:162} INFO - Started process (PID=1007) to work on /home/airflow/.local/lib/python3.6/site-packages/airflow/example_dags/example_latest_only_with_trigger.py
[2026-01-10 09:36:11,263] {processor.py:613} INFO - Processing file /home/airflow/.local/lib/python3.6/site-packages/airflow/example_dags/example_latest_only_with_trigger.py for tasks to queue
[2026-01-10 09:36:11,264] {logging_mixin.py:109} INFO - [2026-01-10 09:36:11,264] {dagbag.py:496} INFO - Filling up the DagBag from /home/airflow/.local/lib/python3.6/site-packages/airflow/example_dags/example_latest_only_with_trigger.py
[2026-01-10 09:36:11,466] {processor.py:623} INFO - DAG(s) dict_keys(['latest_only_with_trigger']) retrieved from /home/airflow/.local/lib/python3.6/site-packages/airflow/example_dags/example_latest_only_with_trigger.py
[2026-01-10 09:36:11,521] {logging_mixin.py:109} INFO - [2026-01-10 09:36:11,521] {dag.py:1833} INFO - Sync 1 DAGs
[2026-01-10 09:36:11,596] {logging_mixin.py:109} INFO - [2026-01-10 09:36:11,596] {dag.py:2306} INFO - Setting next_dagrun for latest_only_with_trigger to 2026-01-08 00:00:00+00:00
[2026-01-10 09:36:11,636] {processor.py:170} INFO - Processing /home/airflow/.local/lib/python3.6/site-packages/airflow/example_dags/example_latest_only_with_trigger.py took 0.395 seconds
[2026-01-10 09:36:41,874] {processor.py:162} INFO - Started process (PID=1054) to work on /home/airflow/.local/lib/python3.6/site-packages/airflow/example_dags/example_latest_only_with_trigger.py
[2026-01-10 09:36:41,880] {processor.py:613} INFO - Processing file /home/airflow/.local/lib/python3.6/site-packages/airflow/example_dags/example_latest_only_with_trigger.py for tasks to queue
[2026-01-10 09:36:41,881] {logging_mixin.py:109} INFO - [2026-01-10 09:36:41,881] {dagbag.py:496} INFO - Filling up the DagBag from /home/airflow/.local/lib/python3.6/site-packages/airflow/example_dags/example_latest_only_with_trigger.py
[2026-01-10 09:36:41,914] {processor.py:623} INFO - DAG(s) dict_keys(['latest_only_with_trigger']) retrieved from /home/airflow/.local/lib/python3.6/site-packages/airflow/example_dags/example_latest_only_with_trigger.py
[2026-01-10 09:36:41,999] {logging_mixin.py:109} INFO - [2026-01-10 09:36:41,999] {dag.py:1833} INFO - Sync 1 DAGs
[2026-01-10 09:36:42,095] {logging_mixin.py:109} INFO - [2026-01-10 09:36:42,094] {dag.py:2306} INFO - Setting next_dagrun for latest_only_with_trigger to 2026-01-08 00:00:00+00:00
[2026-01-10 09:36:42,177] {processor.py:170} INFO - Processing /home/airflow/.local/lib/python3.6/site-packages/airflow/example_dags/example_latest_only_with_trigger.py took 0.307 seconds
[2026-01-10 09:37:12,860] {processor.py:162} INFO - Started process (PID=1098) to work on /home/airflow/.local/lib/python3.6/site-packages/airflow/example_dags/example_latest_only_with_trigger.py
[2026-01-10 09:37:12,863] {processor.py:613} INFO - Processing file /home/airflow/.local/lib/python3.6/site-packages/airflow/example_dags/example_latest_only_with_trigger.py for tasks to queue
[2026-01-10 09:37:12,870] {logging_mixin.py:109} INFO - [2026-01-10 09:37:12,870] {dagbag.py:496} INFO - Filling up the DagBag from /home/airflow/.local/lib/python3.6/site-packages/airflow/example_dags/example_latest_only_with_trigger.py
[2026-01-10 09:37:12,941] {processor.py:623} INFO - DAG(s) dict_keys(['latest_only_with_trigger']) retrieved from /home/airflow/.local/lib/python3.6/site-packages/airflow/example_dags/example_latest_only_with_trigger.py
[2026-01-10 09:37:13,083] {logging_mixin.py:109} INFO - [2026-01-10 09:37:13,083] {dag.py:1833} INFO - Sync 1 DAGs
[2026-01-10 09:37:13,137] {logging_mixin.py:109} INFO - [2026-01-10 09:37:13,137] {dag.py:2306} INFO - Setting next_dagrun for latest_only_with_trigger to 2026-01-08 00:00:00+00:00
[2026-01-10 09:37:13,160] {processor.py:170} INFO - Processing /home/airflow/.local/lib/python3.6/site-packages/airflow/example_dags/example_latest_only_with_trigger.py took 0.321 seconds
[2026-01-10 09:37:43,252] {processor.py:162} INFO - Started process (PID=1147) to work on /home/airflow/.local/lib/python3.6/site-packages/airflow/example_dags/example_latest_only_with_trigger.py
[2026-01-10 09:37:43,256] {processor.py:613} INFO - Processing file /home/airflow/.local/lib/python3.6/site-packages/airflow/example_dags/example_latest_only_with_trigger.py for tasks to queue
[2026-01-10 09:37:43,257] {logging_mixin.py:109} INFO - [2026-01-10 09:37:43,257] {dagbag.py:496} INFO - Filling up the DagBag from /home/airflow/.local/lib/python3.6/site-packages/airflow/example_dags/example_latest_only_with_trigger.py
[2026-01-10 09:37:43,312] {processor.py:623} INFO - DAG(s) dict_keys(['latest_only_with_trigger']) retrieved from /home/airflow/.local/lib/python3.6/site-packages/airflow/example_dags/example_latest_only_with_trigger.py
[2026-01-10 09:37:43,370] {logging_mixin.py:109} INFO - [2026-01-10 09:37:43,370] {dag.py:1833} INFO - Sync 1 DAGs
[2026-01-10 09:37:43,394] {logging_mixin.py:109} INFO - [2026-01-10 09:37:43,393] {dag.py:2306} INFO - Setting next_dagrun for latest_only_with_trigger to 2026-01-08 00:00:00+00:00
[2026-01-10 09:37:43,409] {processor.py:170} INFO - Processing /home/airflow/.local/lib/python3.6/site-packages/airflow/example_dags/example_latest_only_with_trigger.py took 0.164 seconds
[2026-01-10 09:38:13,723] {processor.py:162} INFO - Started process (PID=1199) to work on /home/airflow/.local/lib/python3.6/site-packages/airflow/example_dags/example_latest_only_with_trigger.py
[2026-01-10 09:38:13,725] {processor.py:613} INFO - Processing file /home/airflow/.local/lib/python3.6/site-packages/airflow/example_dags/example_latest_only_with_trigger.py for tasks to queue
[2026-01-10 09:38:13,726] {logging_mixin.py:109} INFO - [2026-01-10 09:38:13,726] {dagbag.py:496} INFO - Filling up the DagBag from /home/airflow/.local/lib/python3.6/site-packages/airflow/example_dags/example_latest_only_with_trigger.py
[2026-01-10 09:38:13,748] {processor.py:623} INFO - DAG(s) dict_keys(['latest_only_with_trigger']) retrieved from /home/airflow/.local/lib/python3.6/site-packages/airflow/example_dags/example_latest_only_with_trigger.py
[2026-01-10 09:38:13,788] {logging_mixin.py:109} INFO - [2026-01-10 09:38:13,788] {dag.py:1833} INFO - Sync 1 DAGs
[2026-01-10 09:38:13,828] {logging_mixin.py:109} INFO - [2026-01-10 09:38:13,828] {dag.py:2306} INFO - Setting next_dagrun for latest_only_with_trigger to 2026-01-08 00:00:00+00:00
[2026-01-10 09:38:13,843] {processor.py:170} INFO - Processing /home/airflow/.local/lib/python3.6/site-packages/airflow/example_dags/example_latest_only_with_trigger.py took 0.125 seconds
[2026-01-10 09:38:44,167] {processor.py:162} INFO - Started process (PID=1249) to work on /home/airflow/.local/lib/python3.6/site-packages/airflow/example_dags/example_latest_only_with_trigger.py
[2026-01-10 09:38:44,168] {processor.py:613} INFO - Processing file /home/airflow/.local/lib/python3.6/site-packages/airflow/example_dags/example_latest_only_with_trigger.py for tasks to queue
[2026-01-10 09:38:44,169] {logging_mixin.py:109} INFO - [2026-01-10 09:38:44,169] {dagbag.py:496} INFO - Filling up the DagBag from /home/airflow/.local/lib/python3.6/site-packages/airflow/example_dags/example_latest_only_with_trigger.py
[2026-01-10 09:38:44,189] {processor.py:623} INFO - DAG(s) dict_keys(['latest_only_with_trigger']) retrieved from /home/airflow/.local/lib/python3.6/site-packages/airflow/example_dags/example_latest_only_with_trigger.py
[2026-01-10 09:38:44,224] {logging_mixin.py:109} INFO - [2026-01-10 09:38:44,223] {dag.py:1833} INFO - Sync 1 DAGs
[2026-01-10 09:38:44,263] {logging_mixin.py:109} INFO - [2026-01-10 09:38:44,263] {dag.py:2306} INFO - Setting next_dagrun for latest_only_with_trigger to 2026-01-08 00:00:00+00:00
[2026-01-10 09:38:44,279] {processor.py:170} INFO - Processing /home/airflow/.local/lib/python3.6/site-packages/airflow/example_dags/example_latest_only_with_trigger.py took 0.117 seconds
[2026-01-10 09:39:14,336] {processor.py:162} INFO - Started process (PID=1299) to work on /home/airflow/.local/lib/python3.6/site-packages/airflow/example_dags/example_latest_only_with_trigger.py
[2026-01-10 09:39:14,338] {processor.py:613} INFO - Processing file /home/airflow/.local/lib/python3.6/site-packages/airflow/example_dags/example_latest_only_with_trigger.py for tasks to queue
[2026-01-10 09:39:14,338] {logging_mixin.py:109} INFO - [2026-01-10 09:39:14,338] {dagbag.py:496} INFO - Filling up the DagBag from /home/airflow/.local/lib/python3.6/site-packages/airflow/example_dags/example_latest_only_with_trigger.py
[2026-01-10 09:39:14,365] {processor.py:623} INFO - DAG(s) dict_keys(['latest_only_with_trigger']) retrieved from /home/airflow/.local/lib/python3.6/site-packages/airflow/example_dags/example_latest_only_with_trigger.py
[2026-01-10 09:39:14,397] {logging_mixin.py:109} INFO - [2026-01-10 09:39:14,397] {dag.py:1833} INFO - Sync 1 DAGs
[2026-01-10 09:39:14,423] {logging_mixin.py:109} INFO - [2026-01-10 09:39:14,423] {dag.py:2306} INFO - Setting next_dagrun for latest_only_with_trigger to 2026-01-08 00:00:00+00:00
[2026-01-10 09:39:14,436] {processor.py:170} INFO - Processing /home/airflow/.local/lib/python3.6/site-packages/airflow/example_dags/example_latest_only_with_trigger.py took 0.104 seconds
[2026-01-10 09:39:45,426] {processor.py:162} INFO - Started process (PID=1356) to work on /home/airflow/.local/lib/python3.6/site-packages/airflow/example_dags/example_latest_only_with_trigger.py
[2026-01-10 09:39:45,431] {processor.py:613} INFO - Processing file /home/airflow/.local/lib/python3.6/site-packages/airflow/example_dags/example_latest_only_with_trigger.py for tasks to queue
[2026-01-10 09:39:45,432] {logging_mixin.py:109} INFO - [2026-01-10 09:39:45,432] {dagbag.py:496} INFO - Filling up the DagBag from /home/airflow/.local/lib/python3.6/site-packages/airflow/example_dags/example_latest_only_with_trigger.py
[2026-01-10 09:39:45,471] {processor.py:623} INFO - DAG(s) dict_keys(['latest_only_with_trigger']) retrieved from /home/airflow/.local/lib/python3.6/site-packages/airflow/example_dags/example_latest_only_with_trigger.py
[2026-01-10 09:39:45,569] {logging_mixin.py:109} INFO - [2026-01-10 09:39:45,569] {dag.py:1833} INFO - Sync 1 DAGs
[2026-01-10 09:39:45,681] {logging_mixin.py:109} INFO - [2026-01-10 09:39:45,681] {dag.py:2306} INFO - Setting next_dagrun for latest_only_with_trigger to 2026-01-08 00:00:00+00:00
[2026-01-10 09:39:45,759] {processor.py:170} INFO - Processing /home/airflow/.local/lib/python3.6/site-packages/airflow/example_dags/example_latest_only_with_trigger.py took 0.367 seconds
[2026-01-10 09:40:16,671] {processor.py:162} INFO - Started process (PID=1409) to work on /home/airflow/.local/lib/python3.6/site-packages/airflow/example_dags/example_latest_only_with_trigger.py
[2026-01-10 09:40:16,673] {processor.py:613} INFO - Processing file /home/airflow/.local/lib/python3.6/site-packages/airflow/example_dags/example_latest_only_with_trigger.py for tasks to queue
[2026-01-10 09:40:16,674] {logging_mixin.py:109} INFO - [2026-01-10 09:40:16,673] {dagbag.py:496} INFO - Filling up the DagBag from /home/airflow/.local/lib/python3.6/site-packages/airflow/example_dags/example_latest_only_with_trigger.py
[2026-01-10 09:40:16,694] {processor.py:623} INFO - DAG(s) dict_keys(['latest_only_with_trigger']) retrieved from /home/airflow/.local/lib/python3.6/site-packages/airflow/example_dags/example_latest_only_with_trigger.py
[2026-01-10 09:40:16,724] {logging_mixin.py:109} INFO - [2026-01-10 09:40:16,724] {dag.py:1833} INFO - Sync 1 DAGs
[2026-01-10 09:40:16,747] {logging_mixin.py:109} INFO - [2026-01-10 09:40:16,747] {dag.py:2306} INFO - Setting next_dagrun for latest_only_with_trigger to 2026-01-08 00:00:00+00:00
[2026-01-10 09:40:16,761] {processor.py:170} INFO - Processing /home/airflow/.local/lib/python3.6/site-packages/airflow/example_dags/example_latest_only_with_trigger.py took 0.095 seconds
[2026-01-10 09:40:46,957] {processor.py:162} INFO - Started process (PID=1460) to work on /home/airflow/.local/lib/python3.6/site-packages/airflow/example_dags/example_latest_only_with_trigger.py
[2026-01-10 09:40:46,958] {processor.py:613} INFO - Processing file /home/airflow/.local/lib/python3.6/site-packages/airflow/example_dags/example_latest_only_with_trigger.py for tasks to queue
[2026-01-10 09:40:46,959] {logging_mixin.py:109} INFO - [2026-01-10 09:40:46,959] {dagbag.py:496} INFO - Filling up the DagBag from /home/airflow/.local/lib/python3.6/site-packages/airflow/example_dags/example_latest_only_with_trigger.py
[2026-01-10 09:40:46,984] {processor.py:623} INFO - DAG(s) dict_keys(['latest_only_with_trigger']) retrieved from /home/airflow/.local/lib/python3.6/site-packages/airflow/example_dags/example_latest_only_with_trigger.py
[2026-01-10 09:40:47,022] {logging_mixin.py:109} INFO - [2026-01-10 09:40:47,022] {dag.py:1833} INFO - Sync 1 DAGs
[2026-01-10 09:40:47,047] {logging_mixin.py:109} INFO - [2026-01-10 09:40:47,047] {dag.py:2306} INFO - Setting next_dagrun for latest_only_with_trigger to 2026-01-08 00:00:00+00:00
[2026-01-10 09:40:47,062] {processor.py:170} INFO - Processing /home/airflow/.local/lib/python3.6/site-packages/airflow/example_dags/example_latest_only_with_trigger.py took 0.113 seconds
[2026-01-10 09:41:17,522] {processor.py:162} INFO - Started process (PID=1511) to work on /home/airflow/.local/lib/python3.6/site-packages/airflow/example_dags/example_latest_only_with_trigger.py
[2026-01-10 09:41:17,524] {processor.py:613} INFO - Processing file /home/airflow/.local/lib/python3.6/site-packages/airflow/example_dags/example_latest_only_with_trigger.py for tasks to queue
[2026-01-10 09:41:17,525] {logging_mixin.py:109} INFO - [2026-01-10 09:41:17,525] {dagbag.py:496} INFO - Filling up the DagBag from /home/airflow/.local/lib/python3.6/site-packages/airflow/example_dags/example_latest_only_with_trigger.py
[2026-01-10 09:41:17,550] {processor.py:623} INFO - DAG(s) dict_keys(['latest_only_with_trigger']) retrieved from /home/airflow/.local/lib/python3.6/site-packages/airflow/example_dags/example_latest_only_with_trigger.py
[2026-01-10 09:41:17,580] {logging_mixin.py:109} INFO - [2026-01-10 09:41:17,580] {dag.py:1833} INFO - Sync 1 DAGs
[2026-01-10 09:41:17,603] {logging_mixin.py:109} INFO - [2026-01-10 09:41:17,603] {dag.py:2306} INFO - Setting next_dagrun for latest_only_with_trigger to 2026-01-08 00:00:00+00:00
[2026-01-10 09:41:17,617] {processor.py:170} INFO - Processing /home/airflow/.local/lib/python3.6/site-packages/airflow/example_dags/example_latest_only_with_trigger.py took 0.100 seconds
[2026-01-10 09:41:47,655] {processor.py:162} INFO - Started process (PID=1561) to work on /home/airflow/.local/lib/python3.6/site-packages/airflow/example_dags/example_latest_only_with_trigger.py
[2026-01-10 09:41:47,657] {processor.py:613} INFO - Processing file /home/airflow/.local/lib/python3.6/site-packages/airflow/example_dags/example_latest_only_with_trigger.py for tasks to queue
[2026-01-10 09:41:47,658] {logging_mixin.py:109} INFO - [2026-01-10 09:41:47,658] {dagbag.py:496} INFO - Filling up the DagBag from /home/airflow/.local/lib/python3.6/site-packages/airflow/example_dags/example_latest_only_with_trigger.py
[2026-01-10 09:41:47,680] {processor.py:623} INFO - DAG(s) dict_keys(['latest_only_with_trigger']) retrieved from /home/airflow/.local/lib/python3.6/site-packages/airflow/example_dags/example_latest_only_with_trigger.py
[2026-01-10 09:41:47,718] {logging_mixin.py:109} INFO - [2026-01-10 09:41:47,717] {dag.py:1833} INFO - Sync 1 DAGs
[2026-01-10 09:41:47,747] {logging_mixin.py:109} INFO - [2026-01-10 09:41:47,747] {dag.py:2306} INFO - Setting next_dagrun for latest_only_with_trigger to 2026-01-08 00:00:00+00:00
[2026-01-10 09:41:47,764] {processor.py:170} INFO - Processing /home/airflow/.local/lib/python3.6/site-packages/airflow/example_dags/example_latest_only_with_trigger.py took 0.114 seconds
[2026-01-10 09:42:17,973] {processor.py:162} INFO - Started process (PID=1612) to work on /home/airflow/.local/lib/python3.6/site-packages/airflow/example_dags/example_latest_only_with_trigger.py
[2026-01-10 09:42:17,975] {processor.py:613} INFO - Processing file /home/airflow/.local/lib/python3.6/site-packages/airflow/example_dags/example_latest_only_with_trigger.py for tasks to queue
[2026-01-10 09:42:17,976] {logging_mixin.py:109} INFO - [2026-01-10 09:42:17,975] {dagbag.py:496} INFO - Filling up the DagBag from /home/airflow/.local/lib/python3.6/site-packages/airflow/example_dags/example_latest_only_with_trigger.py
[2026-01-10 09:42:17,999] {processor.py:623} INFO - DAG(s) dict_keys(['latest_only_with_trigger']) retrieved from /home/airflow/.local/lib/python3.6/site-packages/airflow/example_dags/example_latest_only_with_trigger.py
[2026-01-10 09:42:18,030] {logging_mixin.py:109} INFO - [2026-01-10 09:42:18,029] {dag.py:1833} INFO - Sync 1 DAGs
[2026-01-10 09:42:18,054] {logging_mixin.py:109} INFO - [2026-01-10 09:42:18,054] {dag.py:2306} INFO - Setting next_dagrun for latest_only_with_trigger to 2026-01-08 00:00:00+00:00
[2026-01-10 09:42:18,066] {processor.py:170} INFO - Processing /home/airflow/.local/lib/python3.6/site-packages/airflow/example_dags/example_latest_only_with_trigger.py took 0.098 seconds
[2026-01-10 09:42:48,467] {processor.py:162} INFO - Started process (PID=1663) to work on /home/airflow/.local/lib/python3.6/site-packages/airflow/example_dags/example_latest_only_with_trigger.py
[2026-01-10 09:42:48,468] {processor.py:613} INFO - Processing file /home/airflow/.local/lib/python3.6/site-packages/airflow/example_dags/example_latest_only_with_trigger.py for tasks to queue
[2026-01-10 09:42:48,469] {logging_mixin.py:109} INFO - [2026-01-10 09:42:48,469] {dagbag.py:496} INFO - Filling up the DagBag from /home/airflow/.local/lib/python3.6/site-packages/airflow/example_dags/example_latest_only_with_trigger.py
[2026-01-10 09:42:48,494] {processor.py:623} INFO - DAG(s) dict_keys(['latest_only_with_trigger']) retrieved from /home/airflow/.local/lib/python3.6/site-packages/airflow/example_dags/example_latest_only_with_trigger.py
[2026-01-10 09:42:48,530] {logging_mixin.py:109} INFO - [2026-01-10 09:42:48,530] {dag.py:1833} INFO - Sync 1 DAGs
[2026-01-10 09:42:48,562] {logging_mixin.py:109} INFO - [2026-01-10 09:42:48,562] {dag.py:2306} INFO - Setting next_dagrun for latest_only_with_trigger to 2026-01-08 00:00:00+00:00
[2026-01-10 09:42:48,581] {processor.py:170} INFO - Processing /home/airflow/.local/lib/python3.6/site-packages/airflow/example_dags/example_latest_only_with_trigger.py took 0.120 seconds
[2026-01-10 09:43:19,289] {processor.py:162} INFO - Started process (PID=1724) to work on /home/airflow/.local/lib/python3.6/site-packages/airflow/example_dags/example_latest_only_with_trigger.py
[2026-01-10 09:43:19,291] {processor.py:613} INFO - Processing file /home/airflow/.local/lib/python3.6/site-packages/airflow/example_dags/example_latest_only_with_trigger.py for tasks to queue
[2026-01-10 09:43:19,295] {logging_mixin.py:109} INFO - [2026-01-10 09:43:19,291] {dagbag.py:496} INFO - Filling up the DagBag from /home/airflow/.local/lib/python3.6/site-packages/airflow/example_dags/example_latest_only_with_trigger.py
[2026-01-10 09:43:19,328] {processor.py:623} INFO - DAG(s) dict_keys(['latest_only_with_trigger']) retrieved from /home/airflow/.local/lib/python3.6/site-packages/airflow/example_dags/example_latest_only_with_trigger.py
[2026-01-10 09:43:19,357] {logging_mixin.py:109} INFO - [2026-01-10 09:43:19,357] {dag.py:1833} INFO - Sync 1 DAGs
[2026-01-10 09:43:19,381] {logging_mixin.py:109} INFO - [2026-01-10 09:43:19,381] {dag.py:2306} INFO - Setting next_dagrun for latest_only_with_trigger to 2026-01-08 00:00:00+00:00
[2026-01-10 09:43:19,393] {processor.py:170} INFO - Processing /home/airflow/.local/lib/python3.6/site-packages/airflow/example_dags/example_latest_only_with_trigger.py took 0.120 seconds
[2026-01-10 09:43:49,667] {processor.py:162} INFO - Started process (PID=1775) to work on /home/airflow/.local/lib/python3.6/site-packages/airflow/example_dags/example_latest_only_with_trigger.py
[2026-01-10 09:43:49,668] {processor.py:613} INFO - Processing file /home/airflow/.local/lib/python3.6/site-packages/airflow/example_dags/example_latest_only_with_trigger.py for tasks to queue
[2026-01-10 09:43:49,669] {logging_mixin.py:109} INFO - [2026-01-10 09:43:49,669] {dagbag.py:496} INFO - Filling up the DagBag from /home/airflow/.local/lib/python3.6/site-packages/airflow/example_dags/example_latest_only_with_trigger.py
[2026-01-10 09:43:49,683] {processor.py:623} INFO - DAG(s) dict_keys(['latest_only_with_trigger']) retrieved from /home/airflow/.local/lib/python3.6/site-packages/airflow/example_dags/example_latest_only_with_trigger.py
[2026-01-10 09:43:49,706] {logging_mixin.py:109} INFO - [2026-01-10 09:43:49,706] {dag.py:1833} INFO - Sync 1 DAGs
[2026-01-10 09:43:49,729] {logging_mixin.py:109} INFO - [2026-01-10 09:43:49,729] {dag.py:2306} INFO - Setting next_dagrun for latest_only_with_trigger to 2026-01-08 00:00:00+00:00
[2026-01-10 09:43:49,742] {processor.py:170} INFO - Processing /home/airflow/.local/lib/python3.6/site-packages/airflow/example_dags/example_latest_only_with_trigger.py took 0.080 seconds
[2026-01-10 09:44:21,542] {processor.py:162} INFO - Started process (PID=1826) to work on /home/airflow/.local/lib/python3.6/site-packages/airflow/example_dags/example_latest_only_with_trigger.py
[2026-01-10 09:44:21,549] {processor.py:613} INFO - Processing file /home/airflow/.local/lib/python3.6/site-packages/airflow/example_dags/example_latest_only_with_trigger.py for tasks to queue
[2026-01-10 09:44:21,550] {logging_mixin.py:109} INFO - [2026-01-10 09:44:21,550] {dagbag.py:496} INFO - Filling up the DagBag from /home/airflow/.local/lib/python3.6/site-packages/airflow/example_dags/example_latest_only_with_trigger.py
[2026-01-10 09:44:21,578] {processor.py:623} INFO - DAG(s) dict_keys(['latest_only_with_trigger']) retrieved from /home/airflow/.local/lib/python3.6/site-packages/airflow/example_dags/example_latest_only_with_trigger.py
[2026-01-10 09:44:21,625] {logging_mixin.py:109} INFO - [2026-01-10 09:44:21,624] {dag.py:1833} INFO - Sync 1 DAGs
[2026-01-10 09:44:21,661] {logging_mixin.py:109} INFO - [2026-01-10 09:44:21,661] {dag.py:2306} INFO - Setting next_dagrun for latest_only_with_trigger to 2026-01-08 00:00:00+00:00
[2026-01-10 09:44:21,684] {processor.py:170} INFO - Processing /home/airflow/.local/lib/python3.6/site-packages/airflow/example_dags/example_latest_only_with_trigger.py took 0.146 seconds
[2026-01-10 09:44:51,967] {processor.py:162} INFO - Started process (PID=1877) to work on /home/airflow/.local/lib/python3.6/site-packages/airflow/example_dags/example_latest_only_with_trigger.py
[2026-01-10 09:44:51,969] {processor.py:613} INFO - Processing file /home/airflow/.local/lib/python3.6/site-packages/airflow/example_dags/example_latest_only_with_trigger.py for tasks to queue
[2026-01-10 09:44:51,969] {logging_mixin.py:109} INFO - [2026-01-10 09:44:51,969] {dagbag.py:496} INFO - Filling up the DagBag from /home/airflow/.local/lib/python3.6/site-packages/airflow/example_dags/example_latest_only_with_trigger.py
[2026-01-10 09:44:51,989] {processor.py:623} INFO - DAG(s) dict_keys(['latest_only_with_trigger']) retrieved from /home/airflow/.local/lib/python3.6/site-packages/airflow/example_dags/example_latest_only_with_trigger.py
[2026-01-10 09:44:52,023] {logging_mixin.py:109} INFO - [2026-01-10 09:44:52,023] {dag.py:1833} INFO - Sync 1 DAGs
[2026-01-10 09:44:52,049] {logging_mixin.py:109} INFO - [2026-01-10 09:44:52,049] {dag.py:2306} INFO - Setting next_dagrun for latest_only_with_trigger to 2026-01-08 00:00:00+00:00
[2026-01-10 09:44:52,063] {processor.py:170} INFO - Processing /home/airflow/.local/lib/python3.6/site-packages/airflow/example_dags/example_latest_only_with_trigger.py took 0.100 seconds
[2026-01-10 09:45:22,140] {processor.py:162} INFO - Started process (PID=1928) to work on /home/airflow/.local/lib/python3.6/site-packages/airflow/example_dags/example_latest_only_with_trigger.py
[2026-01-10 09:45:22,141] {processor.py:613} INFO - Processing file /home/airflow/.local/lib/python3.6/site-packages/airflow/example_dags/example_latest_only_with_trigger.py for tasks to queue
[2026-01-10 09:45:22,142] {logging_mixin.py:109} INFO - [2026-01-10 09:45:22,142] {dagbag.py:496} INFO - Filling up the DagBag from /home/airflow/.local/lib/python3.6/site-packages/airflow/example_dags/example_latest_only_with_trigger.py
[2026-01-10 09:45:22,159] {processor.py:623} INFO - DAG(s) dict_keys(['latest_only_with_trigger']) retrieved from /home/airflow/.local/lib/python3.6/site-packages/airflow/example_dags/example_latest_only_with_trigger.py
[2026-01-10 09:45:22,189] {logging_mixin.py:109} INFO - [2026-01-10 09:45:22,189] {dag.py:1833} INFO - Sync 1 DAGs
[2026-01-10 09:45:22,209] {logging_mixin.py:109} INFO - [2026-01-10 09:45:22,209] {dag.py:2306} INFO - Setting next_dagrun for latest_only_with_trigger to 2026-01-08 00:00:00+00:00
[2026-01-10 09:45:22,220] {processor.py:170} INFO - Processing /home/airflow/.local/lib/python3.6/site-packages/airflow/example_dags/example_latest_only_with_trigger.py took 0.086 seconds
[2026-01-10 09:45:52,441] {processor.py:162} INFO - Started process (PID=1978) to work on /home/airflow/.local/lib/python3.6/site-packages/airflow/example_dags/example_latest_only_with_trigger.py
[2026-01-10 09:45:52,442] {processor.py:613} INFO - Processing file /home/airflow/.local/lib/python3.6/site-packages/airflow/example_dags/example_latest_only_with_trigger.py for tasks to queue
[2026-01-10 09:45:52,443] {logging_mixin.py:109} INFO - [2026-01-10 09:45:52,443] {dagbag.py:496} INFO - Filling up the DagBag from /home/airflow/.local/lib/python3.6/site-packages/airflow/example_dags/example_latest_only_with_trigger.py
[2026-01-10 09:45:52,460] {processor.py:623} INFO - DAG(s) dict_keys(['latest_only_with_trigger']) retrieved from /home/airflow/.local/lib/python3.6/site-packages/airflow/example_dags/example_latest_only_with_trigger.py
[2026-01-10 09:45:52,499] {logging_mixin.py:109} INFO - [2026-01-10 09:45:52,498] {dag.py:1833} INFO - Sync 1 DAGs
[2026-01-10 09:45:52,521] {logging_mixin.py:109} INFO - [2026-01-10 09:45:52,521] {dag.py:2306} INFO - Setting next_dagrun for latest_only_with_trigger to 2026-01-08 00:00:00+00:00
[2026-01-10 09:45:52,533] {processor.py:170} INFO - Processing /home/airflow/.local/lib/python3.6/site-packages/airflow/example_dags/example_latest_only_with_trigger.py took 0.097 seconds
[2026-01-10 09:46:22,766] {processor.py:162} INFO - Started process (PID=2029) to work on /home/airflow/.local/lib/python3.6/site-packages/airflow/example_dags/example_latest_only_with_trigger.py
[2026-01-10 09:46:22,768] {processor.py:613} INFO - Processing file /home/airflow/.local/lib/python3.6/site-packages/airflow/example_dags/example_latest_only_with_trigger.py for tasks to queue
[2026-01-10 09:46:22,769] {logging_mixin.py:109} INFO - [2026-01-10 09:46:22,768] {dagbag.py:496} INFO - Filling up the DagBag from /home/airflow/.local/lib/python3.6/site-packages/airflow/example_dags/example_latest_only_with_trigger.py
[2026-01-10 09:46:22,787] {processor.py:623} INFO - DAG(s) dict_keys(['latest_only_with_trigger']) retrieved from /home/airflow/.local/lib/python3.6/site-packages/airflow/example_dags/example_latest_only_with_trigger.py
[2026-01-10 09:46:22,811] {logging_mixin.py:109} INFO - [2026-01-10 09:46:22,811] {dag.py:1833} INFO - Sync 1 DAGs
[2026-01-10 09:46:22,830] {logging_mixin.py:109} INFO - [2026-01-10 09:46:22,830] {dag.py:2306} INFO - Setting next_dagrun for latest_only_with_trigger to 2026-01-08 00:00:00+00:00
[2026-01-10 09:46:22,842] {processor.py:170} INFO - Processing /home/airflow/.local/lib/python3.6/site-packages/airflow/example_dags/example_latest_only_with_trigger.py took 0.081 seconds
[2026-01-10 09:46:53,300] {processor.py:162} INFO - Started process (PID=2079) to work on /home/airflow/.local/lib/python3.6/site-packages/airflow/example_dags/example_latest_only_with_trigger.py
[2026-01-10 09:46:53,302] {processor.py:613} INFO - Processing file /home/airflow/.local/lib/python3.6/site-packages/airflow/example_dags/example_latest_only_with_trigger.py for tasks to queue
[2026-01-10 09:46:53,304] {logging_mixin.py:109} INFO - [2026-01-10 09:46:53,302] {dagbag.py:496} INFO - Filling up the DagBag from /home/airflow/.local/lib/python3.6/site-packages/airflow/example_dags/example_latest_only_with_trigger.py
[2026-01-10 09:46:53,320] {processor.py:623} INFO - DAG(s) dict_keys(['latest_only_with_trigger']) retrieved from /home/airflow/.local/lib/python3.6/site-packages/airflow/example_dags/example_latest_only_with_trigger.py
[2026-01-10 09:46:53,351] {logging_mixin.py:109} INFO - [2026-01-10 09:46:53,351] {dag.py:1833} INFO - Sync 1 DAGs
[2026-01-10 09:46:53,371] {logging_mixin.py:109} INFO - [2026-01-10 09:46:53,371] {dag.py:2306} INFO - Setting next_dagrun for latest_only_with_trigger to 2026-01-08 00:00:00+00:00
[2026-01-10 09:46:53,385] {processor.py:170} INFO - Processing /home/airflow/.local/lib/python3.6/site-packages/airflow/example_dags/example_latest_only_with_trigger.py took 0.090 seconds
[2026-01-10 09:47:31,182] {processor.py:162} INFO - Started process (PID=2127) to work on /home/airflow/.local/lib/python3.6/site-packages/airflow/example_dags/example_latest_only_with_trigger.py
[2026-01-10 09:47:31,191] {processor.py:613} INFO - Processing file /home/airflow/.local/lib/python3.6/site-packages/airflow/example_dags/example_latest_only_with_trigger.py for tasks to queue
[2026-01-10 09:47:31,192] {logging_mixin.py:109} INFO - [2026-01-10 09:47:31,191] {dagbag.py:496} INFO - Filling up the DagBag from /home/airflow/.local/lib/python3.6/site-packages/airflow/example_dags/example_latest_only_with_trigger.py
[2026-01-10 09:47:31,235] {processor.py:623} INFO - DAG(s) dict_keys(['latest_only_with_trigger']) retrieved from /home/airflow/.local/lib/python3.6/site-packages/airflow/example_dags/example_latest_only_with_trigger.py
[2026-01-10 09:47:31,278] {logging_mixin.py:109} INFO - [2026-01-10 09:47:31,278] {dag.py:1833} INFO - Sync 1 DAGs
[2026-01-10 09:47:31,341] {logging_mixin.py:109} INFO - [2026-01-10 09:47:31,341] {dag.py:2306} INFO - Setting next_dagrun for latest_only_with_trigger to 2026-01-08 00:00:00+00:00
[2026-01-10 09:47:31,393] {processor.py:170} INFO - Processing /home/airflow/.local/lib/python3.6/site-packages/airflow/example_dags/example_latest_only_with_trigger.py took 0.224 seconds
[2026-01-10 09:48:03,206] {processor.py:162} INFO - Started process (PID=2168) to work on /home/airflow/.local/lib/python3.6/site-packages/airflow/example_dags/example_latest_only_with_trigger.py
[2026-01-10 09:48:03,209] {processor.py:613} INFO - Processing file /home/airflow/.local/lib/python3.6/site-packages/airflow/example_dags/example_latest_only_with_trigger.py for tasks to queue
[2026-01-10 09:48:03,210] {logging_mixin.py:109} INFO - [2026-01-10 09:48:03,210] {dagbag.py:496} INFO - Filling up the DagBag from /home/airflow/.local/lib/python3.6/site-packages/airflow/example_dags/example_latest_only_with_trigger.py
[2026-01-10 09:48:03,251] {processor.py:623} INFO - DAG(s) dict_keys(['latest_only_with_trigger']) retrieved from /home/airflow/.local/lib/python3.6/site-packages/airflow/example_dags/example_latest_only_with_trigger.py
[2026-01-10 09:48:03,437] {logging_mixin.py:109} INFO - [2026-01-10 09:48:03,437] {dag.py:1833} INFO - Sync 1 DAGs
[2026-01-10 09:48:03,633] {logging_mixin.py:109} INFO - [2026-01-10 09:48:03,633] {dag.py:2306} INFO - Setting next_dagrun for latest_only_with_trigger to 2026-01-08 00:00:00+00:00
[2026-01-10 09:48:03,750] {processor.py:170} INFO - Processing /home/airflow/.local/lib/python3.6/site-packages/airflow/example_dags/example_latest_only_with_trigger.py took 0.558 seconds
[2026-01-10 09:48:34,579] {processor.py:162} INFO - Started process (PID=2209) to work on /home/airflow/.local/lib/python3.6/site-packages/airflow/example_dags/example_latest_only_with_trigger.py
[2026-01-10 09:48:34,584] {processor.py:613} INFO - Processing file /home/airflow/.local/lib/python3.6/site-packages/airflow/example_dags/example_latest_only_with_trigger.py for tasks to queue
[2026-01-10 09:48:34,587] {logging_mixin.py:109} INFO - [2026-01-10 09:48:34,586] {dagbag.py:496} INFO - Filling up the DagBag from /home/airflow/.local/lib/python3.6/site-packages/airflow/example_dags/example_latest_only_with_trigger.py
[2026-01-10 09:48:34,612] {processor.py:623} INFO - DAG(s) dict_keys(['latest_only_with_trigger']) retrieved from /home/airflow/.local/lib/python3.6/site-packages/airflow/example_dags/example_latest_only_with_trigger.py
[2026-01-10 09:48:34,739] {logging_mixin.py:109} INFO - [2026-01-10 09:48:34,738] {dag.py:1833} INFO - Sync 1 DAGs
[2026-01-10 09:48:34,783] {logging_mixin.py:109} INFO - [2026-01-10 09:48:34,783] {dag.py:2306} INFO - Setting next_dagrun for latest_only_with_trigger to 2026-01-08 00:00:00+00:00
[2026-01-10 09:48:34,808] {processor.py:170} INFO - Processing /home/airflow/.local/lib/python3.6/site-packages/airflow/example_dags/example_latest_only_with_trigger.py took 0.239 seconds
[2026-01-10 09:49:16,772] {processor.py:162} INFO - Started process (PID=2250) to work on /home/airflow/.local/lib/python3.6/site-packages/airflow/example_dags/example_latest_only_with_trigger.py
[2026-01-10 09:49:16,775] {processor.py:613} INFO - Processing file /home/airflow/.local/lib/python3.6/site-packages/airflow/example_dags/example_latest_only_with_trigger.py for tasks to queue
[2026-01-10 09:49:16,776] {logging_mixin.py:109} INFO - [2026-01-10 09:49:16,776] {dagbag.py:496} INFO - Filling up the DagBag from /home/airflow/.local/lib/python3.6/site-packages/airflow/example_dags/example_latest_only_with_trigger.py
[2026-01-10 09:49:16,812] {processor.py:623} INFO - DAG(s) dict_keys(['latest_only_with_trigger']) retrieved from /home/airflow/.local/lib/python3.6/site-packages/airflow/example_dags/example_latest_only_with_trigger.py
[2026-01-10 09:49:16,977] {logging_mixin.py:109} INFO - [2026-01-10 09:49:16,976] {dag.py:1833} INFO - Sync 1 DAGs
[2026-01-10 09:49:17,012] {logging_mixin.py:109} INFO - [2026-01-10 09:49:17,011] {dag.py:2306} INFO - Setting next_dagrun for latest_only_with_trigger to 2026-01-08 00:00:00+00:00
[2026-01-10 09:49:17,043] {processor.py:170} INFO - Processing /home/airflow/.local/lib/python3.6/site-packages/airflow/example_dags/example_latest_only_with_trigger.py took 0.279 seconds
[2026-01-10 09:49:47,578] {processor.py:162} INFO - Started process (PID=2290) to work on /home/airflow/.local/lib/python3.6/site-packages/airflow/example_dags/example_latest_only_with_trigger.py
[2026-01-10 09:49:47,579] {processor.py:613} INFO - Processing file /home/airflow/.local/lib/python3.6/site-packages/airflow/example_dags/example_latest_only_with_trigger.py for tasks to queue
[2026-01-10 09:49:47,579] {logging_mixin.py:109} INFO - [2026-01-10 09:49:47,579] {dagbag.py:496} INFO - Filling up the DagBag from /home/airflow/.local/lib/python3.6/site-packages/airflow/example_dags/example_latest_only_with_trigger.py
[2026-01-10 09:49:47,603] {processor.py:623} INFO - DAG(s) dict_keys(['latest_only_with_trigger']) retrieved from /home/airflow/.local/lib/python3.6/site-packages/airflow/example_dags/example_latest_only_with_trigger.py
[2026-01-10 09:49:47,638] {logging_mixin.py:109} INFO - [2026-01-10 09:49:47,637] {dag.py:1833} INFO - Sync 1 DAGs
[2026-01-10 09:49:47,660] {logging_mixin.py:109} INFO - [2026-01-10 09:49:47,659] {dag.py:2306} INFO - Setting next_dagrun for latest_only_with_trigger to 2026-01-08 00:00:00+00:00
[2026-01-10 09:49:47,676] {processor.py:170} INFO - Processing /home/airflow/.local/lib/python3.6/site-packages/airflow/example_dags/example_latest_only_with_trigger.py took 0.102 seconds
[2026-01-10 09:50:18,459] {processor.py:162} INFO - Started process (PID=2344) to work on /home/airflow/.local/lib/python3.6/site-packages/airflow/example_dags/example_latest_only_with_trigger.py
[2026-01-10 09:50:18,460] {processor.py:613} INFO - Processing file /home/airflow/.local/lib/python3.6/site-packages/airflow/example_dags/example_latest_only_with_trigger.py for tasks to queue
[2026-01-10 09:50:18,461] {logging_mixin.py:109} INFO - [2026-01-10 09:50:18,461] {dagbag.py:496} INFO - Filling up the DagBag from /home/airflow/.local/lib/python3.6/site-packages/airflow/example_dags/example_latest_only_with_trigger.py
[2026-01-10 09:50:18,478] {processor.py:623} INFO - DAG(s) dict_keys(['latest_only_with_trigger']) retrieved from /home/airflow/.local/lib/python3.6/site-packages/airflow/example_dags/example_latest_only_with_trigger.py
[2026-01-10 09:50:18,510] {logging_mixin.py:109} INFO - [2026-01-10 09:50:18,510] {dag.py:1833} INFO - Sync 1 DAGs
[2026-01-10 09:50:18,538] {logging_mixin.py:109} INFO - [2026-01-10 09:50:18,538] {dag.py:2306} INFO - Setting next_dagrun for latest_only_with_trigger to 2026-01-08 00:00:00+00:00
[2026-01-10 09:50:18,549] {processor.py:170} INFO - Processing /home/airflow/.local/lib/python3.6/site-packages/airflow/example_dags/example_latest_only_with_trigger.py took 0.096 seconds
[2026-01-10 09:50:48,793] {processor.py:162} INFO - Started process (PID=2395) to work on /home/airflow/.local/lib/python3.6/site-packages/airflow/example_dags/example_latest_only_with_trigger.py
[2026-01-10 09:50:48,795] {processor.py:613} INFO - Processing file /home/airflow/.local/lib/python3.6/site-packages/airflow/example_dags/example_latest_only_with_trigger.py for tasks to queue
[2026-01-10 09:50:48,796] {logging_mixin.py:109} INFO - [2026-01-10 09:50:48,796] {dagbag.py:496} INFO - Filling up the DagBag from /home/airflow/.local/lib/python3.6/site-packages/airflow/example_dags/example_latest_only_with_trigger.py
[2026-01-10 09:50:48,818] {processor.py:623} INFO - DAG(s) dict_keys(['latest_only_with_trigger']) retrieved from /home/airflow/.local/lib/python3.6/site-packages/airflow/example_dags/example_latest_only_with_trigger.py
[2026-01-10 09:50:48,854] {logging_mixin.py:109} INFO - [2026-01-10 09:50:48,854] {dag.py:1833} INFO - Sync 1 DAGs
[2026-01-10 09:50:48,887] {logging_mixin.py:109} INFO - [2026-01-10 09:50:48,887] {dag.py:2306} INFO - Setting next_dagrun for latest_only_with_trigger to 2026-01-08 00:00:00+00:00
[2026-01-10 09:50:48,901] {processor.py:170} INFO - Processing /home/airflow/.local/lib/python3.6/site-packages/airflow/example_dags/example_latest_only_with_trigger.py took 0.113 seconds
[2026-01-10 09:51:19,051] {processor.py:162} INFO - Started process (PID=2446) to work on /home/airflow/.local/lib/python3.6/site-packages/airflow/example_dags/example_latest_only_with_trigger.py
[2026-01-10 09:51:19,052] {processor.py:613} INFO - Processing file /home/airflow/.local/lib/python3.6/site-packages/airflow/example_dags/example_latest_only_with_trigger.py for tasks to queue
[2026-01-10 09:51:19,053] {logging_mixin.py:109} INFO - [2026-01-10 09:51:19,053] {dagbag.py:496} INFO - Filling up the DagBag from /home/airflow/.local/lib/python3.6/site-packages/airflow/example_dags/example_latest_only_with_trigger.py
[2026-01-10 09:51:19,073] {processor.py:623} INFO - DAG(s) dict_keys(['latest_only_with_trigger']) retrieved from /home/airflow/.local/lib/python3.6/site-packages/airflow/example_dags/example_latest_only_with_trigger.py
[2026-01-10 09:51:19,108] {logging_mixin.py:109} INFO - [2026-01-10 09:51:19,108] {dag.py:1833} INFO - Sync 1 DAGs
[2026-01-10 09:51:19,137] {logging_mixin.py:109} INFO - [2026-01-10 09:51:19,137] {dag.py:2306} INFO - Setting next_dagrun for latest_only_with_trigger to 2026-01-08 00:00:00+00:00
[2026-01-10 09:51:19,152] {processor.py:170} INFO - Processing /home/airflow/.local/lib/python3.6/site-packages/airflow/example_dags/example_latest_only_with_trigger.py took 0.108 seconds
[2026-01-10 09:51:49,589] {processor.py:162} INFO - Started process (PID=2496) to work on /home/airflow/.local/lib/python3.6/site-packages/airflow/example_dags/example_latest_only_with_trigger.py
[2026-01-10 09:51:49,598] {processor.py:613} INFO - Processing file /home/airflow/.local/lib/python3.6/site-packages/airflow/example_dags/example_latest_only_with_trigger.py for tasks to queue
[2026-01-10 09:51:49,599] {logging_mixin.py:109} INFO - [2026-01-10 09:51:49,599] {dagbag.py:496} INFO - Filling up the DagBag from /home/airflow/.local/lib/python3.6/site-packages/airflow/example_dags/example_latest_only_with_trigger.py
[2026-01-10 09:51:49,625] {processor.py:623} INFO - DAG(s) dict_keys(['latest_only_with_trigger']) retrieved from /home/airflow/.local/lib/python3.6/site-packages/airflow/example_dags/example_latest_only_with_trigger.py
[2026-01-10 09:51:49,670] {logging_mixin.py:109} INFO - [2026-01-10 09:51:49,669] {dag.py:1833} INFO - Sync 1 DAGs
[2026-01-10 09:51:49,704] {logging_mixin.py:109} INFO - [2026-01-10 09:51:49,704] {dag.py:2306} INFO - Setting next_dagrun for latest_only_with_trigger to 2026-01-08 00:00:00+00:00
[2026-01-10 09:51:49,721] {processor.py:170} INFO - Processing /home/airflow/.local/lib/python3.6/site-packages/airflow/example_dags/example_latest_only_with_trigger.py took 0.137 seconds
[2026-01-10 09:52:20,125] {processor.py:162} INFO - Started process (PID=2547) to work on /home/airflow/.local/lib/python3.6/site-packages/airflow/example_dags/example_latest_only_with_trigger.py
[2026-01-10 09:52:20,128] {processor.py:613} INFO - Processing file /home/airflow/.local/lib/python3.6/site-packages/airflow/example_dags/example_latest_only_with_trigger.py for tasks to queue
[2026-01-10 09:52:20,129] {logging_mixin.py:109} INFO - [2026-01-10 09:52:20,129] {dagbag.py:496} INFO - Filling up the DagBag from /home/airflow/.local/lib/python3.6/site-packages/airflow/example_dags/example_latest_only_with_trigger.py
[2026-01-10 09:52:20,151] {processor.py:623} INFO - DAG(s) dict_keys(['latest_only_with_trigger']) retrieved from /home/airflow/.local/lib/python3.6/site-packages/airflow/example_dags/example_latest_only_with_trigger.py
[2026-01-10 09:52:20,190] {logging_mixin.py:109} INFO - [2026-01-10 09:52:20,190] {dag.py:1833} INFO - Sync 1 DAGs
[2026-01-10 09:52:20,221] {logging_mixin.py:109} INFO - [2026-01-10 09:52:20,221] {dag.py:2306} INFO - Setting next_dagrun for latest_only_with_trigger to 2026-01-08 00:00:00+00:00
[2026-01-10 09:52:20,236] {processor.py:170} INFO - Processing /home/airflow/.local/lib/python3.6/site-packages/airflow/example_dags/example_latest_only_with_trigger.py took 0.116 seconds
[2026-01-10 09:52:50,634] {processor.py:162} INFO - Started process (PID=2588) to work on /home/airflow/.local/lib/python3.6/site-packages/airflow/example_dags/example_latest_only_with_trigger.py
[2026-01-10 09:52:50,636] {processor.py:613} INFO - Processing file /home/airflow/.local/lib/python3.6/site-packages/airflow/example_dags/example_latest_only_with_trigger.py for tasks to queue
[2026-01-10 09:52:50,638] {logging_mixin.py:109} INFO - [2026-01-10 09:52:50,637] {dagbag.py:496} INFO - Filling up the DagBag from /home/airflow/.local/lib/python3.6/site-packages/airflow/example_dags/example_latest_only_with_trigger.py
[2026-01-10 09:52:50,667] {processor.py:623} INFO - DAG(s) dict_keys(['latest_only_with_trigger']) retrieved from /home/airflow/.local/lib/python3.6/site-packages/airflow/example_dags/example_latest_only_with_trigger.py
[2026-01-10 09:52:50,726] {logging_mixin.py:109} INFO - [2026-01-10 09:52:50,726] {dag.py:1833} INFO - Sync 1 DAGs
[2026-01-10 09:52:50,763] {logging_mixin.py:109} INFO - [2026-01-10 09:52:50,762] {dag.py:2306} INFO - Setting next_dagrun for latest_only_with_trigger to 2026-01-08 00:00:00+00:00
[2026-01-10 09:52:50,778] {processor.py:170} INFO - Processing /home/airflow/.local/lib/python3.6/site-packages/airflow/example_dags/example_latest_only_with_trigger.py took 0.152 seconds
[2026-01-10 09:53:21,748] {processor.py:162} INFO - Started process (PID=2639) to work on /home/airflow/.local/lib/python3.6/site-packages/airflow/example_dags/example_latest_only_with_trigger.py
[2026-01-10 09:53:21,752] {processor.py:613} INFO - Processing file /home/airflow/.local/lib/python3.6/site-packages/airflow/example_dags/example_latest_only_with_trigger.py for tasks to queue
[2026-01-10 09:53:21,754] {logging_mixin.py:109} INFO - [2026-01-10 09:53:21,753] {dagbag.py:496} INFO - Filling up the DagBag from /home/airflow/.local/lib/python3.6/site-packages/airflow/example_dags/example_latest_only_with_trigger.py
[2026-01-10 09:53:21,786] {processor.py:623} INFO - DAG(s) dict_keys(['latest_only_with_trigger']) retrieved from /home/airflow/.local/lib/python3.6/site-packages/airflow/example_dags/example_latest_only_with_trigger.py
[2026-01-10 09:53:21,831] {logging_mixin.py:109} INFO - [2026-01-10 09:53:21,831] {dag.py:1833} INFO - Sync 1 DAGs
[2026-01-10 09:53:21,878] {logging_mixin.py:109} INFO - [2026-01-10 09:53:21,878] {dag.py:2306} INFO - Setting next_dagrun for latest_only_with_trigger to 2026-01-08 00:00:00+00:00
[2026-01-10 09:53:21,897] {processor.py:170} INFO - Processing /home/airflow/.local/lib/python3.6/site-packages/airflow/example_dags/example_latest_only_with_trigger.py took 0.157 seconds
[2026-01-10 09:53:52,679] {processor.py:162} INFO - Started process (PID=2681) to work on /home/airflow/.local/lib/python3.6/site-packages/airflow/example_dags/example_latest_only_with_trigger.py
[2026-01-10 09:53:52,681] {processor.py:613} INFO - Processing file /home/airflow/.local/lib/python3.6/site-packages/airflow/example_dags/example_latest_only_with_trigger.py for tasks to queue
[2026-01-10 09:53:52,683] {logging_mixin.py:109} INFO - [2026-01-10 09:53:52,682] {dagbag.py:496} INFO - Filling up the DagBag from /home/airflow/.local/lib/python3.6/site-packages/airflow/example_dags/example_latest_only_with_trigger.py
[2026-01-10 09:53:52,709] {processor.py:623} INFO - DAG(s) dict_keys(['latest_only_with_trigger']) retrieved from /home/airflow/.local/lib/python3.6/site-packages/airflow/example_dags/example_latest_only_with_trigger.py
[2026-01-10 09:53:52,741] {logging_mixin.py:109} INFO - [2026-01-10 09:53:52,741] {dag.py:1833} INFO - Sync 1 DAGs
[2026-01-10 09:53:52,772] {logging_mixin.py:109} INFO - [2026-01-10 09:53:52,772] {dag.py:2306} INFO - Setting next_dagrun for latest_only_with_trigger to 2026-01-08 00:00:00+00:00
[2026-01-10 09:53:52,787] {processor.py:170} INFO - Processing /home/airflow/.local/lib/python3.6/site-packages/airflow/example_dags/example_latest_only_with_trigger.py took 0.113 seconds
[2026-01-10 09:54:23,619] {processor.py:162} INFO - Started process (PID=2722) to work on /home/airflow/.local/lib/python3.6/site-packages/airflow/example_dags/example_latest_only_with_trigger.py
[2026-01-10 09:54:23,624] {processor.py:613} INFO - Processing file /home/airflow/.local/lib/python3.6/site-packages/airflow/example_dags/example_latest_only_with_trigger.py for tasks to queue
[2026-01-10 09:54:23,626] {logging_mixin.py:109} INFO - [2026-01-10 09:54:23,626] {dagbag.py:496} INFO - Filling up the DagBag from /home/airflow/.local/lib/python3.6/site-packages/airflow/example_dags/example_latest_only_with_trigger.py
[2026-01-10 09:54:23,648] {processor.py:623} INFO - DAG(s) dict_keys(['latest_only_with_trigger']) retrieved from /home/airflow/.local/lib/python3.6/site-packages/airflow/example_dags/example_latest_only_with_trigger.py
[2026-01-10 09:54:23,687] {logging_mixin.py:109} INFO - [2026-01-10 09:54:23,686] {dag.py:1833} INFO - Sync 1 DAGs
[2026-01-10 09:54:23,727] {logging_mixin.py:109} INFO - [2026-01-10 09:54:23,726] {dag.py:2306} INFO - Setting next_dagrun for latest_only_with_trigger to 2026-01-08 00:00:00+00:00
[2026-01-10 09:54:23,746] {processor.py:170} INFO - Processing /home/airflow/.local/lib/python3.6/site-packages/airflow/example_dags/example_latest_only_with_trigger.py took 0.130 seconds
[2026-01-10 09:54:55,136] {processor.py:162} INFO - Started process (PID=2770) to work on /home/airflow/.local/lib/python3.6/site-packages/airflow/example_dags/example_latest_only_with_trigger.py
[2026-01-10 09:54:55,140] {processor.py:613} INFO - Processing file /home/airflow/.local/lib/python3.6/site-packages/airflow/example_dags/example_latest_only_with_trigger.py for tasks to queue
[2026-01-10 09:54:55,141] {logging_mixin.py:109} INFO - [2026-01-10 09:54:55,141] {dagbag.py:496} INFO - Filling up the DagBag from /home/airflow/.local/lib/python3.6/site-packages/airflow/example_dags/example_latest_only_with_trigger.py
[2026-01-10 09:54:55,185] {processor.py:623} INFO - DAG(s) dict_keys(['latest_only_with_trigger']) retrieved from /home/airflow/.local/lib/python3.6/site-packages/airflow/example_dags/example_latest_only_with_trigger.py
[2026-01-10 09:54:55,373] {logging_mixin.py:109} INFO - [2026-01-10 09:54:55,372] {dag.py:1833} INFO - Sync 1 DAGs
[2026-01-10 09:54:55,457] {logging_mixin.py:109} INFO - [2026-01-10 09:54:55,457] {dag.py:2306} INFO - Setting next_dagrun for latest_only_with_trigger to 2026-01-08 00:00:00+00:00
[2026-01-10 09:54:55,490] {processor.py:170} INFO - Processing /home/airflow/.local/lib/python3.6/site-packages/airflow/example_dags/example_latest_only_with_trigger.py took 0.377 seconds
[2026-01-10 09:55:26,147] {processor.py:162} INFO - Started process (PID=2804) to work on /home/airflow/.local/lib/python3.6/site-packages/airflow/example_dags/example_latest_only_with_trigger.py
[2026-01-10 09:55:26,149] {processor.py:613} INFO - Processing file /home/airflow/.local/lib/python3.6/site-packages/airflow/example_dags/example_latest_only_with_trigger.py for tasks to queue
[2026-01-10 09:55:26,150] {logging_mixin.py:109} INFO - [2026-01-10 09:55:26,150] {dagbag.py:496} INFO - Filling up the DagBag from /home/airflow/.local/lib/python3.6/site-packages/airflow/example_dags/example_latest_only_with_trigger.py
[2026-01-10 09:55:26,177] {processor.py:623} INFO - DAG(s) dict_keys(['latest_only_with_trigger']) retrieved from /home/airflow/.local/lib/python3.6/site-packages/airflow/example_dags/example_latest_only_with_trigger.py
[2026-01-10 09:55:26,216] {logging_mixin.py:109} INFO - [2026-01-10 09:55:26,216] {dag.py:1833} INFO - Sync 1 DAGs
[2026-01-10 09:55:26,243] {logging_mixin.py:109} INFO - [2026-01-10 09:55:26,243] {dag.py:2306} INFO - Setting next_dagrun for latest_only_with_trigger to 2026-01-08 00:00:00+00:00
[2026-01-10 09:55:26,256] {processor.py:170} INFO - Processing /home/airflow/.local/lib/python3.6/site-packages/airflow/example_dags/example_latest_only_with_trigger.py took 0.114 seconds
[2026-01-10 09:55:56,328] {processor.py:162} INFO - Started process (PID=2844) to work on /home/airflow/.local/lib/python3.6/site-packages/airflow/example_dags/example_latest_only_with_trigger.py
[2026-01-10 09:55:56,329] {processor.py:613} INFO - Processing file /home/airflow/.local/lib/python3.6/site-packages/airflow/example_dags/example_latest_only_with_trigger.py for tasks to queue
[2026-01-10 09:55:56,330] {logging_mixin.py:109} INFO - [2026-01-10 09:55:56,330] {dagbag.py:496} INFO - Filling up the DagBag from /home/airflow/.local/lib/python3.6/site-packages/airflow/example_dags/example_latest_only_with_trigger.py
[2026-01-10 09:55:56,351] {processor.py:623} INFO - DAG(s) dict_keys(['latest_only_with_trigger']) retrieved from /home/airflow/.local/lib/python3.6/site-packages/airflow/example_dags/example_latest_only_with_trigger.py
[2026-01-10 09:55:56,389] {logging_mixin.py:109} INFO - [2026-01-10 09:55:56,389] {dag.py:1833} INFO - Sync 1 DAGs
[2026-01-10 09:55:56,420] {logging_mixin.py:109} INFO - [2026-01-10 09:55:56,420] {dag.py:2306} INFO - Setting next_dagrun for latest_only_with_trigger to 2026-01-08 00:00:00+00:00
[2026-01-10 09:55:56,441] {processor.py:170} INFO - Processing /home/airflow/.local/lib/python3.6/site-packages/airflow/example_dags/example_latest_only_with_trigger.py took 0.119 seconds
[2026-01-10 09:56:38,991] {processor.py:162} INFO - Started process (PID=2896) to work on /home/airflow/.local/lib/python3.6/site-packages/airflow/example_dags/example_latest_only_with_trigger.py
[2026-01-10 09:56:38,997] {processor.py:613} INFO - Processing file /home/airflow/.local/lib/python3.6/site-packages/airflow/example_dags/example_latest_only_with_trigger.py for tasks to queue
[2026-01-10 09:56:38,998] {logging_mixin.py:109} INFO - [2026-01-10 09:56:38,998] {dagbag.py:496} INFO - Filling up the DagBag from /home/airflow/.local/lib/python3.6/site-packages/airflow/example_dags/example_latest_only_with_trigger.py
[2026-01-10 09:56:39,029] {processor.py:623} INFO - DAG(s) dict_keys(['latest_only_with_trigger']) retrieved from /home/airflow/.local/lib/python3.6/site-packages/airflow/example_dags/example_latest_only_with_trigger.py
[2026-01-10 09:56:39,111] {logging_mixin.py:109} INFO - [2026-01-10 09:56:39,111] {dag.py:1833} INFO - Sync 1 DAGs
[2026-01-10 09:56:39,158] {logging_mixin.py:109} INFO - [2026-01-10 09:56:39,158] {dag.py:2306} INFO - Setting next_dagrun for latest_only_with_trigger to 2026-01-08 00:00:00+00:00
[2026-01-10 09:56:39,195] {processor.py:170} INFO - Processing /home/airflow/.local/lib/python3.6/site-packages/airflow/example_dags/example_latest_only_with_trigger.py took 0.208 seconds
[2026-01-10 09:57:09,393] {processor.py:162} INFO - Started process (PID=2944) to work on /home/airflow/.local/lib/python3.6/site-packages/airflow/example_dags/example_latest_only_with_trigger.py
[2026-01-10 09:57:09,398] {processor.py:613} INFO - Processing file /home/airflow/.local/lib/python3.6/site-packages/airflow/example_dags/example_latest_only_with_trigger.py for tasks to queue
[2026-01-10 09:57:09,411] {logging_mixin.py:109} INFO - [2026-01-10 09:57:09,399] {dagbag.py:496} INFO - Filling up the DagBag from /home/airflow/.local/lib/python3.6/site-packages/airflow/example_dags/example_latest_only_with_trigger.py
[2026-01-10 09:57:09,503] {processor.py:623} INFO - DAG(s) dict_keys(['latest_only_with_trigger']) retrieved from /home/airflow/.local/lib/python3.6/site-packages/airflow/example_dags/example_latest_only_with_trigger.py
[2026-01-10 09:57:09,573] {logging_mixin.py:109} INFO - [2026-01-10 09:57:09,573] {dag.py:1833} INFO - Sync 1 DAGs
[2026-01-10 09:57:09,624] {logging_mixin.py:109} INFO - [2026-01-10 09:57:09,624] {dag.py:2306} INFO - Setting next_dagrun for latest_only_with_trigger to 2026-01-08 00:00:00+00:00
[2026-01-10 09:57:09,679] {processor.py:170} INFO - Processing /home/airflow/.local/lib/python3.6/site-packages/airflow/example_dags/example_latest_only_with_trigger.py took 0.307 seconds
[2026-01-10 09:58:00,889] {processor.py:162} INFO - Started process (PID=2975) to work on /home/airflow/.local/lib/python3.6/site-packages/airflow/example_dags/example_latest_only_with_trigger.py
[2026-01-10 09:58:00,892] {processor.py:613} INFO - Processing file /home/airflow/.local/lib/python3.6/site-packages/airflow/example_dags/example_latest_only_with_trigger.py for tasks to queue
[2026-01-10 09:58:00,893] {logging_mixin.py:109} INFO - [2026-01-10 09:58:00,893] {dagbag.py:496} INFO - Filling up the DagBag from /home/airflow/.local/lib/python3.6/site-packages/airflow/example_dags/example_latest_only_with_trigger.py
[2026-01-10 09:58:00,915] {processor.py:623} INFO - DAG(s) dict_keys(['latest_only_with_trigger']) retrieved from /home/airflow/.local/lib/python3.6/site-packages/airflow/example_dags/example_latest_only_with_trigger.py
[2026-01-10 09:58:01,699] {logging_mixin.py:109} INFO - [2026-01-10 09:58:01,698] {dag.py:1833} INFO - Sync 1 DAGs
[2026-01-10 09:58:01,731] {logging_mixin.py:109} INFO - [2026-01-10 09:58:01,731] {dag.py:2306} INFO - Setting next_dagrun for latest_only_with_trigger to 2026-01-08 00:00:00+00:00
[2026-01-10 09:58:01,746] {processor.py:170} INFO - Processing /home/airflow/.local/lib/python3.6/site-packages/airflow/example_dags/example_latest_only_with_trigger.py took 0.861 seconds
[2026-01-10 09:59:29,733] {processor.py:162} INFO - Started process (PID=3016) to work on /home/airflow/.local/lib/python3.6/site-packages/airflow/example_dags/example_latest_only_with_trigger.py
[2026-01-10 09:59:29,735] {processor.py:613} INFO - Processing file /home/airflow/.local/lib/python3.6/site-packages/airflow/example_dags/example_latest_only_with_trigger.py for tasks to queue
[2026-01-10 09:59:29,736] {logging_mixin.py:109} INFO - [2026-01-10 09:59:29,736] {dagbag.py:496} INFO - Filling up the DagBag from /home/airflow/.local/lib/python3.6/site-packages/airflow/example_dags/example_latest_only_with_trigger.py
[2026-01-10 09:59:29,763] {processor.py:623} INFO - DAG(s) dict_keys(['latest_only_with_trigger']) retrieved from /home/airflow/.local/lib/python3.6/site-packages/airflow/example_dags/example_latest_only_with_trigger.py
[2026-01-10 09:59:30,475] {logging_mixin.py:109} INFO - [2026-01-10 09:59:30,475] {dag.py:1833} INFO - Sync 1 DAGs
[2026-01-10 09:59:30,505] {logging_mixin.py:109} INFO - [2026-01-10 09:59:30,504] {dag.py:2306} INFO - Setting next_dagrun for latest_only_with_trigger to 2026-01-08 00:00:00+00:00
[2026-01-10 09:59:30,523] {processor.py:170} INFO - Processing /home/airflow/.local/lib/python3.6/site-packages/airflow/example_dags/example_latest_only_with_trigger.py took 0.795 seconds
[2026-01-10 10:00:01,678] {processor.py:162} INFO - Started process (PID=3057) to work on /home/airflow/.local/lib/python3.6/site-packages/airflow/example_dags/example_latest_only_with_trigger.py
[2026-01-10 10:00:01,682] {processor.py:613} INFO - Processing file /home/airflow/.local/lib/python3.6/site-packages/airflow/example_dags/example_latest_only_with_trigger.py for tasks to queue
[2026-01-10 10:00:01,684] {logging_mixin.py:109} INFO - [2026-01-10 10:00:01,684] {dagbag.py:496} INFO - Filling up the DagBag from /home/airflow/.local/lib/python3.6/site-packages/airflow/example_dags/example_latest_only_with_trigger.py
[2026-01-10 10:00:01,710] {processor.py:623} INFO - DAG(s) dict_keys(['latest_only_with_trigger']) retrieved from /home/airflow/.local/lib/python3.6/site-packages/airflow/example_dags/example_latest_only_with_trigger.py
[2026-01-10 10:00:01,749] {logging_mixin.py:109} INFO - [2026-01-10 10:00:01,749] {dag.py:1833} INFO - Sync 1 DAGs
[2026-01-10 10:00:01,778] {logging_mixin.py:109} INFO - [2026-01-10 10:00:01,778] {dag.py:2306} INFO - Setting next_dagrun for latest_only_with_trigger to 2026-01-08 00:00:00+00:00
[2026-01-10 10:00:01,794] {processor.py:170} INFO - Processing /home/airflow/.local/lib/python3.6/site-packages/airflow/example_dags/example_latest_only_with_trigger.py took 0.121 seconds
[2026-01-10 10:00:57,585] {processor.py:162} INFO - Started process (PID=3104) to work on /home/airflow/.local/lib/python3.6/site-packages/airflow/example_dags/example_latest_only_with_trigger.py
[2026-01-10 10:00:57,592] {processor.py:613} INFO - Processing file /home/airflow/.local/lib/python3.6/site-packages/airflow/example_dags/example_latest_only_with_trigger.py for tasks to queue
[2026-01-10 10:00:57,595] {logging_mixin.py:109} INFO - [2026-01-10 10:00:57,595] {dagbag.py:496} INFO - Filling up the DagBag from /home/airflow/.local/lib/python3.6/site-packages/airflow/example_dags/example_latest_only_with_trigger.py
[2026-01-10 10:00:57,632] {processor.py:623} INFO - DAG(s) dict_keys(['latest_only_with_trigger']) retrieved from /home/airflow/.local/lib/python3.6/site-packages/airflow/example_dags/example_latest_only_with_trigger.py
[2026-01-10 10:00:57,691] {logging_mixin.py:109} INFO - [2026-01-10 10:00:57,691] {dag.py:1833} INFO - Sync 1 DAGs
[2026-01-10 10:00:57,722] {logging_mixin.py:109} INFO - [2026-01-10 10:00:57,722] {dag.py:2306} INFO - Setting next_dagrun for latest_only_with_trigger to 2026-01-08 00:00:00+00:00
[2026-01-10 10:00:57,736] {processor.py:170} INFO - Processing /home/airflow/.local/lib/python3.6/site-packages/airflow/example_dags/example_latest_only_with_trigger.py took 0.155 seconds
[2026-01-10 10:02:25,232] {processor.py:162} INFO - Started process (PID=3148) to work on /home/airflow/.local/lib/python3.6/site-packages/airflow/example_dags/example_latest_only_with_trigger.py
[2026-01-10 10:02:25,234] {processor.py:613} INFO - Processing file /home/airflow/.local/lib/python3.6/site-packages/airflow/example_dags/example_latest_only_with_trigger.py for tasks to queue
[2026-01-10 10:02:25,236] {logging_mixin.py:109} INFO - [2026-01-10 10:02:25,235] {dagbag.py:496} INFO - Filling up the DagBag from /home/airflow/.local/lib/python3.6/site-packages/airflow/example_dags/example_latest_only_with_trigger.py
[2026-01-10 10:02:25,260] {processor.py:623} INFO - DAG(s) dict_keys(['latest_only_with_trigger']) retrieved from /home/airflow/.local/lib/python3.6/site-packages/airflow/example_dags/example_latest_only_with_trigger.py
[2026-01-10 10:02:25,413] {logging_mixin.py:109} INFO - [2026-01-10 10:02:25,412] {dag.py:1833} INFO - Sync 1 DAGs
[2026-01-10 10:02:25,458] {logging_mixin.py:109} INFO - [2026-01-10 10:02:25,458] {dag.py:2306} INFO - Setting next_dagrun for latest_only_with_trigger to 2026-01-08 00:00:00+00:00
[2026-01-10 10:02:25,483] {processor.py:170} INFO - Processing /home/airflow/.local/lib/python3.6/site-packages/airflow/example_dags/example_latest_only_with_trigger.py took 0.257 seconds
[2026-01-10 10:15:04,674] {processor.py:162} INFO - Started process (PID=56) to work on /home/airflow/.local/lib/python3.6/site-packages/airflow/example_dags/example_latest_only_with_trigger.py
[2026-01-10 10:15:04,678] {processor.py:613} INFO - Processing file /home/airflow/.local/lib/python3.6/site-packages/airflow/example_dags/example_latest_only_with_trigger.py for tasks to queue
[2026-01-10 10:15:04,679] {logging_mixin.py:109} INFO - [2026-01-10 10:15:04,679] {dagbag.py:496} INFO - Filling up the DagBag from /home/airflow/.local/lib/python3.6/site-packages/airflow/example_dags/example_latest_only_with_trigger.py
[2026-01-10 10:15:04,717] {processor.py:623} INFO - DAG(s) dict_keys(['latest_only_with_trigger']) retrieved from /home/airflow/.local/lib/python3.6/site-packages/airflow/example_dags/example_latest_only_with_trigger.py
[2026-01-10 10:15:04,783] {logging_mixin.py:109} INFO - [2026-01-10 10:15:04,783] {dag.py:1833} INFO - Sync 1 DAGs
[2026-01-10 10:15:04,835] {logging_mixin.py:109} INFO - [2026-01-10 10:15:04,835] {dag.py:2306} INFO - Setting next_dagrun for latest_only_with_trigger to 2026-01-08 00:00:00+00:00
[2026-01-10 10:15:04,866] {processor.py:170} INFO - Processing /home/airflow/.local/lib/python3.6/site-packages/airflow/example_dags/example_latest_only_with_trigger.py took 0.200 seconds
[2026-01-10 10:15:35,114] {processor.py:162} INFO - Started process (PID=108) to work on /home/airflow/.local/lib/python3.6/site-packages/airflow/example_dags/example_latest_only_with_trigger.py
[2026-01-10 10:15:35,116] {processor.py:613} INFO - Processing file /home/airflow/.local/lib/python3.6/site-packages/airflow/example_dags/example_latest_only_with_trigger.py for tasks to queue
[2026-01-10 10:15:35,118] {logging_mixin.py:109} INFO - [2026-01-10 10:15:35,118] {dagbag.py:496} INFO - Filling up the DagBag from /home/airflow/.local/lib/python3.6/site-packages/airflow/example_dags/example_latest_only_with_trigger.py
[2026-01-10 10:15:35,138] {processor.py:623} INFO - DAG(s) dict_keys(['latest_only_with_trigger']) retrieved from /home/airflow/.local/lib/python3.6/site-packages/airflow/example_dags/example_latest_only_with_trigger.py
[2026-01-10 10:15:35,169] {logging_mixin.py:109} INFO - [2026-01-10 10:15:35,168] {dag.py:1833} INFO - Sync 1 DAGs
[2026-01-10 10:15:35,192] {logging_mixin.py:109} INFO - [2026-01-10 10:15:35,191] {dag.py:2306} INFO - Setting next_dagrun for latest_only_with_trigger to 2026-01-08 00:00:00+00:00
[2026-01-10 10:15:35,215] {processor.py:170} INFO - Processing /home/airflow/.local/lib/python3.6/site-packages/airflow/example_dags/example_latest_only_with_trigger.py took 0.104 seconds
[2026-01-10 10:16:06,479] {processor.py:162} INFO - Started process (PID=158) to work on /home/airflow/.local/lib/python3.6/site-packages/airflow/example_dags/example_latest_only_with_trigger.py
[2026-01-10 10:16:06,513] {processor.py:613} INFO - Processing file /home/airflow/.local/lib/python3.6/site-packages/airflow/example_dags/example_latest_only_with_trigger.py for tasks to queue
[2026-01-10 10:16:06,514] {logging_mixin.py:109} INFO - [2026-01-10 10:16:06,514] {dagbag.py:496} INFO - Filling up the DagBag from /home/airflow/.local/lib/python3.6/site-packages/airflow/example_dags/example_latest_only_with_trigger.py
[2026-01-10 10:16:06,696] {processor.py:623} INFO - DAG(s) dict_keys(['latest_only_with_trigger']) retrieved from /home/airflow/.local/lib/python3.6/site-packages/airflow/example_dags/example_latest_only_with_trigger.py
[2026-01-10 10:16:06,811] {logging_mixin.py:109} INFO - [2026-01-10 10:16:06,811] {dag.py:1833} INFO - Sync 1 DAGs
[2026-01-10 10:16:06,838] {logging_mixin.py:109} INFO - [2026-01-10 10:16:06,838] {dag.py:2306} INFO - Setting next_dagrun for latest_only_with_trigger to 2026-01-08 00:00:00+00:00
[2026-01-10 10:16:06,854] {processor.py:170} INFO - Processing /home/airflow/.local/lib/python3.6/site-packages/airflow/example_dags/example_latest_only_with_trigger.py took 0.403 seconds
[2026-01-10 10:16:37,106] {processor.py:162} INFO - Started process (PID=201) to work on /home/airflow/.local/lib/python3.6/site-packages/airflow/example_dags/example_latest_only_with_trigger.py
[2026-01-10 10:16:37,107] {processor.py:613} INFO - Processing file /home/airflow/.local/lib/python3.6/site-packages/airflow/example_dags/example_latest_only_with_trigger.py for tasks to queue
[2026-01-10 10:16:37,113] {logging_mixin.py:109} INFO - [2026-01-10 10:16:37,113] {dagbag.py:496} INFO - Filling up the DagBag from /home/airflow/.local/lib/python3.6/site-packages/airflow/example_dags/example_latest_only_with_trigger.py
[2026-01-10 10:16:37,161] {processor.py:623} INFO - DAG(s) dict_keys(['latest_only_with_trigger']) retrieved from /home/airflow/.local/lib/python3.6/site-packages/airflow/example_dags/example_latest_only_with_trigger.py
[2026-01-10 10:16:37,225] {logging_mixin.py:109} INFO - [2026-01-10 10:16:37,225] {dag.py:1833} INFO - Sync 1 DAGs
[2026-01-10 10:16:37,257] {logging_mixin.py:109} INFO - [2026-01-10 10:16:37,257] {dag.py:2306} INFO - Setting next_dagrun for latest_only_with_trigger to 2026-01-08 00:00:00+00:00
[2026-01-10 10:16:37,277] {processor.py:170} INFO - Processing /home/airflow/.local/lib/python3.6/site-packages/airflow/example_dags/example_latest_only_with_trigger.py took 0.182 seconds
[2026-01-10 10:17:07,655] {processor.py:162} INFO - Started process (PID=253) to work on /home/airflow/.local/lib/python3.6/site-packages/airflow/example_dags/example_latest_only_with_trigger.py
[2026-01-10 10:17:07,657] {processor.py:613} INFO - Processing file /home/airflow/.local/lib/python3.6/site-packages/airflow/example_dags/example_latest_only_with_trigger.py for tasks to queue
[2026-01-10 10:17:07,658] {logging_mixin.py:109} INFO - [2026-01-10 10:17:07,658] {dagbag.py:496} INFO - Filling up the DagBag from /home/airflow/.local/lib/python3.6/site-packages/airflow/example_dags/example_latest_only_with_trigger.py
[2026-01-10 10:17:07,687] {processor.py:623} INFO - DAG(s) dict_keys(['latest_only_with_trigger']) retrieved from /home/airflow/.local/lib/python3.6/site-packages/airflow/example_dags/example_latest_only_with_trigger.py
[2026-01-10 10:17:07,762] {logging_mixin.py:109} INFO - [2026-01-10 10:17:07,762] {dag.py:1833} INFO - Sync 1 DAGs
[2026-01-10 10:17:07,791] {logging_mixin.py:109} INFO - [2026-01-10 10:17:07,790] {dag.py:2306} INFO - Setting next_dagrun for latest_only_with_trigger to 2026-01-08 00:00:00+00:00
[2026-01-10 10:17:07,814] {processor.py:170} INFO - Processing /home/airflow/.local/lib/python3.6/site-packages/airflow/example_dags/example_latest_only_with_trigger.py took 0.165 seconds
[2026-01-10 10:17:38,436] {processor.py:162} INFO - Started process (PID=304) to work on /home/airflow/.local/lib/python3.6/site-packages/airflow/example_dags/example_latest_only_with_trigger.py
[2026-01-10 10:17:38,438] {processor.py:613} INFO - Processing file /home/airflow/.local/lib/python3.6/site-packages/airflow/example_dags/example_latest_only_with_trigger.py for tasks to queue
[2026-01-10 10:17:38,439] {logging_mixin.py:109} INFO - [2026-01-10 10:17:38,439] {dagbag.py:496} INFO - Filling up the DagBag from /home/airflow/.local/lib/python3.6/site-packages/airflow/example_dags/example_latest_only_with_trigger.py
[2026-01-10 10:17:38,452] {processor.py:623} INFO - DAG(s) dict_keys(['latest_only_with_trigger']) retrieved from /home/airflow/.local/lib/python3.6/site-packages/airflow/example_dags/example_latest_only_with_trigger.py
[2026-01-10 10:17:38,480] {logging_mixin.py:109} INFO - [2026-01-10 10:17:38,479] {dag.py:1833} INFO - Sync 1 DAGs
[2026-01-10 10:17:38,500] {logging_mixin.py:109} INFO - [2026-01-10 10:17:38,500] {dag.py:2306} INFO - Setting next_dagrun for latest_only_with_trigger to 2026-01-08 00:00:00+00:00
[2026-01-10 10:17:38,509] {processor.py:170} INFO - Processing /home/airflow/.local/lib/python3.6/site-packages/airflow/example_dags/example_latest_only_with_trigger.py took 0.078 seconds
[2026-01-10 10:18:09,807] {processor.py:162} INFO - Started process (PID=356) to work on /home/airflow/.local/lib/python3.6/site-packages/airflow/example_dags/example_latest_only_with_trigger.py
[2026-01-10 10:18:09,809] {processor.py:613} INFO - Processing file /home/airflow/.local/lib/python3.6/site-packages/airflow/example_dags/example_latest_only_with_trigger.py for tasks to queue
[2026-01-10 10:18:09,810] {logging_mixin.py:109} INFO - [2026-01-10 10:18:09,809] {dagbag.py:496} INFO - Filling up the DagBag from /home/airflow/.local/lib/python3.6/site-packages/airflow/example_dags/example_latest_only_with_trigger.py
[2026-01-10 10:18:09,896] {processor.py:623} INFO - DAG(s) dict_keys(['latest_only_with_trigger']) retrieved from /home/airflow/.local/lib/python3.6/site-packages/airflow/example_dags/example_latest_only_with_trigger.py
[2026-01-10 10:18:10,091] {logging_mixin.py:109} INFO - [2026-01-10 10:18:10,091] {dag.py:1833} INFO - Sync 1 DAGs
[2026-01-10 10:18:10,272] {logging_mixin.py:109} INFO - [2026-01-10 10:18:10,272] {dag.py:2306} INFO - Setting next_dagrun for latest_only_with_trigger to 2026-01-08 00:00:00+00:00
[2026-01-10 10:18:10,291] {processor.py:170} INFO - Processing /home/airflow/.local/lib/python3.6/site-packages/airflow/example_dags/example_latest_only_with_trigger.py took 0.500 seconds
[2026-01-10 10:18:40,330] {processor.py:162} INFO - Started process (PID=398) to work on /home/airflow/.local/lib/python3.6/site-packages/airflow/example_dags/example_latest_only_with_trigger.py
[2026-01-10 10:18:40,331] {processor.py:613} INFO - Processing file /home/airflow/.local/lib/python3.6/site-packages/airflow/example_dags/example_latest_only_with_trigger.py for tasks to queue
[2026-01-10 10:18:40,332] {logging_mixin.py:109} INFO - [2026-01-10 10:18:40,332] {dagbag.py:496} INFO - Filling up the DagBag from /home/airflow/.local/lib/python3.6/site-packages/airflow/example_dags/example_latest_only_with_trigger.py
[2026-01-10 10:18:40,355] {processor.py:623} INFO - DAG(s) dict_keys(['latest_only_with_trigger']) retrieved from /home/airflow/.local/lib/python3.6/site-packages/airflow/example_dags/example_latest_only_with_trigger.py
[2026-01-10 10:18:40,388] {logging_mixin.py:109} INFO - [2026-01-10 10:18:40,388] {dag.py:1833} INFO - Sync 1 DAGs
[2026-01-10 10:18:40,407] {logging_mixin.py:109} INFO - [2026-01-10 10:18:40,407] {dag.py:2306} INFO - Setting next_dagrun for latest_only_with_trigger to 2026-01-08 00:00:00+00:00
[2026-01-10 10:18:40,420] {processor.py:170} INFO - Processing /home/airflow/.local/lib/python3.6/site-packages/airflow/example_dags/example_latest_only_with_trigger.py took 0.095 seconds
[2026-01-10 10:19:10,688] {processor.py:162} INFO - Started process (PID=448) to work on /home/airflow/.local/lib/python3.6/site-packages/airflow/example_dags/example_latest_only_with_trigger.py
[2026-01-10 10:19:10,690] {processor.py:613} INFO - Processing file /home/airflow/.local/lib/python3.6/site-packages/airflow/example_dags/example_latest_only_with_trigger.py for tasks to queue
[2026-01-10 10:19:10,691] {logging_mixin.py:109} INFO - [2026-01-10 10:19:10,691] {dagbag.py:496} INFO - Filling up the DagBag from /home/airflow/.local/lib/python3.6/site-packages/airflow/example_dags/example_latest_only_with_trigger.py
[2026-01-10 10:19:10,709] {processor.py:623} INFO - DAG(s) dict_keys(['latest_only_with_trigger']) retrieved from /home/airflow/.local/lib/python3.6/site-packages/airflow/example_dags/example_latest_only_with_trigger.py
[2026-01-10 10:19:10,745] {logging_mixin.py:109} INFO - [2026-01-10 10:19:10,745] {dag.py:1833} INFO - Sync 1 DAGs
[2026-01-10 10:19:10,773] {logging_mixin.py:109} INFO - [2026-01-10 10:19:10,773] {dag.py:2306} INFO - Setting next_dagrun for latest_only_with_trigger to 2026-01-08 00:00:00+00:00
[2026-01-10 10:19:10,784] {processor.py:170} INFO - Processing /home/airflow/.local/lib/python3.6/site-packages/airflow/example_dags/example_latest_only_with_trigger.py took 0.100 seconds
[2026-01-10 10:19:41,339] {processor.py:162} INFO - Started process (PID=510) to work on /home/airflow/.local/lib/python3.6/site-packages/airflow/example_dags/example_latest_only_with_trigger.py
[2026-01-10 10:19:41,341] {processor.py:613} INFO - Processing file /home/airflow/.local/lib/python3.6/site-packages/airflow/example_dags/example_latest_only_with_trigger.py for tasks to queue
[2026-01-10 10:19:41,342] {logging_mixin.py:109} INFO - [2026-01-10 10:19:41,342] {dagbag.py:496} INFO - Filling up the DagBag from /home/airflow/.local/lib/python3.6/site-packages/airflow/example_dags/example_latest_only_with_trigger.py
[2026-01-10 10:19:41,362] {processor.py:623} INFO - DAG(s) dict_keys(['latest_only_with_trigger']) retrieved from /home/airflow/.local/lib/python3.6/site-packages/airflow/example_dags/example_latest_only_with_trigger.py
[2026-01-10 10:19:41,399] {logging_mixin.py:109} INFO - [2026-01-10 10:19:41,399] {dag.py:1833} INFO - Sync 1 DAGs
[2026-01-10 10:19:41,426] {logging_mixin.py:109} INFO - [2026-01-10 10:19:41,426] {dag.py:2306} INFO - Setting next_dagrun for latest_only_with_trigger to 2026-01-08 00:00:00+00:00
[2026-01-10 10:19:41,442] {processor.py:170} INFO - Processing /home/airflow/.local/lib/python3.6/site-packages/airflow/example_dags/example_latest_only_with_trigger.py took 0.107 seconds
[2026-01-10 10:20:12,037] {processor.py:162} INFO - Started process (PID=562) to work on /home/airflow/.local/lib/python3.6/site-packages/airflow/example_dags/example_latest_only_with_trigger.py
[2026-01-10 10:20:12,039] {processor.py:613} INFO - Processing file /home/airflow/.local/lib/python3.6/site-packages/airflow/example_dags/example_latest_only_with_trigger.py for tasks to queue
[2026-01-10 10:20:12,040] {logging_mixin.py:109} INFO - [2026-01-10 10:20:12,040] {dagbag.py:496} INFO - Filling up the DagBag from /home/airflow/.local/lib/python3.6/site-packages/airflow/example_dags/example_latest_only_with_trigger.py
[2026-01-10 10:20:12,055] {processor.py:623} INFO - DAG(s) dict_keys(['latest_only_with_trigger']) retrieved from /home/airflow/.local/lib/python3.6/site-packages/airflow/example_dags/example_latest_only_with_trigger.py
[2026-01-10 10:20:12,088] {logging_mixin.py:109} INFO - [2026-01-10 10:20:12,088] {dag.py:1833} INFO - Sync 1 DAGs
[2026-01-10 10:20:12,124] {logging_mixin.py:109} INFO - [2026-01-10 10:20:12,124] {dag.py:2306} INFO - Setting next_dagrun for latest_only_with_trigger to 2026-01-08 00:00:00+00:00
[2026-01-10 10:20:12,138] {processor.py:170} INFO - Processing /home/airflow/.local/lib/python3.6/site-packages/airflow/example_dags/example_latest_only_with_trigger.py took 0.105 seconds
[2026-01-10 10:20:42,600] {processor.py:162} INFO - Started process (PID=613) to work on /home/airflow/.local/lib/python3.6/site-packages/airflow/example_dags/example_latest_only_with_trigger.py
[2026-01-10 10:20:42,602] {processor.py:613} INFO - Processing file /home/airflow/.local/lib/python3.6/site-packages/airflow/example_dags/example_latest_only_with_trigger.py for tasks to queue
[2026-01-10 10:20:42,603] {logging_mixin.py:109} INFO - [2026-01-10 10:20:42,603] {dagbag.py:496} INFO - Filling up the DagBag from /home/airflow/.local/lib/python3.6/site-packages/airflow/example_dags/example_latest_only_with_trigger.py
[2026-01-10 10:20:42,623] {processor.py:623} INFO - DAG(s) dict_keys(['latest_only_with_trigger']) retrieved from /home/airflow/.local/lib/python3.6/site-packages/airflow/example_dags/example_latest_only_with_trigger.py
[2026-01-10 10:20:42,652] {logging_mixin.py:109} INFO - [2026-01-10 10:20:42,651] {dag.py:1833} INFO - Sync 1 DAGs
[2026-01-10 10:20:42,673] {logging_mixin.py:109} INFO - [2026-01-10 10:20:42,673] {dag.py:2306} INFO - Setting next_dagrun for latest_only_with_trigger to 2026-01-08 00:00:00+00:00
[2026-01-10 10:20:42,695] {processor.py:170} INFO - Processing /home/airflow/.local/lib/python3.6/site-packages/airflow/example_dags/example_latest_only_with_trigger.py took 0.105 seconds
[2026-01-10 10:21:13,358] {processor.py:162} INFO - Started process (PID=671) to work on /home/airflow/.local/lib/python3.6/site-packages/airflow/example_dags/example_latest_only_with_trigger.py
[2026-01-10 10:21:13,360] {processor.py:613} INFO - Processing file /home/airflow/.local/lib/python3.6/site-packages/airflow/example_dags/example_latest_only_with_trigger.py for tasks to queue
[2026-01-10 10:21:13,361] {logging_mixin.py:109} INFO - [2026-01-10 10:21:13,361] {dagbag.py:496} INFO - Filling up the DagBag from /home/airflow/.local/lib/python3.6/site-packages/airflow/example_dags/example_latest_only_with_trigger.py
[2026-01-10 10:21:13,389] {processor.py:623} INFO - DAG(s) dict_keys(['latest_only_with_trigger']) retrieved from /home/airflow/.local/lib/python3.6/site-packages/airflow/example_dags/example_latest_only_with_trigger.py
[2026-01-10 10:21:13,421] {logging_mixin.py:109} INFO - [2026-01-10 10:21:13,420] {dag.py:1833} INFO - Sync 1 DAGs
[2026-01-10 10:21:13,449] {logging_mixin.py:109} INFO - [2026-01-10 10:21:13,448] {dag.py:2306} INFO - Setting next_dagrun for latest_only_with_trigger to 2026-01-08 00:00:00+00:00
[2026-01-10 10:21:13,474] {processor.py:170} INFO - Processing /home/airflow/.local/lib/python3.6/site-packages/airflow/example_dags/example_latest_only_with_trigger.py took 0.121 seconds
