[2026-01-10 09:28:36,631] {processor.py:162} INFO - Started process (PID=212) to work on /home/airflow/.local/lib/python3.6/site-packages/airflow/example_dags/tutorial.py
[2026-01-10 09:28:36,635] {processor.py:613} INFO - Processing file /home/airflow/.local/lib/python3.6/site-packages/airflow/example_dags/tutorial.py for tasks to queue
[2026-01-10 09:28:36,636] {logging_mixin.py:109} INFO - [2026-01-10 09:28:36,636] {dagbag.py:496} INFO - Filling up the DagBag from /home/airflow/.local/lib/python3.6/site-packages/airflow/example_dags/tutorial.py
[2026-01-10 09:28:36,687] {processor.py:623} INFO - DAG(s) dict_keys(['tutorial']) retrieved from /home/airflow/.local/lib/python3.6/site-packages/airflow/example_dags/tutorial.py
[2026-01-10 09:28:43,439] {logging_mixin.py:109} INFO - [2026-01-10 09:28:43,436] {dag.py:1833} INFO - Sync 1 DAGs
[2026-01-10 09:28:43,461] {logging_mixin.py:109} INFO - [2026-01-10 09:28:43,459] {dag.py:1852} INFO - Creating ORM DAG for tutorial
[2026-01-10 09:28:43,470] {logging_mixin.py:109} INFO - [2026-01-10 09:28:43,470] {dag.py:2306} INFO - Setting next_dagrun for tutorial to 2026-01-08 00:00:00+00:00
[2026-01-10 09:28:43,491] {processor.py:170} INFO - Processing /home/airflow/.local/lib/python3.6/site-packages/airflow/example_dags/tutorial.py took 6.870 seconds
[2026-01-10 09:29:14,357] {processor.py:162} INFO - Started process (PID=297) to work on /home/airflow/.local/lib/python3.6/site-packages/airflow/example_dags/tutorial.py
[2026-01-10 09:29:14,364] {processor.py:613} INFO - Processing file /home/airflow/.local/lib/python3.6/site-packages/airflow/example_dags/tutorial.py for tasks to queue
[2026-01-10 09:29:14,365] {logging_mixin.py:109} INFO - [2026-01-10 09:29:14,364] {dagbag.py:496} INFO - Filling up the DagBag from /home/airflow/.local/lib/python3.6/site-packages/airflow/example_dags/tutorial.py
[2026-01-10 09:29:14,400] {processor.py:623} INFO - DAG(s) dict_keys(['tutorial']) retrieved from /home/airflow/.local/lib/python3.6/site-packages/airflow/example_dags/tutorial.py
[2026-01-10 09:29:14,458] {logging_mixin.py:109} INFO - [2026-01-10 09:29:14,457] {dag.py:1833} INFO - Sync 1 DAGs
[2026-01-10 09:29:14,497] {logging_mixin.py:109} INFO - [2026-01-10 09:29:14,497] {dag.py:2306} INFO - Setting next_dagrun for tutorial to 2026-01-08 00:00:00+00:00
[2026-01-10 09:29:14,516] {processor.py:170} INFO - Processing /home/airflow/.local/lib/python3.6/site-packages/airflow/example_dags/tutorial.py took 0.165 seconds
[2026-01-10 09:29:44,823] {processor.py:162} INFO - Started process (PID=348) to work on /home/airflow/.local/lib/python3.6/site-packages/airflow/example_dags/tutorial.py
[2026-01-10 09:29:44,824] {processor.py:613} INFO - Processing file /home/airflow/.local/lib/python3.6/site-packages/airflow/example_dags/tutorial.py for tasks to queue
[2026-01-10 09:29:44,825] {logging_mixin.py:109} INFO - [2026-01-10 09:29:44,825] {dagbag.py:496} INFO - Filling up the DagBag from /home/airflow/.local/lib/python3.6/site-packages/airflow/example_dags/tutorial.py
[2026-01-10 09:29:44,864] {processor.py:623} INFO - DAG(s) dict_keys(['tutorial']) retrieved from /home/airflow/.local/lib/python3.6/site-packages/airflow/example_dags/tutorial.py
[2026-01-10 09:29:44,929] {logging_mixin.py:109} INFO - [2026-01-10 09:29:44,927] {dag.py:1833} INFO - Sync 1 DAGs
[2026-01-10 09:29:44,984] {logging_mixin.py:109} INFO - [2026-01-10 09:29:44,983] {dag.py:2306} INFO - Setting next_dagrun for tutorial to 2026-01-08 00:00:00+00:00
[2026-01-10 09:29:45,009] {processor.py:170} INFO - Processing /home/airflow/.local/lib/python3.6/site-packages/airflow/example_dags/tutorial.py took 0.197 seconds
[2026-01-10 09:30:15,791] {processor.py:162} INFO - Started process (PID=399) to work on /home/airflow/.local/lib/python3.6/site-packages/airflow/example_dags/tutorial.py
[2026-01-10 09:30:15,794] {processor.py:613} INFO - Processing file /home/airflow/.local/lib/python3.6/site-packages/airflow/example_dags/tutorial.py for tasks to queue
[2026-01-10 09:30:15,795] {logging_mixin.py:109} INFO - [2026-01-10 09:30:15,795] {dagbag.py:496} INFO - Filling up the DagBag from /home/airflow/.local/lib/python3.6/site-packages/airflow/example_dags/tutorial.py
[2026-01-10 09:30:15,818] {processor.py:623} INFO - DAG(s) dict_keys(['tutorial']) retrieved from /home/airflow/.local/lib/python3.6/site-packages/airflow/example_dags/tutorial.py
[2026-01-10 09:30:15,856] {logging_mixin.py:109} INFO - [2026-01-10 09:30:15,855] {dag.py:1833} INFO - Sync 1 DAGs
[2026-01-10 09:30:15,888] {logging_mixin.py:109} INFO - [2026-01-10 09:30:15,887] {dag.py:2306} INFO - Setting next_dagrun for tutorial to 2026-01-08 00:00:00+00:00
[2026-01-10 09:30:15,912] {processor.py:170} INFO - Processing /home/airflow/.local/lib/python3.6/site-packages/airflow/example_dags/tutorial.py took 0.129 seconds
[2026-01-10 09:30:46,061] {processor.py:162} INFO - Started process (PID=450) to work on /home/airflow/.local/lib/python3.6/site-packages/airflow/example_dags/tutorial.py
[2026-01-10 09:30:46,063] {processor.py:613} INFO - Processing file /home/airflow/.local/lib/python3.6/site-packages/airflow/example_dags/tutorial.py for tasks to queue
[2026-01-10 09:30:46,064] {logging_mixin.py:109} INFO - [2026-01-10 09:30:46,064] {dagbag.py:496} INFO - Filling up the DagBag from /home/airflow/.local/lib/python3.6/site-packages/airflow/example_dags/tutorial.py
[2026-01-10 09:30:46,117] {processor.py:623} INFO - DAG(s) dict_keys(['tutorial']) retrieved from /home/airflow/.local/lib/python3.6/site-packages/airflow/example_dags/tutorial.py
[2026-01-10 09:30:46,162] {logging_mixin.py:109} INFO - [2026-01-10 09:30:46,162] {dag.py:1833} INFO - Sync 1 DAGs
[2026-01-10 09:30:46,186] {logging_mixin.py:109} INFO - [2026-01-10 09:30:46,186] {dag.py:2306} INFO - Setting next_dagrun for tutorial to 2026-01-08 00:00:00+00:00
[2026-01-10 09:30:46,211] {processor.py:170} INFO - Processing /home/airflow/.local/lib/python3.6/site-packages/airflow/example_dags/tutorial.py took 0.166 seconds
[2026-01-10 09:31:16,883] {processor.py:162} INFO - Started process (PID=500) to work on /home/airflow/.local/lib/python3.6/site-packages/airflow/example_dags/tutorial.py
[2026-01-10 09:31:16,884] {processor.py:613} INFO - Processing file /home/airflow/.local/lib/python3.6/site-packages/airflow/example_dags/tutorial.py for tasks to queue
[2026-01-10 09:31:16,886] {logging_mixin.py:109} INFO - [2026-01-10 09:31:16,885] {dagbag.py:496} INFO - Filling up the DagBag from /home/airflow/.local/lib/python3.6/site-packages/airflow/example_dags/tutorial.py
[2026-01-10 09:31:16,915] {processor.py:623} INFO - DAG(s) dict_keys(['tutorial']) retrieved from /home/airflow/.local/lib/python3.6/site-packages/airflow/example_dags/tutorial.py
[2026-01-10 09:31:16,962] {logging_mixin.py:109} INFO - [2026-01-10 09:31:16,962] {dag.py:1833} INFO - Sync 1 DAGs
[2026-01-10 09:31:16,990] {logging_mixin.py:109} INFO - [2026-01-10 09:31:16,990] {dag.py:2306} INFO - Setting next_dagrun for tutorial to 2026-01-08 00:00:00+00:00
[2026-01-10 09:31:17,013] {processor.py:170} INFO - Processing /home/airflow/.local/lib/python3.6/site-packages/airflow/example_dags/tutorial.py took 0.137 seconds
[2026-01-10 09:31:47,776] {processor.py:162} INFO - Started process (PID=558) to work on /home/airflow/.local/lib/python3.6/site-packages/airflow/example_dags/tutorial.py
[2026-01-10 09:31:47,777] {processor.py:613} INFO - Processing file /home/airflow/.local/lib/python3.6/site-packages/airflow/example_dags/tutorial.py for tasks to queue
[2026-01-10 09:31:47,778] {logging_mixin.py:109} INFO - [2026-01-10 09:31:47,778] {dagbag.py:496} INFO - Filling up the DagBag from /home/airflow/.local/lib/python3.6/site-packages/airflow/example_dags/tutorial.py
[2026-01-10 09:31:47,798] {processor.py:623} INFO - DAG(s) dict_keys(['tutorial']) retrieved from /home/airflow/.local/lib/python3.6/site-packages/airflow/example_dags/tutorial.py
[2026-01-10 09:31:47,832] {logging_mixin.py:109} INFO - [2026-01-10 09:31:47,831] {dag.py:1833} INFO - Sync 1 DAGs
[2026-01-10 09:31:47,856] {logging_mixin.py:109} INFO - [2026-01-10 09:31:47,855] {dag.py:2306} INFO - Setting next_dagrun for tutorial to 2026-01-08 00:00:00+00:00
[2026-01-10 09:31:47,873] {processor.py:170} INFO - Processing /home/airflow/.local/lib/python3.6/site-packages/airflow/example_dags/tutorial.py took 0.101 seconds
[2026-01-10 09:32:18,088] {processor.py:162} INFO - Started process (PID=612) to work on /home/airflow/.local/lib/python3.6/site-packages/airflow/example_dags/tutorial.py
[2026-01-10 09:32:18,091] {processor.py:613} INFO - Processing file /home/airflow/.local/lib/python3.6/site-packages/airflow/example_dags/tutorial.py for tasks to queue
[2026-01-10 09:32:18,092] {logging_mixin.py:109} INFO - [2026-01-10 09:32:18,092] {dagbag.py:496} INFO - Filling up the DagBag from /home/airflow/.local/lib/python3.6/site-packages/airflow/example_dags/tutorial.py
[2026-01-10 09:32:18,117] {processor.py:623} INFO - DAG(s) dict_keys(['tutorial']) retrieved from /home/airflow/.local/lib/python3.6/site-packages/airflow/example_dags/tutorial.py
[2026-01-10 09:32:18,153] {logging_mixin.py:109} INFO - [2026-01-10 09:32:18,153] {dag.py:1833} INFO - Sync 1 DAGs
[2026-01-10 09:32:18,185] {logging_mixin.py:109} INFO - [2026-01-10 09:32:18,185] {dag.py:2306} INFO - Setting next_dagrun for tutorial to 2026-01-08 00:00:00+00:00
[2026-01-10 09:32:18,202] {processor.py:170} INFO - Processing /home/airflow/.local/lib/python3.6/site-packages/airflow/example_dags/tutorial.py took 0.119 seconds
[2026-01-10 09:32:48,973] {processor.py:162} INFO - Started process (PID=663) to work on /home/airflow/.local/lib/python3.6/site-packages/airflow/example_dags/tutorial.py
[2026-01-10 09:32:48,975] {processor.py:613} INFO - Processing file /home/airflow/.local/lib/python3.6/site-packages/airflow/example_dags/tutorial.py for tasks to queue
[2026-01-10 09:32:48,976] {logging_mixin.py:109} INFO - [2026-01-10 09:32:48,976] {dagbag.py:496} INFO - Filling up the DagBag from /home/airflow/.local/lib/python3.6/site-packages/airflow/example_dags/tutorial.py
[2026-01-10 09:32:49,002] {processor.py:623} INFO - DAG(s) dict_keys(['tutorial']) retrieved from /home/airflow/.local/lib/python3.6/site-packages/airflow/example_dags/tutorial.py
[2026-01-10 09:32:49,037] {logging_mixin.py:109} INFO - [2026-01-10 09:32:49,036] {dag.py:1833} INFO - Sync 1 DAGs
[2026-01-10 09:32:49,061] {logging_mixin.py:109} INFO - [2026-01-10 09:32:49,061] {dag.py:2306} INFO - Setting next_dagrun for tutorial to 2026-01-08 00:00:00+00:00
[2026-01-10 09:32:49,078] {processor.py:170} INFO - Processing /home/airflow/.local/lib/python3.6/site-packages/airflow/example_dags/tutorial.py took 0.109 seconds
[2026-01-10 09:33:19,331] {processor.py:162} INFO - Started process (PID=714) to work on /home/airflow/.local/lib/python3.6/site-packages/airflow/example_dags/tutorial.py
[2026-01-10 09:33:19,332] {processor.py:613} INFO - Processing file /home/airflow/.local/lib/python3.6/site-packages/airflow/example_dags/tutorial.py for tasks to queue
[2026-01-10 09:33:19,333] {logging_mixin.py:109} INFO - [2026-01-10 09:33:19,333] {dagbag.py:496} INFO - Filling up the DagBag from /home/airflow/.local/lib/python3.6/site-packages/airflow/example_dags/tutorial.py
[2026-01-10 09:33:19,357] {processor.py:623} INFO - DAG(s) dict_keys(['tutorial']) retrieved from /home/airflow/.local/lib/python3.6/site-packages/airflow/example_dags/tutorial.py
[2026-01-10 09:33:19,391] {logging_mixin.py:109} INFO - [2026-01-10 09:33:19,391] {dag.py:1833} INFO - Sync 1 DAGs
[2026-01-10 09:33:19,424] {logging_mixin.py:109} INFO - [2026-01-10 09:33:19,423] {dag.py:2306} INFO - Setting next_dagrun for tutorial to 2026-01-08 00:00:00+00:00
[2026-01-10 09:33:19,436] {processor.py:170} INFO - Processing /home/airflow/.local/lib/python3.6/site-packages/airflow/example_dags/tutorial.py took 0.110 seconds
[2026-01-10 09:33:49,541] {processor.py:162} INFO - Started process (PID=764) to work on /home/airflow/.local/lib/python3.6/site-packages/airflow/example_dags/tutorial.py
[2026-01-10 09:33:49,543] {processor.py:613} INFO - Processing file /home/airflow/.local/lib/python3.6/site-packages/airflow/example_dags/tutorial.py for tasks to queue
[2026-01-10 09:33:49,544] {logging_mixin.py:109} INFO - [2026-01-10 09:33:49,544] {dagbag.py:496} INFO - Filling up the DagBag from /home/airflow/.local/lib/python3.6/site-packages/airflow/example_dags/tutorial.py
[2026-01-10 09:33:49,564] {processor.py:623} INFO - DAG(s) dict_keys(['tutorial']) retrieved from /home/airflow/.local/lib/python3.6/site-packages/airflow/example_dags/tutorial.py
[2026-01-10 09:33:49,594] {logging_mixin.py:109} INFO - [2026-01-10 09:33:49,594] {dag.py:1833} INFO - Sync 1 DAGs
[2026-01-10 09:33:49,616] {logging_mixin.py:109} INFO - [2026-01-10 09:33:49,616] {dag.py:2306} INFO - Setting next_dagrun for tutorial to 2026-01-08 00:00:00+00:00
[2026-01-10 09:33:49,626] {processor.py:170} INFO - Processing /home/airflow/.local/lib/python3.6/site-packages/airflow/example_dags/tutorial.py took 0.088 seconds
[2026-01-10 09:34:19,716] {processor.py:162} INFO - Started process (PID=815) to work on /home/airflow/.local/lib/python3.6/site-packages/airflow/example_dags/tutorial.py
[2026-01-10 09:34:19,717] {processor.py:613} INFO - Processing file /home/airflow/.local/lib/python3.6/site-packages/airflow/example_dags/tutorial.py for tasks to queue
[2026-01-10 09:34:19,718] {logging_mixin.py:109} INFO - [2026-01-10 09:34:19,718] {dagbag.py:496} INFO - Filling up the DagBag from /home/airflow/.local/lib/python3.6/site-packages/airflow/example_dags/tutorial.py
[2026-01-10 09:34:19,737] {processor.py:623} INFO - DAG(s) dict_keys(['tutorial']) retrieved from /home/airflow/.local/lib/python3.6/site-packages/airflow/example_dags/tutorial.py
[2026-01-10 09:34:19,765] {logging_mixin.py:109} INFO - [2026-01-10 09:34:19,765] {dag.py:1833} INFO - Sync 1 DAGs
[2026-01-10 09:34:19,787] {logging_mixin.py:109} INFO - [2026-01-10 09:34:19,786] {dag.py:2306} INFO - Setting next_dagrun for tutorial to 2026-01-08 00:00:00+00:00
[2026-01-10 09:34:19,798] {processor.py:170} INFO - Processing /home/airflow/.local/lib/python3.6/site-packages/airflow/example_dags/tutorial.py took 0.086 seconds
[2026-01-10 09:34:50,110] {processor.py:162} INFO - Started process (PID=866) to work on /home/airflow/.local/lib/python3.6/site-packages/airflow/example_dags/tutorial.py
[2026-01-10 09:34:50,111] {processor.py:613} INFO - Processing file /home/airflow/.local/lib/python3.6/site-packages/airflow/example_dags/tutorial.py for tasks to queue
[2026-01-10 09:34:50,113] {logging_mixin.py:109} INFO - [2026-01-10 09:34:50,112] {dagbag.py:496} INFO - Filling up the DagBag from /home/airflow/.local/lib/python3.6/site-packages/airflow/example_dags/tutorial.py
[2026-01-10 09:34:50,127] {processor.py:623} INFO - DAG(s) dict_keys(['tutorial']) retrieved from /home/airflow/.local/lib/python3.6/site-packages/airflow/example_dags/tutorial.py
[2026-01-10 09:34:50,154] {logging_mixin.py:109} INFO - [2026-01-10 09:34:50,154] {dag.py:1833} INFO - Sync 1 DAGs
[2026-01-10 09:34:50,180] {logging_mixin.py:109} INFO - [2026-01-10 09:34:50,179] {dag.py:2306} INFO - Setting next_dagrun for tutorial to 2026-01-08 00:00:00+00:00
[2026-01-10 09:34:50,192] {processor.py:170} INFO - Processing /home/airflow/.local/lib/python3.6/site-packages/airflow/example_dags/tutorial.py took 0.085 seconds
[2026-01-10 09:35:20,227] {processor.py:162} INFO - Started process (PID=924) to work on /home/airflow/.local/lib/python3.6/site-packages/airflow/example_dags/tutorial.py
[2026-01-10 09:35:20,230] {processor.py:613} INFO - Processing file /home/airflow/.local/lib/python3.6/site-packages/airflow/example_dags/tutorial.py for tasks to queue
[2026-01-10 09:35:20,233] {logging_mixin.py:109} INFO - [2026-01-10 09:35:20,233] {dagbag.py:496} INFO - Filling up the DagBag from /home/airflow/.local/lib/python3.6/site-packages/airflow/example_dags/tutorial.py
[2026-01-10 09:35:20,290] {processor.py:623} INFO - DAG(s) dict_keys(['tutorial']) retrieved from /home/airflow/.local/lib/python3.6/site-packages/airflow/example_dags/tutorial.py
[2026-01-10 09:35:20,352] {logging_mixin.py:109} INFO - [2026-01-10 09:35:20,352] {dag.py:1833} INFO - Sync 1 DAGs
[2026-01-10 09:35:20,396] {logging_mixin.py:109} INFO - [2026-01-10 09:35:20,396] {dag.py:2306} INFO - Setting next_dagrun for tutorial to 2026-01-08 00:00:00+00:00
[2026-01-10 09:35:20,413] {processor.py:170} INFO - Processing /home/airflow/.local/lib/python3.6/site-packages/airflow/example_dags/tutorial.py took 0.195 seconds
[2026-01-10 09:35:51,163] {processor.py:162} INFO - Started process (PID=977) to work on /home/airflow/.local/lib/python3.6/site-packages/airflow/example_dags/tutorial.py
[2026-01-10 09:35:51,164] {processor.py:613} INFO - Processing file /home/airflow/.local/lib/python3.6/site-packages/airflow/example_dags/tutorial.py for tasks to queue
[2026-01-10 09:35:51,172] {logging_mixin.py:109} INFO - [2026-01-10 09:35:51,171] {dagbag.py:496} INFO - Filling up the DagBag from /home/airflow/.local/lib/python3.6/site-packages/airflow/example_dags/tutorial.py
[2026-01-10 09:35:51,221] {processor.py:623} INFO - DAG(s) dict_keys(['tutorial']) retrieved from /home/airflow/.local/lib/python3.6/site-packages/airflow/example_dags/tutorial.py
[2026-01-10 09:35:51,283] {logging_mixin.py:109} INFO - [2026-01-10 09:35:51,283] {dag.py:1833} INFO - Sync 1 DAGs
[2026-01-10 09:35:51,336] {logging_mixin.py:109} INFO - [2026-01-10 09:35:51,336] {dag.py:2306} INFO - Setting next_dagrun for tutorial to 2026-01-08 00:00:00+00:00
[2026-01-10 09:35:51,361] {processor.py:170} INFO - Processing /home/airflow/.local/lib/python3.6/site-packages/airflow/example_dags/tutorial.py took 0.219 seconds
[2026-01-10 09:36:21,769] {processor.py:162} INFO - Started process (PID=1019) to work on /home/airflow/.local/lib/python3.6/site-packages/airflow/example_dags/tutorial.py
[2026-01-10 09:36:21,771] {processor.py:613} INFO - Processing file /home/airflow/.local/lib/python3.6/site-packages/airflow/example_dags/tutorial.py for tasks to queue
[2026-01-10 09:36:21,772] {logging_mixin.py:109} INFO - [2026-01-10 09:36:21,772] {dagbag.py:496} INFO - Filling up the DagBag from /home/airflow/.local/lib/python3.6/site-packages/airflow/example_dags/tutorial.py
[2026-01-10 09:36:21,798] {processor.py:623} INFO - DAG(s) dict_keys(['tutorial']) retrieved from /home/airflow/.local/lib/python3.6/site-packages/airflow/example_dags/tutorial.py
[2026-01-10 09:36:21,837] {logging_mixin.py:109} INFO - [2026-01-10 09:36:21,837] {dag.py:1833} INFO - Sync 1 DAGs
[2026-01-10 09:36:21,868] {logging_mixin.py:109} INFO - [2026-01-10 09:36:21,867] {dag.py:2306} INFO - Setting next_dagrun for tutorial to 2026-01-08 00:00:00+00:00
[2026-01-10 09:36:21,887] {processor.py:170} INFO - Processing /home/airflow/.local/lib/python3.6/site-packages/airflow/example_dags/tutorial.py took 0.125 seconds
[2026-01-10 09:36:52,432] {processor.py:162} INFO - Started process (PID=1069) to work on /home/airflow/.local/lib/python3.6/site-packages/airflow/example_dags/tutorial.py
[2026-01-10 09:36:52,436] {processor.py:613} INFO - Processing file /home/airflow/.local/lib/python3.6/site-packages/airflow/example_dags/tutorial.py for tasks to queue
[2026-01-10 09:36:52,437] {logging_mixin.py:109} INFO - [2026-01-10 09:36:52,437] {dagbag.py:496} INFO - Filling up the DagBag from /home/airflow/.local/lib/python3.6/site-packages/airflow/example_dags/tutorial.py
[2026-01-10 09:36:52,474] {processor.py:623} INFO - DAG(s) dict_keys(['tutorial']) retrieved from /home/airflow/.local/lib/python3.6/site-packages/airflow/example_dags/tutorial.py
[2026-01-10 09:36:52,545] {logging_mixin.py:109} INFO - [2026-01-10 09:36:52,544] {dag.py:1833} INFO - Sync 1 DAGs
[2026-01-10 09:36:52,593] {logging_mixin.py:109} INFO - [2026-01-10 09:36:52,592] {dag.py:2306} INFO - Setting next_dagrun for tutorial to 2026-01-08 00:00:00+00:00
[2026-01-10 09:36:52,623] {processor.py:170} INFO - Processing /home/airflow/.local/lib/python3.6/site-packages/airflow/example_dags/tutorial.py took 0.196 seconds
[2026-01-10 09:37:23,366] {processor.py:162} INFO - Started process (PID=1118) to work on /home/airflow/.local/lib/python3.6/site-packages/airflow/example_dags/tutorial.py
[2026-01-10 09:37:23,377] {processor.py:613} INFO - Processing file /home/airflow/.local/lib/python3.6/site-packages/airflow/example_dags/tutorial.py for tasks to queue
[2026-01-10 09:37:23,394] {logging_mixin.py:109} INFO - [2026-01-10 09:37:23,384] {dagbag.py:496} INFO - Filling up the DagBag from /home/airflow/.local/lib/python3.6/site-packages/airflow/example_dags/tutorial.py
[2026-01-10 09:37:23,542] {processor.py:623} INFO - DAG(s) dict_keys(['tutorial']) retrieved from /home/airflow/.local/lib/python3.6/site-packages/airflow/example_dags/tutorial.py
[2026-01-10 09:37:23,737] {logging_mixin.py:109} INFO - [2026-01-10 09:37:23,736] {dag.py:1833} INFO - Sync 1 DAGs
[2026-01-10 09:37:23,954] {logging_mixin.py:109} INFO - [2026-01-10 09:37:23,954] {dag.py:2306} INFO - Setting next_dagrun for tutorial to 2026-01-08 00:00:00+00:00
[2026-01-10 09:37:24,118] {processor.py:170} INFO - Processing /home/airflow/.local/lib/python3.6/site-packages/airflow/example_dags/tutorial.py took 0.816 seconds
[2026-01-10 09:37:54,872] {processor.py:162} INFO - Started process (PID=1159) to work on /home/airflow/.local/lib/python3.6/site-packages/airflow/example_dags/tutorial.py
[2026-01-10 09:37:54,873] {processor.py:613} INFO - Processing file /home/airflow/.local/lib/python3.6/site-packages/airflow/example_dags/tutorial.py for tasks to queue
[2026-01-10 09:37:54,874] {logging_mixin.py:109} INFO - [2026-01-10 09:37:54,874] {dagbag.py:496} INFO - Filling up the DagBag from /home/airflow/.local/lib/python3.6/site-packages/airflow/example_dags/tutorial.py
[2026-01-10 09:37:54,897] {processor.py:623} INFO - DAG(s) dict_keys(['tutorial']) retrieved from /home/airflow/.local/lib/python3.6/site-packages/airflow/example_dags/tutorial.py
[2026-01-10 09:37:54,938] {logging_mixin.py:109} INFO - [2026-01-10 09:37:54,937] {dag.py:1833} INFO - Sync 1 DAGs
[2026-01-10 09:37:54,965] {logging_mixin.py:109} INFO - [2026-01-10 09:37:54,965] {dag.py:2306} INFO - Setting next_dagrun for tutorial to 2026-01-08 00:00:00+00:00
[2026-01-10 09:37:54,975] {processor.py:170} INFO - Processing /home/airflow/.local/lib/python3.6/site-packages/airflow/example_dags/tutorial.py took 0.106 seconds
[2026-01-10 09:38:25,169] {processor.py:162} INFO - Started process (PID=1210) to work on /home/airflow/.local/lib/python3.6/site-packages/airflow/example_dags/tutorial.py
[2026-01-10 09:38:25,171] {processor.py:613} INFO - Processing file /home/airflow/.local/lib/python3.6/site-packages/airflow/example_dags/tutorial.py for tasks to queue
[2026-01-10 09:38:25,172] {logging_mixin.py:109} INFO - [2026-01-10 09:38:25,171] {dagbag.py:496} INFO - Filling up the DagBag from /home/airflow/.local/lib/python3.6/site-packages/airflow/example_dags/tutorial.py
[2026-01-10 09:38:25,185] {processor.py:623} INFO - DAG(s) dict_keys(['tutorial']) retrieved from /home/airflow/.local/lib/python3.6/site-packages/airflow/example_dags/tutorial.py
[2026-01-10 09:38:25,210] {logging_mixin.py:109} INFO - [2026-01-10 09:38:25,210] {dag.py:1833} INFO - Sync 1 DAGs
[2026-01-10 09:38:25,231] {logging_mixin.py:109} INFO - [2026-01-10 09:38:25,231] {dag.py:2306} INFO - Setting next_dagrun for tutorial to 2026-01-08 00:00:00+00:00
[2026-01-10 09:38:25,245] {processor.py:170} INFO - Processing /home/airflow/.local/lib/python3.6/site-packages/airflow/example_dags/tutorial.py took 0.081 seconds
[2026-01-10 09:38:55,753] {processor.py:162} INFO - Started process (PID=1270) to work on /home/airflow/.local/lib/python3.6/site-packages/airflow/example_dags/tutorial.py
[2026-01-10 09:38:55,755] {processor.py:613} INFO - Processing file /home/airflow/.local/lib/python3.6/site-packages/airflow/example_dags/tutorial.py for tasks to queue
[2026-01-10 09:38:55,756] {logging_mixin.py:109} INFO - [2026-01-10 09:38:55,755] {dagbag.py:496} INFO - Filling up the DagBag from /home/airflow/.local/lib/python3.6/site-packages/airflow/example_dags/tutorial.py
[2026-01-10 09:38:55,776] {processor.py:623} INFO - DAG(s) dict_keys(['tutorial']) retrieved from /home/airflow/.local/lib/python3.6/site-packages/airflow/example_dags/tutorial.py
[2026-01-10 09:38:55,804] {logging_mixin.py:109} INFO - [2026-01-10 09:38:55,804] {dag.py:1833} INFO - Sync 1 DAGs
[2026-01-10 09:38:55,833] {logging_mixin.py:109} INFO - [2026-01-10 09:38:55,833] {dag.py:2306} INFO - Setting next_dagrun for tutorial to 2026-01-08 00:00:00+00:00
[2026-01-10 09:38:55,851] {processor.py:170} INFO - Processing /home/airflow/.local/lib/python3.6/site-packages/airflow/example_dags/tutorial.py took 0.103 seconds
[2026-01-10 09:39:26,788] {processor.py:162} INFO - Started process (PID=1321) to work on /home/airflow/.local/lib/python3.6/site-packages/airflow/example_dags/tutorial.py
[2026-01-10 09:39:26,790] {processor.py:613} INFO - Processing file /home/airflow/.local/lib/python3.6/site-packages/airflow/example_dags/tutorial.py for tasks to queue
[2026-01-10 09:39:26,791] {logging_mixin.py:109} INFO - [2026-01-10 09:39:26,790] {dagbag.py:496} INFO - Filling up the DagBag from /home/airflow/.local/lib/python3.6/site-packages/airflow/example_dags/tutorial.py
[2026-01-10 09:39:26,811] {processor.py:623} INFO - DAG(s) dict_keys(['tutorial']) retrieved from /home/airflow/.local/lib/python3.6/site-packages/airflow/example_dags/tutorial.py
[2026-01-10 09:39:26,846] {logging_mixin.py:109} INFO - [2026-01-10 09:39:26,846] {dag.py:1833} INFO - Sync 1 DAGs
[2026-01-10 09:39:26,875] {logging_mixin.py:109} INFO - [2026-01-10 09:39:26,875] {dag.py:2306} INFO - Setting next_dagrun for tutorial to 2026-01-08 00:00:00+00:00
[2026-01-10 09:39:26,890] {processor.py:170} INFO - Processing /home/airflow/.local/lib/python3.6/site-packages/airflow/example_dags/tutorial.py took 0.107 seconds
[2026-01-10 09:39:57,335] {processor.py:162} INFO - Started process (PID=1371) to work on /home/airflow/.local/lib/python3.6/site-packages/airflow/example_dags/tutorial.py
[2026-01-10 09:39:57,336] {processor.py:613} INFO - Processing file /home/airflow/.local/lib/python3.6/site-packages/airflow/example_dags/tutorial.py for tasks to queue
[2026-01-10 09:39:57,337] {logging_mixin.py:109} INFO - [2026-01-10 09:39:57,337] {dagbag.py:496} INFO - Filling up the DagBag from /home/airflow/.local/lib/python3.6/site-packages/airflow/example_dags/tutorial.py
[2026-01-10 09:39:57,363] {processor.py:623} INFO - DAG(s) dict_keys(['tutorial']) retrieved from /home/airflow/.local/lib/python3.6/site-packages/airflow/example_dags/tutorial.py
[2026-01-10 09:39:57,435] {logging_mixin.py:109} INFO - [2026-01-10 09:39:57,435] {dag.py:1833} INFO - Sync 1 DAGs
[2026-01-10 09:39:57,496] {logging_mixin.py:109} INFO - [2026-01-10 09:39:57,496] {dag.py:2306} INFO - Setting next_dagrun for tutorial to 2026-01-08 00:00:00+00:00
[2026-01-10 09:39:57,527] {processor.py:170} INFO - Processing /home/airflow/.local/lib/python3.6/site-packages/airflow/example_dags/tutorial.py took 0.197 seconds
[2026-01-10 09:40:28,413] {processor.py:162} INFO - Started process (PID=1430) to work on /home/airflow/.local/lib/python3.6/site-packages/airflow/example_dags/tutorial.py
[2026-01-10 09:40:28,415] {processor.py:613} INFO - Processing file /home/airflow/.local/lib/python3.6/site-packages/airflow/example_dags/tutorial.py for tasks to queue
[2026-01-10 09:40:28,418] {logging_mixin.py:109} INFO - [2026-01-10 09:40:28,416] {dagbag.py:496} INFO - Filling up the DagBag from /home/airflow/.local/lib/python3.6/site-packages/airflow/example_dags/tutorial.py
[2026-01-10 09:40:28,441] {processor.py:623} INFO - DAG(s) dict_keys(['tutorial']) retrieved from /home/airflow/.local/lib/python3.6/site-packages/airflow/example_dags/tutorial.py
[2026-01-10 09:40:28,475] {logging_mixin.py:109} INFO - [2026-01-10 09:40:28,475] {dag.py:1833} INFO - Sync 1 DAGs
[2026-01-10 09:40:28,536] {logging_mixin.py:109} INFO - [2026-01-10 09:40:28,536] {dag.py:2306} INFO - Setting next_dagrun for tutorial to 2026-01-08 00:00:00+00:00
[2026-01-10 09:40:28,587] {processor.py:170} INFO - Processing /home/airflow/.local/lib/python3.6/site-packages/airflow/example_dags/tutorial.py took 0.179 seconds
[2026-01-10 09:40:59,236] {processor.py:162} INFO - Started process (PID=1472) to work on /home/airflow/.local/lib/python3.6/site-packages/airflow/example_dags/tutorial.py
[2026-01-10 09:40:59,238] {processor.py:613} INFO - Processing file /home/airflow/.local/lib/python3.6/site-packages/airflow/example_dags/tutorial.py for tasks to queue
[2026-01-10 09:40:59,241] {logging_mixin.py:109} INFO - [2026-01-10 09:40:59,241] {dagbag.py:496} INFO - Filling up the DagBag from /home/airflow/.local/lib/python3.6/site-packages/airflow/example_dags/tutorial.py
[2026-01-10 09:40:59,267] {processor.py:623} INFO - DAG(s) dict_keys(['tutorial']) retrieved from /home/airflow/.local/lib/python3.6/site-packages/airflow/example_dags/tutorial.py
[2026-01-10 09:40:59,321] {logging_mixin.py:109} INFO - [2026-01-10 09:40:59,320] {dag.py:1833} INFO - Sync 1 DAGs
[2026-01-10 09:40:59,348] {logging_mixin.py:109} INFO - [2026-01-10 09:40:59,348] {dag.py:2306} INFO - Setting next_dagrun for tutorial to 2026-01-08 00:00:00+00:00
[2026-01-10 09:40:59,363] {processor.py:170} INFO - Processing /home/airflow/.local/lib/python3.6/site-packages/airflow/example_dags/tutorial.py took 0.133 seconds
[2026-01-10 09:41:30,234] {processor.py:162} INFO - Started process (PID=1532) to work on /home/airflow/.local/lib/python3.6/site-packages/airflow/example_dags/tutorial.py
[2026-01-10 09:41:30,239] {processor.py:613} INFO - Processing file /home/airflow/.local/lib/python3.6/site-packages/airflow/example_dags/tutorial.py for tasks to queue
[2026-01-10 09:41:30,242] {logging_mixin.py:109} INFO - [2026-01-10 09:41:30,242] {dagbag.py:496} INFO - Filling up the DagBag from /home/airflow/.local/lib/python3.6/site-packages/airflow/example_dags/tutorial.py
[2026-01-10 09:41:30,289] {processor.py:623} INFO - DAG(s) dict_keys(['tutorial']) retrieved from /home/airflow/.local/lib/python3.6/site-packages/airflow/example_dags/tutorial.py
[2026-01-10 09:41:30,343] {logging_mixin.py:109} INFO - [2026-01-10 09:41:30,343] {dag.py:1833} INFO - Sync 1 DAGs
[2026-01-10 09:41:30,375] {logging_mixin.py:109} INFO - [2026-01-10 09:41:30,375] {dag.py:2306} INFO - Setting next_dagrun for tutorial to 2026-01-08 00:00:00+00:00
[2026-01-10 09:41:30,393] {processor.py:170} INFO - Processing /home/airflow/.local/lib/python3.6/site-packages/airflow/example_dags/tutorial.py took 0.173 seconds
[2026-01-10 09:42:00,991] {processor.py:162} INFO - Started process (PID=1583) to work on /home/airflow/.local/lib/python3.6/site-packages/airflow/example_dags/tutorial.py
[2026-01-10 09:42:00,992] {processor.py:613} INFO - Processing file /home/airflow/.local/lib/python3.6/site-packages/airflow/example_dags/tutorial.py for tasks to queue
[2026-01-10 09:42:00,992] {logging_mixin.py:109} INFO - [2026-01-10 09:42:00,992] {dagbag.py:496} INFO - Filling up the DagBag from /home/airflow/.local/lib/python3.6/site-packages/airflow/example_dags/tutorial.py
[2026-01-10 09:42:01,010] {processor.py:623} INFO - DAG(s) dict_keys(['tutorial']) retrieved from /home/airflow/.local/lib/python3.6/site-packages/airflow/example_dags/tutorial.py
[2026-01-10 09:42:01,033] {logging_mixin.py:109} INFO - [2026-01-10 09:42:01,033] {dag.py:1833} INFO - Sync 1 DAGs
[2026-01-10 09:42:01,052] {logging_mixin.py:109} INFO - [2026-01-10 09:42:01,052] {dag.py:2306} INFO - Setting next_dagrun for tutorial to 2026-01-08 00:00:00+00:00
[2026-01-10 09:42:01,062] {processor.py:170} INFO - Processing /home/airflow/.local/lib/python3.6/site-packages/airflow/example_dags/tutorial.py took 0.074 seconds
[2026-01-10 09:42:31,119] {processor.py:162} INFO - Started process (PID=1634) to work on /home/airflow/.local/lib/python3.6/site-packages/airflow/example_dags/tutorial.py
[2026-01-10 09:42:31,120] {processor.py:613} INFO - Processing file /home/airflow/.local/lib/python3.6/site-packages/airflow/example_dags/tutorial.py for tasks to queue
[2026-01-10 09:42:31,121] {logging_mixin.py:109} INFO - [2026-01-10 09:42:31,121] {dagbag.py:496} INFO - Filling up the DagBag from /home/airflow/.local/lib/python3.6/site-packages/airflow/example_dags/tutorial.py
[2026-01-10 09:42:31,137] {processor.py:623} INFO - DAG(s) dict_keys(['tutorial']) retrieved from /home/airflow/.local/lib/python3.6/site-packages/airflow/example_dags/tutorial.py
[2026-01-10 09:42:31,160] {logging_mixin.py:109} INFO - [2026-01-10 09:42:31,160] {dag.py:1833} INFO - Sync 1 DAGs
[2026-01-10 09:42:31,178] {logging_mixin.py:109} INFO - [2026-01-10 09:42:31,178] {dag.py:2306} INFO - Setting next_dagrun for tutorial to 2026-01-08 00:00:00+00:00
[2026-01-10 09:42:31,191] {processor.py:170} INFO - Processing /home/airflow/.local/lib/python3.6/site-packages/airflow/example_dags/tutorial.py took 0.076 seconds
[2026-01-10 09:43:01,262] {processor.py:162} INFO - Started process (PID=1684) to work on /home/airflow/.local/lib/python3.6/site-packages/airflow/example_dags/tutorial.py
[2026-01-10 09:43:01,264] {processor.py:613} INFO - Processing file /home/airflow/.local/lib/python3.6/site-packages/airflow/example_dags/tutorial.py for tasks to queue
[2026-01-10 09:43:01,265] {logging_mixin.py:109} INFO - [2026-01-10 09:43:01,265] {dagbag.py:496} INFO - Filling up the DagBag from /home/airflow/.local/lib/python3.6/site-packages/airflow/example_dags/tutorial.py
[2026-01-10 09:43:01,295] {processor.py:623} INFO - DAG(s) dict_keys(['tutorial']) retrieved from /home/airflow/.local/lib/python3.6/site-packages/airflow/example_dags/tutorial.py
[2026-01-10 09:43:01,331] {logging_mixin.py:109} INFO - [2026-01-10 09:43:01,330] {dag.py:1833} INFO - Sync 1 DAGs
[2026-01-10 09:43:01,357] {logging_mixin.py:109} INFO - [2026-01-10 09:43:01,357] {dag.py:2306} INFO - Setting next_dagrun for tutorial to 2026-01-08 00:00:00+00:00
[2026-01-10 09:43:01,371] {processor.py:170} INFO - Processing /home/airflow/.local/lib/python3.6/site-packages/airflow/example_dags/tutorial.py took 0.113 seconds
[2026-01-10 09:43:31,408] {processor.py:162} INFO - Started process (PID=1743) to work on /home/airflow/.local/lib/python3.6/site-packages/airflow/example_dags/tutorial.py
[2026-01-10 09:43:31,411] {processor.py:613} INFO - Processing file /home/airflow/.local/lib/python3.6/site-packages/airflow/example_dags/tutorial.py for tasks to queue
[2026-01-10 09:43:31,412] {logging_mixin.py:109} INFO - [2026-01-10 09:43:31,412] {dagbag.py:496} INFO - Filling up the DagBag from /home/airflow/.local/lib/python3.6/site-packages/airflow/example_dags/tutorial.py
[2026-01-10 09:43:31,434] {processor.py:623} INFO - DAG(s) dict_keys(['tutorial']) retrieved from /home/airflow/.local/lib/python3.6/site-packages/airflow/example_dags/tutorial.py
[2026-01-10 09:43:31,473] {logging_mixin.py:109} INFO - [2026-01-10 09:43:31,473] {dag.py:1833} INFO - Sync 1 DAGs
[2026-01-10 09:43:31,498] {logging_mixin.py:109} INFO - [2026-01-10 09:43:31,498] {dag.py:2306} INFO - Setting next_dagrun for tutorial to 2026-01-08 00:00:00+00:00
[2026-01-10 09:43:31,511] {processor.py:170} INFO - Processing /home/airflow/.local/lib/python3.6/site-packages/airflow/example_dags/tutorial.py took 0.109 seconds
[2026-01-10 09:44:01,566] {processor.py:162} INFO - Started process (PID=1795) to work on /home/airflow/.local/lib/python3.6/site-packages/airflow/example_dags/tutorial.py
[2026-01-10 09:44:01,568] {processor.py:613} INFO - Processing file /home/airflow/.local/lib/python3.6/site-packages/airflow/example_dags/tutorial.py for tasks to queue
[2026-01-10 09:44:01,569] {logging_mixin.py:109} INFO - [2026-01-10 09:44:01,569] {dagbag.py:496} INFO - Filling up the DagBag from /home/airflow/.local/lib/python3.6/site-packages/airflow/example_dags/tutorial.py
[2026-01-10 09:44:01,609] {processor.py:623} INFO - DAG(s) dict_keys(['tutorial']) retrieved from /home/airflow/.local/lib/python3.6/site-packages/airflow/example_dags/tutorial.py
[2026-01-10 09:44:01,659] {logging_mixin.py:109} INFO - [2026-01-10 09:44:01,659] {dag.py:1833} INFO - Sync 1 DAGs
[2026-01-10 09:44:01,702] {logging_mixin.py:109} INFO - [2026-01-10 09:44:01,701] {dag.py:2306} INFO - Setting next_dagrun for tutorial to 2026-01-08 00:00:00+00:00
[2026-01-10 09:44:01,717] {processor.py:170} INFO - Processing /home/airflow/.local/lib/python3.6/site-packages/airflow/example_dags/tutorial.py took 0.157 seconds
[2026-01-10 09:44:32,051] {processor.py:162} INFO - Started process (PID=1843) to work on /home/airflow/.local/lib/python3.6/site-packages/airflow/example_dags/tutorial.py
[2026-01-10 09:44:32,053] {processor.py:613} INFO - Processing file /home/airflow/.local/lib/python3.6/site-packages/airflow/example_dags/tutorial.py for tasks to queue
[2026-01-10 09:44:32,054] {logging_mixin.py:109} INFO - [2026-01-10 09:44:32,053] {dagbag.py:496} INFO - Filling up the DagBag from /home/airflow/.local/lib/python3.6/site-packages/airflow/example_dags/tutorial.py
[2026-01-10 09:44:32,082] {processor.py:623} INFO - DAG(s) dict_keys(['tutorial']) retrieved from /home/airflow/.local/lib/python3.6/site-packages/airflow/example_dags/tutorial.py
[2026-01-10 09:44:32,117] {logging_mixin.py:109} INFO - [2026-01-10 09:44:32,117] {dag.py:1833} INFO - Sync 1 DAGs
[2026-01-10 09:44:32,145] {logging_mixin.py:109} INFO - [2026-01-10 09:44:32,145] {dag.py:2306} INFO - Setting next_dagrun for tutorial to 2026-01-08 00:00:00+00:00
[2026-01-10 09:44:32,159] {processor.py:170} INFO - Processing /home/airflow/.local/lib/python3.6/site-packages/airflow/example_dags/tutorial.py took 0.112 seconds
[2026-01-10 09:45:02,201] {processor.py:162} INFO - Started process (PID=1896) to work on /home/airflow/.local/lib/python3.6/site-packages/airflow/example_dags/tutorial.py
[2026-01-10 09:45:02,203] {processor.py:613} INFO - Processing file /home/airflow/.local/lib/python3.6/site-packages/airflow/example_dags/tutorial.py for tasks to queue
[2026-01-10 09:45:02,204] {logging_mixin.py:109} INFO - [2026-01-10 09:45:02,204] {dagbag.py:496} INFO - Filling up the DagBag from /home/airflow/.local/lib/python3.6/site-packages/airflow/example_dags/tutorial.py
[2026-01-10 09:45:02,230] {processor.py:623} INFO - DAG(s) dict_keys(['tutorial']) retrieved from /home/airflow/.local/lib/python3.6/site-packages/airflow/example_dags/tutorial.py
[2026-01-10 09:45:02,270] {logging_mixin.py:109} INFO - [2026-01-10 09:45:02,269] {dag.py:1833} INFO - Sync 1 DAGs
[2026-01-10 09:45:02,299] {logging_mixin.py:109} INFO - [2026-01-10 09:45:02,298] {dag.py:2306} INFO - Setting next_dagrun for tutorial to 2026-01-08 00:00:00+00:00
[2026-01-10 09:45:02,316] {processor.py:170} INFO - Processing /home/airflow/.local/lib/python3.6/site-packages/airflow/example_dags/tutorial.py took 0.121 seconds
[2026-01-10 09:45:32,895] {processor.py:162} INFO - Started process (PID=1948) to work on /home/airflow/.local/lib/python3.6/site-packages/airflow/example_dags/tutorial.py
[2026-01-10 09:45:32,897] {processor.py:613} INFO - Processing file /home/airflow/.local/lib/python3.6/site-packages/airflow/example_dags/tutorial.py for tasks to queue
[2026-01-10 09:45:32,898] {logging_mixin.py:109} INFO - [2026-01-10 09:45:32,898] {dagbag.py:496} INFO - Filling up the DagBag from /home/airflow/.local/lib/python3.6/site-packages/airflow/example_dags/tutorial.py
[2026-01-10 09:45:32,950] {processor.py:623} INFO - DAG(s) dict_keys(['tutorial']) retrieved from /home/airflow/.local/lib/python3.6/site-packages/airflow/example_dags/tutorial.py
[2026-01-10 09:45:32,990] {logging_mixin.py:109} INFO - [2026-01-10 09:45:32,990] {dag.py:1833} INFO - Sync 1 DAGs
[2026-01-10 09:45:33,019] {logging_mixin.py:109} INFO - [2026-01-10 09:45:33,019] {dag.py:2306} INFO - Setting next_dagrun for tutorial to 2026-01-08 00:00:00+00:00
[2026-01-10 09:45:33,038] {processor.py:170} INFO - Processing /home/airflow/.local/lib/python3.6/site-packages/airflow/example_dags/tutorial.py took 0.148 seconds
[2026-01-10 09:46:03,146] {processor.py:162} INFO - Started process (PID=1998) to work on /home/airflow/.local/lib/python3.6/site-packages/airflow/example_dags/tutorial.py
[2026-01-10 09:46:03,149] {processor.py:613} INFO - Processing file /home/airflow/.local/lib/python3.6/site-packages/airflow/example_dags/tutorial.py for tasks to queue
[2026-01-10 09:46:03,151] {logging_mixin.py:109} INFO - [2026-01-10 09:46:03,151] {dagbag.py:496} INFO - Filling up the DagBag from /home/airflow/.local/lib/python3.6/site-packages/airflow/example_dags/tutorial.py
[2026-01-10 09:46:03,174] {processor.py:623} INFO - DAG(s) dict_keys(['tutorial']) retrieved from /home/airflow/.local/lib/python3.6/site-packages/airflow/example_dags/tutorial.py
[2026-01-10 09:46:03,222] {logging_mixin.py:109} INFO - [2026-01-10 09:46:03,222] {dag.py:1833} INFO - Sync 1 DAGs
[2026-01-10 09:46:03,244] {logging_mixin.py:109} INFO - [2026-01-10 09:46:03,244] {dag.py:2306} INFO - Setting next_dagrun for tutorial to 2026-01-08 00:00:00+00:00
[2026-01-10 09:46:03,266] {processor.py:170} INFO - Processing /home/airflow/.local/lib/python3.6/site-packages/airflow/example_dags/tutorial.py took 0.125 seconds
[2026-01-10 09:46:33,518] {processor.py:162} INFO - Started process (PID=2048) to work on /home/airflow/.local/lib/python3.6/site-packages/airflow/example_dags/tutorial.py
[2026-01-10 09:46:33,520] {processor.py:613} INFO - Processing file /home/airflow/.local/lib/python3.6/site-packages/airflow/example_dags/tutorial.py for tasks to queue
[2026-01-10 09:46:33,520] {logging_mixin.py:109} INFO - [2026-01-10 09:46:33,520] {dagbag.py:496} INFO - Filling up the DagBag from /home/airflow/.local/lib/python3.6/site-packages/airflow/example_dags/tutorial.py
[2026-01-10 09:46:33,545] {processor.py:623} INFO - DAG(s) dict_keys(['tutorial']) retrieved from /home/airflow/.local/lib/python3.6/site-packages/airflow/example_dags/tutorial.py
[2026-01-10 09:46:33,579] {logging_mixin.py:109} INFO - [2026-01-10 09:46:33,579] {dag.py:1833} INFO - Sync 1 DAGs
[2026-01-10 09:46:33,607] {logging_mixin.py:109} INFO - [2026-01-10 09:46:33,607] {dag.py:2306} INFO - Setting next_dagrun for tutorial to 2026-01-08 00:00:00+00:00
[2026-01-10 09:46:33,629] {processor.py:170} INFO - Processing /home/airflow/.local/lib/python3.6/site-packages/airflow/example_dags/tutorial.py took 0.115 seconds
[2026-01-10 09:47:03,955] {processor.py:162} INFO - Started process (PID=2099) to work on /home/airflow/.local/lib/python3.6/site-packages/airflow/example_dags/tutorial.py
[2026-01-10 09:47:03,958] {processor.py:613} INFO - Processing file /home/airflow/.local/lib/python3.6/site-packages/airflow/example_dags/tutorial.py for tasks to queue
[2026-01-10 09:47:03,960] {logging_mixin.py:109} INFO - [2026-01-10 09:47:03,959] {dagbag.py:496} INFO - Filling up the DagBag from /home/airflow/.local/lib/python3.6/site-packages/airflow/example_dags/tutorial.py
[2026-01-10 09:47:03,990] {processor.py:623} INFO - DAG(s) dict_keys(['tutorial']) retrieved from /home/airflow/.local/lib/python3.6/site-packages/airflow/example_dags/tutorial.py
[2026-01-10 09:47:04,026] {logging_mixin.py:109} INFO - [2026-01-10 09:47:04,026] {dag.py:1833} INFO - Sync 1 DAGs
[2026-01-10 09:47:04,049] {logging_mixin.py:109} INFO - [2026-01-10 09:47:04,049] {dag.py:2306} INFO - Setting next_dagrun for tutorial to 2026-01-08 00:00:00+00:00
[2026-01-10 09:47:04,059] {processor.py:170} INFO - Processing /home/airflow/.local/lib/python3.6/site-packages/airflow/example_dags/tutorial.py took 0.110 seconds
[2026-01-10 09:47:34,559] {processor.py:162} INFO - Started process (PID=2140) to work on /home/airflow/.local/lib/python3.6/site-packages/airflow/example_dags/tutorial.py
[2026-01-10 09:47:34,561] {processor.py:613} INFO - Processing file /home/airflow/.local/lib/python3.6/site-packages/airflow/example_dags/tutorial.py for tasks to queue
[2026-01-10 09:47:34,562] {logging_mixin.py:109} INFO - [2026-01-10 09:47:34,562] {dagbag.py:496} INFO - Filling up the DagBag from /home/airflow/.local/lib/python3.6/site-packages/airflow/example_dags/tutorial.py
[2026-01-10 09:47:34,601] {processor.py:623} INFO - DAG(s) dict_keys(['tutorial']) retrieved from /home/airflow/.local/lib/python3.6/site-packages/airflow/example_dags/tutorial.py
[2026-01-10 09:47:34,669] {logging_mixin.py:109} INFO - [2026-01-10 09:47:34,668] {dag.py:1833} INFO - Sync 1 DAGs
[2026-01-10 09:47:34,710] {logging_mixin.py:109} INFO - [2026-01-10 09:47:34,710] {dag.py:2306} INFO - Setting next_dagrun for tutorial to 2026-01-08 00:00:00+00:00
[2026-01-10 09:47:34,731] {processor.py:170} INFO - Processing /home/airflow/.local/lib/python3.6/site-packages/airflow/example_dags/tutorial.py took 0.177 seconds
[2026-01-10 09:48:08,415] {processor.py:162} INFO - Started process (PID=2181) to work on /home/airflow/.local/lib/python3.6/site-packages/airflow/example_dags/tutorial.py
[2026-01-10 09:48:08,417] {processor.py:613} INFO - Processing file /home/airflow/.local/lib/python3.6/site-packages/airflow/example_dags/tutorial.py for tasks to queue
[2026-01-10 09:48:08,419] {logging_mixin.py:109} INFO - [2026-01-10 09:48:08,418] {dagbag.py:496} INFO - Filling up the DagBag from /home/airflow/.local/lib/python3.6/site-packages/airflow/example_dags/tutorial.py
[2026-01-10 09:48:08,465] {processor.py:623} INFO - DAG(s) dict_keys(['tutorial']) retrieved from /home/airflow/.local/lib/python3.6/site-packages/airflow/example_dags/tutorial.py
[2026-01-10 09:48:08,743] {logging_mixin.py:109} INFO - [2026-01-10 09:48:08,742] {dag.py:1833} INFO - Sync 1 DAGs
[2026-01-10 09:48:08,789] {logging_mixin.py:109} INFO - [2026-01-10 09:48:08,789] {dag.py:2306} INFO - Setting next_dagrun for tutorial to 2026-01-08 00:00:00+00:00
[2026-01-10 09:48:08,812] {processor.py:170} INFO - Processing /home/airflow/.local/lib/python3.6/site-packages/airflow/example_dags/tutorial.py took 0.410 seconds
[2026-01-10 09:48:39,025] {processor.py:162} INFO - Started process (PID=2220) to work on /home/airflow/.local/lib/python3.6/site-packages/airflow/example_dags/tutorial.py
[2026-01-10 09:48:39,028] {processor.py:613} INFO - Processing file /home/airflow/.local/lib/python3.6/site-packages/airflow/example_dags/tutorial.py for tasks to queue
[2026-01-10 09:48:39,029] {logging_mixin.py:109} INFO - [2026-01-10 09:48:39,028] {dagbag.py:496} INFO - Filling up the DagBag from /home/airflow/.local/lib/python3.6/site-packages/airflow/example_dags/tutorial.py
[2026-01-10 09:48:39,067] {processor.py:623} INFO - DAG(s) dict_keys(['tutorial']) retrieved from /home/airflow/.local/lib/python3.6/site-packages/airflow/example_dags/tutorial.py
[2026-01-10 09:48:39,153] {logging_mixin.py:109} INFO - [2026-01-10 09:48:39,153] {dag.py:1833} INFO - Sync 1 DAGs
[2026-01-10 09:48:39,207] {logging_mixin.py:109} INFO - [2026-01-10 09:48:39,207] {dag.py:2306} INFO - Setting next_dagrun for tutorial to 2026-01-08 00:00:00+00:00
[2026-01-10 09:48:39,227] {processor.py:170} INFO - Processing /home/airflow/.local/lib/python3.6/site-packages/airflow/example_dags/tutorial.py took 0.210 seconds
[2026-01-10 09:49:19,371] {processor.py:162} INFO - Started process (PID=2260) to work on /home/airflow/.local/lib/python3.6/site-packages/airflow/example_dags/tutorial.py
[2026-01-10 09:49:19,374] {processor.py:613} INFO - Processing file /home/airflow/.local/lib/python3.6/site-packages/airflow/example_dags/tutorial.py for tasks to queue
[2026-01-10 09:49:19,375] {logging_mixin.py:109} INFO - [2026-01-10 09:49:19,375] {dagbag.py:496} INFO - Filling up the DagBag from /home/airflow/.local/lib/python3.6/site-packages/airflow/example_dags/tutorial.py
[2026-01-10 09:49:19,413] {processor.py:623} INFO - DAG(s) dict_keys(['tutorial']) retrieved from /home/airflow/.local/lib/python3.6/site-packages/airflow/example_dags/tutorial.py
[2026-01-10 09:49:19,454] {logging_mixin.py:109} INFO - [2026-01-10 09:49:19,454] {dag.py:1833} INFO - Sync 1 DAGs
[2026-01-10 09:49:19,489] {logging_mixin.py:109} INFO - [2026-01-10 09:49:19,488] {dag.py:2306} INFO - Setting next_dagrun for tutorial to 2026-01-08 00:00:00+00:00
[2026-01-10 09:49:19,508] {processor.py:170} INFO - Processing /home/airflow/.local/lib/python3.6/site-packages/airflow/example_dags/tutorial.py took 0.144 seconds
[2026-01-10 09:49:49,620] {processor.py:162} INFO - Started process (PID=2312) to work on /home/airflow/.local/lib/python3.6/site-packages/airflow/example_dags/tutorial.py
[2026-01-10 09:49:49,622] {processor.py:613} INFO - Processing file /home/airflow/.local/lib/python3.6/site-packages/airflow/example_dags/tutorial.py for tasks to queue
[2026-01-10 09:49:49,623] {logging_mixin.py:109} INFO - [2026-01-10 09:49:49,623] {dagbag.py:496} INFO - Filling up the DagBag from /home/airflow/.local/lib/python3.6/site-packages/airflow/example_dags/tutorial.py
[2026-01-10 09:49:49,666] {processor.py:623} INFO - DAG(s) dict_keys(['tutorial']) retrieved from /home/airflow/.local/lib/python3.6/site-packages/airflow/example_dags/tutorial.py
[2026-01-10 09:49:49,733] {logging_mixin.py:109} INFO - [2026-01-10 09:49:49,733] {dag.py:1833} INFO - Sync 1 DAGs
[2026-01-10 09:49:49,799] {logging_mixin.py:109} INFO - [2026-01-10 09:49:49,798] {dag.py:2306} INFO - Setting next_dagrun for tutorial to 2026-01-08 00:00:00+00:00
[2026-01-10 09:49:49,831] {processor.py:170} INFO - Processing /home/airflow/.local/lib/python3.6/site-packages/airflow/example_dags/tutorial.py took 0.215 seconds
[2026-01-10 09:50:20,643] {processor.py:162} INFO - Started process (PID=2354) to work on /home/airflow/.local/lib/python3.6/site-packages/airflow/example_dags/tutorial.py
[2026-01-10 09:50:20,651] {processor.py:613} INFO - Processing file /home/airflow/.local/lib/python3.6/site-packages/airflow/example_dags/tutorial.py for tasks to queue
[2026-01-10 09:50:20,652] {logging_mixin.py:109} INFO - [2026-01-10 09:50:20,652] {dagbag.py:496} INFO - Filling up the DagBag from /home/airflow/.local/lib/python3.6/site-packages/airflow/example_dags/tutorial.py
[2026-01-10 09:50:20,691] {processor.py:623} INFO - DAG(s) dict_keys(['tutorial']) retrieved from /home/airflow/.local/lib/python3.6/site-packages/airflow/example_dags/tutorial.py
[2026-01-10 09:50:20,756] {logging_mixin.py:109} INFO - [2026-01-10 09:50:20,756] {dag.py:1833} INFO - Sync 1 DAGs
[2026-01-10 09:50:20,791] {logging_mixin.py:109} INFO - [2026-01-10 09:50:20,791] {dag.py:2306} INFO - Setting next_dagrun for tutorial to 2026-01-08 00:00:00+00:00
[2026-01-10 09:50:20,812] {processor.py:170} INFO - Processing /home/airflow/.local/lib/python3.6/site-packages/airflow/example_dags/tutorial.py took 0.189 seconds
[2026-01-10 09:50:51,722] {processor.py:162} INFO - Started process (PID=2414) to work on /home/airflow/.local/lib/python3.6/site-packages/airflow/example_dags/tutorial.py
[2026-01-10 09:50:51,723] {processor.py:613} INFO - Processing file /home/airflow/.local/lib/python3.6/site-packages/airflow/example_dags/tutorial.py for tasks to queue
[2026-01-10 09:50:51,724] {logging_mixin.py:109} INFO - [2026-01-10 09:50:51,724] {dagbag.py:496} INFO - Filling up the DagBag from /home/airflow/.local/lib/python3.6/site-packages/airflow/example_dags/tutorial.py
[2026-01-10 09:50:51,750] {processor.py:623} INFO - DAG(s) dict_keys(['tutorial']) retrieved from /home/airflow/.local/lib/python3.6/site-packages/airflow/example_dags/tutorial.py
[2026-01-10 09:50:51,803] {logging_mixin.py:109} INFO - [2026-01-10 09:50:51,803] {dag.py:1833} INFO - Sync 1 DAGs
[2026-01-10 09:50:51,830] {logging_mixin.py:109} INFO - [2026-01-10 09:50:51,830] {dag.py:2306} INFO - Setting next_dagrun for tutorial to 2026-01-08 00:00:00+00:00
[2026-01-10 09:50:51,850] {processor.py:170} INFO - Processing /home/airflow/.local/lib/python3.6/site-packages/airflow/example_dags/tutorial.py took 0.135 seconds
[2026-01-10 09:51:22,762] {processor.py:162} INFO - Started process (PID=2465) to work on /home/airflow/.local/lib/python3.6/site-packages/airflow/example_dags/tutorial.py
[2026-01-10 09:51:22,764] {processor.py:613} INFO - Processing file /home/airflow/.local/lib/python3.6/site-packages/airflow/example_dags/tutorial.py for tasks to queue
[2026-01-10 09:51:22,765] {logging_mixin.py:109} INFO - [2026-01-10 09:51:22,764] {dagbag.py:496} INFO - Filling up the DagBag from /home/airflow/.local/lib/python3.6/site-packages/airflow/example_dags/tutorial.py
[2026-01-10 09:51:22,790] {processor.py:623} INFO - DAG(s) dict_keys(['tutorial']) retrieved from /home/airflow/.local/lib/python3.6/site-packages/airflow/example_dags/tutorial.py
[2026-01-10 09:51:22,827] {logging_mixin.py:109} INFO - [2026-01-10 09:51:22,827] {dag.py:1833} INFO - Sync 1 DAGs
[2026-01-10 09:51:22,855] {logging_mixin.py:109} INFO - [2026-01-10 09:51:22,854] {dag.py:2306} INFO - Setting next_dagrun for tutorial to 2026-01-08 00:00:00+00:00
[2026-01-10 09:51:22,872] {processor.py:170} INFO - Processing /home/airflow/.local/lib/python3.6/site-packages/airflow/example_dags/tutorial.py took 0.117 seconds
[2026-01-10 09:51:53,483] {processor.py:162} INFO - Started process (PID=2515) to work on /home/airflow/.local/lib/python3.6/site-packages/airflow/example_dags/tutorial.py
[2026-01-10 09:51:53,498] {processor.py:613} INFO - Processing file /home/airflow/.local/lib/python3.6/site-packages/airflow/example_dags/tutorial.py for tasks to queue
[2026-01-10 09:51:53,501] {logging_mixin.py:109} INFO - [2026-01-10 09:51:53,500] {dagbag.py:496} INFO - Filling up the DagBag from /home/airflow/.local/lib/python3.6/site-packages/airflow/example_dags/tutorial.py
[2026-01-10 09:51:53,547] {processor.py:623} INFO - DAG(s) dict_keys(['tutorial']) retrieved from /home/airflow/.local/lib/python3.6/site-packages/airflow/example_dags/tutorial.py
[2026-01-10 09:51:53,634] {logging_mixin.py:109} INFO - [2026-01-10 09:51:53,634] {dag.py:1833} INFO - Sync 1 DAGs
[2026-01-10 09:51:53,726] {logging_mixin.py:109} INFO - [2026-01-10 09:51:53,726] {dag.py:2306} INFO - Setting next_dagrun for tutorial to 2026-01-08 00:00:00+00:00
[2026-01-10 09:51:53,764] {processor.py:170} INFO - Processing /home/airflow/.local/lib/python3.6/site-packages/airflow/example_dags/tutorial.py took 0.307 seconds
[2026-01-10 09:52:24,649] {processor.py:162} INFO - Started process (PID=2556) to work on /home/airflow/.local/lib/python3.6/site-packages/airflow/example_dags/tutorial.py
[2026-01-10 09:52:24,651] {processor.py:613} INFO - Processing file /home/airflow/.local/lib/python3.6/site-packages/airflow/example_dags/tutorial.py for tasks to queue
[2026-01-10 09:52:24,652] {logging_mixin.py:109} INFO - [2026-01-10 09:52:24,652] {dagbag.py:496} INFO - Filling up the DagBag from /home/airflow/.local/lib/python3.6/site-packages/airflow/example_dags/tutorial.py
[2026-01-10 09:52:24,683] {processor.py:623} INFO - DAG(s) dict_keys(['tutorial']) retrieved from /home/airflow/.local/lib/python3.6/site-packages/airflow/example_dags/tutorial.py
[2026-01-10 09:52:24,720] {logging_mixin.py:109} INFO - [2026-01-10 09:52:24,720] {dag.py:1833} INFO - Sync 1 DAGs
[2026-01-10 09:52:24,747] {logging_mixin.py:109} INFO - [2026-01-10 09:52:24,747] {dag.py:2306} INFO - Setting next_dagrun for tutorial to 2026-01-08 00:00:00+00:00
[2026-01-10 09:52:24,760] {processor.py:170} INFO - Processing /home/airflow/.local/lib/python3.6/site-packages/airflow/example_dags/tutorial.py took 0.114 seconds
[2026-01-10 09:52:55,391] {processor.py:162} INFO - Started process (PID=2606) to work on /home/airflow/.local/lib/python3.6/site-packages/airflow/example_dags/tutorial.py
[2026-01-10 09:52:55,394] {processor.py:613} INFO - Processing file /home/airflow/.local/lib/python3.6/site-packages/airflow/example_dags/tutorial.py for tasks to queue
[2026-01-10 09:52:55,397] {logging_mixin.py:109} INFO - [2026-01-10 09:52:55,397] {dagbag.py:496} INFO - Filling up the DagBag from /home/airflow/.local/lib/python3.6/site-packages/airflow/example_dags/tutorial.py
[2026-01-10 09:52:55,459] {processor.py:623} INFO - DAG(s) dict_keys(['tutorial']) retrieved from /home/airflow/.local/lib/python3.6/site-packages/airflow/example_dags/tutorial.py
[2026-01-10 09:52:55,534] {logging_mixin.py:109} INFO - [2026-01-10 09:52:55,533] {dag.py:1833} INFO - Sync 1 DAGs
[2026-01-10 09:52:55,586] {logging_mixin.py:109} INFO - [2026-01-10 09:52:55,586] {dag.py:2306} INFO - Setting next_dagrun for tutorial to 2026-01-08 00:00:00+00:00
[2026-01-10 09:52:55,607] {processor.py:170} INFO - Processing /home/airflow/.local/lib/python3.6/site-packages/airflow/example_dags/tutorial.py took 0.232 seconds
[2026-01-10 09:53:26,119] {processor.py:162} INFO - Started process (PID=2649) to work on /home/airflow/.local/lib/python3.6/site-packages/airflow/example_dags/tutorial.py
[2026-01-10 09:53:26,135] {processor.py:613} INFO - Processing file /home/airflow/.local/lib/python3.6/site-packages/airflow/example_dags/tutorial.py for tasks to queue
[2026-01-10 09:53:26,136] {logging_mixin.py:109} INFO - [2026-01-10 09:53:26,136] {dagbag.py:496} INFO - Filling up the DagBag from /home/airflow/.local/lib/python3.6/site-packages/airflow/example_dags/tutorial.py
[2026-01-10 09:53:26,242] {processor.py:623} INFO - DAG(s) dict_keys(['tutorial']) retrieved from /home/airflow/.local/lib/python3.6/site-packages/airflow/example_dags/tutorial.py
[2026-01-10 09:53:26,390] {logging_mixin.py:109} INFO - [2026-01-10 09:53:26,390] {dag.py:1833} INFO - Sync 1 DAGs
[2026-01-10 09:53:26,425] {logging_mixin.py:109} INFO - [2026-01-10 09:53:26,425] {dag.py:2306} INFO - Setting next_dagrun for tutorial to 2026-01-08 00:00:00+00:00
[2026-01-10 09:53:26,447] {processor.py:170} INFO - Processing /home/airflow/.local/lib/python3.6/site-packages/airflow/example_dags/tutorial.py took 0.359 seconds
[2026-01-10 09:53:57,268] {processor.py:162} INFO - Started process (PID=2691) to work on /home/airflow/.local/lib/python3.6/site-packages/airflow/example_dags/tutorial.py
[2026-01-10 09:53:57,274] {processor.py:613} INFO - Processing file /home/airflow/.local/lib/python3.6/site-packages/airflow/example_dags/tutorial.py for tasks to queue
[2026-01-10 09:53:57,278] {logging_mixin.py:109} INFO - [2026-01-10 09:53:57,275] {dagbag.py:496} INFO - Filling up the DagBag from /home/airflow/.local/lib/python3.6/site-packages/airflow/example_dags/tutorial.py
[2026-01-10 09:53:57,308] {processor.py:623} INFO - DAG(s) dict_keys(['tutorial']) retrieved from /home/airflow/.local/lib/python3.6/site-packages/airflow/example_dags/tutorial.py
[2026-01-10 09:53:57,385] {logging_mixin.py:109} INFO - [2026-01-10 09:53:57,384] {dag.py:1833} INFO - Sync 1 DAGs
[2026-01-10 09:53:57,419] {logging_mixin.py:109} INFO - [2026-01-10 09:53:57,418] {dag.py:2306} INFO - Setting next_dagrun for tutorial to 2026-01-08 00:00:00+00:00
[2026-01-10 09:53:57,443] {processor.py:170} INFO - Processing /home/airflow/.local/lib/python3.6/site-packages/airflow/example_dags/tutorial.py took 0.184 seconds
[2026-01-10 09:54:27,530] {processor.py:162} INFO - Started process (PID=2732) to work on /home/airflow/.local/lib/python3.6/site-packages/airflow/example_dags/tutorial.py
[2026-01-10 09:54:27,534] {processor.py:613} INFO - Processing file /home/airflow/.local/lib/python3.6/site-packages/airflow/example_dags/tutorial.py for tasks to queue
[2026-01-10 09:54:27,535] {logging_mixin.py:109} INFO - [2026-01-10 09:54:27,535] {dagbag.py:496} INFO - Filling up the DagBag from /home/airflow/.local/lib/python3.6/site-packages/airflow/example_dags/tutorial.py
[2026-01-10 09:54:27,562] {processor.py:623} INFO - DAG(s) dict_keys(['tutorial']) retrieved from /home/airflow/.local/lib/python3.6/site-packages/airflow/example_dags/tutorial.py
[2026-01-10 09:54:27,601] {logging_mixin.py:109} INFO - [2026-01-10 09:54:27,601] {dag.py:1833} INFO - Sync 1 DAGs
[2026-01-10 09:54:27,628] {logging_mixin.py:109} INFO - [2026-01-10 09:54:27,628] {dag.py:2306} INFO - Setting next_dagrun for tutorial to 2026-01-08 00:00:00+00:00
[2026-01-10 09:54:27,642] {processor.py:170} INFO - Processing /home/airflow/.local/lib/python3.6/site-packages/airflow/example_dags/tutorial.py took 0.117 seconds
[2026-01-10 09:54:57,854] {processor.py:162} INFO - Started process (PID=2783) to work on /home/airflow/.local/lib/python3.6/site-packages/airflow/example_dags/tutorial.py
[2026-01-10 09:54:57,857] {processor.py:613} INFO - Processing file /home/airflow/.local/lib/python3.6/site-packages/airflow/example_dags/tutorial.py for tasks to queue
[2026-01-10 09:54:57,860] {logging_mixin.py:109} INFO - [2026-01-10 09:54:57,860] {dagbag.py:496} INFO - Filling up the DagBag from /home/airflow/.local/lib/python3.6/site-packages/airflow/example_dags/tutorial.py
[2026-01-10 09:54:57,932] {processor.py:623} INFO - DAG(s) dict_keys(['tutorial']) retrieved from /home/airflow/.local/lib/python3.6/site-packages/airflow/example_dags/tutorial.py
[2026-01-10 09:54:58,025] {logging_mixin.py:109} INFO - [2026-01-10 09:54:58,025] {dag.py:1833} INFO - Sync 1 DAGs
[2026-01-10 09:54:58,064] {logging_mixin.py:109} INFO - [2026-01-10 09:54:58,063] {dag.py:2306} INFO - Setting next_dagrun for tutorial to 2026-01-08 00:00:00+00:00
[2026-01-10 09:54:58,090] {processor.py:170} INFO - Processing /home/airflow/.local/lib/python3.6/site-packages/airflow/example_dags/tutorial.py took 0.246 seconds
[2026-01-10 09:55:28,358] {processor.py:162} INFO - Started process (PID=2814) to work on /home/airflow/.local/lib/python3.6/site-packages/airflow/example_dags/tutorial.py
[2026-01-10 09:55:28,360] {processor.py:613} INFO - Processing file /home/airflow/.local/lib/python3.6/site-packages/airflow/example_dags/tutorial.py for tasks to queue
[2026-01-10 09:55:28,360] {logging_mixin.py:109} INFO - [2026-01-10 09:55:28,360] {dagbag.py:496} INFO - Filling up the DagBag from /home/airflow/.local/lib/python3.6/site-packages/airflow/example_dags/tutorial.py
[2026-01-10 09:55:28,380] {processor.py:623} INFO - DAG(s) dict_keys(['tutorial']) retrieved from /home/airflow/.local/lib/python3.6/site-packages/airflow/example_dags/tutorial.py
[2026-01-10 09:55:28,407] {logging_mixin.py:109} INFO - [2026-01-10 09:55:28,407] {dag.py:1833} INFO - Sync 1 DAGs
[2026-01-10 09:55:28,434] {logging_mixin.py:109} INFO - [2026-01-10 09:55:28,434] {dag.py:2306} INFO - Setting next_dagrun for tutorial to 2026-01-08 00:00:00+00:00
[2026-01-10 09:55:28,450] {processor.py:170} INFO - Processing /home/airflow/.local/lib/python3.6/site-packages/airflow/example_dags/tutorial.py took 0.096 seconds
[2026-01-10 09:55:58,513] {processor.py:162} INFO - Started process (PID=2862) to work on /home/airflow/.local/lib/python3.6/site-packages/airflow/example_dags/tutorial.py
[2026-01-10 09:55:58,515] {processor.py:613} INFO - Processing file /home/airflow/.local/lib/python3.6/site-packages/airflow/example_dags/tutorial.py for tasks to queue
[2026-01-10 09:55:58,522] {logging_mixin.py:109} INFO - [2026-01-10 09:55:58,521] {dagbag.py:496} INFO - Filling up the DagBag from /home/airflow/.local/lib/python3.6/site-packages/airflow/example_dags/tutorial.py
[2026-01-10 09:55:58,561] {processor.py:623} INFO - DAG(s) dict_keys(['tutorial']) retrieved from /home/airflow/.local/lib/python3.6/site-packages/airflow/example_dags/tutorial.py
[2026-01-10 09:55:58,622] {logging_mixin.py:109} INFO - [2026-01-10 09:55:58,622] {dag.py:1833} INFO - Sync 1 DAGs
[2026-01-10 09:55:58,645] {logging_mixin.py:109} INFO - [2026-01-10 09:55:58,644] {dag.py:2306} INFO - Setting next_dagrun for tutorial to 2026-01-08 00:00:00+00:00
[2026-01-10 09:55:58,660] {processor.py:170} INFO - Processing /home/airflow/.local/lib/python3.6/site-packages/airflow/example_dags/tutorial.py took 0.156 seconds
[2026-01-10 09:56:40,394] {processor.py:162} INFO - Started process (PID=2905) to work on /home/airflow/.local/lib/python3.6/site-packages/airflow/example_dags/tutorial.py
[2026-01-10 09:56:40,396] {processor.py:613} INFO - Processing file /home/airflow/.local/lib/python3.6/site-packages/airflow/example_dags/tutorial.py for tasks to queue
[2026-01-10 09:56:40,399] {logging_mixin.py:109} INFO - [2026-01-10 09:56:40,397] {dagbag.py:496} INFO - Filling up the DagBag from /home/airflow/.local/lib/python3.6/site-packages/airflow/example_dags/tutorial.py
[2026-01-10 09:56:40,426] {processor.py:623} INFO - DAG(s) dict_keys(['tutorial']) retrieved from /home/airflow/.local/lib/python3.6/site-packages/airflow/example_dags/tutorial.py
[2026-01-10 09:56:40,467] {logging_mixin.py:109} INFO - [2026-01-10 09:56:40,466] {dag.py:1833} INFO - Sync 1 DAGs
[2026-01-10 09:56:40,521] {logging_mixin.py:109} INFO - [2026-01-10 09:56:40,521] {dag.py:2306} INFO - Setting next_dagrun for tutorial to 2026-01-08 00:00:00+00:00
[2026-01-10 09:56:40,536] {processor.py:170} INFO - Processing /home/airflow/.local/lib/python3.6/site-packages/airflow/example_dags/tutorial.py took 0.147 seconds
[2026-01-10 09:57:11,486] {processor.py:162} INFO - Started process (PID=2955) to work on /home/airflow/.local/lib/python3.6/site-packages/airflow/example_dags/tutorial.py
[2026-01-10 09:57:11,491] {processor.py:613} INFO - Processing file /home/airflow/.local/lib/python3.6/site-packages/airflow/example_dags/tutorial.py for tasks to queue
[2026-01-10 09:57:11,492] {logging_mixin.py:109} INFO - [2026-01-10 09:57:11,492] {dagbag.py:496} INFO - Filling up the DagBag from /home/airflow/.local/lib/python3.6/site-packages/airflow/example_dags/tutorial.py
[2026-01-10 09:57:11,609] {processor.py:623} INFO - DAG(s) dict_keys(['tutorial']) retrieved from /home/airflow/.local/lib/python3.6/site-packages/airflow/example_dags/tutorial.py
[2026-01-10 09:57:11,748] {logging_mixin.py:109} INFO - [2026-01-10 09:57:11,748] {dag.py:1833} INFO - Sync 1 DAGs
[2026-01-10 09:57:11,834] {logging_mixin.py:109} INFO - [2026-01-10 09:57:11,834] {dag.py:2306} INFO - Setting next_dagrun for tutorial to 2026-01-08 00:00:00+00:00
[2026-01-10 09:57:11,921] {processor.py:170} INFO - Processing /home/airflow/.local/lib/python3.6/site-packages/airflow/example_dags/tutorial.py took 0.442 seconds
[2026-01-10 09:58:04,162] {processor.py:162} INFO - Started process (PID=2985) to work on /home/airflow/.local/lib/python3.6/site-packages/airflow/example_dags/tutorial.py
[2026-01-10 09:58:04,164] {processor.py:613} INFO - Processing file /home/airflow/.local/lib/python3.6/site-packages/airflow/example_dags/tutorial.py for tasks to queue
[2026-01-10 09:58:04,168] {logging_mixin.py:109} INFO - [2026-01-10 09:58:04,168] {dagbag.py:496} INFO - Filling up the DagBag from /home/airflow/.local/lib/python3.6/site-packages/airflow/example_dags/tutorial.py
[2026-01-10 09:58:04,203] {processor.py:623} INFO - DAG(s) dict_keys(['tutorial']) retrieved from /home/airflow/.local/lib/python3.6/site-packages/airflow/example_dags/tutorial.py
[2026-01-10 09:58:04,257] {logging_mixin.py:109} INFO - [2026-01-10 09:58:04,256] {dag.py:1833} INFO - Sync 1 DAGs
[2026-01-10 09:58:04,305] {logging_mixin.py:109} INFO - [2026-01-10 09:58:04,305] {dag.py:2306} INFO - Setting next_dagrun for tutorial to 2026-01-08 00:00:00+00:00
[2026-01-10 09:58:04,349] {processor.py:170} INFO - Processing /home/airflow/.local/lib/python3.6/site-packages/airflow/example_dags/tutorial.py took 0.192 seconds
[2026-01-10 09:59:32,264] {processor.py:162} INFO - Started process (PID=3027) to work on /home/airflow/.local/lib/python3.6/site-packages/airflow/example_dags/tutorial.py
[2026-01-10 09:59:32,270] {processor.py:613} INFO - Processing file /home/airflow/.local/lib/python3.6/site-packages/airflow/example_dags/tutorial.py for tasks to queue
[2026-01-10 09:59:32,271] {logging_mixin.py:109} INFO - [2026-01-10 09:59:32,270] {dagbag.py:496} INFO - Filling up the DagBag from /home/airflow/.local/lib/python3.6/site-packages/airflow/example_dags/tutorial.py
[2026-01-10 09:59:32,320] {processor.py:623} INFO - DAG(s) dict_keys(['tutorial']) retrieved from /home/airflow/.local/lib/python3.6/site-packages/airflow/example_dags/tutorial.py
[2026-01-10 09:59:32,359] {logging_mixin.py:109} INFO - [2026-01-10 09:59:32,359] {dag.py:1833} INFO - Sync 1 DAGs
[2026-01-10 09:59:32,389] {logging_mixin.py:109} INFO - [2026-01-10 09:59:32,389] {dag.py:2306} INFO - Setting next_dagrun for tutorial to 2026-01-08 00:00:00+00:00
[2026-01-10 09:59:32,410] {processor.py:170} INFO - Processing /home/airflow/.local/lib/python3.6/site-packages/airflow/example_dags/tutorial.py took 0.150 seconds
[2026-01-10 10:00:02,587] {processor.py:162} INFO - Started process (PID=3067) to work on /home/airflow/.local/lib/python3.6/site-packages/airflow/example_dags/tutorial.py
[2026-01-10 10:00:02,589] {processor.py:613} INFO - Processing file /home/airflow/.local/lib/python3.6/site-packages/airflow/example_dags/tutorial.py for tasks to queue
[2026-01-10 10:00:02,591] {logging_mixin.py:109} INFO - [2026-01-10 10:00:02,591] {dagbag.py:496} INFO - Filling up the DagBag from /home/airflow/.local/lib/python3.6/site-packages/airflow/example_dags/tutorial.py
[2026-01-10 10:00:02,622] {processor.py:623} INFO - DAG(s) dict_keys(['tutorial']) retrieved from /home/airflow/.local/lib/python3.6/site-packages/airflow/example_dags/tutorial.py
[2026-01-10 10:00:02,749] {logging_mixin.py:109} INFO - [2026-01-10 10:00:02,749] {dag.py:1833} INFO - Sync 1 DAGs
[2026-01-10 10:00:02,839] {logging_mixin.py:109} INFO - [2026-01-10 10:00:02,839] {dag.py:2306} INFO - Setting next_dagrun for tutorial to 2026-01-08 00:00:00+00:00
[2026-01-10 10:00:02,857] {processor.py:170} INFO - Processing /home/airflow/.local/lib/python3.6/site-packages/airflow/example_dags/tutorial.py took 0.277 seconds
[2026-01-10 10:00:59,406] {processor.py:162} INFO - Started process (PID=3115) to work on /home/airflow/.local/lib/python3.6/site-packages/airflow/example_dags/tutorial.py
[2026-01-10 10:00:59,408] {processor.py:613} INFO - Processing file /home/airflow/.local/lib/python3.6/site-packages/airflow/example_dags/tutorial.py for tasks to queue
[2026-01-10 10:00:59,410] {logging_mixin.py:109} INFO - [2026-01-10 10:00:59,409] {dagbag.py:496} INFO - Filling up the DagBag from /home/airflow/.local/lib/python3.6/site-packages/airflow/example_dags/tutorial.py
[2026-01-10 10:00:59,434] {processor.py:623} INFO - DAG(s) dict_keys(['tutorial']) retrieved from /home/airflow/.local/lib/python3.6/site-packages/airflow/example_dags/tutorial.py
[2026-01-10 10:00:59,469] {logging_mixin.py:109} INFO - [2026-01-10 10:00:59,469] {dag.py:1833} INFO - Sync 1 DAGs
[2026-01-10 10:00:59,499] {logging_mixin.py:109} INFO - [2026-01-10 10:00:59,499] {dag.py:2306} INFO - Setting next_dagrun for tutorial to 2026-01-08 00:00:00+00:00
[2026-01-10 10:00:59,514] {processor.py:170} INFO - Processing /home/airflow/.local/lib/python3.6/site-packages/airflow/example_dags/tutorial.py took 0.113 seconds
[2026-01-10 10:02:26,946] {processor.py:162} INFO - Started process (PID=3159) to work on /home/airflow/.local/lib/python3.6/site-packages/airflow/example_dags/tutorial.py
[2026-01-10 10:02:26,947] {processor.py:613} INFO - Processing file /home/airflow/.local/lib/python3.6/site-packages/airflow/example_dags/tutorial.py for tasks to queue
[2026-01-10 10:02:26,948] {logging_mixin.py:109} INFO - [2026-01-10 10:02:26,948] {dagbag.py:496} INFO - Filling up the DagBag from /home/airflow/.local/lib/python3.6/site-packages/airflow/example_dags/tutorial.py
[2026-01-10 10:02:26,970] {processor.py:623} INFO - DAG(s) dict_keys(['tutorial']) retrieved from /home/airflow/.local/lib/python3.6/site-packages/airflow/example_dags/tutorial.py
[2026-01-10 10:02:27,003] {logging_mixin.py:109} INFO - [2026-01-10 10:02:27,003] {dag.py:1833} INFO - Sync 1 DAGs
[2026-01-10 10:02:27,022] {logging_mixin.py:109} INFO - [2026-01-10 10:02:27,022] {dag.py:2306} INFO - Setting next_dagrun for tutorial to 2026-01-08 00:00:00+00:00
[2026-01-10 10:02:27,035] {processor.py:170} INFO - Processing /home/airflow/.local/lib/python3.6/site-packages/airflow/example_dags/tutorial.py took 0.094 seconds
[2026-01-10 10:15:14,163] {processor.py:162} INFO - Started process (PID=76) to work on /home/airflow/.local/lib/python3.6/site-packages/airflow/example_dags/tutorial.py
[2026-01-10 10:15:14,171] {processor.py:613} INFO - Processing file /home/airflow/.local/lib/python3.6/site-packages/airflow/example_dags/tutorial.py for tasks to queue
[2026-01-10 10:15:14,177] {logging_mixin.py:109} INFO - [2026-01-10 10:15:14,177] {dagbag.py:496} INFO - Filling up the DagBag from /home/airflow/.local/lib/python3.6/site-packages/airflow/example_dags/tutorial.py
[2026-01-10 10:15:14,293] {processor.py:623} INFO - DAG(s) dict_keys(['tutorial']) retrieved from /home/airflow/.local/lib/python3.6/site-packages/airflow/example_dags/tutorial.py
[2026-01-10 10:15:14,445] {logging_mixin.py:109} INFO - [2026-01-10 10:15:14,445] {dag.py:1833} INFO - Sync 1 DAGs
[2026-01-10 10:15:14,589] {logging_mixin.py:109} INFO - [2026-01-10 10:15:14,589] {dag.py:2306} INFO - Setting next_dagrun for tutorial to 2026-01-08 00:00:00+00:00
[2026-01-10 10:15:14,662] {processor.py:170} INFO - Processing /home/airflow/.local/lib/python3.6/site-packages/airflow/example_dags/tutorial.py took 0.557 seconds
[2026-01-10 10:15:45,004] {processor.py:162} INFO - Started process (PID=119) to work on /home/airflow/.local/lib/python3.6/site-packages/airflow/example_dags/tutorial.py
[2026-01-10 10:15:45,006] {processor.py:613} INFO - Processing file /home/airflow/.local/lib/python3.6/site-packages/airflow/example_dags/tutorial.py for tasks to queue
[2026-01-10 10:15:45,007] {logging_mixin.py:109} INFO - [2026-01-10 10:15:45,007] {dagbag.py:496} INFO - Filling up the DagBag from /home/airflow/.local/lib/python3.6/site-packages/airflow/example_dags/tutorial.py
[2026-01-10 10:15:45,030] {processor.py:623} INFO - DAG(s) dict_keys(['tutorial']) retrieved from /home/airflow/.local/lib/python3.6/site-packages/airflow/example_dags/tutorial.py
[2026-01-10 10:15:45,086] {logging_mixin.py:109} INFO - [2026-01-10 10:15:45,085] {dag.py:1833} INFO - Sync 1 DAGs
[2026-01-10 10:15:45,123] {logging_mixin.py:109} INFO - [2026-01-10 10:15:45,123] {dag.py:2306} INFO - Setting next_dagrun for tutorial to 2026-01-08 00:00:00+00:00
[2026-01-10 10:15:45,161] {processor.py:170} INFO - Processing /home/airflow/.local/lib/python3.6/site-packages/airflow/example_dags/tutorial.py took 0.164 seconds
[2026-01-10 10:16:15,962] {processor.py:162} INFO - Started process (PID=170) to work on /home/airflow/.local/lib/python3.6/site-packages/airflow/example_dags/tutorial.py
[2026-01-10 10:16:15,969] {processor.py:613} INFO - Processing file /home/airflow/.local/lib/python3.6/site-packages/airflow/example_dags/tutorial.py for tasks to queue
[2026-01-10 10:16:15,970] {logging_mixin.py:109} INFO - [2026-01-10 10:16:15,969] {dagbag.py:496} INFO - Filling up the DagBag from /home/airflow/.local/lib/python3.6/site-packages/airflow/example_dags/tutorial.py
[2026-01-10 10:16:16,050] {processor.py:623} INFO - DAG(s) dict_keys(['tutorial']) retrieved from /home/airflow/.local/lib/python3.6/site-packages/airflow/example_dags/tutorial.py
[2026-01-10 10:16:16,116] {logging_mixin.py:109} INFO - [2026-01-10 10:16:16,116] {dag.py:1833} INFO - Sync 1 DAGs
[2026-01-10 10:16:16,144] {logging_mixin.py:109} INFO - [2026-01-10 10:16:16,144] {dag.py:2306} INFO - Setting next_dagrun for tutorial to 2026-01-08 00:00:00+00:00
[2026-01-10 10:16:16,176] {processor.py:170} INFO - Processing /home/airflow/.local/lib/python3.6/site-packages/airflow/example_dags/tutorial.py took 0.228 seconds
[2026-01-10 10:16:46,894] {processor.py:162} INFO - Started process (PID=221) to work on /home/airflow/.local/lib/python3.6/site-packages/airflow/example_dags/tutorial.py
[2026-01-10 10:16:46,901] {processor.py:613} INFO - Processing file /home/airflow/.local/lib/python3.6/site-packages/airflow/example_dags/tutorial.py for tasks to queue
[2026-01-10 10:16:46,907] {logging_mixin.py:109} INFO - [2026-01-10 10:16:46,907] {dagbag.py:496} INFO - Filling up the DagBag from /home/airflow/.local/lib/python3.6/site-packages/airflow/example_dags/tutorial.py
[2026-01-10 10:16:46,969] {processor.py:623} INFO - DAG(s) dict_keys(['tutorial']) retrieved from /home/airflow/.local/lib/python3.6/site-packages/airflow/example_dags/tutorial.py
[2026-01-10 10:16:47,187] {logging_mixin.py:109} INFO - [2026-01-10 10:16:47,183] {dag.py:1833} INFO - Sync 1 DAGs
[2026-01-10 10:16:47,312] {logging_mixin.py:109} INFO - [2026-01-10 10:16:47,312] {dag.py:2306} INFO - Setting next_dagrun for tutorial to 2026-01-08 00:00:00+00:00
[2026-01-10 10:16:47,407] {processor.py:170} INFO - Processing /home/airflow/.local/lib/python3.6/site-packages/airflow/example_dags/tutorial.py took 0.525 seconds
[2026-01-10 10:17:18,240] {processor.py:162} INFO - Started process (PID=263) to work on /home/airflow/.local/lib/python3.6/site-packages/airflow/example_dags/tutorial.py
[2026-01-10 10:17:18,242] {processor.py:613} INFO - Processing file /home/airflow/.local/lib/python3.6/site-packages/airflow/example_dags/tutorial.py for tasks to queue
[2026-01-10 10:17:18,243] {logging_mixin.py:109} INFO - [2026-01-10 10:17:18,243] {dagbag.py:496} INFO - Filling up the DagBag from /home/airflow/.local/lib/python3.6/site-packages/airflow/example_dags/tutorial.py
[2026-01-10 10:17:18,265] {processor.py:623} INFO - DAG(s) dict_keys(['tutorial']) retrieved from /home/airflow/.local/lib/python3.6/site-packages/airflow/example_dags/tutorial.py
[2026-01-10 10:17:18,304] {logging_mixin.py:109} INFO - [2026-01-10 10:17:18,304] {dag.py:1833} INFO - Sync 1 DAGs
[2026-01-10 10:17:18,328] {logging_mixin.py:109} INFO - [2026-01-10 10:17:18,328] {dag.py:2306} INFO - Setting next_dagrun for tutorial to 2026-01-08 00:00:00+00:00
[2026-01-10 10:17:18,343] {processor.py:170} INFO - Processing /home/airflow/.local/lib/python3.6/site-packages/airflow/example_dags/tutorial.py took 0.109 seconds
[2026-01-10 10:17:48,426] {processor.py:162} INFO - Started process (PID=323) to work on /home/airflow/.local/lib/python3.6/site-packages/airflow/example_dags/tutorial.py
[2026-01-10 10:17:48,427] {processor.py:613} INFO - Processing file /home/airflow/.local/lib/python3.6/site-packages/airflow/example_dags/tutorial.py for tasks to queue
[2026-01-10 10:17:48,428] {logging_mixin.py:109} INFO - [2026-01-10 10:17:48,428] {dagbag.py:496} INFO - Filling up the DagBag from /home/airflow/.local/lib/python3.6/site-packages/airflow/example_dags/tutorial.py
[2026-01-10 10:17:48,482] {processor.py:623} INFO - DAG(s) dict_keys(['tutorial']) retrieved from /home/airflow/.local/lib/python3.6/site-packages/airflow/example_dags/tutorial.py
[2026-01-10 10:17:48,552] {logging_mixin.py:109} INFO - [2026-01-10 10:17:48,551] {dag.py:1833} INFO - Sync 1 DAGs
[2026-01-10 10:17:48,612] {logging_mixin.py:109} INFO - [2026-01-10 10:17:48,612] {dag.py:2306} INFO - Setting next_dagrun for tutorial to 2026-01-08 00:00:00+00:00
[2026-01-10 10:17:48,686] {processor.py:170} INFO - Processing /home/airflow/.local/lib/python3.6/site-packages/airflow/example_dags/tutorial.py took 0.275 seconds
[2026-01-10 10:18:18,839] {processor.py:162} INFO - Started process (PID=366) to work on /home/airflow/.local/lib/python3.6/site-packages/airflow/example_dags/tutorial.py
[2026-01-10 10:18:18,840] {processor.py:613} INFO - Processing file /home/airflow/.local/lib/python3.6/site-packages/airflow/example_dags/tutorial.py for tasks to queue
[2026-01-10 10:18:18,841] {logging_mixin.py:109} INFO - [2026-01-10 10:18:18,841] {dagbag.py:496} INFO - Filling up the DagBag from /home/airflow/.local/lib/python3.6/site-packages/airflow/example_dags/tutorial.py
[2026-01-10 10:18:18,862] {processor.py:623} INFO - DAG(s) dict_keys(['tutorial']) retrieved from /home/airflow/.local/lib/python3.6/site-packages/airflow/example_dags/tutorial.py
[2026-01-10 10:18:18,886] {logging_mixin.py:109} INFO - [2026-01-10 10:18:18,885] {dag.py:1833} INFO - Sync 1 DAGs
[2026-01-10 10:18:18,906] {logging_mixin.py:109} INFO - [2026-01-10 10:18:18,906] {dag.py:2306} INFO - Setting next_dagrun for tutorial to 2026-01-08 00:00:00+00:00
[2026-01-10 10:18:18,919] {processor.py:170} INFO - Processing /home/airflow/.local/lib/python3.6/site-packages/airflow/example_dags/tutorial.py took 0.085 seconds
[2026-01-10 10:18:49,103] {processor.py:162} INFO - Started process (PID=417) to work on /home/airflow/.local/lib/python3.6/site-packages/airflow/example_dags/tutorial.py
[2026-01-10 10:18:49,106] {processor.py:613} INFO - Processing file /home/airflow/.local/lib/python3.6/site-packages/airflow/example_dags/tutorial.py for tasks to queue
[2026-01-10 10:18:49,107] {logging_mixin.py:109} INFO - [2026-01-10 10:18:49,106] {dagbag.py:496} INFO - Filling up the DagBag from /home/airflow/.local/lib/python3.6/site-packages/airflow/example_dags/tutorial.py
[2026-01-10 10:18:49,126] {processor.py:623} INFO - DAG(s) dict_keys(['tutorial']) retrieved from /home/airflow/.local/lib/python3.6/site-packages/airflow/example_dags/tutorial.py
[2026-01-10 10:18:49,156] {logging_mixin.py:109} INFO - [2026-01-10 10:18:49,155] {dag.py:1833} INFO - Sync 1 DAGs
[2026-01-10 10:18:49,174] {logging_mixin.py:109} INFO - [2026-01-10 10:18:49,174] {dag.py:2306} INFO - Setting next_dagrun for tutorial to 2026-01-08 00:00:00+00:00
[2026-01-10 10:18:49,185] {processor.py:170} INFO - Processing /home/airflow/.local/lib/python3.6/site-packages/airflow/example_dags/tutorial.py took 0.086 seconds
[2026-01-10 10:19:19,560] {processor.py:162} INFO - Started process (PID=468) to work on /home/airflow/.local/lib/python3.6/site-packages/airflow/example_dags/tutorial.py
[2026-01-10 10:19:19,560] {processor.py:613} INFO - Processing file /home/airflow/.local/lib/python3.6/site-packages/airflow/example_dags/tutorial.py for tasks to queue
[2026-01-10 10:19:19,561] {logging_mixin.py:109} INFO - [2026-01-10 10:19:19,561] {dagbag.py:496} INFO - Filling up the DagBag from /home/airflow/.local/lib/python3.6/site-packages/airflow/example_dags/tutorial.py
[2026-01-10 10:19:19,576] {processor.py:623} INFO - DAG(s) dict_keys(['tutorial']) retrieved from /home/airflow/.local/lib/python3.6/site-packages/airflow/example_dags/tutorial.py
[2026-01-10 10:19:19,603] {logging_mixin.py:109} INFO - [2026-01-10 10:19:19,603] {dag.py:1833} INFO - Sync 1 DAGs
[2026-01-10 10:19:19,622] {logging_mixin.py:109} INFO - [2026-01-10 10:19:19,622] {dag.py:2306} INFO - Setting next_dagrun for tutorial to 2026-01-08 00:00:00+00:00
[2026-01-10 10:19:19,633] {processor.py:170} INFO - Processing /home/airflow/.local/lib/python3.6/site-packages/airflow/example_dags/tutorial.py took 0.077 seconds
[2026-01-10 10:19:50,198] {processor.py:162} INFO - Started process (PID=520) to work on /home/airflow/.local/lib/python3.6/site-packages/airflow/example_dags/tutorial.py
[2026-01-10 10:19:50,199] {processor.py:613} INFO - Processing file /home/airflow/.local/lib/python3.6/site-packages/airflow/example_dags/tutorial.py for tasks to queue
[2026-01-10 10:19:50,200] {logging_mixin.py:109} INFO - [2026-01-10 10:19:50,200] {dagbag.py:496} INFO - Filling up the DagBag from /home/airflow/.local/lib/python3.6/site-packages/airflow/example_dags/tutorial.py
[2026-01-10 10:19:50,216] {processor.py:623} INFO - DAG(s) dict_keys(['tutorial']) retrieved from /home/airflow/.local/lib/python3.6/site-packages/airflow/example_dags/tutorial.py
[2026-01-10 10:19:50,239] {logging_mixin.py:109} INFO - [2026-01-10 10:19:50,239] {dag.py:1833} INFO - Sync 1 DAGs
[2026-01-10 10:19:50,259] {logging_mixin.py:109} INFO - [2026-01-10 10:19:50,259] {dag.py:2306} INFO - Setting next_dagrun for tutorial to 2026-01-08 00:00:00+00:00
[2026-01-10 10:19:50,271] {processor.py:170} INFO - Processing /home/airflow/.local/lib/python3.6/site-packages/airflow/example_dags/tutorial.py took 0.076 seconds
[2026-01-10 10:20:20,683] {processor.py:162} INFO - Started process (PID=582) to work on /home/airflow/.local/lib/python3.6/site-packages/airflow/example_dags/tutorial.py
[2026-01-10 10:20:20,684] {processor.py:613} INFO - Processing file /home/airflow/.local/lib/python3.6/site-packages/airflow/example_dags/tutorial.py for tasks to queue
[2026-01-10 10:20:20,685] {logging_mixin.py:109} INFO - [2026-01-10 10:20:20,684] {dagbag.py:496} INFO - Filling up the DagBag from /home/airflow/.local/lib/python3.6/site-packages/airflow/example_dags/tutorial.py
[2026-01-10 10:20:20,698] {processor.py:623} INFO - DAG(s) dict_keys(['tutorial']) retrieved from /home/airflow/.local/lib/python3.6/site-packages/airflow/example_dags/tutorial.py
[2026-01-10 10:20:20,733] {logging_mixin.py:109} INFO - [2026-01-10 10:20:20,733] {dag.py:1833} INFO - Sync 1 DAGs
[2026-01-10 10:20:20,761] {logging_mixin.py:109} INFO - [2026-01-10 10:20:20,761] {dag.py:2306} INFO - Setting next_dagrun for tutorial to 2026-01-08 00:00:00+00:00
[2026-01-10 10:20:20,788] {processor.py:170} INFO - Processing /home/airflow/.local/lib/python3.6/site-packages/airflow/example_dags/tutorial.py took 0.109 seconds
