[2026-01-10 09:28:30,460] {processor.py:162} INFO - Started process (PID=194) to work on /home/airflow/.local/lib/python3.6/site-packages/airflow/example_dags/tutorial_taskflow_api_etl.py
[2026-01-10 09:28:30,464] {processor.py:613} INFO - Processing file /home/airflow/.local/lib/python3.6/site-packages/airflow/example_dags/tutorial_taskflow_api_etl.py for tasks to queue
[2026-01-10 09:28:30,465] {logging_mixin.py:109} INFO - [2026-01-10 09:28:30,465] {dagbag.py:496} INFO - Filling up the DagBag from /home/airflow/.local/lib/python3.6/site-packages/airflow/example_dags/tutorial_taskflow_api_etl.py
[2026-01-10 09:28:30,525] {processor.py:623} INFO - DAG(s) dict_keys(['tutorial_taskflow_api_etl']) retrieved from /home/airflow/.local/lib/python3.6/site-packages/airflow/example_dags/tutorial_taskflow_api_etl.py
[2026-01-10 09:28:36,354] {logging_mixin.py:109} INFO - [2026-01-10 09:28:36,347] {dag.py:1833} INFO - Sync 1 DAGs
[2026-01-10 09:28:36,409] {logging_mixin.py:109} INFO - [2026-01-10 09:28:36,402] {dag.py:1852} INFO - Creating ORM DAG for tutorial_taskflow_api_etl
[2026-01-10 09:28:36,431] {logging_mixin.py:109} INFO - [2026-01-10 09:28:36,431] {dag.py:2306} INFO - Setting next_dagrun for tutorial_taskflow_api_etl to None
[2026-01-10 09:28:36,487] {processor.py:170} INFO - Processing /home/airflow/.local/lib/python3.6/site-packages/airflow/example_dags/tutorial_taskflow_api_etl.py took 6.034 seconds
[2026-01-10 09:29:07,228] {processor.py:162} INFO - Started process (PID=285) to work on /home/airflow/.local/lib/python3.6/site-packages/airflow/example_dags/tutorial_taskflow_api_etl.py
[2026-01-10 09:29:07,230] {processor.py:613} INFO - Processing file /home/airflow/.local/lib/python3.6/site-packages/airflow/example_dags/tutorial_taskflow_api_etl.py for tasks to queue
[2026-01-10 09:29:07,231] {logging_mixin.py:109} INFO - [2026-01-10 09:29:07,231] {dagbag.py:496} INFO - Filling up the DagBag from /home/airflow/.local/lib/python3.6/site-packages/airflow/example_dags/tutorial_taskflow_api_etl.py
[2026-01-10 09:29:07,256] {processor.py:623} INFO - DAG(s) dict_keys(['tutorial_taskflow_api_etl']) retrieved from /home/airflow/.local/lib/python3.6/site-packages/airflow/example_dags/tutorial_taskflow_api_etl.py
[2026-01-10 09:29:07,622] {logging_mixin.py:109} INFO - [2026-01-10 09:29:07,622] {dag.py:1833} INFO - Sync 1 DAGs
[2026-01-10 09:29:07,644] {logging_mixin.py:109} INFO - [2026-01-10 09:29:07,644] {dag.py:2306} INFO - Setting next_dagrun for tutorial_taskflow_api_etl to None
[2026-01-10 09:29:07,659] {processor.py:170} INFO - Processing /home/airflow/.local/lib/python3.6/site-packages/airflow/example_dags/tutorial_taskflow_api_etl.py took 0.436 seconds
[2026-01-10 09:29:38,193] {processor.py:162} INFO - Started process (PID=336) to work on /home/airflow/.local/lib/python3.6/site-packages/airflow/example_dags/tutorial_taskflow_api_etl.py
[2026-01-10 09:29:38,195] {processor.py:613} INFO - Processing file /home/airflow/.local/lib/python3.6/site-packages/airflow/example_dags/tutorial_taskflow_api_etl.py for tasks to queue
[2026-01-10 09:29:38,196] {logging_mixin.py:109} INFO - [2026-01-10 09:29:38,196] {dagbag.py:496} INFO - Filling up the DagBag from /home/airflow/.local/lib/python3.6/site-packages/airflow/example_dags/tutorial_taskflow_api_etl.py
[2026-01-10 09:29:38,221] {processor.py:623} INFO - DAG(s) dict_keys(['tutorial_taskflow_api_etl']) retrieved from /home/airflow/.local/lib/python3.6/site-packages/airflow/example_dags/tutorial_taskflow_api_etl.py
[2026-01-10 09:29:38,669] {logging_mixin.py:109} INFO - [2026-01-10 09:29:38,669] {dag.py:1833} INFO - Sync 1 DAGs
[2026-01-10 09:29:38,689] {logging_mixin.py:109} INFO - [2026-01-10 09:29:38,689] {dag.py:2306} INFO - Setting next_dagrun for tutorial_taskflow_api_etl to None
[2026-01-10 09:29:38,719] {processor.py:170} INFO - Processing /home/airflow/.local/lib/python3.6/site-packages/airflow/example_dags/tutorial_taskflow_api_etl.py took 0.528 seconds
[2026-01-10 09:30:09,234] {processor.py:162} INFO - Started process (PID=394) to work on /home/airflow/.local/lib/python3.6/site-packages/airflow/example_dags/tutorial_taskflow_api_etl.py
[2026-01-10 09:30:09,235] {processor.py:613} INFO - Processing file /home/airflow/.local/lib/python3.6/site-packages/airflow/example_dags/tutorial_taskflow_api_etl.py for tasks to queue
[2026-01-10 09:30:09,236] {logging_mixin.py:109} INFO - [2026-01-10 09:30:09,236] {dagbag.py:496} INFO - Filling up the DagBag from /home/airflow/.local/lib/python3.6/site-packages/airflow/example_dags/tutorial_taskflow_api_etl.py
[2026-01-10 09:30:09,273] {processor.py:623} INFO - DAG(s) dict_keys(['tutorial_taskflow_api_etl']) retrieved from /home/airflow/.local/lib/python3.6/site-packages/airflow/example_dags/tutorial_taskflow_api_etl.py
[2026-01-10 09:30:09,681] {logging_mixin.py:109} INFO - [2026-01-10 09:30:09,680] {dag.py:1833} INFO - Sync 1 DAGs
[2026-01-10 09:30:09,700] {logging_mixin.py:109} INFO - [2026-01-10 09:30:09,700] {dag.py:2306} INFO - Setting next_dagrun for tutorial_taskflow_api_etl to None
[2026-01-10 09:30:09,719] {processor.py:170} INFO - Processing /home/airflow/.local/lib/python3.6/site-packages/airflow/example_dags/tutorial_taskflow_api_etl.py took 0.489 seconds
[2026-01-10 09:30:39,879] {processor.py:162} INFO - Started process (PID=448) to work on /home/airflow/.local/lib/python3.6/site-packages/airflow/example_dags/tutorial_taskflow_api_etl.py
[2026-01-10 09:30:39,880] {processor.py:613} INFO - Processing file /home/airflow/.local/lib/python3.6/site-packages/airflow/example_dags/tutorial_taskflow_api_etl.py for tasks to queue
[2026-01-10 09:30:39,882] {logging_mixin.py:109} INFO - [2026-01-10 09:30:39,882] {dagbag.py:496} INFO - Filling up the DagBag from /home/airflow/.local/lib/python3.6/site-packages/airflow/example_dags/tutorial_taskflow_api_etl.py
[2026-01-10 09:30:39,912] {processor.py:623} INFO - DAG(s) dict_keys(['tutorial_taskflow_api_etl']) retrieved from /home/airflow/.local/lib/python3.6/site-packages/airflow/example_dags/tutorial_taskflow_api_etl.py
[2026-01-10 09:30:40,424] {logging_mixin.py:109} INFO - [2026-01-10 09:30:40,424] {dag.py:1833} INFO - Sync 1 DAGs
[2026-01-10 09:30:40,451] {logging_mixin.py:109} INFO - [2026-01-10 09:30:40,451] {dag.py:2306} INFO - Setting next_dagrun for tutorial_taskflow_api_etl to None
[2026-01-10 09:30:40,472] {processor.py:170} INFO - Processing /home/airflow/.local/lib/python3.6/site-packages/airflow/example_dags/tutorial_taskflow_api_etl.py took 0.597 seconds
[2026-01-10 09:31:10,819] {processor.py:162} INFO - Started process (PID=498) to work on /home/airflow/.local/lib/python3.6/site-packages/airflow/example_dags/tutorial_taskflow_api_etl.py
[2026-01-10 09:31:10,820] {processor.py:613} INFO - Processing file /home/airflow/.local/lib/python3.6/site-packages/airflow/example_dags/tutorial_taskflow_api_etl.py for tasks to queue
[2026-01-10 09:31:10,821] {logging_mixin.py:109} INFO - [2026-01-10 09:31:10,821] {dagbag.py:496} INFO - Filling up the DagBag from /home/airflow/.local/lib/python3.6/site-packages/airflow/example_dags/tutorial_taskflow_api_etl.py
[2026-01-10 09:31:10,847] {processor.py:623} INFO - DAG(s) dict_keys(['tutorial_taskflow_api_etl']) retrieved from /home/airflow/.local/lib/python3.6/site-packages/airflow/example_dags/tutorial_taskflow_api_etl.py
[2026-01-10 09:31:10,882] {logging_mixin.py:109} INFO - [2026-01-10 09:31:10,882] {dag.py:1833} INFO - Sync 1 DAGs
[2026-01-10 09:31:10,918] {logging_mixin.py:109} INFO - [2026-01-10 09:31:10,918] {dag.py:2306} INFO - Setting next_dagrun for tutorial_taskflow_api_etl to None
[2026-01-10 09:31:10,941] {processor.py:170} INFO - Processing /home/airflow/.local/lib/python3.6/site-packages/airflow/example_dags/tutorial_taskflow_api_etl.py took 0.125 seconds
[2026-01-10 09:31:41,609] {processor.py:162} INFO - Started process (PID=549) to work on /home/airflow/.local/lib/python3.6/site-packages/airflow/example_dags/tutorial_taskflow_api_etl.py
[2026-01-10 09:31:41,611] {processor.py:613} INFO - Processing file /home/airflow/.local/lib/python3.6/site-packages/airflow/example_dags/tutorial_taskflow_api_etl.py for tasks to queue
[2026-01-10 09:31:41,612] {logging_mixin.py:109} INFO - [2026-01-10 09:31:41,611] {dagbag.py:496} INFO - Filling up the DagBag from /home/airflow/.local/lib/python3.6/site-packages/airflow/example_dags/tutorial_taskflow_api_etl.py
[2026-01-10 09:31:41,636] {processor.py:623} INFO - DAG(s) dict_keys(['tutorial_taskflow_api_etl']) retrieved from /home/airflow/.local/lib/python3.6/site-packages/airflow/example_dags/tutorial_taskflow_api_etl.py
[2026-01-10 09:31:41,662] {logging_mixin.py:109} INFO - [2026-01-10 09:31:41,662] {dag.py:1833} INFO - Sync 1 DAGs
[2026-01-10 09:31:41,686] {logging_mixin.py:109} INFO - [2026-01-10 09:31:41,686] {dag.py:2306} INFO - Setting next_dagrun for tutorial_taskflow_api_etl to None
[2026-01-10 09:31:41,702] {processor.py:170} INFO - Processing /home/airflow/.local/lib/python3.6/site-packages/airflow/example_dags/tutorial_taskflow_api_etl.py took 0.097 seconds
[2026-01-10 09:32:12,417] {processor.py:162} INFO - Started process (PID=600) to work on /home/airflow/.local/lib/python3.6/site-packages/airflow/example_dags/tutorial_taskflow_api_etl.py
[2026-01-10 09:32:12,418] {processor.py:613} INFO - Processing file /home/airflow/.local/lib/python3.6/site-packages/airflow/example_dags/tutorial_taskflow_api_etl.py for tasks to queue
[2026-01-10 09:32:12,418] {logging_mixin.py:109} INFO - [2026-01-10 09:32:12,418] {dagbag.py:496} INFO - Filling up the DagBag from /home/airflow/.local/lib/python3.6/site-packages/airflow/example_dags/tutorial_taskflow_api_etl.py
[2026-01-10 09:32:12,441] {processor.py:623} INFO - DAG(s) dict_keys(['tutorial_taskflow_api_etl']) retrieved from /home/airflow/.local/lib/python3.6/site-packages/airflow/example_dags/tutorial_taskflow_api_etl.py
[2026-01-10 09:32:12,960] {logging_mixin.py:109} INFO - [2026-01-10 09:32:12,960] {dag.py:1833} INFO - Sync 1 DAGs
[2026-01-10 09:32:12,985] {logging_mixin.py:109} INFO - [2026-01-10 09:32:12,985] {dag.py:2306} INFO - Setting next_dagrun for tutorial_taskflow_api_etl to None
[2026-01-10 09:32:13,016] {processor.py:170} INFO - Processing /home/airflow/.local/lib/python3.6/site-packages/airflow/example_dags/tutorial_taskflow_api_etl.py took 0.604 seconds
[2026-01-10 09:32:43,238] {processor.py:162} INFO - Started process (PID=651) to work on /home/airflow/.local/lib/python3.6/site-packages/airflow/example_dags/tutorial_taskflow_api_etl.py
[2026-01-10 09:32:43,240] {processor.py:613} INFO - Processing file /home/airflow/.local/lib/python3.6/site-packages/airflow/example_dags/tutorial_taskflow_api_etl.py for tasks to queue
[2026-01-10 09:32:43,241] {logging_mixin.py:109} INFO - [2026-01-10 09:32:43,241] {dagbag.py:496} INFO - Filling up the DagBag from /home/airflow/.local/lib/python3.6/site-packages/airflow/example_dags/tutorial_taskflow_api_etl.py
[2026-01-10 09:32:43,274] {processor.py:623} INFO - DAG(s) dict_keys(['tutorial_taskflow_api_etl']) retrieved from /home/airflow/.local/lib/python3.6/site-packages/airflow/example_dags/tutorial_taskflow_api_etl.py
[2026-01-10 09:32:43,779] {logging_mixin.py:109} INFO - [2026-01-10 09:32:43,778] {dag.py:1833} INFO - Sync 1 DAGs
[2026-01-10 09:32:43,855] {logging_mixin.py:109} INFO - [2026-01-10 09:32:43,855] {dag.py:2306} INFO - Setting next_dagrun for tutorial_taskflow_api_etl to None
[2026-01-10 09:32:43,900] {processor.py:170} INFO - Processing /home/airflow/.local/lib/python3.6/site-packages/airflow/example_dags/tutorial_taskflow_api_etl.py took 0.669 seconds
[2026-01-10 09:33:14,135] {processor.py:162} INFO - Started process (PID=702) to work on /home/airflow/.local/lib/python3.6/site-packages/airflow/example_dags/tutorial_taskflow_api_etl.py
[2026-01-10 09:33:14,137] {processor.py:613} INFO - Processing file /home/airflow/.local/lib/python3.6/site-packages/airflow/example_dags/tutorial_taskflow_api_etl.py for tasks to queue
[2026-01-10 09:33:14,138] {logging_mixin.py:109} INFO - [2026-01-10 09:33:14,137] {dagbag.py:496} INFO - Filling up the DagBag from /home/airflow/.local/lib/python3.6/site-packages/airflow/example_dags/tutorial_taskflow_api_etl.py
[2026-01-10 09:33:14,177] {processor.py:623} INFO - DAG(s) dict_keys(['tutorial_taskflow_api_etl']) retrieved from /home/airflow/.local/lib/python3.6/site-packages/airflow/example_dags/tutorial_taskflow_api_etl.py
[2026-01-10 09:33:14,577] {logging_mixin.py:109} INFO - [2026-01-10 09:33:14,577] {dag.py:1833} INFO - Sync 1 DAGs
[2026-01-10 09:33:14,600] {logging_mixin.py:109} INFO - [2026-01-10 09:33:14,599] {dag.py:2306} INFO - Setting next_dagrun for tutorial_taskflow_api_etl to None
[2026-01-10 09:33:14,613] {processor.py:170} INFO - Processing /home/airflow/.local/lib/python3.6/site-packages/airflow/example_dags/tutorial_taskflow_api_etl.py took 0.482 seconds
[2026-01-10 09:33:45,376] {processor.py:162} INFO - Started process (PID=763) to work on /home/airflow/.local/lib/python3.6/site-packages/airflow/example_dags/tutorial_taskflow_api_etl.py
[2026-01-10 09:33:45,379] {processor.py:613} INFO - Processing file /home/airflow/.local/lib/python3.6/site-packages/airflow/example_dags/tutorial_taskflow_api_etl.py for tasks to queue
[2026-01-10 09:33:45,379] {logging_mixin.py:109} INFO - [2026-01-10 09:33:45,379] {dagbag.py:496} INFO - Filling up the DagBag from /home/airflow/.local/lib/python3.6/site-packages/airflow/example_dags/tutorial_taskflow_api_etl.py
[2026-01-10 09:33:45,421] {processor.py:623} INFO - DAG(s) dict_keys(['tutorial_taskflow_api_etl']) retrieved from /home/airflow/.local/lib/python3.6/site-packages/airflow/example_dags/tutorial_taskflow_api_etl.py
[2026-01-10 09:33:45,935] {logging_mixin.py:109} INFO - [2026-01-10 09:33:45,935] {dag.py:1833} INFO - Sync 1 DAGs
[2026-01-10 09:33:45,958] {logging_mixin.py:109} INFO - [2026-01-10 09:33:45,958] {dag.py:2306} INFO - Setting next_dagrun for tutorial_taskflow_api_etl to None
[2026-01-10 09:33:45,975] {processor.py:170} INFO - Processing /home/airflow/.local/lib/python3.6/site-packages/airflow/example_dags/tutorial_taskflow_api_etl.py took 0.607 seconds
[2026-01-10 09:34:16,624] {processor.py:162} INFO - Started process (PID=814) to work on /home/airflow/.local/lib/python3.6/site-packages/airflow/example_dags/tutorial_taskflow_api_etl.py
[2026-01-10 09:34:16,626] {processor.py:613} INFO - Processing file /home/airflow/.local/lib/python3.6/site-packages/airflow/example_dags/tutorial_taskflow_api_etl.py for tasks to queue
[2026-01-10 09:34:16,627] {logging_mixin.py:109} INFO - [2026-01-10 09:34:16,627] {dagbag.py:496} INFO - Filling up the DagBag from /home/airflow/.local/lib/python3.6/site-packages/airflow/example_dags/tutorial_taskflow_api_etl.py
[2026-01-10 09:34:16,655] {processor.py:623} INFO - DAG(s) dict_keys(['tutorial_taskflow_api_etl']) retrieved from /home/airflow/.local/lib/python3.6/site-packages/airflow/example_dags/tutorial_taskflow_api_etl.py
[2026-01-10 09:34:16,988] {logging_mixin.py:109} INFO - [2026-01-10 09:34:16,988] {dag.py:1833} INFO - Sync 1 DAGs
[2026-01-10 09:34:17,005] {logging_mixin.py:109} INFO - [2026-01-10 09:34:17,005] {dag.py:2306} INFO - Setting next_dagrun for tutorial_taskflow_api_etl to None
[2026-01-10 09:34:17,018] {processor.py:170} INFO - Processing /home/airflow/.local/lib/python3.6/site-packages/airflow/example_dags/tutorial_taskflow_api_etl.py took 0.398 seconds
[2026-01-10 09:34:47,558] {processor.py:162} INFO - Started process (PID=865) to work on /home/airflow/.local/lib/python3.6/site-packages/airflow/example_dags/tutorial_taskflow_api_etl.py
[2026-01-10 09:34:47,560] {processor.py:613} INFO - Processing file /home/airflow/.local/lib/python3.6/site-packages/airflow/example_dags/tutorial_taskflow_api_etl.py for tasks to queue
[2026-01-10 09:34:47,566] {logging_mixin.py:109} INFO - [2026-01-10 09:34:47,565] {dagbag.py:496} INFO - Filling up the DagBag from /home/airflow/.local/lib/python3.6/site-packages/airflow/example_dags/tutorial_taskflow_api_etl.py
[2026-01-10 09:34:47,604] {processor.py:623} INFO - DAG(s) dict_keys(['tutorial_taskflow_api_etl']) retrieved from /home/airflow/.local/lib/python3.6/site-packages/airflow/example_dags/tutorial_taskflow_api_etl.py
[2026-01-10 09:34:48,033] {logging_mixin.py:109} INFO - [2026-01-10 09:34:48,033] {dag.py:1833} INFO - Sync 1 DAGs
[2026-01-10 09:34:48,059] {logging_mixin.py:109} INFO - [2026-01-10 09:34:48,058] {dag.py:2306} INFO - Setting next_dagrun for tutorial_taskflow_api_etl to None
[2026-01-10 09:34:48,081] {processor.py:170} INFO - Processing /home/airflow/.local/lib/python3.6/site-packages/airflow/example_dags/tutorial_taskflow_api_etl.py took 0.529 seconds
[2026-01-10 09:35:18,681] {processor.py:162} INFO - Started process (PID=916) to work on /home/airflow/.local/lib/python3.6/site-packages/airflow/example_dags/tutorial_taskflow_api_etl.py
[2026-01-10 09:35:18,682] {processor.py:613} INFO - Processing file /home/airflow/.local/lib/python3.6/site-packages/airflow/example_dags/tutorial_taskflow_api_etl.py for tasks to queue
[2026-01-10 09:35:18,683] {logging_mixin.py:109} INFO - [2026-01-10 09:35:18,682] {dagbag.py:496} INFO - Filling up the DagBag from /home/airflow/.local/lib/python3.6/site-packages/airflow/example_dags/tutorial_taskflow_api_etl.py
[2026-01-10 09:35:18,702] {processor.py:623} INFO - DAG(s) dict_keys(['tutorial_taskflow_api_etl']) retrieved from /home/airflow/.local/lib/python3.6/site-packages/airflow/example_dags/tutorial_taskflow_api_etl.py
[2026-01-10 09:35:19,144] {logging_mixin.py:109} INFO - [2026-01-10 09:35:19,144] {dag.py:1833} INFO - Sync 1 DAGs
[2026-01-10 09:35:19,168] {logging_mixin.py:109} INFO - [2026-01-10 09:35:19,168] {dag.py:2306} INFO - Setting next_dagrun for tutorial_taskflow_api_etl to None
[2026-01-10 09:35:19,188] {processor.py:170} INFO - Processing /home/airflow/.local/lib/python3.6/site-packages/airflow/example_dags/tutorial_taskflow_api_etl.py took 0.517 seconds
[2026-01-10 09:35:50,136] {processor.py:162} INFO - Started process (PID=974) to work on /home/airflow/.local/lib/python3.6/site-packages/airflow/example_dags/tutorial_taskflow_api_etl.py
[2026-01-10 09:35:50,140] {processor.py:613} INFO - Processing file /home/airflow/.local/lib/python3.6/site-packages/airflow/example_dags/tutorial_taskflow_api_etl.py for tasks to queue
[2026-01-10 09:35:50,141] {logging_mixin.py:109} INFO - [2026-01-10 09:35:50,141] {dagbag.py:496} INFO - Filling up the DagBag from /home/airflow/.local/lib/python3.6/site-packages/airflow/example_dags/tutorial_taskflow_api_etl.py
[2026-01-10 09:35:50,226] {processor.py:623} INFO - DAG(s) dict_keys(['tutorial_taskflow_api_etl']) retrieved from /home/airflow/.local/lib/python3.6/site-packages/airflow/example_dags/tutorial_taskflow_api_etl.py
[2026-01-10 09:35:51,094] {logging_mixin.py:109} INFO - [2026-01-10 09:35:51,093] {dag.py:1833} INFO - Sync 1 DAGs
[2026-01-10 09:35:51,139] {logging_mixin.py:109} INFO - [2026-01-10 09:35:51,139] {dag.py:2306} INFO - Setting next_dagrun for tutorial_taskflow_api_etl to None
[2026-01-10 09:35:51,189] {processor.py:170} INFO - Processing /home/airflow/.local/lib/python3.6/site-packages/airflow/example_dags/tutorial_taskflow_api_etl.py took 1.065 seconds
[2026-01-10 09:36:21,764] {processor.py:162} INFO - Started process (PID=1018) to work on /home/airflow/.local/lib/python3.6/site-packages/airflow/example_dags/tutorial_taskflow_api_etl.py
[2026-01-10 09:36:21,766] {processor.py:613} INFO - Processing file /home/airflow/.local/lib/python3.6/site-packages/airflow/example_dags/tutorial_taskflow_api_etl.py for tasks to queue
[2026-01-10 09:36:21,769] {logging_mixin.py:109} INFO - [2026-01-10 09:36:21,768] {dagbag.py:496} INFO - Filling up the DagBag from /home/airflow/.local/lib/python3.6/site-packages/airflow/example_dags/tutorial_taskflow_api_etl.py
[2026-01-10 09:36:21,812] {processor.py:623} INFO - DAG(s) dict_keys(['tutorial_taskflow_api_etl']) retrieved from /home/airflow/.local/lib/python3.6/site-packages/airflow/example_dags/tutorial_taskflow_api_etl.py
[2026-01-10 09:36:22,246] {logging_mixin.py:109} INFO - [2026-01-10 09:36:22,245] {dag.py:1833} INFO - Sync 1 DAGs
[2026-01-10 09:36:22,279] {logging_mixin.py:109} INFO - [2026-01-10 09:36:22,278] {dag.py:2306} INFO - Setting next_dagrun for tutorial_taskflow_api_etl to None
[2026-01-10 09:36:22,337] {processor.py:170} INFO - Processing /home/airflow/.local/lib/python3.6/site-packages/airflow/example_dags/tutorial_taskflow_api_etl.py took 0.583 seconds
[2026-01-10 09:36:52,462] {processor.py:162} INFO - Started process (PID=1068) to work on /home/airflow/.local/lib/python3.6/site-packages/airflow/example_dags/tutorial_taskflow_api_etl.py
[2026-01-10 09:36:52,468] {processor.py:613} INFO - Processing file /home/airflow/.local/lib/python3.6/site-packages/airflow/example_dags/tutorial_taskflow_api_etl.py for tasks to queue
[2026-01-10 09:36:52,472] {logging_mixin.py:109} INFO - [2026-01-10 09:36:52,471] {dagbag.py:496} INFO - Filling up the DagBag from /home/airflow/.local/lib/python3.6/site-packages/airflow/example_dags/tutorial_taskflow_api_etl.py
[2026-01-10 09:36:52,558] {processor.py:623} INFO - DAG(s) dict_keys(['tutorial_taskflow_api_etl']) retrieved from /home/airflow/.local/lib/python3.6/site-packages/airflow/example_dags/tutorial_taskflow_api_etl.py
[2026-01-10 09:36:53,372] {logging_mixin.py:109} INFO - [2026-01-10 09:36:53,371] {dag.py:1833} INFO - Sync 1 DAGs
[2026-01-10 09:36:53,419] {logging_mixin.py:109} INFO - [2026-01-10 09:36:53,419] {dag.py:2306} INFO - Setting next_dagrun for tutorial_taskflow_api_etl to None
[2026-01-10 09:36:53,460] {processor.py:170} INFO - Processing /home/airflow/.local/lib/python3.6/site-packages/airflow/example_dags/tutorial_taskflow_api_etl.py took 1.023 seconds
[2026-01-10 09:37:24,351] {processor.py:162} INFO - Started process (PID=1119) to work on /home/airflow/.local/lib/python3.6/site-packages/airflow/example_dags/tutorial_taskflow_api_etl.py
[2026-01-10 09:37:24,353] {processor.py:613} INFO - Processing file /home/airflow/.local/lib/python3.6/site-packages/airflow/example_dags/tutorial_taskflow_api_etl.py for tasks to queue
[2026-01-10 09:37:24,361] {logging_mixin.py:109} INFO - [2026-01-10 09:37:24,361] {dagbag.py:496} INFO - Filling up the DagBag from /home/airflow/.local/lib/python3.6/site-packages/airflow/example_dags/tutorial_taskflow_api_etl.py
[2026-01-10 09:37:24,585] {processor.py:623} INFO - DAG(s) dict_keys(['tutorial_taskflow_api_etl']) retrieved from /home/airflow/.local/lib/python3.6/site-packages/airflow/example_dags/tutorial_taskflow_api_etl.py
[2026-01-10 09:37:25,705] {logging_mixin.py:109} INFO - [2026-01-10 09:37:25,705] {dag.py:1833} INFO - Sync 1 DAGs
[2026-01-10 09:37:25,890] {logging_mixin.py:109} INFO - [2026-01-10 09:37:25,890] {dag.py:2306} INFO - Setting next_dagrun for tutorial_taskflow_api_etl to None
[2026-01-10 09:37:25,994] {processor.py:170} INFO - Processing /home/airflow/.local/lib/python3.6/site-packages/airflow/example_dags/tutorial_taskflow_api_etl.py took 1.691 seconds
[2026-01-10 09:37:56,893] {processor.py:162} INFO - Started process (PID=1167) to work on /home/airflow/.local/lib/python3.6/site-packages/airflow/example_dags/tutorial_taskflow_api_etl.py
[2026-01-10 09:37:56,896] {processor.py:613} INFO - Processing file /home/airflow/.local/lib/python3.6/site-packages/airflow/example_dags/tutorial_taskflow_api_etl.py for tasks to queue
[2026-01-10 09:37:56,899] {logging_mixin.py:109} INFO - [2026-01-10 09:37:56,899] {dagbag.py:496} INFO - Filling up the DagBag from /home/airflow/.local/lib/python3.6/site-packages/airflow/example_dags/tutorial_taskflow_api_etl.py
[2026-01-10 09:37:56,963] {processor.py:623} INFO - DAG(s) dict_keys(['tutorial_taskflow_api_etl']) retrieved from /home/airflow/.local/lib/python3.6/site-packages/airflow/example_dags/tutorial_taskflow_api_etl.py
[2026-01-10 09:37:57,487] {logging_mixin.py:109} INFO - [2026-01-10 09:37:57,487] {dag.py:1833} INFO - Sync 1 DAGs
[2026-01-10 09:37:57,511] {logging_mixin.py:109} INFO - [2026-01-10 09:37:57,511] {dag.py:2306} INFO - Setting next_dagrun for tutorial_taskflow_api_etl to None
[2026-01-10 09:37:57,527] {processor.py:170} INFO - Processing /home/airflow/.local/lib/python3.6/site-packages/airflow/example_dags/tutorial_taskflow_api_etl.py took 0.640 seconds
[2026-01-10 09:38:28,228] {processor.py:162} INFO - Started process (PID=1220) to work on /home/airflow/.local/lib/python3.6/site-packages/airflow/example_dags/tutorial_taskflow_api_etl.py
[2026-01-10 09:38:28,231] {processor.py:613} INFO - Processing file /home/airflow/.local/lib/python3.6/site-packages/airflow/example_dags/tutorial_taskflow_api_etl.py for tasks to queue
[2026-01-10 09:38:28,232] {logging_mixin.py:109} INFO - [2026-01-10 09:38:28,232] {dagbag.py:496} INFO - Filling up the DagBag from /home/airflow/.local/lib/python3.6/site-packages/airflow/example_dags/tutorial_taskflow_api_etl.py
[2026-01-10 09:38:28,310] {processor.py:623} INFO - DAG(s) dict_keys(['tutorial_taskflow_api_etl']) retrieved from /home/airflow/.local/lib/python3.6/site-packages/airflow/example_dags/tutorial_taskflow_api_etl.py
[2026-01-10 09:38:28,734] {logging_mixin.py:109} INFO - [2026-01-10 09:38:28,734] {dag.py:1833} INFO - Sync 1 DAGs
[2026-01-10 09:38:28,753] {logging_mixin.py:109} INFO - [2026-01-10 09:38:28,753] {dag.py:2306} INFO - Setting next_dagrun for tutorial_taskflow_api_etl to None
[2026-01-10 09:38:28,767] {processor.py:170} INFO - Processing /home/airflow/.local/lib/python3.6/site-packages/airflow/example_dags/tutorial_taskflow_api_etl.py took 0.549 seconds
[2026-01-10 09:38:58,804] {processor.py:162} INFO - Started process (PID=1271) to work on /home/airflow/.local/lib/python3.6/site-packages/airflow/example_dags/tutorial_taskflow_api_etl.py
[2026-01-10 09:38:58,807] {processor.py:613} INFO - Processing file /home/airflow/.local/lib/python3.6/site-packages/airflow/example_dags/tutorial_taskflow_api_etl.py for tasks to queue
[2026-01-10 09:38:58,808] {logging_mixin.py:109} INFO - [2026-01-10 09:38:58,807] {dagbag.py:496} INFO - Filling up the DagBag from /home/airflow/.local/lib/python3.6/site-packages/airflow/example_dags/tutorial_taskflow_api_etl.py
[2026-01-10 09:38:58,839] {processor.py:623} INFO - DAG(s) dict_keys(['tutorial_taskflow_api_etl']) retrieved from /home/airflow/.local/lib/python3.6/site-packages/airflow/example_dags/tutorial_taskflow_api_etl.py
[2026-01-10 09:38:59,285] {logging_mixin.py:109} INFO - [2026-01-10 09:38:59,285] {dag.py:1833} INFO - Sync 1 DAGs
[2026-01-10 09:38:59,311] {logging_mixin.py:109} INFO - [2026-01-10 09:38:59,311] {dag.py:2306} INFO - Setting next_dagrun for tutorial_taskflow_api_etl to None
[2026-01-10 09:38:59,324] {processor.py:170} INFO - Processing /home/airflow/.local/lib/python3.6/site-packages/airflow/example_dags/tutorial_taskflow_api_etl.py took 0.525 seconds
[2026-01-10 09:39:29,828] {processor.py:162} INFO - Started process (PID=1322) to work on /home/airflow/.local/lib/python3.6/site-packages/airflow/example_dags/tutorial_taskflow_api_etl.py
[2026-01-10 09:39:29,839] {processor.py:613} INFO - Processing file /home/airflow/.local/lib/python3.6/site-packages/airflow/example_dags/tutorial_taskflow_api_etl.py for tasks to queue
[2026-01-10 09:39:29,840] {logging_mixin.py:109} INFO - [2026-01-10 09:39:29,840] {dagbag.py:496} INFO - Filling up the DagBag from /home/airflow/.local/lib/python3.6/site-packages/airflow/example_dags/tutorial_taskflow_api_etl.py
[2026-01-10 09:39:29,875] {processor.py:623} INFO - DAG(s) dict_keys(['tutorial_taskflow_api_etl']) retrieved from /home/airflow/.local/lib/python3.6/site-packages/airflow/example_dags/tutorial_taskflow_api_etl.py
[2026-01-10 09:39:30,348] {logging_mixin.py:109} INFO - [2026-01-10 09:39:30,348] {dag.py:1833} INFO - Sync 1 DAGs
[2026-01-10 09:39:30,367] {logging_mixin.py:109} INFO - [2026-01-10 09:39:30,367] {dag.py:2306} INFO - Setting next_dagrun for tutorial_taskflow_api_etl to None
[2026-01-10 09:39:30,385] {processor.py:170} INFO - Processing /home/airflow/.local/lib/python3.6/site-packages/airflow/example_dags/tutorial_taskflow_api_etl.py took 0.569 seconds
[2026-01-10 09:40:00,531] {processor.py:162} INFO - Started process (PID=1383) to work on /home/airflow/.local/lib/python3.6/site-packages/airflow/example_dags/tutorial_taskflow_api_etl.py
[2026-01-10 09:40:00,533] {processor.py:613} INFO - Processing file /home/airflow/.local/lib/python3.6/site-packages/airflow/example_dags/tutorial_taskflow_api_etl.py for tasks to queue
[2026-01-10 09:40:00,534] {logging_mixin.py:109} INFO - [2026-01-10 09:40:00,534] {dagbag.py:496} INFO - Filling up the DagBag from /home/airflow/.local/lib/python3.6/site-packages/airflow/example_dags/tutorial_taskflow_api_etl.py
[2026-01-10 09:40:00,584] {processor.py:623} INFO - DAG(s) dict_keys(['tutorial_taskflow_api_etl']) retrieved from /home/airflow/.local/lib/python3.6/site-packages/airflow/example_dags/tutorial_taskflow_api_etl.py
[2026-01-10 09:40:01,034] {logging_mixin.py:109} INFO - [2026-01-10 09:40:01,034] {dag.py:1833} INFO - Sync 1 DAGs
[2026-01-10 09:40:01,057] {logging_mixin.py:109} INFO - [2026-01-10 09:40:01,057] {dag.py:2306} INFO - Setting next_dagrun for tutorial_taskflow_api_etl to None
[2026-01-10 09:40:01,074] {processor.py:170} INFO - Processing /home/airflow/.local/lib/python3.6/site-packages/airflow/example_dags/tutorial_taskflow_api_etl.py took 0.547 seconds
[2026-01-10 09:40:31,268] {processor.py:162} INFO - Started process (PID=1434) to work on /home/airflow/.local/lib/python3.6/site-packages/airflow/example_dags/tutorial_taskflow_api_etl.py
[2026-01-10 09:40:31,269] {processor.py:613} INFO - Processing file /home/airflow/.local/lib/python3.6/site-packages/airflow/example_dags/tutorial_taskflow_api_etl.py for tasks to queue
[2026-01-10 09:40:31,272] {logging_mixin.py:109} INFO - [2026-01-10 09:40:31,272] {dagbag.py:496} INFO - Filling up the DagBag from /home/airflow/.local/lib/python3.6/site-packages/airflow/example_dags/tutorial_taskflow_api_etl.py
[2026-01-10 09:40:31,306] {processor.py:623} INFO - DAG(s) dict_keys(['tutorial_taskflow_api_etl']) retrieved from /home/airflow/.local/lib/python3.6/site-packages/airflow/example_dags/tutorial_taskflow_api_etl.py
[2026-01-10 09:40:32,554] {logging_mixin.py:109} INFO - [2026-01-10 09:40:32,554] {dag.py:1833} INFO - Sync 1 DAGs
[2026-01-10 09:40:32,599] {logging_mixin.py:109} INFO - [2026-01-10 09:40:32,599] {dag.py:2306} INFO - Setting next_dagrun for tutorial_taskflow_api_etl to None
[2026-01-10 09:40:32,695] {processor.py:170} INFO - Processing /home/airflow/.local/lib/python3.6/site-packages/airflow/example_dags/tutorial_taskflow_api_etl.py took 1.438 seconds
[2026-01-10 09:41:02,853] {processor.py:162} INFO - Started process (PID=1485) to work on /home/airflow/.local/lib/python3.6/site-packages/airflow/example_dags/tutorial_taskflow_api_etl.py
[2026-01-10 09:41:02,854] {processor.py:613} INFO - Processing file /home/airflow/.local/lib/python3.6/site-packages/airflow/example_dags/tutorial_taskflow_api_etl.py for tasks to queue
[2026-01-10 09:41:02,855] {logging_mixin.py:109} INFO - [2026-01-10 09:41:02,855] {dagbag.py:496} INFO - Filling up the DagBag from /home/airflow/.local/lib/python3.6/site-packages/airflow/example_dags/tutorial_taskflow_api_etl.py
[2026-01-10 09:41:02,884] {processor.py:623} INFO - DAG(s) dict_keys(['tutorial_taskflow_api_etl']) retrieved from /home/airflow/.local/lib/python3.6/site-packages/airflow/example_dags/tutorial_taskflow_api_etl.py
[2026-01-10 09:41:03,299] {logging_mixin.py:109} INFO - [2026-01-10 09:41:03,299] {dag.py:1833} INFO - Sync 1 DAGs
[2026-01-10 09:41:03,323] {logging_mixin.py:109} INFO - [2026-01-10 09:41:03,323] {dag.py:2306} INFO - Setting next_dagrun for tutorial_taskflow_api_etl to None
[2026-01-10 09:41:03,342] {processor.py:170} INFO - Processing /home/airflow/.local/lib/python3.6/site-packages/airflow/example_dags/tutorial_taskflow_api_etl.py took 0.494 seconds
[2026-01-10 09:41:33,663] {processor.py:162} INFO - Started process (PID=1535) to work on /home/airflow/.local/lib/python3.6/site-packages/airflow/example_dags/tutorial_taskflow_api_etl.py
[2026-01-10 09:41:33,664] {processor.py:613} INFO - Processing file /home/airflow/.local/lib/python3.6/site-packages/airflow/example_dags/tutorial_taskflow_api_etl.py for tasks to queue
[2026-01-10 09:41:33,665] {logging_mixin.py:109} INFO - [2026-01-10 09:41:33,665] {dagbag.py:496} INFO - Filling up the DagBag from /home/airflow/.local/lib/python3.6/site-packages/airflow/example_dags/tutorial_taskflow_api_etl.py
[2026-01-10 09:41:33,767] {processor.py:623} INFO - DAG(s) dict_keys(['tutorial_taskflow_api_etl']) retrieved from /home/airflow/.local/lib/python3.6/site-packages/airflow/example_dags/tutorial_taskflow_api_etl.py
[2026-01-10 09:41:34,558] {logging_mixin.py:109} INFO - [2026-01-10 09:41:34,558] {dag.py:1833} INFO - Sync 1 DAGs
[2026-01-10 09:41:34,587] {logging_mixin.py:109} INFO - [2026-01-10 09:41:34,586] {dag.py:2306} INFO - Setting next_dagrun for tutorial_taskflow_api_etl to None
[2026-01-10 09:41:34,632] {processor.py:170} INFO - Processing /home/airflow/.local/lib/python3.6/site-packages/airflow/example_dags/tutorial_taskflow_api_etl.py took 0.994 seconds
[2026-01-10 09:42:05,143] {processor.py:162} INFO - Started process (PID=1586) to work on /home/airflow/.local/lib/python3.6/site-packages/airflow/example_dags/tutorial_taskflow_api_etl.py
[2026-01-10 09:42:05,145] {processor.py:613} INFO - Processing file /home/airflow/.local/lib/python3.6/site-packages/airflow/example_dags/tutorial_taskflow_api_etl.py for tasks to queue
[2026-01-10 09:42:05,146] {logging_mixin.py:109} INFO - [2026-01-10 09:42:05,146] {dagbag.py:496} INFO - Filling up the DagBag from /home/airflow/.local/lib/python3.6/site-packages/airflow/example_dags/tutorial_taskflow_api_etl.py
[2026-01-10 09:42:05,177] {processor.py:623} INFO - DAG(s) dict_keys(['tutorial_taskflow_api_etl']) retrieved from /home/airflow/.local/lib/python3.6/site-packages/airflow/example_dags/tutorial_taskflow_api_etl.py
[2026-01-10 09:42:05,521] {logging_mixin.py:109} INFO - [2026-01-10 09:42:05,521] {dag.py:1833} INFO - Sync 1 DAGs
[2026-01-10 09:42:05,540] {logging_mixin.py:109} INFO - [2026-01-10 09:42:05,540] {dag.py:2306} INFO - Setting next_dagrun for tutorial_taskflow_api_etl to None
[2026-01-10 09:42:05,557] {processor.py:170} INFO - Processing /home/airflow/.local/lib/python3.6/site-packages/airflow/example_dags/tutorial_taskflow_api_etl.py took 0.419 seconds
[2026-01-10 09:42:36,318] {processor.py:162} INFO - Started process (PID=1637) to work on /home/airflow/.local/lib/python3.6/site-packages/airflow/example_dags/tutorial_taskflow_api_etl.py
[2026-01-10 09:42:36,319] {processor.py:613} INFO - Processing file /home/airflow/.local/lib/python3.6/site-packages/airflow/example_dags/tutorial_taskflow_api_etl.py for tasks to queue
[2026-01-10 09:42:36,320] {logging_mixin.py:109} INFO - [2026-01-10 09:42:36,320] {dagbag.py:496} INFO - Filling up the DagBag from /home/airflow/.local/lib/python3.6/site-packages/airflow/example_dags/tutorial_taskflow_api_etl.py
[2026-01-10 09:42:36,352] {processor.py:623} INFO - DAG(s) dict_keys(['tutorial_taskflow_api_etl']) retrieved from /home/airflow/.local/lib/python3.6/site-packages/airflow/example_dags/tutorial_taskflow_api_etl.py
[2026-01-10 09:42:36,680] {logging_mixin.py:109} INFO - [2026-01-10 09:42:36,679] {dag.py:1833} INFO - Sync 1 DAGs
[2026-01-10 09:42:36,703] {logging_mixin.py:109} INFO - [2026-01-10 09:42:36,703] {dag.py:2306} INFO - Setting next_dagrun for tutorial_taskflow_api_etl to None
[2026-01-10 09:42:36,720] {processor.py:170} INFO - Processing /home/airflow/.local/lib/python3.6/site-packages/airflow/example_dags/tutorial_taskflow_api_etl.py took 0.407 seconds
[2026-01-10 09:43:07,009] {processor.py:162} INFO - Started process (PID=1698) to work on /home/airflow/.local/lib/python3.6/site-packages/airflow/example_dags/tutorial_taskflow_api_etl.py
[2026-01-10 09:43:07,011] {processor.py:613} INFO - Processing file /home/airflow/.local/lib/python3.6/site-packages/airflow/example_dags/tutorial_taskflow_api_etl.py for tasks to queue
[2026-01-10 09:43:07,013] {logging_mixin.py:109} INFO - [2026-01-10 09:43:07,012] {dagbag.py:496} INFO - Filling up the DagBag from /home/airflow/.local/lib/python3.6/site-packages/airflow/example_dags/tutorial_taskflow_api_etl.py
[2026-01-10 09:43:07,040] {processor.py:623} INFO - DAG(s) dict_keys(['tutorial_taskflow_api_etl']) retrieved from /home/airflow/.local/lib/python3.6/site-packages/airflow/example_dags/tutorial_taskflow_api_etl.py
[2026-01-10 09:43:07,365] {logging_mixin.py:109} INFO - [2026-01-10 09:43:07,365] {dag.py:1833} INFO - Sync 1 DAGs
[2026-01-10 09:43:07,382] {logging_mixin.py:109} INFO - [2026-01-10 09:43:07,382] {dag.py:2306} INFO - Setting next_dagrun for tutorial_taskflow_api_etl to None
[2026-01-10 09:43:07,396] {processor.py:170} INFO - Processing /home/airflow/.local/lib/python3.6/site-packages/airflow/example_dags/tutorial_taskflow_api_etl.py took 0.393 seconds
[2026-01-10 09:43:37,417] {processor.py:162} INFO - Started process (PID=1750) to work on /home/airflow/.local/lib/python3.6/site-packages/airflow/example_dags/tutorial_taskflow_api_etl.py
[2026-01-10 09:43:37,419] {processor.py:613} INFO - Processing file /home/airflow/.local/lib/python3.6/site-packages/airflow/example_dags/tutorial_taskflow_api_etl.py for tasks to queue
[2026-01-10 09:43:37,419] {logging_mixin.py:109} INFO - [2026-01-10 09:43:37,419] {dagbag.py:496} INFO - Filling up the DagBag from /home/airflow/.local/lib/python3.6/site-packages/airflow/example_dags/tutorial_taskflow_api_etl.py
[2026-01-10 09:43:37,446] {processor.py:623} INFO - DAG(s) dict_keys(['tutorial_taskflow_api_etl']) retrieved from /home/airflow/.local/lib/python3.6/site-packages/airflow/example_dags/tutorial_taskflow_api_etl.py
[2026-01-10 09:43:37,775] {logging_mixin.py:109} INFO - [2026-01-10 09:43:37,775] {dag.py:1833} INFO - Sync 1 DAGs
[2026-01-10 09:43:37,791] {logging_mixin.py:109} INFO - [2026-01-10 09:43:37,791] {dag.py:2306} INFO - Setting next_dagrun for tutorial_taskflow_api_etl to None
[2026-01-10 09:43:37,802] {processor.py:170} INFO - Processing /home/airflow/.local/lib/python3.6/site-packages/airflow/example_dags/tutorial_taskflow_api_etl.py took 0.389 seconds
[2026-01-10 09:44:08,606] {processor.py:162} INFO - Started process (PID=1801) to work on /home/airflow/.local/lib/python3.6/site-packages/airflow/example_dags/tutorial_taskflow_api_etl.py
[2026-01-10 09:44:08,608] {processor.py:613} INFO - Processing file /home/airflow/.local/lib/python3.6/site-packages/airflow/example_dags/tutorial_taskflow_api_etl.py for tasks to queue
[2026-01-10 09:44:08,609] {logging_mixin.py:109} INFO - [2026-01-10 09:44:08,609] {dagbag.py:496} INFO - Filling up the DagBag from /home/airflow/.local/lib/python3.6/site-packages/airflow/example_dags/tutorial_taskflow_api_etl.py
[2026-01-10 09:44:08,630] {processor.py:623} INFO - DAG(s) dict_keys(['tutorial_taskflow_api_etl']) retrieved from /home/airflow/.local/lib/python3.6/site-packages/airflow/example_dags/tutorial_taskflow_api_etl.py
[2026-01-10 09:44:08,914] {logging_mixin.py:109} INFO - [2026-01-10 09:44:08,914] {dag.py:1833} INFO - Sync 1 DAGs
[2026-01-10 09:44:08,940] {logging_mixin.py:109} INFO - [2026-01-10 09:44:08,940] {dag.py:2306} INFO - Setting next_dagrun for tutorial_taskflow_api_etl to None
[2026-01-10 09:44:08,967] {processor.py:170} INFO - Processing /home/airflow/.local/lib/python3.6/site-packages/airflow/example_dags/tutorial_taskflow_api_etl.py took 0.365 seconds
[2026-01-10 09:44:39,079] {processor.py:162} INFO - Started process (PID=1852) to work on /home/airflow/.local/lib/python3.6/site-packages/airflow/example_dags/tutorial_taskflow_api_etl.py
[2026-01-10 09:44:39,081] {processor.py:613} INFO - Processing file /home/airflow/.local/lib/python3.6/site-packages/airflow/example_dags/tutorial_taskflow_api_etl.py for tasks to queue
[2026-01-10 09:44:39,082] {logging_mixin.py:109} INFO - [2026-01-10 09:44:39,082] {dagbag.py:496} INFO - Filling up the DagBag from /home/airflow/.local/lib/python3.6/site-packages/airflow/example_dags/tutorial_taskflow_api_etl.py
[2026-01-10 09:44:39,114] {processor.py:623} INFO - DAG(s) dict_keys(['tutorial_taskflow_api_etl']) retrieved from /home/airflow/.local/lib/python3.6/site-packages/airflow/example_dags/tutorial_taskflow_api_etl.py
[2026-01-10 09:44:39,518] {logging_mixin.py:109} INFO - [2026-01-10 09:44:39,517] {dag.py:1833} INFO - Sync 1 DAGs
[2026-01-10 09:44:39,534] {logging_mixin.py:109} INFO - [2026-01-10 09:44:39,534] {dag.py:2306} INFO - Setting next_dagrun for tutorial_taskflow_api_etl to None
[2026-01-10 09:44:39,550] {processor.py:170} INFO - Processing /home/airflow/.local/lib/python3.6/site-packages/airflow/example_dags/tutorial_taskflow_api_etl.py took 0.476 seconds
[2026-01-10 09:45:09,912] {processor.py:162} INFO - Started process (PID=1903) to work on /home/airflow/.local/lib/python3.6/site-packages/airflow/example_dags/tutorial_taskflow_api_etl.py
[2026-01-10 09:45:09,913] {processor.py:613} INFO - Processing file /home/airflow/.local/lib/python3.6/site-packages/airflow/example_dags/tutorial_taskflow_api_etl.py for tasks to queue
[2026-01-10 09:45:09,914] {logging_mixin.py:109} INFO - [2026-01-10 09:45:09,914] {dagbag.py:496} INFO - Filling up the DagBag from /home/airflow/.local/lib/python3.6/site-packages/airflow/example_dags/tutorial_taskflow_api_etl.py
[2026-01-10 09:45:09,949] {processor.py:623} INFO - DAG(s) dict_keys(['tutorial_taskflow_api_etl']) retrieved from /home/airflow/.local/lib/python3.6/site-packages/airflow/example_dags/tutorial_taskflow_api_etl.py
[2026-01-10 09:45:09,986] {logging_mixin.py:109} INFO - [2026-01-10 09:45:09,986] {dag.py:1833} INFO - Sync 1 DAGs
[2026-01-10 09:45:10,011] {logging_mixin.py:109} INFO - [2026-01-10 09:45:10,010] {dag.py:2306} INFO - Setting next_dagrun for tutorial_taskflow_api_etl to None
[2026-01-10 09:45:10,027] {processor.py:170} INFO - Processing /home/airflow/.local/lib/python3.6/site-packages/airflow/example_dags/tutorial_taskflow_api_etl.py took 0.120 seconds
[2026-01-10 09:45:40,803] {processor.py:162} INFO - Started process (PID=1954) to work on /home/airflow/.local/lib/python3.6/site-packages/airflow/example_dags/tutorial_taskflow_api_etl.py
[2026-01-10 09:45:40,804] {processor.py:613} INFO - Processing file /home/airflow/.local/lib/python3.6/site-packages/airflow/example_dags/tutorial_taskflow_api_etl.py for tasks to queue
[2026-01-10 09:45:40,806] {logging_mixin.py:109} INFO - [2026-01-10 09:45:40,805] {dagbag.py:496} INFO - Filling up the DagBag from /home/airflow/.local/lib/python3.6/site-packages/airflow/example_dags/tutorial_taskflow_api_etl.py
[2026-01-10 09:45:40,833] {processor.py:623} INFO - DAG(s) dict_keys(['tutorial_taskflow_api_etl']) retrieved from /home/airflow/.local/lib/python3.6/site-packages/airflow/example_dags/tutorial_taskflow_api_etl.py
[2026-01-10 09:45:41,324] {logging_mixin.py:109} INFO - [2026-01-10 09:45:41,324] {dag.py:1833} INFO - Sync 1 DAGs
[2026-01-10 09:45:41,354] {logging_mixin.py:109} INFO - [2026-01-10 09:45:41,354] {dag.py:2306} INFO - Setting next_dagrun for tutorial_taskflow_api_etl to None
[2026-01-10 09:45:41,376] {processor.py:170} INFO - Processing /home/airflow/.local/lib/python3.6/site-packages/airflow/example_dags/tutorial_taskflow_api_etl.py took 0.578 seconds
[2026-01-10 09:46:12,001] {processor.py:162} INFO - Started process (PID=2004) to work on /home/airflow/.local/lib/python3.6/site-packages/airflow/example_dags/tutorial_taskflow_api_etl.py
[2026-01-10 09:46:12,003] {processor.py:613} INFO - Processing file /home/airflow/.local/lib/python3.6/site-packages/airflow/example_dags/tutorial_taskflow_api_etl.py for tasks to queue
[2026-01-10 09:46:12,004] {logging_mixin.py:109} INFO - [2026-01-10 09:46:12,004] {dagbag.py:496} INFO - Filling up the DagBag from /home/airflow/.local/lib/python3.6/site-packages/airflow/example_dags/tutorial_taskflow_api_etl.py
[2026-01-10 09:46:12,031] {processor.py:623} INFO - DAG(s) dict_keys(['tutorial_taskflow_api_etl']) retrieved from /home/airflow/.local/lib/python3.6/site-packages/airflow/example_dags/tutorial_taskflow_api_etl.py
[2026-01-10 09:46:12,394] {logging_mixin.py:109} INFO - [2026-01-10 09:46:12,393] {dag.py:1833} INFO - Sync 1 DAGs
[2026-01-10 09:46:12,410] {logging_mixin.py:109} INFO - [2026-01-10 09:46:12,410] {dag.py:2306} INFO - Setting next_dagrun for tutorial_taskflow_api_etl to None
[2026-01-10 09:46:12,426] {processor.py:170} INFO - Processing /home/airflow/.local/lib/python3.6/site-packages/airflow/example_dags/tutorial_taskflow_api_etl.py took 0.429 seconds
[2026-01-10 09:46:43,056] {processor.py:162} INFO - Started process (PID=2054) to work on /home/airflow/.local/lib/python3.6/site-packages/airflow/example_dags/tutorial_taskflow_api_etl.py
[2026-01-10 09:46:43,058] {processor.py:613} INFO - Processing file /home/airflow/.local/lib/python3.6/site-packages/airflow/example_dags/tutorial_taskflow_api_etl.py for tasks to queue
[2026-01-10 09:46:43,059] {logging_mixin.py:109} INFO - [2026-01-10 09:46:43,059] {dagbag.py:496} INFO - Filling up the DagBag from /home/airflow/.local/lib/python3.6/site-packages/airflow/example_dags/tutorial_taskflow_api_etl.py
[2026-01-10 09:46:43,082] {processor.py:623} INFO - DAG(s) dict_keys(['tutorial_taskflow_api_etl']) retrieved from /home/airflow/.local/lib/python3.6/site-packages/airflow/example_dags/tutorial_taskflow_api_etl.py
[2026-01-10 09:46:43,372] {logging_mixin.py:109} INFO - [2026-01-10 09:46:43,372] {dag.py:1833} INFO - Sync 1 DAGs
[2026-01-10 09:46:43,391] {logging_mixin.py:109} INFO - [2026-01-10 09:46:43,390] {dag.py:2306} INFO - Setting next_dagrun for tutorial_taskflow_api_etl to None
[2026-01-10 09:46:43,405] {processor.py:170} INFO - Processing /home/airflow/.local/lib/python3.6/site-packages/airflow/example_dags/tutorial_taskflow_api_etl.py took 0.353 seconds
[2026-01-10 09:47:14,232] {processor.py:162} INFO - Started process (PID=2114) to work on /home/airflow/.local/lib/python3.6/site-packages/airflow/example_dags/tutorial_taskflow_api_etl.py
[2026-01-10 09:47:14,234] {processor.py:613} INFO - Processing file /home/airflow/.local/lib/python3.6/site-packages/airflow/example_dags/tutorial_taskflow_api_etl.py for tasks to queue
[2026-01-10 09:47:14,237] {logging_mixin.py:109} INFO - [2026-01-10 09:47:14,237] {dagbag.py:496} INFO - Filling up the DagBag from /home/airflow/.local/lib/python3.6/site-packages/airflow/example_dags/tutorial_taskflow_api_etl.py
[2026-01-10 09:47:14,275] {processor.py:623} INFO - DAG(s) dict_keys(['tutorial_taskflow_api_etl']) retrieved from /home/airflow/.local/lib/python3.6/site-packages/airflow/example_dags/tutorial_taskflow_api_etl.py
[2026-01-10 09:47:14,827] {logging_mixin.py:109} INFO - [2026-01-10 09:47:14,826] {dag.py:1833} INFO - Sync 1 DAGs
[2026-01-10 09:47:14,855] {logging_mixin.py:109} INFO - [2026-01-10 09:47:14,855] {dag.py:2306} INFO - Setting next_dagrun for tutorial_taskflow_api_etl to None
[2026-01-10 09:47:14,875] {processor.py:170} INFO - Processing /home/airflow/.local/lib/python3.6/site-packages/airflow/example_dags/tutorial_taskflow_api_etl.py took 0.649 seconds
[2026-01-10 09:47:45,852] {processor.py:162} INFO - Started process (PID=2156) to work on /home/airflow/.local/lib/python3.6/site-packages/airflow/example_dags/tutorial_taskflow_api_etl.py
[2026-01-10 09:47:45,857] {processor.py:613} INFO - Processing file /home/airflow/.local/lib/python3.6/site-packages/airflow/example_dags/tutorial_taskflow_api_etl.py for tasks to queue
[2026-01-10 09:47:45,863] {logging_mixin.py:109} INFO - [2026-01-10 09:47:45,863] {dagbag.py:496} INFO - Filling up the DagBag from /home/airflow/.local/lib/python3.6/site-packages/airflow/example_dags/tutorial_taskflow_api_etl.py
[2026-01-10 09:47:45,993] {processor.py:623} INFO - DAG(s) dict_keys(['tutorial_taskflow_api_etl']) retrieved from /home/airflow/.local/lib/python3.6/site-packages/airflow/example_dags/tutorial_taskflow_api_etl.py
[2026-01-10 09:47:48,010] {logging_mixin.py:109} INFO - [2026-01-10 09:47:48,010] {dag.py:1833} INFO - Sync 1 DAGs
[2026-01-10 09:47:48,038] {logging_mixin.py:109} INFO - [2026-01-10 09:47:48,038] {dag.py:2306} INFO - Setting next_dagrun for tutorial_taskflow_api_etl to None
[2026-01-10 09:47:48,073] {processor.py:170} INFO - Processing /home/airflow/.local/lib/python3.6/site-packages/airflow/example_dags/tutorial_taskflow_api_etl.py took 2.233 seconds
[2026-01-10 09:48:18,640] {processor.py:162} INFO - Started process (PID=2187) to work on /home/airflow/.local/lib/python3.6/site-packages/airflow/example_dags/tutorial_taskflow_api_etl.py
[2026-01-10 09:48:18,642] {processor.py:613} INFO - Processing file /home/airflow/.local/lib/python3.6/site-packages/airflow/example_dags/tutorial_taskflow_api_etl.py for tasks to queue
[2026-01-10 09:48:18,643] {logging_mixin.py:109} INFO - [2026-01-10 09:48:18,643] {dagbag.py:496} INFO - Filling up the DagBag from /home/airflow/.local/lib/python3.6/site-packages/airflow/example_dags/tutorial_taskflow_api_etl.py
[2026-01-10 09:48:18,702] {processor.py:623} INFO - DAG(s) dict_keys(['tutorial_taskflow_api_etl']) retrieved from /home/airflow/.local/lib/python3.6/site-packages/airflow/example_dags/tutorial_taskflow_api_etl.py
[2026-01-10 09:48:19,473] {logging_mixin.py:109} INFO - [2026-01-10 09:48:19,473] {dag.py:1833} INFO - Sync 1 DAGs
[2026-01-10 09:48:19,629] {logging_mixin.py:109} INFO - [2026-01-10 09:48:19,629] {dag.py:2306} INFO - Setting next_dagrun for tutorial_taskflow_api_etl to None
[2026-01-10 09:48:19,705] {processor.py:170} INFO - Processing /home/airflow/.local/lib/python3.6/site-packages/airflow/example_dags/tutorial_taskflow_api_etl.py took 1.071 seconds
[2026-01-10 09:48:50,060] {processor.py:162} INFO - Started process (PID=2238) to work on /home/airflow/.local/lib/python3.6/site-packages/airflow/example_dags/tutorial_taskflow_api_etl.py
[2026-01-10 09:48:50,061] {processor.py:613} INFO - Processing file /home/airflow/.local/lib/python3.6/site-packages/airflow/example_dags/tutorial_taskflow_api_etl.py for tasks to queue
[2026-01-10 09:48:50,062] {logging_mixin.py:109} INFO - [2026-01-10 09:48:50,062] {dagbag.py:496} INFO - Filling up the DagBag from /home/airflow/.local/lib/python3.6/site-packages/airflow/example_dags/tutorial_taskflow_api_etl.py
[2026-01-10 09:48:50,110] {processor.py:623} INFO - DAG(s) dict_keys(['tutorial_taskflow_api_etl']) retrieved from /home/airflow/.local/lib/python3.6/site-packages/airflow/example_dags/tutorial_taskflow_api_etl.py
[2026-01-10 09:48:51,573] {logging_mixin.py:109} INFO - [2026-01-10 09:48:51,573] {dag.py:1833} INFO - Sync 1 DAGs
[2026-01-10 09:48:51,595] {logging_mixin.py:109} INFO - [2026-01-10 09:48:51,595] {dag.py:2306} INFO - Setting next_dagrun for tutorial_taskflow_api_etl to None
[2026-01-10 09:48:51,622] {processor.py:170} INFO - Processing /home/airflow/.local/lib/python3.6/site-packages/airflow/example_dags/tutorial_taskflow_api_etl.py took 1.567 seconds
[2026-01-10 09:49:21,692] {processor.py:162} INFO - Started process (PID=2269) to work on /home/airflow/.local/lib/python3.6/site-packages/airflow/example_dags/tutorial_taskflow_api_etl.py
[2026-01-10 09:49:21,693] {processor.py:613} INFO - Processing file /home/airflow/.local/lib/python3.6/site-packages/airflow/example_dags/tutorial_taskflow_api_etl.py for tasks to queue
[2026-01-10 09:49:21,694] {logging_mixin.py:109} INFO - [2026-01-10 09:49:21,694] {dagbag.py:496} INFO - Filling up the DagBag from /home/airflow/.local/lib/python3.6/site-packages/airflow/example_dags/tutorial_taskflow_api_etl.py
[2026-01-10 09:49:21,720] {processor.py:623} INFO - DAG(s) dict_keys(['tutorial_taskflow_api_etl']) retrieved from /home/airflow/.local/lib/python3.6/site-packages/airflow/example_dags/tutorial_taskflow_api_etl.py
[2026-01-10 09:49:22,076] {logging_mixin.py:109} INFO - [2026-01-10 09:49:22,076] {dag.py:1833} INFO - Sync 1 DAGs
[2026-01-10 09:49:22,098] {logging_mixin.py:109} INFO - [2026-01-10 09:49:22,097] {dag.py:2306} INFO - Setting next_dagrun for tutorial_taskflow_api_etl to None
[2026-01-10 09:49:22,110] {processor.py:170} INFO - Processing /home/airflow/.local/lib/python3.6/site-packages/airflow/example_dags/tutorial_taskflow_api_etl.py took 0.424 seconds
[2026-01-10 09:49:52,542] {processor.py:162} INFO - Started process (PID=2322) to work on /home/airflow/.local/lib/python3.6/site-packages/airflow/example_dags/tutorial_taskflow_api_etl.py
[2026-01-10 09:49:52,556] {processor.py:613} INFO - Processing file /home/airflow/.local/lib/python3.6/site-packages/airflow/example_dags/tutorial_taskflow_api_etl.py for tasks to queue
[2026-01-10 09:49:52,571] {logging_mixin.py:109} INFO - [2026-01-10 09:49:52,569] {dagbag.py:496} INFO - Filling up the DagBag from /home/airflow/.local/lib/python3.6/site-packages/airflow/example_dags/tutorial_taskflow_api_etl.py
[2026-01-10 09:49:52,619] {processor.py:623} INFO - DAG(s) dict_keys(['tutorial_taskflow_api_etl']) retrieved from /home/airflow/.local/lib/python3.6/site-packages/airflow/example_dags/tutorial_taskflow_api_etl.py
[2026-01-10 09:49:53,213] {logging_mixin.py:109} INFO - [2026-01-10 09:49:53,213] {dag.py:1833} INFO - Sync 1 DAGs
[2026-01-10 09:49:53,264] {logging_mixin.py:109} INFO - [2026-01-10 09:49:53,263] {dag.py:2306} INFO - Setting next_dagrun for tutorial_taskflow_api_etl to None
[2026-01-10 09:49:53,337] {processor.py:170} INFO - Processing /home/airflow/.local/lib/python3.6/site-packages/airflow/example_dags/tutorial_taskflow_api_etl.py took 0.809 seconds
[2026-01-10 09:50:23,635] {processor.py:162} INFO - Started process (PID=2372) to work on /home/airflow/.local/lib/python3.6/site-packages/airflow/example_dags/tutorial_taskflow_api_etl.py
[2026-01-10 09:50:23,638] {processor.py:613} INFO - Processing file /home/airflow/.local/lib/python3.6/site-packages/airflow/example_dags/tutorial_taskflow_api_etl.py for tasks to queue
[2026-01-10 09:50:23,640] {logging_mixin.py:109} INFO - [2026-01-10 09:50:23,640] {dagbag.py:496} INFO - Filling up the DagBag from /home/airflow/.local/lib/python3.6/site-packages/airflow/example_dags/tutorial_taskflow_api_etl.py
[2026-01-10 09:50:23,684] {processor.py:623} INFO - DAG(s) dict_keys(['tutorial_taskflow_api_etl']) retrieved from /home/airflow/.local/lib/python3.6/site-packages/airflow/example_dags/tutorial_taskflow_api_etl.py
[2026-01-10 09:50:23,736] {logging_mixin.py:109} INFO - [2026-01-10 09:50:23,736] {dag.py:1833} INFO - Sync 1 DAGs
[2026-01-10 09:50:23,762] {logging_mixin.py:109} INFO - [2026-01-10 09:50:23,762] {dag.py:2306} INFO - Setting next_dagrun for tutorial_taskflow_api_etl to None
[2026-01-10 09:50:23,776] {processor.py:170} INFO - Processing /home/airflow/.local/lib/python3.6/site-packages/airflow/example_dags/tutorial_taskflow_api_etl.py took 0.149 seconds
[2026-01-10 09:50:54,142] {processor.py:162} INFO - Started process (PID=2423) to work on /home/airflow/.local/lib/python3.6/site-packages/airflow/example_dags/tutorial_taskflow_api_etl.py
[2026-01-10 09:50:54,144] {processor.py:613} INFO - Processing file /home/airflow/.local/lib/python3.6/site-packages/airflow/example_dags/tutorial_taskflow_api_etl.py for tasks to queue
[2026-01-10 09:50:54,145] {logging_mixin.py:109} INFO - [2026-01-10 09:50:54,145] {dagbag.py:496} INFO - Filling up the DagBag from /home/airflow/.local/lib/python3.6/site-packages/airflow/example_dags/tutorial_taskflow_api_etl.py
[2026-01-10 09:50:54,198] {processor.py:623} INFO - DAG(s) dict_keys(['tutorial_taskflow_api_etl']) retrieved from /home/airflow/.local/lib/python3.6/site-packages/airflow/example_dags/tutorial_taskflow_api_etl.py
[2026-01-10 09:50:54,755] {logging_mixin.py:109} INFO - [2026-01-10 09:50:54,754] {dag.py:1833} INFO - Sync 1 DAGs
[2026-01-10 09:50:54,781] {logging_mixin.py:109} INFO - [2026-01-10 09:50:54,781] {dag.py:2306} INFO - Setting next_dagrun for tutorial_taskflow_api_etl to None
[2026-01-10 09:50:54,804] {processor.py:170} INFO - Processing /home/airflow/.local/lib/python3.6/site-packages/airflow/example_dags/tutorial_taskflow_api_etl.py took 0.669 seconds
[2026-01-10 09:51:25,010] {processor.py:162} INFO - Started process (PID=2474) to work on /home/airflow/.local/lib/python3.6/site-packages/airflow/example_dags/tutorial_taskflow_api_etl.py
[2026-01-10 09:51:25,013] {processor.py:613} INFO - Processing file /home/airflow/.local/lib/python3.6/site-packages/airflow/example_dags/tutorial_taskflow_api_etl.py for tasks to queue
[2026-01-10 09:51:25,015] {logging_mixin.py:109} INFO - [2026-01-10 09:51:25,014] {dagbag.py:496} INFO - Filling up the DagBag from /home/airflow/.local/lib/python3.6/site-packages/airflow/example_dags/tutorial_taskflow_api_etl.py
[2026-01-10 09:51:25,050] {processor.py:623} INFO - DAG(s) dict_keys(['tutorial_taskflow_api_etl']) retrieved from /home/airflow/.local/lib/python3.6/site-packages/airflow/example_dags/tutorial_taskflow_api_etl.py
[2026-01-10 09:51:25,610] {logging_mixin.py:109} INFO - [2026-01-10 09:51:25,610] {dag.py:1833} INFO - Sync 1 DAGs
[2026-01-10 09:51:25,636] {logging_mixin.py:109} INFO - [2026-01-10 09:51:25,635] {dag.py:2306} INFO - Setting next_dagrun for tutorial_taskflow_api_etl to None
[2026-01-10 09:51:25,651] {processor.py:170} INFO - Processing /home/airflow/.local/lib/python3.6/site-packages/airflow/example_dags/tutorial_taskflow_api_etl.py took 0.652 seconds
[2026-01-10 09:51:55,904] {processor.py:162} INFO - Started process (PID=2524) to work on /home/airflow/.local/lib/python3.6/site-packages/airflow/example_dags/tutorial_taskflow_api_etl.py
[2026-01-10 09:51:55,906] {processor.py:613} INFO - Processing file /home/airflow/.local/lib/python3.6/site-packages/airflow/example_dags/tutorial_taskflow_api_etl.py for tasks to queue
[2026-01-10 09:51:55,907] {logging_mixin.py:109} INFO - [2026-01-10 09:51:55,907] {dagbag.py:496} INFO - Filling up the DagBag from /home/airflow/.local/lib/python3.6/site-packages/airflow/example_dags/tutorial_taskflow_api_etl.py
[2026-01-10 09:51:55,966] {processor.py:623} INFO - DAG(s) dict_keys(['tutorial_taskflow_api_etl']) retrieved from /home/airflow/.local/lib/python3.6/site-packages/airflow/example_dags/tutorial_taskflow_api_etl.py
[2026-01-10 09:51:56,040] {logging_mixin.py:109} INFO - [2026-01-10 09:51:56,040] {dag.py:1833} INFO - Sync 1 DAGs
[2026-01-10 09:51:56,069] {logging_mixin.py:109} INFO - [2026-01-10 09:51:56,069] {dag.py:2306} INFO - Setting next_dagrun for tutorial_taskflow_api_etl to None
[2026-01-10 09:51:56,088] {processor.py:170} INFO - Processing /home/airflow/.local/lib/python3.6/site-packages/airflow/example_dags/tutorial_taskflow_api_etl.py took 0.189 seconds
[2026-01-10 09:52:26,637] {processor.py:162} INFO - Started process (PID=2564) to work on /home/airflow/.local/lib/python3.6/site-packages/airflow/example_dags/tutorial_taskflow_api_etl.py
[2026-01-10 09:52:26,639] {processor.py:613} INFO - Processing file /home/airflow/.local/lib/python3.6/site-packages/airflow/example_dags/tutorial_taskflow_api_etl.py for tasks to queue
[2026-01-10 09:52:26,640] {logging_mixin.py:109} INFO - [2026-01-10 09:52:26,640] {dagbag.py:496} INFO - Filling up the DagBag from /home/airflow/.local/lib/python3.6/site-packages/airflow/example_dags/tutorial_taskflow_api_etl.py
[2026-01-10 09:52:26,674] {processor.py:623} INFO - DAG(s) dict_keys(['tutorial_taskflow_api_etl']) retrieved from /home/airflow/.local/lib/python3.6/site-packages/airflow/example_dags/tutorial_taskflow_api_etl.py
[2026-01-10 09:52:27,111] {logging_mixin.py:109} INFO - [2026-01-10 09:52:27,111] {dag.py:1833} INFO - Sync 1 DAGs
[2026-01-10 09:52:27,138] {logging_mixin.py:109} INFO - [2026-01-10 09:52:27,138] {dag.py:2306} INFO - Setting next_dagrun for tutorial_taskflow_api_etl to None
[2026-01-10 09:52:27,182] {processor.py:170} INFO - Processing /home/airflow/.local/lib/python3.6/site-packages/airflow/example_dags/tutorial_taskflow_api_etl.py took 0.551 seconds
[2026-01-10 09:52:58,008] {processor.py:162} INFO - Started process (PID=2615) to work on /home/airflow/.local/lib/python3.6/site-packages/airflow/example_dags/tutorial_taskflow_api_etl.py
[2026-01-10 09:52:58,015] {processor.py:613} INFO - Processing file /home/airflow/.local/lib/python3.6/site-packages/airflow/example_dags/tutorial_taskflow_api_etl.py for tasks to queue
[2026-01-10 09:52:58,016] {logging_mixin.py:109} INFO - [2026-01-10 09:52:58,016] {dagbag.py:496} INFO - Filling up the DagBag from /home/airflow/.local/lib/python3.6/site-packages/airflow/example_dags/tutorial_taskflow_api_etl.py
[2026-01-10 09:52:58,090] {processor.py:623} INFO - DAG(s) dict_keys(['tutorial_taskflow_api_etl']) retrieved from /home/airflow/.local/lib/python3.6/site-packages/airflow/example_dags/tutorial_taskflow_api_etl.py
[2026-01-10 09:52:59,274] {logging_mixin.py:109} INFO - [2026-01-10 09:52:59,274] {dag.py:1833} INFO - Sync 1 DAGs
[2026-01-10 09:52:59,355] {logging_mixin.py:109} INFO - [2026-01-10 09:52:59,354] {dag.py:2306} INFO - Setting next_dagrun for tutorial_taskflow_api_etl to None
[2026-01-10 09:52:59,434] {processor.py:170} INFO - Processing /home/airflow/.local/lib/python3.6/site-packages/airflow/example_dags/tutorial_taskflow_api_etl.py took 1.452 seconds
[2026-01-10 09:53:29,641] {processor.py:162} INFO - Started process (PID=2656) to work on /home/airflow/.local/lib/python3.6/site-packages/airflow/example_dags/tutorial_taskflow_api_etl.py
[2026-01-10 09:53:29,643] {processor.py:613} INFO - Processing file /home/airflow/.local/lib/python3.6/site-packages/airflow/example_dags/tutorial_taskflow_api_etl.py for tasks to queue
[2026-01-10 09:53:29,644] {logging_mixin.py:109} INFO - [2026-01-10 09:53:29,644] {dagbag.py:496} INFO - Filling up the DagBag from /home/airflow/.local/lib/python3.6/site-packages/airflow/example_dags/tutorial_taskflow_api_etl.py
[2026-01-10 09:53:29,689] {processor.py:623} INFO - DAG(s) dict_keys(['tutorial_taskflow_api_etl']) retrieved from /home/airflow/.local/lib/python3.6/site-packages/airflow/example_dags/tutorial_taskflow_api_etl.py
[2026-01-10 09:53:29,764] {logging_mixin.py:109} INFO - [2026-01-10 09:53:29,764] {dag.py:1833} INFO - Sync 1 DAGs
[2026-01-10 09:53:29,846] {logging_mixin.py:109} INFO - [2026-01-10 09:53:29,846] {dag.py:2306} INFO - Setting next_dagrun for tutorial_taskflow_api_etl to None
[2026-01-10 09:53:29,899] {processor.py:170} INFO - Processing /home/airflow/.local/lib/python3.6/site-packages/airflow/example_dags/tutorial_taskflow_api_etl.py took 0.263 seconds
[2026-01-10 09:54:00,459] {processor.py:162} INFO - Started process (PID=2707) to work on /home/airflow/.local/lib/python3.6/site-packages/airflow/example_dags/tutorial_taskflow_api_etl.py
[2026-01-10 09:54:00,465] {processor.py:613} INFO - Processing file /home/airflow/.local/lib/python3.6/site-packages/airflow/example_dags/tutorial_taskflow_api_etl.py for tasks to queue
[2026-01-10 09:54:00,471] {logging_mixin.py:109} INFO - [2026-01-10 09:54:00,471] {dagbag.py:496} INFO - Filling up the DagBag from /home/airflow/.local/lib/python3.6/site-packages/airflow/example_dags/tutorial_taskflow_api_etl.py
[2026-01-10 09:54:00,576] {processor.py:623} INFO - DAG(s) dict_keys(['tutorial_taskflow_api_etl']) retrieved from /home/airflow/.local/lib/python3.6/site-packages/airflow/example_dags/tutorial_taskflow_api_etl.py
[2026-01-10 09:54:00,688] {logging_mixin.py:109} INFO - [2026-01-10 09:54:00,688] {dag.py:1833} INFO - Sync 1 DAGs
[2026-01-10 09:54:00,727] {logging_mixin.py:109} INFO - [2026-01-10 09:54:00,727] {dag.py:2306} INFO - Setting next_dagrun for tutorial_taskflow_api_etl to None
[2026-01-10 09:54:00,759] {processor.py:170} INFO - Processing /home/airflow/.local/lib/python3.6/site-packages/airflow/example_dags/tutorial_taskflow_api_etl.py took 0.306 seconds
[2026-01-10 09:54:31,274] {processor.py:162} INFO - Started process (PID=2748) to work on /home/airflow/.local/lib/python3.6/site-packages/airflow/example_dags/tutorial_taskflow_api_etl.py
[2026-01-10 09:54:31,287] {processor.py:613} INFO - Processing file /home/airflow/.local/lib/python3.6/site-packages/airflow/example_dags/tutorial_taskflow_api_etl.py for tasks to queue
[2026-01-10 09:54:31,298] {logging_mixin.py:109} INFO - [2026-01-10 09:54:31,297] {dagbag.py:496} INFO - Filling up the DagBag from /home/airflow/.local/lib/python3.6/site-packages/airflow/example_dags/tutorial_taskflow_api_etl.py
[2026-01-10 09:54:31,354] {processor.py:623} INFO - DAG(s) dict_keys(['tutorial_taskflow_api_etl']) retrieved from /home/airflow/.local/lib/python3.6/site-packages/airflow/example_dags/tutorial_taskflow_api_etl.py
[2026-01-10 09:54:31,944] {logging_mixin.py:109} INFO - [2026-01-10 09:54:31,944] {dag.py:1833} INFO - Sync 1 DAGs
[2026-01-10 09:54:31,977] {logging_mixin.py:109} INFO - [2026-01-10 09:54:31,977] {dag.py:2306} INFO - Setting next_dagrun for tutorial_taskflow_api_etl to None
[2026-01-10 09:54:32,010] {processor.py:170} INFO - Processing /home/airflow/.local/lib/python3.6/site-packages/airflow/example_dags/tutorial_taskflow_api_etl.py took 0.768 seconds
[2026-01-10 09:55:05,209] {processor.py:162} INFO - Started process (PID=2790) to work on /home/airflow/.local/lib/python3.6/site-packages/airflow/example_dags/tutorial_taskflow_api_etl.py
[2026-01-10 09:55:05,213] {processor.py:613} INFO - Processing file /home/airflow/.local/lib/python3.6/site-packages/airflow/example_dags/tutorial_taskflow_api_etl.py for tasks to queue
[2026-01-10 09:55:05,215] {logging_mixin.py:109} INFO - [2026-01-10 09:55:05,214] {dagbag.py:496} INFO - Filling up the DagBag from /home/airflow/.local/lib/python3.6/site-packages/airflow/example_dags/tutorial_taskflow_api_etl.py
[2026-01-10 09:55:05,367] {processor.py:623} INFO - DAG(s) dict_keys(['tutorial_taskflow_api_etl']) retrieved from /home/airflow/.local/lib/python3.6/site-packages/airflow/example_dags/tutorial_taskflow_api_etl.py
[2026-01-10 09:55:15,715] {logging_mixin.py:109} INFO - [2026-01-10 09:55:15,709] {dag.py:1833} INFO - Sync 1 DAGs
[2026-01-10 09:55:15,851] {logging_mixin.py:109} INFO - [2026-01-10 09:55:15,851] {dag.py:2306} INFO - Setting next_dagrun for tutorial_taskflow_api_etl to None
[2026-01-10 09:55:15,923] {processor.py:170} INFO - Processing /home/airflow/.local/lib/python3.6/site-packages/airflow/example_dags/tutorial_taskflow_api_etl.py took 10.726 seconds
[2026-01-10 09:55:46,475] {processor.py:162} INFO - Started process (PID=2831) to work on /home/airflow/.local/lib/python3.6/site-packages/airflow/example_dags/tutorial_taskflow_api_etl.py
[2026-01-10 09:55:46,478] {processor.py:613} INFO - Processing file /home/airflow/.local/lib/python3.6/site-packages/airflow/example_dags/tutorial_taskflow_api_etl.py for tasks to queue
[2026-01-10 09:55:46,479] {logging_mixin.py:109} INFO - [2026-01-10 09:55:46,478] {dagbag.py:496} INFO - Filling up the DagBag from /home/airflow/.local/lib/python3.6/site-packages/airflow/example_dags/tutorial_taskflow_api_etl.py
[2026-01-10 09:55:46,523] {processor.py:623} INFO - DAG(s) dict_keys(['tutorial_taskflow_api_etl']) retrieved from /home/airflow/.local/lib/python3.6/site-packages/airflow/example_dags/tutorial_taskflow_api_etl.py
[2026-01-10 09:55:47,114] {logging_mixin.py:109} INFO - [2026-01-10 09:55:47,114] {dag.py:1833} INFO - Sync 1 DAGs
[2026-01-10 09:55:47,138] {logging_mixin.py:109} INFO - [2026-01-10 09:55:47,138] {dag.py:2306} INFO - Setting next_dagrun for tutorial_taskflow_api_etl to None
[2026-01-10 09:55:47,156] {processor.py:170} INFO - Processing /home/airflow/.local/lib/python3.6/site-packages/airflow/example_dags/tutorial_taskflow_api_etl.py took 0.686 seconds
[2026-01-10 09:56:17,607] {processor.py:162} INFO - Started process (PID=2879) to work on /home/airflow/.local/lib/python3.6/site-packages/airflow/example_dags/tutorial_taskflow_api_etl.py
[2026-01-10 09:56:17,616] {processor.py:613} INFO - Processing file /home/airflow/.local/lib/python3.6/site-packages/airflow/example_dags/tutorial_taskflow_api_etl.py for tasks to queue
[2026-01-10 09:56:17,617] {logging_mixin.py:109} INFO - [2026-01-10 09:56:17,617] {dagbag.py:496} INFO - Filling up the DagBag from /home/airflow/.local/lib/python3.6/site-packages/airflow/example_dags/tutorial_taskflow_api_etl.py
[2026-01-10 09:56:17,675] {processor.py:623} INFO - DAG(s) dict_keys(['tutorial_taskflow_api_etl']) retrieved from /home/airflow/.local/lib/python3.6/site-packages/airflow/example_dags/tutorial_taskflow_api_etl.py
[2026-01-10 09:56:18,233] {logging_mixin.py:109} INFO - [2026-01-10 09:56:18,233] {dag.py:1833} INFO - Sync 1 DAGs
[2026-01-10 09:56:18,260] {logging_mixin.py:109} INFO - [2026-01-10 09:56:18,260] {dag.py:2306} INFO - Setting next_dagrun for tutorial_taskflow_api_etl to None
[2026-01-10 09:56:18,284] {processor.py:170} INFO - Processing /home/airflow/.local/lib/python3.6/site-packages/airflow/example_dags/tutorial_taskflow_api_etl.py took 0.682 seconds
[2026-01-10 09:56:48,522] {processor.py:162} INFO - Started process (PID=2913) to work on /home/airflow/.local/lib/python3.6/site-packages/airflow/example_dags/tutorial_taskflow_api_etl.py
[2026-01-10 09:56:48,523] {processor.py:613} INFO - Processing file /home/airflow/.local/lib/python3.6/site-packages/airflow/example_dags/tutorial_taskflow_api_etl.py for tasks to queue
[2026-01-10 09:56:48,524] {logging_mixin.py:109} INFO - [2026-01-10 09:56:48,524] {dagbag.py:496} INFO - Filling up the DagBag from /home/airflow/.local/lib/python3.6/site-packages/airflow/example_dags/tutorial_taskflow_api_etl.py
[2026-01-10 09:56:48,548] {processor.py:623} INFO - DAG(s) dict_keys(['tutorial_taskflow_api_etl']) retrieved from /home/airflow/.local/lib/python3.6/site-packages/airflow/example_dags/tutorial_taskflow_api_etl.py
[2026-01-10 09:56:48,821] {logging_mixin.py:109} INFO - [2026-01-10 09:56:48,821] {dag.py:1833} INFO - Sync 1 DAGs
[2026-01-10 09:56:48,838] {logging_mixin.py:109} INFO - [2026-01-10 09:56:48,838] {dag.py:2306} INFO - Setting next_dagrun for tutorial_taskflow_api_etl to None
[2026-01-10 09:56:48,853] {processor.py:170} INFO - Processing /home/airflow/.local/lib/python3.6/site-packages/airflow/example_dags/tutorial_taskflow_api_etl.py took 0.334 seconds
[2026-01-10 09:58:03,797] {processor.py:162} INFO - Started process (PID=2983) to work on /home/airflow/.local/lib/python3.6/site-packages/airflow/example_dags/tutorial_taskflow_api_etl.py
[2026-01-10 09:58:03,799] {processor.py:613} INFO - Processing file /home/airflow/.local/lib/python3.6/site-packages/airflow/example_dags/tutorial_taskflow_api_etl.py for tasks to queue
[2026-01-10 09:58:03,800] {logging_mixin.py:109} INFO - [2026-01-10 09:58:03,800] {dagbag.py:496} INFO - Filling up the DagBag from /home/airflow/.local/lib/python3.6/site-packages/airflow/example_dags/tutorial_taskflow_api_etl.py
[2026-01-10 09:58:03,849] {processor.py:623} INFO - DAG(s) dict_keys(['tutorial_taskflow_api_etl']) retrieved from /home/airflow/.local/lib/python3.6/site-packages/airflow/example_dags/tutorial_taskflow_api_etl.py
[2026-01-10 09:58:04,928] {logging_mixin.py:109} INFO - [2026-01-10 09:58:04,928] {dag.py:1833} INFO - Sync 1 DAGs
[2026-01-10 09:58:04,979] {logging_mixin.py:109} INFO - [2026-01-10 09:58:04,979] {dag.py:2306} INFO - Setting next_dagrun for tutorial_taskflow_api_etl to None
[2026-01-10 09:58:05,015] {processor.py:170} INFO - Processing /home/airflow/.local/lib/python3.6/site-packages/airflow/example_dags/tutorial_taskflow_api_etl.py took 1.223 seconds
[2026-01-10 09:59:32,051] {processor.py:162} INFO - Started process (PID=3025) to work on /home/airflow/.local/lib/python3.6/site-packages/airflow/example_dags/tutorial_taskflow_api_etl.py
[2026-01-10 09:59:32,053] {processor.py:613} INFO - Processing file /home/airflow/.local/lib/python3.6/site-packages/airflow/example_dags/tutorial_taskflow_api_etl.py for tasks to queue
[2026-01-10 09:59:32,054] {logging_mixin.py:109} INFO - [2026-01-10 09:59:32,054] {dagbag.py:496} INFO - Filling up the DagBag from /home/airflow/.local/lib/python3.6/site-packages/airflow/example_dags/tutorial_taskflow_api_etl.py
[2026-01-10 09:59:32,098] {processor.py:623} INFO - DAG(s) dict_keys(['tutorial_taskflow_api_etl']) retrieved from /home/airflow/.local/lib/python3.6/site-packages/airflow/example_dags/tutorial_taskflow_api_etl.py
[2026-01-10 09:59:32,706] {logging_mixin.py:109} INFO - [2026-01-10 09:59:32,706] {dag.py:1833} INFO - Sync 1 DAGs
[2026-01-10 09:59:32,733] {logging_mixin.py:109} INFO - [2026-01-10 09:59:32,733] {dag.py:2306} INFO - Setting next_dagrun for tutorial_taskflow_api_etl to None
[2026-01-10 09:59:32,751] {processor.py:170} INFO - Processing /home/airflow/.local/lib/python3.6/site-packages/airflow/example_dags/tutorial_taskflow_api_etl.py took 0.705 seconds
[2026-01-10 10:00:02,893] {processor.py:162} INFO - Started process (PID=3068) to work on /home/airflow/.local/lib/python3.6/site-packages/airflow/example_dags/tutorial_taskflow_api_etl.py
[2026-01-10 10:00:02,896] {processor.py:613} INFO - Processing file /home/airflow/.local/lib/python3.6/site-packages/airflow/example_dags/tutorial_taskflow_api_etl.py for tasks to queue
[2026-01-10 10:00:02,897] {logging_mixin.py:109} INFO - [2026-01-10 10:00:02,897] {dagbag.py:496} INFO - Filling up the DagBag from /home/airflow/.local/lib/python3.6/site-packages/airflow/example_dags/tutorial_taskflow_api_etl.py
[2026-01-10 10:00:02,939] {processor.py:623} INFO - DAG(s) dict_keys(['tutorial_taskflow_api_etl']) retrieved from /home/airflow/.local/lib/python3.6/site-packages/airflow/example_dags/tutorial_taskflow_api_etl.py
[2026-01-10 10:00:04,032] {logging_mixin.py:109} INFO - [2026-01-10 10:00:04,032] {dag.py:1833} INFO - Sync 1 DAGs
[2026-01-10 10:00:04,073] {logging_mixin.py:109} INFO - [2026-01-10 10:00:04,072] {dag.py:2306} INFO - Setting next_dagrun for tutorial_taskflow_api_etl to None
[2026-01-10 10:00:04,106] {processor.py:170} INFO - Processing /home/airflow/.local/lib/python3.6/site-packages/airflow/example_dags/tutorial_taskflow_api_etl.py took 1.218 seconds
[2026-01-10 10:00:58,884] {processor.py:162} INFO - Started process (PID=3113) to work on /home/airflow/.local/lib/python3.6/site-packages/airflow/example_dags/tutorial_taskflow_api_etl.py
[2026-01-10 10:00:58,886] {processor.py:613} INFO - Processing file /home/airflow/.local/lib/python3.6/site-packages/airflow/example_dags/tutorial_taskflow_api_etl.py for tasks to queue
[2026-01-10 10:00:58,890] {logging_mixin.py:109} INFO - [2026-01-10 10:00:58,887] {dagbag.py:496} INFO - Filling up the DagBag from /home/airflow/.local/lib/python3.6/site-packages/airflow/example_dags/tutorial_taskflow_api_etl.py
[2026-01-10 10:00:58,920] {processor.py:623} INFO - DAG(s) dict_keys(['tutorial_taskflow_api_etl']) retrieved from /home/airflow/.local/lib/python3.6/site-packages/airflow/example_dags/tutorial_taskflow_api_etl.py
[2026-01-10 10:00:59,777] {logging_mixin.py:109} INFO - [2026-01-10 10:00:59,777] {dag.py:1833} INFO - Sync 1 DAGs
[2026-01-10 10:00:59,835] {logging_mixin.py:109} INFO - [2026-01-10 10:00:59,834] {dag.py:2306} INFO - Setting next_dagrun for tutorial_taskflow_api_etl to None
[2026-01-10 10:00:59,860] {processor.py:170} INFO - Processing /home/airflow/.local/lib/python3.6/site-packages/airflow/example_dags/tutorial_taskflow_api_etl.py took 0.982 seconds
[2026-01-10 10:02:26,439] {processor.py:162} INFO - Started process (PID=3157) to work on /home/airflow/.local/lib/python3.6/site-packages/airflow/example_dags/tutorial_taskflow_api_etl.py
[2026-01-10 10:02:26,441] {processor.py:613} INFO - Processing file /home/airflow/.local/lib/python3.6/site-packages/airflow/example_dags/tutorial_taskflow_api_etl.py for tasks to queue
[2026-01-10 10:02:26,442] {logging_mixin.py:109} INFO - [2026-01-10 10:02:26,441] {dagbag.py:496} INFO - Filling up the DagBag from /home/airflow/.local/lib/python3.6/site-packages/airflow/example_dags/tutorial_taskflow_api_etl.py
[2026-01-10 10:02:26,475] {processor.py:623} INFO - DAG(s) dict_keys(['tutorial_taskflow_api_etl']) retrieved from /home/airflow/.local/lib/python3.6/site-packages/airflow/example_dags/tutorial_taskflow_api_etl.py
[2026-01-10 10:02:26,953] {logging_mixin.py:109} INFO - [2026-01-10 10:02:26,953] {dag.py:1833} INFO - Sync 1 DAGs
[2026-01-10 10:02:26,969] {logging_mixin.py:109} INFO - [2026-01-10 10:02:26,969] {dag.py:2306} INFO - Setting next_dagrun for tutorial_taskflow_api_etl to None
[2026-01-10 10:02:26,985] {processor.py:170} INFO - Processing /home/airflow/.local/lib/python3.6/site-packages/airflow/example_dags/tutorial_taskflow_api_etl.py took 0.550 seconds
[2026-01-10 10:15:10,698] {processor.py:162} INFO - Started process (PID=74) to work on /home/airflow/.local/lib/python3.6/site-packages/airflow/example_dags/tutorial_taskflow_api_etl.py
[2026-01-10 10:15:10,715] {processor.py:613} INFO - Processing file /home/airflow/.local/lib/python3.6/site-packages/airflow/example_dags/tutorial_taskflow_api_etl.py for tasks to queue
[2026-01-10 10:15:10,716] {logging_mixin.py:109} INFO - [2026-01-10 10:15:10,715] {dagbag.py:496} INFO - Filling up the DagBag from /home/airflow/.local/lib/python3.6/site-packages/airflow/example_dags/tutorial_taskflow_api_etl.py
[2026-01-10 10:15:10,886] {processor.py:623} INFO - DAG(s) dict_keys(['tutorial_taskflow_api_etl']) retrieved from /home/airflow/.local/lib/python3.6/site-packages/airflow/example_dags/tutorial_taskflow_api_etl.py
[2026-01-10 10:15:13,330] {logging_mixin.py:109} INFO - [2026-01-10 10:15:13,330] {dag.py:1833} INFO - Sync 1 DAGs
[2026-01-10 10:15:13,446] {logging_mixin.py:109} INFO - [2026-01-10 10:15:13,446] {dag.py:2306} INFO - Setting next_dagrun for tutorial_taskflow_api_etl to None
[2026-01-10 10:15:13,591] {processor.py:170} INFO - Processing /home/airflow/.local/lib/python3.6/site-packages/airflow/example_dags/tutorial_taskflow_api_etl.py took 2.922 seconds
[2026-01-10 10:15:44,316] {processor.py:162} INFO - Started process (PID=117) to work on /home/airflow/.local/lib/python3.6/site-packages/airflow/example_dags/tutorial_taskflow_api_etl.py
[2026-01-10 10:15:44,317] {processor.py:613} INFO - Processing file /home/airflow/.local/lib/python3.6/site-packages/airflow/example_dags/tutorial_taskflow_api_etl.py for tasks to queue
[2026-01-10 10:15:44,320] {logging_mixin.py:109} INFO - [2026-01-10 10:15:44,319] {dagbag.py:496} INFO - Filling up the DagBag from /home/airflow/.local/lib/python3.6/site-packages/airflow/example_dags/tutorial_taskflow_api_etl.py
[2026-01-10 10:15:44,396] {processor.py:623} INFO - DAG(s) dict_keys(['tutorial_taskflow_api_etl']) retrieved from /home/airflow/.local/lib/python3.6/site-packages/airflow/example_dags/tutorial_taskflow_api_etl.py
[2026-01-10 10:15:44,905] {logging_mixin.py:109} INFO - [2026-01-10 10:15:44,904] {dag.py:1833} INFO - Sync 1 DAGs
[2026-01-10 10:15:44,937] {logging_mixin.py:109} INFO - [2026-01-10 10:15:44,937] {dag.py:2306} INFO - Setting next_dagrun for tutorial_taskflow_api_etl to None
[2026-01-10 10:15:44,964] {processor.py:170} INFO - Processing /home/airflow/.local/lib/python3.6/site-packages/airflow/example_dags/tutorial_taskflow_api_etl.py took 0.656 seconds
[2026-01-10 10:16:15,089] {processor.py:162} INFO - Started process (PID=169) to work on /home/airflow/.local/lib/python3.6/site-packages/airflow/example_dags/tutorial_taskflow_api_etl.py
[2026-01-10 10:16:15,092] {processor.py:613} INFO - Processing file /home/airflow/.local/lib/python3.6/site-packages/airflow/example_dags/tutorial_taskflow_api_etl.py for tasks to queue
[2026-01-10 10:16:15,095] {logging_mixin.py:109} INFO - [2026-01-10 10:16:15,095] {dagbag.py:496} INFO - Filling up the DagBag from /home/airflow/.local/lib/python3.6/site-packages/airflow/example_dags/tutorial_taskflow_api_etl.py
[2026-01-10 10:16:15,168] {processor.py:623} INFO - DAG(s) dict_keys(['tutorial_taskflow_api_etl']) retrieved from /home/airflow/.local/lib/python3.6/site-packages/airflow/example_dags/tutorial_taskflow_api_etl.py
[2026-01-10 10:16:15,770] {logging_mixin.py:109} INFO - [2026-01-10 10:16:15,770] {dag.py:1833} INFO - Sync 1 DAGs
[2026-01-10 10:16:15,845] {logging_mixin.py:109} INFO - [2026-01-10 10:16:15,844] {dag.py:2306} INFO - Setting next_dagrun for tutorial_taskflow_api_etl to None
[2026-01-10 10:16:15,933] {processor.py:170} INFO - Processing /home/airflow/.local/lib/python3.6/site-packages/airflow/example_dags/tutorial_taskflow_api_etl.py took 0.855 seconds
[2026-01-10 10:16:46,876] {processor.py:162} INFO - Started process (PID=220) to work on /home/airflow/.local/lib/python3.6/site-packages/airflow/example_dags/tutorial_taskflow_api_etl.py
[2026-01-10 10:16:46,881] {processor.py:613} INFO - Processing file /home/airflow/.local/lib/python3.6/site-packages/airflow/example_dags/tutorial_taskflow_api_etl.py for tasks to queue
[2026-01-10 10:16:46,886] {logging_mixin.py:109} INFO - [2026-01-10 10:16:46,886] {dagbag.py:496} INFO - Filling up the DagBag from /home/airflow/.local/lib/python3.6/site-packages/airflow/example_dags/tutorial_taskflow_api_etl.py
[2026-01-10 10:16:47,072] {processor.py:623} INFO - DAG(s) dict_keys(['tutorial_taskflow_api_etl']) retrieved from /home/airflow/.local/lib/python3.6/site-packages/airflow/example_dags/tutorial_taskflow_api_etl.py
[2026-01-10 10:16:48,443] {logging_mixin.py:109} INFO - [2026-01-10 10:16:48,443] {dag.py:1833} INFO - Sync 1 DAGs
[2026-01-10 10:16:48,497] {logging_mixin.py:109} INFO - [2026-01-10 10:16:48,497] {dag.py:2306} INFO - Setting next_dagrun for tutorial_taskflow_api_etl to None
[2026-01-10 10:16:48,559] {processor.py:170} INFO - Processing /home/airflow/.local/lib/python3.6/site-packages/airflow/example_dags/tutorial_taskflow_api_etl.py took 1.719 seconds
[2026-01-10 10:17:19,252] {processor.py:162} INFO - Started process (PID=264) to work on /home/airflow/.local/lib/python3.6/site-packages/airflow/example_dags/tutorial_taskflow_api_etl.py
[2026-01-10 10:17:19,254] {processor.py:613} INFO - Processing file /home/airflow/.local/lib/python3.6/site-packages/airflow/example_dags/tutorial_taskflow_api_etl.py for tasks to queue
[2026-01-10 10:17:19,255] {logging_mixin.py:109} INFO - [2026-01-10 10:17:19,255] {dagbag.py:496} INFO - Filling up the DagBag from /home/airflow/.local/lib/python3.6/site-packages/airflow/example_dags/tutorial_taskflow_api_etl.py
[2026-01-10 10:17:19,288] {processor.py:623} INFO - DAG(s) dict_keys(['tutorial_taskflow_api_etl']) retrieved from /home/airflow/.local/lib/python3.6/site-packages/airflow/example_dags/tutorial_taskflow_api_etl.py
[2026-01-10 10:17:20,009] {logging_mixin.py:109} INFO - [2026-01-10 10:17:20,009] {dag.py:1833} INFO - Sync 1 DAGs
[2026-01-10 10:17:20,055] {logging_mixin.py:109} INFO - [2026-01-10 10:17:20,055] {dag.py:2306} INFO - Setting next_dagrun for tutorial_taskflow_api_etl to None
[2026-01-10 10:17:20,085] {processor.py:170} INFO - Processing /home/airflow/.local/lib/python3.6/site-packages/airflow/example_dags/tutorial_taskflow_api_etl.py took 0.837 seconds
[2026-01-10 10:17:50,534] {processor.py:162} INFO - Started process (PID=325) to work on /home/airflow/.local/lib/python3.6/site-packages/airflow/example_dags/tutorial_taskflow_api_etl.py
[2026-01-10 10:17:50,547] {processor.py:613} INFO - Processing file /home/airflow/.local/lib/python3.6/site-packages/airflow/example_dags/tutorial_taskflow_api_etl.py for tasks to queue
[2026-01-10 10:17:50,548] {logging_mixin.py:109} INFO - [2026-01-10 10:17:50,547] {dagbag.py:496} INFO - Filling up the DagBag from /home/airflow/.local/lib/python3.6/site-packages/airflow/example_dags/tutorial_taskflow_api_etl.py
[2026-01-10 10:17:50,782] {processor.py:623} INFO - DAG(s) dict_keys(['tutorial_taskflow_api_etl']) retrieved from /home/airflow/.local/lib/python3.6/site-packages/airflow/example_dags/tutorial_taskflow_api_etl.py
[2026-01-10 10:17:52,435] {logging_mixin.py:109} INFO - [2026-01-10 10:17:52,435] {dag.py:1833} INFO - Sync 1 DAGs
[2026-01-10 10:17:52,567] {logging_mixin.py:109} INFO - [2026-01-10 10:17:52,567] {dag.py:2306} INFO - Setting next_dagrun for tutorial_taskflow_api_etl to None
[2026-01-10 10:17:52,738] {processor.py:170} INFO - Processing /home/airflow/.local/lib/python3.6/site-packages/airflow/example_dags/tutorial_taskflow_api_etl.py took 2.242 seconds
[2026-01-10 10:18:22,865] {processor.py:162} INFO - Started process (PID=367) to work on /home/airflow/.local/lib/python3.6/site-packages/airflow/example_dags/tutorial_taskflow_api_etl.py
[2026-01-10 10:18:22,866] {processor.py:613} INFO - Processing file /home/airflow/.local/lib/python3.6/site-packages/airflow/example_dags/tutorial_taskflow_api_etl.py for tasks to queue
[2026-01-10 10:18:22,867] {logging_mixin.py:109} INFO - [2026-01-10 10:18:22,867] {dagbag.py:496} INFO - Filling up the DagBag from /home/airflow/.local/lib/python3.6/site-packages/airflow/example_dags/tutorial_taskflow_api_etl.py
[2026-01-10 10:18:22,899] {processor.py:623} INFO - DAG(s) dict_keys(['tutorial_taskflow_api_etl']) retrieved from /home/airflow/.local/lib/python3.6/site-packages/airflow/example_dags/tutorial_taskflow_api_etl.py
[2026-01-10 10:18:23,312] {logging_mixin.py:109} INFO - [2026-01-10 10:18:23,312] {dag.py:1833} INFO - Sync 1 DAGs
[2026-01-10 10:18:23,348] {logging_mixin.py:109} INFO - [2026-01-10 10:18:23,348] {dag.py:2306} INFO - Setting next_dagrun for tutorial_taskflow_api_etl to None
[2026-01-10 10:18:23,367] {processor.py:170} INFO - Processing /home/airflow/.local/lib/python3.6/site-packages/airflow/example_dags/tutorial_taskflow_api_etl.py took 0.508 seconds
[2026-01-10 10:18:54,119] {processor.py:162} INFO - Started process (PID=418) to work on /home/airflow/.local/lib/python3.6/site-packages/airflow/example_dags/tutorial_taskflow_api_etl.py
[2026-01-10 10:18:54,121] {processor.py:613} INFO - Processing file /home/airflow/.local/lib/python3.6/site-packages/airflow/example_dags/tutorial_taskflow_api_etl.py for tasks to queue
[2026-01-10 10:18:54,122] {logging_mixin.py:109} INFO - [2026-01-10 10:18:54,122] {dagbag.py:496} INFO - Filling up the DagBag from /home/airflow/.local/lib/python3.6/site-packages/airflow/example_dags/tutorial_taskflow_api_etl.py
[2026-01-10 10:18:54,148] {processor.py:623} INFO - DAG(s) dict_keys(['tutorial_taskflow_api_etl']) retrieved from /home/airflow/.local/lib/python3.6/site-packages/airflow/example_dags/tutorial_taskflow_api_etl.py
[2026-01-10 10:18:54,484] {logging_mixin.py:109} INFO - [2026-01-10 10:18:54,484] {dag.py:1833} INFO - Sync 1 DAGs
[2026-01-10 10:18:54,500] {logging_mixin.py:109} INFO - [2026-01-10 10:18:54,500] {dag.py:2306} INFO - Setting next_dagrun for tutorial_taskflow_api_etl to None
[2026-01-10 10:18:54,519] {processor.py:170} INFO - Processing /home/airflow/.local/lib/python3.6/site-packages/airflow/example_dags/tutorial_taskflow_api_etl.py took 0.405 seconds
[2026-01-10 10:19:24,578] {processor.py:162} INFO - Started process (PID=469) to work on /home/airflow/.local/lib/python3.6/site-packages/airflow/example_dags/tutorial_taskflow_api_etl.py
[2026-01-10 10:19:24,579] {processor.py:613} INFO - Processing file /home/airflow/.local/lib/python3.6/site-packages/airflow/example_dags/tutorial_taskflow_api_etl.py for tasks to queue
[2026-01-10 10:19:24,580] {logging_mixin.py:109} INFO - [2026-01-10 10:19:24,580] {dagbag.py:496} INFO - Filling up the DagBag from /home/airflow/.local/lib/python3.6/site-packages/airflow/example_dags/tutorial_taskflow_api_etl.py
[2026-01-10 10:19:24,600] {processor.py:623} INFO - DAG(s) dict_keys(['tutorial_taskflow_api_etl']) retrieved from /home/airflow/.local/lib/python3.6/site-packages/airflow/example_dags/tutorial_taskflow_api_etl.py
[2026-01-10 10:19:24,872] {logging_mixin.py:109} INFO - [2026-01-10 10:19:24,871] {dag.py:1833} INFO - Sync 1 DAGs
[2026-01-10 10:19:24,897] {logging_mixin.py:109} INFO - [2026-01-10 10:19:24,897] {dag.py:2306} INFO - Setting next_dagrun for tutorial_taskflow_api_etl to None
[2026-01-10 10:19:24,924] {processor.py:170} INFO - Processing /home/airflow/.local/lib/python3.6/site-packages/airflow/example_dags/tutorial_taskflow_api_etl.py took 0.349 seconds
[2026-01-10 10:19:55,229] {processor.py:162} INFO - Started process (PID=531) to work on /home/airflow/.local/lib/python3.6/site-packages/airflow/example_dags/tutorial_taskflow_api_etl.py
[2026-01-10 10:19:55,230] {processor.py:613} INFO - Processing file /home/airflow/.local/lib/python3.6/site-packages/airflow/example_dags/tutorial_taskflow_api_etl.py for tasks to queue
[2026-01-10 10:19:55,231] {logging_mixin.py:109} INFO - [2026-01-10 10:19:55,231] {dagbag.py:496} INFO - Filling up the DagBag from /home/airflow/.local/lib/python3.6/site-packages/airflow/example_dags/tutorial_taskflow_api_etl.py
[2026-01-10 10:19:55,251] {processor.py:623} INFO - DAG(s) dict_keys(['tutorial_taskflow_api_etl']) retrieved from /home/airflow/.local/lib/python3.6/site-packages/airflow/example_dags/tutorial_taskflow_api_etl.py
[2026-01-10 10:19:55,536] {logging_mixin.py:109} INFO - [2026-01-10 10:19:55,535] {dag.py:1833} INFO - Sync 1 DAGs
[2026-01-10 10:19:55,557] {logging_mixin.py:109} INFO - [2026-01-10 10:19:55,557] {dag.py:2306} INFO - Setting next_dagrun for tutorial_taskflow_api_etl to None
[2026-01-10 10:19:55,570] {processor.py:170} INFO - Processing /home/airflow/.local/lib/python3.6/site-packages/airflow/example_dags/tutorial_taskflow_api_etl.py took 0.344 seconds
[2026-01-10 10:20:25,720] {processor.py:162} INFO - Started process (PID=583) to work on /home/airflow/.local/lib/python3.6/site-packages/airflow/example_dags/tutorial_taskflow_api_etl.py
[2026-01-10 10:20:25,724] {processor.py:613} INFO - Processing file /home/airflow/.local/lib/python3.6/site-packages/airflow/example_dags/tutorial_taskflow_api_etl.py for tasks to queue
[2026-01-10 10:20:25,726] {logging_mixin.py:109} INFO - [2026-01-10 10:20:25,725] {dagbag.py:496} INFO - Filling up the DagBag from /home/airflow/.local/lib/python3.6/site-packages/airflow/example_dags/tutorial_taskflow_api_etl.py
[2026-01-10 10:20:25,774] {processor.py:623} INFO - DAG(s) dict_keys(['tutorial_taskflow_api_etl']) retrieved from /home/airflow/.local/lib/python3.6/site-packages/airflow/example_dags/tutorial_taskflow_api_etl.py
[2026-01-10 10:20:26,189] {logging_mixin.py:109} INFO - [2026-01-10 10:20:26,189] {dag.py:1833} INFO - Sync 1 DAGs
[2026-01-10 10:20:26,214] {logging_mixin.py:109} INFO - [2026-01-10 10:20:26,214] {dag.py:2306} INFO - Setting next_dagrun for tutorial_taskflow_api_etl to None
[2026-01-10 10:20:26,238] {processor.py:170} INFO - Processing /home/airflow/.local/lib/python3.6/site-packages/airflow/example_dags/tutorial_taskflow_api_etl.py took 0.526 seconds
[2026-01-10 10:20:56,290] {processor.py:162} INFO - Started process (PID=633) to work on /home/airflow/.local/lib/python3.6/site-packages/airflow/example_dags/tutorial_taskflow_api_etl.py
[2026-01-10 10:20:56,292] {processor.py:613} INFO - Processing file /home/airflow/.local/lib/python3.6/site-packages/airflow/example_dags/tutorial_taskflow_api_etl.py for tasks to queue
[2026-01-10 10:20:56,293] {logging_mixin.py:109} INFO - [2026-01-10 10:20:56,293] {dagbag.py:496} INFO - Filling up the DagBag from /home/airflow/.local/lib/python3.6/site-packages/airflow/example_dags/tutorial_taskflow_api_etl.py
[2026-01-10 10:20:56,320] {processor.py:623} INFO - DAG(s) dict_keys(['tutorial_taskflow_api_etl']) retrieved from /home/airflow/.local/lib/python3.6/site-packages/airflow/example_dags/tutorial_taskflow_api_etl.py
[2026-01-10 10:20:56,347] {logging_mixin.py:109} INFO - [2026-01-10 10:20:56,347] {dag.py:1833} INFO - Sync 1 DAGs
[2026-01-10 10:20:56,366] {logging_mixin.py:109} INFO - [2026-01-10 10:20:56,366] {dag.py:2306} INFO - Setting next_dagrun for tutorial_taskflow_api_etl to None
[2026-01-10 10:20:56,377] {processor.py:170} INFO - Processing /home/airflow/.local/lib/python3.6/site-packages/airflow/example_dags/tutorial_taskflow_api_etl.py took 0.089 seconds
