[2026-01-10 09:28:48,095] {processor.py:162} INFO - Started process (PID=233) to work on /home/airflow/.local/lib/python3.6/site-packages/airflow/example_dags/tutorial_taskflow_api_etl_virtualenv.py
[2026-01-10 09:28:48,096] {processor.py:613} INFO - Processing file /home/airflow/.local/lib/python3.6/site-packages/airflow/example_dags/tutorial_taskflow_api_etl_virtualenv.py for tasks to queue
[2026-01-10 09:28:48,097] {logging_mixin.py:109} INFO - [2026-01-10 09:28:48,097] {dagbag.py:496} INFO - Filling up the DagBag from /home/airflow/.local/lib/python3.6/site-packages/airflow/example_dags/tutorial_taskflow_api_etl_virtualenv.py
[2026-01-10 09:28:48,128] {processor.py:623} INFO - DAG(s) dict_keys(['tutorial_taskflow_api_etl_virtualenv']) retrieved from /home/airflow/.local/lib/python3.6/site-packages/airflow/example_dags/tutorial_taskflow_api_etl_virtualenv.py
[2026-01-10 09:28:53,361] {logging_mixin.py:109} INFO - [2026-01-10 09:28:53,359] {dag.py:1833} INFO - Sync 1 DAGs
[2026-01-10 09:28:53,407] {logging_mixin.py:109} INFO - [2026-01-10 09:28:53,405] {dag.py:1852} INFO - Creating ORM DAG for tutorial_taskflow_api_etl_virtualenv
[2026-01-10 09:28:53,428] {logging_mixin.py:109} INFO - [2026-01-10 09:28:53,428] {dag.py:2306} INFO - Setting next_dagrun for tutorial_taskflow_api_etl_virtualenv to None
[2026-01-10 09:28:53,476] {processor.py:170} INFO - Processing /home/airflow/.local/lib/python3.6/site-packages/airflow/example_dags/tutorial_taskflow_api_etl_virtualenv.py took 5.386 seconds
[2026-01-10 09:29:23,587] {processor.py:162} INFO - Started process (PID=301) to work on /home/airflow/.local/lib/python3.6/site-packages/airflow/example_dags/tutorial_taskflow_api_etl_virtualenv.py
[2026-01-10 09:29:23,591] {processor.py:613} INFO - Processing file /home/airflow/.local/lib/python3.6/site-packages/airflow/example_dags/tutorial_taskflow_api_etl_virtualenv.py for tasks to queue
[2026-01-10 09:29:23,592] {logging_mixin.py:109} INFO - [2026-01-10 09:29:23,592] {dagbag.py:496} INFO - Filling up the DagBag from /home/airflow/.local/lib/python3.6/site-packages/airflow/example_dags/tutorial_taskflow_api_etl_virtualenv.py
[2026-01-10 09:29:23,621] {processor.py:623} INFO - DAG(s) dict_keys(['tutorial_taskflow_api_etl_virtualenv']) retrieved from /home/airflow/.local/lib/python3.6/site-packages/airflow/example_dags/tutorial_taskflow_api_etl_virtualenv.py
[2026-01-10 09:29:23,976] {logging_mixin.py:109} INFO - [2026-01-10 09:29:23,976] {dag.py:1833} INFO - Sync 1 DAGs
[2026-01-10 09:29:23,998] {logging_mixin.py:109} INFO - [2026-01-10 09:29:23,998] {dag.py:2306} INFO - Setting next_dagrun for tutorial_taskflow_api_etl_virtualenv to None
[2026-01-10 09:29:24,022] {processor.py:170} INFO - Processing /home/airflow/.local/lib/python3.6/site-packages/airflow/example_dags/tutorial_taskflow_api_etl_virtualenv.py took 0.438 seconds
[2026-01-10 09:29:54,738] {processor.py:162} INFO - Started process (PID=352) to work on /home/airflow/.local/lib/python3.6/site-packages/airflow/example_dags/tutorial_taskflow_api_etl_virtualenv.py
[2026-01-10 09:29:54,741] {processor.py:613} INFO - Processing file /home/airflow/.local/lib/python3.6/site-packages/airflow/example_dags/tutorial_taskflow_api_etl_virtualenv.py for tasks to queue
[2026-01-10 09:29:54,742] {logging_mixin.py:109} INFO - [2026-01-10 09:29:54,742] {dagbag.py:496} INFO - Filling up the DagBag from /home/airflow/.local/lib/python3.6/site-packages/airflow/example_dags/tutorial_taskflow_api_etl_virtualenv.py
[2026-01-10 09:29:54,771] {processor.py:623} INFO - DAG(s) dict_keys(['tutorial_taskflow_api_etl_virtualenv']) retrieved from /home/airflow/.local/lib/python3.6/site-packages/airflow/example_dags/tutorial_taskflow_api_etl_virtualenv.py
[2026-01-10 09:29:55,157] {logging_mixin.py:109} INFO - [2026-01-10 09:29:55,157] {dag.py:1833} INFO - Sync 1 DAGs
[2026-01-10 09:29:55,178] {logging_mixin.py:109} INFO - [2026-01-10 09:29:55,178] {dag.py:2306} INFO - Setting next_dagrun for tutorial_taskflow_api_etl_virtualenv to None
[2026-01-10 09:29:55,203] {processor.py:170} INFO - Processing /home/airflow/.local/lib/python3.6/site-packages/airflow/example_dags/tutorial_taskflow_api_etl_virtualenv.py took 0.471 seconds
[2026-01-10 09:30:26,015] {processor.py:162} INFO - Started process (PID=413) to work on /home/airflow/.local/lib/python3.6/site-packages/airflow/example_dags/tutorial_taskflow_api_etl_virtualenv.py
[2026-01-10 09:30:26,019] {processor.py:613} INFO - Processing file /home/airflow/.local/lib/python3.6/site-packages/airflow/example_dags/tutorial_taskflow_api_etl_virtualenv.py for tasks to queue
[2026-01-10 09:30:26,020] {logging_mixin.py:109} INFO - [2026-01-10 09:30:26,020] {dagbag.py:496} INFO - Filling up the DagBag from /home/airflow/.local/lib/python3.6/site-packages/airflow/example_dags/tutorial_taskflow_api_etl_virtualenv.py
[2026-01-10 09:30:26,068] {processor.py:623} INFO - DAG(s) dict_keys(['tutorial_taskflow_api_etl_virtualenv']) retrieved from /home/airflow/.local/lib/python3.6/site-packages/airflow/example_dags/tutorial_taskflow_api_etl_virtualenv.py
[2026-01-10 09:30:26,119] {logging_mixin.py:109} INFO - [2026-01-10 09:30:26,119] {dag.py:1833} INFO - Sync 1 DAGs
[2026-01-10 09:30:26,150] {logging_mixin.py:109} INFO - [2026-01-10 09:30:26,150] {dag.py:2306} INFO - Setting next_dagrun for tutorial_taskflow_api_etl_virtualenv to None
[2026-01-10 09:30:26,168] {processor.py:170} INFO - Processing /home/airflow/.local/lib/python3.6/site-packages/airflow/example_dags/tutorial_taskflow_api_etl_virtualenv.py took 0.171 seconds
[2026-01-10 09:30:56,444] {processor.py:162} INFO - Started process (PID=463) to work on /home/airflow/.local/lib/python3.6/site-packages/airflow/example_dags/tutorial_taskflow_api_etl_virtualenv.py
[2026-01-10 09:30:56,446] {processor.py:613} INFO - Processing file /home/airflow/.local/lib/python3.6/site-packages/airflow/example_dags/tutorial_taskflow_api_etl_virtualenv.py for tasks to queue
[2026-01-10 09:30:56,447] {logging_mixin.py:109} INFO - [2026-01-10 09:30:56,447] {dagbag.py:496} INFO - Filling up the DagBag from /home/airflow/.local/lib/python3.6/site-packages/airflow/example_dags/tutorial_taskflow_api_etl_virtualenv.py
[2026-01-10 09:30:56,479] {processor.py:623} INFO - DAG(s) dict_keys(['tutorial_taskflow_api_etl_virtualenv']) retrieved from /home/airflow/.local/lib/python3.6/site-packages/airflow/example_dags/tutorial_taskflow_api_etl_virtualenv.py
[2026-01-10 09:30:56,864] {logging_mixin.py:109} INFO - [2026-01-10 09:30:56,864] {dag.py:1833} INFO - Sync 1 DAGs
[2026-01-10 09:30:56,892] {logging_mixin.py:109} INFO - [2026-01-10 09:30:56,892] {dag.py:2306} INFO - Setting next_dagrun for tutorial_taskflow_api_etl_virtualenv to None
[2026-01-10 09:30:56,912] {processor.py:170} INFO - Processing /home/airflow/.local/lib/python3.6/site-packages/airflow/example_dags/tutorial_taskflow_api_etl_virtualenv.py took 0.472 seconds
[2026-01-10 09:31:26,970] {processor.py:162} INFO - Started process (PID=515) to work on /home/airflow/.local/lib/python3.6/site-packages/airflow/example_dags/tutorial_taskflow_api_etl_virtualenv.py
[2026-01-10 09:31:26,971] {processor.py:613} INFO - Processing file /home/airflow/.local/lib/python3.6/site-packages/airflow/example_dags/tutorial_taskflow_api_etl_virtualenv.py for tasks to queue
[2026-01-10 09:31:26,972] {logging_mixin.py:109} INFO - [2026-01-10 09:31:26,972] {dagbag.py:496} INFO - Filling up the DagBag from /home/airflow/.local/lib/python3.6/site-packages/airflow/example_dags/tutorial_taskflow_api_etl_virtualenv.py
[2026-01-10 09:31:26,996] {processor.py:623} INFO - DAG(s) dict_keys(['tutorial_taskflow_api_etl_virtualenv']) retrieved from /home/airflow/.local/lib/python3.6/site-packages/airflow/example_dags/tutorial_taskflow_api_etl_virtualenv.py
[2026-01-10 09:31:27,403] {logging_mixin.py:109} INFO - [2026-01-10 09:31:27,403] {dag.py:1833} INFO - Sync 1 DAGs
[2026-01-10 09:31:27,422] {logging_mixin.py:109} INFO - [2026-01-10 09:31:27,422] {dag.py:2306} INFO - Setting next_dagrun for tutorial_taskflow_api_etl_virtualenv to None
[2026-01-10 09:31:27,449] {processor.py:170} INFO - Processing /home/airflow/.local/lib/python3.6/site-packages/airflow/example_dags/tutorial_taskflow_api_etl_virtualenv.py took 0.483 seconds
[2026-01-10 09:31:58,209] {processor.py:162} INFO - Started process (PID=566) to work on /home/airflow/.local/lib/python3.6/site-packages/airflow/example_dags/tutorial_taskflow_api_etl_virtualenv.py
[2026-01-10 09:31:58,211] {processor.py:613} INFO - Processing file /home/airflow/.local/lib/python3.6/site-packages/airflow/example_dags/tutorial_taskflow_api_etl_virtualenv.py for tasks to queue
[2026-01-10 09:31:58,212] {logging_mixin.py:109} INFO - [2026-01-10 09:31:58,211] {dagbag.py:496} INFO - Filling up the DagBag from /home/airflow/.local/lib/python3.6/site-packages/airflow/example_dags/tutorial_taskflow_api_etl_virtualenv.py
[2026-01-10 09:31:58,241] {processor.py:623} INFO - DAG(s) dict_keys(['tutorial_taskflow_api_etl_virtualenv']) retrieved from /home/airflow/.local/lib/python3.6/site-packages/airflow/example_dags/tutorial_taskflow_api_etl_virtualenv.py
[2026-01-10 09:31:58,655] {logging_mixin.py:109} INFO - [2026-01-10 09:31:58,654] {dag.py:1833} INFO - Sync 1 DAGs
[2026-01-10 09:31:58,681] {logging_mixin.py:109} INFO - [2026-01-10 09:31:58,681] {dag.py:2306} INFO - Setting next_dagrun for tutorial_taskflow_api_etl_virtualenv to None
[2026-01-10 09:31:58,702] {processor.py:170} INFO - Processing /home/airflow/.local/lib/python3.6/site-packages/airflow/example_dags/tutorial_taskflow_api_etl_virtualenv.py took 0.497 seconds
[2026-01-10 09:32:29,547] {processor.py:162} INFO - Started process (PID=624) to work on /home/airflow/.local/lib/python3.6/site-packages/airflow/example_dags/tutorial_taskflow_api_etl_virtualenv.py
[2026-01-10 09:32:29,549] {processor.py:613} INFO - Processing file /home/airflow/.local/lib/python3.6/site-packages/airflow/example_dags/tutorial_taskflow_api_etl_virtualenv.py for tasks to queue
[2026-01-10 09:32:29,551] {logging_mixin.py:109} INFO - [2026-01-10 09:32:29,550] {dagbag.py:496} INFO - Filling up the DagBag from /home/airflow/.local/lib/python3.6/site-packages/airflow/example_dags/tutorial_taskflow_api_etl_virtualenv.py
[2026-01-10 09:32:29,587] {processor.py:623} INFO - DAG(s) dict_keys(['tutorial_taskflow_api_etl_virtualenv']) retrieved from /home/airflow/.local/lib/python3.6/site-packages/airflow/example_dags/tutorial_taskflow_api_etl_virtualenv.py
[2026-01-10 09:32:29,638] {logging_mixin.py:109} INFO - [2026-01-10 09:32:29,638] {dag.py:1833} INFO - Sync 1 DAGs
[2026-01-10 09:32:29,672] {logging_mixin.py:109} INFO - [2026-01-10 09:32:29,671] {dag.py:2306} INFO - Setting next_dagrun for tutorial_taskflow_api_etl_virtualenv to None
[2026-01-10 09:32:29,689] {processor.py:170} INFO - Processing /home/airflow/.local/lib/python3.6/site-packages/airflow/example_dags/tutorial_taskflow_api_etl_virtualenv.py took 0.148 seconds
[2026-01-10 09:32:59,738] {processor.py:162} INFO - Started process (PID=677) to work on /home/airflow/.local/lib/python3.6/site-packages/airflow/example_dags/tutorial_taskflow_api_etl_virtualenv.py
[2026-01-10 09:32:59,743] {processor.py:613} INFO - Processing file /home/airflow/.local/lib/python3.6/site-packages/airflow/example_dags/tutorial_taskflow_api_etl_virtualenv.py for tasks to queue
[2026-01-10 09:32:59,744] {logging_mixin.py:109} INFO - [2026-01-10 09:32:59,744] {dagbag.py:496} INFO - Filling up the DagBag from /home/airflow/.local/lib/python3.6/site-packages/airflow/example_dags/tutorial_taskflow_api_etl_virtualenv.py
[2026-01-10 09:32:59,826] {processor.py:623} INFO - DAG(s) dict_keys(['tutorial_taskflow_api_etl_virtualenv']) retrieved from /home/airflow/.local/lib/python3.6/site-packages/airflow/example_dags/tutorial_taskflow_api_etl_virtualenv.py
[2026-01-10 09:33:00,624] {logging_mixin.py:109} INFO - [2026-01-10 09:33:00,624] {dag.py:1833} INFO - Sync 1 DAGs
[2026-01-10 09:33:00,695] {logging_mixin.py:109} INFO - [2026-01-10 09:33:00,695] {dag.py:2306} INFO - Setting next_dagrun for tutorial_taskflow_api_etl_virtualenv to None
[2026-01-10 09:33:00,752] {processor.py:170} INFO - Processing /home/airflow/.local/lib/python3.6/site-packages/airflow/example_dags/tutorial_taskflow_api_etl_virtualenv.py took 1.022 seconds
[2026-01-10 09:33:30,942] {processor.py:162} INFO - Started process (PID=728) to work on /home/airflow/.local/lib/python3.6/site-packages/airflow/example_dags/tutorial_taskflow_api_etl_virtualenv.py
[2026-01-10 09:33:30,943] {processor.py:613} INFO - Processing file /home/airflow/.local/lib/python3.6/site-packages/airflow/example_dags/tutorial_taskflow_api_etl_virtualenv.py for tasks to queue
[2026-01-10 09:33:30,944] {logging_mixin.py:109} INFO - [2026-01-10 09:33:30,943] {dagbag.py:496} INFO - Filling up the DagBag from /home/airflow/.local/lib/python3.6/site-packages/airflow/example_dags/tutorial_taskflow_api_etl_virtualenv.py
[2026-01-10 09:33:30,967] {processor.py:623} INFO - DAG(s) dict_keys(['tutorial_taskflow_api_etl_virtualenv']) retrieved from /home/airflow/.local/lib/python3.6/site-packages/airflow/example_dags/tutorial_taskflow_api_etl_virtualenv.py
[2026-01-10 09:33:31,295] {logging_mixin.py:109} INFO - [2026-01-10 09:33:31,295] {dag.py:1833} INFO - Sync 1 DAGs
[2026-01-10 09:33:31,321] {logging_mixin.py:109} INFO - [2026-01-10 09:33:31,321] {dag.py:2306} INFO - Setting next_dagrun for tutorial_taskflow_api_etl_virtualenv to None
[2026-01-10 09:33:31,338] {processor.py:170} INFO - Processing /home/airflow/.local/lib/python3.6/site-packages/airflow/example_dags/tutorial_taskflow_api_etl_virtualenv.py took 0.401 seconds
[2026-01-10 09:34:01,472] {processor.py:162} INFO - Started process (PID=779) to work on /home/airflow/.local/lib/python3.6/site-packages/airflow/example_dags/tutorial_taskflow_api_etl_virtualenv.py
[2026-01-10 09:34:01,475] {processor.py:613} INFO - Processing file /home/airflow/.local/lib/python3.6/site-packages/airflow/example_dags/tutorial_taskflow_api_etl_virtualenv.py for tasks to queue
[2026-01-10 09:34:01,476] {logging_mixin.py:109} INFO - [2026-01-10 09:34:01,476] {dagbag.py:496} INFO - Filling up the DagBag from /home/airflow/.local/lib/python3.6/site-packages/airflow/example_dags/tutorial_taskflow_api_etl_virtualenv.py
[2026-01-10 09:34:01,505] {processor.py:623} INFO - DAG(s) dict_keys(['tutorial_taskflow_api_etl_virtualenv']) retrieved from /home/airflow/.local/lib/python3.6/site-packages/airflow/example_dags/tutorial_taskflow_api_etl_virtualenv.py
[2026-01-10 09:34:01,835] {logging_mixin.py:109} INFO - [2026-01-10 09:34:01,835] {dag.py:1833} INFO - Sync 1 DAGs
[2026-01-10 09:34:01,855] {logging_mixin.py:109} INFO - [2026-01-10 09:34:01,855] {dag.py:2306} INFO - Setting next_dagrun for tutorial_taskflow_api_etl_virtualenv to None
[2026-01-10 09:34:01,872] {processor.py:170} INFO - Processing /home/airflow/.local/lib/python3.6/site-packages/airflow/example_dags/tutorial_taskflow_api_etl_virtualenv.py took 0.404 seconds
[2026-01-10 09:34:32,706] {processor.py:162} INFO - Started process (PID=830) to work on /home/airflow/.local/lib/python3.6/site-packages/airflow/example_dags/tutorial_taskflow_api_etl_virtualenv.py
[2026-01-10 09:34:32,707] {processor.py:613} INFO - Processing file /home/airflow/.local/lib/python3.6/site-packages/airflow/example_dags/tutorial_taskflow_api_etl_virtualenv.py for tasks to queue
[2026-01-10 09:34:32,708] {logging_mixin.py:109} INFO - [2026-01-10 09:34:32,708] {dagbag.py:496} INFO - Filling up the DagBag from /home/airflow/.local/lib/python3.6/site-packages/airflow/example_dags/tutorial_taskflow_api_etl_virtualenv.py
[2026-01-10 09:34:32,756] {processor.py:623} INFO - DAG(s) dict_keys(['tutorial_taskflow_api_etl_virtualenv']) retrieved from /home/airflow/.local/lib/python3.6/site-packages/airflow/example_dags/tutorial_taskflow_api_etl_virtualenv.py
[2026-01-10 09:34:33,169] {logging_mixin.py:109} INFO - [2026-01-10 09:34:33,168] {dag.py:1833} INFO - Sync 1 DAGs
[2026-01-10 09:34:33,192] {logging_mixin.py:109} INFO - [2026-01-10 09:34:33,192] {dag.py:2306} INFO - Setting next_dagrun for tutorial_taskflow_api_etl_virtualenv to None
[2026-01-10 09:34:33,216] {processor.py:170} INFO - Processing /home/airflow/.local/lib/python3.6/site-packages/airflow/example_dags/tutorial_taskflow_api_etl_virtualenv.py took 0.515 seconds
[2026-01-10 09:35:03,516] {processor.py:162} INFO - Started process (PID=881) to work on /home/airflow/.local/lib/python3.6/site-packages/airflow/example_dags/tutorial_taskflow_api_etl_virtualenv.py
[2026-01-10 09:35:03,519] {processor.py:613} INFO - Processing file /home/airflow/.local/lib/python3.6/site-packages/airflow/example_dags/tutorial_taskflow_api_etl_virtualenv.py for tasks to queue
[2026-01-10 09:35:03,520] {logging_mixin.py:109} INFO - [2026-01-10 09:35:03,519] {dagbag.py:496} INFO - Filling up the DagBag from /home/airflow/.local/lib/python3.6/site-packages/airflow/example_dags/tutorial_taskflow_api_etl_virtualenv.py
[2026-01-10 09:35:03,547] {processor.py:623} INFO - DAG(s) dict_keys(['tutorial_taskflow_api_etl_virtualenv']) retrieved from /home/airflow/.local/lib/python3.6/site-packages/airflow/example_dags/tutorial_taskflow_api_etl_virtualenv.py
[2026-01-10 09:35:04,098] {logging_mixin.py:109} INFO - [2026-01-10 09:35:04,098] {dag.py:1833} INFO - Sync 1 DAGs
[2026-01-10 09:35:04,124] {logging_mixin.py:109} INFO - [2026-01-10 09:35:04,123] {dag.py:2306} INFO - Setting next_dagrun for tutorial_taskflow_api_etl_virtualenv to None
[2026-01-10 09:35:04,139] {processor.py:170} INFO - Processing /home/airflow/.local/lib/python3.6/site-packages/airflow/example_dags/tutorial_taskflow_api_etl_virtualenv.py took 0.631 seconds
[2026-01-10 09:35:34,652] {processor.py:162} INFO - Started process (PID=939) to work on /home/airflow/.local/lib/python3.6/site-packages/airflow/example_dags/tutorial_taskflow_api_etl_virtualenv.py
[2026-01-10 09:35:34,656] {processor.py:613} INFO - Processing file /home/airflow/.local/lib/python3.6/site-packages/airflow/example_dags/tutorial_taskflow_api_etl_virtualenv.py for tasks to queue
[2026-01-10 09:35:34,661] {logging_mixin.py:109} INFO - [2026-01-10 09:35:34,661] {dagbag.py:496} INFO - Filling up the DagBag from /home/airflow/.local/lib/python3.6/site-packages/airflow/example_dags/tutorial_taskflow_api_etl_virtualenv.py
[2026-01-10 09:35:34,701] {processor.py:623} INFO - DAG(s) dict_keys(['tutorial_taskflow_api_etl_virtualenv']) retrieved from /home/airflow/.local/lib/python3.6/site-packages/airflow/example_dags/tutorial_taskflow_api_etl_virtualenv.py
[2026-01-10 09:35:35,972] {logging_mixin.py:109} INFO - [2026-01-10 09:35:35,971] {dag.py:1833} INFO - Sync 1 DAGs
[2026-01-10 09:35:36,047] {logging_mixin.py:109} INFO - [2026-01-10 09:35:36,047] {dag.py:2306} INFO - Setting next_dagrun for tutorial_taskflow_api_etl_virtualenv to None
[2026-01-10 09:35:36,093] {processor.py:170} INFO - Processing /home/airflow/.local/lib/python3.6/site-packages/airflow/example_dags/tutorial_taskflow_api_etl_virtualenv.py took 1.450 seconds
[2026-01-10 09:36:06,313] {processor.py:162} INFO - Started process (PID=990) to work on /home/airflow/.local/lib/python3.6/site-packages/airflow/example_dags/tutorial_taskflow_api_etl_virtualenv.py
[2026-01-10 09:36:06,316] {processor.py:613} INFO - Processing file /home/airflow/.local/lib/python3.6/site-packages/airflow/example_dags/tutorial_taskflow_api_etl_virtualenv.py for tasks to queue
[2026-01-10 09:36:06,327] {logging_mixin.py:109} INFO - [2026-01-10 09:36:06,327] {dagbag.py:496} INFO - Filling up the DagBag from /home/airflow/.local/lib/python3.6/site-packages/airflow/example_dags/tutorial_taskflow_api_etl_virtualenv.py
[2026-01-10 09:36:06,528] {processor.py:623} INFO - DAG(s) dict_keys(['tutorial_taskflow_api_etl_virtualenv']) retrieved from /home/airflow/.local/lib/python3.6/site-packages/airflow/example_dags/tutorial_taskflow_api_etl_virtualenv.py
[2026-01-10 09:36:07,466] {logging_mixin.py:109} INFO - [2026-01-10 09:36:07,466] {dag.py:1833} INFO - Sync 1 DAGs
[2026-01-10 09:36:07,527] {logging_mixin.py:109} INFO - [2026-01-10 09:36:07,526] {dag.py:2306} INFO - Setting next_dagrun for tutorial_taskflow_api_etl_virtualenv to None
[2026-01-10 09:36:07,597] {processor.py:170} INFO - Processing /home/airflow/.local/lib/python3.6/site-packages/airflow/example_dags/tutorial_taskflow_api_etl_virtualenv.py took 1.315 seconds
[2026-01-10 09:36:38,063] {processor.py:162} INFO - Started process (PID=1034) to work on /home/airflow/.local/lib/python3.6/site-packages/airflow/example_dags/tutorial_taskflow_api_etl_virtualenv.py
[2026-01-10 09:36:38,065] {processor.py:613} INFO - Processing file /home/airflow/.local/lib/python3.6/site-packages/airflow/example_dags/tutorial_taskflow_api_etl_virtualenv.py for tasks to queue
[2026-01-10 09:36:38,067] {logging_mixin.py:109} INFO - [2026-01-10 09:36:38,066] {dagbag.py:496} INFO - Filling up the DagBag from /home/airflow/.local/lib/python3.6/site-packages/airflow/example_dags/tutorial_taskflow_api_etl_virtualenv.py
[2026-01-10 09:36:38,110] {processor.py:623} INFO - DAG(s) dict_keys(['tutorial_taskflow_api_etl_virtualenv']) retrieved from /home/airflow/.local/lib/python3.6/site-packages/airflow/example_dags/tutorial_taskflow_api_etl_virtualenv.py
[2026-01-10 09:36:38,707] {logging_mixin.py:109} INFO - [2026-01-10 09:36:38,707] {dag.py:1833} INFO - Sync 1 DAGs
[2026-01-10 09:36:38,740] {logging_mixin.py:109} INFO - [2026-01-10 09:36:38,740] {dag.py:2306} INFO - Setting next_dagrun for tutorial_taskflow_api_etl_virtualenv to None
[2026-01-10 09:36:38,783] {processor.py:170} INFO - Processing /home/airflow/.local/lib/python3.6/site-packages/airflow/example_dags/tutorial_taskflow_api_etl_virtualenv.py took 0.726 seconds
[2026-01-10 09:37:09,619] {processor.py:162} INFO - Started process (PID=1086) to work on /home/airflow/.local/lib/python3.6/site-packages/airflow/example_dags/tutorial_taskflow_api_etl_virtualenv.py
[2026-01-10 09:37:09,631] {processor.py:613} INFO - Processing file /home/airflow/.local/lib/python3.6/site-packages/airflow/example_dags/tutorial_taskflow_api_etl_virtualenv.py for tasks to queue
[2026-01-10 09:37:09,652] {logging_mixin.py:109} INFO - [2026-01-10 09:37:09,652] {dagbag.py:496} INFO - Filling up the DagBag from /home/airflow/.local/lib/python3.6/site-packages/airflow/example_dags/tutorial_taskflow_api_etl_virtualenv.py
[2026-01-10 09:37:09,785] {processor.py:623} INFO - DAG(s) dict_keys(['tutorial_taskflow_api_etl_virtualenv']) retrieved from /home/airflow/.local/lib/python3.6/site-packages/airflow/example_dags/tutorial_taskflow_api_etl_virtualenv.py
[2026-01-10 09:37:11,217] {logging_mixin.py:109} INFO - [2026-01-10 09:37:11,216] {dag.py:1833} INFO - Sync 1 DAGs
[2026-01-10 09:37:11,328] {logging_mixin.py:109} INFO - [2026-01-10 09:37:11,328] {dag.py:2306} INFO - Setting next_dagrun for tutorial_taskflow_api_etl_virtualenv to None
[2026-01-10 09:37:11,398] {processor.py:170} INFO - Processing /home/airflow/.local/lib/python3.6/site-packages/airflow/example_dags/tutorial_taskflow_api_etl_virtualenv.py took 1.802 seconds
[2026-01-10 09:37:41,494] {processor.py:162} INFO - Started process (PID=1139) to work on /home/airflow/.local/lib/python3.6/site-packages/airflow/example_dags/tutorial_taskflow_api_etl_virtualenv.py
[2026-01-10 09:37:41,499] {processor.py:613} INFO - Processing file /home/airflow/.local/lib/python3.6/site-packages/airflow/example_dags/tutorial_taskflow_api_etl_virtualenv.py for tasks to queue
[2026-01-10 09:37:41,503] {logging_mixin.py:109} INFO - [2026-01-10 09:37:41,502] {dagbag.py:496} INFO - Filling up the DagBag from /home/airflow/.local/lib/python3.6/site-packages/airflow/example_dags/tutorial_taskflow_api_etl_virtualenv.py
[2026-01-10 09:37:41,556] {processor.py:623} INFO - DAG(s) dict_keys(['tutorial_taskflow_api_etl_virtualenv']) retrieved from /home/airflow/.local/lib/python3.6/site-packages/airflow/example_dags/tutorial_taskflow_api_etl_virtualenv.py
[2026-01-10 09:37:42,177] {logging_mixin.py:109} INFO - [2026-01-10 09:37:42,177] {dag.py:1833} INFO - Sync 1 DAGs
[2026-01-10 09:37:42,227] {logging_mixin.py:109} INFO - [2026-01-10 09:37:42,227] {dag.py:2306} INFO - Setting next_dagrun for tutorial_taskflow_api_etl_virtualenv to None
[2026-01-10 09:37:42,263] {processor.py:170} INFO - Processing /home/airflow/.local/lib/python3.6/site-packages/airflow/example_dags/tutorial_taskflow_api_etl_virtualenv.py took 0.776 seconds
[2026-01-10 09:38:13,065] {processor.py:162} INFO - Started process (PID=1193) to work on /home/airflow/.local/lib/python3.6/site-packages/airflow/example_dags/tutorial_taskflow_api_etl_virtualenv.py
[2026-01-10 09:38:13,067] {processor.py:613} INFO - Processing file /home/airflow/.local/lib/python3.6/site-packages/airflow/example_dags/tutorial_taskflow_api_etl_virtualenv.py for tasks to queue
[2026-01-10 09:38:13,068] {logging_mixin.py:109} INFO - [2026-01-10 09:38:13,068] {dagbag.py:496} INFO - Filling up the DagBag from /home/airflow/.local/lib/python3.6/site-packages/airflow/example_dags/tutorial_taskflow_api_etl_virtualenv.py
[2026-01-10 09:38:13,100] {processor.py:623} INFO - DAG(s) dict_keys(['tutorial_taskflow_api_etl_virtualenv']) retrieved from /home/airflow/.local/lib/python3.6/site-packages/airflow/example_dags/tutorial_taskflow_api_etl_virtualenv.py
[2026-01-10 09:38:13,575] {logging_mixin.py:109} INFO - [2026-01-10 09:38:13,575] {dag.py:1833} INFO - Sync 1 DAGs
[2026-01-10 09:38:13,603] {logging_mixin.py:109} INFO - [2026-01-10 09:38:13,603] {dag.py:2306} INFO - Setting next_dagrun for tutorial_taskflow_api_etl_virtualenv to None
[2026-01-10 09:38:13,622] {processor.py:170} INFO - Processing /home/airflow/.local/lib/python3.6/site-packages/airflow/example_dags/tutorial_taskflow_api_etl_virtualenv.py took 0.563 seconds
[2026-01-10 09:38:43,685] {processor.py:162} INFO - Started process (PID=1246) to work on /home/airflow/.local/lib/python3.6/site-packages/airflow/example_dags/tutorial_taskflow_api_etl_virtualenv.py
[2026-01-10 09:38:43,687] {processor.py:613} INFO - Processing file /home/airflow/.local/lib/python3.6/site-packages/airflow/example_dags/tutorial_taskflow_api_etl_virtualenv.py for tasks to queue
[2026-01-10 09:38:43,688] {logging_mixin.py:109} INFO - [2026-01-10 09:38:43,688] {dagbag.py:496} INFO - Filling up the DagBag from /home/airflow/.local/lib/python3.6/site-packages/airflow/example_dags/tutorial_taskflow_api_etl_virtualenv.py
[2026-01-10 09:38:43,725] {processor.py:623} INFO - DAG(s) dict_keys(['tutorial_taskflow_api_etl_virtualenv']) retrieved from /home/airflow/.local/lib/python3.6/site-packages/airflow/example_dags/tutorial_taskflow_api_etl_virtualenv.py
[2026-01-10 09:38:44,263] {logging_mixin.py:109} INFO - [2026-01-10 09:38:44,263] {dag.py:1833} INFO - Sync 1 DAGs
[2026-01-10 09:38:44,284] {logging_mixin.py:109} INFO - [2026-01-10 09:38:44,284] {dag.py:2306} INFO - Setting next_dagrun for tutorial_taskflow_api_etl_virtualenv to None
[2026-01-10 09:38:44,303] {processor.py:170} INFO - Processing /home/airflow/.local/lib/python3.6/site-packages/airflow/example_dags/tutorial_taskflow_api_etl_virtualenv.py took 0.625 seconds
[2026-01-10 09:39:14,363] {processor.py:162} INFO - Started process (PID=1300) to work on /home/airflow/.local/lib/python3.6/site-packages/airflow/example_dags/tutorial_taskflow_api_etl_virtualenv.py
[2026-01-10 09:39:14,364] {processor.py:613} INFO - Processing file /home/airflow/.local/lib/python3.6/site-packages/airflow/example_dags/tutorial_taskflow_api_etl_virtualenv.py for tasks to queue
[2026-01-10 09:39:14,365] {logging_mixin.py:109} INFO - [2026-01-10 09:39:14,365] {dagbag.py:496} INFO - Filling up the DagBag from /home/airflow/.local/lib/python3.6/site-packages/airflow/example_dags/tutorial_taskflow_api_etl_virtualenv.py
[2026-01-10 09:39:14,398] {processor.py:623} INFO - DAG(s) dict_keys(['tutorial_taskflow_api_etl_virtualenv']) retrieved from /home/airflow/.local/lib/python3.6/site-packages/airflow/example_dags/tutorial_taskflow_api_etl_virtualenv.py
[2026-01-10 09:39:14,759] {logging_mixin.py:109} INFO - [2026-01-10 09:39:14,759] {dag.py:1833} INFO - Sync 1 DAGs
[2026-01-10 09:39:14,783] {logging_mixin.py:109} INFO - [2026-01-10 09:39:14,783] {dag.py:2306} INFO - Setting next_dagrun for tutorial_taskflow_api_etl_virtualenv to None
[2026-01-10 09:39:14,797] {processor.py:170} INFO - Processing /home/airflow/.local/lib/python3.6/site-packages/airflow/example_dags/tutorial_taskflow_api_etl_virtualenv.py took 0.439 seconds
[2026-01-10 09:39:45,549] {processor.py:162} INFO - Started process (PID=1357) to work on /home/airflow/.local/lib/python3.6/site-packages/airflow/example_dags/tutorial_taskflow_api_etl_virtualenv.py
[2026-01-10 09:39:45,555] {processor.py:613} INFO - Processing file /home/airflow/.local/lib/python3.6/site-packages/airflow/example_dags/tutorial_taskflow_api_etl_virtualenv.py for tasks to queue
[2026-01-10 09:39:45,559] {logging_mixin.py:109} INFO - [2026-01-10 09:39:45,559] {dagbag.py:496} INFO - Filling up the DagBag from /home/airflow/.local/lib/python3.6/site-packages/airflow/example_dags/tutorial_taskflow_api_etl_virtualenv.py
[2026-01-10 09:39:45,777] {processor.py:623} INFO - DAG(s) dict_keys(['tutorial_taskflow_api_etl_virtualenv']) retrieved from /home/airflow/.local/lib/python3.6/site-packages/airflow/example_dags/tutorial_taskflow_api_etl_virtualenv.py
[2026-01-10 09:39:46,590] {logging_mixin.py:109} INFO - [2026-01-10 09:39:46,589] {dag.py:1833} INFO - Sync 1 DAGs
[2026-01-10 09:39:46,615] {logging_mixin.py:109} INFO - [2026-01-10 09:39:46,615] {dag.py:2306} INFO - Setting next_dagrun for tutorial_taskflow_api_etl_virtualenv to None
[2026-01-10 09:39:46,633] {processor.py:170} INFO - Processing /home/airflow/.local/lib/python3.6/site-packages/airflow/example_dags/tutorial_taskflow_api_etl_virtualenv.py took 1.097 seconds
[2026-01-10 09:40:16,833] {processor.py:162} INFO - Started process (PID=1412) to work on /home/airflow/.local/lib/python3.6/site-packages/airflow/example_dags/tutorial_taskflow_api_etl_virtualenv.py
[2026-01-10 09:40:16,835] {processor.py:613} INFO - Processing file /home/airflow/.local/lib/python3.6/site-packages/airflow/example_dags/tutorial_taskflow_api_etl_virtualenv.py for tasks to queue
[2026-01-10 09:40:16,837] {logging_mixin.py:109} INFO - [2026-01-10 09:40:16,836] {dagbag.py:496} INFO - Filling up the DagBag from /home/airflow/.local/lib/python3.6/site-packages/airflow/example_dags/tutorial_taskflow_api_etl_virtualenv.py
[2026-01-10 09:40:16,884] {processor.py:623} INFO - DAG(s) dict_keys(['tutorial_taskflow_api_etl_virtualenv']) retrieved from /home/airflow/.local/lib/python3.6/site-packages/airflow/example_dags/tutorial_taskflow_api_etl_virtualenv.py
[2026-01-10 09:40:17,327] {logging_mixin.py:109} INFO - [2026-01-10 09:40:17,327] {dag.py:1833} INFO - Sync 1 DAGs
[2026-01-10 09:40:17,353] {logging_mixin.py:109} INFO - [2026-01-10 09:40:17,353] {dag.py:2306} INFO - Setting next_dagrun for tutorial_taskflow_api_etl_virtualenv to None
[2026-01-10 09:40:17,370] {processor.py:170} INFO - Processing /home/airflow/.local/lib/python3.6/site-packages/airflow/example_dags/tutorial_taskflow_api_etl_virtualenv.py took 0.541 seconds
[2026-01-10 09:40:47,786] {processor.py:162} INFO - Started process (PID=1468) to work on /home/airflow/.local/lib/python3.6/site-packages/airflow/example_dags/tutorial_taskflow_api_etl_virtualenv.py
[2026-01-10 09:40:47,793] {processor.py:613} INFO - Processing file /home/airflow/.local/lib/python3.6/site-packages/airflow/example_dags/tutorial_taskflow_api_etl_virtualenv.py for tasks to queue
[2026-01-10 09:40:47,805] {logging_mixin.py:109} INFO - [2026-01-10 09:40:47,801] {dagbag.py:496} INFO - Filling up the DagBag from /home/airflow/.local/lib/python3.6/site-packages/airflow/example_dags/tutorial_taskflow_api_etl_virtualenv.py
[2026-01-10 09:40:47,948] {processor.py:623} INFO - DAG(s) dict_keys(['tutorial_taskflow_api_etl_virtualenv']) retrieved from /home/airflow/.local/lib/python3.6/site-packages/airflow/example_dags/tutorial_taskflow_api_etl_virtualenv.py
[2026-01-10 09:40:48,592] {logging_mixin.py:109} INFO - [2026-01-10 09:40:48,592] {dag.py:1833} INFO - Sync 1 DAGs
[2026-01-10 09:40:48,632] {logging_mixin.py:109} INFO - [2026-01-10 09:40:48,632] {dag.py:2306} INFO - Setting next_dagrun for tutorial_taskflow_api_etl_virtualenv to None
[2026-01-10 09:40:48,649] {processor.py:170} INFO - Processing /home/airflow/.local/lib/python3.6/site-packages/airflow/example_dags/tutorial_taskflow_api_etl_virtualenv.py took 0.893 seconds
[2026-01-10 09:41:19,052] {processor.py:162} INFO - Started process (PID=1519) to work on /home/airflow/.local/lib/python3.6/site-packages/airflow/example_dags/tutorial_taskflow_api_etl_virtualenv.py
[2026-01-10 09:41:19,053] {processor.py:613} INFO - Processing file /home/airflow/.local/lib/python3.6/site-packages/airflow/example_dags/tutorial_taskflow_api_etl_virtualenv.py for tasks to queue
[2026-01-10 09:41:19,054] {logging_mixin.py:109} INFO - [2026-01-10 09:41:19,054] {dagbag.py:496} INFO - Filling up the DagBag from /home/airflow/.local/lib/python3.6/site-packages/airflow/example_dags/tutorial_taskflow_api_etl_virtualenv.py
[2026-01-10 09:41:19,086] {processor.py:623} INFO - DAG(s) dict_keys(['tutorial_taskflow_api_etl_virtualenv']) retrieved from /home/airflow/.local/lib/python3.6/site-packages/airflow/example_dags/tutorial_taskflow_api_etl_virtualenv.py
[2026-01-10 09:41:19,537] {logging_mixin.py:109} INFO - [2026-01-10 09:41:19,537] {dag.py:1833} INFO - Sync 1 DAGs
[2026-01-10 09:41:19,563] {logging_mixin.py:109} INFO - [2026-01-10 09:41:19,563] {dag.py:2306} INFO - Setting next_dagrun for tutorial_taskflow_api_etl_virtualenv to None
[2026-01-10 09:41:19,589] {processor.py:170} INFO - Processing /home/airflow/.local/lib/python3.6/site-packages/airflow/example_dags/tutorial_taskflow_api_etl_virtualenv.py took 0.541 seconds
[2026-01-10 09:41:50,219] {processor.py:162} INFO - Started process (PID=1569) to work on /home/airflow/.local/lib/python3.6/site-packages/airflow/example_dags/tutorial_taskflow_api_etl_virtualenv.py
[2026-01-10 09:41:50,220] {processor.py:613} INFO - Processing file /home/airflow/.local/lib/python3.6/site-packages/airflow/example_dags/tutorial_taskflow_api_etl_virtualenv.py for tasks to queue
[2026-01-10 09:41:50,221] {logging_mixin.py:109} INFO - [2026-01-10 09:41:50,220] {dagbag.py:496} INFO - Filling up the DagBag from /home/airflow/.local/lib/python3.6/site-packages/airflow/example_dags/tutorial_taskflow_api_etl_virtualenv.py
[2026-01-10 09:41:50,241] {processor.py:623} INFO - DAG(s) dict_keys(['tutorial_taskflow_api_etl_virtualenv']) retrieved from /home/airflow/.local/lib/python3.6/site-packages/airflow/example_dags/tutorial_taskflow_api_etl_virtualenv.py
[2026-01-10 09:41:50,622] {logging_mixin.py:109} INFO - [2026-01-10 09:41:50,622] {dag.py:1833} INFO - Sync 1 DAGs
[2026-01-10 09:41:50,637] {logging_mixin.py:109} INFO - [2026-01-10 09:41:50,637] {dag.py:2306} INFO - Setting next_dagrun for tutorial_taskflow_api_etl_virtualenv to None
[2026-01-10 09:41:50,650] {processor.py:170} INFO - Processing /home/airflow/.local/lib/python3.6/site-packages/airflow/example_dags/tutorial_taskflow_api_etl_virtualenv.py took 0.434 seconds
[2026-01-10 09:42:21,645] {processor.py:162} INFO - Started process (PID=1620) to work on /home/airflow/.local/lib/python3.6/site-packages/airflow/example_dags/tutorial_taskflow_api_etl_virtualenv.py
[2026-01-10 09:42:21,647] {processor.py:613} INFO - Processing file /home/airflow/.local/lib/python3.6/site-packages/airflow/example_dags/tutorial_taskflow_api_etl_virtualenv.py for tasks to queue
[2026-01-10 09:42:21,648] {logging_mixin.py:109} INFO - [2026-01-10 09:42:21,648] {dagbag.py:496} INFO - Filling up the DagBag from /home/airflow/.local/lib/python3.6/site-packages/airflow/example_dags/tutorial_taskflow_api_etl_virtualenv.py
[2026-01-10 09:42:21,679] {processor.py:623} INFO - DAG(s) dict_keys(['tutorial_taskflow_api_etl_virtualenv']) retrieved from /home/airflow/.local/lib/python3.6/site-packages/airflow/example_dags/tutorial_taskflow_api_etl_virtualenv.py
[2026-01-10 09:42:22,020] {logging_mixin.py:109} INFO - [2026-01-10 09:42:22,020] {dag.py:1833} INFO - Sync 1 DAGs
[2026-01-10 09:42:22,040] {logging_mixin.py:109} INFO - [2026-01-10 09:42:22,040] {dag.py:2306} INFO - Setting next_dagrun for tutorial_taskflow_api_etl_virtualenv to None
[2026-01-10 09:42:22,060] {processor.py:170} INFO - Processing /home/airflow/.local/lib/python3.6/site-packages/airflow/example_dags/tutorial_taskflow_api_etl_virtualenv.py took 0.419 seconds
[2026-01-10 09:42:52,164] {processor.py:162} INFO - Started process (PID=1681) to work on /home/airflow/.local/lib/python3.6/site-packages/airflow/example_dags/tutorial_taskflow_api_etl_virtualenv.py
[2026-01-10 09:42:52,165] {processor.py:613} INFO - Processing file /home/airflow/.local/lib/python3.6/site-packages/airflow/example_dags/tutorial_taskflow_api_etl_virtualenv.py for tasks to queue
[2026-01-10 09:42:52,166] {logging_mixin.py:109} INFO - [2026-01-10 09:42:52,166] {dagbag.py:496} INFO - Filling up the DagBag from /home/airflow/.local/lib/python3.6/site-packages/airflow/example_dags/tutorial_taskflow_api_etl_virtualenv.py
[2026-01-10 09:42:52,184] {processor.py:623} INFO - DAG(s) dict_keys(['tutorial_taskflow_api_etl_virtualenv']) retrieved from /home/airflow/.local/lib/python3.6/site-packages/airflow/example_dags/tutorial_taskflow_api_etl_virtualenv.py
[2026-01-10 09:42:52,527] {logging_mixin.py:109} INFO - [2026-01-10 09:42:52,527] {dag.py:1833} INFO - Sync 1 DAGs
[2026-01-10 09:42:52,546] {logging_mixin.py:109} INFO - [2026-01-10 09:42:52,546] {dag.py:2306} INFO - Setting next_dagrun for tutorial_taskflow_api_etl_virtualenv to None
[2026-01-10 09:42:52,560] {processor.py:170} INFO - Processing /home/airflow/.local/lib/python3.6/site-packages/airflow/example_dags/tutorial_taskflow_api_etl_virtualenv.py took 0.399 seconds
[2026-01-10 09:43:22,981] {processor.py:162} INFO - Started process (PID=1732) to work on /home/airflow/.local/lib/python3.6/site-packages/airflow/example_dags/tutorial_taskflow_api_etl_virtualenv.py
[2026-01-10 09:43:22,988] {processor.py:613} INFO - Processing file /home/airflow/.local/lib/python3.6/site-packages/airflow/example_dags/tutorial_taskflow_api_etl_virtualenv.py for tasks to queue
[2026-01-10 09:43:22,989] {logging_mixin.py:109} INFO - [2026-01-10 09:43:22,989] {dagbag.py:496} INFO - Filling up the DagBag from /home/airflow/.local/lib/python3.6/site-packages/airflow/example_dags/tutorial_taskflow_api_etl_virtualenv.py
[2026-01-10 09:43:23,011] {processor.py:623} INFO - DAG(s) dict_keys(['tutorial_taskflow_api_etl_virtualenv']) retrieved from /home/airflow/.local/lib/python3.6/site-packages/airflow/example_dags/tutorial_taskflow_api_etl_virtualenv.py
[2026-01-10 09:43:23,316] {logging_mixin.py:109} INFO - [2026-01-10 09:43:23,316] {dag.py:1833} INFO - Sync 1 DAGs
[2026-01-10 09:43:23,337] {logging_mixin.py:109} INFO - [2026-01-10 09:43:23,337] {dag.py:2306} INFO - Setting next_dagrun for tutorial_taskflow_api_etl_virtualenv to None
[2026-01-10 09:43:23,348] {processor.py:170} INFO - Processing /home/airflow/.local/lib/python3.6/site-packages/airflow/example_dags/tutorial_taskflow_api_etl_virtualenv.py took 0.372 seconds
[2026-01-10 09:43:53,402] {processor.py:162} INFO - Started process (PID=1783) to work on /home/airflow/.local/lib/python3.6/site-packages/airflow/example_dags/tutorial_taskflow_api_etl_virtualenv.py
[2026-01-10 09:43:53,410] {processor.py:613} INFO - Processing file /home/airflow/.local/lib/python3.6/site-packages/airflow/example_dags/tutorial_taskflow_api_etl_virtualenv.py for tasks to queue
[2026-01-10 09:43:53,411] {logging_mixin.py:109} INFO - [2026-01-10 09:43:53,411] {dagbag.py:496} INFO - Filling up the DagBag from /home/airflow/.local/lib/python3.6/site-packages/airflow/example_dags/tutorial_taskflow_api_etl_virtualenv.py
[2026-01-10 09:43:53,433] {processor.py:623} INFO - DAG(s) dict_keys(['tutorial_taskflow_api_etl_virtualenv']) retrieved from /home/airflow/.local/lib/python3.6/site-packages/airflow/example_dags/tutorial_taskflow_api_etl_virtualenv.py
[2026-01-10 09:43:53,457] {logging_mixin.py:109} INFO - [2026-01-10 09:43:53,457] {dag.py:1833} INFO - Sync 1 DAGs
[2026-01-10 09:43:53,478] {logging_mixin.py:109} INFO - [2026-01-10 09:43:53,478] {dag.py:2306} INFO - Setting next_dagrun for tutorial_taskflow_api_etl_virtualenv to None
[2026-01-10 09:43:53,491] {processor.py:170} INFO - Processing /home/airflow/.local/lib/python3.6/site-packages/airflow/example_dags/tutorial_taskflow_api_etl_virtualenv.py took 0.095 seconds
[2026-01-10 09:44:24,250] {processor.py:162} INFO - Started process (PID=1835) to work on /home/airflow/.local/lib/python3.6/site-packages/airflow/example_dags/tutorial_taskflow_api_etl_virtualenv.py
[2026-01-10 09:44:24,253] {processor.py:613} INFO - Processing file /home/airflow/.local/lib/python3.6/site-packages/airflow/example_dags/tutorial_taskflow_api_etl_virtualenv.py for tasks to queue
[2026-01-10 09:44:24,255] {logging_mixin.py:109} INFO - [2026-01-10 09:44:24,254] {dagbag.py:496} INFO - Filling up the DagBag from /home/airflow/.local/lib/python3.6/site-packages/airflow/example_dags/tutorial_taskflow_api_etl_virtualenv.py
[2026-01-10 09:44:24,298] {processor.py:623} INFO - DAG(s) dict_keys(['tutorial_taskflow_api_etl_virtualenv']) retrieved from /home/airflow/.local/lib/python3.6/site-packages/airflow/example_dags/tutorial_taskflow_api_etl_virtualenv.py
[2026-01-10 09:44:24,945] {logging_mixin.py:109} INFO - [2026-01-10 09:44:24,945] {dag.py:1833} INFO - Sync 1 DAGs
[2026-01-10 09:44:24,973] {logging_mixin.py:109} INFO - [2026-01-10 09:44:24,973] {dag.py:2306} INFO - Setting next_dagrun for tutorial_taskflow_api_etl_virtualenv to None
[2026-01-10 09:44:24,994] {processor.py:170} INFO - Processing /home/airflow/.local/lib/python3.6/site-packages/airflow/example_dags/tutorial_taskflow_api_etl_virtualenv.py took 0.751 seconds
[2026-01-10 09:44:55,608] {processor.py:162} INFO - Started process (PID=1886) to work on /home/airflow/.local/lib/python3.6/site-packages/airflow/example_dags/tutorial_taskflow_api_etl_virtualenv.py
[2026-01-10 09:44:55,610] {processor.py:613} INFO - Processing file /home/airflow/.local/lib/python3.6/site-packages/airflow/example_dags/tutorial_taskflow_api_etl_virtualenv.py for tasks to queue
[2026-01-10 09:44:55,611] {logging_mixin.py:109} INFO - [2026-01-10 09:44:55,611] {dagbag.py:496} INFO - Filling up the DagBag from /home/airflow/.local/lib/python3.6/site-packages/airflow/example_dags/tutorial_taskflow_api_etl_virtualenv.py
[2026-01-10 09:44:55,646] {processor.py:623} INFO - DAG(s) dict_keys(['tutorial_taskflow_api_etl_virtualenv']) retrieved from /home/airflow/.local/lib/python3.6/site-packages/airflow/example_dags/tutorial_taskflow_api_etl_virtualenv.py
[2026-01-10 09:44:56,116] {logging_mixin.py:109} INFO - [2026-01-10 09:44:56,115] {dag.py:1833} INFO - Sync 1 DAGs
[2026-01-10 09:44:56,136] {logging_mixin.py:109} INFO - [2026-01-10 09:44:56,136] {dag.py:2306} INFO - Setting next_dagrun for tutorial_taskflow_api_etl_virtualenv to None
[2026-01-10 09:44:56,157] {processor.py:170} INFO - Processing /home/airflow/.local/lib/python3.6/site-packages/airflow/example_dags/tutorial_taskflow_api_etl_virtualenv.py took 0.554 seconds
[2026-01-10 09:45:26,799] {processor.py:162} INFO - Started process (PID=1937) to work on /home/airflow/.local/lib/python3.6/site-packages/airflow/example_dags/tutorial_taskflow_api_etl_virtualenv.py
[2026-01-10 09:45:26,801] {processor.py:613} INFO - Processing file /home/airflow/.local/lib/python3.6/site-packages/airflow/example_dags/tutorial_taskflow_api_etl_virtualenv.py for tasks to queue
[2026-01-10 09:45:26,802] {logging_mixin.py:109} INFO - [2026-01-10 09:45:26,801] {dagbag.py:496} INFO - Filling up the DagBag from /home/airflow/.local/lib/python3.6/site-packages/airflow/example_dags/tutorial_taskflow_api_etl_virtualenv.py
[2026-01-10 09:45:26,833] {processor.py:623} INFO - DAG(s) dict_keys(['tutorial_taskflow_api_etl_virtualenv']) retrieved from /home/airflow/.local/lib/python3.6/site-packages/airflow/example_dags/tutorial_taskflow_api_etl_virtualenv.py
[2026-01-10 09:45:26,865] {logging_mixin.py:109} INFO - [2026-01-10 09:45:26,865] {dag.py:1833} INFO - Sync 1 DAGs
[2026-01-10 09:45:26,888] {logging_mixin.py:109} INFO - [2026-01-10 09:45:26,888] {dag.py:2306} INFO - Setting next_dagrun for tutorial_taskflow_api_etl_virtualenv to None
[2026-01-10 09:45:26,899] {processor.py:170} INFO - Processing /home/airflow/.local/lib/python3.6/site-packages/airflow/example_dags/tutorial_taskflow_api_etl_virtualenv.py took 0.105 seconds
[2026-01-10 09:45:57,047] {processor.py:162} INFO - Started process (PID=1987) to work on /home/airflow/.local/lib/python3.6/site-packages/airflow/example_dags/tutorial_taskflow_api_etl_virtualenv.py
[2026-01-10 09:45:57,050] {processor.py:613} INFO - Processing file /home/airflow/.local/lib/python3.6/site-packages/airflow/example_dags/tutorial_taskflow_api_etl_virtualenv.py for tasks to queue
[2026-01-10 09:45:57,052] {logging_mixin.py:109} INFO - [2026-01-10 09:45:57,052] {dagbag.py:496} INFO - Filling up the DagBag from /home/airflow/.local/lib/python3.6/site-packages/airflow/example_dags/tutorial_taskflow_api_etl_virtualenv.py
[2026-01-10 09:45:57,085] {processor.py:623} INFO - DAG(s) dict_keys(['tutorial_taskflow_api_etl_virtualenv']) retrieved from /home/airflow/.local/lib/python3.6/site-packages/airflow/example_dags/tutorial_taskflow_api_etl_virtualenv.py
[2026-01-10 09:45:57,452] {logging_mixin.py:109} INFO - [2026-01-10 09:45:57,452] {dag.py:1833} INFO - Sync 1 DAGs
[2026-01-10 09:45:57,474] {logging_mixin.py:109} INFO - [2026-01-10 09:45:57,474] {dag.py:2306} INFO - Setting next_dagrun for tutorial_taskflow_api_etl_virtualenv to None
[2026-01-10 09:45:57,504] {processor.py:170} INFO - Processing /home/airflow/.local/lib/python3.6/site-packages/airflow/example_dags/tutorial_taskflow_api_etl_virtualenv.py took 0.463 seconds
[2026-01-10 09:46:28,490] {processor.py:162} INFO - Started process (PID=2038) to work on /home/airflow/.local/lib/python3.6/site-packages/airflow/example_dags/tutorial_taskflow_api_etl_virtualenv.py
[2026-01-10 09:46:28,492] {processor.py:613} INFO - Processing file /home/airflow/.local/lib/python3.6/site-packages/airflow/example_dags/tutorial_taskflow_api_etl_virtualenv.py for tasks to queue
[2026-01-10 09:46:28,493] {logging_mixin.py:109} INFO - [2026-01-10 09:46:28,493] {dagbag.py:496} INFO - Filling up the DagBag from /home/airflow/.local/lib/python3.6/site-packages/airflow/example_dags/tutorial_taskflow_api_etl_virtualenv.py
[2026-01-10 09:46:28,557] {processor.py:623} INFO - DAG(s) dict_keys(['tutorial_taskflow_api_etl_virtualenv']) retrieved from /home/airflow/.local/lib/python3.6/site-packages/airflow/example_dags/tutorial_taskflow_api_etl_virtualenv.py
[2026-01-10 09:46:29,034] {logging_mixin.py:109} INFO - [2026-01-10 09:46:29,034] {dag.py:1833} INFO - Sync 1 DAGs
[2026-01-10 09:46:29,075] {logging_mixin.py:109} INFO - [2026-01-10 09:46:29,075] {dag.py:2306} INFO - Setting next_dagrun for tutorial_taskflow_api_etl_virtualenv to None
[2026-01-10 09:46:29,111] {processor.py:170} INFO - Processing /home/airflow/.local/lib/python3.6/site-packages/airflow/example_dags/tutorial_taskflow_api_etl_virtualenv.py took 0.626 seconds
[2026-01-10 09:46:59,907] {processor.py:162} INFO - Started process (PID=2098) to work on /home/airflow/.local/lib/python3.6/site-packages/airflow/example_dags/tutorial_taskflow_api_etl_virtualenv.py
[2026-01-10 09:46:59,913] {processor.py:613} INFO - Processing file /home/airflow/.local/lib/python3.6/site-packages/airflow/example_dags/tutorial_taskflow_api_etl_virtualenv.py for tasks to queue
[2026-01-10 09:46:59,914] {logging_mixin.py:109} INFO - [2026-01-10 09:46:59,914] {dagbag.py:496} INFO - Filling up the DagBag from /home/airflow/.local/lib/python3.6/site-packages/airflow/example_dags/tutorial_taskflow_api_etl_virtualenv.py
[2026-01-10 09:46:59,978] {processor.py:623} INFO - DAG(s) dict_keys(['tutorial_taskflow_api_etl_virtualenv']) retrieved from /home/airflow/.local/lib/python3.6/site-packages/airflow/example_dags/tutorial_taskflow_api_etl_virtualenv.py
[2026-01-10 09:47:00,934] {logging_mixin.py:109} INFO - [2026-01-10 09:47:00,934] {dag.py:1833} INFO - Sync 1 DAGs
[2026-01-10 09:47:00,961] {logging_mixin.py:109} INFO - [2026-01-10 09:47:00,961] {dag.py:2306} INFO - Setting next_dagrun for tutorial_taskflow_api_etl_virtualenv to None
[2026-01-10 09:47:00,989] {processor.py:170} INFO - Processing /home/airflow/.local/lib/python3.6/site-packages/airflow/example_dags/tutorial_taskflow_api_etl_virtualenv.py took 1.096 seconds
[2026-01-10 09:47:33,157] {processor.py:162} INFO - Started process (PID=2139) to work on /home/airflow/.local/lib/python3.6/site-packages/airflow/example_dags/tutorial_taskflow_api_etl_virtualenv.py
[2026-01-10 09:47:33,159] {processor.py:613} INFO - Processing file /home/airflow/.local/lib/python3.6/site-packages/airflow/example_dags/tutorial_taskflow_api_etl_virtualenv.py for tasks to queue
[2026-01-10 09:47:33,160] {logging_mixin.py:109} INFO - [2026-01-10 09:47:33,160] {dagbag.py:496} INFO - Filling up the DagBag from /home/airflow/.local/lib/python3.6/site-packages/airflow/example_dags/tutorial_taskflow_api_etl_virtualenv.py
[2026-01-10 09:47:33,183] {processor.py:623} INFO - DAG(s) dict_keys(['tutorial_taskflow_api_etl_virtualenv']) retrieved from /home/airflow/.local/lib/python3.6/site-packages/airflow/example_dags/tutorial_taskflow_api_etl_virtualenv.py
[2026-01-10 09:47:33,570] {logging_mixin.py:109} INFO - [2026-01-10 09:47:33,570] {dag.py:1833} INFO - Sync 1 DAGs
[2026-01-10 09:47:33,586] {logging_mixin.py:109} INFO - [2026-01-10 09:47:33,585] {dag.py:2306} INFO - Setting next_dagrun for tutorial_taskflow_api_etl_virtualenv to None
[2026-01-10 09:47:33,602] {processor.py:170} INFO - Processing /home/airflow/.local/lib/python3.6/site-packages/airflow/example_dags/tutorial_taskflow_api_etl_virtualenv.py took 0.451 seconds
[2026-01-10 09:48:05,812] {processor.py:162} INFO - Started process (PID=2178) to work on /home/airflow/.local/lib/python3.6/site-packages/airflow/example_dags/tutorial_taskflow_api_etl_virtualenv.py
[2026-01-10 09:48:05,822] {processor.py:613} INFO - Processing file /home/airflow/.local/lib/python3.6/site-packages/airflow/example_dags/tutorial_taskflow_api_etl_virtualenv.py for tasks to queue
[2026-01-10 09:48:05,824] {logging_mixin.py:109} INFO - [2026-01-10 09:48:05,823] {dagbag.py:496} INFO - Filling up the DagBag from /home/airflow/.local/lib/python3.6/site-packages/airflow/example_dags/tutorial_taskflow_api_etl_virtualenv.py
[2026-01-10 09:48:05,890] {processor.py:623} INFO - DAG(s) dict_keys(['tutorial_taskflow_api_etl_virtualenv']) retrieved from /home/airflow/.local/lib/python3.6/site-packages/airflow/example_dags/tutorial_taskflow_api_etl_virtualenv.py
[2026-01-10 09:48:07,626] {logging_mixin.py:109} INFO - [2026-01-10 09:48:07,626] {dag.py:1833} INFO - Sync 1 DAGs
[2026-01-10 09:48:07,654] {logging_mixin.py:109} INFO - [2026-01-10 09:48:07,653] {dag.py:2306} INFO - Setting next_dagrun for tutorial_taskflow_api_etl_virtualenv to None
[2026-01-10 09:48:07,711] {processor.py:170} INFO - Processing /home/airflow/.local/lib/python3.6/site-packages/airflow/example_dags/tutorial_taskflow_api_etl_virtualenv.py took 1.920 seconds
[2026-01-10 09:48:37,938] {processor.py:162} INFO - Started process (PID=2219) to work on /home/airflow/.local/lib/python3.6/site-packages/airflow/example_dags/tutorial_taskflow_api_etl_virtualenv.py
[2026-01-10 09:48:37,951] {processor.py:613} INFO - Processing file /home/airflow/.local/lib/python3.6/site-packages/airflow/example_dags/tutorial_taskflow_api_etl_virtualenv.py for tasks to queue
[2026-01-10 09:48:37,962] {logging_mixin.py:109} INFO - [2026-01-10 09:48:37,962] {dagbag.py:496} INFO - Filling up the DagBag from /home/airflow/.local/lib/python3.6/site-packages/airflow/example_dags/tutorial_taskflow_api_etl_virtualenv.py
[2026-01-10 09:48:38,071] {processor.py:623} INFO - DAG(s) dict_keys(['tutorial_taskflow_api_etl_virtualenv']) retrieved from /home/airflow/.local/lib/python3.6/site-packages/airflow/example_dags/tutorial_taskflow_api_etl_virtualenv.py
[2026-01-10 09:48:38,896] {logging_mixin.py:109} INFO - [2026-01-10 09:48:38,896] {dag.py:1833} INFO - Sync 1 DAGs
[2026-01-10 09:48:38,939] {logging_mixin.py:109} INFO - [2026-01-10 09:48:38,939] {dag.py:2306} INFO - Setting next_dagrun for tutorial_taskflow_api_etl_virtualenv to None
[2026-01-10 09:48:38,962] {processor.py:170} INFO - Processing /home/airflow/.local/lib/python3.6/site-packages/airflow/example_dags/tutorial_taskflow_api_etl_virtualenv.py took 1.036 seconds
[2026-01-10 09:49:19,986] {processor.py:162} INFO - Started process (PID=2264) to work on /home/airflow/.local/lib/python3.6/site-packages/airflow/example_dags/tutorial_taskflow_api_etl_virtualenv.py
[2026-01-10 09:49:19,988] {processor.py:613} INFO - Processing file /home/airflow/.local/lib/python3.6/site-packages/airflow/example_dags/tutorial_taskflow_api_etl_virtualenv.py for tasks to queue
[2026-01-10 09:49:19,991] {logging_mixin.py:109} INFO - [2026-01-10 09:49:19,989] {dagbag.py:496} INFO - Filling up the DagBag from /home/airflow/.local/lib/python3.6/site-packages/airflow/example_dags/tutorial_taskflow_api_etl_virtualenv.py
[2026-01-10 09:49:20,037] {processor.py:623} INFO - DAG(s) dict_keys(['tutorial_taskflow_api_etl_virtualenv']) retrieved from /home/airflow/.local/lib/python3.6/site-packages/airflow/example_dags/tutorial_taskflow_api_etl_virtualenv.py
[2026-01-10 09:49:20,740] {logging_mixin.py:109} INFO - [2026-01-10 09:49:20,740] {dag.py:1833} INFO - Sync 1 DAGs
[2026-01-10 09:49:20,772] {logging_mixin.py:109} INFO - [2026-01-10 09:49:20,772] {dag.py:2306} INFO - Setting next_dagrun for tutorial_taskflow_api_etl_virtualenv to None
[2026-01-10 09:49:20,793] {processor.py:170} INFO - Processing /home/airflow/.local/lib/python3.6/site-packages/airflow/example_dags/tutorial_taskflow_api_etl_virtualenv.py took 0.816 seconds
[2026-01-10 09:49:51,080] {processor.py:162} INFO - Started process (PID=2317) to work on /home/airflow/.local/lib/python3.6/site-packages/airflow/example_dags/tutorial_taskflow_api_etl_virtualenv.py
[2026-01-10 09:49:51,084] {processor.py:613} INFO - Processing file /home/airflow/.local/lib/python3.6/site-packages/airflow/example_dags/tutorial_taskflow_api_etl_virtualenv.py for tasks to queue
[2026-01-10 09:49:51,085] {logging_mixin.py:109} INFO - [2026-01-10 09:49:51,085] {dagbag.py:496} INFO - Filling up the DagBag from /home/airflow/.local/lib/python3.6/site-packages/airflow/example_dags/tutorial_taskflow_api_etl_virtualenv.py
[2026-01-10 09:49:51,154] {processor.py:623} INFO - DAG(s) dict_keys(['tutorial_taskflow_api_etl_virtualenv']) retrieved from /home/airflow/.local/lib/python3.6/site-packages/airflow/example_dags/tutorial_taskflow_api_etl_virtualenv.py
[2026-01-10 09:49:51,221] {logging_mixin.py:109} INFO - [2026-01-10 09:49:51,221] {dag.py:1833} INFO - Sync 1 DAGs
[2026-01-10 09:49:51,258] {logging_mixin.py:109} INFO - [2026-01-10 09:49:51,258] {dag.py:2306} INFO - Setting next_dagrun for tutorial_taskflow_api_etl_virtualenv to None
[2026-01-10 09:49:51,274] {processor.py:170} INFO - Processing /home/airflow/.local/lib/python3.6/site-packages/airflow/example_dags/tutorial_taskflow_api_etl_virtualenv.py took 0.207 seconds
[2026-01-10 09:50:22,017] {processor.py:162} INFO - Started process (PID=2366) to work on /home/airflow/.local/lib/python3.6/site-packages/airflow/example_dags/tutorial_taskflow_api_etl_virtualenv.py
[2026-01-10 09:50:22,020] {processor.py:613} INFO - Processing file /home/airflow/.local/lib/python3.6/site-packages/airflow/example_dags/tutorial_taskflow_api_etl_virtualenv.py for tasks to queue
[2026-01-10 09:50:22,021] {logging_mixin.py:109} INFO - [2026-01-10 09:50:22,021] {dagbag.py:496} INFO - Filling up the DagBag from /home/airflow/.local/lib/python3.6/site-packages/airflow/example_dags/tutorial_taskflow_api_etl_virtualenv.py
[2026-01-10 09:50:22,054] {processor.py:623} INFO - DAG(s) dict_keys(['tutorial_taskflow_api_etl_virtualenv']) retrieved from /home/airflow/.local/lib/python3.6/site-packages/airflow/example_dags/tutorial_taskflow_api_etl_virtualenv.py
[2026-01-10 09:50:22,546] {logging_mixin.py:109} INFO - [2026-01-10 09:50:22,546] {dag.py:1833} INFO - Sync 1 DAGs
[2026-01-10 09:50:22,568] {logging_mixin.py:109} INFO - [2026-01-10 09:50:22,568] {dag.py:2306} INFO - Setting next_dagrun for tutorial_taskflow_api_etl_virtualenv to None
[2026-01-10 09:50:22,587] {processor.py:170} INFO - Processing /home/airflow/.local/lib/python3.6/site-packages/airflow/example_dags/tutorial_taskflow_api_etl_virtualenv.py took 0.575 seconds
[2026-01-10 09:50:52,623] {processor.py:162} INFO - Started process (PID=2420) to work on /home/airflow/.local/lib/python3.6/site-packages/airflow/example_dags/tutorial_taskflow_api_etl_virtualenv.py
[2026-01-10 09:50:52,625] {processor.py:613} INFO - Processing file /home/airflow/.local/lib/python3.6/site-packages/airflow/example_dags/tutorial_taskflow_api_etl_virtualenv.py for tasks to queue
[2026-01-10 09:50:52,626] {logging_mixin.py:109} INFO - [2026-01-10 09:50:52,626] {dagbag.py:496} INFO - Filling up the DagBag from /home/airflow/.local/lib/python3.6/site-packages/airflow/example_dags/tutorial_taskflow_api_etl_virtualenv.py
[2026-01-10 09:50:52,656] {processor.py:623} INFO - DAG(s) dict_keys(['tutorial_taskflow_api_etl_virtualenv']) retrieved from /home/airflow/.local/lib/python3.6/site-packages/airflow/example_dags/tutorial_taskflow_api_etl_virtualenv.py
[2026-01-10 09:50:53,050] {logging_mixin.py:109} INFO - [2026-01-10 09:50:53,050] {dag.py:1833} INFO - Sync 1 DAGs
[2026-01-10 09:50:53,077] {logging_mixin.py:109} INFO - [2026-01-10 09:50:53,077] {dag.py:2306} INFO - Setting next_dagrun for tutorial_taskflow_api_etl_virtualenv to None
[2026-01-10 09:50:53,100] {processor.py:170} INFO - Processing /home/airflow/.local/lib/python3.6/site-packages/airflow/example_dags/tutorial_taskflow_api_etl_virtualenv.py took 0.482 seconds
[2026-01-10 09:51:23,365] {processor.py:162} INFO - Started process (PID=2471) to work on /home/airflow/.local/lib/python3.6/site-packages/airflow/example_dags/tutorial_taskflow_api_etl_virtualenv.py
[2026-01-10 09:51:23,367] {processor.py:613} INFO - Processing file /home/airflow/.local/lib/python3.6/site-packages/airflow/example_dags/tutorial_taskflow_api_etl_virtualenv.py for tasks to queue
[2026-01-10 09:51:23,368] {logging_mixin.py:109} INFO - [2026-01-10 09:51:23,368] {dagbag.py:496} INFO - Filling up the DagBag from /home/airflow/.local/lib/python3.6/site-packages/airflow/example_dags/tutorial_taskflow_api_etl_virtualenv.py
[2026-01-10 09:51:23,421] {processor.py:623} INFO - DAG(s) dict_keys(['tutorial_taskflow_api_etl_virtualenv']) retrieved from /home/airflow/.local/lib/python3.6/site-packages/airflow/example_dags/tutorial_taskflow_api_etl_virtualenv.py
[2026-01-10 09:51:24,015] {logging_mixin.py:109} INFO - [2026-01-10 09:51:24,015] {dag.py:1833} INFO - Sync 1 DAGs
[2026-01-10 09:51:24,043] {logging_mixin.py:109} INFO - [2026-01-10 09:51:24,043] {dag.py:2306} INFO - Setting next_dagrun for tutorial_taskflow_api_etl_virtualenv to None
[2026-01-10 09:51:24,061] {processor.py:170} INFO - Processing /home/airflow/.local/lib/python3.6/site-packages/airflow/example_dags/tutorial_taskflow_api_etl_virtualenv.py took 0.700 seconds
[2026-01-10 09:51:54,810] {processor.py:162} INFO - Started process (PID=2520) to work on /home/airflow/.local/lib/python3.6/site-packages/airflow/example_dags/tutorial_taskflow_api_etl_virtualenv.py
[2026-01-10 09:51:54,823] {processor.py:613} INFO - Processing file /home/airflow/.local/lib/python3.6/site-packages/airflow/example_dags/tutorial_taskflow_api_etl_virtualenv.py for tasks to queue
[2026-01-10 09:51:54,825] {logging_mixin.py:109} INFO - [2026-01-10 09:51:54,824] {dagbag.py:496} INFO - Filling up the DagBag from /home/airflow/.local/lib/python3.6/site-packages/airflow/example_dags/tutorial_taskflow_api_etl_virtualenv.py
[2026-01-10 09:51:54,900] {processor.py:623} INFO - DAG(s) dict_keys(['tutorial_taskflow_api_etl_virtualenv']) retrieved from /home/airflow/.local/lib/python3.6/site-packages/airflow/example_dags/tutorial_taskflow_api_etl_virtualenv.py
[2026-01-10 09:51:54,948] {logging_mixin.py:109} INFO - [2026-01-10 09:51:54,948] {dag.py:1833} INFO - Sync 1 DAGs
[2026-01-10 09:51:54,993] {logging_mixin.py:109} INFO - [2026-01-10 09:51:54,993] {dag.py:2306} INFO - Setting next_dagrun for tutorial_taskflow_api_etl_virtualenv to None
[2026-01-10 09:51:55,033] {processor.py:170} INFO - Processing /home/airflow/.local/lib/python3.6/site-packages/airflow/example_dags/tutorial_taskflow_api_etl_virtualenv.py took 0.231 seconds
[2026-01-10 09:52:25,132] {processor.py:162} INFO - Started process (PID=2562) to work on /home/airflow/.local/lib/python3.6/site-packages/airflow/example_dags/tutorial_taskflow_api_etl_virtualenv.py
[2026-01-10 09:52:25,133] {processor.py:613} INFO - Processing file /home/airflow/.local/lib/python3.6/site-packages/airflow/example_dags/tutorial_taskflow_api_etl_virtualenv.py for tasks to queue
[2026-01-10 09:52:25,134] {logging_mixin.py:109} INFO - [2026-01-10 09:52:25,133] {dagbag.py:496} INFO - Filling up the DagBag from /home/airflow/.local/lib/python3.6/site-packages/airflow/example_dags/tutorial_taskflow_api_etl_virtualenv.py
[2026-01-10 09:52:25,166] {processor.py:623} INFO - DAG(s) dict_keys(['tutorial_taskflow_api_etl_virtualenv']) retrieved from /home/airflow/.local/lib/python3.6/site-packages/airflow/example_dags/tutorial_taskflow_api_etl_virtualenv.py
[2026-01-10 09:52:25,558] {logging_mixin.py:109} INFO - [2026-01-10 09:52:25,557] {dag.py:1833} INFO - Sync 1 DAGs
[2026-01-10 09:52:25,582] {logging_mixin.py:109} INFO - [2026-01-10 09:52:25,582] {dag.py:2306} INFO - Setting next_dagrun for tutorial_taskflow_api_etl_virtualenv to None
[2026-01-10 09:52:25,603] {processor.py:170} INFO - Processing /home/airflow/.local/lib/python3.6/site-packages/airflow/example_dags/tutorial_taskflow_api_etl_virtualenv.py took 0.475 seconds
[2026-01-10 09:52:56,026] {processor.py:162} INFO - Started process (PID=2613) to work on /home/airflow/.local/lib/python3.6/site-packages/airflow/example_dags/tutorial_taskflow_api_etl_virtualenv.py
[2026-01-10 09:52:56,030] {processor.py:613} INFO - Processing file /home/airflow/.local/lib/python3.6/site-packages/airflow/example_dags/tutorial_taskflow_api_etl_virtualenv.py for tasks to queue
[2026-01-10 09:52:56,031] {logging_mixin.py:109} INFO - [2026-01-10 09:52:56,031] {dagbag.py:496} INFO - Filling up the DagBag from /home/airflow/.local/lib/python3.6/site-packages/airflow/example_dags/tutorial_taskflow_api_etl_virtualenv.py
[2026-01-10 09:52:56,080] {processor.py:623} INFO - DAG(s) dict_keys(['tutorial_taskflow_api_etl_virtualenv']) retrieved from /home/airflow/.local/lib/python3.6/site-packages/airflow/example_dags/tutorial_taskflow_api_etl_virtualenv.py
[2026-01-10 09:52:56,802] {logging_mixin.py:109} INFO - [2026-01-10 09:52:56,798] {dag.py:1833} INFO - Sync 1 DAGs
[2026-01-10 09:52:56,851] {logging_mixin.py:109} INFO - [2026-01-10 09:52:56,850] {dag.py:2306} INFO - Setting next_dagrun for tutorial_taskflow_api_etl_virtualenv to None
[2026-01-10 09:52:56,887] {processor.py:170} INFO - Processing /home/airflow/.local/lib/python3.6/site-packages/airflow/example_dags/tutorial_taskflow_api_etl_virtualenv.py took 0.866 seconds
[2026-01-10 09:53:27,348] {processor.py:162} INFO - Started process (PID=2654) to work on /home/airflow/.local/lib/python3.6/site-packages/airflow/example_dags/tutorial_taskflow_api_etl_virtualenv.py
[2026-01-10 09:53:27,352] {processor.py:613} INFO - Processing file /home/airflow/.local/lib/python3.6/site-packages/airflow/example_dags/tutorial_taskflow_api_etl_virtualenv.py for tasks to queue
[2026-01-10 09:53:27,353] {logging_mixin.py:109} INFO - [2026-01-10 09:53:27,353] {dagbag.py:496} INFO - Filling up the DagBag from /home/airflow/.local/lib/python3.6/site-packages/airflow/example_dags/tutorial_taskflow_api_etl_virtualenv.py
[2026-01-10 09:53:27,407] {processor.py:623} INFO - DAG(s) dict_keys(['tutorial_taskflow_api_etl_virtualenv']) retrieved from /home/airflow/.local/lib/python3.6/site-packages/airflow/example_dags/tutorial_taskflow_api_etl_virtualenv.py
[2026-01-10 09:53:27,479] {logging_mixin.py:109} INFO - [2026-01-10 09:53:27,479] {dag.py:1833} INFO - Sync 1 DAGs
[2026-01-10 09:53:27,521] {logging_mixin.py:109} INFO - [2026-01-10 09:53:27,521] {dag.py:2306} INFO - Setting next_dagrun for tutorial_taskflow_api_etl_virtualenv to None
[2026-01-10 09:53:27,537] {processor.py:170} INFO - Processing /home/airflow/.local/lib/python3.6/site-packages/airflow/example_dags/tutorial_taskflow_api_etl_virtualenv.py took 0.197 seconds
[2026-01-10 09:53:57,589] {processor.py:162} INFO - Started process (PID=2694) to work on /home/airflow/.local/lib/python3.6/site-packages/airflow/example_dags/tutorial_taskflow_api_etl_virtualenv.py
[2026-01-10 09:53:57,592] {processor.py:613} INFO - Processing file /home/airflow/.local/lib/python3.6/site-packages/airflow/example_dags/tutorial_taskflow_api_etl_virtualenv.py for tasks to queue
[2026-01-10 09:53:57,594] {logging_mixin.py:109} INFO - [2026-01-10 09:53:57,592] {dagbag.py:496} INFO - Filling up the DagBag from /home/airflow/.local/lib/python3.6/site-packages/airflow/example_dags/tutorial_taskflow_api_etl_virtualenv.py
[2026-01-10 09:53:57,647] {processor.py:623} INFO - DAG(s) dict_keys(['tutorial_taskflow_api_etl_virtualenv']) retrieved from /home/airflow/.local/lib/python3.6/site-packages/airflow/example_dags/tutorial_taskflow_api_etl_virtualenv.py
[2026-01-10 09:53:58,326] {logging_mixin.py:109} INFO - [2026-01-10 09:53:58,326] {dag.py:1833} INFO - Sync 1 DAGs
[2026-01-10 09:53:58,366] {logging_mixin.py:109} INFO - [2026-01-10 09:53:58,366] {dag.py:2306} INFO - Setting next_dagrun for tutorial_taskflow_api_etl_virtualenv to None
[2026-01-10 09:53:58,379] {processor.py:170} INFO - Processing /home/airflow/.local/lib/python3.6/site-packages/airflow/example_dags/tutorial_taskflow_api_etl_virtualenv.py took 0.795 seconds
[2026-01-10 09:54:28,816] {processor.py:162} INFO - Started process (PID=2744) to work on /home/airflow/.local/lib/python3.6/site-packages/airflow/example_dags/tutorial_taskflow_api_etl_virtualenv.py
[2026-01-10 09:54:28,822] {processor.py:613} INFO - Processing file /home/airflow/.local/lib/python3.6/site-packages/airflow/example_dags/tutorial_taskflow_api_etl_virtualenv.py for tasks to queue
[2026-01-10 09:54:28,825] {logging_mixin.py:109} INFO - [2026-01-10 09:54:28,824] {dagbag.py:496} INFO - Filling up the DagBag from /home/airflow/.local/lib/python3.6/site-packages/airflow/example_dags/tutorial_taskflow_api_etl_virtualenv.py
[2026-01-10 09:54:28,921] {processor.py:623} INFO - DAG(s) dict_keys(['tutorial_taskflow_api_etl_virtualenv']) retrieved from /home/airflow/.local/lib/python3.6/site-packages/airflow/example_dags/tutorial_taskflow_api_etl_virtualenv.py
[2026-01-10 09:54:30,108] {logging_mixin.py:109} INFO - [2026-01-10 09:54:30,108] {dag.py:1833} INFO - Sync 1 DAGs
[2026-01-10 09:54:30,151] {logging_mixin.py:109} INFO - [2026-01-10 09:54:30,151] {dag.py:2306} INFO - Setting next_dagrun for tutorial_taskflow_api_etl_virtualenv to None
[2026-01-10 09:54:30,185] {processor.py:170} INFO - Processing /home/airflow/.local/lib/python3.6/site-packages/airflow/example_dags/tutorial_taskflow_api_etl_virtualenv.py took 1.374 seconds
[2026-01-10 09:55:00,454] {processor.py:162} INFO - Started process (PID=2788) to work on /home/airflow/.local/lib/python3.6/site-packages/airflow/example_dags/tutorial_taskflow_api_etl_virtualenv.py
[2026-01-10 09:55:00,457] {processor.py:613} INFO - Processing file /home/airflow/.local/lib/python3.6/site-packages/airflow/example_dags/tutorial_taskflow_api_etl_virtualenv.py for tasks to queue
[2026-01-10 09:55:00,459] {logging_mixin.py:109} INFO - [2026-01-10 09:55:00,458] {dagbag.py:496} INFO - Filling up the DagBag from /home/airflow/.local/lib/python3.6/site-packages/airflow/example_dags/tutorial_taskflow_api_etl_virtualenv.py
[2026-01-10 09:55:00,534] {processor.py:623} INFO - DAG(s) dict_keys(['tutorial_taskflow_api_etl_virtualenv']) retrieved from /home/airflow/.local/lib/python3.6/site-packages/airflow/example_dags/tutorial_taskflow_api_etl_virtualenv.py
[2026-01-10 09:55:05,023] {logging_mixin.py:109} INFO - [2026-01-10 09:55:05,023] {dag.py:1833} INFO - Sync 1 DAGs
[2026-01-10 09:55:05,098] {logging_mixin.py:109} INFO - [2026-01-10 09:55:05,098] {dag.py:2306} INFO - Setting next_dagrun for tutorial_taskflow_api_etl_virtualenv to None
[2026-01-10 09:55:05,143] {processor.py:170} INFO - Processing /home/airflow/.local/lib/python3.6/site-packages/airflow/example_dags/tutorial_taskflow_api_etl_virtualenv.py took 4.695 seconds
[2026-01-10 09:55:35,691] {processor.py:162} INFO - Started process (PID=2829) to work on /home/airflow/.local/lib/python3.6/site-packages/airflow/example_dags/tutorial_taskflow_api_etl_virtualenv.py
[2026-01-10 09:55:35,692] {processor.py:613} INFO - Processing file /home/airflow/.local/lib/python3.6/site-packages/airflow/example_dags/tutorial_taskflow_api_etl_virtualenv.py for tasks to queue
[2026-01-10 09:55:35,693] {logging_mixin.py:109} INFO - [2026-01-10 09:55:35,693] {dagbag.py:496} INFO - Filling up the DagBag from /home/airflow/.local/lib/python3.6/site-packages/airflow/example_dags/tutorial_taskflow_api_etl_virtualenv.py
[2026-01-10 09:55:35,793] {processor.py:623} INFO - DAG(s) dict_keys(['tutorial_taskflow_api_etl_virtualenv']) retrieved from /home/airflow/.local/lib/python3.6/site-packages/airflow/example_dags/tutorial_taskflow_api_etl_virtualenv.py
[2026-01-10 09:55:45,283] {logging_mixin.py:109} INFO - [2026-01-10 09:55:45,283] {dag.py:1833} INFO - Sync 1 DAGs
[2026-01-10 09:55:45,359] {logging_mixin.py:109} INFO - [2026-01-10 09:55:45,353] {dag.py:2306} INFO - Setting next_dagrun for tutorial_taskflow_api_etl_virtualenv to None
[2026-01-10 09:55:45,421] {processor.py:170} INFO - Processing /home/airflow/.local/lib/python3.6/site-packages/airflow/example_dags/tutorial_taskflow_api_etl_virtualenv.py took 9.734 seconds
[2026-01-10 09:56:16,046] {processor.py:162} INFO - Started process (PID=2870) to work on /home/airflow/.local/lib/python3.6/site-packages/airflow/example_dags/tutorial_taskflow_api_etl_virtualenv.py
[2026-01-10 09:56:16,048] {processor.py:613} INFO - Processing file /home/airflow/.local/lib/python3.6/site-packages/airflow/example_dags/tutorial_taskflow_api_etl_virtualenv.py for tasks to queue
[2026-01-10 09:56:16,049] {logging_mixin.py:109} INFO - [2026-01-10 09:56:16,048] {dagbag.py:496} INFO - Filling up the DagBag from /home/airflow/.local/lib/python3.6/site-packages/airflow/example_dags/tutorial_taskflow_api_etl_virtualenv.py
[2026-01-10 09:56:16,085] {processor.py:623} INFO - DAG(s) dict_keys(['tutorial_taskflow_api_etl_virtualenv']) retrieved from /home/airflow/.local/lib/python3.6/site-packages/airflow/example_dags/tutorial_taskflow_api_etl_virtualenv.py
[2026-01-10 09:56:17,444] {logging_mixin.py:109} INFO - [2026-01-10 09:56:17,444] {dag.py:1833} INFO - Sync 1 DAGs
[2026-01-10 09:56:17,525] {logging_mixin.py:109} INFO - [2026-01-10 09:56:17,525] {dag.py:2306} INFO - Setting next_dagrun for tutorial_taskflow_api_etl_virtualenv to None
[2026-01-10 09:56:17,562] {processor.py:170} INFO - Processing /home/airflow/.local/lib/python3.6/site-packages/airflow/example_dags/tutorial_taskflow_api_etl_virtualenv.py took 1.523 seconds
[2026-01-10 09:56:48,002] {processor.py:162} INFO - Started process (PID=2911) to work on /home/airflow/.local/lib/python3.6/site-packages/airflow/example_dags/tutorial_taskflow_api_etl_virtualenv.py
[2026-01-10 09:56:48,004] {processor.py:613} INFO - Processing file /home/airflow/.local/lib/python3.6/site-packages/airflow/example_dags/tutorial_taskflow_api_etl_virtualenv.py for tasks to queue
[2026-01-10 09:56:48,005] {logging_mixin.py:109} INFO - [2026-01-10 09:56:48,005] {dagbag.py:496} INFO - Filling up the DagBag from /home/airflow/.local/lib/python3.6/site-packages/airflow/example_dags/tutorial_taskflow_api_etl_virtualenv.py
[2026-01-10 09:56:48,029] {processor.py:623} INFO - DAG(s) dict_keys(['tutorial_taskflow_api_etl_virtualenv']) retrieved from /home/airflow/.local/lib/python3.6/site-packages/airflow/example_dags/tutorial_taskflow_api_etl_virtualenv.py
[2026-01-10 09:56:48,064] {logging_mixin.py:109} INFO - [2026-01-10 09:56:48,064] {dag.py:1833} INFO - Sync 1 DAGs
[2026-01-10 09:56:48,084] {logging_mixin.py:109} INFO - [2026-01-10 09:56:48,084] {dag.py:2306} INFO - Setting next_dagrun for tutorial_taskflow_api_etl_virtualenv to None
[2026-01-10 09:56:48,098] {processor.py:170} INFO - Processing /home/airflow/.local/lib/python3.6/site-packages/airflow/example_dags/tutorial_taskflow_api_etl_virtualenv.py took 0.101 seconds
[2026-01-10 09:57:46,964] {processor.py:162} INFO - Started process (PID=2962) to work on /home/airflow/.local/lib/python3.6/site-packages/airflow/example_dags/tutorial_taskflow_api_etl_virtualenv.py
[2026-01-10 09:57:46,966] {processor.py:613} INFO - Processing file /home/airflow/.local/lib/python3.6/site-packages/airflow/example_dags/tutorial_taskflow_api_etl_virtualenv.py for tasks to queue
[2026-01-10 09:57:46,967] {logging_mixin.py:109} INFO - [2026-01-10 09:57:46,967] {dagbag.py:496} INFO - Filling up the DagBag from /home/airflow/.local/lib/python3.6/site-packages/airflow/example_dags/tutorial_taskflow_api_etl_virtualenv.py
[2026-01-10 09:57:47,063] {processor.py:623} INFO - DAG(s) dict_keys(['tutorial_taskflow_api_etl_virtualenv']) retrieved from /home/airflow/.local/lib/python3.6/site-packages/airflow/example_dags/tutorial_taskflow_api_etl_virtualenv.py
[2026-01-10 09:57:53,980] {logging_mixin.py:109} INFO - [2026-01-10 09:57:53,979] {dag.py:1833} INFO - Sync 1 DAGs
[2026-01-10 09:57:54,013] {logging_mixin.py:109} INFO - [2026-01-10 09:57:54,013] {dag.py:2306} INFO - Setting next_dagrun for tutorial_taskflow_api_etl_virtualenv to None
[2026-01-10 09:57:54,034] {processor.py:170} INFO - Processing /home/airflow/.local/lib/python3.6/site-packages/airflow/example_dags/tutorial_taskflow_api_etl_virtualenv.py took 7.081 seconds
[2026-01-10 09:58:24,154] {processor.py:162} INFO - Started process (PID=3003) to work on /home/airflow/.local/lib/python3.6/site-packages/airflow/example_dags/tutorial_taskflow_api_etl_virtualenv.py
[2026-01-10 09:58:24,163] {processor.py:613} INFO - Processing file /home/airflow/.local/lib/python3.6/site-packages/airflow/example_dags/tutorial_taskflow_api_etl_virtualenv.py for tasks to queue
[2026-01-10 09:58:24,166] {logging_mixin.py:109} INFO - [2026-01-10 09:58:24,165] {dagbag.py:496} INFO - Filling up the DagBag from /home/airflow/.local/lib/python3.6/site-packages/airflow/example_dags/tutorial_taskflow_api_etl_virtualenv.py
[2026-01-10 09:58:24,308] {processor.py:623} INFO - DAG(s) dict_keys(['tutorial_taskflow_api_etl_virtualenv']) retrieved from /home/airflow/.local/lib/python3.6/site-packages/airflow/example_dags/tutorial_taskflow_api_etl_virtualenv.py
[2026-01-10 09:59:09,516] {logging_mixin.py:109} INFO - [2026-01-10 09:59:09,516] {dag.py:1833} INFO - Sync 1 DAGs
[2026-01-10 09:59:09,554] {logging_mixin.py:109} INFO - [2026-01-10 09:59:09,554] {dag.py:2306} INFO - Setting next_dagrun for tutorial_taskflow_api_etl_virtualenv to None
[2026-01-10 09:59:09,599] {processor.py:170} INFO - Processing /home/airflow/.local/lib/python3.6/site-packages/airflow/example_dags/tutorial_taskflow_api_etl_virtualenv.py took 45.471 seconds
[2026-01-10 09:59:39,666] {processor.py:162} INFO - Started process (PID=3037) to work on /home/airflow/.local/lib/python3.6/site-packages/airflow/example_dags/tutorial_taskflow_api_etl_virtualenv.py
[2026-01-10 09:59:39,668] {processor.py:613} INFO - Processing file /home/airflow/.local/lib/python3.6/site-packages/airflow/example_dags/tutorial_taskflow_api_etl_virtualenv.py for tasks to queue
[2026-01-10 09:59:39,669] {logging_mixin.py:109} INFO - [2026-01-10 09:59:39,668] {dagbag.py:496} INFO - Filling up the DagBag from /home/airflow/.local/lib/python3.6/site-packages/airflow/example_dags/tutorial_taskflow_api_etl_virtualenv.py
[2026-01-10 09:59:39,707] {processor.py:623} INFO - DAG(s) dict_keys(['tutorial_taskflow_api_etl_virtualenv']) retrieved from /home/airflow/.local/lib/python3.6/site-packages/airflow/example_dags/tutorial_taskflow_api_etl_virtualenv.py
[2026-01-10 09:59:40,075] {logging_mixin.py:109} INFO - [2026-01-10 09:59:40,074] {dag.py:1833} INFO - Sync 1 DAGs
[2026-01-10 09:59:40,097] {logging_mixin.py:109} INFO - [2026-01-10 09:59:40,097] {dag.py:2306} INFO - Setting next_dagrun for tutorial_taskflow_api_etl_virtualenv to None
[2026-01-10 09:59:40,115] {processor.py:170} INFO - Processing /home/airflow/.local/lib/python3.6/site-packages/airflow/example_dags/tutorial_taskflow_api_etl_virtualenv.py took 0.454 seconds
[2026-01-10 10:00:10,967] {processor.py:162} INFO - Started process (PID=3078) to work on /home/airflow/.local/lib/python3.6/site-packages/airflow/example_dags/tutorial_taskflow_api_etl_virtualenv.py
[2026-01-10 10:00:10,970] {processor.py:613} INFO - Processing file /home/airflow/.local/lib/python3.6/site-packages/airflow/example_dags/tutorial_taskflow_api_etl_virtualenv.py for tasks to queue
[2026-01-10 10:00:10,971] {logging_mixin.py:109} INFO - [2026-01-10 10:00:10,970] {dagbag.py:496} INFO - Filling up the DagBag from /home/airflow/.local/lib/python3.6/site-packages/airflow/example_dags/tutorial_taskflow_api_etl_virtualenv.py
[2026-01-10 10:00:11,007] {processor.py:623} INFO - DAG(s) dict_keys(['tutorial_taskflow_api_etl_virtualenv']) retrieved from /home/airflow/.local/lib/python3.6/site-packages/airflow/example_dags/tutorial_taskflow_api_etl_virtualenv.py
[2026-01-10 10:00:11,570] {logging_mixin.py:109} INFO - [2026-01-10 10:00:11,570] {dag.py:1833} INFO - Sync 1 DAGs
[2026-01-10 10:00:11,593] {logging_mixin.py:109} INFO - [2026-01-10 10:00:11,593] {dag.py:2306} INFO - Setting next_dagrun for tutorial_taskflow_api_etl_virtualenv to None
[2026-01-10 10:00:11,613] {processor.py:170} INFO - Processing /home/airflow/.local/lib/python3.6/site-packages/airflow/example_dags/tutorial_taskflow_api_etl_virtualenv.py took 0.651 seconds
[2026-01-10 10:01:00,285] {processor.py:162} INFO - Started process (PID=3119) to work on /home/airflow/.local/lib/python3.6/site-packages/airflow/example_dags/tutorial_taskflow_api_etl_virtualenv.py
[2026-01-10 10:01:00,288] {processor.py:613} INFO - Processing file /home/airflow/.local/lib/python3.6/site-packages/airflow/example_dags/tutorial_taskflow_api_etl_virtualenv.py for tasks to queue
[2026-01-10 10:01:00,289] {logging_mixin.py:109} INFO - [2026-01-10 10:01:00,289] {dagbag.py:496} INFO - Filling up the DagBag from /home/airflow/.local/lib/python3.6/site-packages/airflow/example_dags/tutorial_taskflow_api_etl_virtualenv.py
[2026-01-10 10:01:00,383] {processor.py:623} INFO - DAG(s) dict_keys(['tutorial_taskflow_api_etl_virtualenv']) retrieved from /home/airflow/.local/lib/python3.6/site-packages/airflow/example_dags/tutorial_taskflow_api_etl_virtualenv.py
[2026-01-10 10:01:01,003] {logging_mixin.py:109} INFO - [2026-01-10 10:01:01,001] {dag.py:1833} INFO - Sync 1 DAGs
[2026-01-10 10:01:01,041] {logging_mixin.py:109} INFO - [2026-01-10 10:01:01,041] {dag.py:2306} INFO - Setting next_dagrun for tutorial_taskflow_api_etl_virtualenv to None
[2026-01-10 10:01:01,072] {processor.py:170} INFO - Processing /home/airflow/.local/lib/python3.6/site-packages/airflow/example_dags/tutorial_taskflow_api_etl_virtualenv.py took 0.792 seconds
[2026-01-10 10:02:27,320] {processor.py:162} INFO - Started process (PID=3163) to work on /home/airflow/.local/lib/python3.6/site-packages/airflow/example_dags/tutorial_taskflow_api_etl_virtualenv.py
[2026-01-10 10:02:27,322] {processor.py:613} INFO - Processing file /home/airflow/.local/lib/python3.6/site-packages/airflow/example_dags/tutorial_taskflow_api_etl_virtualenv.py for tasks to queue
[2026-01-10 10:02:27,323] {logging_mixin.py:109} INFO - [2026-01-10 10:02:27,323] {dagbag.py:496} INFO - Filling up the DagBag from /home/airflow/.local/lib/python3.6/site-packages/airflow/example_dags/tutorial_taskflow_api_etl_virtualenv.py
[2026-01-10 10:02:27,357] {processor.py:623} INFO - DAG(s) dict_keys(['tutorial_taskflow_api_etl_virtualenv']) retrieved from /home/airflow/.local/lib/python3.6/site-packages/airflow/example_dags/tutorial_taskflow_api_etl_virtualenv.py
[2026-01-10 10:02:27,831] {logging_mixin.py:109} INFO - [2026-01-10 10:02:27,831] {dag.py:1833} INFO - Sync 1 DAGs
[2026-01-10 10:02:27,843] {logging_mixin.py:109} INFO - [2026-01-10 10:02:27,843] {dag.py:2306} INFO - Setting next_dagrun for tutorial_taskflow_api_etl_virtualenv to None
[2026-01-10 10:02:27,855] {processor.py:170} INFO - Processing /home/airflow/.local/lib/python3.6/site-packages/airflow/example_dags/tutorial_taskflow_api_etl_virtualenv.py took 0.540 seconds
[2026-01-10 10:15:20,194] {processor.py:162} INFO - Started process (PID=82) to work on /home/airflow/.local/lib/python3.6/site-packages/airflow/example_dags/tutorial_taskflow_api_etl_virtualenv.py
[2026-01-10 10:15:20,201] {processor.py:613} INFO - Processing file /home/airflow/.local/lib/python3.6/site-packages/airflow/example_dags/tutorial_taskflow_api_etl_virtualenv.py for tasks to queue
[2026-01-10 10:15:20,213] {logging_mixin.py:109} INFO - [2026-01-10 10:15:20,213] {dagbag.py:496} INFO - Filling up the DagBag from /home/airflow/.local/lib/python3.6/site-packages/airflow/example_dags/tutorial_taskflow_api_etl_virtualenv.py
[2026-01-10 10:15:20,441] {processor.py:623} INFO - DAG(s) dict_keys(['tutorial_taskflow_api_etl_virtualenv']) retrieved from /home/airflow/.local/lib/python3.6/site-packages/airflow/example_dags/tutorial_taskflow_api_etl_virtualenv.py
[2026-01-10 10:15:21,890] {logging_mixin.py:109} INFO - [2026-01-10 10:15:21,890] {dag.py:1833} INFO - Sync 1 DAGs
[2026-01-10 10:15:21,914] {logging_mixin.py:109} INFO - [2026-01-10 10:15:21,914] {dag.py:2306} INFO - Setting next_dagrun for tutorial_taskflow_api_etl_virtualenv to None
[2026-01-10 10:15:21,934] {processor.py:170} INFO - Processing /home/airflow/.local/lib/python3.6/site-packages/airflow/example_dags/tutorial_taskflow_api_etl_virtualenv.py took 1.771 seconds
[2026-01-10 10:15:52,120] {processor.py:162} INFO - Started process (PID=135) to work on /home/airflow/.local/lib/python3.6/site-packages/airflow/example_dags/tutorial_taskflow_api_etl_virtualenv.py
[2026-01-10 10:15:52,125] {processor.py:613} INFO - Processing file /home/airflow/.local/lib/python3.6/site-packages/airflow/example_dags/tutorial_taskflow_api_etl_virtualenv.py for tasks to queue
[2026-01-10 10:15:52,126] {logging_mixin.py:109} INFO - [2026-01-10 10:15:52,126] {dagbag.py:496} INFO - Filling up the DagBag from /home/airflow/.local/lib/python3.6/site-packages/airflow/example_dags/tutorial_taskflow_api_etl_virtualenv.py
[2026-01-10 10:15:52,350] {processor.py:623} INFO - DAG(s) dict_keys(['tutorial_taskflow_api_etl_virtualenv']) retrieved from /home/airflow/.local/lib/python3.6/site-packages/airflow/example_dags/tutorial_taskflow_api_etl_virtualenv.py
[2026-01-10 10:15:53,407] {logging_mixin.py:109} INFO - [2026-01-10 10:15:53,406] {dag.py:1833} INFO - Sync 1 DAGs
[2026-01-10 10:15:53,436] {logging_mixin.py:109} INFO - [2026-01-10 10:15:53,435] {dag.py:2306} INFO - Setting next_dagrun for tutorial_taskflow_api_etl_virtualenv to None
[2026-01-10 10:15:53,517] {processor.py:170} INFO - Processing /home/airflow/.local/lib/python3.6/site-packages/airflow/example_dags/tutorial_taskflow_api_etl_virtualenv.py took 1.425 seconds
[2026-01-10 10:16:23,800] {processor.py:162} INFO - Started process (PID=185) to work on /home/airflow/.local/lib/python3.6/site-packages/airflow/example_dags/tutorial_taskflow_api_etl_virtualenv.py
[2026-01-10 10:16:23,805] {processor.py:613} INFO - Processing file /home/airflow/.local/lib/python3.6/site-packages/airflow/example_dags/tutorial_taskflow_api_etl_virtualenv.py for tasks to queue
[2026-01-10 10:16:23,812] {logging_mixin.py:109} INFO - [2026-01-10 10:16:23,809] {dagbag.py:496} INFO - Filling up the DagBag from /home/airflow/.local/lib/python3.6/site-packages/airflow/example_dags/tutorial_taskflow_api_etl_virtualenv.py
[2026-01-10 10:16:23,916] {processor.py:623} INFO - DAG(s) dict_keys(['tutorial_taskflow_api_etl_virtualenv']) retrieved from /home/airflow/.local/lib/python3.6/site-packages/airflow/example_dags/tutorial_taskflow_api_etl_virtualenv.py
[2026-01-10 10:16:25,422] {logging_mixin.py:109} INFO - [2026-01-10 10:16:25,422] {dag.py:1833} INFO - Sync 1 DAGs
[2026-01-10 10:16:25,491] {logging_mixin.py:109} INFO - [2026-01-10 10:16:25,490] {dag.py:2306} INFO - Setting next_dagrun for tutorial_taskflow_api_etl_virtualenv to None
[2026-01-10 10:16:25,542] {processor.py:170} INFO - Processing /home/airflow/.local/lib/python3.6/site-packages/airflow/example_dags/tutorial_taskflow_api_etl_virtualenv.py took 1.758 seconds
[2026-01-10 10:16:55,925] {processor.py:162} INFO - Started process (PID=230) to work on /home/airflow/.local/lib/python3.6/site-packages/airflow/example_dags/tutorial_taskflow_api_etl_virtualenv.py
[2026-01-10 10:16:55,927] {processor.py:613} INFO - Processing file /home/airflow/.local/lib/python3.6/site-packages/airflow/example_dags/tutorial_taskflow_api_etl_virtualenv.py for tasks to queue
[2026-01-10 10:16:55,928] {logging_mixin.py:109} INFO - [2026-01-10 10:16:55,928] {dagbag.py:496} INFO - Filling up the DagBag from /home/airflow/.local/lib/python3.6/site-packages/airflow/example_dags/tutorial_taskflow_api_etl_virtualenv.py
[2026-01-10 10:16:55,959] {processor.py:623} INFO - DAG(s) dict_keys(['tutorial_taskflow_api_etl_virtualenv']) retrieved from /home/airflow/.local/lib/python3.6/site-packages/airflow/example_dags/tutorial_taskflow_api_etl_virtualenv.py
[2026-01-10 10:16:56,431] {logging_mixin.py:109} INFO - [2026-01-10 10:16:56,431] {dag.py:1833} INFO - Sync 1 DAGs
[2026-01-10 10:16:56,466] {logging_mixin.py:109} INFO - [2026-01-10 10:16:56,466] {dag.py:2306} INFO - Setting next_dagrun for tutorial_taskflow_api_etl_virtualenv to None
[2026-01-10 10:16:56,492] {processor.py:170} INFO - Processing /home/airflow/.local/lib/python3.6/site-packages/airflow/example_dags/tutorial_taskflow_api_etl_virtualenv.py took 0.577 seconds
[2026-01-10 10:17:26,615] {processor.py:162} INFO - Started process (PID=281) to work on /home/airflow/.local/lib/python3.6/site-packages/airflow/example_dags/tutorial_taskflow_api_etl_virtualenv.py
[2026-01-10 10:17:26,616] {processor.py:613} INFO - Processing file /home/airflow/.local/lib/python3.6/site-packages/airflow/example_dags/tutorial_taskflow_api_etl_virtualenv.py for tasks to queue
[2026-01-10 10:17:26,617] {logging_mixin.py:109} INFO - [2026-01-10 10:17:26,617] {dagbag.py:496} INFO - Filling up the DagBag from /home/airflow/.local/lib/python3.6/site-packages/airflow/example_dags/tutorial_taskflow_api_etl_virtualenv.py
[2026-01-10 10:17:26,639] {processor.py:623} INFO - DAG(s) dict_keys(['tutorial_taskflow_api_etl_virtualenv']) retrieved from /home/airflow/.local/lib/python3.6/site-packages/airflow/example_dags/tutorial_taskflow_api_etl_virtualenv.py
[2026-01-10 10:17:26,958] {logging_mixin.py:109} INFO - [2026-01-10 10:17:26,958] {dag.py:1833} INFO - Sync 1 DAGs
[2026-01-10 10:17:26,975] {logging_mixin.py:109} INFO - [2026-01-10 10:17:26,975] {dag.py:2306} INFO - Setting next_dagrun for tutorial_taskflow_api_etl_virtualenv to None
[2026-01-10 10:17:26,988] {processor.py:170} INFO - Processing /home/airflow/.local/lib/python3.6/site-packages/airflow/example_dags/tutorial_taskflow_api_etl_virtualenv.py took 0.378 seconds
[2026-01-10 10:17:57,774] {processor.py:162} INFO - Started process (PID=333) to work on /home/airflow/.local/lib/python3.6/site-packages/airflow/example_dags/tutorial_taskflow_api_etl_virtualenv.py
[2026-01-10 10:17:57,783] {processor.py:613} INFO - Processing file /home/airflow/.local/lib/python3.6/site-packages/airflow/example_dags/tutorial_taskflow_api_etl_virtualenv.py for tasks to queue
[2026-01-10 10:17:57,789] {logging_mixin.py:109} INFO - [2026-01-10 10:17:57,788] {dagbag.py:496} INFO - Filling up the DagBag from /home/airflow/.local/lib/python3.6/site-packages/airflow/example_dags/tutorial_taskflow_api_etl_virtualenv.py
[2026-01-10 10:17:57,853] {processor.py:623} INFO - DAG(s) dict_keys(['tutorial_taskflow_api_etl_virtualenv']) retrieved from /home/airflow/.local/lib/python3.6/site-packages/airflow/example_dags/tutorial_taskflow_api_etl_virtualenv.py
[2026-01-10 10:17:58,790] {logging_mixin.py:109} INFO - [2026-01-10 10:17:58,789] {dag.py:1833} INFO - Sync 1 DAGs
[2026-01-10 10:17:58,839] {logging_mixin.py:109} INFO - [2026-01-10 10:17:58,838] {dag.py:2306} INFO - Setting next_dagrun for tutorial_taskflow_api_etl_virtualenv to None
[2026-01-10 10:17:58,881] {processor.py:170} INFO - Processing /home/airflow/.local/lib/python3.6/site-packages/airflow/example_dags/tutorial_taskflow_api_etl_virtualenv.py took 1.121 seconds
[2026-01-10 10:18:29,018] {processor.py:162} INFO - Started process (PID=385) to work on /home/airflow/.local/lib/python3.6/site-packages/airflow/example_dags/tutorial_taskflow_api_etl_virtualenv.py
[2026-01-10 10:18:29,021] {processor.py:613} INFO - Processing file /home/airflow/.local/lib/python3.6/site-packages/airflow/example_dags/tutorial_taskflow_api_etl_virtualenv.py for tasks to queue
[2026-01-10 10:18:29,022] {logging_mixin.py:109} INFO - [2026-01-10 10:18:29,022] {dagbag.py:496} INFO - Filling up the DagBag from /home/airflow/.local/lib/python3.6/site-packages/airflow/example_dags/tutorial_taskflow_api_etl_virtualenv.py
[2026-01-10 10:18:29,096] {processor.py:623} INFO - DAG(s) dict_keys(['tutorial_taskflow_api_etl_virtualenv']) retrieved from /home/airflow/.local/lib/python3.6/site-packages/airflow/example_dags/tutorial_taskflow_api_etl_virtualenv.py
[2026-01-10 10:18:30,107] {logging_mixin.py:109} INFO - [2026-01-10 10:18:30,106] {dag.py:1833} INFO - Sync 1 DAGs
[2026-01-10 10:18:30,162] {logging_mixin.py:109} INFO - [2026-01-10 10:18:30,162] {dag.py:2306} INFO - Setting next_dagrun for tutorial_taskflow_api_etl_virtualenv to None
[2026-01-10 10:18:30,227] {processor.py:170} INFO - Processing /home/airflow/.local/lib/python3.6/site-packages/airflow/example_dags/tutorial_taskflow_api_etl_virtualenv.py took 1.216 seconds
[2026-01-10 10:19:00,429] {processor.py:162} INFO - Started process (PID=435) to work on /home/airflow/.local/lib/python3.6/site-packages/airflow/example_dags/tutorial_taskflow_api_etl_virtualenv.py
[2026-01-10 10:19:00,437] {processor.py:613} INFO - Processing file /home/airflow/.local/lib/python3.6/site-packages/airflow/example_dags/tutorial_taskflow_api_etl_virtualenv.py for tasks to queue
[2026-01-10 10:19:00,442] {logging_mixin.py:109} INFO - [2026-01-10 10:19:00,440] {dagbag.py:496} INFO - Filling up the DagBag from /home/airflow/.local/lib/python3.6/site-packages/airflow/example_dags/tutorial_taskflow_api_etl_virtualenv.py
[2026-01-10 10:19:00,507] {processor.py:623} INFO - DAG(s) dict_keys(['tutorial_taskflow_api_etl_virtualenv']) retrieved from /home/airflow/.local/lib/python3.6/site-packages/airflow/example_dags/tutorial_taskflow_api_etl_virtualenv.py
[2026-01-10 10:19:00,952] {logging_mixin.py:109} INFO - [2026-01-10 10:19:00,951] {dag.py:1833} INFO - Sync 1 DAGs
[2026-01-10 10:19:00,975] {logging_mixin.py:109} INFO - [2026-01-10 10:19:00,975] {dag.py:2306} INFO - Setting next_dagrun for tutorial_taskflow_api_etl_virtualenv to None
[2026-01-10 10:19:00,989] {processor.py:170} INFO - Processing /home/airflow/.local/lib/python3.6/site-packages/airflow/example_dags/tutorial_taskflow_api_etl_virtualenv.py took 0.574 seconds
[2026-01-10 10:19:31,073] {processor.py:162} INFO - Started process (PID=487) to work on /home/airflow/.local/lib/python3.6/site-packages/airflow/example_dags/tutorial_taskflow_api_etl_virtualenv.py
[2026-01-10 10:19:31,075] {processor.py:613} INFO - Processing file /home/airflow/.local/lib/python3.6/site-packages/airflow/example_dags/tutorial_taskflow_api_etl_virtualenv.py for tasks to queue
[2026-01-10 10:19:31,076] {logging_mixin.py:109} INFO - [2026-01-10 10:19:31,076] {dagbag.py:496} INFO - Filling up the DagBag from /home/airflow/.local/lib/python3.6/site-packages/airflow/example_dags/tutorial_taskflow_api_etl_virtualenv.py
[2026-01-10 10:19:31,110] {processor.py:623} INFO - DAG(s) dict_keys(['tutorial_taskflow_api_etl_virtualenv']) retrieved from /home/airflow/.local/lib/python3.6/site-packages/airflow/example_dags/tutorial_taskflow_api_etl_virtualenv.py
[2026-01-10 10:19:31,507] {logging_mixin.py:109} INFO - [2026-01-10 10:19:31,507] {dag.py:1833} INFO - Sync 1 DAGs
[2026-01-10 10:19:31,529] {logging_mixin.py:109} INFO - [2026-01-10 10:19:31,529] {dag.py:2306} INFO - Setting next_dagrun for tutorial_taskflow_api_etl_virtualenv to None
[2026-01-10 10:19:31,556] {processor.py:170} INFO - Processing /home/airflow/.local/lib/python3.6/site-packages/airflow/example_dags/tutorial_taskflow_api_etl_virtualenv.py took 0.494 seconds
[2026-01-10 10:20:01,681] {processor.py:162} INFO - Started process (PID=539) to work on /home/airflow/.local/lib/python3.6/site-packages/airflow/example_dags/tutorial_taskflow_api_etl_virtualenv.py
[2026-01-10 10:20:01,683] {processor.py:613} INFO - Processing file /home/airflow/.local/lib/python3.6/site-packages/airflow/example_dags/tutorial_taskflow_api_etl_virtualenv.py for tasks to queue
[2026-01-10 10:20:01,684] {logging_mixin.py:109} INFO - [2026-01-10 10:20:01,683] {dagbag.py:496} INFO - Filling up the DagBag from /home/airflow/.local/lib/python3.6/site-packages/airflow/example_dags/tutorial_taskflow_api_etl_virtualenv.py
[2026-01-10 10:20:01,709] {processor.py:623} INFO - DAG(s) dict_keys(['tutorial_taskflow_api_etl_virtualenv']) retrieved from /home/airflow/.local/lib/python3.6/site-packages/airflow/example_dags/tutorial_taskflow_api_etl_virtualenv.py
[2026-01-10 10:20:02,063] {logging_mixin.py:109} INFO - [2026-01-10 10:20:02,063] {dag.py:1833} INFO - Sync 1 DAGs
[2026-01-10 10:20:02,086] {logging_mixin.py:109} INFO - [2026-01-10 10:20:02,086] {dag.py:2306} INFO - Setting next_dagrun for tutorial_taskflow_api_etl_virtualenv to None
[2026-01-10 10:20:02,106] {processor.py:170} INFO - Processing /home/airflow/.local/lib/python3.6/site-packages/airflow/example_dags/tutorial_taskflow_api_etl_virtualenv.py took 0.429 seconds
[2026-01-10 10:20:32,289] {processor.py:162} INFO - Started process (PID=599) to work on /home/airflow/.local/lib/python3.6/site-packages/airflow/example_dags/tutorial_taskflow_api_etl_virtualenv.py
[2026-01-10 10:20:32,291] {processor.py:613} INFO - Processing file /home/airflow/.local/lib/python3.6/site-packages/airflow/example_dags/tutorial_taskflow_api_etl_virtualenv.py for tasks to queue
[2026-01-10 10:20:32,292] {logging_mixin.py:109} INFO - [2026-01-10 10:20:32,292] {dagbag.py:496} INFO - Filling up the DagBag from /home/airflow/.local/lib/python3.6/site-packages/airflow/example_dags/tutorial_taskflow_api_etl_virtualenv.py
[2026-01-10 10:20:32,322] {processor.py:623} INFO - DAG(s) dict_keys(['tutorial_taskflow_api_etl_virtualenv']) retrieved from /home/airflow/.local/lib/python3.6/site-packages/airflow/example_dags/tutorial_taskflow_api_etl_virtualenv.py
[2026-01-10 10:20:32,356] {logging_mixin.py:109} INFO - [2026-01-10 10:20:32,356] {dag.py:1833} INFO - Sync 1 DAGs
[2026-01-10 10:20:32,392] {logging_mixin.py:109} INFO - [2026-01-10 10:20:32,392] {dag.py:2306} INFO - Setting next_dagrun for tutorial_taskflow_api_etl_virtualenv to None
[2026-01-10 10:20:32,427] {processor.py:170} INFO - Processing /home/airflow/.local/lib/python3.6/site-packages/airflow/example_dags/tutorial_taskflow_api_etl_virtualenv.py took 0.148 seconds
[2026-01-10 10:21:02,762] {processor.py:162} INFO - Started process (PID=650) to work on /home/airflow/.local/lib/python3.6/site-packages/airflow/example_dags/tutorial_taskflow_api_etl_virtualenv.py
[2026-01-10 10:21:02,764] {processor.py:613} INFO - Processing file /home/airflow/.local/lib/python3.6/site-packages/airflow/example_dags/tutorial_taskflow_api_etl_virtualenv.py for tasks to queue
[2026-01-10 10:21:02,765] {logging_mixin.py:109} INFO - [2026-01-10 10:21:02,765] {dagbag.py:496} INFO - Filling up the DagBag from /home/airflow/.local/lib/python3.6/site-packages/airflow/example_dags/tutorial_taskflow_api_etl_virtualenv.py
[2026-01-10 10:21:02,783] {processor.py:623} INFO - DAG(s) dict_keys(['tutorial_taskflow_api_etl_virtualenv']) retrieved from /home/airflow/.local/lib/python3.6/site-packages/airflow/example_dags/tutorial_taskflow_api_etl_virtualenv.py
[2026-01-10 10:21:03,142] {logging_mixin.py:109} INFO - [2026-01-10 10:21:03,142] {dag.py:1833} INFO - Sync 1 DAGs
[2026-01-10 10:21:03,156] {logging_mixin.py:109} INFO - [2026-01-10 10:21:03,156] {dag.py:2306} INFO - Setting next_dagrun for tutorial_taskflow_api_etl_virtualenv to None
[2026-01-10 10:21:03,169] {processor.py:170} INFO - Processing /home/airflow/.local/lib/python3.6/site-packages/airflow/example_dags/tutorial_taskflow_api_etl_virtualenv.py took 0.413 seconds
