[2026-01-11 13:53:30,867] {taskinstance.py:903} INFO - Dependencies all met for <TaskInstance: load_transport_data_fixed.create_tables 2026-01-11T13:53:29+00:00 [queued]>
[2026-01-11 13:53:30,902] {taskinstance.py:903} INFO - Dependencies all met for <TaskInstance: load_transport_data_fixed.create_tables 2026-01-11T13:53:29+00:00 [queued]>
[2026-01-11 13:53:30,902] {taskinstance.py:1094} INFO - 
--------------------------------------------------------------------------------
[2026-01-11 13:53:30,902] {taskinstance.py:1095} INFO - Starting attempt 1 of 2
[2026-01-11 13:53:30,902] {taskinstance.py:1096} INFO - 
--------------------------------------------------------------------------------
[2026-01-11 13:53:30,954] {taskinstance.py:1114} INFO - Executing <Task(PostgresOperator): create_tables> on 2026-01-11T13:53:29+00:00
[2026-01-11 13:53:30,963] {standard_task_runner.py:52} INFO - Started process 2307 to run task
[2026-01-11 13:53:30,969] {standard_task_runner.py:76} INFO - Running: ['***', 'tasks', 'run', 'load_transport_data_fixed', 'create_tables', '2026-01-11T13:53:29+00:00', '--job-id', '16', '--pool', 'default_pool', '--raw', '--subdir', 'DAGS_FOLDER/load_transport_data.py', '--cfg-path', '/tmp/tmph5g1270d', '--error-file', '/tmp/tmp4ei2vt5t']
[2026-01-11 13:53:30,970] {standard_task_runner.py:77} INFO - Job 16: Subtask create_tables
[2026-01-11 13:53:31,062] {logging_mixin.py:109} INFO - Running <TaskInstance: load_transport_data_fixed.create_tables 2026-01-11T13:53:29+00:00 [running]> on host 35708aeb0538
[2026-01-11 13:53:31,141] {taskinstance.py:1253} INFO - Exporting the following env vars:
AIRFLOW_CTX_DAG_OWNER=data-engineer
AIRFLOW_CTX_DAG_ID=load_transport_data_fixed
AIRFLOW_CTX_TASK_ID=create_tables
AIRFLOW_CTX_EXECUTION_DATE=2026-01-11T13:53:29+00:00
AIRFLOW_CTX_DAG_RUN_ID=manual_20260111_135326
[2026-01-11 13:53:31,141] {postgres.py:68} INFO - Executing: 
    -- ваш SQL код создания таблиц
    
[2026-01-11 13:53:31,153] {base.py:79} INFO - Using connection to: id: postgres_default. Host: postgres, Port: 5432, Schema: ***, Login: ***, Password: ***, extra: {}
[2026-01-11 13:53:31,157] {dbapi.py:204} INFO - Running statement: 
    -- ваш SQL код создания таблиц
    , parameters: None
[2026-01-11 13:53:31,158] {taskinstance.py:1462} ERROR - Task failed with exception
Traceback (most recent call last):
  File "/home/airflow/.local/lib/python3.6/site-packages/airflow/models/taskinstance.py", line 1164, in _run_raw_task
    self._prepare_and_execute_task_with_callbacks(context, task)
  File "/home/airflow/.local/lib/python3.6/site-packages/airflow/models/taskinstance.py", line 1282, in _prepare_and_execute_task_with_callbacks
    result = self._execute_task(context, task_copy)
  File "/home/airflow/.local/lib/python3.6/site-packages/airflow/models/taskinstance.py", line 1312, in _execute_task
    result = task_copy.execute(context=context)
  File "/home/airflow/.local/lib/python3.6/site-packages/airflow/providers/postgres/operators/postgres.py", line 70, in execute
    self.hook.run(self.sql, self.autocommit, parameters=self.parameters)
  File "/home/airflow/.local/lib/python3.6/site-packages/airflow/hooks/dbapi.py", line 184, in run
    self._run_command(cur, sql_statement, parameters)
  File "/home/airflow/.local/lib/python3.6/site-packages/airflow/hooks/dbapi.py", line 208, in _run_command
    cur.execute(sql_statement)
psycopg2.ProgrammingError: can't execute an empty query
[2026-01-11 13:53:31,163] {taskinstance.py:1512} INFO - Marking task as UP_FOR_RETRY. dag_id=load_transport_data_fixed, task_id=create_tables, execution_date=20260111T135329, start_date=20260111T135330, end_date=20260111T135331
[2026-01-11 13:53:31,226] {local_task_job.py:151} INFO - Task exited with return code 1
[2026-01-11 13:53:31,257] {local_task_job.py:261} INFO - 0 downstream tasks scheduled from follow-on schedule check
