[2026-01-11 13:50:03,532] {taskinstance.py:903} INFO - Dependencies all met for <TaskInstance: load_transport_data_fixed.create_tables 2026-01-11T13:49:59+00:00 [queued]>
[2026-01-11 13:50:03,552] {taskinstance.py:903} INFO - Dependencies all met for <TaskInstance: load_transport_data_fixed.create_tables 2026-01-11T13:49:59+00:00 [queued]>
[2026-01-11 13:50:03,553] {taskinstance.py:1094} INFO - 
--------------------------------------------------------------------------------
[2026-01-11 13:50:03,553] {taskinstance.py:1095} INFO - Starting attempt 1 of 2
[2026-01-11 13:50:03,553] {taskinstance.py:1096} INFO - 
--------------------------------------------------------------------------------
[2026-01-11 13:50:03,588] {taskinstance.py:1114} INFO - Executing <Task(PostgresOperator): create_tables> on 2026-01-11T13:49:59+00:00
[2026-01-11 13:50:03,597] {standard_task_runner.py:52} INFO - Started process 2133 to run task
[2026-01-11 13:50:03,603] {standard_task_runner.py:76} INFO - Running: ['***', 'tasks', 'run', 'load_transport_data_fixed', 'create_tables', '2026-01-11T13:49:59+00:00', '--job-id', '15', '--pool', 'default_pool', '--raw', '--subdir', 'DAGS_FOLDER/load_transport_data.py', '--cfg-path', '/tmp/tmp9thhxpc2', '--error-file', '/tmp/tmpuj9ftnlc']
[2026-01-11 13:50:03,604] {standard_task_runner.py:77} INFO - Job 15: Subtask create_tables
[2026-01-11 13:50:03,694] {logging_mixin.py:109} INFO - Running <TaskInstance: load_transport_data_fixed.create_tables 2026-01-11T13:49:59+00:00 [running]> on host 35708aeb0538
[2026-01-11 13:50:03,842] {taskinstance.py:1253} INFO - Exporting the following env vars:
AIRFLOW_CTX_DAG_OWNER=data-engineer
AIRFLOW_CTX_DAG_ID=load_transport_data_fixed
AIRFLOW_CTX_TASK_ID=create_tables
AIRFLOW_CTX_EXECUTION_DATE=2026-01-11T13:49:59+00:00
AIRFLOW_CTX_DAG_RUN_ID=manual_20260111_134956
[2026-01-11 13:50:03,843] {postgres.py:68} INFO - Executing: 
    -- ваш SQL код создания таблиц
    
[2026-01-11 13:50:03,901] {taskinstance.py:1462} ERROR - Task failed with exception
Traceback (most recent call last):
  File "/home/airflow/.local/lib/python3.6/site-packages/airflow/models/taskinstance.py", line 1164, in _run_raw_task
    self._prepare_and_execute_task_with_callbacks(context, task)
  File "/home/airflow/.local/lib/python3.6/site-packages/airflow/models/taskinstance.py", line 1282, in _prepare_and_execute_task_with_callbacks
    result = self._execute_task(context, task_copy)
  File "/home/airflow/.local/lib/python3.6/site-packages/airflow/models/taskinstance.py", line 1312, in _execute_task
    result = task_copy.execute(context=context)
  File "/home/airflow/.local/lib/python3.6/site-packages/airflow/providers/postgres/operators/postgres.py", line 70, in execute
    self.hook.run(self.sql, self.autocommit, parameters=self.parameters)
  File "/home/airflow/.local/lib/python3.6/site-packages/airflow/hooks/dbapi.py", line 177, in run
    with closing(self.get_conn()) as conn:
  File "/home/airflow/.local/lib/python3.6/site-packages/airflow/providers/postgres/hooks/postgres.py", line 88, in get_conn
    conn = deepcopy(self.connection or self.get_connection(conn_id))
  File "/home/airflow/.local/lib/python3.6/site-packages/airflow/hooks/base.py", line 68, in get_connection
    conn = Connection.get_connection_from_secrets(conn_id)
  File "/home/airflow/.local/lib/python3.6/site-packages/airflow/models/connection.py", line 379, in get_connection_from_secrets
    raise AirflowNotFoundException(f"The conn_id `{conn_id}` isn't defined")
airflow.exceptions.AirflowNotFoundException: The conn_id `postgres_default` isn't defined
[2026-01-11 13:50:03,920] {taskinstance.py:1512} INFO - Marking task as UP_FOR_RETRY. dag_id=load_transport_data_fixed, task_id=create_tables, execution_date=20260111T134959, start_date=20260111T135003, end_date=20260111T135003
[2026-01-11 13:50:04,021] {local_task_job.py:151} INFO - Task exited with return code 1
[2026-01-11 13:50:04,085] {local_task_job.py:261} INFO - 0 downstream tasks scheduled from follow-on schedule check
