[2026-01-11 13:55:04,987] {taskinstance.py:903} INFO - Dependencies all met for <TaskInstance: load_transport_data_fixed.create_tables 2026-01-11T13:49:59+00:00 [queued]>
[2026-01-11 13:55:04,996] {taskinstance.py:903} INFO - Dependencies all met for <TaskInstance: load_transport_data_fixed.create_tables 2026-01-11T13:49:59+00:00 [queued]>
[2026-01-11 13:55:04,996] {taskinstance.py:1094} INFO - 
--------------------------------------------------------------------------------
[2026-01-11 13:55:04,996] {taskinstance.py:1095} INFO - Starting attempt 2 of 2
[2026-01-11 13:55:04,996] {taskinstance.py:1096} INFO - 
--------------------------------------------------------------------------------
[2026-01-11 13:55:05,006] {taskinstance.py:1114} INFO - Executing <Task(PostgresOperator): create_tables> on 2026-01-11T13:49:59+00:00
[2026-01-11 13:55:05,011] {standard_task_runner.py:52} INFO - Started process 2390 to run task
[2026-01-11 13:55:05,016] {standard_task_runner.py:76} INFO - Running: ['***', 'tasks', 'run', 'load_transport_data_fixed', 'create_tables', '2026-01-11T13:49:59+00:00', '--job-id', '17', '--pool', 'default_pool', '--raw', '--subdir', 'DAGS_FOLDER/load_transport_data.py', '--cfg-path', '/tmp/tmpklcjc36v', '--error-file', '/tmp/tmpzhwpr7qd']
[2026-01-11 13:55:05,017] {standard_task_runner.py:77} INFO - Job 17: Subtask create_tables
[2026-01-11 13:55:05,067] {logging_mixin.py:109} INFO - Running <TaskInstance: load_transport_data_fixed.create_tables 2026-01-11T13:49:59+00:00 [running]> on host 35708aeb0538
[2026-01-11 13:55:05,174] {taskinstance.py:1253} INFO - Exporting the following env vars:
AIRFLOW_CTX_DAG_OWNER=data-engineer
AIRFLOW_CTX_DAG_ID=load_transport_data_fixed
AIRFLOW_CTX_TASK_ID=create_tables
AIRFLOW_CTX_EXECUTION_DATE=2026-01-11T13:49:59+00:00
AIRFLOW_CTX_DAG_RUN_ID=manual_20260111_134956
[2026-01-11 13:55:05,176] {postgres.py:68} INFO - Executing: 
    -- ваш SQL код создания таблиц
    
[2026-01-11 13:55:05,191] {base.py:79} INFO - Using connection to: id: postgres_default. Host: postgres, Port: 5432, Schema: ***, Login: ***, Password: ***, extra: {}
[2026-01-11 13:55:05,209] {dbapi.py:204} INFO - Running statement: 
    -- ваш SQL код создания таблиц
    , parameters: None
[2026-01-11 13:55:05,212] {taskinstance.py:1462} ERROR - Task failed with exception
Traceback (most recent call last):
  File "/home/airflow/.local/lib/python3.6/site-packages/airflow/models/taskinstance.py", line 1164, in _run_raw_task
    self._prepare_and_execute_task_with_callbacks(context, task)
  File "/home/airflow/.local/lib/python3.6/site-packages/airflow/models/taskinstance.py", line 1282, in _prepare_and_execute_task_with_callbacks
    result = self._execute_task(context, task_copy)
  File "/home/airflow/.local/lib/python3.6/site-packages/airflow/models/taskinstance.py", line 1312, in _execute_task
    result = task_copy.execute(context=context)
  File "/home/airflow/.local/lib/python3.6/site-packages/airflow/providers/postgres/operators/postgres.py", line 70, in execute
    self.hook.run(self.sql, self.autocommit, parameters=self.parameters)
  File "/home/airflow/.local/lib/python3.6/site-packages/airflow/hooks/dbapi.py", line 184, in run
    self._run_command(cur, sql_statement, parameters)
  File "/home/airflow/.local/lib/python3.6/site-packages/airflow/hooks/dbapi.py", line 208, in _run_command
    cur.execute(sql_statement)
psycopg2.ProgrammingError: can't execute an empty query
[2026-01-11 13:55:05,216] {taskinstance.py:1512} INFO - Marking task as FAILED. dag_id=load_transport_data_fixed, task_id=create_tables, execution_date=20260111T134959, start_date=20260111T135504, end_date=20260111T135505
[2026-01-11 13:55:05,309] {local_task_job.py:151} INFO - Task exited with return code 1
[2026-01-11 13:55:05,358] {local_task_job.py:261} INFO - 0 downstream tasks scheduled from follow-on schedule check
